-- Install configuration: ""
-- Execute custom install script
-- Up-to-date symlink: /home/huzy/My_orion/install/orion_description/share/orion_description/urdf/orion.urdf
-- Up-to-date symlink: /home/huzy/My_orion/install/orion_description/share/orion_description/meshes/stl/Link1.stl
-- Up-to-date symlink: /home/huzy/My_orion/install/orion_description/share/orion_description/meshes/stl/Link2.stl
-- Up-to-date symlink: /home/huzy/My_orion/install/orion_description/share/orion_description/meshes/stl/Link3.stl
-- Up-to-date symlink: /home/huzy/My_orion/install/orion_description/share/orion_description/meshes/stl/Link4.stl
-- Up-to-date symlink: /home/huzy/My_orion/install/orion_description/share/orion_description/meshes/stl/Link5.stl
-- Up-to-date symlink: /home/huzy/My_orion/install/orion_description/share/orion_description/meshes/stl/Link6.stl
-- Up-to-date symlink: /home/huzy/My_orion/install/orion_description/share/orion_description/meshes/stl/Link7.stl
-- Up-to-date symlink: /home/huzy/My_orion/install/orion_description/share/orion_description/meshes/stl/Link8.stl
-- Up-to-date symlink: /home/huzy/My_orion/install/orion_description/share/orion_description/meshes/stl/base_link.stl
-- Up-to-date symlink: /home/huzy/My_orion/install/orion_description/share/orion_description/launch/display.launch.py
-- Up-to-date symlink: /home/huzy/My_orion/install/orion_description/share/ament_index/resource_index/package_run_dependencies/orion_description
-- Up-to-date symlink: /home/huzy/My_orion/install/orion_description/share/ament_index/resource_index/parent_prefix_path/orion_description
-- Up-to-date symlink: /home/huzy/My_orion/install/orion_description/share/orion_description/environment/ament_prefix_path.sh
-- Up-to-date symlink: /home/huzy/My_orion/install/orion_description/share/orion_description/environment/ament_prefix_path.dsv
-- Up-to-date symlink: /home/huzy/My_orion/install/orion_description/share/orion_description/environment/path.sh
-- Up-to-date symlink: /home/huzy/My_orion/install/orion_description/share/orion_description/environment/path.dsv
-- Up-to-date symlink: /home/huzy/My_orion/install/orion_description/share/orion_description/local_setup.bash
-- Up-to-date symlink: /home/huzy/My_orion/install/orion_description/share/orion_description/local_setup.sh
-- Up-to-date symlink: /home/huzy/My_orion/install/orion_description/share/orion_description/local_setup.zsh
-- Up-to-date symlink: /home/huzy/My_orion/install/orion_description/share/orion_description/local_setup.dsv
-- Symlinking: /home/huzy/My_orion/install/orion_description/share/orion_description/package.dsv
-- Up-to-date symlink: /home/huzy/My_orion/install/orion_description/share/ament_index/resource_index/packages/orion_description
-- Up-to-date symlink: /home/huzy/My_orion/install/orion_description/share/orion_description/cmake/orion_descriptionConfig.cmake
-- Up-to-date symlink: /home/huzy/My_orion/install/orion_description/share/orion_description/cmake/orion_descriptionConfig-version.cmake
-- Up-to-date symlink: /home/huzy/My_orion/install/orion_description/share/orion_description/package.xml
