[0.317s] Invoking command in '/home/joey/My_orion/src/orion_pybullet_sim': CMAKE_PREFIX_PATH=/home/joey/My_orion/install/orion_moveit_config:/home/joey/My_orion/install/orion_description:/home/joey/My_orion/install/orion_mtc PYTHONPATH=/home/joey/My_orion/build/orion_pybullet_sim/prefix_override:/usr/lib/python3/dist-packages/colcon_core/task/python/colcon_distutils_commands:/home/joey/My_orion/install/orion_pybullet_sim/lib/python3.10/site-packages:${PYTHONPATH} /usr/bin/python3 -W ignore:setup.py install is deprecated -W ignore:easy_install command is deprecated setup.py egg_info --egg-base ../../build/orion_pybullet_sim build --build-base /home/joey/My_orion/build/orion_pybullet_sim/build install --record /home/joey/My_orion/build/orion_pybullet_sim/install.log --single-version-externally-managed install_data
[0.431s] running egg_info
[0.431s] writing ../../build/orion_pybullet_sim/orion_pybullet_sim.egg-info/PKG-INFO
[0.432s] writing dependency_links to ../../build/orion_pybullet_sim/orion_pybullet_sim.egg-info/dependency_links.txt
[0.432s] writing entry points to ../../build/orion_pybullet_sim/orion_pybullet_sim.egg-info/entry_points.txt
[0.432s] writing requirements to ../../build/orion_pybullet_sim/orion_pybullet_sim.egg-info/requires.txt
[0.432s] writing top-level names to ../../build/orion_pybullet_sim/orion_pybullet_sim.egg-info/top_level.txt
[0.432s] reading manifest file '../../build/orion_pybullet_sim/orion_pybullet_sim.egg-info/SOURCES.txt'
[0.433s] writing manifest file '../../build/orion_pybullet_sim/orion_pybullet_sim.egg-info/SOURCES.txt'
[0.435s] running build
[0.435s] running build_py
[0.435s] running install
[0.435s] running install_lib
[0.435s] running install_data
[0.435s] running install_egg_info
[0.436s] removing '/home/joey/My_orion/install/orion_pybullet_sim/lib/python3.10/site-packages/orion_pybullet_sim-0.0.1-py3.10.egg-info' (and everything under it)
[0.436s] Copying ../../build/orion_pybullet_sim/orion_pybullet_sim.egg-info to /home/joey/My_orion/install/orion_pybullet_sim/lib/python3.10/site-packages/orion_pybullet_sim-0.0.1-py3.10.egg-info
[0.436s] running install_scripts
[0.447s] Installing pybullet_controller script to /home/joey/My_orion/install/orion_pybullet_sim/lib/orion_pybullet_sim
[0.448s] writing list of installed files to '/home/joey/My_orion/build/orion_pybullet_sim/install.log'
[0.462s] Invoked command in '/home/joey/My_orion/src/orion_pybullet_sim' returned '0': CMAKE_PREFIX_PATH=/home/joey/My_orion/install/orion_moveit_config:/home/joey/My_orion/install/orion_description:/home/joey/My_orion/install/orion_mtc PYTHONPATH=/home/joey/My_orion/build/orion_pybullet_sim/prefix_override:/usr/lib/python3/dist-packages/colcon_core/task/python/colcon_distutils_commands:/home/joey/My_orion/install/orion_pybullet_sim/lib/python3.10/site-packages:${PYTHONPATH} /usr/bin/python3 -W ignore:setup.py install is deprecated -W ignore:easy_install command is deprecated setup.py egg_info --egg-base ../../build/orion_pybullet_sim build --build-base /home/joey/My_orion/build/orion_pybullet_sim/build install --record /home/joey/My_orion/build/orion_pybullet_sim/install.log --single-version-externally-managed install_data
