[0.007s] Invoking command in '/home/joey/My_orion/build/orion_mtc': AMENT_PREFIX_PATH=/home/joey/My_orion/install/orion_moveit_config:/home/joey/My_orion/install/orion_description:${AMENT_PREFIX_PATH} CMAKE_PREFIX_PATH=/home/joey/My_orion/install/orion_moveit_config:/home/joey/My_orion/install/orion_description:/opt/ros/humble /usr/bin/cmake --build /home/joey/My_orion/build/orion_mtc -- -j4 -l4
[0.043s] [ 50%] Building CXX object CMakeFiles/mtc_node.dir/src/mtc_node.cpp.o
[4.166s] /home/joey/My_orion/src/orion_mtc/src/mtc_node.cpp: In member function ‘void OrionMTCTaskNode::setupPlanningScene()’:
[4.166s] /home/joey/My_orion/src/orion_mtc/src/mtc_node.cpp:66:63: error: no matching function for call to ‘moveit::planning_interface::PlanningSceneInterface::PlanningSceneInterface(rclcpp::Node::SharedPtr&)’
[4.166s]    66 |   moveit::planning_interface::PlanningSceneInterface psi(node_);
[4.166s]       |                                                               ^
[4.166s] In file included from /home/joey/My_orion/src/orion_mtc/src/mtc_node.cpp:4:
[4.166s] /opt/ros/humble/include/moveit/planning_scene_interface/planning_scene_interface.h:60:12: note: candidate: ‘moveit::planning_interface::PlanningSceneInterface::PlanningSceneInterface(const string&, bool)’
[4.166s]    60 |   explicit PlanningSceneInterface(const std::string& ns = "", bool wait = true);
[4.166s]       |            ^~~~~~~~~~~~~~~~~~~~~~
[4.166s] /opt/ros/humble/include/moveit/planning_scene_interface/planning_scene_interface.h:60:54: note:   no known conversion for argument 1 from ‘rclcpp::Node::SharedPtr’ {aka ‘std::shared_ptr<rclcpp::Node>’} to ‘const string&’ {aka ‘const std::__cxx11::basic_string<char>&’}
[4.166s]    60 |   explicit PlanningSceneInterface(const std::string& ns = "", bool wait = true);
[4.166s]       |                                   ~~~~~~~~~~~~~~~~~~~^~~~~~~
[4.166s] /opt/ros/humble/include/moveit/planning_scene_interface/planning_scene_interface.h:52:7: note: candidate: ‘constexpr moveit::planning_interface::PlanningSceneInterface::PlanningSceneInterface(const moveit::planning_interface::PlanningSceneInterface&)’
[4.166s]    52 | class PlanningSceneInterface
[4.166s]       |       ^~~~~~~~~~~~~~~~~~~~~~
[4.166s] /opt/ros/humble/include/moveit/planning_scene_interface/planning_scene_interface.h:52:7: note:   no known conversion for argument 1 from ‘rclcpp::Node::SharedPtr’ {aka ‘std::shared_ptr<rclcpp::Node>’} to ‘const moveit::planning_interface::PlanningSceneInterface&’
[7.326s] gmake[2]: *** [CMakeFiles/mtc_node.dir/build.make:76：CMakeFiles/mtc_node.dir/src/mtc_node.cpp.o] 错误 1
[7.326s] gmake[1]: *** [CMakeFiles/Makefile2:137：CMakeFiles/mtc_node.dir/all] 错误 2
[7.326s] gmake: *** [Makefile:146：all] 错误 2
[7.328s] Invoked command in '/home/joey/My_orion/build/orion_mtc' returned '2': AMENT_PREFIX_PATH=/home/joey/My_orion/install/orion_moveit_config:/home/joey/My_orion/install/orion_description:${AMENT_PREFIX_PATH} CMAKE_PREFIX_PATH=/home/joey/My_orion/install/orion_moveit_config:/home/joey/My_orion/install/orion_description:/opt/ros/humble /usr/bin/cmake --build /home/joey/My_orion/build/orion_mtc -- -j4 -l4
