[0.013s] Invoking command in '/home/huzy/My_orion/build/orion_mtc': AMENT_PREFIX_PATH=/home/huzy/My_orion/install/orion_pybullet_sim:/home/huzy/My_orion/install/orion_holoocean_bridge:/home/huzy/My_orion/install/orion_mtc:/home/huzy/My_orion/install/orion_moveit_config:/home/huzy/My_orion/install/orion_description:/home/huzy/holoocean-ros/install/holoocean_main:/home/huzy/holoocean-ros/install/holoocean_interfaces:/home/huzy/holoocean-ros/install/holoocean_examples:/opt/ros/humble CMAKE_PREFIX_PATH=/home/huzy/My_orion/install/orion_moveit_config:/home/huzy/My_orion/install/orion_description:/home/huzy/My_orion/install/orion_mtc:/home/huzy/holoocean-ros/install/holoocean_interfaces:/home/huzy/My_orion/install/orion_pybullet_sim:/home/huzy/My_orion/install/orion_holoocean_bridge:/home/huzy/holoocean-ros/install/holoocean_main:/home/huzy/holoocean-ros/install/holoocean_examples:/opt/ros/humble /usr/bin/cmake --build /home/huzy/My_orion/build/orion_mtc -- -j8 -l8
[0.085s] [100%] Built target mtc_node
[0.102s] Invoked command in '/home/huzy/My_orion/build/orion_mtc' returned '0': AMENT_PREFIX_PATH=/home/huzy/My_orion/install/orion_pybullet_sim:/home/huzy/My_orion/install/orion_holoocean_bridge:/home/huzy/My_orion/install/orion_mtc:/home/huzy/My_orion/install/orion_moveit_config:/home/huzy/My_orion/install/orion_description:/home/huzy/holoocean-ros/install/holoocean_main:/home/huzy/holoocean-ros/install/holoocean_interfaces:/home/huzy/holoocean-ros/install/holoocean_examples:/opt/ros/humble CMAKE_PREFIX_PATH=/home/huzy/My_orion/install/orion_moveit_config:/home/huzy/My_orion/install/orion_description:/home/huzy/My_orion/install/orion_mtc:/home/huzy/holoocean-ros/install/holoocean_interfaces:/home/huzy/My_orion/install/orion_pybullet_sim:/home/huzy/My_orion/install/orion_holoocean_bridge:/home/huzy/holoocean-ros/install/holoocean_main:/home/huzy/holoocean-ros/install/holoocean_examples:/opt/ros/humble /usr/bin/cmake --build /home/huzy/My_orion/build/orion_mtc -- -j8 -l8
[0.107s] Invoking command in '/home/huzy/My_orion/build/orion_mtc': AMENT_PREFIX_PATH=/home/huzy/My_orion/install/orion_pybullet_sim:/home/huzy/My_orion/install/orion_holoocean_bridge:/home/huzy/My_orion/install/orion_mtc:/home/huzy/My_orion/install/orion_moveit_config:/home/huzy/My_orion/install/orion_description:/home/huzy/holoocean-ros/install/holoocean_main:/home/huzy/holoocean-ros/install/holoocean_interfaces:/home/huzy/holoocean-ros/install/holoocean_examples:/opt/ros/humble CMAKE_PREFIX_PATH=/home/huzy/My_orion/install/orion_moveit_config:/home/huzy/My_orion/install/orion_description:/home/huzy/My_orion/install/orion_mtc:/home/huzy/holoocean-ros/install/holoocean_interfaces:/home/huzy/My_orion/install/orion_pybullet_sim:/home/huzy/My_orion/install/orion_holoocean_bridge:/home/huzy/holoocean-ros/install/holoocean_main:/home/huzy/holoocean-ros/install/holoocean_examples:/opt/ros/humble /usr/bin/cmake --install /home/huzy/My_orion/build/orion_mtc
[0.116s] -- Install configuration: ""
[0.117s] -- Up-to-date: /home/huzy/My_orion/install/orion_mtc/lib/orion_mtc/mtc_node
[0.117s] -- Up-to-date: /home/huzy/My_orion/install/orion_mtc/share/orion_mtc/launch
[0.117s] -- Up-to-date: /home/huzy/My_orion/install/orion_mtc/share/orion_mtc/launch/pick_place_holoocean.launch.py
[0.117s] -- Up-to-date: /home/huzy/My_orion/install/orion_mtc/share/orion_mtc/launch/pick_place_pybullet.launch.py
[0.117s] -- Up-to-date: /home/huzy/My_orion/install/orion_mtc/share/orion_mtc/config
[0.117s] -- Up-to-date: /home/huzy/My_orion/install/orion_mtc/share/orion_mtc/config/pick_place_params.yaml
[0.117s] -- Up-to-date: /home/huzy/My_orion/install/orion_mtc/share/ament_index/resource_index/package_run_dependencies/orion_mtc
[0.117s] -- Up-to-date: /home/huzy/My_orion/install/orion_mtc/share/ament_index/resource_index/parent_prefix_path/orion_mtc
[0.117s] -- Up-to-date: /home/huzy/My_orion/install/orion_mtc/share/orion_mtc/environment/ament_prefix_path.sh
[0.117s] -- Up-to-date: /home/huzy/My_orion/install/orion_mtc/share/orion_mtc/environment/ament_prefix_path.dsv
[0.117s] -- Up-to-date: /home/huzy/My_orion/install/orion_mtc/share/orion_mtc/environment/path.sh
[0.117s] -- Up-to-date: /home/huzy/My_orion/install/orion_mtc/share/orion_mtc/environment/path.dsv
[0.117s] -- Up-to-date: /home/huzy/My_orion/install/orion_mtc/share/orion_mtc/local_setup.bash
[0.117s] -- Up-to-date: /home/huzy/My_orion/install/orion_mtc/share/orion_mtc/local_setup.sh
[0.117s] -- Up-to-date: /home/huzy/My_orion/install/orion_mtc/share/orion_mtc/local_setup.zsh
[0.117s] -- Up-to-date: /home/huzy/My_orion/install/orion_mtc/share/orion_mtc/local_setup.dsv
[0.117s] -- Installing: /home/huzy/My_orion/install/orion_mtc/share/orion_mtc/package.dsv
[0.118s] -- Up-to-date: /home/huzy/My_orion/install/orion_mtc/share/ament_index/resource_index/packages/orion_mtc
[0.118s] -- Up-to-date: /home/huzy/My_orion/install/orion_mtc/share/orion_mtc/cmake/orion_mtcConfig.cmake
[0.118s] -- Up-to-date: /home/huzy/My_orion/install/orion_mtc/share/orion_mtc/cmake/orion_mtcConfig-version.cmake
[0.118s] -- Up-to-date: /home/huzy/My_orion/install/orion_mtc/share/orion_mtc/package.xml
[0.122s] Invoked command in '/home/huzy/My_orion/build/orion_mtc' returned '0': AMENT_PREFIX_PATH=/home/huzy/My_orion/install/orion_pybullet_sim:/home/huzy/My_orion/install/orion_holoocean_bridge:/home/huzy/My_orion/install/orion_mtc:/home/huzy/My_orion/install/orion_moveit_config:/home/huzy/My_orion/install/orion_description:/home/huzy/holoocean-ros/install/holoocean_main:/home/huzy/holoocean-ros/install/holoocean_interfaces:/home/huzy/holoocean-ros/install/holoocean_examples:/opt/ros/humble CMAKE_PREFIX_PATH=/home/huzy/My_orion/install/orion_moveit_config:/home/huzy/My_orion/install/orion_description:/home/huzy/My_orion/install/orion_mtc:/home/huzy/holoocean-ros/install/holoocean_interfaces:/home/huzy/My_orion/install/orion_pybullet_sim:/home/huzy/My_orion/install/orion_holoocean_bridge:/home/huzy/holoocean-ros/install/holoocean_main:/home/huzy/holoocean-ros/install/holoocean_examples:/opt/ros/humble /usr/bin/cmake --install /home/huzy/My_orion/build/orion_mtc
