[0.007s] Invoking command in '/home/joey/My_orion/build/orion_moveit_config': CMAKE_PREFIX_PATH=/home/joey/My_orion/install/orion_description:/home/joey/My_orion/install/orion_mtc:/home/joey/My_orion/install/orion_moveit_config:/opt/ros/humble /usr/bin/cmake --build /home/joey/My_orion/build/orion_moveit_config -- -j4 -l4
[0.028s] Invoked command in '/home/joey/My_orion/build/orion_moveit_config' returned '0': CMAKE_PREFIX_PATH=/home/joey/My_orion/install/orion_description:/home/joey/My_orion/install/orion_mtc:/home/joey/My_orion/install/orion_moveit_config:/opt/ros/humble /usr/bin/cmake --build /home/joey/My_orion/build/orion_moveit_config -- -j4 -l4
[0.034s] Invoking command in '/home/joey/My_orion/build/orion_moveit_config': CMAKE_PREFIX_PATH=/home/joey/My_orion/install/orion_description:/home/joey/My_orion/install/orion_mtc:/home/joey/My_orion/install/orion_moveit_config:/opt/ros/humble /usr/bin/cmake --install /home/joey/My_orion/build/orion_moveit_config
[0.038s] -- Install configuration: ""
[0.038s] -- Up-to-date: /home/joey/My_orion/install/orion_moveit_config/share/orion_moveit_config/config
[0.038s] -- Up-to-date: /home/joey/My_orion/install/orion_moveit_config/share/orion_moveit_config/config/joint_limits.yaml
[0.038s] -- Up-to-date: /home/joey/My_orion/install/orion_moveit_config/share/orion_moveit_config/config/kinematics.yaml
[0.039s] -- Up-to-date: /home/joey/My_orion/install/orion_moveit_config/share/orion_moveit_config/config/moveit.rviz
[0.039s] -- Up-to-date: /home/joey/My_orion/install/orion_moveit_config/share/orion_moveit_config/config/orion.srdf
[0.039s] -- Up-to-date: /home/joey/My_orion/install/orion_moveit_config/share/orion_moveit_config/config/moveit_controllers.yaml
[0.039s] -- Up-to-date: /home/joey/My_orion/install/orion_moveit_config/share/orion_moveit_config/config/ompl_planning.yaml
[0.039s] -- Up-to-date: /home/joey/My_orion/install/orion_moveit_config/share/orion_moveit_config/launch
[0.040s] -- Installing: /home/joey/My_orion/install/orion_moveit_config/share/orion_moveit_config/launch/demo.launch.py
[0.040s] -- Up-to-date: /home/joey/My_orion/install/orion_moveit_config/share/ament_index/resource_index/package_run_dependencies/orion_moveit_config
[0.040s] -- Up-to-date: /home/joey/My_orion/install/orion_moveit_config/share/ament_index/resource_index/parent_prefix_path/orion_moveit_config
[0.040s] -- Up-to-date: /home/joey/My_orion/install/orion_moveit_config/share/orion_moveit_config/environment/ament_prefix_path.sh
[0.040s] -- Up-to-date: /home/joey/My_orion/install/orion_moveit_config/share/orion_moveit_config/environment/ament_prefix_path.dsv
[0.040s] -- Up-to-date: /home/joey/My_orion/install/orion_moveit_config/share/orion_moveit_config/environment/path.sh
[0.040s] -- Up-to-date: /home/joey/My_orion/install/orion_moveit_config/share/orion_moveit_config/environment/path.dsv
[0.040s] -- Up-to-date: /home/joey/My_orion/install/orion_moveit_config/share/orion_moveit_config/local_setup.bash
[0.040s] -- Up-to-date: /home/joey/My_orion/install/orion_moveit_config/share/orion_moveit_config/local_setup.sh
[0.040s] -- Up-to-date: /home/joey/My_orion/install/orion_moveit_config/share/orion_moveit_config/local_setup.zsh
[0.040s] -- Up-to-date: /home/joey/My_orion/install/orion_moveit_config/share/orion_moveit_config/local_setup.dsv
[0.040s] -- Installing: /home/joey/My_orion/install/orion_moveit_config/share/orion_moveit_config/package.dsv
[0.040s] -- Up-to-date: /home/joey/My_orion/install/orion_moveit_config/share/ament_index/resource_index/packages/orion_moveit_config
[0.040s] -- Up-to-date: /home/joey/My_orion/install/orion_moveit_config/share/orion_moveit_config/cmake/orion_moveit_configConfig.cmake
[0.040s] -- Up-to-date: /home/joey/My_orion/install/orion_moveit_config/share/orion_moveit_config/cmake/orion_moveit_configConfig-version.cmake
[0.040s] -- Up-to-date: /home/joey/My_orion/install/orion_moveit_config/share/orion_moveit_config/package.xml
[0.043s] Invoked command in '/home/joey/My_orion/build/orion_moveit_config' returned '0': CMAKE_PREFIX_PATH=/home/joey/My_orion/install/orion_description:/home/joey/My_orion/install/orion_mtc:/home/joey/My_orion/install/orion_moveit_config:/opt/ros/humble /usr/bin/cmake --install /home/joey/My_orion/build/orion_moveit_config
