[0.000000] (-) TimerEvent: {}
[0.000314] (-) JobUnselected: {'identifier': 'orion_description'}
[0.000631] (-) JobUnselected: {'identifier': 'orion_moveit_config'}
[0.000665] (-) JobUnselected: {'identifier': 'orion_pybullet_sim'}
[0.000693] (orion_mtc) JobQueued: {'identifier': 'orion_mtc', 'dependencies': OrderedDict([('orion_description', '/home/huzy/My_orion/install/orion_description'), ('orion_moveit_config', '/home/huzy/My_orion/install/orion_moveit_config'), ('orion_pybullet_sim', '/home/huzy/My_orion/install/orion_pybullet_sim')])}
[0.000733] (orion_mtc) JobStarted: {'identifier': 'orion_mtc'}
[0.026686] (orion_mtc) JobProgress: {'identifier': 'orion_mtc', 'progress': 'cmake'}
[0.027685] (orion_mtc) Command: {'cmd': ['/usr/bin/cmake', '/home/huzy/My_orion/src/orion_mtc', '-DCMAKE_BUILD_TYPE=Release', '-DCMAKE_INSTALL_PREFIX=/home/huzy/My_orion/install/orion_mtc'], 'cwd': '/home/huzy/My_orion/build/orion_mtc', 'env': OrderedDict([('GJS_DEBUG_TOPICS', 'JS ERROR;JS LOG'), ('LESSOPEN', '| /usr/bin/lesspipe %s'), ('VSCODE_CWD', '/home/huzy'), ('CURSOR_EXTENSION_HOST_ROLE', 'agent-exec'), ('VSCODE_ESM_ENTRYPOINT', 'vs/workbench/api/node/extensionHostProcess'), ('LANGUAGE', 'zh_CN:en_AU:en_US:en'), ('USER', 'huzy'), ('LC_TIME', 'zh_CN.UTF-8'), ('VSCODE_NLS_CONFIG', '{"userLocale":"zh-cn","osLocale":"zh-cn","resolvedLanguage":"zh-cn","defaultMessagesFile":"/tmp/.mount_CursorOWcrdm/usr/share/cursor/resources/app/out/nls.messages.json","languagePack":{"translationsConfigFile":"/home/huzy/.config/Cursor/clp/3bfb7f1471a52e527cfc1587dd57c7c1.zh-cn/tcf.json","messagesFile":"/home/huzy/.config/Cursor/clp/3bfb7f1471a52e527cfc1587dd57c7c1.zh-cn/7d96c2a03bb088ad367615e9da1a3fe20fbbc6a0/nls.messages.json","corruptMarkerFile":"/home/huzy/.config/Cursor/clp/3bfb7f1471a52e527cfc1587dd57c7c1.zh-cn/corrupted.info"},"locale":"zh-cn","availableLanguages":{"*":"zh-cn"},"_languagePackId":"3bfb7f1471a52e527cfc1587dd57c7c1.zh-cn","_languagePackSupport":true,"_translationsConfigFile":"/home/huzy/.config/Cursor/clp/3bfb7f1471a52e527cfc1587dd57c7c1.zh-cn/tcf.json","_cacheRoot":"/home/huzy/.config/Cursor/clp/3bfb7f1471a52e527cfc1587dd57c7c1.zh-cn","_resolvedLanguagePackCoreLocation":"/home/huzy/.config/Cursor/clp/3bfb7f1471a52e527cfc1587dd57c7c1.zh-cn/7d96c2a03bb088ad367615e9da1a3fe20fbbc6a0","_corruptedFile":"/home/huzy/.config/Cursor/clp/3bfb7f1471a52e527cfc1587dd57c7c1.zh-cn/corrupted.info"}'), ('CI', '1'), ('VSCODE_HANDLES_UNCAUGHT_ERRORS', 'true'), ('XDG_SESSION_TYPE', 'wayland'), ('SHLVL', '1'), ('LD_LIBRARY_PATH', '/usr/lib/x86_64-linux-gnu/gazebo-11/plugins:/opt/ros/humble/opt/rviz_ogre_vendor/lib:/opt/ros/humble/lib/x86_64-linux-gnu:/opt/ros/humble/lib:/tmp/.mount_CursorOWcrdm/usr/lib/:/tmp/.mount_CursorOWcrdm/usr/lib32/:/tmp/.mount_CursorOWcrdm/usr/lib64/:/tmp/.mount_CursorOWcrdm/lib/:/tmp/.mount_CursorOWcrdm/lib/i386-linux-gnu/:/tmp/.mount_CursorOWcrdm/lib/x86_64-linux-gnu/:/tmp/.mount_CursorOWcrdm/lib/aarch64-linux-gnu/:/tmp/.mount_CursorOWcrdm/lib32/:/tmp/.mount_CursorOWcrdm/lib64/:'), ('HOME', '/home/huzy'), ('CHROME_DESKTOP', 'cursor.desktop'), ('APPDIR', '/tmp/.mount_CursorOWcrdm'), ('OLDPWD', '/home/huzy/My_orion'), ('DESKTOP_SESSION', 'ubuntu'), ('PERLLIB', '/tmp/.mount_CursorOWcrdm/usr/share/perl5/:/tmp/.mount_CursorOWcrdm/usr/lib/perl5/:'), ('VSCODE_IPC_HOOK', '/run/user/1000/vscode-294d73a8-2.5.-main.sock'), ('GIO_LAUNCHED_DESKTOP_FILE', '/home/huzy/.local/share/applications/cursor-ime.desktop'), ('ROS_PYTHON_VERSION', '3'), ('GNOME_SHELL_SESSION_MODE', 'ubuntu'), ('GTK_MODULES', 'gail:atk-bridge'), ('SDL_IM_MODULE', 'fcitx'), ('LC_MONETARY', 'zh_CN.UTF-8'), ('MANAGERPID', '1607'), ('SYSTEMD_EXEC_PID', '1773'), ('IM_CONFIG_CHECK_ENV', '1'), ('NO_COLOR', '1'), ('DBUS_SESSION_BUS_ADDRESS', 'unix:path=/run/user/1000/bus'), ('GIO_LAUNCHED_DESKTOP_FILE_PID', '3183'), ('VSCODE_CRASH_REPORTER_PROCESS_TYPE', 'extensionHost'), ('IM_CONFIG_PHASE', '1'), ('WAYLAND_DISPLAY', 'wayland-0'), ('COLCON_PREFIX_PATH', '/home/huzy/My_orion/install'), ('ROS_DISTRO', 'humble'), ('GTK_IM_MODULE', 'fcitx'), ('LOGNAME', 'huzy'), ('FORCE_COLOR', '0'), ('OWD', '/home/huzy'), ('JOURNAL_STREAM', '8:21163'), ('_', '/usr/bin/colcon'), ('ROS_VERSION', '2'), ('XDG_SESSION_CLASS', 'user'), ('USERNAME', 'huzy'), ('TERM', 'dumb'), ('GNOME_DESKTOP_SESSION_ID', 'this-is-deprecated'), ('FC_FONTATIONS', '1'), ('ROS_LOCALHOST_ONLY', '0'), ('PATH', '/home/huzy/.local/bin:/home/huzy/bin:/home/huzy/bin:/home/huzy/.local/bin:/home/huzy/bin:/home/huzy/bin:/opt/ros/humble/bin:/tmp/.mount_CursorOWcrdm/usr/bin/:/tmp/.mount_CursorOWcrdm/usr/sbin/:/tmp/.mount_CursorOWcrdm/usr/games/:/tmp/.mount_CursorOWcrdm/bin/:/tmp/.mount_CursorOWcrdm/sbin/:/home/huzy/.local/bin:/home/huzy/bin:/usr/local/sbin:/usr/local/bin:/usr/sbin:/usr/bin:/sbin:/bin:/usr/games:/usr/local/games:/snap/bin:/snap/bin'), ('SESSION_MANAGER', 'local/huzy-virtual-machine:@/tmp/.ICE-unix/1741,unix/huzy-virtual-machine:/tmp/.ICE-unix/1741'), ('INVOCATION_ID', '311833884cc9487d8e70d892421720e4'), ('PAPERSIZE', 'a4'), ('APPIMAGE', '/home/huzy/Downloads/Cursor-1.4.5-x86_64.AppImage'), ('XDG_MENU_PREFIX', 'gnome-'), ('LC_ADDRESS', 'zh_CN.UTF-8'), ('VSCODE_PROCESS_TITLE', 'extension-host (agent-exec) [1-3]'), ('GNOME_SETUP_DISPLAY', ':1'), ('XDG_RUNTIME_DIR', '/run/user/1000'), ('GDK_BACKEND', 'x11'), ('CURSOR_AGENT', '1'), ('DISPLAY', ':0'), ('LANG', 'zh_CN.UTF-8'), ('XDG_CURRENT_DESKTOP', 'ubuntu:GNOME'), ('LC_TELEPHONE', 'zh_CN.UTF-8'), ('XMODIFIERS', '@im=fcitx'), ('XDG_SESSION_DESKTOP', 'ubuntu'), ('XAUTHORITY', '/run/user/1000/.mutter-Xwaylandauth.OG0JL3'), ('LS_COLORS', ''), ('CURSOR_TRACE_ID', '3f47ee1ee88440998a165de685813638'), ('SSH_AGENT_LAUNCHER', 'gnome-keyring'), ('SSH_AUTH_SOCK', '/run/user/1000/keyring/ssh'), ('GSETTINGS_SCHEMA_DIR', '/tmp/.mount_CursorOWcrdm/usr/share/glib-2.0/schemas/:'), ('AMENT_PREFIX_PATH', '/home/huzy/My_orion/install/orion_pybullet_sim:/home/huzy/My_orion/install/orion_mtc:/home/huzy/My_orion/install/orion_moveit_config:/home/huzy/My_orion/install/orion_description:/opt/ros/humble'), ('SHELL', '/bin/bash'), ('LC_NAME', 'zh_CN.UTF-8'), ('ARGV0', '/home/huzy/Downloads/Cursor-1.4.5-x86_64.AppImage'), ('QT_ACCESSIBILITY', '1'), ('GDMSESSION', 'ubuntu'), ('LESSCLOSE', '/usr/bin/lesspipe %s %s'), ('LC_MEASUREMENT', 'zh_CN.UTF-8'), ('GJS_DEBUG_OUTPUT', 'stderr'), ('LC_IDENTIFICATION', 'zh_CN.UTF-8'), ('QT_IM_MODULE', 'fcitx'), ('PWD', '/home/huzy/My_orion/build/orion_mtc'), ('XDG_CONFIG_DIRS', '/etc/xdg/xdg-ubuntu:/etc/xdg'), ('VSCODE_CODE_CACHE_PATH', '/home/huzy/.config/Cursor/CachedData/7d96c2a03bb088ad367615e9da1a3fe20fbbc6a0'), ('CLUTTER_IM_MODULE', 'fcitx'), ('XDG_DATA_DIRS', '/tmp/.mount_CursorOWcrdm/usr/share/:/usr/local/share:/usr/share:/usr/share/ubuntu:/usr/local/share/:/usr/share/:/var/lib/snapd/desktop'), ('PYTHONPATH', '/home/huzy/My_orion/install/orion_pybullet_sim/lib/python3.10/site-packages:/opt/ros/humble/lib/python3.10/site-packages:/opt/ros/humble/local/lib/python3.10/dist-packages'), ('LC_NUMERIC', 'zh_CN.UTF-8'), ('LC_PAPER', 'zh_CN.UTF-8'), ('QT_PLUGIN_PATH', '/tmp/.mount_CursorOWcrdm/usr/lib/qt4/plugins/:/tmp/.mount_CursorOWcrdm/usr/lib/i386-linux-gnu/qt4/plugins/:/tmp/.mount_CursorOWcrdm/usr/lib/x86_64-linux-gnu/qt4/plugins/:/tmp/.mount_CursorOWcrdm/usr/lib/aarch64-linux-gnu/qt4/plugins/:/tmp/.mount_CursorOWcrdm/usr/lib32/qt4/plugins/:/tmp/.mount_CursorOWcrdm/usr/lib64/qt4/plugins/:/tmp/.mount_CursorOWcrdm/usr/lib/qt5/plugins/:/tmp/.mount_CursorOWcrdm/usr/lib/i386-linux-gnu/qt5/plugins/:/tmp/.mount_CursorOWcrdm/usr/lib/x86_64-linux-gnu/qt5/plugins/:/tmp/.mount_CursorOWcrdm/usr/lib/aarch64-linux-gnu/qt5/plugins/:/tmp/.mount_CursorOWcrdm/usr/lib32/qt5/plugins/:/tmp/.mount_CursorOWcrdm/usr/lib64/qt5/plugins/:'), ('COLCON', '1'), ('_ZO_DOCTOR', '0'), ('CMAKE_PREFIX_PATH', '/home/huzy/My_orion/install/orion_moveit_config:/home/huzy/My_orion/install/orion_description:/home/huzy/My_orion/install/orion_mtc:/home/huzy/My_orion/install/orion_pybullet_sim:/opt/ros/humble'), ('VSCODE_PID', '3183')]), 'shell': False}
[0.049522] (orion_mtc) StdoutLine: {'line': b'-- Found ament_cmake: 1.3.12 (/opt/ros/humble/share/ament_cmake/cmake)\n'}
[0.099597] (-) TimerEvent: {}
[0.158450] (orion_mtc) StdoutLine: {'line': b'-- Override CMake install command with custom implementation using symlinks instead of copying resources\n'}
[0.163646] (orion_mtc) StdoutLine: {'line': b'-- Found rclcpp: 16.0.16 (/opt/ros/humble/share/rclcpp/cmake)\n'}
[0.183210] (orion_mtc) StdoutLine: {'line': b'-- Found rosidl_generator_c: 3.1.7 (/opt/ros/humble/share/rosidl_generator_c/cmake)\n'}
[0.184625] (orion_mtc) StdoutLine: {'line': b'-- Found rosidl_adapter: 3.1.7 (/opt/ros/humble/share/rosidl_adapter/cmake)\n'}
[0.188525] (orion_mtc) StdoutLine: {'line': b'-- Found rosidl_generator_cpp: 3.1.7 (/opt/ros/humble/share/rosidl_generator_cpp/cmake)\n'}
[0.195370] (orion_mtc) StdoutLine: {'line': b'-- Using all available rosidl_typesupport_c: rosidl_typesupport_fastrtps_c;rosidl_typesupport_introspection_c\n'}
[0.199687] (-) TimerEvent: {}
[0.203294] (orion_mtc) StdoutLine: {'line': b'-- Using all available rosidl_typesupport_cpp: rosidl_typesupport_fastrtps_cpp;rosidl_typesupport_introspection_cpp\n'}
[0.224486] (orion_mtc) StdoutLine: {'line': b'-- Found rmw_implementation_cmake: 6.1.2 (/opt/ros/humble/share/rmw_implementation_cmake/cmake)\n'}
[0.225370] (orion_mtc) StdoutLine: {'line': b'-- Found rmw_fastrtps_cpp: 6.2.9 (/opt/ros/humble/share/rmw_fastrtps_cpp/cmake)\n'}
[0.299849] (-) TimerEvent: {}
[0.337198] (orion_mtc) StdoutLine: {'line': b"-- Using RMW implementation 'rmw_fastrtps_cpp' as default\n"}
[0.368441] (orion_mtc) StdoutLine: {'line': b'-- Found moveit_task_constructor_core: 0.1.3 (/opt/ros/humble/share/moveit_task_constructor_core/cmake)\n'}
[0.390022] (orion_mtc) StdoutLine: {'line': b'-- Found Boost: /usr/lib/x86_64-linux-gnu/cmake/Boost-1.74.0/BoostConfig.cmake (found version "1.74.0") found components: chrono date_time filesystem iostreams program_options regex serialization system thread \n'}
[0.399969] (-) TimerEvent: {}
[0.412034] (orion_mtc) StdoutLine: {'line': b'-- Found parameter_traits: 0.5.0 (/opt/ros/humble/share/parameter_traits/cmake)\n'}
[0.416956] (orion_mtc) StdoutLine: {'line': b'-- Found rclcpp_lifecycle: 16.0.16 (/opt/ros/humble/share/rclcpp_lifecycle/cmake)\n'}
[0.431149] (orion_mtc) StdoutLine: {'line': b'-- Found Boost: /usr/lib/x86_64-linux-gnu/cmake/Boost-1.74.0/BoostConfig.cmake (found version "1.74.0") found components: filesystem \n'}
[0.481166] (orion_mtc) StdoutLine: {'line': b'-- library: /usr/lib/x86_64-linux-gnu/libcurl.so\n'}
[0.500106] (-) TimerEvent: {}
[0.517516] (orion_mtc) StdoutLine: {'line': b'-- Ensuring Eigen3 include directory is part of orocos-kdl CMake target\n'}
[0.600269] (-) TimerEvent: {}
[0.658837] (orion_mtc) StdoutLine: {'line': b'-- Found Boost: /usr/lib/x86_64-linux-gnu/cmake/Boost-1.74.0/BoostConfig.cmake (found version "1.74.0") found components: system filesystem date_time program_options thread chrono \n'}
[0.677491] (orion_mtc) StdoutLine: {'line': b'-- Found Boost: /usr/lib/x86_64-linux-gnu/cmake/Boost-1.74.0/BoostConfig.cmake (found version "1.74.0") found components: date_time filesystem program_options system thread \n'}
[0.687442] (orion_mtc) StdoutLine: {'line': b'-- Found Boost: /usr/lib/x86_64-linux-gnu/cmake/Boost-1.74.0/BoostConfig.cmake (found version "1.74.0") found components: thread system filesystem regex date_time program_options \n'}
[0.700439] (-) TimerEvent: {}
[0.701307] (orion_mtc) StdoutLine: {'line': b'-- Found Boost: /usr/lib/x86_64-linux-gnu/cmake/Boost-1.74.0/BoostConfig.cmake (found version "1.74.0") found components: system filesystem date_time program_options thread \n'}
[0.748967] (orion_mtc) StdoutLine: {'line': b'-- Found control_msgs: 4.8.0 (/opt/ros/humble/share/control_msgs/cmake)\n'}
[0.800566] (-) TimerEvent: {}
[0.829890] (orion_mtc) StdoutLine: {'line': b'-- Configuring done\n'}
[0.855703] (orion_mtc) StdoutLine: {'line': b'-- Generating done\n'}
[0.862203] (orion_mtc) StdoutLine: {'line': b'-- Build files have been written to: /home/huzy/My_orion/build/orion_mtc\n'}
[0.874203] (orion_mtc) CommandEnded: {'returncode': 0}
[0.876107] (orion_mtc) JobProgress: {'identifier': 'orion_mtc', 'progress': 'build'}
[0.876520] (orion_mtc) Command: {'cmd': ['/usr/bin/cmake', '--build', '/home/huzy/My_orion/build/orion_mtc', '--', '-j8', '-l8'], 'cwd': '/home/huzy/My_orion/build/orion_mtc', 'env': OrderedDict([('GJS_DEBUG_TOPICS', 'JS ERROR;JS LOG'), ('LESSOPEN', '| /usr/bin/lesspipe %s'), ('VSCODE_CWD', '/home/huzy'), ('CURSOR_EXTENSION_HOST_ROLE', 'agent-exec'), ('VSCODE_ESM_ENTRYPOINT', 'vs/workbench/api/node/extensionHostProcess'), ('LANGUAGE', 'zh_CN:en_AU:en_US:en'), ('USER', 'huzy'), ('LC_TIME', 'zh_CN.UTF-8'), ('VSCODE_NLS_CONFIG', '{"userLocale":"zh-cn","osLocale":"zh-cn","resolvedLanguage":"zh-cn","defaultMessagesFile":"/tmp/.mount_CursorOWcrdm/usr/share/cursor/resources/app/out/nls.messages.json","languagePack":{"translationsConfigFile":"/home/huzy/.config/Cursor/clp/3bfb7f1471a52e527cfc1587dd57c7c1.zh-cn/tcf.json","messagesFile":"/home/huzy/.config/Cursor/clp/3bfb7f1471a52e527cfc1587dd57c7c1.zh-cn/7d96c2a03bb088ad367615e9da1a3fe20fbbc6a0/nls.messages.json","corruptMarkerFile":"/home/huzy/.config/Cursor/clp/3bfb7f1471a52e527cfc1587dd57c7c1.zh-cn/corrupted.info"},"locale":"zh-cn","availableLanguages":{"*":"zh-cn"},"_languagePackId":"3bfb7f1471a52e527cfc1587dd57c7c1.zh-cn","_languagePackSupport":true,"_translationsConfigFile":"/home/huzy/.config/Cursor/clp/3bfb7f1471a52e527cfc1587dd57c7c1.zh-cn/tcf.json","_cacheRoot":"/home/huzy/.config/Cursor/clp/3bfb7f1471a52e527cfc1587dd57c7c1.zh-cn","_resolvedLanguagePackCoreLocation":"/home/huzy/.config/Cursor/clp/3bfb7f1471a52e527cfc1587dd57c7c1.zh-cn/7d96c2a03bb088ad367615e9da1a3fe20fbbc6a0","_corruptedFile":"/home/huzy/.config/Cursor/clp/3bfb7f1471a52e527cfc1587dd57c7c1.zh-cn/corrupted.info"}'), ('CI', '1'), ('VSCODE_HANDLES_UNCAUGHT_ERRORS', 'true'), ('XDG_SESSION_TYPE', 'wayland'), ('SHLVL', '1'), ('LD_LIBRARY_PATH', '/usr/lib/x86_64-linux-gnu/gazebo-11/plugins:/opt/ros/humble/opt/rviz_ogre_vendor/lib:/opt/ros/humble/lib/x86_64-linux-gnu:/opt/ros/humble/lib:/tmp/.mount_CursorOWcrdm/usr/lib/:/tmp/.mount_CursorOWcrdm/usr/lib32/:/tmp/.mount_CursorOWcrdm/usr/lib64/:/tmp/.mount_CursorOWcrdm/lib/:/tmp/.mount_CursorOWcrdm/lib/i386-linux-gnu/:/tmp/.mount_CursorOWcrdm/lib/x86_64-linux-gnu/:/tmp/.mount_CursorOWcrdm/lib/aarch64-linux-gnu/:/tmp/.mount_CursorOWcrdm/lib32/:/tmp/.mount_CursorOWcrdm/lib64/:'), ('HOME', '/home/huzy'), ('CHROME_DESKTOP', 'cursor.desktop'), ('APPDIR', '/tmp/.mount_CursorOWcrdm'), ('OLDPWD', '/home/huzy/My_orion'), ('DESKTOP_SESSION', 'ubuntu'), ('PERLLIB', '/tmp/.mount_CursorOWcrdm/usr/share/perl5/:/tmp/.mount_CursorOWcrdm/usr/lib/perl5/:'), ('VSCODE_IPC_HOOK', '/run/user/1000/vscode-294d73a8-2.5.-main.sock'), ('GIO_LAUNCHED_DESKTOP_FILE', '/home/huzy/.local/share/applications/cursor-ime.desktop'), ('ROS_PYTHON_VERSION', '3'), ('GNOME_SHELL_SESSION_MODE', 'ubuntu'), ('GTK_MODULES', 'gail:atk-bridge'), ('SDL_IM_MODULE', 'fcitx'), ('LC_MONETARY', 'zh_CN.UTF-8'), ('MANAGERPID', '1607'), ('SYSTEMD_EXEC_PID', '1773'), ('IM_CONFIG_CHECK_ENV', '1'), ('NO_COLOR', '1'), ('DBUS_SESSION_BUS_ADDRESS', 'unix:path=/run/user/1000/bus'), ('GIO_LAUNCHED_DESKTOP_FILE_PID', '3183'), ('VSCODE_CRASH_REPORTER_PROCESS_TYPE', 'extensionHost'), ('IM_CONFIG_PHASE', '1'), ('WAYLAND_DISPLAY', 'wayland-0'), ('COLCON_PREFIX_PATH', '/home/huzy/My_orion/install'), ('ROS_DISTRO', 'humble'), ('GTK_IM_MODULE', 'fcitx'), ('LOGNAME', 'huzy'), ('FORCE_COLOR', '0'), ('OWD', '/home/huzy'), ('JOURNAL_STREAM', '8:21163'), ('_', '/usr/bin/colcon'), ('ROS_VERSION', '2'), ('XDG_SESSION_CLASS', 'user'), ('USERNAME', 'huzy'), ('TERM', 'dumb'), ('GNOME_DESKTOP_SESSION_ID', 'this-is-deprecated'), ('FC_FONTATIONS', '1'), ('ROS_LOCALHOST_ONLY', '0'), ('PATH', '/home/huzy/.local/bin:/home/huzy/bin:/home/huzy/bin:/home/huzy/.local/bin:/home/huzy/bin:/home/huzy/bin:/opt/ros/humble/bin:/tmp/.mount_CursorOWcrdm/usr/bin/:/tmp/.mount_CursorOWcrdm/usr/sbin/:/tmp/.mount_CursorOWcrdm/usr/games/:/tmp/.mount_CursorOWcrdm/bin/:/tmp/.mount_CursorOWcrdm/sbin/:/home/huzy/.local/bin:/home/huzy/bin:/usr/local/sbin:/usr/local/bin:/usr/sbin:/usr/bin:/sbin:/bin:/usr/games:/usr/local/games:/snap/bin:/snap/bin'), ('SESSION_MANAGER', 'local/huzy-virtual-machine:@/tmp/.ICE-unix/1741,unix/huzy-virtual-machine:/tmp/.ICE-unix/1741'), ('INVOCATION_ID', '311833884cc9487d8e70d892421720e4'), ('PAPERSIZE', 'a4'), ('APPIMAGE', '/home/huzy/Downloads/Cursor-1.4.5-x86_64.AppImage'), ('XDG_MENU_PREFIX', 'gnome-'), ('LC_ADDRESS', 'zh_CN.UTF-8'), ('VSCODE_PROCESS_TITLE', 'extension-host (agent-exec) [1-3]'), ('GNOME_SETUP_DISPLAY', ':1'), ('XDG_RUNTIME_DIR', '/run/user/1000'), ('GDK_BACKEND', 'x11'), ('CURSOR_AGENT', '1'), ('DISPLAY', ':0'), ('LANG', 'zh_CN.UTF-8'), ('XDG_CURRENT_DESKTOP', 'ubuntu:GNOME'), ('LC_TELEPHONE', 'zh_CN.UTF-8'), ('XMODIFIERS', '@im=fcitx'), ('XDG_SESSION_DESKTOP', 'ubuntu'), ('XAUTHORITY', '/run/user/1000/.mutter-Xwaylandauth.OG0JL3'), ('LS_COLORS', ''), ('CURSOR_TRACE_ID', '3f47ee1ee88440998a165de685813638'), ('SSH_AGENT_LAUNCHER', 'gnome-keyring'), ('SSH_AUTH_SOCK', '/run/user/1000/keyring/ssh'), ('GSETTINGS_SCHEMA_DIR', '/tmp/.mount_CursorOWcrdm/usr/share/glib-2.0/schemas/:'), ('AMENT_PREFIX_PATH', '/home/huzy/My_orion/install/orion_pybullet_sim:/home/huzy/My_orion/install/orion_mtc:/home/huzy/My_orion/install/orion_moveit_config:/home/huzy/My_orion/install/orion_description:/opt/ros/humble'), ('SHELL', '/bin/bash'), ('LC_NAME', 'zh_CN.UTF-8'), ('ARGV0', '/home/huzy/Downloads/Cursor-1.4.5-x86_64.AppImage'), ('QT_ACCESSIBILITY', '1'), ('GDMSESSION', 'ubuntu'), ('LESSCLOSE', '/usr/bin/lesspipe %s %s'), ('LC_MEASUREMENT', 'zh_CN.UTF-8'), ('GJS_DEBUG_OUTPUT', 'stderr'), ('LC_IDENTIFICATION', 'zh_CN.UTF-8'), ('QT_IM_MODULE', 'fcitx'), ('PWD', '/home/huzy/My_orion/build/orion_mtc'), ('XDG_CONFIG_DIRS', '/etc/xdg/xdg-ubuntu:/etc/xdg'), ('VSCODE_CODE_CACHE_PATH', '/home/huzy/.config/Cursor/CachedData/7d96c2a03bb088ad367615e9da1a3fe20fbbc6a0'), ('CLUTTER_IM_MODULE', 'fcitx'), ('XDG_DATA_DIRS', '/tmp/.mount_CursorOWcrdm/usr/share/:/usr/local/share:/usr/share:/usr/share/ubuntu:/usr/local/share/:/usr/share/:/var/lib/snapd/desktop'), ('PYTHONPATH', '/home/huzy/My_orion/install/orion_pybullet_sim/lib/python3.10/site-packages:/opt/ros/humble/lib/python3.10/site-packages:/opt/ros/humble/local/lib/python3.10/dist-packages'), ('LC_NUMERIC', 'zh_CN.UTF-8'), ('LC_PAPER', 'zh_CN.UTF-8'), ('QT_PLUGIN_PATH', '/tmp/.mount_CursorOWcrdm/usr/lib/qt4/plugins/:/tmp/.mount_CursorOWcrdm/usr/lib/i386-linux-gnu/qt4/plugins/:/tmp/.mount_CursorOWcrdm/usr/lib/x86_64-linux-gnu/qt4/plugins/:/tmp/.mount_CursorOWcrdm/usr/lib/aarch64-linux-gnu/qt4/plugins/:/tmp/.mount_CursorOWcrdm/usr/lib32/qt4/plugins/:/tmp/.mount_CursorOWcrdm/usr/lib64/qt4/plugins/:/tmp/.mount_CursorOWcrdm/usr/lib/qt5/plugins/:/tmp/.mount_CursorOWcrdm/usr/lib/i386-linux-gnu/qt5/plugins/:/tmp/.mount_CursorOWcrdm/usr/lib/x86_64-linux-gnu/qt5/plugins/:/tmp/.mount_CursorOWcrdm/usr/lib/aarch64-linux-gnu/qt5/plugins/:/tmp/.mount_CursorOWcrdm/usr/lib32/qt5/plugins/:/tmp/.mount_CursorOWcrdm/usr/lib64/qt5/plugins/:'), ('COLCON', '1'), ('_ZO_DOCTOR', '0'), ('CMAKE_PREFIX_PATH', '/home/huzy/My_orion/install/orion_moveit_config:/home/huzy/My_orion/install/orion_description:/home/huzy/My_orion/install/orion_mtc:/home/huzy/My_orion/install/orion_pybullet_sim:/opt/ros/humble'), ('VSCODE_PID', '3183')]), 'shell': False}
[0.901879] (-) TimerEvent: {}
[1.002161] (-) TimerEvent: {}
[1.025405] (orion_mtc) StdoutLine: {'line': b'Consolidate compiler generated dependencies of target mtc_node\n'}
[1.067751] (orion_mtc) StdoutLine: {'line': b'[ 50%] Building CXX object CMakeFiles/mtc_node.dir/src/mtc_node.cpp.o\n'}
[1.102333] (-) TimerEvent: {}
[1.202628] (-) TimerEvent: {}
[1.302906] (-) TimerEvent: {}
[1.403187] (-) TimerEvent: {}
[1.503465] (-) TimerEvent: {}
[1.603735] (-) TimerEvent: {}
[1.704060] (-) TimerEvent: {}
[1.804363] (-) TimerEvent: {}
[1.904647] (-) TimerEvent: {}
[2.004933] (-) TimerEvent: {}
[2.105234] (-) TimerEvent: {}
[2.205554] (-) TimerEvent: {}
[2.305948] (-) TimerEvent: {}
[2.406232] (-) TimerEvent: {}
[2.506503] (-) TimerEvent: {}
[2.606794] (-) TimerEvent: {}
[2.707120] (-) TimerEvent: {}
[2.807411] (-) TimerEvent: {}
[2.907679] (-) TimerEvent: {}
[3.008020] (-) TimerEvent: {}
[3.108308] (-) TimerEvent: {}
[3.208587] (-) TimerEvent: {}
[3.308871] (-) TimerEvent: {}
[3.409160] (-) TimerEvent: {}
[3.509433] (-) TimerEvent: {}
[3.609735] (-) TimerEvent: {}
[3.710055] (-) TimerEvent: {}
[3.810363] (-) TimerEvent: {}
[3.910667] (-) TimerEvent: {}
[4.010927] (-) TimerEvent: {}
[4.111206] (-) TimerEvent: {}
[4.211493] (-) TimerEvent: {}
[4.311756] (-) TimerEvent: {}
[4.412112] (-) TimerEvent: {}
[4.512440] (-) TimerEvent: {}
[4.612750] (-) TimerEvent: {}
[4.713174] (-) TimerEvent: {}
[4.813537] (-) TimerEvent: {}
[4.913857] (-) TimerEvent: {}
[5.014193] (-) TimerEvent: {}
[5.114478] (-) TimerEvent: {}
[5.214847] (-) TimerEvent: {}
[5.315147] (-) TimerEvent: {}
[5.415425] (-) TimerEvent: {}
[5.515734] (-) TimerEvent: {}
[5.616085] (-) TimerEvent: {}
[5.716397] (-) TimerEvent: {}
[5.816707] (-) TimerEvent: {}
[5.917049] (-) TimerEvent: {}
[6.017377] (-) TimerEvent: {}
[6.117685] (-) TimerEvent: {}
[6.218042] (-) TimerEvent: {}
[6.318348] (-) TimerEvent: {}
[6.418663] (-) TimerEvent: {}
[6.519053] (-) TimerEvent: {}
[6.619343] (-) TimerEvent: {}
[6.719663] (-) TimerEvent: {}
[6.819988] (-) TimerEvent: {}
[6.920268] (-) TimerEvent: {}
[7.020568] (-) TimerEvent: {}
[7.120924] (-) TimerEvent: {}
[7.221248] (-) TimerEvent: {}
[7.321525] (-) TimerEvent: {}
[7.421804] (-) TimerEvent: {}
[7.522165] (-) TimerEvent: {}
[7.622451] (-) TimerEvent: {}
[7.722764] (-) TimerEvent: {}
[7.823910] (-) TimerEvent: {}
[7.924198] (-) TimerEvent: {}
[8.024474] (-) TimerEvent: {}
[8.124772] (-) TimerEvent: {}
[8.225126] (-) TimerEvent: {}
[8.325426] (-) TimerEvent: {}
[8.425695] (-) TimerEvent: {}
[8.526031] (-) TimerEvent: {}
[8.626302] (-) TimerEvent: {}
[8.726577] (-) TimerEvent: {}
[8.826875] (-) TimerEvent: {}
[8.927139] (-) TimerEvent: {}
[9.027416] (-) TimerEvent: {}
[9.127716] (-) TimerEvent: {}
[9.228035] (-) TimerEvent: {}
[9.328329] (-) TimerEvent: {}
[9.428612] (-) TimerEvent: {}
[9.528920] (-) TimerEvent: {}
[9.629224] (-) TimerEvent: {}
[9.729530] (-) TimerEvent: {}
[9.829808] (-) TimerEvent: {}
[9.930137] (-) TimerEvent: {}
[10.030410] (-) TimerEvent: {}
[10.130671] (-) TimerEvent: {}
[10.230995] (-) TimerEvent: {}
[10.331303] (-) TimerEvent: {}
[10.431622] (-) TimerEvent: {}
[10.531917] (-) TimerEvent: {}
[10.632197] (-) TimerEvent: {}
[10.732482] (-) TimerEvent: {}
[10.832765] (-) TimerEvent: {}
[10.933073] (-) TimerEvent: {}
[11.033355] (-) TimerEvent: {}
[11.133626] (-) TimerEvent: {}
[11.233887] (-) TimerEvent: {}
[11.334169] (-) TimerEvent: {}
[11.434442] (-) TimerEvent: {}
[11.534704] (-) TimerEvent: {}
[11.635033] (-) TimerEvent: {}
[11.735306] (-) TimerEvent: {}
[11.835595] (-) TimerEvent: {}
[11.935882] (-) TimerEvent: {}
[12.036156] (-) TimerEvent: {}
[12.136465] (-) TimerEvent: {}
[12.236753] (-) TimerEvent: {}
[12.337088] (-) TimerEvent: {}
[12.437373] (-) TimerEvent: {}
[12.537643] (-) TimerEvent: {}
[12.637912] (-) TimerEvent: {}
[12.738171] (-) TimerEvent: {}
[12.838474] (-) TimerEvent: {}
[12.938765] (-) TimerEvent: {}
[13.039108] (-) TimerEvent: {}
[13.139378] (-) TimerEvent: {}
[13.239675] (-) TimerEvent: {}
[13.340010] (-) TimerEvent: {}
[13.375191] (orion_mtc) StdoutLine: {'line': b'[100%] Linking CXX executable mtc_node\n'}
[13.440160] (-) TimerEvent: {}
[13.540506] (-) TimerEvent: {}
[13.640821] (-) TimerEvent: {}
[13.707082] (orion_mtc) StdoutLine: {'line': b'[100%] Built target mtc_node\n'}
[13.726931] (orion_mtc) CommandEnded: {'returncode': 0}
[13.728233] (orion_mtc) JobProgress: {'identifier': 'orion_mtc', 'progress': 'install'}
[13.740984] (-) TimerEvent: {}
[13.746100] (orion_mtc) Command: {'cmd': ['/usr/bin/cmake', '--install', '/home/huzy/My_orion/build/orion_mtc'], 'cwd': '/home/huzy/My_orion/build/orion_mtc', 'env': OrderedDict([('GJS_DEBUG_TOPICS', 'JS ERROR;JS LOG'), ('LESSOPEN', '| /usr/bin/lesspipe %s'), ('VSCODE_CWD', '/home/huzy'), ('CURSOR_EXTENSION_HOST_ROLE', 'agent-exec'), ('VSCODE_ESM_ENTRYPOINT', 'vs/workbench/api/node/extensionHostProcess'), ('LANGUAGE', 'zh_CN:en_AU:en_US:en'), ('USER', 'huzy'), ('LC_TIME', 'zh_CN.UTF-8'), ('VSCODE_NLS_CONFIG', '{"userLocale":"zh-cn","osLocale":"zh-cn","resolvedLanguage":"zh-cn","defaultMessagesFile":"/tmp/.mount_CursorOWcrdm/usr/share/cursor/resources/app/out/nls.messages.json","languagePack":{"translationsConfigFile":"/home/huzy/.config/Cursor/clp/3bfb7f1471a52e527cfc1587dd57c7c1.zh-cn/tcf.json","messagesFile":"/home/huzy/.config/Cursor/clp/3bfb7f1471a52e527cfc1587dd57c7c1.zh-cn/7d96c2a03bb088ad367615e9da1a3fe20fbbc6a0/nls.messages.json","corruptMarkerFile":"/home/huzy/.config/Cursor/clp/3bfb7f1471a52e527cfc1587dd57c7c1.zh-cn/corrupted.info"},"locale":"zh-cn","availableLanguages":{"*":"zh-cn"},"_languagePackId":"3bfb7f1471a52e527cfc1587dd57c7c1.zh-cn","_languagePackSupport":true,"_translationsConfigFile":"/home/huzy/.config/Cursor/clp/3bfb7f1471a52e527cfc1587dd57c7c1.zh-cn/tcf.json","_cacheRoot":"/home/huzy/.config/Cursor/clp/3bfb7f1471a52e527cfc1587dd57c7c1.zh-cn","_resolvedLanguagePackCoreLocation":"/home/huzy/.config/Cursor/clp/3bfb7f1471a52e527cfc1587dd57c7c1.zh-cn/7d96c2a03bb088ad367615e9da1a3fe20fbbc6a0","_corruptedFile":"/home/huzy/.config/Cursor/clp/3bfb7f1471a52e527cfc1587dd57c7c1.zh-cn/corrupted.info"}'), ('CI', '1'), ('VSCODE_HANDLES_UNCAUGHT_ERRORS', 'true'), ('XDG_SESSION_TYPE', 'wayland'), ('SHLVL', '1'), ('LD_LIBRARY_PATH', '/usr/lib/x86_64-linux-gnu/gazebo-11/plugins:/opt/ros/humble/opt/rviz_ogre_vendor/lib:/opt/ros/humble/lib/x86_64-linux-gnu:/opt/ros/humble/lib:/tmp/.mount_CursorOWcrdm/usr/lib/:/tmp/.mount_CursorOWcrdm/usr/lib32/:/tmp/.mount_CursorOWcrdm/usr/lib64/:/tmp/.mount_CursorOWcrdm/lib/:/tmp/.mount_CursorOWcrdm/lib/i386-linux-gnu/:/tmp/.mount_CursorOWcrdm/lib/x86_64-linux-gnu/:/tmp/.mount_CursorOWcrdm/lib/aarch64-linux-gnu/:/tmp/.mount_CursorOWcrdm/lib32/:/tmp/.mount_CursorOWcrdm/lib64/:'), ('HOME', '/home/huzy'), ('CHROME_DESKTOP', 'cursor.desktop'), ('APPDIR', '/tmp/.mount_CursorOWcrdm'), ('OLDPWD', '/home/huzy/My_orion'), ('DESKTOP_SESSION', 'ubuntu'), ('PERLLIB', '/tmp/.mount_CursorOWcrdm/usr/share/perl5/:/tmp/.mount_CursorOWcrdm/usr/lib/perl5/:'), ('VSCODE_IPC_HOOK', '/run/user/1000/vscode-294d73a8-2.5.-main.sock'), ('GIO_LAUNCHED_DESKTOP_FILE', '/home/huzy/.local/share/applications/cursor-ime.desktop'), ('ROS_PYTHON_VERSION', '3'), ('GNOME_SHELL_SESSION_MODE', 'ubuntu'), ('GTK_MODULES', 'gail:atk-bridge'), ('SDL_IM_MODULE', 'fcitx'), ('LC_MONETARY', 'zh_CN.UTF-8'), ('MANAGERPID', '1607'), ('SYSTEMD_EXEC_PID', '1773'), ('IM_CONFIG_CHECK_ENV', '1'), ('NO_COLOR', '1'), ('DBUS_SESSION_BUS_ADDRESS', 'unix:path=/run/user/1000/bus'), ('GIO_LAUNCHED_DESKTOP_FILE_PID', '3183'), ('VSCODE_CRASH_REPORTER_PROCESS_TYPE', 'extensionHost'), ('IM_CONFIG_PHASE', '1'), ('WAYLAND_DISPLAY', 'wayland-0'), ('COLCON_PREFIX_PATH', '/home/huzy/My_orion/install'), ('ROS_DISTRO', 'humble'), ('GTK_IM_MODULE', 'fcitx'), ('LOGNAME', 'huzy'), ('FORCE_COLOR', '0'), ('OWD', '/home/huzy'), ('JOURNAL_STREAM', '8:21163'), ('_', '/usr/bin/colcon'), ('ROS_VERSION', '2'), ('XDG_SESSION_CLASS', 'user'), ('USERNAME', 'huzy'), ('TERM', 'dumb'), ('GNOME_DESKTOP_SESSION_ID', 'this-is-deprecated'), ('FC_FONTATIONS', '1'), ('ROS_LOCALHOST_ONLY', '0'), ('PATH', '/home/huzy/.local/bin:/home/huzy/bin:/home/huzy/bin:/home/huzy/.local/bin:/home/huzy/bin:/home/huzy/bin:/opt/ros/humble/bin:/tmp/.mount_CursorOWcrdm/usr/bin/:/tmp/.mount_CursorOWcrdm/usr/sbin/:/tmp/.mount_CursorOWcrdm/usr/games/:/tmp/.mount_CursorOWcrdm/bin/:/tmp/.mount_CursorOWcrdm/sbin/:/home/huzy/.local/bin:/home/huzy/bin:/usr/local/sbin:/usr/local/bin:/usr/sbin:/usr/bin:/sbin:/bin:/usr/games:/usr/local/games:/snap/bin:/snap/bin'), ('SESSION_MANAGER', 'local/huzy-virtual-machine:@/tmp/.ICE-unix/1741,unix/huzy-virtual-machine:/tmp/.ICE-unix/1741'), ('INVOCATION_ID', '311833884cc9487d8e70d892421720e4'), ('PAPERSIZE', 'a4'), ('APPIMAGE', '/home/huzy/Downloads/Cursor-1.4.5-x86_64.AppImage'), ('XDG_MENU_PREFIX', 'gnome-'), ('LC_ADDRESS', 'zh_CN.UTF-8'), ('VSCODE_PROCESS_TITLE', 'extension-host (agent-exec) [1-3]'), ('GNOME_SETUP_DISPLAY', ':1'), ('XDG_RUNTIME_DIR', '/run/user/1000'), ('GDK_BACKEND', 'x11'), ('CURSOR_AGENT', '1'), ('DISPLAY', ':0'), ('LANG', 'zh_CN.UTF-8'), ('XDG_CURRENT_DESKTOP', 'ubuntu:GNOME'), ('LC_TELEPHONE', 'zh_CN.UTF-8'), ('XMODIFIERS', '@im=fcitx'), ('XDG_SESSION_DESKTOP', 'ubuntu'), ('XAUTHORITY', '/run/user/1000/.mutter-Xwaylandauth.OG0JL3'), ('LS_COLORS', ''), ('CURSOR_TRACE_ID', '3f47ee1ee88440998a165de685813638'), ('SSH_AGENT_LAUNCHER', 'gnome-keyring'), ('SSH_AUTH_SOCK', '/run/user/1000/keyring/ssh'), ('GSETTINGS_SCHEMA_DIR', '/tmp/.mount_CursorOWcrdm/usr/share/glib-2.0/schemas/:'), ('AMENT_PREFIX_PATH', '/home/huzy/My_orion/install/orion_pybullet_sim:/home/huzy/My_orion/install/orion_mtc:/home/huzy/My_orion/install/orion_moveit_config:/home/huzy/My_orion/install/orion_description:/opt/ros/humble'), ('SHELL', '/bin/bash'), ('LC_NAME', 'zh_CN.UTF-8'), ('ARGV0', '/home/huzy/Downloads/Cursor-1.4.5-x86_64.AppImage'), ('QT_ACCESSIBILITY', '1'), ('GDMSESSION', 'ubuntu'), ('LESSCLOSE', '/usr/bin/lesspipe %s %s'), ('LC_MEASUREMENT', 'zh_CN.UTF-8'), ('GJS_DEBUG_OUTPUT', 'stderr'), ('LC_IDENTIFICATION', 'zh_CN.UTF-8'), ('QT_IM_MODULE', 'fcitx'), ('PWD', '/home/huzy/My_orion/build/orion_mtc'), ('XDG_CONFIG_DIRS', '/etc/xdg/xdg-ubuntu:/etc/xdg'), ('VSCODE_CODE_CACHE_PATH', '/home/huzy/.config/Cursor/CachedData/7d96c2a03bb088ad367615e9da1a3fe20fbbc6a0'), ('CLUTTER_IM_MODULE', 'fcitx'), ('XDG_DATA_DIRS', '/tmp/.mount_CursorOWcrdm/usr/share/:/usr/local/share:/usr/share:/usr/share/ubuntu:/usr/local/share/:/usr/share/:/var/lib/snapd/desktop'), ('PYTHONPATH', '/home/huzy/My_orion/install/orion_pybullet_sim/lib/python3.10/site-packages:/opt/ros/humble/lib/python3.10/site-packages:/opt/ros/humble/local/lib/python3.10/dist-packages'), ('LC_NUMERIC', 'zh_CN.UTF-8'), ('LC_PAPER', 'zh_CN.UTF-8'), ('QT_PLUGIN_PATH', '/tmp/.mount_CursorOWcrdm/usr/lib/qt4/plugins/:/tmp/.mount_CursorOWcrdm/usr/lib/i386-linux-gnu/qt4/plugins/:/tmp/.mount_CursorOWcrdm/usr/lib/x86_64-linux-gnu/qt4/plugins/:/tmp/.mount_CursorOWcrdm/usr/lib/aarch64-linux-gnu/qt4/plugins/:/tmp/.mount_CursorOWcrdm/usr/lib32/qt4/plugins/:/tmp/.mount_CursorOWcrdm/usr/lib64/qt4/plugins/:/tmp/.mount_CursorOWcrdm/usr/lib/qt5/plugins/:/tmp/.mount_CursorOWcrdm/usr/lib/i386-linux-gnu/qt5/plugins/:/tmp/.mount_CursorOWcrdm/usr/lib/x86_64-linux-gnu/qt5/plugins/:/tmp/.mount_CursorOWcrdm/usr/lib/aarch64-linux-gnu/qt5/plugins/:/tmp/.mount_CursorOWcrdm/usr/lib32/qt5/plugins/:/tmp/.mount_CursorOWcrdm/usr/lib64/qt5/plugins/:'), ('COLCON', '1'), ('_ZO_DOCTOR', '0'), ('CMAKE_PREFIX_PATH', '/home/huzy/My_orion/install/orion_moveit_config:/home/huzy/My_orion/install/orion_description:/home/huzy/My_orion/install/orion_mtc:/home/huzy/My_orion/install/orion_pybullet_sim:/opt/ros/humble'), ('VSCODE_PID', '3183')]), 'shell': False}
[13.762968] (orion_mtc) StdoutLine: {'line': b'-- Install configuration: "Release"\n'}
[13.763259] (orion_mtc) StdoutLine: {'line': b'-- Execute custom install script\n'}
[13.763539] (orion_mtc) StdoutLine: {'line': b'-- Up-to-date symlink: /home/huzy/My_orion/install/orion_mtc/lib/orion_mtc/mtc_node\n'}
[13.763741] (orion_mtc) StdoutLine: {'line': b'-- Up-to-date symlink: /home/huzy/My_orion/install/orion_mtc/share/orion_mtc/launch/pick_place_demo.launch.py\n'}
[13.763954] (orion_mtc) StdoutLine: {'line': b'-- Up-to-date symlink: /home/huzy/My_orion/install/orion_mtc/share/orion_mtc/launch/pick_place_pybullet.launch.py\n'}
[13.764213] (orion_mtc) StdoutLine: {'line': b'-- Up-to-date symlink: /home/huzy/My_orion/install/orion_mtc/share/ament_index/resource_index/package_run_dependencies/orion_mtc\n'}
[13.764275] (orion_mtc) StdoutLine: {'line': b'-- Up-to-date symlink: /home/huzy/My_orion/install/orion_mtc/share/ament_index/resource_index/parent_prefix_path/orion_mtc\n'}
[13.764352] (orion_mtc) StdoutLine: {'line': b'-- Up-to-date symlink: /home/huzy/My_orion/install/orion_mtc/share/orion_mtc/environment/ament_prefix_path.sh\n'}
[13.764637] (orion_mtc) StdoutLine: {'line': b'-- Up-to-date symlink: /home/huzy/My_orion/install/orion_mtc/share/orion_mtc/environment/ament_prefix_path.dsv\n'}
[13.764740] (orion_mtc) StdoutLine: {'line': b'-- Up-to-date symlink: /home/huzy/My_orion/install/orion_mtc/share/orion_mtc/environment/path.sh\n'}
[13.764838] (orion_mtc) StdoutLine: {'line': b'-- Up-to-date symlink: /home/huzy/My_orion/install/orion_mtc/share/orion_mtc/environment/path.dsv\n'}
[13.764940] (orion_mtc) StdoutLine: {'line': b'-- Up-to-date symlink: /home/huzy/My_orion/install/orion_mtc/share/orion_mtc/local_setup.bash\n'}
[13.765127] (orion_mtc) StdoutLine: {'line': b'-- Up-to-date symlink: /home/huzy/My_orion/install/orion_mtc/share/orion_mtc/local_setup.sh\n'}
[13.765193] (orion_mtc) StdoutLine: {'line': b'-- Up-to-date symlink: /home/huzy/My_orion/install/orion_mtc/share/orion_mtc/local_setup.zsh\n'}
[13.765251] (orion_mtc) StdoutLine: {'line': b'-- Up-to-date symlink: /home/huzy/My_orion/install/orion_mtc/share/orion_mtc/local_setup.dsv\n'}
[13.765318] (orion_mtc) StdoutLine: {'line': b'-- Symlinking: /home/huzy/My_orion/install/orion_mtc/share/orion_mtc/package.dsv\n'}
[13.782183] (orion_mtc) StdoutLine: {'line': b'-- Up-to-date symlink: /home/huzy/My_orion/install/orion_mtc/share/ament_index/resource_index/packages/orion_mtc\n'}
[13.782527] (orion_mtc) StdoutLine: {'line': b'-- Up-to-date symlink: /home/huzy/My_orion/install/orion_mtc/share/orion_mtc/cmake/orion_mtcConfig.cmake\n'}
[13.782612] (orion_mtc) StdoutLine: {'line': b'-- Up-to-date symlink: /home/huzy/My_orion/install/orion_mtc/share/orion_mtc/cmake/orion_mtcConfig-version.cmake\n'}
[13.782652] (orion_mtc) StdoutLine: {'line': b'-- Up-to-date symlink: /home/huzy/My_orion/install/orion_mtc/share/orion_mtc/package.xml\n'}
[13.783883] (orion_mtc) CommandEnded: {'returncode': 0}
[13.798838] (orion_mtc) JobEnded: {'identifier': 'orion_mtc', 'rc': 0}
[13.799675] (-) EventReactorShutdown: {}
