[0.000000] (-) TimerEvent: {}
[0.000293] (-) JobUnselected: {'identifier': 'orion_description'}
[0.000641] (-) JobUnselected: {'identifier': 'orion_moveit_config'}
[0.000690] (-) JobUnselected: {'identifier': 'orion_pybullet_sim'}
[0.000720] (orion_mtc) JobQueued: {'identifier': 'orion_mtc', 'dependencies': OrderedDict([('orion_description', '/home/huzy/My_orion/install/orion_description'), ('orion_moveit_config', '/home/huzy/My_orion/install/orion_moveit_config'), ('orion_pybullet_sim', '/home/huzy/My_orion/install/orion_pybullet_sim')])}
[0.000758] (orion_mtc) JobStarted: {'identifier': 'orion_mtc'}
[0.039442] (orion_mtc) JobProgress: {'identifier': 'orion_mtc', 'progress': 'cmake'}
[0.040267] (orion_mtc) JobProgress: {'identifier': 'orion_mtc', 'progress': 'build'}
[0.040951] (orion_mtc) Command: {'cmd': ['/usr/bin/cmake', '--build', '/home/huzy/My_orion/build/orion_mtc', '--', '-j8', '-l8'], 'cwd': '/home/huzy/My_orion/build/orion_mtc', 'env': OrderedDict([('GJS_DEBUG_TOPICS', 'JS ERROR;JS LOG'), ('LESSOPEN', '| /usr/bin/lesspipe %s'), ('VSCODE_CWD', '/home/huzy'), ('CURSOR_EXTENSION_HOST_ROLE', 'agent-exec'), ('VSCODE_ESM_ENTRYPOINT', 'vs/workbench/api/node/extensionHostProcess'), ('LANGUAGE', 'zh_CN:en_AU:en_US:en'), ('USER', 'huzy'), ('LC_TIME', 'zh_CN.UTF-8'), ('VSCODE_NLS_CONFIG', '{"userLocale":"zh-cn","osLocale":"zh-cn","resolvedLanguage":"zh-cn","defaultMessagesFile":"/tmp/.mount_CursoriSs0re/usr/share/cursor/resources/app/out/nls.messages.json","languagePack":{"translationsConfigFile":"/home/huzy/.config/Cursor/clp/3bfb7f1471a52e527cfc1587dd57c7c1.zh-cn/tcf.json","messagesFile":"/home/huzy/.config/Cursor/clp/3bfb7f1471a52e527cfc1587dd57c7c1.zh-cn/7d96c2a03bb088ad367615e9da1a3fe20fbbc6a0/nls.messages.json","corruptMarkerFile":"/home/huzy/.config/Cursor/clp/3bfb7f1471a52e527cfc1587dd57c7c1.zh-cn/corrupted.info"},"locale":"zh-cn","availableLanguages":{"*":"zh-cn"},"_languagePackId":"3bfb7f1471a52e527cfc1587dd57c7c1.zh-cn","_languagePackSupport":true,"_translationsConfigFile":"/home/huzy/.config/Cursor/clp/3bfb7f1471a52e527cfc1587dd57c7c1.zh-cn/tcf.json","_cacheRoot":"/home/huzy/.config/Cursor/clp/3bfb7f1471a52e527cfc1587dd57c7c1.zh-cn","_resolvedLanguagePackCoreLocation":"/home/huzy/.config/Cursor/clp/3bfb7f1471a52e527cfc1587dd57c7c1.zh-cn/7d96c2a03bb088ad367615e9da1a3fe20fbbc6a0","_corruptedFile":"/home/huzy/.config/Cursor/clp/3bfb7f1471a52e527cfc1587dd57c7c1.zh-cn/corrupted.info"}'), ('CI', '1'), ('VSCODE_HANDLES_UNCAUGHT_ERRORS', 'true'), ('XDG_SESSION_TYPE', 'wayland'), ('SHLVL', '1'), ('LD_LIBRARY_PATH', '/usr/lib/x86_64-linux-gnu/gazebo-11/plugins:/opt/ros/humble/opt/rviz_ogre_vendor/lib:/opt/ros/humble/lib/x86_64-linux-gnu:/opt/ros/humble/lib:/tmp/.mount_CursoriSs0re/usr/lib/:/tmp/.mount_CursoriSs0re/usr/lib32/:/tmp/.mount_CursoriSs0re/usr/lib64/:/tmp/.mount_CursoriSs0re/lib/:/tmp/.mount_CursoriSs0re/lib/i386-linux-gnu/:/tmp/.mount_CursoriSs0re/lib/x86_64-linux-gnu/:/tmp/.mount_CursoriSs0re/lib/aarch64-linux-gnu/:/tmp/.mount_CursoriSs0re/lib32/:/tmp/.mount_CursoriSs0re/lib64/:'), ('HOME', '/home/huzy'), ('CHROME_DESKTOP', 'cursor.desktop'), ('APPDIR', '/tmp/.mount_CursoriSs0re'), ('OLDPWD', '/home/huzy/My_orion'), ('DESKTOP_SESSION', 'ubuntu'), ('PERLLIB', '/tmp/.mount_CursoriSs0re/usr/share/perl5/:/tmp/.mount_CursoriSs0re/usr/lib/perl5/:'), ('VSCODE_IPC_HOOK', '/run/user/1000/vscode-294d73a8-2.5.-main.sock'), ('GIO_LAUNCHED_DESKTOP_FILE', '/home/huzy/.local/share/applications/cursor-ime.desktop'), ('ROS_PYTHON_VERSION', '3'), ('GNOME_SHELL_SESSION_MODE', 'ubuntu'), ('GTK_MODULES', 'gail:atk-bridge'), ('SDL_IM_MODULE', 'fcitx'), ('LC_MONETARY', 'zh_CN.UTF-8'), ('MANAGERPID', '1541'), ('SYSTEMD_EXEC_PID', '1709'), ('IM_CONFIG_CHECK_ENV', '1'), ('NO_COLOR', '1'), ('DBUS_SESSION_BUS_ADDRESS', 'unix:path=/run/user/1000/bus'), ('GIO_LAUNCHED_DESKTOP_FILE_PID', '3264'), ('VSCODE_CRASH_REPORTER_PROCESS_TYPE', 'extensionHost'), ('IM_CONFIG_PHASE', '1'), ('WAYLAND_DISPLAY', 'wayland-0'), ('COLCON_PREFIX_PATH', '/home/huzy/My_orion/install'), ('ROS_DISTRO', 'humble'), ('GTK_IM_MODULE', 'fcitx'), ('LOGNAME', 'huzy'), ('FORCE_COLOR', '0'), ('OWD', '/home/huzy'), ('JOURNAL_STREAM', '8:22044'), ('_', '/usr/bin/colcon'), ('ROS_VERSION', '2'), ('XDG_SESSION_CLASS', 'user'), ('USERNAME', 'huzy'), ('TERM', 'dumb'), ('GNOME_DESKTOP_SESSION_ID', 'this-is-deprecated'), ('FC_FONTATIONS', '1'), ('ROS_LOCALHOST_ONLY', '0'), ('PATH', '/home/huzy/.local/bin:/home/huzy/bin:/home/huzy/bin:/home/huzy/.local/bin:/home/huzy/bin:/home/huzy/bin:/opt/ros/humble/bin:/tmp/.mount_CursoriSs0re/usr/bin/:/tmp/.mount_CursoriSs0re/usr/sbin/:/tmp/.mount_CursoriSs0re/usr/games/:/tmp/.mount_CursoriSs0re/bin/:/tmp/.mount_CursoriSs0re/sbin/:/home/huzy/.local/bin:/home/huzy/bin:/usr/local/sbin:/usr/local/bin:/usr/sbin:/usr/bin:/sbin:/bin:/usr/games:/usr/local/games:/snap/bin:/snap/bin'), ('SESSION_MANAGER', 'local/huzy-virtual-machine:@/tmp/.ICE-unix/1675,unix/huzy-virtual-machine:/tmp/.ICE-unix/1675'), ('INVOCATION_ID', 'a2601410a8d14920833ed6807e68bc15'), ('PAPERSIZE', 'a4'), ('APPIMAGE', '/home/huzy/Downloads/Cursor-1.4.5-x86_64.AppImage'), ('XDG_MENU_PREFIX', 'gnome-'), ('LC_ADDRESS', 'zh_CN.UTF-8'), ('VSCODE_PROCESS_TITLE', 'extension-host (agent-exec) [1-6]'), ('GNOME_SETUP_DISPLAY', ':1'), ('XDG_RUNTIME_DIR', '/run/user/1000'), ('GDK_BACKEND', 'x11'), ('CURSOR_AGENT', '1'), ('DISPLAY', ':0'), ('LANG', 'zh_CN.UTF-8'), ('XDG_CURRENT_DESKTOP', 'ubuntu:GNOME'), ('LC_TELEPHONE', 'zh_CN.UTF-8'), ('XMODIFIERS', '@im=fcitx'), ('XDG_SESSION_DESKTOP', 'ubuntu'), ('XAUTHORITY', '/run/user/1000/.mutter-Xwaylandauth.4ZVTL3'), ('LS_COLORS', ''), ('CURSOR_TRACE_ID', '2ac507847837424d9bf65893652cc69d'), ('SSH_AGENT_LAUNCHER', 'gnome-keyring'), ('SSH_AUTH_SOCK', '/run/user/1000/keyring/ssh'), ('GSETTINGS_SCHEMA_DIR', '/tmp/.mount_CursoriSs0re/usr/share/glib-2.0/schemas/:'), ('AMENT_PREFIX_PATH', '/home/huzy/My_orion/install/orion_pybullet_sim:/home/huzy/My_orion/install/orion_mtc:/home/huzy/My_orion/install/orion_moveit_config:/home/huzy/My_orion/install/orion_description:/opt/ros/humble'), ('SHELL', '/bin/bash'), ('LC_NAME', 'zh_CN.UTF-8'), ('ARGV0', '/home/huzy/Downloads/Cursor-1.4.5-x86_64.AppImage'), ('QT_ACCESSIBILITY', '1'), ('GDMSESSION', 'ubuntu'), ('LESSCLOSE', '/usr/bin/lesspipe %s %s'), ('LC_MEASUREMENT', 'zh_CN.UTF-8'), ('GJS_DEBUG_OUTPUT', 'stderr'), ('LC_IDENTIFICATION', 'zh_CN.UTF-8'), ('QT_IM_MODULE', 'fcitx'), ('PWD', '/home/huzy/My_orion/build/orion_mtc'), ('XDG_CONFIG_DIRS', '/etc/xdg/xdg-ubuntu:/etc/xdg'), ('VSCODE_CODE_CACHE_PATH', '/home/huzy/.config/Cursor/CachedData/7d96c2a03bb088ad367615e9da1a3fe20fbbc6a0'), ('CLUTTER_IM_MODULE', 'fcitx'), ('XDG_DATA_DIRS', '/tmp/.mount_CursoriSs0re/usr/share/:/usr/local/share:/usr/share:/usr/share/ubuntu:/usr/local/share/:/usr/share/:/var/lib/snapd/desktop'), ('PYTHONPATH', '/home/huzy/My_orion/install/orion_pybullet_sim/lib/python3.10/site-packages:/opt/ros/humble/lib/python3.10/site-packages:/opt/ros/humble/local/lib/python3.10/dist-packages'), ('LC_NUMERIC', 'zh_CN.UTF-8'), ('LC_PAPER', 'zh_CN.UTF-8'), ('QT_PLUGIN_PATH', '/tmp/.mount_CursoriSs0re/usr/lib/qt4/plugins/:/tmp/.mount_CursoriSs0re/usr/lib/i386-linux-gnu/qt4/plugins/:/tmp/.mount_CursoriSs0re/usr/lib/x86_64-linux-gnu/qt4/plugins/:/tmp/.mount_CursoriSs0re/usr/lib/aarch64-linux-gnu/qt4/plugins/:/tmp/.mount_CursoriSs0re/usr/lib32/qt4/plugins/:/tmp/.mount_CursoriSs0re/usr/lib64/qt4/plugins/:/tmp/.mount_CursoriSs0re/usr/lib/qt5/plugins/:/tmp/.mount_CursoriSs0re/usr/lib/i386-linux-gnu/qt5/plugins/:/tmp/.mount_CursoriSs0re/usr/lib/x86_64-linux-gnu/qt5/plugins/:/tmp/.mount_CursoriSs0re/usr/lib/aarch64-linux-gnu/qt5/plugins/:/tmp/.mount_CursoriSs0re/usr/lib32/qt5/plugins/:/tmp/.mount_CursoriSs0re/usr/lib64/qt5/plugins/:'), ('COLCON', '1'), ('_ZO_DOCTOR', '0'), ('CMAKE_PREFIX_PATH', '/home/huzy/My_orion/install/orion_moveit_config:/home/huzy/My_orion/install/orion_description:/home/huzy/My_orion/install/orion_mtc:/home/huzy/My_orion/install/orion_pybullet_sim:/opt/ros/humble'), ('VSCODE_PID', '3264')]), 'shell': False}
[0.099145] (-) TimerEvent: {}
[0.173252] (orion_mtc) StdoutLine: {'line': b'Consolidate compiler generated dependencies of target mtc_node\n'}
[0.199294] (-) TimerEvent: {}
[0.220527] (orion_mtc) StdoutLine: {'line': b'[ 50%] Building CXX object CMakeFiles/mtc_node.dir/src/mtc_node.cpp.o\n'}
[0.299450] (-) TimerEvent: {}
[0.399730] (-) TimerEvent: {}
[0.500015] (-) TimerEvent: {}
[0.600326] (-) TimerEvent: {}
[0.700615] (-) TimerEvent: {}
[0.800920] (-) TimerEvent: {}
[0.901265] (-) TimerEvent: {}
[1.001552] (-) TimerEvent: {}
[1.101854] (-) TimerEvent: {}
[1.202167] (-) TimerEvent: {}
[1.302498] (-) TimerEvent: {}
[1.402823] (-) TimerEvent: {}
[1.503132] (-) TimerEvent: {}
[1.603443] (-) TimerEvent: {}
[1.703711] (-) TimerEvent: {}
[1.804022] (-) TimerEvent: {}
[1.904344] (-) TimerEvent: {}
[2.004673] (-) TimerEvent: {}
[2.105004] (-) TimerEvent: {}
[2.205293] (-) TimerEvent: {}
[2.305591] (-) TimerEvent: {}
[2.405876] (-) TimerEvent: {}
[2.506188] (-) TimerEvent: {}
[2.606498] (-) TimerEvent: {}
[2.706781] (-) TimerEvent: {}
[2.807076] (-) TimerEvent: {}
[2.907392] (-) TimerEvent: {}
[3.007730] (-) TimerEvent: {}
[3.109025] (-) TimerEvent: {}
[3.209321] (-) TimerEvent: {}
[3.309687] (-) TimerEvent: {}
[3.410027] (-) TimerEvent: {}
[3.510370] (-) TimerEvent: {}
[3.611290] (-) TimerEvent: {}
[3.711573] (-) TimerEvent: {}
[3.811876] (-) TimerEvent: {}
[3.912258] (-) TimerEvent: {}
[4.012611] (-) TimerEvent: {}
[4.112956] (-) TimerEvent: {}
[4.213373] (-) TimerEvent: {}
[4.313699] (-) TimerEvent: {}
[4.413967] (-) TimerEvent: {}
[4.514285] (-) TimerEvent: {}
[4.614744] (-) TimerEvent: {}
[4.715307] (-) TimerEvent: {}
[4.815685] (-) TimerEvent: {}
[4.916218] (-) TimerEvent: {}
[5.016538] (-) TimerEvent: {}
[5.116848] (-) TimerEvent: {}
[5.217359] (-) TimerEvent: {}
[5.318769] (-) TimerEvent: {}
[5.419188] (-) TimerEvent: {}
[5.519473] (-) TimerEvent: {}
[5.621030] (-) TimerEvent: {}
[5.721327] (-) TimerEvent: {}
[5.821647] (-) TimerEvent: {}
[5.922094] (-) TimerEvent: {}
[6.022438] (-) TimerEvent: {}
[6.122735] (-) TimerEvent: {}
[6.223089] (-) TimerEvent: {}
[6.323602] (-) TimerEvent: {}
[6.424035] (-) TimerEvent: {}
[6.524356] (-) TimerEvent: {}
[6.624666] (-) TimerEvent: {}
[6.725044] (-) TimerEvent: {}
[6.825364] (-) TimerEvent: {}
[6.925687] (-) TimerEvent: {}
[7.026036] (-) TimerEvent: {}
[7.126448] (-) TimerEvent: {}
[7.226847] (-) TimerEvent: {}
[7.327259] (-) TimerEvent: {}
[7.427746] (-) TimerEvent: {}
[7.528054] (-) TimerEvent: {}
[7.628387] (-) TimerEvent: {}
[7.728656] (-) TimerEvent: {}
[7.828977] (-) TimerEvent: {}
[7.929287] (-) TimerEvent: {}
[8.029582] (-) TimerEvent: {}
[8.129863] (-) TimerEvent: {}
[8.230198] (-) TimerEvent: {}
[8.330703] (-) TimerEvent: {}
[8.431038] (-) TimerEvent: {}
[8.531375] (-) TimerEvent: {}
[8.631770] (-) TimerEvent: {}
[8.732134] (-) TimerEvent: {}
[8.832456] (-) TimerEvent: {}
[8.932822] (-) TimerEvent: {}
[9.033213] (-) TimerEvent: {}
[9.133511] (-) TimerEvent: {}
[9.233793] (-) TimerEvent: {}
[9.334101] (-) TimerEvent: {}
[9.434518] (-) TimerEvent: {}
[9.534861] (-) TimerEvent: {}
[9.635180] (-) TimerEvent: {}
[9.735519] (-) TimerEvent: {}
[9.836042] (-) TimerEvent: {}
[9.936367] (-) TimerEvent: {}
[10.036684] (-) TimerEvent: {}
[10.137029] (-) TimerEvent: {}
[10.237359] (-) TimerEvent: {}
[10.337675] (-) TimerEvent: {}
[10.438031] (-) TimerEvent: {}
[10.538318] (-) TimerEvent: {}
[10.638607] (-) TimerEvent: {}
[10.738944] (-) TimerEvent: {}
[10.839238] (-) TimerEvent: {}
[10.939542] (-) TimerEvent: {}
[11.039836] (-) TimerEvent: {}
[11.140153] (-) TimerEvent: {}
[11.240495] (-) TimerEvent: {}
[11.340807] (-) TimerEvent: {}
[11.441175] (-) TimerEvent: {}
[11.541482] (-) TimerEvent: {}
[11.641791] (-) TimerEvent: {}
[11.742146] (-) TimerEvent: {}
[11.842600] (-) TimerEvent: {}
[11.943027] (-) TimerEvent: {}
[12.043348] (-) TimerEvent: {}
[12.143674] (-) TimerEvent: {}
[12.244031] (-) TimerEvent: {}
[12.344393] (-) TimerEvent: {}
[12.444829] (-) TimerEvent: {}
[12.545434] (-) TimerEvent: {}
[12.645829] (-) TimerEvent: {}
[12.746331] (-) TimerEvent: {}
[12.846647] (-) TimerEvent: {}
[12.947001] (-) TimerEvent: {}
[13.047416] (-) TimerEvent: {}
[13.147899] (-) TimerEvent: {}
[13.248247] (-) TimerEvent: {}
[13.348535] (-) TimerEvent: {}
[13.448857] (-) TimerEvent: {}
[13.549168] (-) TimerEvent: {}
[13.649461] (-) TimerEvent: {}
[13.749775] (-) TimerEvent: {}
[13.850062] (-) TimerEvent: {}
[13.950413] (-) TimerEvent: {}
[14.050787] (-) TimerEvent: {}
[14.151580] (-) TimerEvent: {}
[14.251963] (-) TimerEvent: {}
[14.352250] (-) TimerEvent: {}
[14.452611] (-) TimerEvent: {}
[14.553155] (-) TimerEvent: {}
[14.654035] (-) TimerEvent: {}
[14.754353] (-) TimerEvent: {}
[14.854648] (-) TimerEvent: {}
[14.955001] (-) TimerEvent: {}
[15.055348] (-) TimerEvent: {}
[15.156364] (-) TimerEvent: {}
[15.256747] (-) TimerEvent: {}
[15.357108] (-) TimerEvent: {}
[15.457481] (-) TimerEvent: {}
[15.557825] (-) TimerEvent: {}
[15.658161] (-) TimerEvent: {}
[15.758551] (-) TimerEvent: {}
[15.858901] (-) TimerEvent: {}
[15.959187] (-) TimerEvent: {}
[16.059496] (-) TimerEvent: {}
[16.159795] (-) TimerEvent: {}
[16.260256] (-) TimerEvent: {}
[16.360525] (-) TimerEvent: {}
[16.461043] (-) TimerEvent: {}
[16.561349] (-) TimerEvent: {}
[16.661648] (-) TimerEvent: {}
[16.762003] (-) TimerEvent: {}
[16.862267] (-) TimerEvent: {}
[16.962635] (-) TimerEvent: {}
[17.063050] (-) TimerEvent: {}
[17.163346] (-) TimerEvent: {}
[17.263649] (-) TimerEvent: {}
[17.363983] (-) TimerEvent: {}
[17.464350] (-) TimerEvent: {}
[17.564673] (-) TimerEvent: {}
[17.665066] (-) TimerEvent: {}
[17.765433] (-) TimerEvent: {}
[17.865740] (-) TimerEvent: {}
[17.966072] (-) TimerEvent: {}
[18.066410] (-) TimerEvent: {}
[18.166690] (-) TimerEvent: {}
[18.266977] (-) TimerEvent: {}
[18.367427] (-) TimerEvent: {}
[18.467723] (-) TimerEvent: {}
[18.568152] (-) TimerEvent: {}
[18.668563] (-) TimerEvent: {}
[18.768887] (-) TimerEvent: {}
[18.869235] (-) TimerEvent: {}
[18.969539] (-) TimerEvent: {}
[19.069840] (-) TimerEvent: {}
[19.170229] (-) TimerEvent: {}
[19.270537] (-) TimerEvent: {}
[19.370825] (-) TimerEvent: {}
[19.471154] (-) TimerEvent: {}
[19.571455] (-) TimerEvent: {}
[19.671785] (-) TimerEvent: {}
[19.772276] (-) TimerEvent: {}
[19.872634] (-) TimerEvent: {}
[19.972980] (-) TimerEvent: {}
[20.073287] (-) TimerEvent: {}
[20.173602] (-) TimerEvent: {}
[20.273963] (-) TimerEvent: {}
[20.374385] (-) TimerEvent: {}
[20.474772] (-) TimerEvent: {}
[20.575221] (-) TimerEvent: {}
[20.675507] (-) TimerEvent: {}
[20.775807] (-) TimerEvent: {}
[20.876155] (-) TimerEvent: {}
[20.976484] (-) TimerEvent: {}
[21.076888] (-) TimerEvent: {}
[21.177340] (-) TimerEvent: {}
[21.277641] (-) TimerEvent: {}
[21.378014] (-) TimerEvent: {}
[21.478311] (-) TimerEvent: {}
[21.578611] (-) TimerEvent: {}
[21.679063] (-) TimerEvent: {}
[21.779400] (-) TimerEvent: {}
[21.879704] (-) TimerEvent: {}
[21.980076] (-) TimerEvent: {}
[22.080394] (-) TimerEvent: {}
[22.180708] (-) TimerEvent: {}
[22.281130] (-) TimerEvent: {}
[22.381471] (-) TimerEvent: {}
[22.481753] (-) TimerEvent: {}
[22.582006] (-) TimerEvent: {}
[22.683741] (-) TimerEvent: {}
[22.784012] (-) TimerEvent: {}
[22.884368] (-) TimerEvent: {}
[22.988126] (-) TimerEvent: {}
[23.088398] (-) TimerEvent: {}
[23.188679] (-) TimerEvent: {}
[23.289116] (-) TimerEvent: {}
[23.389445] (-) TimerEvent: {}
[23.489887] (-) TimerEvent: {}
[23.590181] (-) TimerEvent: {}
[23.690482] (-) TimerEvent: {}
[23.790773] (-) TimerEvent: {}
[23.894010] (-) TimerEvent: {}
[23.994334] (-) TimerEvent: {}
[24.094656] (-) TimerEvent: {}
[24.195143] (-) TimerEvent: {}
[24.295445] (-) TimerEvent: {}
[24.395765] (-) TimerEvent: {}
[24.496091] (-) TimerEvent: {}
[24.596440] (-) TimerEvent: {}
[24.696796] (-) TimerEvent: {}
[24.797189] (-) TimerEvent: {}
[24.897500] (-) TimerEvent: {}
[24.997807] (-) TimerEvent: {}
[25.098156] (-) TimerEvent: {}
[25.198468] (-) TimerEvent: {}
[25.298740] (-) TimerEvent: {}
[25.399041] (-) TimerEvent: {}
[25.499332] (-) TimerEvent: {}
[25.599633] (-) TimerEvent: {}
[25.699983] (-) TimerEvent: {}
[25.800340] (-) TimerEvent: {}
[25.900658] (-) TimerEvent: {}
[26.000986] (-) TimerEvent: {}
[26.101299] (-) TimerEvent: {}
[26.201649] (-) TimerEvent: {}
[26.302026] (-) TimerEvent: {}
[26.402315] (-) TimerEvent: {}
[26.502616] (-) TimerEvent: {}
[26.602919] (-) TimerEvent: {}
[26.703239] (-) TimerEvent: {}
[26.803531] (-) TimerEvent: {}
[26.903831] (-) TimerEvent: {}
[27.005151] (-) TimerEvent: {}
[27.105446] (-) TimerEvent: {}
[27.205726] (-) TimerEvent: {}
[27.240877] (orion_mtc) StdoutLine: {'line': b'[100%] Linking CXX executable mtc_node\n'}
[27.305894] (-) TimerEvent: {}
[27.406195] (-) TimerEvent: {}
[27.506488] (-) TimerEvent: {}
[27.606759] (-) TimerEvent: {}
[27.707057] (-) TimerEvent: {}
[27.734341] (orion_mtc) StdoutLine: {'line': b'[100%] Built target mtc_node\n'}
[27.766561] (orion_mtc) CommandEnded: {'returncode': 0}
[27.767553] (orion_mtc) JobProgress: {'identifier': 'orion_mtc', 'progress': 'install'}
[27.790920] (orion_mtc) Command: {'cmd': ['/usr/bin/cmake', '--install', '/home/huzy/My_orion/build/orion_mtc'], 'cwd': '/home/huzy/My_orion/build/orion_mtc', 'env': OrderedDict([('GJS_DEBUG_TOPICS', 'JS ERROR;JS LOG'), ('LESSOPEN', '| /usr/bin/lesspipe %s'), ('VSCODE_CWD', '/home/huzy'), ('CURSOR_EXTENSION_HOST_ROLE', 'agent-exec'), ('VSCODE_ESM_ENTRYPOINT', 'vs/workbench/api/node/extensionHostProcess'), ('LANGUAGE', 'zh_CN:en_AU:en_US:en'), ('USER', 'huzy'), ('LC_TIME', 'zh_CN.UTF-8'), ('VSCODE_NLS_CONFIG', '{"userLocale":"zh-cn","osLocale":"zh-cn","resolvedLanguage":"zh-cn","defaultMessagesFile":"/tmp/.mount_CursoriSs0re/usr/share/cursor/resources/app/out/nls.messages.json","languagePack":{"translationsConfigFile":"/home/huzy/.config/Cursor/clp/3bfb7f1471a52e527cfc1587dd57c7c1.zh-cn/tcf.json","messagesFile":"/home/huzy/.config/Cursor/clp/3bfb7f1471a52e527cfc1587dd57c7c1.zh-cn/7d96c2a03bb088ad367615e9da1a3fe20fbbc6a0/nls.messages.json","corruptMarkerFile":"/home/huzy/.config/Cursor/clp/3bfb7f1471a52e527cfc1587dd57c7c1.zh-cn/corrupted.info"},"locale":"zh-cn","availableLanguages":{"*":"zh-cn"},"_languagePackId":"3bfb7f1471a52e527cfc1587dd57c7c1.zh-cn","_languagePackSupport":true,"_translationsConfigFile":"/home/huzy/.config/Cursor/clp/3bfb7f1471a52e527cfc1587dd57c7c1.zh-cn/tcf.json","_cacheRoot":"/home/huzy/.config/Cursor/clp/3bfb7f1471a52e527cfc1587dd57c7c1.zh-cn","_resolvedLanguagePackCoreLocation":"/home/huzy/.config/Cursor/clp/3bfb7f1471a52e527cfc1587dd57c7c1.zh-cn/7d96c2a03bb088ad367615e9da1a3fe20fbbc6a0","_corruptedFile":"/home/huzy/.config/Cursor/clp/3bfb7f1471a52e527cfc1587dd57c7c1.zh-cn/corrupted.info"}'), ('CI', '1'), ('VSCODE_HANDLES_UNCAUGHT_ERRORS', 'true'), ('XDG_SESSION_TYPE', 'wayland'), ('SHLVL', '1'), ('LD_LIBRARY_PATH', '/usr/lib/x86_64-linux-gnu/gazebo-11/plugins:/opt/ros/humble/opt/rviz_ogre_vendor/lib:/opt/ros/humble/lib/x86_64-linux-gnu:/opt/ros/humble/lib:/tmp/.mount_CursoriSs0re/usr/lib/:/tmp/.mount_CursoriSs0re/usr/lib32/:/tmp/.mount_CursoriSs0re/usr/lib64/:/tmp/.mount_CursoriSs0re/lib/:/tmp/.mount_CursoriSs0re/lib/i386-linux-gnu/:/tmp/.mount_CursoriSs0re/lib/x86_64-linux-gnu/:/tmp/.mount_CursoriSs0re/lib/aarch64-linux-gnu/:/tmp/.mount_CursoriSs0re/lib32/:/tmp/.mount_CursoriSs0re/lib64/:'), ('HOME', '/home/huzy'), ('CHROME_DESKTOP', 'cursor.desktop'), ('APPDIR', '/tmp/.mount_CursoriSs0re'), ('OLDPWD', '/home/huzy/My_orion'), ('DESKTOP_SESSION', 'ubuntu'), ('PERLLIB', '/tmp/.mount_CursoriSs0re/usr/share/perl5/:/tmp/.mount_CursoriSs0re/usr/lib/perl5/:'), ('VSCODE_IPC_HOOK', '/run/user/1000/vscode-294d73a8-2.5.-main.sock'), ('GIO_LAUNCHED_DESKTOP_FILE', '/home/huzy/.local/share/applications/cursor-ime.desktop'), ('ROS_PYTHON_VERSION', '3'), ('GNOME_SHELL_SESSION_MODE', 'ubuntu'), ('GTK_MODULES', 'gail:atk-bridge'), ('SDL_IM_MODULE', 'fcitx'), ('LC_MONETARY', 'zh_CN.UTF-8'), ('MANAGERPID', '1541'), ('SYSTEMD_EXEC_PID', '1709'), ('IM_CONFIG_CHECK_ENV', '1'), ('NO_COLOR', '1'), ('DBUS_SESSION_BUS_ADDRESS', 'unix:path=/run/user/1000/bus'), ('GIO_LAUNCHED_DESKTOP_FILE_PID', '3264'), ('VSCODE_CRASH_REPORTER_PROCESS_TYPE', 'extensionHost'), ('IM_CONFIG_PHASE', '1'), ('WAYLAND_DISPLAY', 'wayland-0'), ('COLCON_PREFIX_PATH', '/home/huzy/My_orion/install'), ('ROS_DISTRO', 'humble'), ('GTK_IM_MODULE', 'fcitx'), ('LOGNAME', 'huzy'), ('FORCE_COLOR', '0'), ('OWD', '/home/huzy'), ('JOURNAL_STREAM', '8:22044'), ('_', '/usr/bin/colcon'), ('ROS_VERSION', '2'), ('XDG_SESSION_CLASS', 'user'), ('USERNAME', 'huzy'), ('TERM', 'dumb'), ('GNOME_DESKTOP_SESSION_ID', 'this-is-deprecated'), ('FC_FONTATIONS', '1'), ('ROS_LOCALHOST_ONLY', '0'), ('PATH', '/home/huzy/.local/bin:/home/huzy/bin:/home/huzy/bin:/home/huzy/.local/bin:/home/huzy/bin:/home/huzy/bin:/opt/ros/humble/bin:/tmp/.mount_CursoriSs0re/usr/bin/:/tmp/.mount_CursoriSs0re/usr/sbin/:/tmp/.mount_CursoriSs0re/usr/games/:/tmp/.mount_CursoriSs0re/bin/:/tmp/.mount_CursoriSs0re/sbin/:/home/huzy/.local/bin:/home/huzy/bin:/usr/local/sbin:/usr/local/bin:/usr/sbin:/usr/bin:/sbin:/bin:/usr/games:/usr/local/games:/snap/bin:/snap/bin'), ('SESSION_MANAGER', 'local/huzy-virtual-machine:@/tmp/.ICE-unix/1675,unix/huzy-virtual-machine:/tmp/.ICE-unix/1675'), ('INVOCATION_ID', 'a2601410a8d14920833ed6807e68bc15'), ('PAPERSIZE', 'a4'), ('APPIMAGE', '/home/huzy/Downloads/Cursor-1.4.5-x86_64.AppImage'), ('XDG_MENU_PREFIX', 'gnome-'), ('LC_ADDRESS', 'zh_CN.UTF-8'), ('VSCODE_PROCESS_TITLE', 'extension-host (agent-exec) [1-6]'), ('GNOME_SETUP_DISPLAY', ':1'), ('XDG_RUNTIME_DIR', '/run/user/1000'), ('GDK_BACKEND', 'x11'), ('CURSOR_AGENT', '1'), ('DISPLAY', ':0'), ('LANG', 'zh_CN.UTF-8'), ('XDG_CURRENT_DESKTOP', 'ubuntu:GNOME'), ('LC_TELEPHONE', 'zh_CN.UTF-8'), ('XMODIFIERS', '@im=fcitx'), ('XDG_SESSION_DESKTOP', 'ubuntu'), ('XAUTHORITY', '/run/user/1000/.mutter-Xwaylandauth.4ZVTL3'), ('LS_COLORS', ''), ('CURSOR_TRACE_ID', '2ac507847837424d9bf65893652cc69d'), ('SSH_AGENT_LAUNCHER', 'gnome-keyring'), ('SSH_AUTH_SOCK', '/run/user/1000/keyring/ssh'), ('GSETTINGS_SCHEMA_DIR', '/tmp/.mount_CursoriSs0re/usr/share/glib-2.0/schemas/:'), ('AMENT_PREFIX_PATH', '/home/huzy/My_orion/install/orion_pybullet_sim:/home/huzy/My_orion/install/orion_mtc:/home/huzy/My_orion/install/orion_moveit_config:/home/huzy/My_orion/install/orion_description:/opt/ros/humble'), ('SHELL', '/bin/bash'), ('LC_NAME', 'zh_CN.UTF-8'), ('ARGV0', '/home/huzy/Downloads/Cursor-1.4.5-x86_64.AppImage'), ('QT_ACCESSIBILITY', '1'), ('GDMSESSION', 'ubuntu'), ('LESSCLOSE', '/usr/bin/lesspipe %s %s'), ('LC_MEASUREMENT', 'zh_CN.UTF-8'), ('GJS_DEBUG_OUTPUT', 'stderr'), ('LC_IDENTIFICATION', 'zh_CN.UTF-8'), ('QT_IM_MODULE', 'fcitx'), ('PWD', '/home/huzy/My_orion/build/orion_mtc'), ('XDG_CONFIG_DIRS', '/etc/xdg/xdg-ubuntu:/etc/xdg'), ('VSCODE_CODE_CACHE_PATH', '/home/huzy/.config/Cursor/CachedData/7d96c2a03bb088ad367615e9da1a3fe20fbbc6a0'), ('CLUTTER_IM_MODULE', 'fcitx'), ('XDG_DATA_DIRS', '/tmp/.mount_CursoriSs0re/usr/share/:/usr/local/share:/usr/share:/usr/share/ubuntu:/usr/local/share/:/usr/share/:/var/lib/snapd/desktop'), ('PYTHONPATH', '/home/huzy/My_orion/install/orion_pybullet_sim/lib/python3.10/site-packages:/opt/ros/humble/lib/python3.10/site-packages:/opt/ros/humble/local/lib/python3.10/dist-packages'), ('LC_NUMERIC', 'zh_CN.UTF-8'), ('LC_PAPER', 'zh_CN.UTF-8'), ('QT_PLUGIN_PATH', '/tmp/.mount_CursoriSs0re/usr/lib/qt4/plugins/:/tmp/.mount_CursoriSs0re/usr/lib/i386-linux-gnu/qt4/plugins/:/tmp/.mount_CursoriSs0re/usr/lib/x86_64-linux-gnu/qt4/plugins/:/tmp/.mount_CursoriSs0re/usr/lib/aarch64-linux-gnu/qt4/plugins/:/tmp/.mount_CursoriSs0re/usr/lib32/qt4/plugins/:/tmp/.mount_CursoriSs0re/usr/lib64/qt4/plugins/:/tmp/.mount_CursoriSs0re/usr/lib/qt5/plugins/:/tmp/.mount_CursoriSs0re/usr/lib/i386-linux-gnu/qt5/plugins/:/tmp/.mount_CursoriSs0re/usr/lib/x86_64-linux-gnu/qt5/plugins/:/tmp/.mount_CursoriSs0re/usr/lib/aarch64-linux-gnu/qt5/plugins/:/tmp/.mount_CursoriSs0re/usr/lib32/qt5/plugins/:/tmp/.mount_CursoriSs0re/usr/lib64/qt5/plugins/:'), ('COLCON', '1'), ('_ZO_DOCTOR', '0'), ('CMAKE_PREFIX_PATH', '/home/huzy/My_orion/install/orion_moveit_config:/home/huzy/My_orion/install/orion_description:/home/huzy/My_orion/install/orion_mtc:/home/huzy/My_orion/install/orion_pybullet_sim:/opt/ros/humble'), ('VSCODE_PID', '3264')]), 'shell': False}
[27.807230] (-) TimerEvent: {}
[27.812517] (orion_mtc) StdoutLine: {'line': b'-- Install configuration: "Release"\n'}
[27.813087] (orion_mtc) StdoutLine: {'line': b'-- Execute custom install script\n'}
[27.813280] (orion_mtc) StdoutLine: {'line': b'-- Up-to-date symlink: /home/huzy/My_orion/install/orion_mtc/lib/orion_mtc/mtc_node\n'}
[27.813328] (orion_mtc) StdoutLine: {'line': b'-- Up-to-date symlink: /home/huzy/My_orion/install/orion_mtc/share/orion_mtc/launch/pick_place_demo.launch.py\n'}
[27.813363] (orion_mtc) StdoutLine: {'line': b'-- Up-to-date symlink: /home/huzy/My_orion/install/orion_mtc/share/orion_mtc/launch/pick_place_pybullet.launch.py\n'}
[27.813449] (orion_mtc) StdoutLine: {'line': b'-- Up-to-date symlink: /home/huzy/My_orion/install/orion_mtc/share/ament_index/resource_index/package_run_dependencies/orion_mtc\n'}
[27.813530] (orion_mtc) StdoutLine: {'line': b'-- Up-to-date symlink: /home/huzy/My_orion/install/orion_mtc/share/ament_index/resource_index/parent_prefix_path/orion_mtc\n'}
[27.813767] (orion_mtc) StdoutLine: {'line': b'-- Up-to-date symlink: /home/huzy/My_orion/install/orion_mtc/share/orion_mtc/environment/ament_prefix_path.sh\n'}
[27.813846] (orion_mtc) StdoutLine: {'line': b'-- Up-to-date symlink: /home/huzy/My_orion/install/orion_mtc/share/orion_mtc/environment/ament_prefix_path.dsv\n'}
[27.813988] (orion_mtc) StdoutLine: {'line': b'-- Up-to-date symlink: /home/huzy/My_orion/install/orion_mtc/share/orion_mtc/environment/path.sh\n'}
[27.814032] (orion_mtc) StdoutLine: {'line': b'-- Up-to-date symlink: /home/huzy/My_orion/install/orion_mtc/share/orion_mtc/environment/path.dsv\n'}
[27.814067] (orion_mtc) StdoutLine: {'line': b'-- Up-to-date symlink: /home/huzy/My_orion/install/orion_mtc/share/orion_mtc/local_setup.bash\n'}
[27.814101] (orion_mtc) StdoutLine: {'line': b'-- Up-to-date symlink: /home/huzy/My_orion/install/orion_mtc/share/orion_mtc/local_setup.sh\n'}
[27.814136] (orion_mtc) StdoutLine: {'line': b'-- Up-to-date symlink: /home/huzy/My_orion/install/orion_mtc/share/orion_mtc/local_setup.zsh\n'}
[27.814212] (orion_mtc) StdoutLine: {'line': b'-- Up-to-date symlink: /home/huzy/My_orion/install/orion_mtc/share/orion_mtc/local_setup.dsv\n'}
[27.814251] (orion_mtc) StdoutLine: {'line': b'-- Symlinking: /home/huzy/My_orion/install/orion_mtc/share/orion_mtc/package.dsv\n'}
[27.834051] (orion_mtc) StdoutLine: {'line': b'-- Up-to-date symlink: /home/huzy/My_orion/install/orion_mtc/share/ament_index/resource_index/packages/orion_mtc\n'}
[27.834341] (orion_mtc) StdoutLine: {'line': b'-- Up-to-date symlink: /home/huzy/My_orion/install/orion_mtc/share/orion_mtc/cmake/orion_mtcConfig.cmake\n'}
[27.834384] (orion_mtc) StdoutLine: {'line': b'-- Up-to-date symlink: /home/huzy/My_orion/install/orion_mtc/share/orion_mtc/cmake/orion_mtcConfig-version.cmake\n'}
[27.834417] (orion_mtc) StdoutLine: {'line': b'-- Up-to-date symlink: /home/huzy/My_orion/install/orion_mtc/share/orion_mtc/package.xml\n'}
[27.836347] (orion_mtc) CommandEnded: {'returncode': 0}
[27.852986] (orion_mtc) JobEnded: {'identifier': 'orion_mtc', 'rc': 0}
[27.853858] (-) EventReactorShutdown: {}
