-- Found ament_cmake: 1.3.13 (/opt/ros/humble/share/ament_cmake/cmake)
-- Override CMake install command with custom implementation using symlinks instead of copying resources
-- Configuring done
-- Generating done
-- Build files have been written to: /home/joey/My_orion/build/orion_moveit_config
-- Install configuration: ""
-- Execute custom install script
-- Symlinking: /home/joey/My_orion/install/orion_moveit_config/share/orion_moveit_config/config/joint_limits.yaml
-- Symlinking: /home/joey/My_orion/install/orion_moveit_config/share/orion_moveit_config/config/kinematics.yaml
-- Symlinking: /home/joey/My_orion/install/orion_moveit_config/share/orion_moveit_config/config/moveit.rviz
-- Symlinking: /home/joey/My_orion/install/orion_moveit_config/share/orion_moveit_config/config/moveit_controllers.yaml
-- Symlinking: /home/joey/My_orion/install/orion_moveit_config/share/orion_moveit_config/config/ompl_planning.yaml
-- Symlinking: /home/joey/My_orion/install/orion_moveit_config/share/orion_moveit_config/config/orion.srdf
-- Symlinking: /home/joey/My_orion/install/orion_moveit_config/share/orion_moveit_config/launch/demo.launch.py
-- Symlinking: /home/joey/My_orion/install/orion_moveit_config/share/ament_index/resource_index/package_run_dependencies/orion_moveit_config
-- Symlinking: /home/joey/My_orion/install/orion_moveit_config/share/ament_index/resource_index/parent_prefix_path/orion_moveit_config
-- Symlinking: /home/joey/My_orion/install/orion_moveit_config/share/orion_moveit_config/environment/ament_prefix_path.sh
-- Symlinking: /home/joey/My_orion/install/orion_moveit_config/share/orion_moveit_config/environment/ament_prefix_path.dsv
-- Symlinking: /home/joey/My_orion/install/orion_moveit_config/share/orion_moveit_config/environment/path.sh
-- Symlinking: /home/joey/My_orion/install/orion_moveit_config/share/orion_moveit_config/environment/path.dsv
-- Symlinking: /home/joey/My_orion/install/orion_moveit_config/share/orion_moveit_config/local_setup.bash
-- Symlinking: /home/joey/My_orion/install/orion_moveit_config/share/orion_moveit_config/local_setup.sh
-- Symlinking: /home/joey/My_orion/install/orion_moveit_config/share/orion_moveit_config/local_setup.zsh
-- Symlinking: /home/joey/My_orion/install/orion_moveit_config/share/orion_moveit_config/local_setup.dsv
-- Symlinking: /home/joey/My_orion/install/orion_moveit_config/share/orion_moveit_config/package.dsv
-- Symlinking: /home/joey/My_orion/install/orion_moveit_config/share/ament_index/resource_index/packages/orion_moveit_config
-- Symlinking: /home/joey/My_orion/install/orion_moveit_config/share/orion_moveit_config/cmake/orion_moveit_configConfig.cmake
-- Symlinking: /home/joey/My_orion/install/orion_moveit_config/share/orion_moveit_config/cmake/orion_moveit_configConfig-version.cmake
-- Symlinking: /home/joey/My_orion/install/orion_moveit_config/share/orion_moveit_config/package.xml
