[0.000000] (-) TimerEvent: {}
[0.000683] (-) JobUnselected: {'identifier': 'orion_description'}
[0.000923] (-) JobUnselected: {'identifier': 'orion_moveit_config'}
[0.001030] (-) JobUnselected: {'identifier': 'orion_pybullet_sim'}
[0.001073] (orion_mtc) JobQueued: {'identifier': 'orion_mtc', 'dependencies': OrderedDict([('orion_description', '/home/huzy/My_orion/install/orion_description'), ('orion_moveit_config', '/home/huzy/My_orion/install/orion_moveit_config'), ('orion_pybullet_sim', '/home/huzy/My_orion/install/orion_pybullet_sim')])}
[0.001117] (orion_mtc) JobStarted: {'identifier': 'orion_mtc'}
[0.026341] (orion_mtc) JobProgress: {'identifier': 'orion_mtc', 'progress': 'cmake'}
[0.027188] (orion_mtc) JobProgress: {'identifier': 'orion_mtc', 'progress': 'build'}
[0.027789] (orion_mtc) Command: {'cmd': ['/usr/bin/cmake', '--build', '/home/huzy/My_orion/build/orion_mtc', '--', '-j8', '-l8'], 'cwd': '/home/huzy/My_orion/build/orion_mtc', 'env': OrderedDict([('GJS_DEBUG_TOPICS', 'JS ERROR;JS LOG'), ('LESSOPEN', '| /usr/bin/lesspipe %s'), ('VSCODE_CWD', '/home/huzy'), ('CURSOR_EXTENSION_HOST_ROLE', 'agent-exec'), ('VSCODE_ESM_ENTRYPOINT', 'vs/workbench/api/node/extensionHostProcess'), ('LANGUAGE', 'zh_CN:en_AU:en_US:en'), ('USER', 'huzy'), ('LC_TIME', 'zh_CN.UTF-8'), ('VSCODE_NLS_CONFIG', '{"userLocale":"zh-cn","osLocale":"zh-cn","resolvedLanguage":"zh-cn","defaultMessagesFile":"/tmp/.mount_CursorUXtYWI/usr/share/cursor/resources/app/out/nls.messages.json","languagePack":{"translationsConfigFile":"/home/huzy/.config/Cursor/clp/3bfb7f1471a52e527cfc1587dd57c7c1.zh-cn/tcf.json","messagesFile":"/home/huzy/.config/Cursor/clp/3bfb7f1471a52e527cfc1587dd57c7c1.zh-cn/8c95649f251a168cc4bb34c89531fae7db4bd990/nls.messages.json","corruptMarkerFile":"/home/huzy/.config/Cursor/clp/3bfb7f1471a52e527cfc1587dd57c7c1.zh-cn/corrupted.info"},"locale":"zh-cn","availableLanguages":{"*":"zh-cn"},"_languagePackId":"3bfb7f1471a52e527cfc1587dd57c7c1.zh-cn","_languagePackSupport":true,"_translationsConfigFile":"/home/huzy/.config/Cursor/clp/3bfb7f1471a52e527cfc1587dd57c7c1.zh-cn/tcf.json","_cacheRoot":"/home/huzy/.config/Cursor/clp/3bfb7f1471a52e527cfc1587dd57c7c1.zh-cn","_resolvedLanguagePackCoreLocation":"/home/huzy/.config/Cursor/clp/3bfb7f1471a52e527cfc1587dd57c7c1.zh-cn/8c95649f251a168cc4bb34c89531fae7db4bd990","_corruptedFile":"/home/huzy/.config/Cursor/clp/3bfb7f1471a52e527cfc1587dd57c7c1.zh-cn/corrupted.info"}'), ('CI', '1'), ('VSCODE_HANDLES_UNCAUGHT_ERRORS', 'true'), ('XDG_SESSION_TYPE', 'wayland'), ('SHLVL', '1'), ('LD_LIBRARY_PATH', '/usr/lib/x86_64-linux-gnu/gazebo-11/plugins:/opt/ros/humble/opt/rviz_ogre_vendor/lib:/opt/ros/humble/lib/x86_64-linux-gnu:/opt/ros/humble/lib:/tmp/.mount_CursorUXtYWI/usr/lib/:/tmp/.mount_CursorUXtYWI/usr/lib32/:/tmp/.mount_CursorUXtYWI/usr/lib64/:/tmp/.mount_CursorUXtYWI/lib/:/tmp/.mount_CursorUXtYWI/lib/i386-linux-gnu/:/tmp/.mount_CursorUXtYWI/lib/x86_64-linux-gnu/:/tmp/.mount_CursorUXtYWI/lib/aarch64-linux-gnu/:/tmp/.mount_CursorUXtYWI/lib32/:/tmp/.mount_CursorUXtYWI/lib64/:'), ('HOME', '/home/huzy'), ('CHROME_DESKTOP', 'cursor.desktop'), ('APPDIR', '/tmp/.mount_CursorUXtYWI'), ('OLDPWD', '/home/huzy/My_orion'), ('DESKTOP_SESSION', 'ubuntu'), ('PERLLIB', '/tmp/.mount_CursorUXtYWI/usr/share/perl5/:/tmp/.mount_CursorUXtYWI/usr/lib/perl5/:'), ('VSCODE_IPC_HOOK', '/run/user/1000/vscode-294d73a8-2.6.-main.sock'), ('GIO_LAUNCHED_DESKTOP_FILE', '/home/huzy/.local/share/applications/cursor-ime.desktop'), ('ROS_PYTHON_VERSION', '3'), ('GNOME_SHELL_SESSION_MODE', 'ubuntu'), ('GTK_MODULES', 'gail:atk-bridge'), ('SDL_IM_MODULE', 'fcitx'), ('LC_MONETARY', 'zh_CN.UTF-8'), ('CURSOR_WORKSPACE_LABEL', 'My_orion'), ('MANAGERPID', '1530'), ('SYSTEMD_EXEC_PID', '1714'), ('IM_CONFIG_CHECK_ENV', '1'), ('NO_COLOR', '1'), ('DBUS_SESSION_BUS_ADDRESS', 'unix:path=/run/user/1000/bus'), ('GIO_LAUNCHED_DESKTOP_FILE_PID', '2990'), ('VSCODE_CRASH_REPORTER_PROCESS_TYPE', 'extensionHost'), ('IM_CONFIG_PHASE', '1'), ('WAYLAND_DISPLAY', 'wayland-0'), ('COLCON_PREFIX_PATH', '/home/huzy/My_orion/install'), ('ROS_DISTRO', 'humble'), ('GTK_IM_MODULE', 'fcitx'), ('LOGNAME', 'huzy'), ('FORCE_COLOR', '0'), ('OWD', '/home/huzy'), ('JOURNAL_STREAM', '8:25737'), ('_', '/usr/bin/colcon'), ('ROS_VERSION', '2'), ('XDG_SESSION_CLASS', 'user'), ('USERNAME', 'huzy'), ('TERM', 'dumb'), ('GNOME_DESKTOP_SESSION_ID', 'this-is-deprecated'), ('FC_FONTATIONS', '1'), ('ROS_LOCALHOST_ONLY', '0'), ('PATH', '/home/huzy/.local/bin:/home/huzy/bin:/home/huzy/bin:/home/huzy/.local/bin:/home/huzy/bin:/home/huzy/bin:/opt/ros/humble/bin:/tmp/.mount_CursorUXtYWI/usr/bin/:/tmp/.mount_CursorUXtYWI/usr/sbin/:/tmp/.mount_CursorUXtYWI/usr/games/:/tmp/.mount_CursorUXtYWI/bin/:/tmp/.mount_CursorUXtYWI/sbin/:/home/huzy/.local/bin:/home/huzy/bin:/usr/local/sbin:/usr/local/bin:/usr/sbin:/usr/bin:/sbin:/bin:/usr/games:/usr/local/games:/snap/bin:/snap/bin'), ('SESSION_MANAGER', 'local/huzy-virtual-machine:@/tmp/.ICE-unix/1679,unix/huzy-virtual-machine:/tmp/.ICE-unix/1679'), ('INVOCATION_ID', '826d726d6f664b3f89826df4c6724b2b'), ('PAPERSIZE', 'a4'), ('APPIMAGE', '/home/huzy/Downloads/Cursor-1.4.5-x86_64.AppImage'), ('XDG_MENU_PREFIX', 'gnome-'), ('LC_ADDRESS', 'zh_CN.UTF-8'), ('VSCODE_PROCESS_TITLE', 'extension-host (agent-exec) My_orion [1-3]'), ('GNOME_SETUP_DISPLAY', ':1'), ('XDG_RUNTIME_DIR', '/run/user/1000'), ('GDK_BACKEND', 'x11'), ('CURSOR_AGENT', '1'), ('DISPLAY', ':0'), ('LANG', 'zh_CN.UTF-8'), ('XDG_CURRENT_DESKTOP', 'ubuntu:GNOME'), ('LC_TELEPHONE', 'zh_CN.UTF-8'), ('XMODIFIERS', '@im=fcitx'), ('XDG_SESSION_DESKTOP', 'ubuntu'), ('XAUTHORITY', '/run/user/1000/.mutter-Xwaylandauth.LF0LL3'), ('LS_COLORS', ''), ('CURSOR_TRACE_ID', 'd42350f5f41c41808637c56825ce7e0d'), ('SSH_AGENT_LAUNCHER', 'gnome-keyring'), ('SSH_AUTH_SOCK', '/run/user/1000/keyring/ssh'), ('GSETTINGS_SCHEMA_DIR', '/tmp/.mount_CursorUXtYWI/usr/share/glib-2.0/schemas/:'), ('AMENT_PREFIX_PATH', '/home/huzy/My_orion/install/orion_pybullet_sim:/home/huzy/My_orion/install/orion_mtc:/home/huzy/My_orion/install/orion_moveit_config:/home/huzy/My_orion/install/orion_description:/opt/ros/humble'), ('SHELL', '/bin/bash'), ('LC_NAME', 'zh_CN.UTF-8'), ('ARGV0', '/home/huzy/Downloads/Cursor-1.4.5-x86_64.AppImage'), ('QT_ACCESSIBILITY', '1'), ('GDMSESSION', 'ubuntu'), ('LESSCLOSE', '/usr/bin/lesspipe %s %s'), ('LC_MEASUREMENT', 'zh_CN.UTF-8'), ('GJS_DEBUG_OUTPUT', 'stderr'), ('LC_IDENTIFICATION', 'zh_CN.UTF-8'), ('QT_IM_MODULE', 'fcitx'), ('PWD', '/home/huzy/My_orion/build/orion_mtc'), ('XDG_CONFIG_DIRS', '/etc/xdg/xdg-ubuntu:/etc/xdg'), ('VSCODE_CODE_CACHE_PATH', '/home/huzy/.config/Cursor/CachedData/8c95649f251a168cc4bb34c89531fae7db4bd990'), ('CLUTTER_IM_MODULE', 'fcitx'), ('XDG_DATA_DIRS', '/tmp/.mount_CursorUXtYWI/usr/share/:/usr/local/share:/usr/share:/usr/share/ubuntu:/usr/local/share/:/usr/share/:/var/lib/snapd/desktop'), ('PYTHONPATH', '/home/huzy/My_orion/install/orion_pybullet_sim/lib/python3.10/site-packages:/opt/ros/humble/lib/python3.10/site-packages:/opt/ros/humble/local/lib/python3.10/dist-packages'), ('LC_NUMERIC', 'zh_CN.UTF-8'), ('LC_PAPER', 'zh_CN.UTF-8'), ('QT_PLUGIN_PATH', '/tmp/.mount_CursorUXtYWI/usr/lib/qt4/plugins/:/tmp/.mount_CursorUXtYWI/usr/lib/i386-linux-gnu/qt4/plugins/:/tmp/.mount_CursorUXtYWI/usr/lib/x86_64-linux-gnu/qt4/plugins/:/tmp/.mount_CursorUXtYWI/usr/lib/aarch64-linux-gnu/qt4/plugins/:/tmp/.mount_CursorUXtYWI/usr/lib32/qt4/plugins/:/tmp/.mount_CursorUXtYWI/usr/lib64/qt4/plugins/:/tmp/.mount_CursorUXtYWI/usr/lib/qt5/plugins/:/tmp/.mount_CursorUXtYWI/usr/lib/i386-linux-gnu/qt5/plugins/:/tmp/.mount_CursorUXtYWI/usr/lib/x86_64-linux-gnu/qt5/plugins/:/tmp/.mount_CursorUXtYWI/usr/lib/aarch64-linux-gnu/qt5/plugins/:/tmp/.mount_CursorUXtYWI/usr/lib32/qt5/plugins/:/tmp/.mount_CursorUXtYWI/usr/lib64/qt5/plugins/:'), ('COLCON', '1'), ('_ZO_DOCTOR', '0'), ('CMAKE_PREFIX_PATH', '/home/huzy/My_orion/install/orion_moveit_config:/home/huzy/My_orion/install/orion_description:/home/huzy/My_orion/install/orion_mtc:/home/huzy/My_orion/install/orion_pybullet_sim:/opt/ros/humble'), ('VSCODE_PID', '2990')]), 'shell': False}
[0.099504] (-) TimerEvent: {}
[0.192697] (orion_mtc) StdoutLine: {'line': b'[ 50%] Building CXX object CMakeFiles/mtc_node.dir/src/mtc_node.cpp.o\n'}
[0.199669] (-) TimerEvent: {}
[0.300179] (-) TimerEvent: {}
[0.400517] (-) TimerEvent: {}
[0.500819] (-) TimerEvent: {}
[0.601183] (-) TimerEvent: {}
[0.701522] (-) TimerEvent: {}
[0.801856] (-) TimerEvent: {}
[0.902372] (-) TimerEvent: {}
[1.002713] (-) TimerEvent: {}
[1.103016] (-) TimerEvent: {}
[1.203328] (-) TimerEvent: {}
[1.303656] (-) TimerEvent: {}
[1.404068] (-) TimerEvent: {}
[1.504385] (-) TimerEvent: {}
[1.604675] (-) TimerEvent: {}
[1.705002] (-) TimerEvent: {}
[1.805295] (-) TimerEvent: {}
[1.905586] (-) TimerEvent: {}
[2.005922] (-) TimerEvent: {}
[2.106270] (-) TimerEvent: {}
[2.206593] (-) TimerEvent: {}
[2.306916] (-) TimerEvent: {}
[2.407221] (-) TimerEvent: {}
[2.507512] (-) TimerEvent: {}
[2.607807] (-) TimerEvent: {}
[2.708045] (-) TimerEvent: {}
[2.808361] (-) TimerEvent: {}
[2.908673] (-) TimerEvent: {}
[3.008993] (-) TimerEvent: {}
[3.109294] (-) TimerEvent: {}
[3.209576] (-) TimerEvent: {}
[3.309851] (-) TimerEvent: {}
[3.410200] (-) TimerEvent: {}
[3.510465] (-) TimerEvent: {}
[3.610751] (-) TimerEvent: {}
[3.711058] (-) TimerEvent: {}
[3.811377] (-) TimerEvent: {}
[3.911666] (-) TimerEvent: {}
[4.011981] (-) TimerEvent: {}
[4.112278] (-) TimerEvent: {}
[4.212571] (-) TimerEvent: {}
[4.312843] (-) TimerEvent: {}
[4.413213] (-) TimerEvent: {}
[4.513499] (-) TimerEvent: {}
[4.613772] (-) TimerEvent: {}
[4.714056] (-) TimerEvent: {}
[4.814335] (-) TimerEvent: {}
[4.914616] (-) TimerEvent: {}
[5.014982] (-) TimerEvent: {}
[5.115283] (-) TimerEvent: {}
[5.215565] (-) TimerEvent: {}
[5.315857] (-) TimerEvent: {}
[5.416173] (-) TimerEvent: {}
[5.516475] (-) TimerEvent: {}
[5.616799] (-) TimerEvent: {}
[5.717120] (-) TimerEvent: {}
[5.817445] (-) TimerEvent: {}
[5.917805] (-) TimerEvent: {}
[6.018118] (-) TimerEvent: {}
[6.118437] (-) TimerEvent: {}
[6.218732] (-) TimerEvent: {}
[6.319061] (-) TimerEvent: {}
[6.419390] (-) TimerEvent: {}
[6.519717] (-) TimerEvent: {}
[6.620009] (-) TimerEvent: {}
[6.720365] (-) TimerEvent: {}
[6.820653] (-) TimerEvent: {}
[6.921130] (-) TimerEvent: {}
[7.021515] (-) TimerEvent: {}
[7.123394] (-) TimerEvent: {}
[7.223749] (-) TimerEvent: {}
[7.324092] (-) TimerEvent: {}
[7.424511] (-) TimerEvent: {}
[7.524815] (-) TimerEvent: {}
[7.625167] (-) TimerEvent: {}
[7.725463] (-) TimerEvent: {}
[7.825787] (-) TimerEvent: {}
[7.927056] (-) TimerEvent: {}
[8.027369] (-) TimerEvent: {}
[8.127723] (-) TimerEvent: {}
[8.228096] (-) TimerEvent: {}
[8.328569] (-) TimerEvent: {}
[8.428886] (-) TimerEvent: {}
[8.529277] (-) TimerEvent: {}
[8.629644] (-) TimerEvent: {}
[8.729990] (-) TimerEvent: {}
[8.830290] (-) TimerEvent: {}
[8.930605] (-) TimerEvent: {}
[9.030936] (-) TimerEvent: {}
[9.131288] (-) TimerEvent: {}
[9.231598] (-) TimerEvent: {}
[9.331932] (-) TimerEvent: {}
[9.432336] (-) TimerEvent: {}
[9.532664] (-) TimerEvent: {}
[9.633089] (-) TimerEvent: {}
[9.733400] (-) TimerEvent: {}
[9.833711] (-) TimerEvent: {}
[9.934070] (-) TimerEvent: {}
[10.034405] (-) TimerEvent: {}
[10.134726] (-) TimerEvent: {}
[10.235073] (-) TimerEvent: {}
[10.335385] (-) TimerEvent: {}
[10.435817] (-) TimerEvent: {}
[10.536257] (-) TimerEvent: {}
[10.636587] (-) TimerEvent: {}
[10.736904] (-) TimerEvent: {}
[10.837269] (-) TimerEvent: {}
[10.937618] (-) TimerEvent: {}
[11.037985] (-) TimerEvent: {}
[11.138294] (-) TimerEvent: {}
[11.238581] (-) TimerEvent: {}
[11.338863] (-) TimerEvent: {}
[11.439224] (-) TimerEvent: {}
[11.539563] (-) TimerEvent: {}
[11.639857] (-) TimerEvent: {}
[11.740193] (-) TimerEvent: {}
[11.840487] (-) TimerEvent: {}
[11.940769] (-) TimerEvent: {}
[12.041048] (-) TimerEvent: {}
[12.141332] (-) TimerEvent: {}
[12.241604] (-) TimerEvent: {}
[12.341885] (-) TimerEvent: {}
[12.442173] (-) TimerEvent: {}
[12.542494] (-) TimerEvent: {}
[12.642778] (-) TimerEvent: {}
[12.743064] (-) TimerEvent: {}
[12.843393] (-) TimerEvent: {}
[12.943748] (-) TimerEvent: {}
[13.044077] (-) TimerEvent: {}
[13.144390] (-) TimerEvent: {}
[13.202130] (orion_mtc) StdoutLine: {'line': b'[100%] Linking CXX executable mtc_node\n'}
[13.245063] (-) TimerEvent: {}
[13.345366] (-) TimerEvent: {}
[13.445696] (-) TimerEvent: {}
[13.546081] (-) TimerEvent: {}
[13.646449] (-) TimerEvent: {}
[13.746814] (-) TimerEvent: {}
[13.847184] (-) TimerEvent: {}
[13.947460] (-) TimerEvent: {}
[14.047726] (-) TimerEvent: {}
[14.049102] (orion_mtc) StdoutLine: {'line': b'[100%] Built target mtc_node\n'}
[14.072472] (orion_mtc) CommandEnded: {'returncode': 0}
[14.073583] (orion_mtc) JobProgress: {'identifier': 'orion_mtc', 'progress': 'install'}
[14.093450] (orion_mtc) Command: {'cmd': ['/usr/bin/cmake', '--install', '/home/huzy/My_orion/build/orion_mtc'], 'cwd': '/home/huzy/My_orion/build/orion_mtc', 'env': OrderedDict([('GJS_DEBUG_TOPICS', 'JS ERROR;JS LOG'), ('LESSOPEN', '| /usr/bin/lesspipe %s'), ('VSCODE_CWD', '/home/huzy'), ('CURSOR_EXTENSION_HOST_ROLE', 'agent-exec'), ('VSCODE_ESM_ENTRYPOINT', 'vs/workbench/api/node/extensionHostProcess'), ('LANGUAGE', 'zh_CN:en_AU:en_US:en'), ('USER', 'huzy'), ('LC_TIME', 'zh_CN.UTF-8'), ('VSCODE_NLS_CONFIG', '{"userLocale":"zh-cn","osLocale":"zh-cn","resolvedLanguage":"zh-cn","defaultMessagesFile":"/tmp/.mount_CursorUXtYWI/usr/share/cursor/resources/app/out/nls.messages.json","languagePack":{"translationsConfigFile":"/home/huzy/.config/Cursor/clp/3bfb7f1471a52e527cfc1587dd57c7c1.zh-cn/tcf.json","messagesFile":"/home/huzy/.config/Cursor/clp/3bfb7f1471a52e527cfc1587dd57c7c1.zh-cn/8c95649f251a168cc4bb34c89531fae7db4bd990/nls.messages.json","corruptMarkerFile":"/home/huzy/.config/Cursor/clp/3bfb7f1471a52e527cfc1587dd57c7c1.zh-cn/corrupted.info"},"locale":"zh-cn","availableLanguages":{"*":"zh-cn"},"_languagePackId":"3bfb7f1471a52e527cfc1587dd57c7c1.zh-cn","_languagePackSupport":true,"_translationsConfigFile":"/home/huzy/.config/Cursor/clp/3bfb7f1471a52e527cfc1587dd57c7c1.zh-cn/tcf.json","_cacheRoot":"/home/huzy/.config/Cursor/clp/3bfb7f1471a52e527cfc1587dd57c7c1.zh-cn","_resolvedLanguagePackCoreLocation":"/home/huzy/.config/Cursor/clp/3bfb7f1471a52e527cfc1587dd57c7c1.zh-cn/8c95649f251a168cc4bb34c89531fae7db4bd990","_corruptedFile":"/home/huzy/.config/Cursor/clp/3bfb7f1471a52e527cfc1587dd57c7c1.zh-cn/corrupted.info"}'), ('CI', '1'), ('VSCODE_HANDLES_UNCAUGHT_ERRORS', 'true'), ('XDG_SESSION_TYPE', 'wayland'), ('SHLVL', '1'), ('LD_LIBRARY_PATH', '/usr/lib/x86_64-linux-gnu/gazebo-11/plugins:/opt/ros/humble/opt/rviz_ogre_vendor/lib:/opt/ros/humble/lib/x86_64-linux-gnu:/opt/ros/humble/lib:/tmp/.mount_CursorUXtYWI/usr/lib/:/tmp/.mount_CursorUXtYWI/usr/lib32/:/tmp/.mount_CursorUXtYWI/usr/lib64/:/tmp/.mount_CursorUXtYWI/lib/:/tmp/.mount_CursorUXtYWI/lib/i386-linux-gnu/:/tmp/.mount_CursorUXtYWI/lib/x86_64-linux-gnu/:/tmp/.mount_CursorUXtYWI/lib/aarch64-linux-gnu/:/tmp/.mount_CursorUXtYWI/lib32/:/tmp/.mount_CursorUXtYWI/lib64/:'), ('HOME', '/home/huzy'), ('CHROME_DESKTOP', 'cursor.desktop'), ('APPDIR', '/tmp/.mount_CursorUXtYWI'), ('OLDPWD', '/home/huzy/My_orion'), ('DESKTOP_SESSION', 'ubuntu'), ('PERLLIB', '/tmp/.mount_CursorUXtYWI/usr/share/perl5/:/tmp/.mount_CursorUXtYWI/usr/lib/perl5/:'), ('VSCODE_IPC_HOOK', '/run/user/1000/vscode-294d73a8-2.6.-main.sock'), ('GIO_LAUNCHED_DESKTOP_FILE', '/home/huzy/.local/share/applications/cursor-ime.desktop'), ('ROS_PYTHON_VERSION', '3'), ('GNOME_SHELL_SESSION_MODE', 'ubuntu'), ('GTK_MODULES', 'gail:atk-bridge'), ('SDL_IM_MODULE', 'fcitx'), ('LC_MONETARY', 'zh_CN.UTF-8'), ('CURSOR_WORKSPACE_LABEL', 'My_orion'), ('MANAGERPID', '1530'), ('SYSTEMD_EXEC_PID', '1714'), ('IM_CONFIG_CHECK_ENV', '1'), ('NO_COLOR', '1'), ('DBUS_SESSION_BUS_ADDRESS', 'unix:path=/run/user/1000/bus'), ('GIO_LAUNCHED_DESKTOP_FILE_PID', '2990'), ('VSCODE_CRASH_REPORTER_PROCESS_TYPE', 'extensionHost'), ('IM_CONFIG_PHASE', '1'), ('WAYLAND_DISPLAY', 'wayland-0'), ('COLCON_PREFIX_PATH', '/home/huzy/My_orion/install'), ('ROS_DISTRO', 'humble'), ('GTK_IM_MODULE', 'fcitx'), ('LOGNAME', 'huzy'), ('FORCE_COLOR', '0'), ('OWD', '/home/huzy'), ('JOURNAL_STREAM', '8:25737'), ('_', '/usr/bin/colcon'), ('ROS_VERSION', '2'), ('XDG_SESSION_CLASS', 'user'), ('USERNAME', 'huzy'), ('TERM', 'dumb'), ('GNOME_DESKTOP_SESSION_ID', 'this-is-deprecated'), ('FC_FONTATIONS', '1'), ('ROS_LOCALHOST_ONLY', '0'), ('PATH', '/home/huzy/.local/bin:/home/huzy/bin:/home/huzy/bin:/home/huzy/.local/bin:/home/huzy/bin:/home/huzy/bin:/opt/ros/humble/bin:/tmp/.mount_CursorUXtYWI/usr/bin/:/tmp/.mount_CursorUXtYWI/usr/sbin/:/tmp/.mount_CursorUXtYWI/usr/games/:/tmp/.mount_CursorUXtYWI/bin/:/tmp/.mount_CursorUXtYWI/sbin/:/home/huzy/.local/bin:/home/huzy/bin:/usr/local/sbin:/usr/local/bin:/usr/sbin:/usr/bin:/sbin:/bin:/usr/games:/usr/local/games:/snap/bin:/snap/bin'), ('SESSION_MANAGER', 'local/huzy-virtual-machine:@/tmp/.ICE-unix/1679,unix/huzy-virtual-machine:/tmp/.ICE-unix/1679'), ('INVOCATION_ID', '826d726d6f664b3f89826df4c6724b2b'), ('PAPERSIZE', 'a4'), ('APPIMAGE', '/home/huzy/Downloads/Cursor-1.4.5-x86_64.AppImage'), ('XDG_MENU_PREFIX', 'gnome-'), ('LC_ADDRESS', 'zh_CN.UTF-8'), ('VSCODE_PROCESS_TITLE', 'extension-host (agent-exec) My_orion [1-3]'), ('GNOME_SETUP_DISPLAY', ':1'), ('XDG_RUNTIME_DIR', '/run/user/1000'), ('GDK_BACKEND', 'x11'), ('CURSOR_AGENT', '1'), ('DISPLAY', ':0'), ('LANG', 'zh_CN.UTF-8'), ('XDG_CURRENT_DESKTOP', 'ubuntu:GNOME'), ('LC_TELEPHONE', 'zh_CN.UTF-8'), ('XMODIFIERS', '@im=fcitx'), ('XDG_SESSION_DESKTOP', 'ubuntu'), ('XAUTHORITY', '/run/user/1000/.mutter-Xwaylandauth.LF0LL3'), ('LS_COLORS', ''), ('CURSOR_TRACE_ID', 'd42350f5f41c41808637c56825ce7e0d'), ('SSH_AGENT_LAUNCHER', 'gnome-keyring'), ('SSH_AUTH_SOCK', '/run/user/1000/keyring/ssh'), ('GSETTINGS_SCHEMA_DIR', '/tmp/.mount_CursorUXtYWI/usr/share/glib-2.0/schemas/:'), ('AMENT_PREFIX_PATH', '/home/huzy/My_orion/install/orion_pybullet_sim:/home/huzy/My_orion/install/orion_mtc:/home/huzy/My_orion/install/orion_moveit_config:/home/huzy/My_orion/install/orion_description:/opt/ros/humble'), ('SHELL', '/bin/bash'), ('LC_NAME', 'zh_CN.UTF-8'), ('ARGV0', '/home/huzy/Downloads/Cursor-1.4.5-x86_64.AppImage'), ('QT_ACCESSIBILITY', '1'), ('GDMSESSION', 'ubuntu'), ('LESSCLOSE', '/usr/bin/lesspipe %s %s'), ('LC_MEASUREMENT', 'zh_CN.UTF-8'), ('GJS_DEBUG_OUTPUT', 'stderr'), ('LC_IDENTIFICATION', 'zh_CN.UTF-8'), ('QT_IM_MODULE', 'fcitx'), ('PWD', '/home/huzy/My_orion/build/orion_mtc'), ('XDG_CONFIG_DIRS', '/etc/xdg/xdg-ubuntu:/etc/xdg'), ('VSCODE_CODE_CACHE_PATH', '/home/huzy/.config/Cursor/CachedData/8c95649f251a168cc4bb34c89531fae7db4bd990'), ('CLUTTER_IM_MODULE', 'fcitx'), ('XDG_DATA_DIRS', '/tmp/.mount_CursorUXtYWI/usr/share/:/usr/local/share:/usr/share:/usr/share/ubuntu:/usr/local/share/:/usr/share/:/var/lib/snapd/desktop'), ('PYTHONPATH', '/home/huzy/My_orion/install/orion_pybullet_sim/lib/python3.10/site-packages:/opt/ros/humble/lib/python3.10/site-packages:/opt/ros/humble/local/lib/python3.10/dist-packages'), ('LC_NUMERIC', 'zh_CN.UTF-8'), ('LC_PAPER', 'zh_CN.UTF-8'), ('QT_PLUGIN_PATH', '/tmp/.mount_CursorUXtYWI/usr/lib/qt4/plugins/:/tmp/.mount_CursorUXtYWI/usr/lib/i386-linux-gnu/qt4/plugins/:/tmp/.mount_CursorUXtYWI/usr/lib/x86_64-linux-gnu/qt4/plugins/:/tmp/.mount_CursorUXtYWI/usr/lib/aarch64-linux-gnu/qt4/plugins/:/tmp/.mount_CursorUXtYWI/usr/lib32/qt4/plugins/:/tmp/.mount_CursorUXtYWI/usr/lib64/qt4/plugins/:/tmp/.mount_CursorUXtYWI/usr/lib/qt5/plugins/:/tmp/.mount_CursorUXtYWI/usr/lib/i386-linux-gnu/qt5/plugins/:/tmp/.mount_CursorUXtYWI/usr/lib/x86_64-linux-gnu/qt5/plugins/:/tmp/.mount_CursorUXtYWI/usr/lib/aarch64-linux-gnu/qt5/plugins/:/tmp/.mount_CursorUXtYWI/usr/lib32/qt5/plugins/:/tmp/.mount_CursorUXtYWI/usr/lib64/qt5/plugins/:'), ('COLCON', '1'), ('_ZO_DOCTOR', '0'), ('CMAKE_PREFIX_PATH', '/home/huzy/My_orion/install/orion_moveit_config:/home/huzy/My_orion/install/orion_description:/home/huzy/My_orion/install/orion_mtc:/home/huzy/My_orion/install/orion_pybullet_sim:/opt/ros/humble'), ('VSCODE_PID', '2990')]), 'shell': False}
[14.113047] (orion_mtc) StdoutLine: {'line': b'-- Install configuration: ""\n'}
[14.113342] (orion_mtc) StdoutLine: {'line': b'-- Installing: /home/huzy/My_orion/install/orion_mtc/lib/orion_mtc/mtc_node\n'}
[14.115875] (orion_mtc) StdoutLine: {'line': b'-- Set runtime path of "/home/huzy/My_orion/install/orion_mtc/lib/orion_mtc/mtc_node" to ""\n'}
[14.116085] (orion_mtc) StdoutLine: {'line': b'-- Up-to-date: /home/huzy/My_orion/install/orion_mtc/share/orion_mtc/launch\n'}
[14.116171] (orion_mtc) StdoutLine: {'line': b'-- Up-to-date: /home/huzy/My_orion/install/orion_mtc/share/orion_mtc/launch/pick_place_pybullet.launch.py\n'}
[14.116398] (orion_mtc) StdoutLine: {'line': b'-- Up-to-date: /home/huzy/My_orion/install/orion_mtc/share/orion_mtc/config\n'}
[14.116498] (orion_mtc) StdoutLine: {'line': b'-- Installing: /home/huzy/My_orion/install/orion_mtc/share/orion_mtc/config/pick_place_params.yaml\n'}
[14.116824] (orion_mtc) StdoutLine: {'line': b'-- Up-to-date: /home/huzy/My_orion/install/orion_mtc/share/ament_index/resource_index/package_run_dependencies/orion_mtc\n'}
[14.116879] (orion_mtc) StdoutLine: {'line': b'-- Up-to-date: /home/huzy/My_orion/install/orion_mtc/share/ament_index/resource_index/parent_prefix_path/orion_mtc\n'}
[14.116917] (orion_mtc) StdoutLine: {'line': b'-- Up-to-date: /home/huzy/My_orion/install/orion_mtc/share/orion_mtc/environment/ament_prefix_path.sh\n'}
[14.116964] (orion_mtc) StdoutLine: {'line': b'-- Up-to-date: /home/huzy/My_orion/install/orion_mtc/share/orion_mtc/environment/ament_prefix_path.dsv\n'}
[14.117000] (orion_mtc) StdoutLine: {'line': b'-- Up-to-date: /home/huzy/My_orion/install/orion_mtc/share/orion_mtc/environment/path.sh\n'}
[14.117033] (orion_mtc) StdoutLine: {'line': b'-- Up-to-date: /home/huzy/My_orion/install/orion_mtc/share/orion_mtc/environment/path.dsv\n'}
[14.117067] (orion_mtc) StdoutLine: {'line': b'-- Up-to-date: /home/huzy/My_orion/install/orion_mtc/share/orion_mtc/local_setup.bash\n'}
[14.117100] (orion_mtc) StdoutLine: {'line': b'-- Up-to-date: /home/huzy/My_orion/install/orion_mtc/share/orion_mtc/local_setup.sh\n'}
[14.117132] (orion_mtc) StdoutLine: {'line': b'-- Up-to-date: /home/huzy/My_orion/install/orion_mtc/share/orion_mtc/local_setup.zsh\n'}
[14.117166] (orion_mtc) StdoutLine: {'line': b'-- Up-to-date: /home/huzy/My_orion/install/orion_mtc/share/orion_mtc/local_setup.dsv\n'}
[14.117198] (orion_mtc) StdoutLine: {'line': b'-- Installing: /home/huzy/My_orion/install/orion_mtc/share/orion_mtc/package.dsv\n'}
[14.117232] (orion_mtc) StdoutLine: {'line': b'-- Up-to-date: /home/huzy/My_orion/install/orion_mtc/share/ament_index/resource_index/packages/orion_mtc\n'}
[14.117264] (orion_mtc) StdoutLine: {'line': b'-- Up-to-date: /home/huzy/My_orion/install/orion_mtc/share/orion_mtc/cmake/orion_mtcConfig.cmake\n'}
[14.117298] (orion_mtc) StdoutLine: {'line': b'-- Up-to-date: /home/huzy/My_orion/install/orion_mtc/share/orion_mtc/cmake/orion_mtcConfig-version.cmake\n'}
[14.117332] (orion_mtc) StdoutLine: {'line': b'-- Up-to-date: /home/huzy/My_orion/install/orion_mtc/share/orion_mtc/package.xml\n'}
[14.118224] (orion_mtc) CommandEnded: {'returncode': 0}
[14.135082] (orion_mtc) JobEnded: {'identifier': 'orion_mtc', 'rc': 0}
[14.135925] (-) EventReactorShutdown: {}
