[0.034s] Invoking command in '/home/huzy/My_orion/build/orion_mtc': AMENT_PREFIX_PATH=/home/huzy/My_orion/install/orion_pybullet_sim:/home/huzy/My_orion/install/orion_mtc:/home/huzy/My_orion/install/orion_moveit_config:/home/huzy/My_orion/install/orion_description:/opt/ros/humble CMAKE_PREFIX_PATH=/home/huzy/My_orion/install/orion_moveit_config:/home/huzy/My_orion/install/orion_description:/home/huzy/My_orion/install/orion_mtc:/home/huzy/My_orion/install/orion_pybullet_sim:/opt/ros/humble /usr/bin/cmake /home/huzy/My_orion/src/orion_mtc -DCMAKE_BUILD_TYPE=Release -DCMAKE_INSTALL_PREFIX=/home/huzy/My_orion/install/orion_mtc
[0.064s] -- Found ament_cmake: 1.3.12 (/opt/ros/humble/share/ament_cmake/cmake)
[0.206s] -- Override CMake install command with custom implementation using symlinks instead of copying resources
[0.217s] -- Found rclcpp: 16.0.16 (/opt/ros/humble/share/rclcpp/cmake)
[0.251s] -- Found rosidl_generator_c: 3.1.7 (/opt/ros/humble/share/rosidl_generator_c/cmake)
[0.253s] -- Found rosidl_adapter: 3.1.7 (/opt/ros/humble/share/rosidl_adapter/cmake)
[0.259s] -- Found rosidl_generator_cpp: 3.1.7 (/opt/ros/humble/share/rosidl_generator_cpp/cmake)
[0.270s] -- Using all available rosidl_typesupport_c: rosidl_typesupport_fastrtps_c;rosidl_typesupport_introspection_c
[0.281s] -- Using all available rosidl_typesupport_cpp: rosidl_typesupport_fastrtps_cpp;rosidl_typesupport_introspection_cpp
[0.316s] -- Found rmw_implementation_cmake: 6.1.2 (/opt/ros/humble/share/rmw_implementation_cmake/cmake)
[0.319s] -- Found rmw_fastrtps_cpp: 6.2.9 (/opt/ros/humble/share/rmw_fastrtps_cpp/cmake)
[0.458s] -- Using RMW implementation 'rmw_fastrtps_cpp' as default
[0.505s] -- Found moveit_task_constructor_core: 0.1.3 (/opt/ros/humble/share/moveit_task_constructor_core/cmake)
[0.536s] -- Found Boost: /usr/lib/x86_64-linux-gnu/cmake/Boost-1.74.0/BoostConfig.cmake (found version "1.74.0") found components: chrono date_time filesystem iostreams program_options regex serialization system thread 
[0.566s] -- Found parameter_traits: 0.5.0 (/opt/ros/humble/share/parameter_traits/cmake)
[0.571s] -- Found rclcpp_lifecycle: 16.0.16 (/opt/ros/humble/share/rclcpp_lifecycle/cmake)
[0.588s] -- Found Boost: /usr/lib/x86_64-linux-gnu/cmake/Boost-1.74.0/BoostConfig.cmake (found version "1.74.0") found components: filesystem 
[0.651s] -- library: /usr/lib/x86_64-linux-gnu/libcurl.so
[0.698s] -- Ensuring Eigen3 include directory is part of orocos-kdl CMake target
[0.881s] -- Found Boost: /usr/lib/x86_64-linux-gnu/cmake/Boost-1.74.0/BoostConfig.cmake (found version "1.74.0") found components: system filesystem date_time program_options thread chrono 
[0.900s] -- Found Boost: /usr/lib/x86_64-linux-gnu/cmake/Boost-1.74.0/BoostConfig.cmake (found version "1.74.0") found components: date_time filesystem program_options system thread 
[0.910s] -- Found Boost: /usr/lib/x86_64-linux-gnu/cmake/Boost-1.74.0/BoostConfig.cmake (found version "1.74.0") found components: thread system filesystem regex date_time program_options 
[0.924s] -- Found Boost: /usr/lib/x86_64-linux-gnu/cmake/Boost-1.74.0/BoostConfig.cmake (found version "1.74.0") found components: system filesystem date_time program_options thread 
[0.978s] -- Found control_msgs: 4.8.0 (/opt/ros/humble/share/control_msgs/cmake)
[1.081s] -- Configuring done
[1.122s] -- Generating done
[1.131s] -- Build files have been written to: /home/huzy/My_orion/build/orion_mtc
[1.146s] Invoked command in '/home/huzy/My_orion/build/orion_mtc' returned '0': AMENT_PREFIX_PATH=/home/huzy/My_orion/install/orion_pybullet_sim:/home/huzy/My_orion/install/orion_mtc:/home/huzy/My_orion/install/orion_moveit_config:/home/huzy/My_orion/install/orion_description:/opt/ros/humble CMAKE_PREFIX_PATH=/home/huzy/My_orion/install/orion_moveit_config:/home/huzy/My_orion/install/orion_description:/home/huzy/My_orion/install/orion_mtc:/home/huzy/My_orion/install/orion_pybullet_sim:/opt/ros/humble /usr/bin/cmake /home/huzy/My_orion/src/orion_mtc -DCMAKE_BUILD_TYPE=Release -DCMAKE_INSTALL_PREFIX=/home/huzy/My_orion/install/orion_mtc
[1.148s] Invoking command in '/home/huzy/My_orion/build/orion_mtc': AMENT_PREFIX_PATH=/home/huzy/My_orion/install/orion_pybullet_sim:/home/huzy/My_orion/install/orion_mtc:/home/huzy/My_orion/install/orion_moveit_config:/home/huzy/My_orion/install/orion_description:/opt/ros/humble CMAKE_PREFIX_PATH=/home/huzy/My_orion/install/orion_moveit_config:/home/huzy/My_orion/install/orion_description:/home/huzy/My_orion/install/orion_mtc:/home/huzy/My_orion/install/orion_pybullet_sim:/opt/ros/humble /usr/bin/cmake --build /home/huzy/My_orion/build/orion_mtc -- -j8 -l8
[1.284s] Consolidate compiler generated dependencies of target mtc_node
[1.344s] [ 50%] Building CXX object CMakeFiles/mtc_node.dir/src/mtc_node.cpp.o
[7.114s] /home/huzy/My_orion/src/orion_mtc/src/mtc_node.cpp: In member function ‘bool OrionMTCTaskNode::executeSolutionLocally(const moveit::task_constructor::SolutionBase&)’:
[7.115s] /home/huzy/My_orion/src/orion_mtc/src/mtc_node.cpp:427:37: error: ‘void moveit::task_constructor::Introspection::fillSolution(moveit_task_constructor_msgs::msg::Solution&, const moveit::task_constructor::SolutionBase&)’ is private within this context
[7.115s]   427 |   task_.introspection().fillSolution(solution_msg, solution);
[7.115s]       |   ~~~~~~~~~~~~~~~~~~~~~~~~~~~~~~~~~~^~~~~~~~~~~~~~~~~~~~~~~~
[7.115s] In file included from /opt/ros/humble/include/moveit/task_constructor/task.h:44,
[7.115s]                  from /home/huzy/My_orion/src/orion_mtc/src/mtc_node.cpp:10:
[7.115s] /opt/ros/humble/include/moveit/task_constructor/introspection.h:110:14: note: declared private here
[7.115s]   110 |         void fillSolution(moveit_task_constructor_msgs::msg::Solution& msg, const SolutionBase& s);
[7.115s]       |              ^~~~~~~~~~~~
[12.432s] gmake[2]: *** [CMakeFiles/mtc_node.dir/build.make:76：CMakeFiles/mtc_node.dir/src/mtc_node.cpp.o] 错误 1
[12.432s] gmake[1]: *** [CMakeFiles/Makefile2:137：CMakeFiles/mtc_node.dir/all] 错误 2
[12.432s] gmake: *** [Makefile:146：all] 错误 2
[12.434s] Invoked command in '/home/huzy/My_orion/build/orion_mtc' returned '2': AMENT_PREFIX_PATH=/home/huzy/My_orion/install/orion_pybullet_sim:/home/huzy/My_orion/install/orion_mtc:/home/huzy/My_orion/install/orion_moveit_config:/home/huzy/My_orion/install/orion_description:/opt/ros/humble CMAKE_PREFIX_PATH=/home/huzy/My_orion/install/orion_moveit_config:/home/huzy/My_orion/install/orion_description:/home/huzy/My_orion/install/orion_mtc:/home/huzy/My_orion/install/orion_pybullet_sim:/opt/ros/humble /usr/bin/cmake --build /home/huzy/My_orion/build/orion_mtc -- -j8 -l8
