[0.027s] Invoking command in '/home/huzy/My_orion/build/orion_description': CMAKE_PREFIX_PATH=/opt/ros/humble /usr/bin/cmake /home/huzy/My_orion/src/orion_description -DAMENT_CMAKE_SYMLINK_INSTALL=1 -DCMAKE_INSTALL_PREFIX=/home/huzy/My_orion/install/orion_description
[0.704s] -- The C compiler identification is GNU 11.4.0
[0.918s] -- The CXX compiler identification is GNU 11.4.0
[0.947s] -- Detecting C compiler ABI info
[1.156s] -- Detecting C compiler ABI info - done
[1.161s] -- Check for working C compiler: /usr/bin/cc - skipped
[1.164s] -- Detecting C compile features
[1.167s] -- Detecting C compile features - done
[1.174s] -- Detecting CXX compiler ABI info
[1.391s] -- Detecting CXX compiler ABI info - done
[1.397s] -- Check for working CXX compiler: /usr/bin/c++ - skipped
[1.397s] -- Detecting CXX compile features
[1.397s] -- Detecting CXX compile features - done
[1.403s] -- Found ament_cmake: 1.3.12 (/opt/ros/humble/share/ament_cmake/cmake)
[1.620s] -- Found Python3: /usr/bin/python3 (found version "3.10.12") found components: Interpreter 
[1.706s] -- Override CMake install command with custom implementation using symlinks instead of copying resources
[1.847s] -- Configuring done
[1.849s] -- Generating done
[1.851s] -- Build files have been written to: /home/huzy/My_orion/build/orion_description
[1.855s] Invoked command in '/home/huzy/My_orion/build/orion_description' returned '0': CMAKE_PREFIX_PATH=/opt/ros/humble /usr/bin/cmake /home/huzy/My_orion/src/orion_description -DAMENT_CMAKE_SYMLINK_INSTALL=1 -DCMAKE_INSTALL_PREFIX=/home/huzy/My_orion/install/orion_description
[1.856s] Invoking command in '/home/huzy/My_orion/build/orion_description': CMAKE_PREFIX_PATH=/opt/ros/humble /usr/bin/cmake --build /home/huzy/My_orion/build/orion_description -- -j8 -l8
[1.961s] Invoked command in '/home/huzy/My_orion/build/orion_description' returned '0': CMAKE_PREFIX_PATH=/opt/ros/humble /usr/bin/cmake --build /home/huzy/My_orion/build/orion_description -- -j8 -l8
[1.984s] Invoking command in '/home/huzy/My_orion/build/orion_description': CMAKE_PREFIX_PATH=/opt/ros/humble /usr/bin/cmake --install /home/huzy/My_orion/build/orion_description
[2.000s] -- Install configuration: ""
[2.000s] -- Execute custom install script
[2.001s] -- Symlinking: /home/huzy/My_orion/install/orion_description/share/orion_description/urdf/orion.urdf
[2.021s] -- Symlinking: /home/huzy/My_orion/install/orion_description/share/orion_description/meshes/stl/Link1.stl
[2.040s] -- Symlinking: /home/huzy/My_orion/install/orion_description/share/orion_description/meshes/stl/Link2.stl
[2.061s] -- Symlinking: /home/huzy/My_orion/install/orion_description/share/orion_description/meshes/stl/Link3.stl
[2.079s] -- Symlinking: /home/huzy/My_orion/install/orion_description/share/orion_description/meshes/stl/Link4.stl
[2.098s] -- Symlinking: /home/huzy/My_orion/install/orion_description/share/orion_description/meshes/stl/Link5.stl
[2.119s] -- Symlinking: /home/huzy/My_orion/install/orion_description/share/orion_description/meshes/stl/Link6.stl
[2.142s] -- Symlinking: /home/huzy/My_orion/install/orion_description/share/orion_description/meshes/stl/Link7.stl
[2.163s] -- Symlinking: /home/huzy/My_orion/install/orion_description/share/orion_description/meshes/stl/Link8.stl
[2.187s] -- Symlinking: /home/huzy/My_orion/install/orion_description/share/orion_description/meshes/stl/base_link.stl
[2.207s] -- Symlinking: /home/huzy/My_orion/install/orion_description/share/orion_description/launch/display.launch.py
[2.227s] -- Symlinking: /home/huzy/My_orion/install/orion_description/share/ament_index/resource_index/package_run_dependencies/orion_description
[2.246s] -- Symlinking: /home/huzy/My_orion/install/orion_description/share/ament_index/resource_index/parent_prefix_path/orion_description
[2.265s] -- Symlinking: /home/huzy/My_orion/install/orion_description/share/orion_description/environment/ament_prefix_path.sh
[2.286s] -- Symlinking: /home/huzy/My_orion/install/orion_description/share/orion_description/environment/ament_prefix_path.dsv
[2.305s] -- Symlinking: /home/huzy/My_orion/install/orion_description/share/orion_description/environment/path.sh
[2.324s] -- Symlinking: /home/huzy/My_orion/install/orion_description/share/orion_description/environment/path.dsv
[2.344s] -- Symlinking: /home/huzy/My_orion/install/orion_description/share/orion_description/local_setup.bash
[2.366s] -- Symlinking: /home/huzy/My_orion/install/orion_description/share/orion_description/local_setup.sh
[2.387s] -- Symlinking: /home/huzy/My_orion/install/orion_description/share/orion_description/local_setup.zsh
[2.409s] -- Symlinking: /home/huzy/My_orion/install/orion_description/share/orion_description/local_setup.dsv
[2.432s] -- Symlinking: /home/huzy/My_orion/install/orion_description/share/orion_description/package.dsv
[2.450s] -- Symlinking: /home/huzy/My_orion/install/orion_description/share/ament_index/resource_index/packages/orion_description
[2.471s] -- Symlinking: /home/huzy/My_orion/install/orion_description/share/orion_description/cmake/orion_descriptionConfig.cmake
[2.491s] -- Symlinking: /home/huzy/My_orion/install/orion_description/share/orion_description/cmake/orion_descriptionConfig-version.cmake
[2.511s] -- Symlinking: /home/huzy/My_orion/install/orion_description/share/orion_description/package.xml
[2.532s] Invoked command in '/home/huzy/My_orion/build/orion_description' returned '0': CMAKE_PREFIX_PATH=/opt/ros/humble /usr/bin/cmake --install /home/huzy/My_orion/build/orion_description
