[0.468s] Invoking command in '/home/huzy/My_orion/src/orion_pybullet_sim': CMAKE_PREFIX_PATH=/home/huzy/My_orion/install/orion_moveit_config:/home/huzy/My_orion/install/orion_description:/home/huzy/My_orion/install/orion_mtc:/home/huzy/holoocean-ros/install/holoocean_interfaces PYTHONPATH=/home/huzy/My_orion/build/orion_pybullet_sim/prefix_override:/usr/lib/python3/dist-packages/colcon_core/task/python/colcon_distutils_commands:/home/huzy/My_orion/install/orion_pybullet_sim/lib/python3.10/site-packages:${PYTHONPATH} /usr/bin/python3 -W ignore:setup.py install is deprecated -W ignore:easy_install command is deprecated setup.py egg_info --egg-base ../../build/orion_pybullet_sim build --build-base /home/huzy/My_orion/build/orion_pybullet_sim/build install --record /home/huzy/My_orion/build/orion_pybullet_sim/install.log --single-version-externally-managed install_data
[0.639s] running egg_info
[0.639s] writing ../../build/orion_pybullet_sim/orion_pybullet_sim.egg-info/PKG-INFO
[0.640s] writing dependency_links to ../../build/orion_pybullet_sim/orion_pybullet_sim.egg-info/dependency_links.txt
[0.640s] writing entry points to ../../build/orion_pybullet_sim/orion_pybullet_sim.egg-info/entry_points.txt
[0.640s] writing requirements to ../../build/orion_pybullet_sim/orion_pybullet_sim.egg-info/requires.txt
[0.640s] writing top-level names to ../../build/orion_pybullet_sim/orion_pybullet_sim.egg-info/top_level.txt
[0.642s] reading manifest file '../../build/orion_pybullet_sim/orion_pybullet_sim.egg-info/SOURCES.txt'
[0.643s] writing manifest file '../../build/orion_pybullet_sim/orion_pybullet_sim.egg-info/SOURCES.txt'
[0.643s] running build
[0.643s] running build_py
[0.643s] running install
[0.643s] running install_lib
[0.644s] running install_data
[0.644s] running install_egg_info
[0.646s] removing '/home/huzy/My_orion/install/orion_pybullet_sim/lib/python3.10/site-packages/orion_pybullet_sim-0.0.1-py3.10.egg-info' (and everything under it)
[0.647s] Copying ../../build/orion_pybullet_sim/orion_pybullet_sim.egg-info to /home/huzy/My_orion/install/orion_pybullet_sim/lib/python3.10/site-packages/orion_pybullet_sim-0.0.1-py3.10.egg-info
[0.647s] running install_scripts
[0.663s] Installing pybullet_controller script to /home/huzy/My_orion/install/orion_pybullet_sim/lib/orion_pybullet_sim
[0.664s] writing list of installed files to '/home/huzy/My_orion/build/orion_pybullet_sim/install.log'
[0.684s] Invoked command in '/home/huzy/My_orion/src/orion_pybullet_sim' returned '0': CMAKE_PREFIX_PATH=/home/huzy/My_orion/install/orion_moveit_config:/home/huzy/My_orion/install/orion_description:/home/huzy/My_orion/install/orion_mtc:/home/huzy/holoocean-ros/install/holoocean_interfaces PYTHONPATH=/home/huzy/My_orion/build/orion_pybullet_sim/prefix_override:/usr/lib/python3/dist-packages/colcon_core/task/python/colcon_distutils_commands:/home/huzy/My_orion/install/orion_pybullet_sim/lib/python3.10/site-packages:${PYTHONPATH} /usr/bin/python3 -W ignore:setup.py install is deprecated -W ignore:easy_install command is deprecated setup.py egg_info --egg-base ../../build/orion_pybullet_sim build --build-base /home/huzy/My_orion/build/orion_pybullet_sim/build install --record /home/huzy/My_orion/build/orion_pybullet_sim/install.log --single-version-externally-managed install_data
