[0.036s] Invoking command in '/home/huzy/My_orion/build/orion_moveit_config': CMAKE_PREFIX_PATH=/home/huzy/My_orion/install/orion_description:/home/huzy/My_orion/install/orion_mtc:/home/huzy/My_orion/install/orion_moveit_config:/home/huzy/My_orion/install/orion_pybullet_sim:/opt/ros/humble /usr/bin/cmake /home/huzy/My_orion/src/orion_moveit_config -DCMAKE_INSTALL_PREFIX=/home/huzy/My_orion/install/orion_moveit_config
[0.369s] -- The C compiler identification is GNU 11.4.0
[0.542s] -- The CXX compiler identification is GNU 11.4.0
[0.580s] -- Detecting C compiler ABI info
[0.886s] -- Detecting C compiler ABI info - done
[0.893s] -- Check for working C compiler: /usr/bin/cc - skipped
[0.893s] -- Detecting C compile features
[0.894s] -- Detecting C compile features - done
[0.899s] -- Detecting CXX compiler ABI info
[1.163s] -- Detecting CXX compiler ABI info - done
[1.169s] -- Check for working CXX compiler: /usr/bin/c++ - skipped
[1.169s] -- Detecting CXX compile features
[1.169s] -- Detecting CXX compile features - done
[1.172s] -- Found ament_cmake: 1.3.12 (/opt/ros/humble/share/ament_cmake/cmake)
[1.468s] -- Found Python3: /usr/bin/python3 (found version "3.10.12") found components: Interpreter 
[1.686s] -- Configuring done
[1.689s] -- Generating done
[1.692s] -- Build files have been written to: /home/huzy/My_orion/build/orion_moveit_config
[1.699s] Invoked command in '/home/huzy/My_orion/build/orion_moveit_config' returned '0': CMAKE_PREFIX_PATH=/home/huzy/My_orion/install/orion_description:/home/huzy/My_orion/install/orion_mtc:/home/huzy/My_orion/install/orion_moveit_config:/home/huzy/My_orion/install/orion_pybullet_sim:/opt/ros/humble /usr/bin/cmake /home/huzy/My_orion/src/orion_moveit_config -DCMAKE_INSTALL_PREFIX=/home/huzy/My_orion/install/orion_moveit_config
[1.701s] Invoking command in '/home/huzy/My_orion/build/orion_moveit_config': CMAKE_PREFIX_PATH=/home/huzy/My_orion/install/orion_description:/home/huzy/My_orion/install/orion_mtc:/home/huzy/My_orion/install/orion_moveit_config:/home/huzy/My_orion/install/orion_pybullet_sim:/opt/ros/humble /usr/bin/cmake --build /home/huzy/My_orion/build/orion_moveit_config -- -j8 -l8
[1.835s] Invoked command in '/home/huzy/My_orion/build/orion_moveit_config' returned '0': CMAKE_PREFIX_PATH=/home/huzy/My_orion/install/orion_description:/home/huzy/My_orion/install/orion_mtc:/home/huzy/My_orion/install/orion_moveit_config:/home/huzy/My_orion/install/orion_pybullet_sim:/opt/ros/humble /usr/bin/cmake --build /home/huzy/My_orion/build/orion_moveit_config -- -j8 -l8
[1.863s] Invoking command in '/home/huzy/My_orion/build/orion_moveit_config': CMAKE_PREFIX_PATH=/home/huzy/My_orion/install/orion_description:/home/huzy/My_orion/install/orion_mtc:/home/huzy/My_orion/install/orion_moveit_config:/home/huzy/My_orion/install/orion_pybullet_sim:/opt/ros/humble /usr/bin/cmake --install /home/huzy/My_orion/build/orion_moveit_config
[1.888s] -- Install configuration: ""
[1.888s] -- Up-to-date: /home/huzy/My_orion/install/orion_moveit_config/share/orion_moveit_config/config
[1.888s] -- Up-to-date: /home/huzy/My_orion/install/orion_moveit_config/share/orion_moveit_config/launch
[1.888s] -- Installing: /home/huzy/My_orion/install/orion_moveit_config/share/orion_moveit_config/package.dsv
[1.893s] Invoked command in '/home/huzy/My_orion/build/orion_moveit_config' returned '0': CMAKE_PREFIX_PATH=/home/huzy/My_orion/install/orion_description:/home/huzy/My_orion/install/orion_mtc:/home/huzy/My_orion/install/orion_moveit_config:/home/huzy/My_orion/install/orion_pybullet_sim:/opt/ros/humble /usr/bin/cmake --install /home/huzy/My_orion/build/orion_moveit_config
