[0.000000] (-) TimerEvent: {}
[0.000250] (-) JobUnselected: {'identifier': 'orion_description'}
[0.000541] (-) JobUnselected: {'identifier': 'orion_moveit_config'}
[0.000569] (-) JobUnselected: {'identifier': 'orion_pybullet_sim'}
[0.000595] (orion_mtc) JobQueued: {'identifier': 'orion_mtc', 'dependencies': OrderedDict([('orion_description', '/home/huzy/My_orion/install/orion_description'), ('orion_moveit_config', '/home/huzy/My_orion/install/orion_moveit_config'), ('orion_pybullet_sim', '/home/huzy/My_orion/install/orion_pybullet_sim')])}
[0.000628] (orion_mtc) JobStarted: {'identifier': 'orion_mtc'}
[0.025204] (orion_mtc) JobProgress: {'identifier': 'orion_mtc', 'progress': 'cmake'}
[0.025964] (orion_mtc) JobProgress: {'identifier': 'orion_mtc', 'progress': 'build'}
[0.026661] (orion_mtc) Command: {'cmd': ['/usr/bin/cmake', '--build', '/home/huzy/My_orion/build/orion_mtc', '--', '-j8', '-l8'], 'cwd': '/home/huzy/My_orion/build/orion_mtc', 'env': OrderedDict([('GJS_DEBUG_TOPICS', 'JS ERROR;JS LOG'), ('LESSOPEN', '| /usr/bin/lesspipe %s'), ('VSCODE_CWD', '/home/huzy'), ('CURSOR_EXTENSION_HOST_ROLE', 'agent-exec'), ('VSCODE_ESM_ENTRYPOINT', 'vs/workbench/api/node/extensionHostProcess'), ('LANGUAGE', 'zh_CN:en_AU:en_US:en'), ('USER', 'huzy'), ('LC_TIME', 'zh_CN.UTF-8'), ('VSCODE_NLS_CONFIG', '{"userLocale":"zh-cn","osLocale":"zh-cn","resolvedLanguage":"zh-cn","defaultMessagesFile":"/tmp/.mount_CursorUXtYWI/usr/share/cursor/resources/app/out/nls.messages.json","languagePack":{"translationsConfigFile":"/home/huzy/.config/Cursor/clp/3bfb7f1471a52e527cfc1587dd57c7c1.zh-cn/tcf.json","messagesFile":"/home/huzy/.config/Cursor/clp/3bfb7f1471a52e527cfc1587dd57c7c1.zh-cn/8c95649f251a168cc4bb34c89531fae7db4bd990/nls.messages.json","corruptMarkerFile":"/home/huzy/.config/Cursor/clp/3bfb7f1471a52e527cfc1587dd57c7c1.zh-cn/corrupted.info"},"locale":"zh-cn","availableLanguages":{"*":"zh-cn"},"_languagePackId":"3bfb7f1471a52e527cfc1587dd57c7c1.zh-cn","_languagePackSupport":true,"_translationsConfigFile":"/home/huzy/.config/Cursor/clp/3bfb7f1471a52e527cfc1587dd57c7c1.zh-cn/tcf.json","_cacheRoot":"/home/huzy/.config/Cursor/clp/3bfb7f1471a52e527cfc1587dd57c7c1.zh-cn","_resolvedLanguagePackCoreLocation":"/home/huzy/.config/Cursor/clp/3bfb7f1471a52e527cfc1587dd57c7c1.zh-cn/8c95649f251a168cc4bb34c89531fae7db4bd990","_corruptedFile":"/home/huzy/.config/Cursor/clp/3bfb7f1471a52e527cfc1587dd57c7c1.zh-cn/corrupted.info"}'), ('CI', '1'), ('VSCODE_HANDLES_UNCAUGHT_ERRORS', 'true'), ('XDG_SESSION_TYPE', 'wayland'), ('SHLVL', '1'), ('LD_LIBRARY_PATH', '/usr/lib/x86_64-linux-gnu/gazebo-11/plugins:/opt/ros/humble/opt/rviz_ogre_vendor/lib:/opt/ros/humble/lib/x86_64-linux-gnu:/opt/ros/humble/lib:/tmp/.mount_CursorUXtYWI/usr/lib/:/tmp/.mount_CursorUXtYWI/usr/lib32/:/tmp/.mount_CursorUXtYWI/usr/lib64/:/tmp/.mount_CursorUXtYWI/lib/:/tmp/.mount_CursorUXtYWI/lib/i386-linux-gnu/:/tmp/.mount_CursorUXtYWI/lib/x86_64-linux-gnu/:/tmp/.mount_CursorUXtYWI/lib/aarch64-linux-gnu/:/tmp/.mount_CursorUXtYWI/lib32/:/tmp/.mount_CursorUXtYWI/lib64/:'), ('HOME', '/home/huzy'), ('CHROME_DESKTOP', 'cursor.desktop'), ('APPDIR', '/tmp/.mount_CursorUXtYWI'), ('OLDPWD', '/home/huzy/My_orion'), ('DESKTOP_SESSION', 'ubuntu'), ('PERLLIB', '/tmp/.mount_CursorUXtYWI/usr/share/perl5/:/tmp/.mount_CursorUXtYWI/usr/lib/perl5/:'), ('VSCODE_IPC_HOOK', '/run/user/1000/vscode-294d73a8-2.6.-main.sock'), ('GIO_LAUNCHED_DESKTOP_FILE', '/home/huzy/.local/share/applications/cursor-ime.desktop'), ('ROS_PYTHON_VERSION', '3'), ('GNOME_SHELL_SESSION_MODE', 'ubuntu'), ('GTK_MODULES', 'gail:atk-bridge'), ('SDL_IM_MODULE', 'fcitx'), ('LC_MONETARY', 'zh_CN.UTF-8'), ('CURSOR_WORKSPACE_LABEL', 'My_orion'), ('MANAGERPID', '1530'), ('SYSTEMD_EXEC_PID', '1714'), ('IM_CONFIG_CHECK_ENV', '1'), ('NO_COLOR', '1'), ('DBUS_SESSION_BUS_ADDRESS', 'unix:path=/run/user/1000/bus'), ('GIO_LAUNCHED_DESKTOP_FILE_PID', '2990'), ('VSCODE_CRASH_REPORTER_PROCESS_TYPE', 'extensionHost'), ('IM_CONFIG_PHASE', '1'), ('WAYLAND_DISPLAY', 'wayland-0'), ('COLCON_PREFIX_PATH', '/home/huzy/My_orion/install'), ('ROS_DISTRO', 'humble'), ('GTK_IM_MODULE', 'fcitx'), ('LOGNAME', 'huzy'), ('FORCE_COLOR', '0'), ('OWD', '/home/huzy'), ('JOURNAL_STREAM', '8:25737'), ('_', '/usr/bin/colcon'), ('ROS_VERSION', '2'), ('XDG_SESSION_CLASS', 'user'), ('USERNAME', 'huzy'), ('TERM', 'dumb'), ('GNOME_DESKTOP_SESSION_ID', 'this-is-deprecated'), ('FC_FONTATIONS', '1'), ('ROS_LOCALHOST_ONLY', '0'), ('PATH', '/home/huzy/.local/bin:/home/huzy/bin:/home/huzy/bin:/home/huzy/.local/bin:/home/huzy/bin:/home/huzy/bin:/opt/ros/humble/bin:/tmp/.mount_CursorUXtYWI/usr/bin/:/tmp/.mount_CursorUXtYWI/usr/sbin/:/tmp/.mount_CursorUXtYWI/usr/games/:/tmp/.mount_CursorUXtYWI/bin/:/tmp/.mount_CursorUXtYWI/sbin/:/home/huzy/.local/bin:/home/huzy/bin:/usr/local/sbin:/usr/local/bin:/usr/sbin:/usr/bin:/sbin:/bin:/usr/games:/usr/local/games:/snap/bin:/snap/bin'), ('SESSION_MANAGER', 'local/huzy-virtual-machine:@/tmp/.ICE-unix/1679,unix/huzy-virtual-machine:/tmp/.ICE-unix/1679'), ('INVOCATION_ID', '826d726d6f664b3f89826df4c6724b2b'), ('PAPERSIZE', 'a4'), ('APPIMAGE', '/home/huzy/Downloads/Cursor-1.4.5-x86_64.AppImage'), ('XDG_MENU_PREFIX', 'gnome-'), ('LC_ADDRESS', 'zh_CN.UTF-8'), ('VSCODE_PROCESS_TITLE', 'extension-host (agent-exec) My_orion [1-3]'), ('GNOME_SETUP_DISPLAY', ':1'), ('XDG_RUNTIME_DIR', '/run/user/1000'), ('GDK_BACKEND', 'x11'), ('CURSOR_AGENT', '1'), ('DISPLAY', ':0'), ('LANG', 'zh_CN.UTF-8'), ('XDG_CURRENT_DESKTOP', 'ubuntu:GNOME'), ('LC_TELEPHONE', 'zh_CN.UTF-8'), ('XMODIFIERS', '@im=fcitx'), ('XDG_SESSION_DESKTOP', 'ubuntu'), ('XAUTHORITY', '/run/user/1000/.mutter-Xwaylandauth.LF0LL3'), ('LS_COLORS', ''), ('CURSOR_TRACE_ID', 'd42350f5f41c41808637c56825ce7e0d'), ('SSH_AGENT_LAUNCHER', 'gnome-keyring'), ('SSH_AUTH_SOCK', '/run/user/1000/keyring/ssh'), ('GSETTINGS_SCHEMA_DIR', '/tmp/.mount_CursorUXtYWI/usr/share/glib-2.0/schemas/:'), ('AMENT_PREFIX_PATH', '/home/huzy/My_orion/install/orion_pybullet_sim:/home/huzy/My_orion/install/orion_mtc:/home/huzy/My_orion/install/orion_moveit_config:/home/huzy/My_orion/install/orion_description:/opt/ros/humble'), ('SHELL', '/bin/bash'), ('LC_NAME', 'zh_CN.UTF-8'), ('ARGV0', '/home/huzy/Downloads/Cursor-1.4.5-x86_64.AppImage'), ('QT_ACCESSIBILITY', '1'), ('GDMSESSION', 'ubuntu'), ('LESSCLOSE', '/usr/bin/lesspipe %s %s'), ('LC_MEASUREMENT', 'zh_CN.UTF-8'), ('GJS_DEBUG_OUTPUT', 'stderr'), ('LC_IDENTIFICATION', 'zh_CN.UTF-8'), ('QT_IM_MODULE', 'fcitx'), ('PWD', '/home/huzy/My_orion/build/orion_mtc'), ('XDG_CONFIG_DIRS', '/etc/xdg/xdg-ubuntu:/etc/xdg'), ('VSCODE_CODE_CACHE_PATH', '/home/huzy/.config/Cursor/CachedData/8c95649f251a168cc4bb34c89531fae7db4bd990'), ('CLUTTER_IM_MODULE', 'fcitx'), ('XDG_DATA_DIRS', '/tmp/.mount_CursorUXtYWI/usr/share/:/usr/local/share:/usr/share:/usr/share/ubuntu:/usr/local/share/:/usr/share/:/var/lib/snapd/desktop'), ('PYTHONPATH', '/home/huzy/My_orion/install/orion_pybullet_sim/lib/python3.10/site-packages:/opt/ros/humble/lib/python3.10/site-packages:/opt/ros/humble/local/lib/python3.10/dist-packages'), ('LC_NUMERIC', 'zh_CN.UTF-8'), ('LC_PAPER', 'zh_CN.UTF-8'), ('QT_PLUGIN_PATH', '/tmp/.mount_CursorUXtYWI/usr/lib/qt4/plugins/:/tmp/.mount_CursorUXtYWI/usr/lib/i386-linux-gnu/qt4/plugins/:/tmp/.mount_CursorUXtYWI/usr/lib/x86_64-linux-gnu/qt4/plugins/:/tmp/.mount_CursorUXtYWI/usr/lib/aarch64-linux-gnu/qt4/plugins/:/tmp/.mount_CursorUXtYWI/usr/lib32/qt4/plugins/:/tmp/.mount_CursorUXtYWI/usr/lib64/qt4/plugins/:/tmp/.mount_CursorUXtYWI/usr/lib/qt5/plugins/:/tmp/.mount_CursorUXtYWI/usr/lib/i386-linux-gnu/qt5/plugins/:/tmp/.mount_CursorUXtYWI/usr/lib/x86_64-linux-gnu/qt5/plugins/:/tmp/.mount_CursorUXtYWI/usr/lib/aarch64-linux-gnu/qt5/plugins/:/tmp/.mount_CursorUXtYWI/usr/lib32/qt5/plugins/:/tmp/.mount_CursorUXtYWI/usr/lib64/qt5/plugins/:'), ('COLCON', '1'), ('_ZO_DOCTOR', '0'), ('CMAKE_PREFIX_PATH', '/home/huzy/My_orion/install/orion_moveit_config:/home/huzy/My_orion/install/orion_description:/home/huzy/My_orion/install/orion_mtc:/home/huzy/My_orion/install/orion_pybullet_sim:/opt/ros/humble'), ('VSCODE_PID', '2990')]), 'shell': False}
[0.099778] (-) TimerEvent: {}
[0.141696] (orion_mtc) StdoutLine: {'line': b'Consolidate compiler generated dependencies of target mtc_node\n'}
[0.180000] (orion_mtc) StdoutLine: {'line': b'[ 50%] Building CXX object CMakeFiles/mtc_node.dir/src/mtc_node.cpp.o\n'}
[0.199947] (-) TimerEvent: {}
[0.300241] (-) TimerEvent: {}
[0.400560] (-) TimerEvent: {}
[0.500862] (-) TimerEvent: {}
[0.601141] (-) TimerEvent: {}
[0.701465] (-) TimerEvent: {}
[0.801946] (-) TimerEvent: {}
[0.902286] (-) TimerEvent: {}
[1.002603] (-) TimerEvent: {}
[1.102884] (-) TimerEvent: {}
[1.203188] (-) TimerEvent: {}
[1.303499] (-) TimerEvent: {}
[1.403778] (-) TimerEvent: {}
[1.504052] (-) TimerEvent: {}
[1.604386] (-) TimerEvent: {}
[1.704743] (-) TimerEvent: {}
[1.805075] (-) TimerEvent: {}
[1.905393] (-) TimerEvent: {}
[2.005687] (-) TimerEvent: {}
[2.105958] (-) TimerEvent: {}
[2.206233] (-) TimerEvent: {}
[2.306609] (-) TimerEvent: {}
[2.406880] (-) TimerEvent: {}
[2.507163] (-) TimerEvent: {}
[2.607520] (-) TimerEvent: {}
[2.707813] (-) TimerEvent: {}
[2.808104] (-) TimerEvent: {}
[2.908471] (-) TimerEvent: {}
[3.008760] (-) TimerEvent: {}
[3.109063] (-) TimerEvent: {}
[3.209379] (-) TimerEvent: {}
[3.309660] (-) TimerEvent: {}
[3.409948] (-) TimerEvent: {}
[3.510276] (-) TimerEvent: {}
[3.610553] (-) TimerEvent: {}
[3.710834] (-) TimerEvent: {}
[3.811118] (-) TimerEvent: {}
[3.911462] (-) TimerEvent: {}
[4.011772] (-) TimerEvent: {}
[4.112058] (-) TimerEvent: {}
[4.212402] (-) TimerEvent: {}
[4.312685] (-) TimerEvent: {}
[4.412983] (-) TimerEvent: {}
[4.513294] (-) TimerEvent: {}
[4.613609] (-) TimerEvent: {}
[4.713884] (-) TimerEvent: {}
[4.814201] (-) TimerEvent: {}
[4.914511] (-) TimerEvent: {}
[5.014793] (-) TimerEvent: {}
[5.115082] (-) TimerEvent: {}
[5.215409] (-) TimerEvent: {}
[5.315801] (-) TimerEvent: {}
[5.416098] (-) TimerEvent: {}
[5.516422] (-) TimerEvent: {}
[5.616702] (-) TimerEvent: {}
[5.716984] (-) TimerEvent: {}
[5.817257] (-) TimerEvent: {}
[5.917533] (-) TimerEvent: {}
[6.017797] (-) TimerEvent: {}
[6.118089] (-) TimerEvent: {}
[6.218412] (-) TimerEvent: {}
[6.318693] (-) TimerEvent: {}
[6.418984] (-) TimerEvent: {}
[6.519277] (-) TimerEvent: {}
[6.619587] (-) TimerEvent: {}
[6.719880] (-) TimerEvent: {}
[6.820160] (-) TimerEvent: {}
[6.922306] (-) TimerEvent: {}
[7.022618] (-) TimerEvent: {}
[7.122906] (-) TimerEvent: {}
[7.223196] (-) TimerEvent: {}
[7.323502] (-) TimerEvent: {}
[7.423794] (-) TimerEvent: {}
[7.524086] (-) TimerEvent: {}
[7.624418] (-) TimerEvent: {}
[7.725036] (-) TimerEvent: {}
[7.825377] (-) TimerEvent: {}
[7.925654] (-) TimerEvent: {}
[8.025934] (-) TimerEvent: {}
[8.126215] (-) TimerEvent: {}
[8.226518] (-) TimerEvent: {}
[8.326785] (-) TimerEvent: {}
[8.427053] (-) TimerEvent: {}
[8.527380] (-) TimerEvent: {}
[8.627677] (-) TimerEvent: {}
[8.727995] (-) TimerEvent: {}
[8.828277] (-) TimerEvent: {}
[8.928557] (-) TimerEvent: {}
[9.028843] (-) TimerEvent: {}
[9.129134] (-) TimerEvent: {}
[9.229449] (-) TimerEvent: {}
[9.329716] (-) TimerEvent: {}
[9.429978] (-) TimerEvent: {}
[9.530257] (-) TimerEvent: {}
[9.630575] (-) TimerEvent: {}
[9.730854] (-) TimerEvent: {}
[9.831128] (-) TimerEvent: {}
[9.931430] (-) TimerEvent: {}
[10.031701] (-) TimerEvent: {}
[10.131978] (-) TimerEvent: {}
[10.232248] (-) TimerEvent: {}
[10.332573] (-) TimerEvent: {}
[10.432936] (-) TimerEvent: {}
[10.533223] (-) TimerEvent: {}
[10.633521] (-) TimerEvent: {}
[10.733787] (-) TimerEvent: {}
[10.834095] (-) TimerEvent: {}
[10.934444] (-) TimerEvent: {}
[11.034759] (-) TimerEvent: {}
[11.135074] (-) TimerEvent: {}
[11.235545] (-) TimerEvent: {}
[11.261776] (orion_mtc) StdoutLine: {'line': b'[100%] Linking CXX executable mtc_node\n'}
[11.335693] (-) TimerEvent: {}
[11.435961] (-) TimerEvent: {}
[11.536225] (-) TimerEvent: {}
[11.636514] (-) TimerEvent: {}
[11.736810] (-) TimerEvent: {}
[11.837094] (-) TimerEvent: {}
[11.846632] (orion_mtc) StdoutLine: {'line': b'[100%] Built target mtc_node\n'}
[11.865022] (orion_mtc) CommandEnded: {'returncode': 0}
[11.865831] (orion_mtc) JobProgress: {'identifier': 'orion_mtc', 'progress': 'install'}
[11.883615] (orion_mtc) Command: {'cmd': ['/usr/bin/cmake', '--install', '/home/huzy/My_orion/build/orion_mtc'], 'cwd': '/home/huzy/My_orion/build/orion_mtc', 'env': OrderedDict([('GJS_DEBUG_TOPICS', 'JS ERROR;JS LOG'), ('LESSOPEN', '| /usr/bin/lesspipe %s'), ('VSCODE_CWD', '/home/huzy'), ('CURSOR_EXTENSION_HOST_ROLE', 'agent-exec'), ('VSCODE_ESM_ENTRYPOINT', 'vs/workbench/api/node/extensionHostProcess'), ('LANGUAGE', 'zh_CN:en_AU:en_US:en'), ('USER', 'huzy'), ('LC_TIME', 'zh_CN.UTF-8'), ('VSCODE_NLS_CONFIG', '{"userLocale":"zh-cn","osLocale":"zh-cn","resolvedLanguage":"zh-cn","defaultMessagesFile":"/tmp/.mount_CursorUXtYWI/usr/share/cursor/resources/app/out/nls.messages.json","languagePack":{"translationsConfigFile":"/home/huzy/.config/Cursor/clp/3bfb7f1471a52e527cfc1587dd57c7c1.zh-cn/tcf.json","messagesFile":"/home/huzy/.config/Cursor/clp/3bfb7f1471a52e527cfc1587dd57c7c1.zh-cn/8c95649f251a168cc4bb34c89531fae7db4bd990/nls.messages.json","corruptMarkerFile":"/home/huzy/.config/Cursor/clp/3bfb7f1471a52e527cfc1587dd57c7c1.zh-cn/corrupted.info"},"locale":"zh-cn","availableLanguages":{"*":"zh-cn"},"_languagePackId":"3bfb7f1471a52e527cfc1587dd57c7c1.zh-cn","_languagePackSupport":true,"_translationsConfigFile":"/home/huzy/.config/Cursor/clp/3bfb7f1471a52e527cfc1587dd57c7c1.zh-cn/tcf.json","_cacheRoot":"/home/huzy/.config/Cursor/clp/3bfb7f1471a52e527cfc1587dd57c7c1.zh-cn","_resolvedLanguagePackCoreLocation":"/home/huzy/.config/Cursor/clp/3bfb7f1471a52e527cfc1587dd57c7c1.zh-cn/8c95649f251a168cc4bb34c89531fae7db4bd990","_corruptedFile":"/home/huzy/.config/Cursor/clp/3bfb7f1471a52e527cfc1587dd57c7c1.zh-cn/corrupted.info"}'), ('CI', '1'), ('VSCODE_HANDLES_UNCAUGHT_ERRORS', 'true'), ('XDG_SESSION_TYPE', 'wayland'), ('SHLVL', '1'), ('LD_LIBRARY_PATH', '/usr/lib/x86_64-linux-gnu/gazebo-11/plugins:/opt/ros/humble/opt/rviz_ogre_vendor/lib:/opt/ros/humble/lib/x86_64-linux-gnu:/opt/ros/humble/lib:/tmp/.mount_CursorUXtYWI/usr/lib/:/tmp/.mount_CursorUXtYWI/usr/lib32/:/tmp/.mount_CursorUXtYWI/usr/lib64/:/tmp/.mount_CursorUXtYWI/lib/:/tmp/.mount_CursorUXtYWI/lib/i386-linux-gnu/:/tmp/.mount_CursorUXtYWI/lib/x86_64-linux-gnu/:/tmp/.mount_CursorUXtYWI/lib/aarch64-linux-gnu/:/tmp/.mount_CursorUXtYWI/lib32/:/tmp/.mount_CursorUXtYWI/lib64/:'), ('HOME', '/home/huzy'), ('CHROME_DESKTOP', 'cursor.desktop'), ('APPDIR', '/tmp/.mount_CursorUXtYWI'), ('OLDPWD', '/home/huzy/My_orion'), ('DESKTOP_SESSION', 'ubuntu'), ('PERLLIB', '/tmp/.mount_CursorUXtYWI/usr/share/perl5/:/tmp/.mount_CursorUXtYWI/usr/lib/perl5/:'), ('VSCODE_IPC_HOOK', '/run/user/1000/vscode-294d73a8-2.6.-main.sock'), ('GIO_LAUNCHED_DESKTOP_FILE', '/home/huzy/.local/share/applications/cursor-ime.desktop'), ('ROS_PYTHON_VERSION', '3'), ('GNOME_SHELL_SESSION_MODE', 'ubuntu'), ('GTK_MODULES', 'gail:atk-bridge'), ('SDL_IM_MODULE', 'fcitx'), ('LC_MONETARY', 'zh_CN.UTF-8'), ('CURSOR_WORKSPACE_LABEL', 'My_orion'), ('MANAGERPID', '1530'), ('SYSTEMD_EXEC_PID', '1714'), ('IM_CONFIG_CHECK_ENV', '1'), ('NO_COLOR', '1'), ('DBUS_SESSION_BUS_ADDRESS', 'unix:path=/run/user/1000/bus'), ('GIO_LAUNCHED_DESKTOP_FILE_PID', '2990'), ('VSCODE_CRASH_REPORTER_PROCESS_TYPE', 'extensionHost'), ('IM_CONFIG_PHASE', '1'), ('WAYLAND_DISPLAY', 'wayland-0'), ('COLCON_PREFIX_PATH', '/home/huzy/My_orion/install'), ('ROS_DISTRO', 'humble'), ('GTK_IM_MODULE', 'fcitx'), ('LOGNAME', 'huzy'), ('FORCE_COLOR', '0'), ('OWD', '/home/huzy'), ('JOURNAL_STREAM', '8:25737'), ('_', '/usr/bin/colcon'), ('ROS_VERSION', '2'), ('XDG_SESSION_CLASS', 'user'), ('USERNAME', 'huzy'), ('TERM', 'dumb'), ('GNOME_DESKTOP_SESSION_ID', 'this-is-deprecated'), ('FC_FONTATIONS', '1'), ('ROS_LOCALHOST_ONLY', '0'), ('PATH', '/home/huzy/.local/bin:/home/huzy/bin:/home/huzy/bin:/home/huzy/.local/bin:/home/huzy/bin:/home/huzy/bin:/opt/ros/humble/bin:/tmp/.mount_CursorUXtYWI/usr/bin/:/tmp/.mount_CursorUXtYWI/usr/sbin/:/tmp/.mount_CursorUXtYWI/usr/games/:/tmp/.mount_CursorUXtYWI/bin/:/tmp/.mount_CursorUXtYWI/sbin/:/home/huzy/.local/bin:/home/huzy/bin:/usr/local/sbin:/usr/local/bin:/usr/sbin:/usr/bin:/sbin:/bin:/usr/games:/usr/local/games:/snap/bin:/snap/bin'), ('SESSION_MANAGER', 'local/huzy-virtual-machine:@/tmp/.ICE-unix/1679,unix/huzy-virtual-machine:/tmp/.ICE-unix/1679'), ('INVOCATION_ID', '826d726d6f664b3f89826df4c6724b2b'), ('PAPERSIZE', 'a4'), ('APPIMAGE', '/home/huzy/Downloads/Cursor-1.4.5-x86_64.AppImage'), ('XDG_MENU_PREFIX', 'gnome-'), ('LC_ADDRESS', 'zh_CN.UTF-8'), ('VSCODE_PROCESS_TITLE', 'extension-host (agent-exec) My_orion [1-3]'), ('GNOME_SETUP_DISPLAY', ':1'), ('XDG_RUNTIME_DIR', '/run/user/1000'), ('GDK_BACKEND', 'x11'), ('CURSOR_AGENT', '1'), ('DISPLAY', ':0'), ('LANG', 'zh_CN.UTF-8'), ('XDG_CURRENT_DESKTOP', 'ubuntu:GNOME'), ('LC_TELEPHONE', 'zh_CN.UTF-8'), ('XMODIFIERS', '@im=fcitx'), ('XDG_SESSION_DESKTOP', 'ubuntu'), ('XAUTHORITY', '/run/user/1000/.mutter-Xwaylandauth.LF0LL3'), ('LS_COLORS', ''), ('CURSOR_TRACE_ID', 'd42350f5f41c41808637c56825ce7e0d'), ('SSH_AGENT_LAUNCHER', 'gnome-keyring'), ('SSH_AUTH_SOCK', '/run/user/1000/keyring/ssh'), ('GSETTINGS_SCHEMA_DIR', '/tmp/.mount_CursorUXtYWI/usr/share/glib-2.0/schemas/:'), ('AMENT_PREFIX_PATH', '/home/huzy/My_orion/install/orion_pybullet_sim:/home/huzy/My_orion/install/orion_mtc:/home/huzy/My_orion/install/orion_moveit_config:/home/huzy/My_orion/install/orion_description:/opt/ros/humble'), ('SHELL', '/bin/bash'), ('LC_NAME', 'zh_CN.UTF-8'), ('ARGV0', '/home/huzy/Downloads/Cursor-1.4.5-x86_64.AppImage'), ('QT_ACCESSIBILITY', '1'), ('GDMSESSION', 'ubuntu'), ('LESSCLOSE', '/usr/bin/lesspipe %s %s'), ('LC_MEASUREMENT', 'zh_CN.UTF-8'), ('GJS_DEBUG_OUTPUT', 'stderr'), ('LC_IDENTIFICATION', 'zh_CN.UTF-8'), ('QT_IM_MODULE', 'fcitx'), ('PWD', '/home/huzy/My_orion/build/orion_mtc'), ('XDG_CONFIG_DIRS', '/etc/xdg/xdg-ubuntu:/etc/xdg'), ('VSCODE_CODE_CACHE_PATH', '/home/huzy/.config/Cursor/CachedData/8c95649f251a168cc4bb34c89531fae7db4bd990'), ('CLUTTER_IM_MODULE', 'fcitx'), ('XDG_DATA_DIRS', '/tmp/.mount_CursorUXtYWI/usr/share/:/usr/local/share:/usr/share:/usr/share/ubuntu:/usr/local/share/:/usr/share/:/var/lib/snapd/desktop'), ('PYTHONPATH', '/home/huzy/My_orion/install/orion_pybullet_sim/lib/python3.10/site-packages:/opt/ros/humble/lib/python3.10/site-packages:/opt/ros/humble/local/lib/python3.10/dist-packages'), ('LC_NUMERIC', 'zh_CN.UTF-8'), ('LC_PAPER', 'zh_CN.UTF-8'), ('QT_PLUGIN_PATH', '/tmp/.mount_CursorUXtYWI/usr/lib/qt4/plugins/:/tmp/.mount_CursorUXtYWI/usr/lib/i386-linux-gnu/qt4/plugins/:/tmp/.mount_CursorUXtYWI/usr/lib/x86_64-linux-gnu/qt4/plugins/:/tmp/.mount_CursorUXtYWI/usr/lib/aarch64-linux-gnu/qt4/plugins/:/tmp/.mount_CursorUXtYWI/usr/lib32/qt4/plugins/:/tmp/.mount_CursorUXtYWI/usr/lib64/qt4/plugins/:/tmp/.mount_CursorUXtYWI/usr/lib/qt5/plugins/:/tmp/.mount_CursorUXtYWI/usr/lib/i386-linux-gnu/qt5/plugins/:/tmp/.mount_CursorUXtYWI/usr/lib/x86_64-linux-gnu/qt5/plugins/:/tmp/.mount_CursorUXtYWI/usr/lib/aarch64-linux-gnu/qt5/plugins/:/tmp/.mount_CursorUXtYWI/usr/lib32/qt5/plugins/:/tmp/.mount_CursorUXtYWI/usr/lib64/qt5/plugins/:'), ('COLCON', '1'), ('_ZO_DOCTOR', '0'), ('CMAKE_PREFIX_PATH', '/home/huzy/My_orion/install/orion_moveit_config:/home/huzy/My_orion/install/orion_description:/home/huzy/My_orion/install/orion_mtc:/home/huzy/My_orion/install/orion_pybullet_sim:/opt/ros/humble'), ('VSCODE_PID', '2990')]), 'shell': False}
[11.900529] (orion_mtc) StdoutLine: {'line': b'-- Install configuration: ""\n'}
[11.900936] (orion_mtc) StdoutLine: {'line': b'-- Installing: /home/huzy/My_orion/install/orion_mtc/lib/orion_mtc/mtc_node\n'}
[11.903714] (orion_mtc) StdoutLine: {'line': b'-- Set runtime path of "/home/huzy/My_orion/install/orion_mtc/lib/orion_mtc/mtc_node" to ""\n'}
[11.903949] (orion_mtc) StdoutLine: {'line': b'-- Up-to-date: /home/huzy/My_orion/install/orion_mtc/share/orion_mtc/launch\n'}
[11.904042] (orion_mtc) StdoutLine: {'line': b'-- Up-to-date: /home/huzy/My_orion/install/orion_mtc/share/orion_mtc/launch/pick_place_pybullet.launch.py\n'}
[11.904131] (orion_mtc) StdoutLine: {'line': b'-- Up-to-date: /home/huzy/My_orion/install/orion_mtc/share/orion_mtc/config\n'}
[11.904352] (orion_mtc) StdoutLine: {'line': b'-- Up-to-date: /home/huzy/My_orion/install/orion_mtc/share/orion_mtc/config/pick_place_params.yaml\n'}
[11.904393] (orion_mtc) StdoutLine: {'line': b'-- Up-to-date: /home/huzy/My_orion/install/orion_mtc/share/ament_index/resource_index/package_run_dependencies/orion_mtc\n'}
[11.904437] (orion_mtc) StdoutLine: {'line': b'-- Up-to-date: /home/huzy/My_orion/install/orion_mtc/share/ament_index/resource_index/parent_prefix_path/orion_mtc\n'}
[11.904471] (orion_mtc) StdoutLine: {'line': b'-- Up-to-date: /home/huzy/My_orion/install/orion_mtc/share/orion_mtc/environment/ament_prefix_path.sh\n'}
[11.904504] (orion_mtc) StdoutLine: {'line': b'-- Up-to-date: /home/huzy/My_orion/install/orion_mtc/share/orion_mtc/environment/ament_prefix_path.dsv\n'}
[11.904538] (orion_mtc) StdoutLine: {'line': b'-- Up-to-date: /home/huzy/My_orion/install/orion_mtc/share/orion_mtc/environment/path.sh\n'}
[11.904572] (orion_mtc) StdoutLine: {'line': b'-- Up-to-date: /home/huzy/My_orion/install/orion_mtc/share/orion_mtc/environment/path.dsv\n'}
[11.904605] (orion_mtc) StdoutLine: {'line': b'-- Up-to-date: /home/huzy/My_orion/install/orion_mtc/share/orion_mtc/local_setup.bash\n'}
[11.904637] (orion_mtc) StdoutLine: {'line': b'-- Up-to-date: /home/huzy/My_orion/install/orion_mtc/share/orion_mtc/local_setup.sh\n'}
[11.904670] (orion_mtc) StdoutLine: {'line': b'-- Up-to-date: /home/huzy/My_orion/install/orion_mtc/share/orion_mtc/local_setup.zsh\n'}
[11.904703] (orion_mtc) StdoutLine: {'line': b'-- Up-to-date: /home/huzy/My_orion/install/orion_mtc/share/orion_mtc/local_setup.dsv\n'}
[11.904736] (orion_mtc) StdoutLine: {'line': b'-- Installing: /home/huzy/My_orion/install/orion_mtc/share/orion_mtc/package.dsv\n'}
[11.904768] (orion_mtc) StdoutLine: {'line': b'-- Up-to-date: /home/huzy/My_orion/install/orion_mtc/share/ament_index/resource_index/packages/orion_mtc\n'}
[11.904801] (orion_mtc) StdoutLine: {'line': b'-- Up-to-date: /home/huzy/My_orion/install/orion_mtc/share/orion_mtc/cmake/orion_mtcConfig.cmake\n'}
[11.904856] (orion_mtc) StdoutLine: {'line': b'-- Up-to-date: /home/huzy/My_orion/install/orion_mtc/share/orion_mtc/cmake/orion_mtcConfig-version.cmake\n'}
[11.904892] (orion_mtc) StdoutLine: {'line': b'-- Up-to-date: /home/huzy/My_orion/install/orion_mtc/share/orion_mtc/package.xml\n'}
[11.905873] (orion_mtc) CommandEnded: {'returncode': 0}
[11.921711] (orion_mtc) JobEnded: {'identifier': 'orion_mtc', 'rc': 0}
[11.922492] (-) EventReactorShutdown: {}
