[0.002s] Invoking command in '/home/joey/My_orion/build/orion_moveit_config': AMENT_PREFIX_PATH=/home/joey/My_orion/install/orion_description:${AMENT_PREFIX_PATH} CMAKE_PREFIX_PATH=/home/joey/My_orion/install/orion_description:/opt/ros/humble /usr/bin/cmake --build /home/joey/My_orion/build/orion_moveit_config -- -j4 -l4
[0.030s] Invoked command in '/home/joey/My_orion/build/orion_moveit_config' returned '0': AMENT_PREFIX_PATH=/home/joey/My_orion/install/orion_description:${AMENT_PREFIX_PATH} CMAKE_PREFIX_PATH=/home/joey/My_orion/install/orion_description:/opt/ros/humble /usr/bin/cmake --build /home/joey/My_orion/build/orion_moveit_config -- -j4 -l4
[0.030s] Invoking command in '/home/joey/My_orion/build/orion_moveit_config': AMENT_PREFIX_PATH=/home/joey/My_orion/install/orion_description:${AMENT_PREFIX_PATH} CMAKE_PREFIX_PATH=/home/joey/My_orion/install/orion_description:/opt/ros/humble /usr/bin/cmake --install /home/joey/My_orion/build/orion_moveit_config
[0.034s] -- Install configuration: ""
[0.034s] -- Up-to-date: /home/joey/My_orion/install/orion_moveit_config/share/orion_moveit_config/config
[0.034s] -- Up-to-date: /home/joey/My_orion/install/orion_moveit_config/share/orion_moveit_config/config/joint_limits.yaml
[0.036s] -- Up-to-date: /home/joey/My_orion/install/orion_moveit_config/share/orion_moveit_config/config/kinematics.yaml
[0.036s] -- Up-to-date: /home/joey/My_orion/install/orion_moveit_config/share/orion_moveit_config/config/moveit.rviz
[0.036s] -- Up-to-date: /home/joey/My_orion/install/orion_moveit_config/share/orion_moveit_config/config/pilz_industrial_motion_planner_planning.yaml
[0.036s] -- Up-to-date: /home/joey/My_orion/install/orion_moveit_config/share/orion_moveit_config/config/orion.srdf
[0.036s] -- Up-to-date: /home/joey/My_orion/install/orion_moveit_config/share/orion_moveit_config/config/pilz_cartesian_limits.yaml
[0.036s] -- Up-to-date: /home/joey/My_orion/install/orion_moveit_config/share/orion_moveit_config/config/moveit_controllers.yaml
[0.036s] -- Up-to-date: /home/joey/My_orion/install/orion_moveit_config/share/orion_moveit_config/config/ompl_planning.yaml
[0.036s] -- Up-to-date: /home/joey/My_orion/install/orion_moveit_config/share/orion_moveit_config/launch
[0.036s] -- Up-to-date: /home/joey/My_orion/install/orion_moveit_config/share/orion_moveit_config/launch/demo.launch.py
[0.037s] -- Up-to-date: /home/joey/My_orion/install/orion_moveit_config/share/ament_index/resource_index/package_run_dependencies/orion_moveit_config
[0.037s] -- Up-to-date: /home/joey/My_orion/install/orion_moveit_config/share/ament_index/resource_index/parent_prefix_path/orion_moveit_config
[0.037s] -- Up-to-date: /home/joey/My_orion/install/orion_moveit_config/share/orion_moveit_config/environment/ament_prefix_path.dsv
[0.037s] -- Up-to-date: /home/joey/My_orion/install/orion_moveit_config/share/orion_moveit_config/environment/path.dsv
[0.037s] -- Up-to-date: /home/joey/My_orion/install/orion_moveit_config/share/orion_moveit_config/local_setup.bash
[0.037s] -- Up-to-date: /home/joey/My_orion/install/orion_moveit_config/share/orion_moveit_config/local_setup.sh
[0.037s] -- Up-to-date: /home/joey/My_orion/install/orion_moveit_config/share/orion_moveit_config/local_setup.zsh
[0.037s] -- Up-to-date: /home/joey/My_orion/install/orion_moveit_config/share/orion_moveit_config/local_setup.dsv
[0.037s] -- Installing: /home/joey/My_orion/install/orion_moveit_config/share/orion_moveit_config/package.dsv
[0.037s] -- Up-to-date: /home/joey/My_orion/install/orion_moveit_config/share/ament_index/resource_index/packages/orion_moveit_config
[0.037s] -- Up-to-date: /home/joey/My_orion/install/orion_moveit_config/share/orion_moveit_config/cmake/orion_moveit_configConfig.cmake
[0.037s] -- Up-to-date: /home/joey/My_orion/install/orion_moveit_config/share/orion_moveit_config/cmake/orion_moveit_configConfig-version.cmake
[0.037s] -- Up-to-date: /home/joey/My_orion/install/orion_moveit_config/share/orion_moveit_config/package.xml
[0.043s] Invoked command in '/home/joey/My_orion/build/orion_moveit_config' returned '0': AMENT_PREFIX_PATH=/home/joey/My_orion/install/orion_description:${AMENT_PREFIX_PATH} CMAKE_PREFIX_PATH=/home/joey/My_orion/install/orion_description:/opt/ros/humble /usr/bin/cmake --install /home/joey/My_orion/build/orion_moveit_config
