[0.020s] Invoking command in '/home/joey/My_orion/build/orion_description': CMAKE_PREFIX_PATH=/opt/ros/humble /usr/bin/cmake /home/joey/My_orion/src/orion_description -DCMAKE_INSTALL_PREFIX=/home/joey/My_orion/install/orion_description
[0.133s] -- The C compiler identification is GNU 11.4.0
[0.179s] -- The CXX compiler identification is GNU 11.4.0
[0.193s] -- Detecting C compiler ABI info
[0.244s] -- Detecting C compiler ABI info - done
[0.247s] -- Check for working C compiler: /usr/bin/cc - skipped
[0.248s] -- Detecting C compile features
[0.249s] -- Detecting C compile features - done
[0.252s] -- Detecting CXX compiler ABI info
[0.303s] -- Detecting CXX compiler ABI info - done
[0.311s] -- Check for working CXX compiler: /usr/bin/c++ - skipped
[0.311s] -- Detecting CXX compile features
[0.311s] -- Detecting CXX compile features - done
[0.311s] -- Found ament_cmake: 1.3.13 (/opt/ros/humble/share/ament_cmake/cmake)
[0.411s] -- Found Python3: /usr/bin/python3 (found version "3.10.12") found components: Interpreter 
[0.504s] -- Configuring done
[0.506s] -- Generating done
[0.506s] -- Build files have been written to: /home/joey/My_orion/build/orion_description
[0.509s] Invoked command in '/home/joey/My_orion/build/orion_description' returned '0': CMAKE_PREFIX_PATH=/opt/ros/humble /usr/bin/cmake /home/joey/My_orion/src/orion_description -DCMAKE_INSTALL_PREFIX=/home/joey/My_orion/install/orion_description
[0.511s] Invoking command in '/home/joey/My_orion/build/orion_description': CMAKE_PREFIX_PATH=/opt/ros/humble /usr/bin/cmake --build /home/joey/My_orion/build/orion_description -- -j4 -l4
[0.535s] Invoked command in '/home/joey/My_orion/build/orion_description' returned '0': CMAKE_PREFIX_PATH=/opt/ros/humble /usr/bin/cmake --build /home/joey/My_orion/build/orion_description -- -j4 -l4
[0.542s] Invoking command in '/home/joey/My_orion/build/orion_description': CMAKE_PREFIX_PATH=/opt/ros/humble /usr/bin/cmake --install /home/joey/My_orion/build/orion_description
[0.547s] -- Install configuration: ""
[0.548s] -- Installing: /home/joey/My_orion/install/orion_description/share/orion_description/urdf
[0.548s] -- Installing: /home/joey/My_orion/install/orion_description/share/orion_description/urdf/orion.urdf
[0.548s] -- Installing: /home/joey/My_orion/install/orion_description/share/orion_description/meshes
[0.548s] -- Installing: /home/joey/My_orion/install/orion_description/share/orion_description/meshes/stl
[0.548s] -- Installing: /home/joey/My_orion/install/orion_description/share/orion_description/meshes/stl/Link4.stl
[0.550s] -- Installing: /home/joey/My_orion/install/orion_description/share/orion_description/meshes/stl/Link5.stl
[0.550s] -- Installing: /home/joey/My_orion/install/orion_description/share/orion_description/meshes/stl/Link3.stl
[0.551s] -- Installing: /home/joey/My_orion/install/orion_description/share/orion_description/meshes/stl/Link6.stl
[0.551s] -- Installing: /home/joey/My_orion/install/orion_description/share/orion_description/meshes/stl/Link8.stl
[0.551s] -- Installing: /home/joey/My_orion/install/orion_description/share/orion_description/meshes/stl/base_link.stl
[0.552s] -- Installing: /home/joey/My_orion/install/orion_description/share/orion_description/meshes/stl/Link7.stl
[0.552s] -- Installing: /home/joey/My_orion/install/orion_description/share/orion_description/meshes/stl/Link2.stl
[0.552s] -- Installing: /home/joey/My_orion/install/orion_description/share/orion_description/meshes/stl/Link1.stl
[0.553s] -- Installing: /home/joey/My_orion/install/orion_description/share/orion_description/launch
[0.553s] -- Installing: /home/joey/My_orion/install/orion_description/share/orion_description/launch/display.launch.py
[0.553s] -- Installing: /home/joey/My_orion/install/orion_description/share/ament_index/resource_index/package_run_dependencies/orion_description
[0.553s] -- Installing: /home/joey/My_orion/install/orion_description/share/ament_index/resource_index/parent_prefix_path/orion_description
[0.553s] -- Installing: /home/joey/My_orion/install/orion_description/share/orion_description/environment/ament_prefix_path.sh
[0.553s] -- Installing: /home/joey/My_orion/install/orion_description/share/orion_description/environment/ament_prefix_path.dsv
[0.553s] -- Installing: /home/joey/My_orion/install/orion_description/share/orion_description/environment/path.sh
[0.553s] -- Installing: /home/joey/My_orion/install/orion_description/share/orion_description/environment/path.dsv
[0.553s] -- Installing: /home/joey/My_orion/install/orion_description/share/orion_description/local_setup.bash
[0.553s] -- Installing: /home/joey/My_orion/install/orion_description/share/orion_description/local_setup.sh
[0.553s] -- Installing: /home/joey/My_orion/install/orion_description/share/orion_description/local_setup.zsh
[0.554s] -- Installing: /home/joey/My_orion/install/orion_description/share/orion_description/local_setup.dsv
[0.554s] -- Installing: /home/joey/My_orion/install/orion_description/share/orion_description/package.dsv
[0.554s] -- Installing: /home/joey/My_orion/install/orion_description/share/ament_index/resource_index/packages/orion_description
[0.554s] -- Installing: /home/joey/My_orion/install/orion_description/share/orion_description/cmake/orion_descriptionConfig.cmake
[0.554s] -- Installing: /home/joey/My_orion/install/orion_description/share/orion_description/cmake/orion_descriptionConfig-version.cmake
[0.555s] -- Installing: /home/joey/My_orion/install/orion_description/share/orion_description/package.xml
[0.555s] Invoked command in '/home/joey/My_orion/build/orion_description' returned '0': CMAKE_PREFIX_PATH=/opt/ros/humble /usr/bin/cmake --install /home/joey/My_orion/build/orion_description
