[0.000000] (-) TimerEvent: {}
[0.000419] (-) JobUnselected: {'identifier': 'orion_description'}
[0.000813] (-) JobUnselected: {'identifier': 'orion_moveit_config'}
[0.000846] (-) JobUnselected: {'identifier': 'orion_pybullet_sim'}
[0.000872] (orion_mtc) JobQueued: {'identifier': 'orion_mtc', 'dependencies': OrderedDict([('orion_description', '/home/huzy/My_orion/install/orion_description'), ('orion_moveit_config', '/home/huzy/My_orion/install/orion_moveit_config'), ('orion_pybullet_sim', '/home/huzy/My_orion/install/orion_pybullet_sim')])}
[0.000907] (orion_mtc) JobStarted: {'identifier': 'orion_mtc'}
[0.027646] (orion_mtc) JobProgress: {'identifier': 'orion_mtc', 'progress': 'cmake'}
[0.028667] (orion_mtc) JobProgress: {'identifier': 'orion_mtc', 'progress': 'build'}
[0.029475] (orion_mtc) Command: {'cmd': ['/usr/bin/cmake', '--build', '/home/huzy/My_orion/build/orion_mtc', '--', '-j8', '-l8'], 'cwd': '/home/huzy/My_orion/build/orion_mtc', 'env': OrderedDict([('GJS_DEBUG_TOPICS', 'JS ERROR;JS LOG'), ('LESSOPEN', '| /usr/bin/lesspipe %s'), ('VSCODE_CWD', '/home/huzy'), ('CURSOR_EXTENSION_HOST_ROLE', 'agent-exec'), ('VSCODE_ESM_ENTRYPOINT', 'vs/workbench/api/node/extensionHostProcess'), ('LANGUAGE', 'zh_CN:en_AU:en_US:en'), ('USER', 'huzy'), ('LC_TIME', 'zh_CN.UTF-8'), ('VSCODE_NLS_CONFIG', '{"userLocale":"zh-cn","osLocale":"zh-cn","resolvedLanguage":"zh-cn","defaultMessagesFile":"/tmp/.mount_CursorOWcrdm/usr/share/cursor/resources/app/out/nls.messages.json","languagePack":{"translationsConfigFile":"/home/huzy/.config/Cursor/clp/3bfb7f1471a52e527cfc1587dd57c7c1.zh-cn/tcf.json","messagesFile":"/home/huzy/.config/Cursor/clp/3bfb7f1471a52e527cfc1587dd57c7c1.zh-cn/7d96c2a03bb088ad367615e9da1a3fe20fbbc6a0/nls.messages.json","corruptMarkerFile":"/home/huzy/.config/Cursor/clp/3bfb7f1471a52e527cfc1587dd57c7c1.zh-cn/corrupted.info"},"locale":"zh-cn","availableLanguages":{"*":"zh-cn"},"_languagePackId":"3bfb7f1471a52e527cfc1587dd57c7c1.zh-cn","_languagePackSupport":true,"_translationsConfigFile":"/home/huzy/.config/Cursor/clp/3bfb7f1471a52e527cfc1587dd57c7c1.zh-cn/tcf.json","_cacheRoot":"/home/huzy/.config/Cursor/clp/3bfb7f1471a52e527cfc1587dd57c7c1.zh-cn","_resolvedLanguagePackCoreLocation":"/home/huzy/.config/Cursor/clp/3bfb7f1471a52e527cfc1587dd57c7c1.zh-cn/7d96c2a03bb088ad367615e9da1a3fe20fbbc6a0","_corruptedFile":"/home/huzy/.config/Cursor/clp/3bfb7f1471a52e527cfc1587dd57c7c1.zh-cn/corrupted.info"}'), ('CI', '1'), ('VSCODE_HANDLES_UNCAUGHT_ERRORS', 'true'), ('XDG_SESSION_TYPE', 'wayland'), ('SHLVL', '1'), ('LD_LIBRARY_PATH', '/usr/lib/x86_64-linux-gnu/gazebo-11/plugins:/opt/ros/humble/opt/rviz_ogre_vendor/lib:/opt/ros/humble/lib/x86_64-linux-gnu:/opt/ros/humble/lib:/tmp/.mount_CursorOWcrdm/usr/lib/:/tmp/.mount_CursorOWcrdm/usr/lib32/:/tmp/.mount_CursorOWcrdm/usr/lib64/:/tmp/.mount_CursorOWcrdm/lib/:/tmp/.mount_CursorOWcrdm/lib/i386-linux-gnu/:/tmp/.mount_CursorOWcrdm/lib/x86_64-linux-gnu/:/tmp/.mount_CursorOWcrdm/lib/aarch64-linux-gnu/:/tmp/.mount_CursorOWcrdm/lib32/:/tmp/.mount_CursorOWcrdm/lib64/:'), ('HOME', '/home/huzy'), ('CHROME_DESKTOP', 'cursor.desktop'), ('APPDIR', '/tmp/.mount_CursorOWcrdm'), ('OLDPWD', '/home/huzy/My_orion'), ('DESKTOP_SESSION', 'ubuntu'), ('PERLLIB', '/tmp/.mount_CursorOWcrdm/usr/share/perl5/:/tmp/.mount_CursorOWcrdm/usr/lib/perl5/:'), ('VSCODE_IPC_HOOK', '/run/user/1000/vscode-294d73a8-2.5.-main.sock'), ('GIO_LAUNCHED_DESKTOP_FILE', '/home/huzy/.local/share/applications/cursor-ime.desktop'), ('ROS_PYTHON_VERSION', '3'), ('GNOME_SHELL_SESSION_MODE', 'ubuntu'), ('GTK_MODULES', 'gail:atk-bridge'), ('SDL_IM_MODULE', 'fcitx'), ('LC_MONETARY', 'zh_CN.UTF-8'), ('MANAGERPID', '1607'), ('SYSTEMD_EXEC_PID', '1773'), ('IM_CONFIG_CHECK_ENV', '1'), ('NO_COLOR', '1'), ('DBUS_SESSION_BUS_ADDRESS', 'unix:path=/run/user/1000/bus'), ('GIO_LAUNCHED_DESKTOP_FILE_PID', '3183'), ('VSCODE_CRASH_REPORTER_PROCESS_TYPE', 'extensionHost'), ('IM_CONFIG_PHASE', '1'), ('WAYLAND_DISPLAY', 'wayland-0'), ('COLCON_PREFIX_PATH', '/home/huzy/My_orion/install'), ('ROS_DISTRO', 'humble'), ('GTK_IM_MODULE', 'fcitx'), ('LOGNAME', 'huzy'), ('FORCE_COLOR', '0'), ('OWD', '/home/huzy'), ('JOURNAL_STREAM', '8:21163'), ('_', '/usr/bin/colcon'), ('ROS_VERSION', '2'), ('XDG_SESSION_CLASS', 'user'), ('USERNAME', 'huzy'), ('TERM', 'dumb'), ('GNOME_DESKTOP_SESSION_ID', 'this-is-deprecated'), ('FC_FONTATIONS', '1'), ('ROS_LOCALHOST_ONLY', '0'), ('PATH', '/home/huzy/.local/bin:/home/huzy/bin:/home/huzy/bin:/home/huzy/.local/bin:/home/huzy/bin:/home/huzy/bin:/opt/ros/humble/bin:/tmp/.mount_CursorOWcrdm/usr/bin/:/tmp/.mount_CursorOWcrdm/usr/sbin/:/tmp/.mount_CursorOWcrdm/usr/games/:/tmp/.mount_CursorOWcrdm/bin/:/tmp/.mount_CursorOWcrdm/sbin/:/home/huzy/.local/bin:/home/huzy/bin:/usr/local/sbin:/usr/local/bin:/usr/sbin:/usr/bin:/sbin:/bin:/usr/games:/usr/local/games:/snap/bin:/snap/bin'), ('SESSION_MANAGER', 'local/huzy-virtual-machine:@/tmp/.ICE-unix/1741,unix/huzy-virtual-machine:/tmp/.ICE-unix/1741'), ('INVOCATION_ID', '311833884cc9487d8e70d892421720e4'), ('PAPERSIZE', 'a4'), ('APPIMAGE', '/home/huzy/Downloads/Cursor-1.4.5-x86_64.AppImage'), ('XDG_MENU_PREFIX', 'gnome-'), ('LC_ADDRESS', 'zh_CN.UTF-8'), ('VSCODE_PROCESS_TITLE', 'extension-host (agent-exec) [1-3]'), ('GNOME_SETUP_DISPLAY', ':1'), ('XDG_RUNTIME_DIR', '/run/user/1000'), ('GDK_BACKEND', 'x11'), ('CURSOR_AGENT', '1'), ('DISPLAY', ':0'), ('LANG', 'zh_CN.UTF-8'), ('XDG_CURRENT_DESKTOP', 'ubuntu:GNOME'), ('LC_TELEPHONE', 'zh_CN.UTF-8'), ('XMODIFIERS', '@im=fcitx'), ('XDG_SESSION_DESKTOP', 'ubuntu'), ('XAUTHORITY', '/run/user/1000/.mutter-Xwaylandauth.OG0JL3'), ('LS_COLORS', ''), ('CURSOR_TRACE_ID', '3f47ee1ee88440998a165de685813638'), ('SSH_AGENT_LAUNCHER', 'gnome-keyring'), ('SSH_AUTH_SOCK', '/run/user/1000/keyring/ssh'), ('GSETTINGS_SCHEMA_DIR', '/tmp/.mount_CursorOWcrdm/usr/share/glib-2.0/schemas/:'), ('AMENT_PREFIX_PATH', '/home/huzy/My_orion/install/orion_pybullet_sim:/home/huzy/My_orion/install/orion_mtc:/home/huzy/My_orion/install/orion_moveit_config:/home/huzy/My_orion/install/orion_description:/opt/ros/humble'), ('SHELL', '/bin/bash'), ('LC_NAME', 'zh_CN.UTF-8'), ('ARGV0', '/home/huzy/Downloads/Cursor-1.4.5-x86_64.AppImage'), ('QT_ACCESSIBILITY', '1'), ('GDMSESSION', 'ubuntu'), ('LESSCLOSE', '/usr/bin/lesspipe %s %s'), ('LC_MEASUREMENT', 'zh_CN.UTF-8'), ('GJS_DEBUG_OUTPUT', 'stderr'), ('LC_IDENTIFICATION', 'zh_CN.UTF-8'), ('QT_IM_MODULE', 'fcitx'), ('PWD', '/home/huzy/My_orion/build/orion_mtc'), ('XDG_CONFIG_DIRS', '/etc/xdg/xdg-ubuntu:/etc/xdg'), ('VSCODE_CODE_CACHE_PATH', '/home/huzy/.config/Cursor/CachedData/7d96c2a03bb088ad367615e9da1a3fe20fbbc6a0'), ('CLUTTER_IM_MODULE', 'fcitx'), ('XDG_DATA_DIRS', '/tmp/.mount_CursorOWcrdm/usr/share/:/usr/local/share:/usr/share:/usr/share/ubuntu:/usr/local/share/:/usr/share/:/var/lib/snapd/desktop'), ('PYTHONPATH', '/home/huzy/My_orion/install/orion_pybullet_sim/lib/python3.10/site-packages:/opt/ros/humble/lib/python3.10/site-packages:/opt/ros/humble/local/lib/python3.10/dist-packages'), ('LC_NUMERIC', 'zh_CN.UTF-8'), ('LC_PAPER', 'zh_CN.UTF-8'), ('QT_PLUGIN_PATH', '/tmp/.mount_CursorOWcrdm/usr/lib/qt4/plugins/:/tmp/.mount_CursorOWcrdm/usr/lib/i386-linux-gnu/qt4/plugins/:/tmp/.mount_CursorOWcrdm/usr/lib/x86_64-linux-gnu/qt4/plugins/:/tmp/.mount_CursorOWcrdm/usr/lib/aarch64-linux-gnu/qt4/plugins/:/tmp/.mount_CursorOWcrdm/usr/lib32/qt4/plugins/:/tmp/.mount_CursorOWcrdm/usr/lib64/qt4/plugins/:/tmp/.mount_CursorOWcrdm/usr/lib/qt5/plugins/:/tmp/.mount_CursorOWcrdm/usr/lib/i386-linux-gnu/qt5/plugins/:/tmp/.mount_CursorOWcrdm/usr/lib/x86_64-linux-gnu/qt5/plugins/:/tmp/.mount_CursorOWcrdm/usr/lib/aarch64-linux-gnu/qt5/plugins/:/tmp/.mount_CursorOWcrdm/usr/lib32/qt5/plugins/:/tmp/.mount_CursorOWcrdm/usr/lib64/qt5/plugins/:'), ('COLCON', '1'), ('_ZO_DOCTOR', '0'), ('CMAKE_PREFIX_PATH', '/home/huzy/My_orion/install/orion_moveit_config:/home/huzy/My_orion/install/orion_description:/home/huzy/My_orion/install/orion_mtc:/home/huzy/My_orion/install/orion_pybullet_sim:/opt/ros/humble'), ('VSCODE_PID', '3183')]), 'shell': False}
[0.099514] (-) TimerEvent: {}
[0.162585] (orion_mtc) StdoutLine: {'line': b'Consolidate compiler generated dependencies of target mtc_node\n'}
[0.199669] (-) TimerEvent: {}
[0.207520] (orion_mtc) StdoutLine: {'line': b'[ 50%] Building CXX object CMakeFiles/mtc_node.dir/src/mtc_node.cpp.o\n'}
[0.299832] (-) TimerEvent: {}
[0.400274] (-) TimerEvent: {}
[0.500549] (-) TimerEvent: {}
[0.600854] (-) TimerEvent: {}
[0.701137] (-) TimerEvent: {}
[0.801480] (-) TimerEvent: {}
[0.901803] (-) TimerEvent: {}
[1.005481] (-) TimerEvent: {}
[1.105792] (-) TimerEvent: {}
[1.206087] (-) TimerEvent: {}
[1.306390] (-) TimerEvent: {}
[1.406767] (-) TimerEvent: {}
[1.507298] (-) TimerEvent: {}
[1.607655] (-) TimerEvent: {}
[1.708009] (-) TimerEvent: {}
[1.808469] (-) TimerEvent: {}
[1.908904] (-) TimerEvent: {}
[2.009230] (-) TimerEvent: {}
[2.109649] (-) TimerEvent: {}
[2.209951] (-) TimerEvent: {}
[2.310258] (-) TimerEvent: {}
[2.410616] (-) TimerEvent: {}
[2.510957] (-) TimerEvent: {}
[2.611385] (-) TimerEvent: {}
[2.711743] (-) TimerEvent: {}
[2.812079] (-) TimerEvent: {}
[2.912399] (-) TimerEvent: {}
[3.012706] (-) TimerEvent: {}
[3.112995] (-) TimerEvent: {}
[3.213346] (-) TimerEvent: {}
[3.313705] (-) TimerEvent: {}
[3.414013] (-) TimerEvent: {}
[3.514254] (-) TimerEvent: {}
[3.614562] (-) TimerEvent: {}
[3.714863] (-) TimerEvent: {}
[3.815201] (-) TimerEvent: {}
[3.915486] (-) TimerEvent: {}
[4.015805] (-) TimerEvent: {}
[4.116101] (-) TimerEvent: {}
[4.216438] (-) TimerEvent: {}
[4.316728] (-) TimerEvent: {}
[4.417015] (-) TimerEvent: {}
[4.517296] (-) TimerEvent: {}
[4.617638] (-) TimerEvent: {}
[4.718056] (-) TimerEvent: {}
[4.818560] (-) TimerEvent: {}
[4.918915] (-) TimerEvent: {}
[5.019384] (-) TimerEvent: {}
[5.119664] (-) TimerEvent: {}
[5.220079] (-) TimerEvent: {}
[5.320511] (-) TimerEvent: {}
[5.420830] (-) TimerEvent: {}
[5.521223] (-) TimerEvent: {}
[5.621540] (-) TimerEvent: {}
[5.721812] (-) TimerEvent: {}
[5.822096] (-) TimerEvent: {}
[5.922420] (-) TimerEvent: {}
[6.022724] (-) TimerEvent: {}
[6.123048] (-) TimerEvent: {}
[6.151900] (orion_mtc) StderrLine: {'line': b'/home/huzy/My_orion/src/orion_mtc/src/mtc_node.cpp: In member function \xe2\x80\x98moveit::task_constructor::Task OrionMTCTaskNode::createTask()\xe2\x80\x99:\n'}
[6.152175] (orion_mtc) StderrLine: {'line': b'/home/huzy/My_orion/src/orion_mtc/src/mtc_node.cpp:489:15: warning: variable \xe2\x80\x98stage_with_object_ptr\xe2\x80\x99 set but not used [-Wunused-but-set-variable]\n'}
[6.152227] (orion_mtc) StderrLine: {'line': b'  489 |   mtc::Stage* stage_with_object_ptr = nullptr;\n'}
[6.152263] (orion_mtc) StderrLine: {'line': b'      |               ^~~~~~~~~~~~~~~~~~~~~\n'}
[6.223238] (-) TimerEvent: {}
[6.323534] (-) TimerEvent: {}
[6.423847] (-) TimerEvent: {}
[6.524141] (-) TimerEvent: {}
[6.624478] (-) TimerEvent: {}
[6.724812] (-) TimerEvent: {}
[6.825191] (-) TimerEvent: {}
[6.925543] (-) TimerEvent: {}
[7.026033] (-) TimerEvent: {}
[7.126519] (-) TimerEvent: {}
[7.226854] (-) TimerEvent: {}
[7.327231] (-) TimerEvent: {}
[7.427598] (-) TimerEvent: {}
[7.527920] (-) TimerEvent: {}
[7.631908] (-) TimerEvent: {}
[7.734265] (-) TimerEvent: {}
[7.834641] (-) TimerEvent: {}
[7.935122] (-) TimerEvent: {}
[8.035521] (-) TimerEvent: {}
[8.135975] (-) TimerEvent: {}
[8.236320] (-) TimerEvent: {}
[8.336622] (-) TimerEvent: {}
[8.436937] (-) TimerEvent: {}
[8.537288] (-) TimerEvent: {}
[8.637640] (-) TimerEvent: {}
[8.737994] (-) TimerEvent: {}
[8.838291] (-) TimerEvent: {}
[8.938606] (-) TimerEvent: {}
[9.038922] (-) TimerEvent: {}
[9.139224] (-) TimerEvent: {}
[9.239529] (-) TimerEvent: {}
[9.339791] (-) TimerEvent: {}
[9.440054] (-) TimerEvent: {}
[9.540360] (-) TimerEvent: {}
[9.640675] (-) TimerEvent: {}
[9.740998] (-) TimerEvent: {}
[9.841291] (-) TimerEvent: {}
[9.941617] (-) TimerEvent: {}
[10.042093] (-) TimerEvent: {}
[10.142431] (-) TimerEvent: {}
[10.242688] (-) TimerEvent: {}
[10.342973] (-) TimerEvent: {}
[10.443300] (-) TimerEvent: {}
[10.543616] (-) TimerEvent: {}
[10.643960] (-) TimerEvent: {}
[10.744282] (-) TimerEvent: {}
[10.844594] (-) TimerEvent: {}
[10.944902] (-) TimerEvent: {}
[11.045197] (-) TimerEvent: {}
[11.145518] (-) TimerEvent: {}
[11.245859] (-) TimerEvent: {}
[11.346220] (-) TimerEvent: {}
[11.446608] (-) TimerEvent: {}
[11.546990] (-) TimerEvent: {}
[11.647371] (-) TimerEvent: {}
[11.747690] (-) TimerEvent: {}
[11.848054] (-) TimerEvent: {}
[11.948461] (-) TimerEvent: {}
[12.049107] (-) TimerEvent: {}
[12.149535] (-) TimerEvent: {}
[12.249865] (-) TimerEvent: {}
[12.350142] (-) TimerEvent: {}
[12.450451] (-) TimerEvent: {}
[12.550730] (-) TimerEvent: {}
[12.651019] (-) TimerEvent: {}
[12.751361] (-) TimerEvent: {}
[12.851666] (-) TimerEvent: {}
[12.951958] (-) TimerEvent: {}
[13.052277] (-) TimerEvent: {}
[13.152737] (-) TimerEvent: {}
[13.253053] (-) TimerEvent: {}
[13.353436] (-) TimerEvent: {}
[13.453930] (-) TimerEvent: {}
[13.554271] (-) TimerEvent: {}
[13.654574] (-) TimerEvent: {}
[13.754873] (-) TimerEvent: {}
[13.855177] (-) TimerEvent: {}
[13.955487] (-) TimerEvent: {}
[14.055820] (-) TimerEvent: {}
[14.156224] (-) TimerEvent: {}
[14.256523] (-) TimerEvent: {}
[14.356848] (-) TimerEvent: {}
[14.457210] (-) TimerEvent: {}
[14.557584] (-) TimerEvent: {}
[14.657910] (-) TimerEvent: {}
[14.758291] (-) TimerEvent: {}
[14.858754] (-) TimerEvent: {}
[14.959057] (-) TimerEvent: {}
[15.059397] (-) TimerEvent: {}
[15.159679] (-) TimerEvent: {}
[15.259941] (-) TimerEvent: {}
[15.360200] (-) TimerEvent: {}
[15.460501] (-) TimerEvent: {}
[15.560815] (-) TimerEvent: {}
[15.661122] (-) TimerEvent: {}
[15.761451] (-) TimerEvent: {}
[15.861747] (-) TimerEvent: {}
[15.962078] (-) TimerEvent: {}
[16.062424] (-) TimerEvent: {}
[16.162723] (-) TimerEvent: {}
[16.263032] (-) TimerEvent: {}
[16.363413] (-) TimerEvent: {}
[16.463756] (-) TimerEvent: {}
[16.564232] (-) TimerEvent: {}
[16.664556] (-) TimerEvent: {}
[16.764871] (-) TimerEvent: {}
[16.835603] (orion_mtc) StdoutLine: {'line': b'[100%] Linking CXX executable mtc_node\n'}
[16.865055] (-) TimerEvent: {}
[16.965417] (-) TimerEvent: {}
[17.065770] (-) TimerEvent: {}
[17.166092] (-) TimerEvent: {}
[17.264376] (orion_mtc) StdoutLine: {'line': b'[100%] Built target mtc_node\n'}
[17.266186] (-) TimerEvent: {}
[17.287119] (orion_mtc) CommandEnded: {'returncode': 0}
[17.287972] (orion_mtc) JobProgress: {'identifier': 'orion_mtc', 'progress': 'install'}
[17.308609] (orion_mtc) Command: {'cmd': ['/usr/bin/cmake', '--install', '/home/huzy/My_orion/build/orion_mtc'], 'cwd': '/home/huzy/My_orion/build/orion_mtc', 'env': OrderedDict([('GJS_DEBUG_TOPICS', 'JS ERROR;JS LOG'), ('LESSOPEN', '| /usr/bin/lesspipe %s'), ('VSCODE_CWD', '/home/huzy'), ('CURSOR_EXTENSION_HOST_ROLE', 'agent-exec'), ('VSCODE_ESM_ENTRYPOINT', 'vs/workbench/api/node/extensionHostProcess'), ('LANGUAGE', 'zh_CN:en_AU:en_US:en'), ('USER', 'huzy'), ('LC_TIME', 'zh_CN.UTF-8'), ('VSCODE_NLS_CONFIG', '{"userLocale":"zh-cn","osLocale":"zh-cn","resolvedLanguage":"zh-cn","defaultMessagesFile":"/tmp/.mount_CursorOWcrdm/usr/share/cursor/resources/app/out/nls.messages.json","languagePack":{"translationsConfigFile":"/home/huzy/.config/Cursor/clp/3bfb7f1471a52e527cfc1587dd57c7c1.zh-cn/tcf.json","messagesFile":"/home/huzy/.config/Cursor/clp/3bfb7f1471a52e527cfc1587dd57c7c1.zh-cn/7d96c2a03bb088ad367615e9da1a3fe20fbbc6a0/nls.messages.json","corruptMarkerFile":"/home/huzy/.config/Cursor/clp/3bfb7f1471a52e527cfc1587dd57c7c1.zh-cn/corrupted.info"},"locale":"zh-cn","availableLanguages":{"*":"zh-cn"},"_languagePackId":"3bfb7f1471a52e527cfc1587dd57c7c1.zh-cn","_languagePackSupport":true,"_translationsConfigFile":"/home/huzy/.config/Cursor/clp/3bfb7f1471a52e527cfc1587dd57c7c1.zh-cn/tcf.json","_cacheRoot":"/home/huzy/.config/Cursor/clp/3bfb7f1471a52e527cfc1587dd57c7c1.zh-cn","_resolvedLanguagePackCoreLocation":"/home/huzy/.config/Cursor/clp/3bfb7f1471a52e527cfc1587dd57c7c1.zh-cn/7d96c2a03bb088ad367615e9da1a3fe20fbbc6a0","_corruptedFile":"/home/huzy/.config/Cursor/clp/3bfb7f1471a52e527cfc1587dd57c7c1.zh-cn/corrupted.info"}'), ('CI', '1'), ('VSCODE_HANDLES_UNCAUGHT_ERRORS', 'true'), ('XDG_SESSION_TYPE', 'wayland'), ('SHLVL', '1'), ('LD_LIBRARY_PATH', '/usr/lib/x86_64-linux-gnu/gazebo-11/plugins:/opt/ros/humble/opt/rviz_ogre_vendor/lib:/opt/ros/humble/lib/x86_64-linux-gnu:/opt/ros/humble/lib:/tmp/.mount_CursorOWcrdm/usr/lib/:/tmp/.mount_CursorOWcrdm/usr/lib32/:/tmp/.mount_CursorOWcrdm/usr/lib64/:/tmp/.mount_CursorOWcrdm/lib/:/tmp/.mount_CursorOWcrdm/lib/i386-linux-gnu/:/tmp/.mount_CursorOWcrdm/lib/x86_64-linux-gnu/:/tmp/.mount_CursorOWcrdm/lib/aarch64-linux-gnu/:/tmp/.mount_CursorOWcrdm/lib32/:/tmp/.mount_CursorOWcrdm/lib64/:'), ('HOME', '/home/huzy'), ('CHROME_DESKTOP', 'cursor.desktop'), ('APPDIR', '/tmp/.mount_CursorOWcrdm'), ('OLDPWD', '/home/huzy/My_orion'), ('DESKTOP_SESSION', 'ubuntu'), ('PERLLIB', '/tmp/.mount_CursorOWcrdm/usr/share/perl5/:/tmp/.mount_CursorOWcrdm/usr/lib/perl5/:'), ('VSCODE_IPC_HOOK', '/run/user/1000/vscode-294d73a8-2.5.-main.sock'), ('GIO_LAUNCHED_DESKTOP_FILE', '/home/huzy/.local/share/applications/cursor-ime.desktop'), ('ROS_PYTHON_VERSION', '3'), ('GNOME_SHELL_SESSION_MODE', 'ubuntu'), ('GTK_MODULES', 'gail:atk-bridge'), ('SDL_IM_MODULE', 'fcitx'), ('LC_MONETARY', 'zh_CN.UTF-8'), ('MANAGERPID', '1607'), ('SYSTEMD_EXEC_PID', '1773'), ('IM_CONFIG_CHECK_ENV', '1'), ('NO_COLOR', '1'), ('DBUS_SESSION_BUS_ADDRESS', 'unix:path=/run/user/1000/bus'), ('GIO_LAUNCHED_DESKTOP_FILE_PID', '3183'), ('VSCODE_CRASH_REPORTER_PROCESS_TYPE', 'extensionHost'), ('IM_CONFIG_PHASE', '1'), ('WAYLAND_DISPLAY', 'wayland-0'), ('COLCON_PREFIX_PATH', '/home/huzy/My_orion/install'), ('ROS_DISTRO', 'humble'), ('GTK_IM_MODULE', 'fcitx'), ('LOGNAME', 'huzy'), ('FORCE_COLOR', '0'), ('OWD', '/home/huzy'), ('JOURNAL_STREAM', '8:21163'), ('_', '/usr/bin/colcon'), ('ROS_VERSION', '2'), ('XDG_SESSION_CLASS', 'user'), ('USERNAME', 'huzy'), ('TERM', 'dumb'), ('GNOME_DESKTOP_SESSION_ID', 'this-is-deprecated'), ('FC_FONTATIONS', '1'), ('ROS_LOCALHOST_ONLY', '0'), ('PATH', '/home/huzy/.local/bin:/home/huzy/bin:/home/huzy/bin:/home/huzy/.local/bin:/home/huzy/bin:/home/huzy/bin:/opt/ros/humble/bin:/tmp/.mount_CursorOWcrdm/usr/bin/:/tmp/.mount_CursorOWcrdm/usr/sbin/:/tmp/.mount_CursorOWcrdm/usr/games/:/tmp/.mount_CursorOWcrdm/bin/:/tmp/.mount_CursorOWcrdm/sbin/:/home/huzy/.local/bin:/home/huzy/bin:/usr/local/sbin:/usr/local/bin:/usr/sbin:/usr/bin:/sbin:/bin:/usr/games:/usr/local/games:/snap/bin:/snap/bin'), ('SESSION_MANAGER', 'local/huzy-virtual-machine:@/tmp/.ICE-unix/1741,unix/huzy-virtual-machine:/tmp/.ICE-unix/1741'), ('INVOCATION_ID', '311833884cc9487d8e70d892421720e4'), ('PAPERSIZE', 'a4'), ('APPIMAGE', '/home/huzy/Downloads/Cursor-1.4.5-x86_64.AppImage'), ('XDG_MENU_PREFIX', 'gnome-'), ('LC_ADDRESS', 'zh_CN.UTF-8'), ('VSCODE_PROCESS_TITLE', 'extension-host (agent-exec) [1-3]'), ('GNOME_SETUP_DISPLAY', ':1'), ('XDG_RUNTIME_DIR', '/run/user/1000'), ('GDK_BACKEND', 'x11'), ('CURSOR_AGENT', '1'), ('DISPLAY', ':0'), ('LANG', 'zh_CN.UTF-8'), ('XDG_CURRENT_DESKTOP', 'ubuntu:GNOME'), ('LC_TELEPHONE', 'zh_CN.UTF-8'), ('XMODIFIERS', '@im=fcitx'), ('XDG_SESSION_DESKTOP', 'ubuntu'), ('XAUTHORITY', '/run/user/1000/.mutter-Xwaylandauth.OG0JL3'), ('LS_COLORS', ''), ('CURSOR_TRACE_ID', '3f47ee1ee88440998a165de685813638'), ('SSH_AGENT_LAUNCHER', 'gnome-keyring'), ('SSH_AUTH_SOCK', '/run/user/1000/keyring/ssh'), ('GSETTINGS_SCHEMA_DIR', '/tmp/.mount_CursorOWcrdm/usr/share/glib-2.0/schemas/:'), ('AMENT_PREFIX_PATH', '/home/huzy/My_orion/install/orion_pybullet_sim:/home/huzy/My_orion/install/orion_mtc:/home/huzy/My_orion/install/orion_moveit_config:/home/huzy/My_orion/install/orion_description:/opt/ros/humble'), ('SHELL', '/bin/bash'), ('LC_NAME', 'zh_CN.UTF-8'), ('ARGV0', '/home/huzy/Downloads/Cursor-1.4.5-x86_64.AppImage'), ('QT_ACCESSIBILITY', '1'), ('GDMSESSION', 'ubuntu'), ('LESSCLOSE', '/usr/bin/lesspipe %s %s'), ('LC_MEASUREMENT', 'zh_CN.UTF-8'), ('GJS_DEBUG_OUTPUT', 'stderr'), ('LC_IDENTIFICATION', 'zh_CN.UTF-8'), ('QT_IM_MODULE', 'fcitx'), ('PWD', '/home/huzy/My_orion/build/orion_mtc'), ('XDG_CONFIG_DIRS', '/etc/xdg/xdg-ubuntu:/etc/xdg'), ('VSCODE_CODE_CACHE_PATH', '/home/huzy/.config/Cursor/CachedData/7d96c2a03bb088ad367615e9da1a3fe20fbbc6a0'), ('CLUTTER_IM_MODULE', 'fcitx'), ('XDG_DATA_DIRS', '/tmp/.mount_CursorOWcrdm/usr/share/:/usr/local/share:/usr/share:/usr/share/ubuntu:/usr/local/share/:/usr/share/:/var/lib/snapd/desktop'), ('PYTHONPATH', '/home/huzy/My_orion/install/orion_pybullet_sim/lib/python3.10/site-packages:/opt/ros/humble/lib/python3.10/site-packages:/opt/ros/humble/local/lib/python3.10/dist-packages'), ('LC_NUMERIC', 'zh_CN.UTF-8'), ('LC_PAPER', 'zh_CN.UTF-8'), ('QT_PLUGIN_PATH', '/tmp/.mount_CursorOWcrdm/usr/lib/qt4/plugins/:/tmp/.mount_CursorOWcrdm/usr/lib/i386-linux-gnu/qt4/plugins/:/tmp/.mount_CursorOWcrdm/usr/lib/x86_64-linux-gnu/qt4/plugins/:/tmp/.mount_CursorOWcrdm/usr/lib/aarch64-linux-gnu/qt4/plugins/:/tmp/.mount_CursorOWcrdm/usr/lib32/qt4/plugins/:/tmp/.mount_CursorOWcrdm/usr/lib64/qt4/plugins/:/tmp/.mount_CursorOWcrdm/usr/lib/qt5/plugins/:/tmp/.mount_CursorOWcrdm/usr/lib/i386-linux-gnu/qt5/plugins/:/tmp/.mount_CursorOWcrdm/usr/lib/x86_64-linux-gnu/qt5/plugins/:/tmp/.mount_CursorOWcrdm/usr/lib/aarch64-linux-gnu/qt5/plugins/:/tmp/.mount_CursorOWcrdm/usr/lib32/qt5/plugins/:/tmp/.mount_CursorOWcrdm/usr/lib64/qt5/plugins/:'), ('COLCON', '1'), ('_ZO_DOCTOR', '0'), ('CMAKE_PREFIX_PATH', '/home/huzy/My_orion/install/orion_moveit_config:/home/huzy/My_orion/install/orion_description:/home/huzy/My_orion/install/orion_mtc:/home/huzy/My_orion/install/orion_pybullet_sim:/opt/ros/humble'), ('VSCODE_PID', '3183')]), 'shell': False}
[17.326085] (orion_mtc) StdoutLine: {'line': b'-- Install configuration: "Release"\n'}
[17.326510] (orion_mtc) StdoutLine: {'line': b'-- Execute custom install script\n'}
[17.326867] (orion_mtc) StdoutLine: {'line': b'-- Up-to-date symlink: /home/huzy/My_orion/install/orion_mtc/lib/orion_mtc/mtc_node\n'}
[17.327198] (orion_mtc) StdoutLine: {'line': b'-- Up-to-date symlink: /home/huzy/My_orion/install/orion_mtc/share/orion_mtc/launch/pick_place_pybullet.launch.py\n'}
[17.327465] (orion_mtc) StdoutLine: {'line': b'-- Up-to-date symlink: /home/huzy/My_orion/install/orion_mtc/share/ament_index/resource_index/package_run_dependencies/orion_mtc\n'}
[17.327780] (orion_mtc) StdoutLine: {'line': b'-- Up-to-date symlink: /home/huzy/My_orion/install/orion_mtc/share/ament_index/resource_index/parent_prefix_path/orion_mtc\n'}
[17.327876] (orion_mtc) StdoutLine: {'line': b'-- Up-to-date symlink: /home/huzy/My_orion/install/orion_mtc/share/orion_mtc/environment/ament_prefix_path.sh\n'}
[17.328229] (orion_mtc) StdoutLine: {'line': b'-- Up-to-date symlink: /home/huzy/My_orion/install/orion_mtc/share/orion_mtc/environment/ament_prefix_path.dsv\n'}
[17.328321] (orion_mtc) StdoutLine: {'line': b'-- Up-to-date symlink: /home/huzy/My_orion/install/orion_mtc/share/orion_mtc/environment/path.sh\n'}
[17.328873] (orion_mtc) StdoutLine: {'line': b'-- Up-to-date symlink: /home/huzy/My_orion/install/orion_mtc/share/orion_mtc/environment/path.dsv\n'}
[17.328959] (orion_mtc) StdoutLine: {'line': b'-- Up-to-date symlink: /home/huzy/My_orion/install/orion_mtc/share/orion_mtc/local_setup.bash\n'}
[17.329009] (orion_mtc) StdoutLine: {'line': b'-- Up-to-date symlink: /home/huzy/My_orion/install/orion_mtc/share/orion_mtc/local_setup.sh\n'}
[17.329364] (orion_mtc) StdoutLine: {'line': b'-- Up-to-date symlink: /home/huzy/My_orion/install/orion_mtc/share/orion_mtc/local_setup.zsh\n'}
[17.329429] (orion_mtc) StdoutLine: {'line': b'-- Up-to-date symlink: /home/huzy/My_orion/install/orion_mtc/share/orion_mtc/local_setup.dsv\n'}
[17.329475] (orion_mtc) StdoutLine: {'line': b'-- Symlinking: /home/huzy/My_orion/install/orion_mtc/share/orion_mtc/package.dsv\n'}
[17.349667] (orion_mtc) StdoutLine: {'line': b'-- Up-to-date symlink: /home/huzy/My_orion/install/orion_mtc/share/ament_index/resource_index/packages/orion_mtc\n'}
[17.350053] (orion_mtc) StdoutLine: {'line': b'-- Up-to-date symlink: /home/huzy/My_orion/install/orion_mtc/share/orion_mtc/cmake/orion_mtcConfig.cmake\n'}
[17.350131] (orion_mtc) StdoutLine: {'line': b'-- Up-to-date symlink: /home/huzy/My_orion/install/orion_mtc/share/orion_mtc/cmake/orion_mtcConfig-version.cmake\n'}
[17.350214] (orion_mtc) StdoutLine: {'line': b'-- Up-to-date symlink: /home/huzy/My_orion/install/orion_mtc/share/orion_mtc/package.xml\n'}
[17.351609] (orion_mtc) CommandEnded: {'returncode': 0}
[17.366373] (-) TimerEvent: {}
[17.369644] (orion_mtc) JobEnded: {'identifier': 'orion_mtc', 'rc': 0}
[17.370704] (-) EventReactorShutdown: {}
