[0.039s] Invoking command in '/home/huzy/My_orion/build/orion_mtc': AMENT_PREFIX_PATH=/home/huzy/My_orion/install/orion_pybullet_sim:/home/huzy/My_orion/install/orion_mtc:/home/huzy/My_orion/install/orion_moveit_config:/home/huzy/My_orion/install/orion_description:/opt/ros/humble CMAKE_PREFIX_PATH=/home/huzy/My_orion/install/orion_moveit_config:/home/huzy/My_orion/install/orion_description:/home/huzy/My_orion/install/orion_mtc:/home/huzy/My_orion/install/orion_pybullet_sim:/opt/ros/humble /usr/bin/cmake --build /home/huzy/My_orion/build/orion_mtc -- -j8 -l8
[0.183s] Consolidate compiler generated dependencies of target mtc_node
[0.234s] [ 50%] Building CXX object CMakeFiles/mtc_node.dir/src/mtc_node.cpp.o
[22.492s] [100%] Linking CXX executable mtc_node
[24.087s] [100%] Built target mtc_node
[24.115s] Invoked command in '/home/huzy/My_orion/build/orion_mtc' returned '0': AMENT_PREFIX_PATH=/home/huzy/My_orion/install/orion_pybullet_sim:/home/huzy/My_orion/install/orion_mtc:/home/huzy/My_orion/install/orion_moveit_config:/home/huzy/My_orion/install/orion_description:/opt/ros/humble CMAKE_PREFIX_PATH=/home/huzy/My_orion/install/orion_moveit_config:/home/huzy/My_orion/install/orion_description:/home/huzy/My_orion/install/orion_mtc:/home/huzy/My_orion/install/orion_pybullet_sim:/opt/ros/humble /usr/bin/cmake --build /home/huzy/My_orion/build/orion_mtc -- -j8 -l8
[24.148s] Invoking command in '/home/huzy/My_orion/build/orion_mtc': AMENT_PREFIX_PATH=/home/huzy/My_orion/install/orion_pybullet_sim:/home/huzy/My_orion/install/orion_mtc:/home/huzy/My_orion/install/orion_moveit_config:/home/huzy/My_orion/install/orion_description:/opt/ros/humble CMAKE_PREFIX_PATH=/home/huzy/My_orion/install/orion_moveit_config:/home/huzy/My_orion/install/orion_description:/home/huzy/My_orion/install/orion_mtc:/home/huzy/My_orion/install/orion_pybullet_sim:/opt/ros/humble /usr/bin/cmake --install /home/huzy/My_orion/build/orion_mtc
[24.173s] -- Install configuration: ""
[24.175s] -- Installing: /home/huzy/My_orion/install/orion_mtc/lib/orion_mtc/mtc_node
[24.182s] -- Set runtime path of "/home/huzy/My_orion/install/orion_mtc/lib/orion_mtc/mtc_node" to ""
[24.183s] -- Up-to-date: /home/huzy/My_orion/install/orion_mtc/share/orion_mtc/launch
[24.183s] -- Up-to-date: /home/huzy/My_orion/install/orion_mtc/share/orion_mtc/launch/pick_place_pybullet.launch.py
[24.183s] -- Up-to-date: /home/huzy/My_orion/install/orion_mtc/share/orion_mtc/config
[24.183s] -- Installing: /home/huzy/My_orion/install/orion_mtc/share/orion_mtc/config/pick_place_params.yaml
[24.183s] -- Up-to-date: /home/huzy/My_orion/install/orion_mtc/share/ament_index/resource_index/package_run_dependencies/orion_mtc
[24.183s] -- Up-to-date: /home/huzy/My_orion/install/orion_mtc/share/ament_index/resource_index/parent_prefix_path/orion_mtc
[24.184s] -- Up-to-date: /home/huzy/My_orion/install/orion_mtc/share/orion_mtc/environment/ament_prefix_path.sh
[24.184s] -- Up-to-date: /home/huzy/My_orion/install/orion_mtc/share/orion_mtc/environment/ament_prefix_path.dsv
[24.184s] -- Up-to-date: /home/huzy/My_orion/install/orion_mtc/share/orion_mtc/environment/path.sh
[24.184s] -- Up-to-date: /home/huzy/My_orion/install/orion_mtc/share/orion_mtc/environment/path.dsv
[24.184s] -- Up-to-date: /home/huzy/My_orion/install/orion_mtc/share/orion_mtc/local_setup.bash
[24.184s] -- Up-to-date: /home/huzy/My_orion/install/orion_mtc/share/orion_mtc/local_setup.sh
[24.184s] -- Up-to-date: /home/huzy/My_orion/install/orion_mtc/share/orion_mtc/local_setup.zsh
[24.184s] -- Up-to-date: /home/huzy/My_orion/install/orion_mtc/share/orion_mtc/local_setup.dsv
[24.184s] -- Installing: /home/huzy/My_orion/install/orion_mtc/share/orion_mtc/package.dsv
[24.184s] -- Up-to-date: /home/huzy/My_orion/install/orion_mtc/share/ament_index/resource_index/packages/orion_mtc
[24.184s] -- Up-to-date: /home/huzy/My_orion/install/orion_mtc/share/orion_mtc/cmake/orion_mtcConfig.cmake
[24.186s] -- Up-to-date: /home/huzy/My_orion/install/orion_mtc/share/orion_mtc/cmake/orion_mtcConfig-version.cmake
[24.186s] -- Up-to-date: /home/huzy/My_orion/install/orion_mtc/share/orion_mtc/package.xml
[24.186s] Invoked command in '/home/huzy/My_orion/build/orion_mtc' returned '0': AMENT_PREFIX_PATH=/home/huzy/My_orion/install/orion_pybullet_sim:/home/huzy/My_orion/install/orion_mtc:/home/huzy/My_orion/install/orion_moveit_config:/home/huzy/My_orion/install/orion_description:/opt/ros/humble CMAKE_PREFIX_PATH=/home/huzy/My_orion/install/orion_moveit_config:/home/huzy/My_orion/install/orion_description:/home/huzy/My_orion/install/orion_mtc:/home/huzy/My_orion/install/orion_pybullet_sim:/opt/ros/humble /usr/bin/cmake --install /home/huzy/My_orion/build/orion_mtc
