[0.030s] Invoking command in '/home/huzy/My_orion/build/orion_mtc': AMENT_PREFIX_PATH=/home/huzy/My_orion/install/orion_pybullet_sim:/home/huzy/My_orion/install/orion_mtc:/home/huzy/My_orion/install/orion_moveit_config:/home/huzy/My_orion/install/orion_description:/opt/ros/humble CMAKE_PREFIX_PATH=/home/huzy/My_orion/install/orion_moveit_config:/home/huzy/My_orion/install/orion_description:/home/huzy/My_orion/install/orion_mtc:/home/huzy/My_orion/install/orion_pybullet_sim:/opt/ros/humble /usr/bin/cmake /home/huzy/My_orion/src/orion_mtc -DCMAKE_BUILD_TYPE=Release -DCMAKE_INSTALL_PREFIX=/home/huzy/My_orion/install/orion_mtc
[0.050s] -- Found ament_cmake: 1.3.12 (/opt/ros/humble/share/ament_cmake/cmake)
[0.166s] -- Override CMake install command with custom implementation using symlinks instead of copying resources
[0.172s] -- Found rclcpp: 16.0.16 (/opt/ros/humble/share/rclcpp/cmake)
[0.192s] -- Found rosidl_generator_c: 3.1.7 (/opt/ros/humble/share/rosidl_generator_c/cmake)
[0.194s] -- Found rosidl_adapter: 3.1.7 (/opt/ros/humble/share/rosidl_adapter/cmake)
[0.198s] -- Found rosidl_generator_cpp: 3.1.7 (/opt/ros/humble/share/rosidl_generator_cpp/cmake)
[0.204s] -- Using all available rosidl_typesupport_c: rosidl_typesupport_fastrtps_c;rosidl_typesupport_introspection_c
[0.213s] -- Using all available rosidl_typesupport_cpp: rosidl_typesupport_fastrtps_cpp;rosidl_typesupport_introspection_cpp
[0.239s] -- Found rmw_implementation_cmake: 6.1.2 (/opt/ros/humble/share/rmw_implementation_cmake/cmake)
[0.240s] -- Found rmw_fastrtps_cpp: 6.2.9 (/opt/ros/humble/share/rmw_fastrtps_cpp/cmake)
[0.371s] -- Using RMW implementation 'rmw_fastrtps_cpp' as default
[0.403s] -- Found moveit_task_constructor_core: 0.1.3 (/opt/ros/humble/share/moveit_task_constructor_core/cmake)
[0.426s] -- Found Boost: /usr/lib/x86_64-linux-gnu/cmake/Boost-1.74.0/BoostConfig.cmake (found version "1.74.0") found components: chrono date_time filesystem iostreams program_options regex serialization system thread 
[0.450s] -- Found parameter_traits: 0.5.0 (/opt/ros/humble/share/parameter_traits/cmake)
[0.454s] -- Found rclcpp_lifecycle: 16.0.16 (/opt/ros/humble/share/rclcpp_lifecycle/cmake)
[0.469s] -- Found Boost: /usr/lib/x86_64-linux-gnu/cmake/Boost-1.74.0/BoostConfig.cmake (found version "1.74.0") found components: filesystem 
[0.547s] -- library: /usr/lib/x86_64-linux-gnu/libcurl.so
[0.592s] -- Ensuring Eigen3 include directory is part of orocos-kdl CMake target
[0.748s] -- Found Boost: /usr/lib/x86_64-linux-gnu/cmake/Boost-1.74.0/BoostConfig.cmake (found version "1.74.0") found components: system filesystem date_time program_options thread chrono 
[0.766s] -- Found Boost: /usr/lib/x86_64-linux-gnu/cmake/Boost-1.74.0/BoostConfig.cmake (found version "1.74.0") found components: date_time filesystem program_options system thread 
[0.774s] -- Found Boost: /usr/lib/x86_64-linux-gnu/cmake/Boost-1.74.0/BoostConfig.cmake (found version "1.74.0") found components: thread system filesystem regex date_time program_options 
[0.787s] -- Found Boost: /usr/lib/x86_64-linux-gnu/cmake/Boost-1.74.0/BoostConfig.cmake (found version "1.74.0") found components: system filesystem date_time program_options thread 
[0.831s] -- Found control_msgs: 4.8.0 (/opt/ros/humble/share/control_msgs/cmake)
[0.909s] -- Configuring done
[0.940s] -- Generating done
[0.947s] -- Build files have been written to: /home/huzy/My_orion/build/orion_mtc
[0.961s] Invoked command in '/home/huzy/My_orion/build/orion_mtc' returned '0': AMENT_PREFIX_PATH=/home/huzy/My_orion/install/orion_pybullet_sim:/home/huzy/My_orion/install/orion_mtc:/home/huzy/My_orion/install/orion_moveit_config:/home/huzy/My_orion/install/orion_description:/opt/ros/humble CMAKE_PREFIX_PATH=/home/huzy/My_orion/install/orion_moveit_config:/home/huzy/My_orion/install/orion_description:/home/huzy/My_orion/install/orion_mtc:/home/huzy/My_orion/install/orion_pybullet_sim:/opt/ros/humble /usr/bin/cmake /home/huzy/My_orion/src/orion_mtc -DCMAKE_BUILD_TYPE=Release -DCMAKE_INSTALL_PREFIX=/home/huzy/My_orion/install/orion_mtc
[0.964s] Invoking command in '/home/huzy/My_orion/build/orion_mtc': AMENT_PREFIX_PATH=/home/huzy/My_orion/install/orion_pybullet_sim:/home/huzy/My_orion/install/orion_mtc:/home/huzy/My_orion/install/orion_moveit_config:/home/huzy/My_orion/install/orion_description:/opt/ros/humble CMAKE_PREFIX_PATH=/home/huzy/My_orion/install/orion_moveit_config:/home/huzy/My_orion/install/orion_description:/home/huzy/My_orion/install/orion_mtc:/home/huzy/My_orion/install/orion_pybullet_sim:/opt/ros/humble /usr/bin/cmake --build /home/huzy/My_orion/build/orion_mtc -- -j8 -l8
[1.094s] Consolidate compiler generated dependencies of target mtc_node
[1.144s] [ 50%] Building CXX object CMakeFiles/mtc_node.dir/src/mtc_node.cpp.o
[18.958s] [100%] Linking CXX executable mtc_node
[19.378s] [100%] Built target mtc_node
[19.405s] Invoked command in '/home/huzy/My_orion/build/orion_mtc' returned '0': AMENT_PREFIX_PATH=/home/huzy/My_orion/install/orion_pybullet_sim:/home/huzy/My_orion/install/orion_mtc:/home/huzy/My_orion/install/orion_moveit_config:/home/huzy/My_orion/install/orion_description:/opt/ros/humble CMAKE_PREFIX_PATH=/home/huzy/My_orion/install/orion_moveit_config:/home/huzy/My_orion/install/orion_description:/home/huzy/My_orion/install/orion_mtc:/home/huzy/My_orion/install/orion_pybullet_sim:/opt/ros/humble /usr/bin/cmake --build /home/huzy/My_orion/build/orion_mtc -- -j8 -l8
[19.429s] Invoking command in '/home/huzy/My_orion/build/orion_mtc': AMENT_PREFIX_PATH=/home/huzy/My_orion/install/orion_pybullet_sim:/home/huzy/My_orion/install/orion_mtc:/home/huzy/My_orion/install/orion_moveit_config:/home/huzy/My_orion/install/orion_description:/opt/ros/humble CMAKE_PREFIX_PATH=/home/huzy/My_orion/install/orion_moveit_config:/home/huzy/My_orion/install/orion_description:/home/huzy/My_orion/install/orion_mtc:/home/huzy/My_orion/install/orion_pybullet_sim:/opt/ros/humble /usr/bin/cmake --install /home/huzy/My_orion/build/orion_mtc
[19.449s] -- Install configuration: "Release"
[19.449s] -- Execute custom install script
[19.449s] -- Up-to-date symlink: /home/huzy/My_orion/install/orion_mtc/lib/orion_mtc/mtc_node
[19.449s] -- Up-to-date symlink: /home/huzy/My_orion/install/orion_mtc/share/orion_mtc/launch/pick_place_pybullet.launch.py
[19.449s] -- Up-to-date symlink: /home/huzy/My_orion/install/orion_mtc/share/ament_index/resource_index/package_run_dependencies/orion_mtc
[19.449s] -- Up-to-date symlink: /home/huzy/My_orion/install/orion_mtc/share/ament_index/resource_index/parent_prefix_path/orion_mtc
[19.450s] -- Up-to-date symlink: /home/huzy/My_orion/install/orion_mtc/share/orion_mtc/environment/ament_prefix_path.sh
[19.450s] -- Up-to-date symlink: /home/huzy/My_orion/install/orion_mtc/share/orion_mtc/environment/ament_prefix_path.dsv
[19.450s] -- Up-to-date symlink: /home/huzy/My_orion/install/orion_mtc/share/orion_mtc/environment/path.sh
[19.450s] -- Up-to-date symlink: /home/huzy/My_orion/install/orion_mtc/share/orion_mtc/environment/path.dsv
[19.450s] -- Up-to-date symlink: /home/huzy/My_orion/install/orion_mtc/share/orion_mtc/local_setup.bash
[19.450s] -- Up-to-date symlink: /home/huzy/My_orion/install/orion_mtc/share/orion_mtc/local_setup.sh
[19.450s] -- Up-to-date symlink: /home/huzy/My_orion/install/orion_mtc/share/orion_mtc/local_setup.zsh
[19.450s] -- Up-to-date symlink: /home/huzy/My_orion/install/orion_mtc/share/orion_mtc/local_setup.dsv
[19.451s] -- Symlinking: /home/huzy/My_orion/install/orion_mtc/share/orion_mtc/package.dsv
[19.475s] -- Up-to-date symlink: /home/huzy/My_orion/install/orion_mtc/share/ament_index/resource_index/packages/orion_mtc
[19.476s] -- Up-to-date symlink: /home/huzy/My_orion/install/orion_mtc/share/orion_mtc/cmake/orion_mtcConfig.cmake
[19.476s] -- Up-to-date symlink: /home/huzy/My_orion/install/orion_mtc/share/orion_mtc/cmake/orion_mtcConfig-version.cmake
[19.476s] -- Up-to-date symlink: /home/huzy/My_orion/install/orion_mtc/share/orion_mtc/package.xml
[19.478s] Invoked command in '/home/huzy/My_orion/build/orion_mtc' returned '0': AMENT_PREFIX_PATH=/home/huzy/My_orion/install/orion_pybullet_sim:/home/huzy/My_orion/install/orion_mtc:/home/huzy/My_orion/install/orion_moveit_config:/home/huzy/My_orion/install/orion_description:/opt/ros/humble CMAKE_PREFIX_PATH=/home/huzy/My_orion/install/orion_moveit_config:/home/huzy/My_orion/install/orion_description:/home/huzy/My_orion/install/orion_mtc:/home/huzy/My_orion/install/orion_pybullet_sim:/opt/ros/humble /usr/bin/cmake --install /home/huzy/My_orion/build/orion_mtc
