/home/joey/My_orion/install/orion_holoocean_bridge/lib/python3.10/site-packages/orion_holoocean_bridge/target_sensor_to_object_pose_node.py
/home/joey/My_orion/install/orion_holoocean_bridge/lib/python3.10/site-packages/orion_holoocean_bridge/__init__.py
/home/joey/My_orion/install/orion_holoocean_bridge/lib/python3.10/site-packages/orion_holoocean_bridge/arm_sensor_to_joint_state_node.py
/home/joey/My_orion/install/orion_holoocean_bridge/lib/python3.10/site-packages/orion_holoocean_bridge/trajectory_to_agent_bridge_node.py
/home/joey/My_orion/install/orion_holoocean_bridge/lib/python3.10/site-packages/orion_holoocean_bridge/__pycache__/target_sensor_to_object_pose_node.cpython-310.pyc
/home/joey/My_orion/install/orion_holoocean_bridge/lib/python3.10/site-packages/orion_holoocean_bridge/__pycache__/__init__.cpython-310.pyc
/home/joey/My_orion/install/orion_holoocean_bridge/lib/python3.10/site-packages/orion_holoocean_bridge/__pycache__/arm_sensor_to_joint_state_node.cpython-310.pyc
/home/joey/My_orion/install/orion_holoocean_bridge/lib/python3.10/site-packages/orion_holoocean_bridge/__pycache__/trajectory_to_agent_bridge_node.cpython-310.pyc
/home/joey/My_orion/install/orion_holoocean_bridge/share/ament_index/resource_index/packages/orion_holoocean_bridge
/home/joey/My_orion/install/orion_holoocean_bridge/share/orion_holoocean_bridge/package.xml
/home/joey/My_orion/install/orion_holoocean_bridge/share/orion_holoocean_bridge/launch/holoocean_bridge.launch.py
/home/joey/My_orion/install/orion_holoocean_bridge/share/orion_holoocean_bridge/config/holoocean_bridge_params.yaml
/home/joey/My_orion/install/orion_holoocean_bridge/lib/python3.10/site-packages/orion_holoocean_bridge-0.0.1-py3.10.egg-info/entry_points.txt
/home/joey/My_orion/install/orion_holoocean_bridge/lib/python3.10/site-packages/orion_holoocean_bridge-0.0.1-py3.10.egg-info/dependency_links.txt
/home/joey/My_orion/install/orion_holoocean_bridge/lib/python3.10/site-packages/orion_holoocean_bridge-0.0.1-py3.10.egg-info/SOURCES.txt
/home/joey/My_orion/install/orion_holoocean_bridge/lib/python3.10/site-packages/orion_holoocean_bridge-0.0.1-py3.10.egg-info/zip-safe
/home/joey/My_orion/install/orion_holoocean_bridge/lib/python3.10/site-packages/orion_holoocean_bridge-0.0.1-py3.10.egg-info/PKG-INFO
/home/joey/My_orion/install/orion_holoocean_bridge/lib/python3.10/site-packages/orion_holoocean_bridge-0.0.1-py3.10.egg-info/requires.txt
/home/joey/My_orion/install/orion_holoocean_bridge/lib/python3.10/site-packages/orion_holoocean_bridge-0.0.1-py3.10.egg-info/top_level.txt
/home/joey/My_orion/install/orion_holoocean_bridge/lib/orion_holoocean_bridge/arm_sensor_to_joint_state
/home/joey/My_orion/install/orion_holoocean_bridge/lib/orion_holoocean_bridge/target_sensor_to_object_pose
/home/joey/My_orion/install/orion_holoocean_bridge/lib/orion_holoocean_bridge/trajectory_to_agent_bridge
