[0.000000] (-) TimerEvent: {}
[0.000672] (-) JobUnselected: {'identifier': 'orion_description'}
[0.000940] (-) JobUnselected: {'identifier': 'orion_moveit_config'}
[0.000988] (-) JobUnselected: {'identifier': 'orion_pybullet_sim'}
[0.001003] (orion_mtc) JobQueued: {'identifier': 'orion_mtc', 'dependencies': OrderedDict([('orion_description', '/home/huzy/My_orion/install/orion_description'), ('orion_moveit_config', '/home/huzy/My_orion/install/orion_moveit_config'), ('orion_pybullet_sim', '/home/huzy/My_orion/install/orion_pybullet_sim')])}
[0.001140] (orion_mtc) JobStarted: {'identifier': 'orion_mtc'}
[0.067255] (orion_mtc) JobProgress: {'identifier': 'orion_mtc', 'progress': 'cmake'}
[0.068308] (orion_mtc) JobProgress: {'identifier': 'orion_mtc', 'progress': 'build'}
[0.069104] (orion_mtc) Command: {'cmd': ['/usr/bin/cmake', '--build', '/home/huzy/My_orion/build/orion_mtc', '--', '-j8', '-l8'], 'cwd': '/home/huzy/My_orion/build/orion_mtc', 'env': OrderedDict([('GJS_DEBUG_TOPICS', 'JS ERROR;JS LOG'), ('LESSOPEN', '| /usr/bin/lesspipe %s'), ('VSCODE_CWD', '/home/huzy'), ('CURSOR_EXTENSION_HOST_ROLE', 'agent-exec'), ('VSCODE_ESM_ENTRYPOINT', 'vs/workbench/api/node/extensionHostProcess'), ('LANGUAGE', 'zh_CN:en_AU:en_US:en'), ('USER', 'huzy'), ('LC_TIME', 'zh_CN.UTF-8'), ('VSCODE_NLS_CONFIG', '{"userLocale":"zh-cn","osLocale":"zh-cn","resolvedLanguage":"zh-cn","defaultMessagesFile":"/tmp/.mount_CursoriSs0re/usr/share/cursor/resources/app/out/nls.messages.json","languagePack":{"translationsConfigFile":"/home/huzy/.config/Cursor/clp/3bfb7f1471a52e527cfc1587dd57c7c1.zh-cn/tcf.json","messagesFile":"/home/huzy/.config/Cursor/clp/3bfb7f1471a52e527cfc1587dd57c7c1.zh-cn/7d96c2a03bb088ad367615e9da1a3fe20fbbc6a0/nls.messages.json","corruptMarkerFile":"/home/huzy/.config/Cursor/clp/3bfb7f1471a52e527cfc1587dd57c7c1.zh-cn/corrupted.info"},"locale":"zh-cn","availableLanguages":{"*":"zh-cn"},"_languagePackId":"3bfb7f1471a52e527cfc1587dd57c7c1.zh-cn","_languagePackSupport":true,"_translationsConfigFile":"/home/huzy/.config/Cursor/clp/3bfb7f1471a52e527cfc1587dd57c7c1.zh-cn/tcf.json","_cacheRoot":"/home/huzy/.config/Cursor/clp/3bfb7f1471a52e527cfc1587dd57c7c1.zh-cn","_resolvedLanguagePackCoreLocation":"/home/huzy/.config/Cursor/clp/3bfb7f1471a52e527cfc1587dd57c7c1.zh-cn/7d96c2a03bb088ad367615e9da1a3fe20fbbc6a0","_corruptedFile":"/home/huzy/.config/Cursor/clp/3bfb7f1471a52e527cfc1587dd57c7c1.zh-cn/corrupted.info"}'), ('CI', '1'), ('VSCODE_HANDLES_UNCAUGHT_ERRORS', 'true'), ('XDG_SESSION_TYPE', 'wayland'), ('SHLVL', '1'), ('LD_LIBRARY_PATH', '/usr/lib/x86_64-linux-gnu/gazebo-11/plugins:/opt/ros/humble/opt/rviz_ogre_vendor/lib:/opt/ros/humble/lib/x86_64-linux-gnu:/opt/ros/humble/lib:/tmp/.mount_CursoriSs0re/usr/lib/:/tmp/.mount_CursoriSs0re/usr/lib32/:/tmp/.mount_CursoriSs0re/usr/lib64/:/tmp/.mount_CursoriSs0re/lib/:/tmp/.mount_CursoriSs0re/lib/i386-linux-gnu/:/tmp/.mount_CursoriSs0re/lib/x86_64-linux-gnu/:/tmp/.mount_CursoriSs0re/lib/aarch64-linux-gnu/:/tmp/.mount_CursoriSs0re/lib32/:/tmp/.mount_CursoriSs0re/lib64/:'), ('HOME', '/home/huzy'), ('CHROME_DESKTOP', 'cursor.desktop'), ('APPDIR', '/tmp/.mount_CursoriSs0re'), ('OLDPWD', '/home/huzy/My_orion'), ('DESKTOP_SESSION', 'ubuntu'), ('PERLLIB', '/tmp/.mount_CursoriSs0re/usr/share/perl5/:/tmp/.mount_CursoriSs0re/usr/lib/perl5/:'), ('VSCODE_IPC_HOOK', '/run/user/1000/vscode-294d73a8-2.5.-main.sock'), ('GIO_LAUNCHED_DESKTOP_FILE', '/home/huzy/.local/share/applications/cursor-ime.desktop'), ('ROS_PYTHON_VERSION', '3'), ('GNOME_SHELL_SESSION_MODE', 'ubuntu'), ('GTK_MODULES', 'gail:atk-bridge'), ('SDL_IM_MODULE', 'fcitx'), ('LC_MONETARY', 'zh_CN.UTF-8'), ('MANAGERPID', '1541'), ('SYSTEMD_EXEC_PID', '1709'), ('IM_CONFIG_CHECK_ENV', '1'), ('NO_COLOR', '1'), ('DBUS_SESSION_BUS_ADDRESS', 'unix:path=/run/user/1000/bus'), ('GIO_LAUNCHED_DESKTOP_FILE_PID', '3264'), ('VSCODE_CRASH_REPORTER_PROCESS_TYPE', 'extensionHost'), ('IM_CONFIG_PHASE', '1'), ('WAYLAND_DISPLAY', 'wayland-0'), ('COLCON_PREFIX_PATH', '/home/huzy/My_orion/install'), ('ROS_DISTRO', 'humble'), ('GTK_IM_MODULE', 'fcitx'), ('LOGNAME', 'huzy'), ('FORCE_COLOR', '0'), ('OWD', '/home/huzy'), ('JOURNAL_STREAM', '8:22044'), ('_', '/usr/bin/colcon'), ('ROS_VERSION', '2'), ('XDG_SESSION_CLASS', 'user'), ('USERNAME', 'huzy'), ('TERM', 'dumb'), ('GNOME_DESKTOP_SESSION_ID', 'this-is-deprecated'), ('FC_FONTATIONS', '1'), ('ROS_LOCALHOST_ONLY', '0'), ('PATH', '/home/huzy/.local/bin:/home/huzy/bin:/home/huzy/bin:/home/huzy/.local/bin:/home/huzy/bin:/home/huzy/bin:/opt/ros/humble/bin:/tmp/.mount_CursoriSs0re/usr/bin/:/tmp/.mount_CursoriSs0re/usr/sbin/:/tmp/.mount_CursoriSs0re/usr/games/:/tmp/.mount_CursoriSs0re/bin/:/tmp/.mount_CursoriSs0re/sbin/:/home/huzy/.local/bin:/home/huzy/bin:/usr/local/sbin:/usr/local/bin:/usr/sbin:/usr/bin:/sbin:/bin:/usr/games:/usr/local/games:/snap/bin:/snap/bin'), ('SESSION_MANAGER', 'local/huzy-virtual-machine:@/tmp/.ICE-unix/1675,unix/huzy-virtual-machine:/tmp/.ICE-unix/1675'), ('INVOCATION_ID', 'a2601410a8d14920833ed6807e68bc15'), ('PAPERSIZE', 'a4'), ('APPIMAGE', '/home/huzy/Downloads/Cursor-1.4.5-x86_64.AppImage'), ('XDG_MENU_PREFIX', 'gnome-'), ('LC_ADDRESS', 'zh_CN.UTF-8'), ('VSCODE_PROCESS_TITLE', 'extension-host (agent-exec) [1-6]'), ('GNOME_SETUP_DISPLAY', ':1'), ('XDG_RUNTIME_DIR', '/run/user/1000'), ('GDK_BACKEND', 'x11'), ('CURSOR_AGENT', '1'), ('DISPLAY', ':0'), ('LANG', 'zh_CN.UTF-8'), ('XDG_CURRENT_DESKTOP', 'ubuntu:GNOME'), ('LC_TELEPHONE', 'zh_CN.UTF-8'), ('XMODIFIERS', '@im=fcitx'), ('XDG_SESSION_DESKTOP', 'ubuntu'), ('XAUTHORITY', '/run/user/1000/.mutter-Xwaylandauth.4ZVTL3'), ('LS_COLORS', ''), ('CURSOR_TRACE_ID', '2ac507847837424d9bf65893652cc69d'), ('SSH_AGENT_LAUNCHER', 'gnome-keyring'), ('SSH_AUTH_SOCK', '/run/user/1000/keyring/ssh'), ('GSETTINGS_SCHEMA_DIR', '/tmp/.mount_CursoriSs0re/usr/share/glib-2.0/schemas/:'), ('AMENT_PREFIX_PATH', '/home/huzy/My_orion/install/orion_pybullet_sim:/home/huzy/My_orion/install/orion_mtc:/home/huzy/My_orion/install/orion_moveit_config:/home/huzy/My_orion/install/orion_description:/opt/ros/humble'), ('SHELL', '/bin/bash'), ('LC_NAME', 'zh_CN.UTF-8'), ('ARGV0', '/home/huzy/Downloads/Cursor-1.4.5-x86_64.AppImage'), ('QT_ACCESSIBILITY', '1'), ('GDMSESSION', 'ubuntu'), ('LESSCLOSE', '/usr/bin/lesspipe %s %s'), ('LC_MEASUREMENT', 'zh_CN.UTF-8'), ('GJS_DEBUG_OUTPUT', 'stderr'), ('LC_IDENTIFICATION', 'zh_CN.UTF-8'), ('QT_IM_MODULE', 'fcitx'), ('PWD', '/home/huzy/My_orion/build/orion_mtc'), ('XDG_CONFIG_DIRS', '/etc/xdg/xdg-ubuntu:/etc/xdg'), ('VSCODE_CODE_CACHE_PATH', '/home/huzy/.config/Cursor/CachedData/7d96c2a03bb088ad367615e9da1a3fe20fbbc6a0'), ('CLUTTER_IM_MODULE', 'fcitx'), ('XDG_DATA_DIRS', '/tmp/.mount_CursoriSs0re/usr/share/:/usr/local/share:/usr/share:/usr/share/ubuntu:/usr/local/share/:/usr/share/:/var/lib/snapd/desktop'), ('PYTHONPATH', '/home/huzy/My_orion/install/orion_pybullet_sim/lib/python3.10/site-packages:/opt/ros/humble/lib/python3.10/site-packages:/opt/ros/humble/local/lib/python3.10/dist-packages'), ('LC_NUMERIC', 'zh_CN.UTF-8'), ('LC_PAPER', 'zh_CN.UTF-8'), ('QT_PLUGIN_PATH', '/tmp/.mount_CursoriSs0re/usr/lib/qt4/plugins/:/tmp/.mount_CursoriSs0re/usr/lib/i386-linux-gnu/qt4/plugins/:/tmp/.mount_CursoriSs0re/usr/lib/x86_64-linux-gnu/qt4/plugins/:/tmp/.mount_CursoriSs0re/usr/lib/aarch64-linux-gnu/qt4/plugins/:/tmp/.mount_CursoriSs0re/usr/lib32/qt4/plugins/:/tmp/.mount_CursoriSs0re/usr/lib64/qt4/plugins/:/tmp/.mount_CursoriSs0re/usr/lib/qt5/plugins/:/tmp/.mount_CursoriSs0re/usr/lib/i386-linux-gnu/qt5/plugins/:/tmp/.mount_CursoriSs0re/usr/lib/x86_64-linux-gnu/qt5/plugins/:/tmp/.mount_CursoriSs0re/usr/lib/aarch64-linux-gnu/qt5/plugins/:/tmp/.mount_CursoriSs0re/usr/lib32/qt5/plugins/:/tmp/.mount_CursoriSs0re/usr/lib64/qt5/plugins/:'), ('COLCON', '1'), ('_ZO_DOCTOR', '0'), ('CMAKE_PREFIX_PATH', '/home/huzy/My_orion/install/orion_moveit_config:/home/huzy/My_orion/install/orion_description:/home/huzy/My_orion/install/orion_mtc:/home/huzy/My_orion/install/orion_pybullet_sim:/opt/ros/humble'), ('VSCODE_PID', '3264')]), 'shell': False}
[0.099293] (-) TimerEvent: {}
[0.199644] (-) TimerEvent: {}
[0.280809] (orion_mtc) StdoutLine: {'line': b'[ 50%] Building CXX object CMakeFiles/mtc_node.dir/src/mtc_node.cpp.o\n'}
[0.299806] (-) TimerEvent: {}
[0.400088] (-) TimerEvent: {}
[0.500724] (-) TimerEvent: {}
[0.601040] (-) TimerEvent: {}
[0.701327] (-) TimerEvent: {}
[0.801644] (-) TimerEvent: {}
[0.902778] (-) TimerEvent: {}
[1.003183] (-) TimerEvent: {}
[1.103590] (-) TimerEvent: {}
[1.203900] (-) TimerEvent: {}
[1.304202] (-) TimerEvent: {}
[1.404539] (-) TimerEvent: {}
[1.504842] (-) TimerEvent: {}
[1.605195] (-) TimerEvent: {}
[1.705642] (-) TimerEvent: {}
[1.805965] (-) TimerEvent: {}
[1.906566] (-) TimerEvent: {}
[2.006889] (-) TimerEvent: {}
[2.108924] (-) TimerEvent: {}
[2.209264] (-) TimerEvent: {}
[2.309864] (-) TimerEvent: {}
[2.410224] (-) TimerEvent: {}
[2.510573] (-) TimerEvent: {}
[2.610906] (-) TimerEvent: {}
[2.711194] (-) TimerEvent: {}
[2.811592] (-) TimerEvent: {}
[2.911889] (-) TimerEvent: {}
[3.012210] (-) TimerEvent: {}
[3.112672] (-) TimerEvent: {}
[3.213049] (-) TimerEvent: {}
[3.313514] (-) TimerEvent: {}
[3.413848] (-) TimerEvent: {}
[3.514249] (-) TimerEvent: {}
[3.614605] (-) TimerEvent: {}
[3.714988] (-) TimerEvent: {}
[3.815293] (-) TimerEvent: {}
[3.915611] (-) TimerEvent: {}
[4.015936] (-) TimerEvent: {}
[4.116378] (-) TimerEvent: {}
[4.216825] (-) TimerEvent: {}
[4.317228] (-) TimerEvent: {}
[4.417737] (-) TimerEvent: {}
[4.518253] (-) TimerEvent: {}
[4.618602] (-) TimerEvent: {}
[4.718888] (-) TimerEvent: {}
[4.819183] (-) TimerEvent: {}
[4.919472] (-) TimerEvent: {}
[5.019808] (-) TimerEvent: {}
[5.120174] (-) TimerEvent: {}
[5.220460] (-) TimerEvent: {}
[5.320772] (-) TimerEvent: {}
[5.421064] (-) TimerEvent: {}
[5.521462] (-) TimerEvent: {}
[5.621873] (-) TimerEvent: {}
[5.722216] (-) TimerEvent: {}
[5.822538] (-) TimerEvent: {}
[5.922836] (-) TimerEvent: {}
[6.023116] (-) TimerEvent: {}
[6.123466] (-) TimerEvent: {}
[6.223927] (-) TimerEvent: {}
[6.324289] (-) TimerEvent: {}
[6.424684] (-) TimerEvent: {}
[6.525052] (-) TimerEvent: {}
[6.625446] (-) TimerEvent: {}
[6.725808] (-) TimerEvent: {}
[6.827761] (-) TimerEvent: {}
[6.928120] (-) TimerEvent: {}
[7.029056] (-) TimerEvent: {}
[7.129405] (-) TimerEvent: {}
[7.229799] (-) TimerEvent: {}
[7.330122] (-) TimerEvent: {}
[7.430434] (-) TimerEvent: {}
[7.530844] (-) TimerEvent: {}
[7.631277] (-) TimerEvent: {}
[7.731744] (-) TimerEvent: {}
[7.832214] (-) TimerEvent: {}
[7.932638] (-) TimerEvent: {}
[8.033059] (-) TimerEvent: {}
[8.133377] (-) TimerEvent: {}
[8.233812] (-) TimerEvent: {}
[8.334213] (-) TimerEvent: {}
[8.434524] (-) TimerEvent: {}
[8.534884] (-) TimerEvent: {}
[8.635222] (-) TimerEvent: {}
[8.735542] (-) TimerEvent: {}
[8.835881] (-) TimerEvent: {}
[8.936204] (-) TimerEvent: {}
[9.036551] (-) TimerEvent: {}
[9.136859] (-) TimerEvent: {}
[9.237180] (-) TimerEvent: {}
[9.337666] (-) TimerEvent: {}
[9.438080] (-) TimerEvent: {}
[9.538544] (-) TimerEvent: {}
[9.639326] (-) TimerEvent: {}
[9.739911] (-) TimerEvent: {}
[9.840257] (-) TimerEvent: {}
[9.941592] (-) TimerEvent: {}
[10.041874] (-) TimerEvent: {}
[10.142216] (-) TimerEvent: {}
[10.242551] (-) TimerEvent: {}
[10.342851] (-) TimerEvent: {}
[10.443154] (-) TimerEvent: {}
[10.543444] (-) TimerEvent: {}
[10.643808] (-) TimerEvent: {}
[10.744122] (-) TimerEvent: {}
[10.844469] (-) TimerEvent: {}
[10.944879] (-) TimerEvent: {}
[11.045284] (-) TimerEvent: {}
[11.145727] (-) TimerEvent: {}
[11.246027] (-) TimerEvent: {}
[11.346367] (-) TimerEvent: {}
[11.446742] (-) TimerEvent: {}
[11.547039] (-) TimerEvent: {}
[11.647468] (-) TimerEvent: {}
[11.747925] (-) TimerEvent: {}
[11.848292] (-) TimerEvent: {}
[11.948653] (-) TimerEvent: {}
[12.048972] (-) TimerEvent: {}
[12.149386] (-) TimerEvent: {}
[12.249794] (-) TimerEvent: {}
[12.350160] (-) TimerEvent: {}
[12.450629] (-) TimerEvent: {}
[12.551064] (-) TimerEvent: {}
[12.651391] (-) TimerEvent: {}
[12.751720] (-) TimerEvent: {}
[12.852052] (-) TimerEvent: {}
[12.952355] (-) TimerEvent: {}
[13.052627] (-) TimerEvent: {}
[13.152933] (-) TimerEvent: {}
[13.253279] (-) TimerEvent: {}
[13.353581] (-) TimerEvent: {}
[13.453929] (-) TimerEvent: {}
[13.554298] (-) TimerEvent: {}
[13.654684] (-) TimerEvent: {}
[13.755305] (-) TimerEvent: {}
[13.855671] (-) TimerEvent: {}
[13.955982] (-) TimerEvent: {}
[14.056365] (-) TimerEvent: {}
[14.156737] (-) TimerEvent: {}
[14.257209] (-) TimerEvent: {}
[14.357536] (-) TimerEvent: {}
[14.457805] (-) TimerEvent: {}
[14.558118] (-) TimerEvent: {}
[14.658454] (-) TimerEvent: {}
[14.758796] (-) TimerEvent: {}
[14.859101] (-) TimerEvent: {}
[14.959465] (-) TimerEvent: {}
[15.059787] (-) TimerEvent: {}
[15.160078] (-) TimerEvent: {}
[15.260376] (-) TimerEvent: {}
[15.360825] (-) TimerEvent: {}
[15.461174] (-) TimerEvent: {}
[15.561518] (-) TimerEvent: {}
[15.661830] (-) TimerEvent: {}
[15.762145] (-) TimerEvent: {}
[15.862445] (-) TimerEvent: {}
[15.962753] (-) TimerEvent: {}
[16.063051] (-) TimerEvent: {}
[16.163333] (-) TimerEvent: {}
[16.263599] (-) TimerEvent: {}
[16.363906] (-) TimerEvent: {}
[16.464212] (-) TimerEvent: {}
[16.564532] (-) TimerEvent: {}
[16.664888] (-) TimerEvent: {}
[16.765232] (-) TimerEvent: {}
[16.865642] (-) TimerEvent: {}
[16.965972] (-) TimerEvent: {}
[17.066275] (-) TimerEvent: {}
[17.166600] (-) TimerEvent: {}
[17.266939] (-) TimerEvent: {}
[17.367273] (-) TimerEvent: {}
[17.467561] (-) TimerEvent: {}
[17.567882] (-) TimerEvent: {}
[17.668167] (-) TimerEvent: {}
[17.768465] (-) TimerEvent: {}
[17.868862] (-) TimerEvent: {}
[17.969171] (-) TimerEvent: {}
[18.069502] (-) TimerEvent: {}
[18.169805] (-) TimerEvent: {}
[18.270098] (-) TimerEvent: {}
[18.370439] (-) TimerEvent: {}
[18.470762] (-) TimerEvent: {}
[18.571054] (-) TimerEvent: {}
[18.671363] (-) TimerEvent: {}
[18.771703] (-) TimerEvent: {}
[18.871986] (-) TimerEvent: {}
[18.972624] (-) TimerEvent: {}
[19.072912] (-) TimerEvent: {}
[19.173210] (-) TimerEvent: {}
[19.273547] (-) TimerEvent: {}
[19.373839] (-) TimerEvent: {}
[19.474142] (-) TimerEvent: {}
[19.574452] (-) TimerEvent: {}
[19.674763] (-) TimerEvent: {}
[19.775120] (-) TimerEvent: {}
[19.875643] (-) TimerEvent: {}
[19.975973] (-) TimerEvent: {}
[20.076944] (-) TimerEvent: {}
[20.177299] (-) TimerEvent: {}
[20.277614] (-) TimerEvent: {}
[20.377914] (-) TimerEvent: {}
[20.478216] (-) TimerEvent: {}
[20.578631] (-) TimerEvent: {}
[20.678950] (-) TimerEvent: {}
[20.779257] (-) TimerEvent: {}
[20.879623] (-) TimerEvent: {}
[20.979910] (-) TimerEvent: {}
[21.080236] (-) TimerEvent: {}
[21.180596] (-) TimerEvent: {}
[21.280886] (-) TimerEvent: {}
[21.381185] (-) TimerEvent: {}
[21.481496] (-) TimerEvent: {}
[21.581804] (-) TimerEvent: {}
[21.682177] (-) TimerEvent: {}
[21.782596] (-) TimerEvent: {}
[21.882881] (-) TimerEvent: {}
[21.983205] (-) TimerEvent: {}
[22.083482] (-) TimerEvent: {}
[22.183834] (-) TimerEvent: {}
[22.284188] (-) TimerEvent: {}
[22.384579] (-) TimerEvent: {}
[22.484844] (-) TimerEvent: {}
[22.585354] (-) TimerEvent: {}
[22.685752] (-) TimerEvent: {}
[22.786150] (-) TimerEvent: {}
[22.887185] (-) TimerEvent: {}
[22.987580] (-) TimerEvent: {}
[23.088173] (-) TimerEvent: {}
[23.188612] (-) TimerEvent: {}
[23.289005] (-) TimerEvent: {}
[23.389290] (-) TimerEvent: {}
[23.489732] (-) TimerEvent: {}
[23.590025] (-) TimerEvent: {}
[23.690649] (-) TimerEvent: {}
[23.790973] (-) TimerEvent: {}
[23.891267] (-) TimerEvent: {}
[23.992395] (-) TimerEvent: {}
[24.092728] (-) TimerEvent: {}
[24.193029] (-) TimerEvent: {}
[24.293347] (-) TimerEvent: {}
[24.393671] (-) TimerEvent: {}
[24.493977] (-) TimerEvent: {}
[24.594288] (-) TimerEvent: {}
[24.694643] (-) TimerEvent: {}
[24.794956] (-) TimerEvent: {}
[24.895219] (-) TimerEvent: {}
[24.995546] (-) TimerEvent: {}
[25.095813] (-) TimerEvent: {}
[25.196107] (-) TimerEvent: {}
[25.296447] (-) TimerEvent: {}
[25.396874] (-) TimerEvent: {}
[25.497198] (-) TimerEvent: {}
[25.597569] (-) TimerEvent: {}
[25.697865] (-) TimerEvent: {}
[25.798167] (-) TimerEvent: {}
[25.898461] (-) TimerEvent: {}
[25.998817] (-) TimerEvent: {}
[26.099150] (-) TimerEvent: {}
[26.199464] (-) TimerEvent: {}
[26.299896] (-) TimerEvent: {}
[26.400203] (-) TimerEvent: {}
[26.500557] (-) TimerEvent: {}
[26.600863] (-) TimerEvent: {}
[26.701167] (-) TimerEvent: {}
[26.801602] (-) TimerEvent: {}
[26.901949] (-) TimerEvent: {}
[27.002253] (-) TimerEvent: {}
[27.103698] (-) TimerEvent: {}
[27.203988] (-) TimerEvent: {}
[27.304290] (-) TimerEvent: {}
[27.404589] (-) TimerEvent: {}
[27.504958] (-) TimerEvent: {}
[27.605249] (-) TimerEvent: {}
[27.705575] (-) TimerEvent: {}
[27.806884] (-) TimerEvent: {}
[27.893539] (orion_mtc) StdoutLine: {'line': b'[100%] Linking CXX executable mtc_node\n'}
[27.907046] (-) TimerEvent: {}
[28.007368] (-) TimerEvent: {}
[28.107718] (-) TimerEvent: {}
[28.208172] (-) TimerEvent: {}
[28.308468] (-) TimerEvent: {}
[28.408906] (-) TimerEvent: {}
[28.509221] (-) TimerEvent: {}
[28.600345] (orion_mtc) StdoutLine: {'line': b'[100%] Built target mtc_node\n'}
[28.609377] (-) TimerEvent: {}
[28.626715] (orion_mtc) CommandEnded: {'returncode': 0}
[28.627603] (orion_mtc) JobProgress: {'identifier': 'orion_mtc', 'progress': 'install'}
[28.652775] (orion_mtc) Command: {'cmd': ['/usr/bin/cmake', '--install', '/home/huzy/My_orion/build/orion_mtc'], 'cwd': '/home/huzy/My_orion/build/orion_mtc', 'env': OrderedDict([('GJS_DEBUG_TOPICS', 'JS ERROR;JS LOG'), ('LESSOPEN', '| /usr/bin/lesspipe %s'), ('VSCODE_CWD', '/home/huzy'), ('CURSOR_EXTENSION_HOST_ROLE', 'agent-exec'), ('VSCODE_ESM_ENTRYPOINT', 'vs/workbench/api/node/extensionHostProcess'), ('LANGUAGE', 'zh_CN:en_AU:en_US:en'), ('USER', 'huzy'), ('LC_TIME', 'zh_CN.UTF-8'), ('VSCODE_NLS_CONFIG', '{"userLocale":"zh-cn","osLocale":"zh-cn","resolvedLanguage":"zh-cn","defaultMessagesFile":"/tmp/.mount_CursoriSs0re/usr/share/cursor/resources/app/out/nls.messages.json","languagePack":{"translationsConfigFile":"/home/huzy/.config/Cursor/clp/3bfb7f1471a52e527cfc1587dd57c7c1.zh-cn/tcf.json","messagesFile":"/home/huzy/.config/Cursor/clp/3bfb7f1471a52e527cfc1587dd57c7c1.zh-cn/7d96c2a03bb088ad367615e9da1a3fe20fbbc6a0/nls.messages.json","corruptMarkerFile":"/home/huzy/.config/Cursor/clp/3bfb7f1471a52e527cfc1587dd57c7c1.zh-cn/corrupted.info"},"locale":"zh-cn","availableLanguages":{"*":"zh-cn"},"_languagePackId":"3bfb7f1471a52e527cfc1587dd57c7c1.zh-cn","_languagePackSupport":true,"_translationsConfigFile":"/home/huzy/.config/Cursor/clp/3bfb7f1471a52e527cfc1587dd57c7c1.zh-cn/tcf.json","_cacheRoot":"/home/huzy/.config/Cursor/clp/3bfb7f1471a52e527cfc1587dd57c7c1.zh-cn","_resolvedLanguagePackCoreLocation":"/home/huzy/.config/Cursor/clp/3bfb7f1471a52e527cfc1587dd57c7c1.zh-cn/7d96c2a03bb088ad367615e9da1a3fe20fbbc6a0","_corruptedFile":"/home/huzy/.config/Cursor/clp/3bfb7f1471a52e527cfc1587dd57c7c1.zh-cn/corrupted.info"}'), ('CI', '1'), ('VSCODE_HANDLES_UNCAUGHT_ERRORS', 'true'), ('XDG_SESSION_TYPE', 'wayland'), ('SHLVL', '1'), ('LD_LIBRARY_PATH', '/usr/lib/x86_64-linux-gnu/gazebo-11/plugins:/opt/ros/humble/opt/rviz_ogre_vendor/lib:/opt/ros/humble/lib/x86_64-linux-gnu:/opt/ros/humble/lib:/tmp/.mount_CursoriSs0re/usr/lib/:/tmp/.mount_CursoriSs0re/usr/lib32/:/tmp/.mount_CursoriSs0re/usr/lib64/:/tmp/.mount_CursoriSs0re/lib/:/tmp/.mount_CursoriSs0re/lib/i386-linux-gnu/:/tmp/.mount_CursoriSs0re/lib/x86_64-linux-gnu/:/tmp/.mount_CursoriSs0re/lib/aarch64-linux-gnu/:/tmp/.mount_CursoriSs0re/lib32/:/tmp/.mount_CursoriSs0re/lib64/:'), ('HOME', '/home/huzy'), ('CHROME_DESKTOP', 'cursor.desktop'), ('APPDIR', '/tmp/.mount_CursoriSs0re'), ('OLDPWD', '/home/huzy/My_orion'), ('DESKTOP_SESSION', 'ubuntu'), ('PERLLIB', '/tmp/.mount_CursoriSs0re/usr/share/perl5/:/tmp/.mount_CursoriSs0re/usr/lib/perl5/:'), ('VSCODE_IPC_HOOK', '/run/user/1000/vscode-294d73a8-2.5.-main.sock'), ('GIO_LAUNCHED_DESKTOP_FILE', '/home/huzy/.local/share/applications/cursor-ime.desktop'), ('ROS_PYTHON_VERSION', '3'), ('GNOME_SHELL_SESSION_MODE', 'ubuntu'), ('GTK_MODULES', 'gail:atk-bridge'), ('SDL_IM_MODULE', 'fcitx'), ('LC_MONETARY', 'zh_CN.UTF-8'), ('MANAGERPID', '1541'), ('SYSTEMD_EXEC_PID', '1709'), ('IM_CONFIG_CHECK_ENV', '1'), ('NO_COLOR', '1'), ('DBUS_SESSION_BUS_ADDRESS', 'unix:path=/run/user/1000/bus'), ('GIO_LAUNCHED_DESKTOP_FILE_PID', '3264'), ('VSCODE_CRASH_REPORTER_PROCESS_TYPE', 'extensionHost'), ('IM_CONFIG_PHASE', '1'), ('WAYLAND_DISPLAY', 'wayland-0'), ('COLCON_PREFIX_PATH', '/home/huzy/My_orion/install'), ('ROS_DISTRO', 'humble'), ('GTK_IM_MODULE', 'fcitx'), ('LOGNAME', 'huzy'), ('FORCE_COLOR', '0'), ('OWD', '/home/huzy'), ('JOURNAL_STREAM', '8:22044'), ('_', '/usr/bin/colcon'), ('ROS_VERSION', '2'), ('XDG_SESSION_CLASS', 'user'), ('USERNAME', 'huzy'), ('TERM', 'dumb'), ('GNOME_DESKTOP_SESSION_ID', 'this-is-deprecated'), ('FC_FONTATIONS', '1'), ('ROS_LOCALHOST_ONLY', '0'), ('PATH', '/home/huzy/.local/bin:/home/huzy/bin:/home/huzy/bin:/home/huzy/.local/bin:/home/huzy/bin:/home/huzy/bin:/opt/ros/humble/bin:/tmp/.mount_CursoriSs0re/usr/bin/:/tmp/.mount_CursoriSs0re/usr/sbin/:/tmp/.mount_CursoriSs0re/usr/games/:/tmp/.mount_CursoriSs0re/bin/:/tmp/.mount_CursoriSs0re/sbin/:/home/huzy/.local/bin:/home/huzy/bin:/usr/local/sbin:/usr/local/bin:/usr/sbin:/usr/bin:/sbin:/bin:/usr/games:/usr/local/games:/snap/bin:/snap/bin'), ('SESSION_MANAGER', 'local/huzy-virtual-machine:@/tmp/.ICE-unix/1675,unix/huzy-virtual-machine:/tmp/.ICE-unix/1675'), ('INVOCATION_ID', 'a2601410a8d14920833ed6807e68bc15'), ('PAPERSIZE', 'a4'), ('APPIMAGE', '/home/huzy/Downloads/Cursor-1.4.5-x86_64.AppImage'), ('XDG_MENU_PREFIX', 'gnome-'), ('LC_ADDRESS', 'zh_CN.UTF-8'), ('VSCODE_PROCESS_TITLE', 'extension-host (agent-exec) [1-6]'), ('GNOME_SETUP_DISPLAY', ':1'), ('XDG_RUNTIME_DIR', '/run/user/1000'), ('GDK_BACKEND', 'x11'), ('CURSOR_AGENT', '1'), ('DISPLAY', ':0'), ('LANG', 'zh_CN.UTF-8'), ('XDG_CURRENT_DESKTOP', 'ubuntu:GNOME'), ('LC_TELEPHONE', 'zh_CN.UTF-8'), ('XMODIFIERS', '@im=fcitx'), ('XDG_SESSION_DESKTOP', 'ubuntu'), ('XAUTHORITY', '/run/user/1000/.mutter-Xwaylandauth.4ZVTL3'), ('LS_COLORS', ''), ('CURSOR_TRACE_ID', '2ac507847837424d9bf65893652cc69d'), ('SSH_AGENT_LAUNCHER', 'gnome-keyring'), ('SSH_AUTH_SOCK', '/run/user/1000/keyring/ssh'), ('GSETTINGS_SCHEMA_DIR', '/tmp/.mount_CursoriSs0re/usr/share/glib-2.0/schemas/:'), ('AMENT_PREFIX_PATH', '/home/huzy/My_orion/install/orion_pybullet_sim:/home/huzy/My_orion/install/orion_mtc:/home/huzy/My_orion/install/orion_moveit_config:/home/huzy/My_orion/install/orion_description:/opt/ros/humble'), ('SHELL', '/bin/bash'), ('LC_NAME', 'zh_CN.UTF-8'), ('ARGV0', '/home/huzy/Downloads/Cursor-1.4.5-x86_64.AppImage'), ('QT_ACCESSIBILITY', '1'), ('GDMSESSION', 'ubuntu'), ('LESSCLOSE', '/usr/bin/lesspipe %s %s'), ('LC_MEASUREMENT', 'zh_CN.UTF-8'), ('GJS_DEBUG_OUTPUT', 'stderr'), ('LC_IDENTIFICATION', 'zh_CN.UTF-8'), ('QT_IM_MODULE', 'fcitx'), ('PWD', '/home/huzy/My_orion/build/orion_mtc'), ('XDG_CONFIG_DIRS', '/etc/xdg/xdg-ubuntu:/etc/xdg'), ('VSCODE_CODE_CACHE_PATH', '/home/huzy/.config/Cursor/CachedData/7d96c2a03bb088ad367615e9da1a3fe20fbbc6a0'), ('CLUTTER_IM_MODULE', 'fcitx'), ('XDG_DATA_DIRS', '/tmp/.mount_CursoriSs0re/usr/share/:/usr/local/share:/usr/share:/usr/share/ubuntu:/usr/local/share/:/usr/share/:/var/lib/snapd/desktop'), ('PYTHONPATH', '/home/huzy/My_orion/install/orion_pybullet_sim/lib/python3.10/site-packages:/opt/ros/humble/lib/python3.10/site-packages:/opt/ros/humble/local/lib/python3.10/dist-packages'), ('LC_NUMERIC', 'zh_CN.UTF-8'), ('LC_PAPER', 'zh_CN.UTF-8'), ('QT_PLUGIN_PATH', '/tmp/.mount_CursoriSs0re/usr/lib/qt4/plugins/:/tmp/.mount_CursoriSs0re/usr/lib/i386-linux-gnu/qt4/plugins/:/tmp/.mount_CursoriSs0re/usr/lib/x86_64-linux-gnu/qt4/plugins/:/tmp/.mount_CursoriSs0re/usr/lib/aarch64-linux-gnu/qt4/plugins/:/tmp/.mount_CursoriSs0re/usr/lib32/qt4/plugins/:/tmp/.mount_CursoriSs0re/usr/lib64/qt4/plugins/:/tmp/.mount_CursoriSs0re/usr/lib/qt5/plugins/:/tmp/.mount_CursoriSs0re/usr/lib/i386-linux-gnu/qt5/plugins/:/tmp/.mount_CursoriSs0re/usr/lib/x86_64-linux-gnu/qt5/plugins/:/tmp/.mount_CursoriSs0re/usr/lib/aarch64-linux-gnu/qt5/plugins/:/tmp/.mount_CursoriSs0re/usr/lib32/qt5/plugins/:/tmp/.mount_CursoriSs0re/usr/lib64/qt5/plugins/:'), ('COLCON', '1'), ('_ZO_DOCTOR', '0'), ('CMAKE_PREFIX_PATH', '/home/huzy/My_orion/install/orion_moveit_config:/home/huzy/My_orion/install/orion_description:/home/huzy/My_orion/install/orion_mtc:/home/huzy/My_orion/install/orion_pybullet_sim:/opt/ros/humble'), ('VSCODE_PID', '3264')]), 'shell': False}
[28.676039] (orion_mtc) StdoutLine: {'line': b'-- Install configuration: "Release"\n'}
[28.676357] (orion_mtc) StdoutLine: {'line': b'-- Execute custom install script\n'}
[28.676412] (orion_mtc) StdoutLine: {'line': b'-- Up-to-date symlink: /home/huzy/My_orion/install/orion_mtc/lib/orion_mtc/mtc_node\n'}
[28.677422] (orion_mtc) StdoutLine: {'line': b'-- Up-to-date symlink: /home/huzy/My_orion/install/orion_mtc/share/orion_mtc/launch/pick_place_demo.launch.py\n'}
[28.677758] (orion_mtc) StdoutLine: {'line': b'-- Up-to-date symlink: /home/huzy/My_orion/install/orion_mtc/share/orion_mtc/launch/pick_place_pybullet.launch.py\n'}
[28.677815] (orion_mtc) StdoutLine: {'line': b'-- Up-to-date symlink: /home/huzy/My_orion/install/orion_mtc/share/ament_index/resource_index/package_run_dependencies/orion_mtc\n'}
[28.677853] (orion_mtc) StdoutLine: {'line': b'-- Up-to-date symlink: /home/huzy/My_orion/install/orion_mtc/share/ament_index/resource_index/parent_prefix_path/orion_mtc\n'}
[28.677885] (orion_mtc) StdoutLine: {'line': b'-- Up-to-date symlink: /home/huzy/My_orion/install/orion_mtc/share/orion_mtc/environment/ament_prefix_path.sh\n'}
[28.677917] (orion_mtc) StdoutLine: {'line': b'-- Up-to-date symlink: /home/huzy/My_orion/install/orion_mtc/share/orion_mtc/environment/ament_prefix_path.dsv\n'}
[28.677949] (orion_mtc) StdoutLine: {'line': b'-- Up-to-date symlink: /home/huzy/My_orion/install/orion_mtc/share/orion_mtc/environment/path.sh\n'}
[28.677981] (orion_mtc) StdoutLine: {'line': b'-- Up-to-date symlink: /home/huzy/My_orion/install/orion_mtc/share/orion_mtc/environment/path.dsv\n'}
[28.678011] (orion_mtc) StdoutLine: {'line': b'-- Up-to-date symlink: /home/huzy/My_orion/install/orion_mtc/share/orion_mtc/local_setup.bash\n'}
[28.678042] (orion_mtc) StdoutLine: {'line': b'-- Up-to-date symlink: /home/huzy/My_orion/install/orion_mtc/share/orion_mtc/local_setup.sh\n'}
[28.678073] (orion_mtc) StdoutLine: {'line': b'-- Up-to-date symlink: /home/huzy/My_orion/install/orion_mtc/share/orion_mtc/local_setup.zsh\n'}
[28.678104] (orion_mtc) StdoutLine: {'line': b'-- Up-to-date symlink: /home/huzy/My_orion/install/orion_mtc/share/orion_mtc/local_setup.dsv\n'}
[28.678134] (orion_mtc) StdoutLine: {'line': b'-- Symlinking: /home/huzy/My_orion/install/orion_mtc/share/orion_mtc/package.dsv\n'}
[28.704692] (orion_mtc) StdoutLine: {'line': b'-- Up-to-date symlink: /home/huzy/My_orion/install/orion_mtc/share/ament_index/resource_index/packages/orion_mtc\n'}
[28.704932] (orion_mtc) StdoutLine: {'line': b'-- Up-to-date symlink: /home/huzy/My_orion/install/orion_mtc/share/orion_mtc/cmake/orion_mtcConfig.cmake\n'}
[28.704974] (orion_mtc) StdoutLine: {'line': b'-- Up-to-date symlink: /home/huzy/My_orion/install/orion_mtc/share/orion_mtc/cmake/orion_mtcConfig-version.cmake\n'}
[28.705007] (orion_mtc) StdoutLine: {'line': b'-- Up-to-date symlink: /home/huzy/My_orion/install/orion_mtc/share/orion_mtc/package.xml\n'}
[28.706698] (orion_mtc) CommandEnded: {'returncode': 0}
[28.709575] (-) TimerEvent: {}
[28.724176] (orion_mtc) JobEnded: {'identifier': 'orion_mtc', 'rc': 0}
[28.725027] (-) EventReactorShutdown: {}
