[0.008s] Invoking command in '/home/joey/My_orion/build/orion_mtc': AMENT_PREFIX_PATH=/home/joey/My_orion/install/orion_pybullet_sim:/home/joey/My_orion/install/orion_mtc:/home/joey/My_orion/install/orion_moveit_config:/home/joey/My_orion/install/orion_description:/opt/ros/humble CMAKE_PREFIX_PATH=/home/joey/My_orion/install/orion_moveit_config:/home/joey/My_orion/install/orion_description:/home/joey/My_orion/install/orion_mtc:/home/joey/My_orion/install/orion_pybullet_sim:/opt/ros/humble /usr/bin/cmake --build /home/joey/My_orion/build/orion_mtc -- -j4 -l4
[0.040s] Consolidate compiler generated dependencies of target mtc_node
[0.051s] [ 50%] Building CXX object CMakeFiles/mtc_node.dir/src/mtc_node.cpp.o
[6.841s] [100%] Linking CXX executable mtc_node
[7.116s] [100%] Built target mtc_node
[7.124s] Invoked command in '/home/joey/My_orion/build/orion_mtc' returned '0': AMENT_PREFIX_PATH=/home/joey/My_orion/install/orion_pybullet_sim:/home/joey/My_orion/install/orion_mtc:/home/joey/My_orion/install/orion_moveit_config:/home/joey/My_orion/install/orion_description:/opt/ros/humble CMAKE_PREFIX_PATH=/home/joey/My_orion/install/orion_moveit_config:/home/joey/My_orion/install/orion_description:/home/joey/My_orion/install/orion_mtc:/home/joey/My_orion/install/orion_pybullet_sim:/opt/ros/humble /usr/bin/cmake --build /home/joey/My_orion/build/orion_mtc -- -j4 -l4
[7.130s] Invoking command in '/home/joey/My_orion/build/orion_mtc': AMENT_PREFIX_PATH=/home/joey/My_orion/install/orion_pybullet_sim:/home/joey/My_orion/install/orion_mtc:/home/joey/My_orion/install/orion_moveit_config:/home/joey/My_orion/install/orion_description:/opt/ros/humble CMAKE_PREFIX_PATH=/home/joey/My_orion/install/orion_moveit_config:/home/joey/My_orion/install/orion_description:/home/joey/My_orion/install/orion_mtc:/home/joey/My_orion/install/orion_pybullet_sim:/opt/ros/humble /usr/bin/cmake --install /home/joey/My_orion/build/orion_mtc
[7.134s] -- Install configuration: ""
[7.134s] -- Execute custom install script
[7.134s] -- Up-to-date symlink: /home/joey/My_orion/install/orion_mtc/lib/orion_mtc/mtc_node
[7.134s] -- Up-to-date symlink: /home/joey/My_orion/install/orion_mtc/share/orion_mtc/launch/pick_place_demo.launch.py
[7.135s] -- Up-to-date symlink: /home/joey/My_orion/install/orion_mtc/share/orion_mtc/launch/pick_place_pybullet.launch.py
[7.135s] -- Up-to-date symlink: /home/joey/My_orion/install/orion_mtc/share/ament_index/resource_index/package_run_dependencies/orion_mtc
[7.135s] -- Up-to-date symlink: /home/joey/My_orion/install/orion_mtc/share/ament_index/resource_index/parent_prefix_path/orion_mtc
[7.135s] -- Up-to-date symlink: /home/joey/My_orion/install/orion_mtc/share/orion_mtc/environment/ament_prefix_path.sh
[7.135s] -- Up-to-date symlink: /home/joey/My_orion/install/orion_mtc/share/orion_mtc/environment/ament_prefix_path.dsv
[7.135s] -- Up-to-date symlink: /home/joey/My_orion/install/orion_mtc/share/orion_mtc/environment/path.sh
[7.135s] -- Up-to-date symlink: /home/joey/My_orion/install/orion_mtc/share/orion_mtc/environment/path.dsv
[7.135s] -- Up-to-date symlink: /home/joey/My_orion/install/orion_mtc/share/orion_mtc/local_setup.bash
[7.135s] -- Up-to-date symlink: /home/joey/My_orion/install/orion_mtc/share/orion_mtc/local_setup.sh
[7.135s] -- Up-to-date symlink: /home/joey/My_orion/install/orion_mtc/share/orion_mtc/local_setup.zsh
[7.135s] -- Up-to-date symlink: /home/joey/My_orion/install/orion_mtc/share/orion_mtc/local_setup.dsv
[7.135s] -- Symlinking: /home/joey/My_orion/install/orion_mtc/share/orion_mtc/package.dsv
[7.141s] -- Up-to-date symlink: /home/joey/My_orion/install/orion_mtc/share/ament_index/resource_index/packages/orion_mtc
[7.141s] -- Up-to-date symlink: /home/joey/My_orion/install/orion_mtc/share/orion_mtc/cmake/orion_mtcConfig.cmake
[7.141s] -- Up-to-date symlink: /home/joey/My_orion/install/orion_mtc/share/orion_mtc/cmake/orion_mtcConfig-version.cmake
[7.141s] -- Up-to-date symlink: /home/joey/My_orion/install/orion_mtc/share/orion_mtc/package.xml
[7.142s] Invoked command in '/home/joey/My_orion/build/orion_mtc' returned '0': AMENT_PREFIX_PATH=/home/joey/My_orion/install/orion_pybullet_sim:/home/joey/My_orion/install/orion_mtc:/home/joey/My_orion/install/orion_moveit_config:/home/joey/My_orion/install/orion_description:/opt/ros/humble CMAKE_PREFIX_PATH=/home/joey/My_orion/install/orion_moveit_config:/home/joey/My_orion/install/orion_description:/home/joey/My_orion/install/orion_mtc:/home/joey/My_orion/install/orion_pybullet_sim:/opt/ros/humble /usr/bin/cmake --install /home/joey/My_orion/build/orion_mtc
