[0.329s] Invoking command in '/home/joey/My_orion/src/orion_pybullet_sim': AMENT_PREFIX_PATH=/home/joey/My_orion/install/orion_moveit_config:/home/joey/My_orion/install/orion_description:${AMENT_PREFIX_PATH} CMAKE_PREFIX_PATH=/home/joey/My_orion/install/orion_moveit_config:/home/joey/My_orion/install/orion_description PYTHONPATH=/home/joey/My_orion/build/orion_pybullet_sim/prefix_override:/usr/lib/python3/dist-packages/colcon_core/task/python/colcon_distutils_commands:/home/joey/My_orion/install/orion_pybullet_sim/lib/python3.10/site-packages:${PYTHONPATH} /usr/bin/python3 -W ignore:setup.py install is deprecated -W ignore:easy_install command is deprecated setup.py egg_info --egg-base ../../build/orion_pybullet_sim build --build-base /home/joey/My_orion/build/orion_pybullet_sim/build install --record /home/joey/My_orion/build/orion_pybullet_sim/install.log --single-version-externally-managed install_data
[0.446s] running egg_info
[0.446s] writing ../../build/orion_pybullet_sim/orion_pybullet_sim.egg-info/PKG-INFO
[0.447s] writing dependency_links to ../../build/orion_pybullet_sim/orion_pybullet_sim.egg-info/dependency_links.txt
[0.447s] writing entry points to ../../build/orion_pybullet_sim/orion_pybullet_sim.egg-info/entry_points.txt
[0.447s] writing requirements to ../../build/orion_pybullet_sim/orion_pybullet_sim.egg-info/requires.txt
[0.447s] writing top-level names to ../../build/orion_pybullet_sim/orion_pybullet_sim.egg-info/top_level.txt
[0.448s] reading manifest file '../../build/orion_pybullet_sim/orion_pybullet_sim.egg-info/SOURCES.txt'
[0.449s] writing manifest file '../../build/orion_pybullet_sim/orion_pybullet_sim.egg-info/SOURCES.txt'
[0.449s] running build
[0.449s] running build_py
[0.449s] running install
[0.449s] running install_lib
[0.449s] running install_data
[0.450s] running install_egg_info
[0.451s] removing '/home/joey/My_orion/install/orion_pybullet_sim/lib/python3.10/site-packages/orion_pybullet_sim-0.0.1-py3.10.egg-info' (and everything under it)
[0.455s] Copying ../../build/orion_pybullet_sim/orion_pybullet_sim.egg-info to /home/joey/My_orion/install/orion_pybullet_sim/lib/python3.10/site-packages/orion_pybullet_sim-0.0.1-py3.10.egg-info
[0.455s] running install_scripts
[0.464s] Installing pybullet_controller script to /home/joey/My_orion/install/orion_pybullet_sim/lib/orion_pybullet_sim
[0.465s] writing list of installed files to '/home/joey/My_orion/build/orion_pybullet_sim/install.log'
[0.483s] Invoked command in '/home/joey/My_orion/src/orion_pybullet_sim' returned '0': AMENT_PREFIX_PATH=/home/joey/My_orion/install/orion_moveit_config:/home/joey/My_orion/install/orion_description:${AMENT_PREFIX_PATH} CMAKE_PREFIX_PATH=/home/joey/My_orion/install/orion_moveit_config:/home/joey/My_orion/install/orion_description PYTHONPATH=/home/joey/My_orion/build/orion_pybullet_sim/prefix_override:/usr/lib/python3/dist-packages/colcon_core/task/python/colcon_distutils_commands:/home/joey/My_orion/install/orion_pybullet_sim/lib/python3.10/site-packages:${PYTHONPATH} /usr/bin/python3 -W ignore:setup.py install is deprecated -W ignore:easy_install command is deprecated setup.py egg_info --egg-base ../../build/orion_pybullet_sim build --build-base /home/joey/My_orion/build/orion_pybullet_sim/build install --record /home/joey/My_orion/build/orion_pybullet_sim/install.log --single-version-externally-managed install_data
