[0.079s] DEBUG:colcon:Command line arguments: ['/usr/bin/colcon', 'build']
[0.080s] DEBUG:colcon:Parsed command line arguments: Namespace(log_base=None, log_level=None, verb_name='build', build_base='build', install_base='install', merge_install=False, symlink_install=False, test_result_base=None, continue_on_error=False, executor='parallel', parallel_workers=8, event_handlers=None, ignore_user_meta=False, metas=['./colcon.meta'], base_paths=['.'], packages_ignore=None, packages_ignore_regex=None, paths=None, packages_up_to=None, packages_up_to_regex=None, packages_above=None, packages_above_and_dependencies=None, packages_above_depth=None, packages_select_by_dep=None, packages_skip_by_dep=None, packages_skip_up_to=None, packages_select_build_failed=False, packages_skip_build_finished=False, packages_select_test_failures=False, packages_skip_test_passed=False, packages_select=None, packages_skip=None, packages_select_regex=None, packages_skip_regex=None, packages_start=None, packages_end=None, allow_overriding=[], cmake_args=None, cmake_target=None, cmake_target_skip_unavailable=False, cmake_clean_cache=False, cmake_clean_first=False, cmake_force_configure=False, ament_cmake_args=None, catkin_cmake_args=None, catkin_skip_building_tests=False, mixin_files=None, mixin=None, verb_parser=<colcon_mixin.mixin.mixin_argument.MixinArgumentDecorator object at 0x75d14695e590>, verb_extension=<colcon_core.verb.build.BuildVerb object at 0x75d146a7f4c0>, main=<bound method BuildVerb.main of <colcon_core.verb.build.BuildVerb object at 0x75d146a7f4c0>>, mixin_verb=('build',))
[0.189s] Level 1:colcon.colcon_core.package_discovery:discover_packages(colcon_meta) check parameters
[0.189s] Level 1:colcon.colcon_core.package_discovery:discover_packages(recursive) check parameters
[0.189s] Level 1:colcon.colcon_core.package_discovery:discover_packages(ignore) check parameters
[0.189s] Level 1:colcon.colcon_core.package_discovery:discover_packages(path) check parameters
[0.189s] Level 1:colcon.colcon_core.package_discovery:discover_packages(colcon_meta) discover
[0.189s] Level 1:colcon.colcon_core.package_discovery:discover_packages(recursive) discover
[0.189s] INFO:colcon.colcon_core.package_discovery:Crawling recursively for packages in '/home/huzy/My_orion'
[0.189s] Level 1:colcon.colcon_core.package_identification:_identify(.) by extensions ['ignore', 'ignore_ament_install']
[0.189s] Level 1:colcon.colcon_core.package_identification:_identify(.) by extension 'ignore'
[0.189s] Level 1:colcon.colcon_core.package_identification:_identify(.) by extension 'ignore_ament_install'
[0.190s] Level 1:colcon.colcon_core.package_identification:_identify(.) by extensions ['colcon_pkg']
[0.190s] Level 1:colcon.colcon_core.package_identification:_identify(.) by extension 'colcon_pkg'
[0.190s] Level 1:colcon.colcon_core.package_identification:_identify(.) by extensions ['colcon_meta']
[0.190s] Level 1:colcon.colcon_core.package_identification:_identify(.) by extension 'colcon_meta'
[0.190s] Level 1:colcon.colcon_core.package_identification:_identify(.) by extensions ['ros']
[0.190s] Level 1:colcon.colcon_core.package_identification:_identify(.) by extension 'ros'
[0.197s] Level 1:colcon.colcon_core.package_identification:_identify(.) by extensions ['cmake', 'python']
[0.197s] Level 1:colcon.colcon_core.package_identification:_identify(.) by extension 'cmake'
[0.197s] Level 1:colcon.colcon_core.package_identification:_identify(.) by extension 'python'
[0.197s] Level 1:colcon.colcon_core.package_identification:_identify(.) by extensions ['python_setup_py']
[0.197s] Level 1:colcon.colcon_core.package_identification:_identify(.) by extension 'python_setup_py'
[0.197s] Level 1:colcon.colcon_core.package_identification:_identify(build) by extensions ['ignore', 'ignore_ament_install']
[0.197s] Level 1:colcon.colcon_core.package_identification:_identify(build) by extension 'ignore'
[0.198s] Level 1:colcon.colcon_core.package_identification:_identify(build) ignored
[0.198s] Level 1:colcon.colcon_core.package_identification:_identify(install) by extensions ['ignore', 'ignore_ament_install']
[0.198s] Level 1:colcon.colcon_core.package_identification:_identify(install) by extension 'ignore'
[0.198s] Level 1:colcon.colcon_core.package_identification:_identify(install) ignored
[0.198s] Level 1:colcon.colcon_core.package_identification:_identify(log) by extensions ['ignore', 'ignore_ament_install']
[0.198s] Level 1:colcon.colcon_core.package_identification:_identify(log) by extension 'ignore'
[0.198s] Level 1:colcon.colcon_core.package_identification:_identify(log) ignored
[0.198s] Level 1:colcon.colcon_core.package_identification:_identify(src) by extensions ['ignore', 'ignore_ament_install']
[0.198s] Level 1:colcon.colcon_core.package_identification:_identify(src) by extension 'ignore'
[0.198s] Level 1:colcon.colcon_core.package_identification:_identify(src) by extension 'ignore_ament_install'
[0.198s] Level 1:colcon.colcon_core.package_identification:_identify(src) by extensions ['colcon_pkg']
[0.198s] Level 1:colcon.colcon_core.package_identification:_identify(src) by extension 'colcon_pkg'
[0.198s] Level 1:colcon.colcon_core.package_identification:_identify(src) by extensions ['colcon_meta']
[0.198s] Level 1:colcon.colcon_core.package_identification:_identify(src) by extension 'colcon_meta'
[0.198s] Level 1:colcon.colcon_core.package_identification:_identify(src) by extensions ['ros']
[0.198s] Level 1:colcon.colcon_core.package_identification:_identify(src) by extension 'ros'
[0.198s] Level 1:colcon.colcon_core.package_identification:_identify(src) by extensions ['cmake', 'python']
[0.199s] Level 1:colcon.colcon_core.package_identification:_identify(src) by extension 'cmake'
[0.199s] Level 1:colcon.colcon_core.package_identification:_identify(src) by extension 'python'
[0.199s] Level 1:colcon.colcon_core.package_identification:_identify(src) by extensions ['python_setup_py']
[0.199s] Level 1:colcon.colcon_core.package_identification:_identify(src) by extension 'python_setup_py'
[0.199s] Level 1:colcon.colcon_core.package_identification:_identify(src/orion_description) by extensions ['ignore', 'ignore_ament_install']
[0.199s] Level 1:colcon.colcon_core.package_identification:_identify(src/orion_description) by extension 'ignore'
[0.199s] Level 1:colcon.colcon_core.package_identification:_identify(src/orion_description) by extension 'ignore_ament_install'
[0.199s] Level 1:colcon.colcon_core.package_identification:_identify(src/orion_description) by extensions ['colcon_pkg']
[0.199s] Level 1:colcon.colcon_core.package_identification:_identify(src/orion_description) by extension 'colcon_pkg'
[0.199s] Level 1:colcon.colcon_core.package_identification:_identify(src/orion_description) by extensions ['colcon_meta']
[0.199s] Level 1:colcon.colcon_core.package_identification:_identify(src/orion_description) by extension 'colcon_meta'
[0.199s] Level 1:colcon.colcon_core.package_identification:_identify(src/orion_description) by extensions ['ros']
[0.199s] Level 1:colcon.colcon_core.package_identification:_identify(src/orion_description) by extension 'ros'
[0.208s] DEBUG:colcon.colcon_core.package_identification:Package 'src/orion_description' with type 'ros.ament_cmake' and name 'orion_description'
[0.209s] Level 1:colcon.colcon_core.package_identification:_identify(src/orion_holoocean_bridge) by extensions ['ignore', 'ignore_ament_install']
[0.209s] Level 1:colcon.colcon_core.package_identification:_identify(src/orion_holoocean_bridge) by extension 'ignore'
[0.209s] Level 1:colcon.colcon_core.package_identification:_identify(src/orion_holoocean_bridge) by extension 'ignore_ament_install'
[0.209s] Level 1:colcon.colcon_core.package_identification:_identify(src/orion_holoocean_bridge) by extensions ['colcon_pkg']
[0.209s] Level 1:colcon.colcon_core.package_identification:_identify(src/orion_holoocean_bridge) by extension 'colcon_pkg'
[0.209s] Level 1:colcon.colcon_core.package_identification:_identify(src/orion_holoocean_bridge) by extensions ['colcon_meta']
[0.209s] Level 1:colcon.colcon_core.package_identification:_identify(src/orion_holoocean_bridge) by extension 'colcon_meta'
[0.209s] Level 1:colcon.colcon_core.package_identification:_identify(src/orion_holoocean_bridge) by extensions ['ros']
[0.209s] Level 1:colcon.colcon_core.package_identification:_identify(src/orion_holoocean_bridge) by extension 'ros'
[0.210s] DEBUG:colcon.colcon_core.package_identification:Package 'src/orion_holoocean_bridge' with type 'ros.ament_python' and name 'orion_holoocean_bridge'
[0.210s] Level 1:colcon.colcon_core.package_identification:_identify(src/orion_moveit_config) by extensions ['ignore', 'ignore_ament_install']
[0.210s] Level 1:colcon.colcon_core.package_identification:_identify(src/orion_moveit_config) by extension 'ignore'
[0.210s] Level 1:colcon.colcon_core.package_identification:_identify(src/orion_moveit_config) by extension 'ignore_ament_install'
[0.210s] Level 1:colcon.colcon_core.package_identification:_identify(src/orion_moveit_config) by extensions ['colcon_pkg']
[0.210s] Level 1:colcon.colcon_core.package_identification:_identify(src/orion_moveit_config) by extension 'colcon_pkg'
[0.210s] Level 1:colcon.colcon_core.package_identification:_identify(src/orion_moveit_config) by extensions ['colcon_meta']
[0.210s] Level 1:colcon.colcon_core.package_identification:_identify(src/orion_moveit_config) by extension 'colcon_meta'
[0.210s] Level 1:colcon.colcon_core.package_identification:_identify(src/orion_moveit_config) by extensions ['ros']
[0.210s] Level 1:colcon.colcon_core.package_identification:_identify(src/orion_moveit_config) by extension 'ros'
[0.211s] DEBUG:colcon.colcon_core.package_identification:Package 'src/orion_moveit_config' with type 'ros.ament_cmake' and name 'orion_moveit_config'
[0.212s] Level 1:colcon.colcon_core.package_identification:_identify(src/orion_mtc) by extensions ['ignore', 'ignore_ament_install']
[0.212s] Level 1:colcon.colcon_core.package_identification:_identify(src/orion_mtc) by extension 'ignore'
[0.212s] Level 1:colcon.colcon_core.package_identification:_identify(src/orion_mtc) by extension 'ignore_ament_install'
[0.212s] Level 1:colcon.colcon_core.package_identification:_identify(src/orion_mtc) by extensions ['colcon_pkg']
[0.212s] Level 1:colcon.colcon_core.package_identification:_identify(src/orion_mtc) by extension 'colcon_pkg'
[0.212s] Level 1:colcon.colcon_core.package_identification:_identify(src/orion_mtc) by extensions ['colcon_meta']
[0.212s] Level 1:colcon.colcon_core.package_identification:_identify(src/orion_mtc) by extension 'colcon_meta'
[0.212s] Level 1:colcon.colcon_core.package_identification:_identify(src/orion_mtc) by extensions ['ros']
[0.212s] Level 1:colcon.colcon_core.package_identification:_identify(src/orion_mtc) by extension 'ros'
[0.213s] DEBUG:colcon.colcon_core.package_identification:Package 'src/orion_mtc' with type 'ros.ament_cmake' and name 'orion_mtc'
[0.214s] Level 1:colcon.colcon_core.package_identification:_identify(src/orion_pybullet_sim) by extensions ['ignore', 'ignore_ament_install']
[0.214s] Level 1:colcon.colcon_core.package_identification:_identify(src/orion_pybullet_sim) by extension 'ignore'
[0.214s] Level 1:colcon.colcon_core.package_identification:_identify(src/orion_pybullet_sim) by extension 'ignore_ament_install'
[0.214s] Level 1:colcon.colcon_core.package_identification:_identify(src/orion_pybullet_sim) by extensions ['colcon_pkg']
[0.214s] Level 1:colcon.colcon_core.package_identification:_identify(src/orion_pybullet_sim) by extension 'colcon_pkg'
[0.214s] Level 1:colcon.colcon_core.package_identification:_identify(src/orion_pybullet_sim) by extensions ['colcon_meta']
[0.214s] Level 1:colcon.colcon_core.package_identification:_identify(src/orion_pybullet_sim) by extension 'colcon_meta'
[0.214s] Level 1:colcon.colcon_core.package_identification:_identify(src/orion_pybullet_sim) by extensions ['ros']
[0.214s] Level 1:colcon.colcon_core.package_identification:_identify(src/orion_pybullet_sim) by extension 'ros'
[0.215s] DEBUG:colcon.colcon_core.package_identification:Package 'src/orion_pybullet_sim' with type 'ros.ament_python' and name 'orion_pybullet_sim'
[0.215s] Level 1:colcon.colcon_core.package_discovery:discover_packages(recursive) using defaults
[0.215s] Level 1:colcon.colcon_core.package_discovery:discover_packages(ignore) discover
[0.215s] Level 1:colcon.colcon_core.package_discovery:discover_packages(ignore) using defaults
[0.215s] Level 1:colcon.colcon_core.package_discovery:discover_packages(path) discover
[0.215s] Level 1:colcon.colcon_core.package_discovery:discover_packages(path) using defaults
[0.229s] Level 1:colcon.colcon_core.package_discovery:discover_packages(prefix_path) check parameters
[0.229s] Level 1:colcon.colcon_core.package_discovery:discover_packages(prefix_path) discover
[0.231s] DEBUG:colcon.colcon_installed_package_information.package_discovery:Found 429 installed packages in /opt/ros/humble
[0.232s] Level 1:colcon.colcon_core.package_discovery:discover_packages(prefix_path) using defaults
[0.262s] Level 5:colcon.colcon_core.verb:set package 'orion_description' build argument 'cmake_args' from command line to 'None'
[0.262s] Level 5:colcon.colcon_core.verb:set package 'orion_description' build argument 'cmake_target' from command line to 'None'
[0.262s] Level 5:colcon.colcon_core.verb:set package 'orion_description' build argument 'cmake_target_skip_unavailable' from command line to 'False'
[0.262s] Level 5:colcon.colcon_core.verb:set package 'orion_description' build argument 'cmake_clean_cache' from command line to 'False'
[0.262s] Level 5:colcon.colcon_core.verb:set package 'orion_description' build argument 'cmake_clean_first' from command line to 'False'
[0.262s] Level 5:colcon.colcon_core.verb:set package 'orion_description' build argument 'cmake_force_configure' from command line to 'False'
[0.262s] Level 5:colcon.colcon_core.verb:set package 'orion_description' build argument 'ament_cmake_args' from command line to 'None'
[0.262s] Level 5:colcon.colcon_core.verb:set package 'orion_description' build argument 'catkin_cmake_args' from command line to 'None'
[0.262s] Level 5:colcon.colcon_core.verb:set package 'orion_description' build argument 'catkin_skip_building_tests' from command line to 'False'
[0.262s] DEBUG:colcon.colcon_core.verb:Building package 'orion_description' with the following arguments: {'ament_cmake_args': None, 'build_base': '/home/huzy/My_orion/build/orion_description', 'catkin_cmake_args': None, 'catkin_skip_building_tests': False, 'cmake_args': None, 'cmake_clean_cache': False, 'cmake_clean_first': False, 'cmake_force_configure': False, 'cmake_target': None, 'cmake_target_skip_unavailable': False, 'install_base': '/home/huzy/My_orion/install/orion_description', 'merge_install': False, 'path': '/home/huzy/My_orion/src/orion_description', 'symlink_install': False, 'test_result_base': None}
[0.262s] Level 5:colcon.colcon_core.verb:set package 'orion_holoocean_bridge' build argument 'cmake_args' from command line to 'None'
[0.262s] Level 5:colcon.colcon_core.verb:set package 'orion_holoocean_bridge' build argument 'cmake_target' from command line to 'None'
[0.262s] Level 5:colcon.colcon_core.verb:set package 'orion_holoocean_bridge' build argument 'cmake_target_skip_unavailable' from command line to 'False'
[0.262s] Level 5:colcon.colcon_core.verb:set package 'orion_holoocean_bridge' build argument 'cmake_clean_cache' from command line to 'False'
[0.262s] Level 5:colcon.colcon_core.verb:set package 'orion_holoocean_bridge' build argument 'cmake_clean_first' from command line to 'False'
[0.262s] Level 5:colcon.colcon_core.verb:set package 'orion_holoocean_bridge' build argument 'cmake_force_configure' from command line to 'False'
[0.262s] Level 5:colcon.colcon_core.verb:set package 'orion_holoocean_bridge' build argument 'ament_cmake_args' from command line to 'None'
[0.262s] Level 5:colcon.colcon_core.verb:set package 'orion_holoocean_bridge' build argument 'catkin_cmake_args' from command line to 'None'
[0.262s] Level 5:colcon.colcon_core.verb:set package 'orion_holoocean_bridge' build argument 'catkin_skip_building_tests' from command line to 'False'
[0.262s] DEBUG:colcon.colcon_core.verb:Building package 'orion_holoocean_bridge' with the following arguments: {'ament_cmake_args': None, 'build_base': '/home/huzy/My_orion/build/orion_holoocean_bridge', 'catkin_cmake_args': None, 'catkin_skip_building_tests': False, 'cmake_args': None, 'cmake_clean_cache': False, 'cmake_clean_first': False, 'cmake_force_configure': False, 'cmake_target': None, 'cmake_target_skip_unavailable': False, 'install_base': '/home/huzy/My_orion/install/orion_holoocean_bridge', 'merge_install': False, 'path': '/home/huzy/My_orion/src/orion_holoocean_bridge', 'symlink_install': False, 'test_result_base': None}
[0.263s] Level 5:colcon.colcon_core.verb:set package 'orion_moveit_config' build argument 'cmake_args' from command line to 'None'
[0.263s] Level 5:colcon.colcon_core.verb:set package 'orion_moveit_config' build argument 'cmake_target' from command line to 'None'
[0.263s] Level 5:colcon.colcon_core.verb:set package 'orion_moveit_config' build argument 'cmake_target_skip_unavailable' from command line to 'False'
[0.263s] Level 5:colcon.colcon_core.verb:set package 'orion_moveit_config' build argument 'cmake_clean_cache' from command line to 'False'
[0.263s] Level 5:colcon.colcon_core.verb:set package 'orion_moveit_config' build argument 'cmake_clean_first' from command line to 'False'
[0.263s] Level 5:colcon.colcon_core.verb:set package 'orion_moveit_config' build argument 'cmake_force_configure' from command line to 'False'
[0.263s] Level 5:colcon.colcon_core.verb:set package 'orion_moveit_config' build argument 'ament_cmake_args' from command line to 'None'
[0.263s] Level 5:colcon.colcon_core.verb:set package 'orion_moveit_config' build argument 'catkin_cmake_args' from command line to 'None'
[0.263s] Level 5:colcon.colcon_core.verb:set package 'orion_moveit_config' build argument 'catkin_skip_building_tests' from command line to 'False'
[0.263s] DEBUG:colcon.colcon_core.verb:Building package 'orion_moveit_config' with the following arguments: {'ament_cmake_args': None, 'build_base': '/home/huzy/My_orion/build/orion_moveit_config', 'catkin_cmake_args': None, 'catkin_skip_building_tests': False, 'cmake_args': None, 'cmake_clean_cache': False, 'cmake_clean_first': False, 'cmake_force_configure': False, 'cmake_target': None, 'cmake_target_skip_unavailable': False, 'install_base': '/home/huzy/My_orion/install/orion_moveit_config', 'merge_install': False, 'path': '/home/huzy/My_orion/src/orion_moveit_config', 'symlink_install': False, 'test_result_base': None}
[0.263s] Level 5:colcon.colcon_core.verb:set package 'orion_pybullet_sim' build argument 'cmake_args' from command line to 'None'
[0.263s] Level 5:colcon.colcon_core.verb:set package 'orion_pybullet_sim' build argument 'cmake_target' from command line to 'None'
[0.263s] Level 5:colcon.colcon_core.verb:set package 'orion_pybullet_sim' build argument 'cmake_target_skip_unavailable' from command line to 'False'
[0.263s] Level 5:colcon.colcon_core.verb:set package 'orion_pybullet_sim' build argument 'cmake_clean_cache' from command line to 'False'
[0.263s] Level 5:colcon.colcon_core.verb:set package 'orion_pybullet_sim' build argument 'cmake_clean_first' from command line to 'False'
[0.263s] Level 5:colcon.colcon_core.verb:set package 'orion_pybullet_sim' build argument 'cmake_force_configure' from command line to 'False'
[0.263s] Level 5:colcon.colcon_core.verb:set package 'orion_pybullet_sim' build argument 'ament_cmake_args' from command line to 'None'
[0.263s] Level 5:colcon.colcon_core.verb:set package 'orion_pybullet_sim' build argument 'catkin_cmake_args' from command line to 'None'
[0.263s] Level 5:colcon.colcon_core.verb:set package 'orion_pybullet_sim' build argument 'catkin_skip_building_tests' from command line to 'False'
[0.263s] DEBUG:colcon.colcon_core.verb:Building package 'orion_pybullet_sim' with the following arguments: {'ament_cmake_args': None, 'build_base': '/home/huzy/My_orion/build/orion_pybullet_sim', 'catkin_cmake_args': None, 'catkin_skip_building_tests': False, 'cmake_args': None, 'cmake_clean_cache': False, 'cmake_clean_first': False, 'cmake_force_configure': False, 'cmake_target': None, 'cmake_target_skip_unavailable': False, 'install_base': '/home/huzy/My_orion/install/orion_pybullet_sim', 'merge_install': False, 'path': '/home/huzy/My_orion/src/orion_pybullet_sim', 'symlink_install': False, 'test_result_base': None}
[0.263s] Level 5:colcon.colcon_core.verb:set package 'orion_mtc' build argument 'cmake_args' from command line to 'None'
[0.263s] Level 5:colcon.colcon_core.verb:set package 'orion_mtc' build argument 'cmake_target' from command line to 'None'
[0.263s] Level 5:colcon.colcon_core.verb:set package 'orion_mtc' build argument 'cmake_target_skip_unavailable' from command line to 'False'
[0.263s] Level 5:colcon.colcon_core.verb:set package 'orion_mtc' build argument 'cmake_clean_cache' from command line to 'False'
[0.263s] Level 5:colcon.colcon_core.verb:set package 'orion_mtc' build argument 'cmake_clean_first' from command line to 'False'
[0.263s] Level 5:colcon.colcon_core.verb:set package 'orion_mtc' build argument 'cmake_force_configure' from command line to 'False'
[0.263s] Level 5:colcon.colcon_core.verb:set package 'orion_mtc' build argument 'ament_cmake_args' from command line to 'None'
[0.263s] Level 5:colcon.colcon_core.verb:set package 'orion_mtc' build argument 'catkin_cmake_args' from command line to 'None'
[0.263s] Level 5:colcon.colcon_core.verb:set package 'orion_mtc' build argument 'catkin_skip_building_tests' from command line to 'False'
[0.263s] DEBUG:colcon.colcon_core.verb:Building package 'orion_mtc' with the following arguments: {'ament_cmake_args': None, 'build_base': '/home/huzy/My_orion/build/orion_mtc', 'catkin_cmake_args': None, 'catkin_skip_building_tests': False, 'cmake_args': None, 'cmake_clean_cache': False, 'cmake_clean_first': False, 'cmake_force_configure': False, 'cmake_target': None, 'cmake_target_skip_unavailable': False, 'install_base': '/home/huzy/My_orion/install/orion_mtc', 'merge_install': False, 'path': '/home/huzy/My_orion/src/orion_mtc', 'symlink_install': False, 'test_result_base': None}
[0.263s] INFO:colcon.colcon_core.executor:Executing jobs using 'parallel' executor
[0.264s] DEBUG:colcon.colcon_parallel_executor.executor.parallel:run_until_complete
[0.264s] INFO:colcon.colcon_ros.task.ament_cmake.build:Building ROS package in '/home/huzy/My_orion/src/orion_description' with build type 'ament_cmake'
[0.265s] INFO:colcon.colcon_cmake.task.cmake.build:Building CMake package in '/home/huzy/My_orion/src/orion_description'
[0.266s] INFO:colcon.colcon_core.plugin_system:Skipping extension 'colcon_core.shell.bat': Not used on non-Windows systems
[0.266s] INFO:colcon.colcon_core.shell:Skip shell extension 'powershell' for command environment: Not usable outside of PowerShell
[0.266s] DEBUG:colcon.colcon_core.shell:Skip shell extension 'dsv' for command environment
[0.269s] INFO:colcon.colcon_ros.task.ament_python.build:Building ROS package in '/home/huzy/My_orion/src/orion_holoocean_bridge' with build type 'ament_python'
[0.270s] Level 1:colcon.colcon_core.shell:create_environment_hook('orion_holoocean_bridge', 'ament_prefix_path')
[0.270s] INFO:colcon.colcon_core.shell:Creating environment hook '/home/huzy/My_orion/install/orion_holoocean_bridge/share/orion_holoocean_bridge/hook/ament_prefix_path.ps1'
[0.272s] INFO:colcon.colcon_core.shell:Creating environment descriptor '/home/huzy/My_orion/install/orion_holoocean_bridge/share/orion_holoocean_bridge/hook/ament_prefix_path.dsv'
[0.272s] INFO:colcon.colcon_core.shell:Creating environment hook '/home/huzy/My_orion/install/orion_holoocean_bridge/share/orion_holoocean_bridge/hook/ament_prefix_path.sh'
[0.272s] INFO:colcon.colcon_core.shell:Skip shell extension 'powershell' for command environment: Not usable outside of PowerShell
[0.273s] DEBUG:colcon.colcon_core.shell:Skip shell extension 'dsv' for command environment
[0.280s] DEBUG:colcon.colcon_core.event_handler.log_command:Invoking command in '/home/huzy/My_orion/build/orion_description': CMAKE_PREFIX_PATH=/opt/ros/humble /usr/bin/cmake --build /home/huzy/My_orion/build/orion_description -- -j8 -l8
[0.447s] INFO:colcon.colcon_core.task.python.build:Building Python package in '/home/huzy/My_orion/src/orion_holoocean_bridge'
[0.448s] INFO:colcon.colcon_core.shell:Skip shell extension 'powershell' for command environment: Not usable outside of PowerShell
[0.448s] DEBUG:colcon.colcon_core.shell:Skip shell extension 'dsv' for command environment
[0.452s] DEBUG:colcon.colcon_core.event_handler.log_command:Invoked command in '/home/huzy/My_orion/build/orion_description' returned '0': CMAKE_PREFIX_PATH=/opt/ros/humble /usr/bin/cmake --build /home/huzy/My_orion/build/orion_description -- -j8 -l8
[0.462s] DEBUG:colcon.colcon_core.event_handler.log_command:Invoking command in '/home/huzy/My_orion/build/orion_description': CMAKE_PREFIX_PATH=/opt/ros/humble /usr/bin/cmake --install /home/huzy/My_orion/build/orion_description
[0.475s] Level 1:colcon.colcon_core.environment:create_environment_scripts_only(orion_description)
[0.476s] DEBUG:colcon.colcon_core.event_handler.log_command:Invoked command in '/home/huzy/My_orion/build/orion_description' returned '0': CMAKE_PREFIX_PATH=/opt/ros/humble /usr/bin/cmake --install /home/huzy/My_orion/build/orion_description
[0.477s] Level 1:colcon.colcon_core.environment:checking '/home/huzy/My_orion/install/orion_description' for CMake module files
[0.478s] Level 1:colcon.colcon_core.environment:checking '/home/huzy/My_orion/install/orion_description' for CMake config files
[0.478s] Level 1:colcon.colcon_core.shell:create_environment_hook('orion_description', 'cmake_prefix_path')
[0.478s] INFO:colcon.colcon_core.shell:Creating environment hook '/home/huzy/My_orion/install/orion_description/share/orion_description/hook/cmake_prefix_path.ps1'
[0.479s] INFO:colcon.colcon_core.shell:Creating environment descriptor '/home/huzy/My_orion/install/orion_description/share/orion_description/hook/cmake_prefix_path.dsv'
[0.479s] INFO:colcon.colcon_core.shell:Creating environment hook '/home/huzy/My_orion/install/orion_description/share/orion_description/hook/cmake_prefix_path.sh'
[0.480s] Level 1:colcon.colcon_core.environment:checking '/home/huzy/My_orion/install/orion_description/bin'
[0.480s] Level 1:colcon.colcon_core.environment:checking '/home/huzy/My_orion/install/orion_description/lib/pkgconfig/orion_description.pc'
[0.480s] Level 1:colcon.colcon_core.environment:checking '/home/huzy/My_orion/install/orion_description/lib/python3.10/site-packages'
[0.480s] Level 1:colcon.colcon_core.environment:checking '/home/huzy/My_orion/install/orion_description/bin'
[0.480s] INFO:colcon.colcon_core.shell:Creating package script '/home/huzy/My_orion/install/orion_description/share/orion_description/package.ps1'
[0.481s] INFO:colcon.colcon_core.shell:Creating package descriptor '/home/huzy/My_orion/install/orion_description/share/orion_description/package.dsv'
[0.481s] INFO:colcon.colcon_core.shell:Creating package script '/home/huzy/My_orion/install/orion_description/share/orion_description/package.sh'
[0.482s] INFO:colcon.colcon_core.shell:Creating package script '/home/huzy/My_orion/install/orion_description/share/orion_description/package.bash'
[0.482s] INFO:colcon.colcon_core.shell:Creating package script '/home/huzy/My_orion/install/orion_description/share/orion_description/package.zsh'
[0.483s] Level 1:colcon.colcon_core.environment:create_file_with_runtime_dependencies(/home/huzy/My_orion/install/orion_description/share/colcon-core/packages/orion_description)
[0.484s] Level 1:colcon.colcon_core.environment:create_environment_scripts_only(orion_description)
[0.484s] Level 1:colcon.colcon_core.environment:checking '/home/huzy/My_orion/install/orion_description' for CMake module files
[0.485s] Level 1:colcon.colcon_core.environment:checking '/home/huzy/My_orion/install/orion_description' for CMake config files
[0.485s] Level 1:colcon.colcon_core.shell:create_environment_hook('orion_description', 'cmake_prefix_path')
[0.485s] INFO:colcon.colcon_core.shell:Creating environment hook '/home/huzy/My_orion/install/orion_description/share/orion_description/hook/cmake_prefix_path.ps1'
[0.485s] INFO:colcon.colcon_core.shell:Creating environment descriptor '/home/huzy/My_orion/install/orion_description/share/orion_description/hook/cmake_prefix_path.dsv'
[0.485s] INFO:colcon.colcon_core.shell:Creating environment hook '/home/huzy/My_orion/install/orion_description/share/orion_description/hook/cmake_prefix_path.sh'
[0.486s] Level 1:colcon.colcon_core.environment:checking '/home/huzy/My_orion/install/orion_description/bin'
[0.486s] Level 1:colcon.colcon_core.environment:checking '/home/huzy/My_orion/install/orion_description/lib/pkgconfig/orion_description.pc'
[0.486s] Level 1:colcon.colcon_core.environment:checking '/home/huzy/My_orion/install/orion_description/lib/python3.10/site-packages'
[0.486s] Level 1:colcon.colcon_core.environment:checking '/home/huzy/My_orion/install/orion_description/bin'
[0.486s] INFO:colcon.colcon_core.shell:Creating package script '/home/huzy/My_orion/install/orion_description/share/orion_description/package.ps1'
[0.487s] INFO:colcon.colcon_core.shell:Creating package descriptor '/home/huzy/My_orion/install/orion_description/share/orion_description/package.dsv'
[0.487s] INFO:colcon.colcon_core.shell:Creating package script '/home/huzy/My_orion/install/orion_description/share/orion_description/package.sh'
[0.487s] INFO:colcon.colcon_core.shell:Creating package script '/home/huzy/My_orion/install/orion_description/share/orion_description/package.bash'
[0.487s] INFO:colcon.colcon_core.shell:Creating package script '/home/huzy/My_orion/install/orion_description/share/orion_description/package.zsh'
[0.488s] Level 1:colcon.colcon_core.environment:create_file_with_runtime_dependencies(/home/huzy/My_orion/install/orion_description/share/colcon-core/packages/orion_description)
[0.488s] INFO:colcon.colcon_ros.task.ament_cmake.build:Building ROS package in '/home/huzy/My_orion/src/orion_moveit_config' with build type 'ament_cmake'
[0.488s] INFO:colcon.colcon_cmake.task.cmake.build:Building CMake package in '/home/huzy/My_orion/src/orion_moveit_config'
[0.488s] INFO:colcon.colcon_core.shell:Skip shell extension 'powershell' for command environment: Not usable outside of PowerShell
[0.488s] DEBUG:colcon.colcon_core.shell:Skip shell extension 'dsv' for command environment
[0.499s] DEBUG:colcon.colcon_core.event_handler.log_command:Invoking command in '/home/huzy/My_orion/build/orion_moveit_config': AMENT_PREFIX_PATH=/home/huzy/My_orion/install/orion_description:${AMENT_PREFIX_PATH} CMAKE_PREFIX_PATH=/home/huzy/My_orion/install/orion_description:/opt/ros/humble /usr/bin/cmake --build /home/huzy/My_orion/build/orion_moveit_config -- -j8 -l8
[0.537s] DEBUG:colcon.colcon_core.event_handler.log_command:Invoked command in '/home/huzy/My_orion/build/orion_moveit_config' returned '0': AMENT_PREFIX_PATH=/home/huzy/My_orion/install/orion_description:${AMENT_PREFIX_PATH} CMAKE_PREFIX_PATH=/home/huzy/My_orion/install/orion_description:/opt/ros/humble /usr/bin/cmake --build /home/huzy/My_orion/build/orion_moveit_config -- -j8 -l8
[0.540s] DEBUG:colcon.colcon_core.event_handler.log_command:Invoking command in '/home/huzy/My_orion/build/orion_moveit_config': AMENT_PREFIX_PATH=/home/huzy/My_orion/install/orion_description:${AMENT_PREFIX_PATH} CMAKE_PREFIX_PATH=/home/huzy/My_orion/install/orion_description:/opt/ros/humble /usr/bin/cmake --install /home/huzy/My_orion/build/orion_moveit_config
[0.552s] Level 1:colcon.colcon_core.environment:create_environment_scripts_only(orion_moveit_config)
[0.552s] DEBUG:colcon.colcon_core.event_handler.log_command:Invoked command in '/home/huzy/My_orion/build/orion_moveit_config' returned '0': AMENT_PREFIX_PATH=/home/huzy/My_orion/install/orion_description:${AMENT_PREFIX_PATH} CMAKE_PREFIX_PATH=/home/huzy/My_orion/install/orion_description:/opt/ros/humble /usr/bin/cmake --install /home/huzy/My_orion/build/orion_moveit_config
[0.552s] Level 1:colcon.colcon_core.environment:checking '/home/huzy/My_orion/install/orion_moveit_config' for CMake module files
[0.553s] Level 1:colcon.colcon_core.environment:checking '/home/huzy/My_orion/install/orion_moveit_config' for CMake config files
[0.553s] Level 1:colcon.colcon_core.shell:create_environment_hook('orion_moveit_config', 'cmake_prefix_path')
[0.554s] INFO:colcon.colcon_core.shell:Creating environment hook '/home/huzy/My_orion/install/orion_moveit_config/share/orion_moveit_config/hook/cmake_prefix_path.ps1'
[0.554s] INFO:colcon.colcon_core.shell:Creating environment descriptor '/home/huzy/My_orion/install/orion_moveit_config/share/orion_moveit_config/hook/cmake_prefix_path.dsv'
[0.554s] INFO:colcon.colcon_core.shell:Creating environment hook '/home/huzy/My_orion/install/orion_moveit_config/share/orion_moveit_config/hook/cmake_prefix_path.sh'
[0.555s] Level 1:colcon.colcon_core.environment:checking '/home/huzy/My_orion/install/orion_moveit_config/bin'
[0.555s] Level 1:colcon.colcon_core.environment:checking '/home/huzy/My_orion/install/orion_moveit_config/lib/pkgconfig/orion_moveit_config.pc'
[0.555s] Level 1:colcon.colcon_core.environment:checking '/home/huzy/My_orion/install/orion_moveit_config/lib/python3.10/site-packages'
[0.555s] Level 1:colcon.colcon_core.environment:checking '/home/huzy/My_orion/install/orion_moveit_config/bin'
[0.555s] INFO:colcon.colcon_core.shell:Creating package script '/home/huzy/My_orion/install/orion_moveit_config/share/orion_moveit_config/package.ps1'
[0.556s] INFO:colcon.colcon_core.shell:Creating package descriptor '/home/huzy/My_orion/install/orion_moveit_config/share/orion_moveit_config/package.dsv'
[0.556s] INFO:colcon.colcon_core.shell:Creating package script '/home/huzy/My_orion/install/orion_moveit_config/share/orion_moveit_config/package.sh'
[0.556s] INFO:colcon.colcon_core.shell:Creating package script '/home/huzy/My_orion/install/orion_moveit_config/share/orion_moveit_config/package.bash'
[0.557s] INFO:colcon.colcon_core.shell:Creating package script '/home/huzy/My_orion/install/orion_moveit_config/share/orion_moveit_config/package.zsh'
[0.557s] Level 1:colcon.colcon_core.environment:create_file_with_runtime_dependencies(/home/huzy/My_orion/install/orion_moveit_config/share/colcon-core/packages/orion_moveit_config)
[0.558s] Level 1:colcon.colcon_core.environment:create_environment_scripts_only(orion_moveit_config)
[0.558s] Level 1:colcon.colcon_core.environment:checking '/home/huzy/My_orion/install/orion_moveit_config' for CMake module files
[0.558s] Level 1:colcon.colcon_core.environment:checking '/home/huzy/My_orion/install/orion_moveit_config' for CMake config files
[0.559s] Level 1:colcon.colcon_core.shell:create_environment_hook('orion_moveit_config', 'cmake_prefix_path')
[0.559s] INFO:colcon.colcon_core.shell:Creating environment hook '/home/huzy/My_orion/install/orion_moveit_config/share/orion_moveit_config/hook/cmake_prefix_path.ps1'
[0.559s] INFO:colcon.colcon_core.shell:Creating environment descriptor '/home/huzy/My_orion/install/orion_moveit_config/share/orion_moveit_config/hook/cmake_prefix_path.dsv'
[0.559s] INFO:colcon.colcon_core.shell:Creating environment hook '/home/huzy/My_orion/install/orion_moveit_config/share/orion_moveit_config/hook/cmake_prefix_path.sh'
[0.560s] Level 1:colcon.colcon_core.environment:checking '/home/huzy/My_orion/install/orion_moveit_config/bin'
[0.560s] Level 1:colcon.colcon_core.environment:checking '/home/huzy/My_orion/install/orion_moveit_config/lib/pkgconfig/orion_moveit_config.pc'
[0.560s] Level 1:colcon.colcon_core.environment:checking '/home/huzy/My_orion/install/orion_moveit_config/lib/python3.10/site-packages'
[0.560s] Level 1:colcon.colcon_core.environment:checking '/home/huzy/My_orion/install/orion_moveit_config/bin'
[0.560s] INFO:colcon.colcon_core.shell:Creating package script '/home/huzy/My_orion/install/orion_moveit_config/share/orion_moveit_config/package.ps1'
[0.561s] INFO:colcon.colcon_core.shell:Creating package descriptor '/home/huzy/My_orion/install/orion_moveit_config/share/orion_moveit_config/package.dsv'
[0.561s] INFO:colcon.colcon_core.shell:Creating package script '/home/huzy/My_orion/install/orion_moveit_config/share/orion_moveit_config/package.sh'
[0.561s] INFO:colcon.colcon_core.shell:Creating package script '/home/huzy/My_orion/install/orion_moveit_config/share/orion_moveit_config/package.bash'
[0.562s] INFO:colcon.colcon_core.shell:Creating package script '/home/huzy/My_orion/install/orion_moveit_config/share/orion_moveit_config/package.zsh'
[0.563s] Level 1:colcon.colcon_core.environment:create_file_with_runtime_dependencies(/home/huzy/My_orion/install/orion_moveit_config/share/colcon-core/packages/orion_moveit_config)
[0.563s] INFO:colcon.colcon_ros.task.ament_python.build:Building ROS package in '/home/huzy/My_orion/src/orion_pybullet_sim' with build type 'ament_python'
[0.563s] Level 1:colcon.colcon_core.shell:create_environment_hook('orion_pybullet_sim', 'ament_prefix_path')
[0.563s] INFO:colcon.colcon_core.shell:Creating environment hook '/home/huzy/My_orion/install/orion_pybullet_sim/share/orion_pybullet_sim/hook/ament_prefix_path.ps1'
[0.565s] INFO:colcon.colcon_core.shell:Creating environment descriptor '/home/huzy/My_orion/install/orion_pybullet_sim/share/orion_pybullet_sim/hook/ament_prefix_path.dsv'
[0.565s] INFO:colcon.colcon_core.shell:Creating environment hook '/home/huzy/My_orion/install/orion_pybullet_sim/share/orion_pybullet_sim/hook/ament_prefix_path.sh'
[0.566s] INFO:colcon.colcon_core.shell:Skip shell extension 'powershell' for command environment: Not usable outside of PowerShell
[0.566s] DEBUG:colcon.colcon_core.shell:Skip shell extension 'dsv' for command environment
[0.755s] INFO:colcon.colcon_core.task.python.build:Building Python package in '/home/huzy/My_orion/src/orion_pybullet_sim'
[0.755s] INFO:colcon.colcon_core.shell:Skip shell extension 'powershell' for command environment: Not usable outside of PowerShell
[0.756s] DEBUG:colcon.colcon_core.shell:Skip shell extension 'dsv' for command environment
[0.761s] DEBUG:colcon.colcon_core.event_handler.log_command:Invoking command in '/home/huzy/My_orion/src/orion_holoocean_bridge': PYTHONPATH=/home/huzy/My_orion/build/orion_holoocean_bridge/prefix_override:/usr/lib/python3/dist-packages/colcon_core/task/python/colcon_distutils_commands:/home/huzy/My_orion/install/orion_holoocean_bridge/lib/python3.10/site-packages:${PYTHONPATH} /usr/bin/python3 -W ignore:setup.py install is deprecated -W ignore:easy_install command is deprecated setup.py egg_info --egg-base ../../build/orion_holoocean_bridge build --build-base /home/huzy/My_orion/build/orion_holoocean_bridge/build install --record /home/huzy/My_orion/build/orion_holoocean_bridge/install.log --single-version-externally-managed install_data
[0.993s] Level 1:colcon.colcon_core.environment:checking '/home/huzy/My_orion/install/orion_holoocean_bridge' for CMake module files
[0.993s] DEBUG:colcon.colcon_core.event_handler.log_command:Invoked command in '/home/huzy/My_orion/src/orion_holoocean_bridge' returned '0': PYTHONPATH=/home/huzy/My_orion/build/orion_holoocean_bridge/prefix_override:/usr/lib/python3/dist-packages/colcon_core/task/python/colcon_distutils_commands:/home/huzy/My_orion/install/orion_holoocean_bridge/lib/python3.10/site-packages:${PYTHONPATH} /usr/bin/python3 -W ignore:setup.py install is deprecated -W ignore:easy_install command is deprecated setup.py egg_info --egg-base ../../build/orion_holoocean_bridge build --build-base /home/huzy/My_orion/build/orion_holoocean_bridge/build install --record /home/huzy/My_orion/build/orion_holoocean_bridge/install.log --single-version-externally-managed install_data
[0.994s] Level 1:colcon.colcon_core.environment:checking '/home/huzy/My_orion/install/orion_holoocean_bridge' for CMake config files
[0.996s] Level 1:colcon.colcon_core.environment:checking '/home/huzy/My_orion/install/orion_holoocean_bridge/lib'
[0.996s] Level 1:colcon.colcon_core.environment:checking '/home/huzy/My_orion/install/orion_holoocean_bridge/bin'
[0.996s] Level 1:colcon.colcon_core.environment:checking '/home/huzy/My_orion/install/orion_holoocean_bridge/lib/pkgconfig/orion_holoocean_bridge.pc'
[0.996s] Level 1:colcon.colcon_core.environment:checking '/home/huzy/My_orion/install/orion_holoocean_bridge/lib/python3.10/site-packages'
[0.996s] Level 1:colcon.colcon_core.shell:create_environment_hook('orion_holoocean_bridge', 'pythonpath')
[0.996s] INFO:colcon.colcon_core.shell:Creating environment hook '/home/huzy/My_orion/install/orion_holoocean_bridge/share/orion_holoocean_bridge/hook/pythonpath.ps1'
[0.997s] INFO:colcon.colcon_core.shell:Creating environment descriptor '/home/huzy/My_orion/install/orion_holoocean_bridge/share/orion_holoocean_bridge/hook/pythonpath.dsv'
[0.997s] INFO:colcon.colcon_core.shell:Creating environment hook '/home/huzy/My_orion/install/orion_holoocean_bridge/share/orion_holoocean_bridge/hook/pythonpath.sh'
[0.998s] Level 1:colcon.colcon_core.environment:checking '/home/huzy/My_orion/install/orion_holoocean_bridge/bin'
[0.998s] Level 1:colcon.colcon_core.environment:create_environment_scripts_only(orion_holoocean_bridge)
[0.998s] INFO:colcon.colcon_core.shell:Creating package script '/home/huzy/My_orion/install/orion_holoocean_bridge/share/orion_holoocean_bridge/package.ps1'
[0.998s] INFO:colcon.colcon_core.shell:Creating package descriptor '/home/huzy/My_orion/install/orion_holoocean_bridge/share/orion_holoocean_bridge/package.dsv'
[0.999s] INFO:colcon.colcon_core.shell:Creating package script '/home/huzy/My_orion/install/orion_holoocean_bridge/share/orion_holoocean_bridge/package.sh'
[0.999s] INFO:colcon.colcon_core.shell:Creating package script '/home/huzy/My_orion/install/orion_holoocean_bridge/share/orion_holoocean_bridge/package.bash'
[0.999s] INFO:colcon.colcon_core.shell:Creating package script '/home/huzy/My_orion/install/orion_holoocean_bridge/share/orion_holoocean_bridge/package.zsh'
[1.000s] Level 1:colcon.colcon_core.environment:create_file_with_runtime_dependencies(/home/huzy/My_orion/install/orion_holoocean_bridge/share/colcon-core/packages/orion_holoocean_bridge)
[1.005s] DEBUG:colcon.colcon_core.event_handler.log_command:Invoking command in '/home/huzy/My_orion/src/orion_pybullet_sim': AMENT_PREFIX_PATH=/home/huzy/My_orion/install/orion_moveit_config:/home/huzy/My_orion/install/orion_description:${AMENT_PREFIX_PATH} CMAKE_PREFIX_PATH=/home/huzy/My_orion/install/orion_moveit_config:/home/huzy/My_orion/install/orion_description PYTHONPATH=/home/huzy/My_orion/build/orion_pybullet_sim/prefix_override:/usr/lib/python3/dist-packages/colcon_core/task/python/colcon_distutils_commands:/home/huzy/My_orion/install/orion_pybullet_sim/lib/python3.10/site-packages:${PYTHONPATH} /usr/bin/python3 -W ignore:setup.py install is deprecated -W ignore:easy_install command is deprecated setup.py egg_info --egg-base ../../build/orion_pybullet_sim build --build-base /home/huzy/My_orion/build/orion_pybullet_sim/build install --record /home/huzy/My_orion/build/orion_pybullet_sim/install.log --single-version-externally-managed install_data
[1.202s] Level 1:colcon.colcon_core.environment:checking '/home/huzy/My_orion/install/orion_pybullet_sim' for CMake module files
[1.202s] DEBUG:colcon.colcon_core.event_handler.log_command:Invoked command in '/home/huzy/My_orion/src/orion_pybullet_sim' returned '0': AMENT_PREFIX_PATH=/home/huzy/My_orion/install/orion_moveit_config:/home/huzy/My_orion/install/orion_description:${AMENT_PREFIX_PATH} CMAKE_PREFIX_PATH=/home/huzy/My_orion/install/orion_moveit_config:/home/huzy/My_orion/install/orion_description PYTHONPATH=/home/huzy/My_orion/build/orion_pybullet_sim/prefix_override:/usr/lib/python3/dist-packages/colcon_core/task/python/colcon_distutils_commands:/home/huzy/My_orion/install/orion_pybullet_sim/lib/python3.10/site-packages:${PYTHONPATH} /usr/bin/python3 -W ignore:setup.py install is deprecated -W ignore:easy_install command is deprecated setup.py egg_info --egg-base ../../build/orion_pybullet_sim build --build-base /home/huzy/My_orion/build/orion_pybullet_sim/build install --record /home/huzy/My_orion/build/orion_pybullet_sim/install.log --single-version-externally-managed install_data
[1.203s] Level 1:colcon.colcon_core.environment:checking '/home/huzy/My_orion/install/orion_pybullet_sim' for CMake config files
[1.204s] Level 1:colcon.colcon_core.environment:checking '/home/huzy/My_orion/install/orion_pybullet_sim/lib'
[1.204s] Level 1:colcon.colcon_core.environment:checking '/home/huzy/My_orion/install/orion_pybullet_sim/bin'
[1.204s] Level 1:colcon.colcon_core.environment:checking '/home/huzy/My_orion/install/orion_pybullet_sim/lib/pkgconfig/orion_pybullet_sim.pc'
[1.205s] Level 1:colcon.colcon_core.environment:checking '/home/huzy/My_orion/install/orion_pybullet_sim/lib/python3.10/site-packages'
[1.205s] Level 1:colcon.colcon_core.shell:create_environment_hook('orion_pybullet_sim', 'pythonpath')
[1.205s] INFO:colcon.colcon_core.shell:Creating environment hook '/home/huzy/My_orion/install/orion_pybullet_sim/share/orion_pybullet_sim/hook/pythonpath.ps1'
[1.205s] INFO:colcon.colcon_core.shell:Creating environment descriptor '/home/huzy/My_orion/install/orion_pybullet_sim/share/orion_pybullet_sim/hook/pythonpath.dsv'
[1.206s] INFO:colcon.colcon_core.shell:Creating environment hook '/home/huzy/My_orion/install/orion_pybullet_sim/share/orion_pybullet_sim/hook/pythonpath.sh'
[1.206s] Level 1:colcon.colcon_core.environment:checking '/home/huzy/My_orion/install/orion_pybullet_sim/bin'
[1.206s] Level 1:colcon.colcon_core.environment:create_environment_scripts_only(orion_pybullet_sim)
[1.206s] INFO:colcon.colcon_core.shell:Creating package script '/home/huzy/My_orion/install/orion_pybullet_sim/share/orion_pybullet_sim/package.ps1'
[1.207s] INFO:colcon.colcon_core.shell:Creating package descriptor '/home/huzy/My_orion/install/orion_pybullet_sim/share/orion_pybullet_sim/package.dsv'
[1.207s] INFO:colcon.colcon_core.shell:Creating package script '/home/huzy/My_orion/install/orion_pybullet_sim/share/orion_pybullet_sim/package.sh'
[1.207s] INFO:colcon.colcon_core.shell:Creating package script '/home/huzy/My_orion/install/orion_pybullet_sim/share/orion_pybullet_sim/package.bash'
[1.208s] INFO:colcon.colcon_core.shell:Creating package script '/home/huzy/My_orion/install/orion_pybullet_sim/share/orion_pybullet_sim/package.zsh'
[1.208s] Level 1:colcon.colcon_core.environment:create_file_with_runtime_dependencies(/home/huzy/My_orion/install/orion_pybullet_sim/share/colcon-core/packages/orion_pybullet_sim)
[1.208s] INFO:colcon.colcon_ros.task.ament_cmake.build:Building ROS package in '/home/huzy/My_orion/src/orion_mtc' with build type 'ament_cmake'
[1.209s] INFO:colcon.colcon_cmake.task.cmake.build:Building CMake package in '/home/huzy/My_orion/src/orion_mtc'
[1.209s] INFO:colcon.colcon_core.shell:Skip shell extension 'powershell' for command environment: Not usable outside of PowerShell
[1.209s] DEBUG:colcon.colcon_core.shell:Skip shell extension 'dsv' for command environment
[1.220s] DEBUG:colcon.colcon_core.event_handler.log_command:Invoking command in '/home/huzy/My_orion/build/orion_mtc': AMENT_PREFIX_PATH=/home/huzy/My_orion/install/orion_pybullet_sim:/home/huzy/My_orion/install/orion_moveit_config:/home/huzy/My_orion/install/orion_holoocean_bridge:/home/huzy/My_orion/install/orion_description:${AMENT_PREFIX_PATH} CMAKE_PREFIX_PATH=/home/huzy/My_orion/install/orion_moveit_config:/home/huzy/My_orion/install/orion_description:/opt/ros/humble PYTHONPATH=/home/huzy/My_orion/install/orion_pybullet_sim/lib/python3.10/site-packages:/home/huzy/My_orion/install/orion_holoocean_bridge/lib/python3.10/site-packages:${PYTHONPATH} /usr/bin/cmake --build /home/huzy/My_orion/build/orion_mtc -- -j8 -l8
[1.405s] DEBUG:colcon.colcon_core.event_handler.log_command:Invoked command in '/home/huzy/My_orion/build/orion_mtc' returned '0': AMENT_PREFIX_PATH=/home/huzy/My_orion/install/orion_pybullet_sim:/home/huzy/My_orion/install/orion_moveit_config:/home/huzy/My_orion/install/orion_holoocean_bridge:/home/huzy/My_orion/install/orion_description:${AMENT_PREFIX_PATH} CMAKE_PREFIX_PATH=/home/huzy/My_orion/install/orion_moveit_config:/home/huzy/My_orion/install/orion_description:/opt/ros/humble PYTHONPATH=/home/huzy/My_orion/install/orion_pybullet_sim/lib/python3.10/site-packages:/home/huzy/My_orion/install/orion_holoocean_bridge/lib/python3.10/site-packages:${PYTHONPATH} /usr/bin/cmake --build /home/huzy/My_orion/build/orion_mtc -- -j8 -l8
[1.407s] DEBUG:colcon.colcon_core.event_handler.log_command:Invoking command in '/home/huzy/My_orion/build/orion_mtc': AMENT_PREFIX_PATH=/home/huzy/My_orion/install/orion_pybullet_sim:/home/huzy/My_orion/install/orion_moveit_config:/home/huzy/My_orion/install/orion_holoocean_bridge:/home/huzy/My_orion/install/orion_description:${AMENT_PREFIX_PATH} CMAKE_PREFIX_PATH=/home/huzy/My_orion/install/orion_moveit_config:/home/huzy/My_orion/install/orion_description:/opt/ros/humble PYTHONPATH=/home/huzy/My_orion/install/orion_pybullet_sim/lib/python3.10/site-packages:/home/huzy/My_orion/install/orion_holoocean_bridge/lib/python3.10/site-packages:${PYTHONPATH} /usr/bin/cmake --install /home/huzy/My_orion/build/orion_mtc
[1.422s] Level 1:colcon.colcon_core.environment:create_environment_scripts_only(orion_mtc)
[1.422s] Level 1:colcon.colcon_core.environment:checking '/home/huzy/My_orion/install/orion_mtc' for CMake module files
[1.423s] DEBUG:colcon.colcon_core.event_handler.log_command:Invoked command in '/home/huzy/My_orion/build/orion_mtc' returned '0': AMENT_PREFIX_PATH=/home/huzy/My_orion/install/orion_pybullet_sim:/home/huzy/My_orion/install/orion_moveit_config:/home/huzy/My_orion/install/orion_holoocean_bridge:/home/huzy/My_orion/install/orion_description:${AMENT_PREFIX_PATH} CMAKE_PREFIX_PATH=/home/huzy/My_orion/install/orion_moveit_config:/home/huzy/My_orion/install/orion_description:/opt/ros/humble PYTHONPATH=/home/huzy/My_orion/install/orion_pybullet_sim/lib/python3.10/site-packages:/home/huzy/My_orion/install/orion_holoocean_bridge/lib/python3.10/site-packages:${PYTHONPATH} /usr/bin/cmake --install /home/huzy/My_orion/build/orion_mtc
[1.423s] Level 1:colcon.colcon_core.environment:checking '/home/huzy/My_orion/install/orion_mtc' for CMake config files
[1.424s] Level 1:colcon.colcon_core.shell:create_environment_hook('orion_mtc', 'cmake_prefix_path')
[1.424s] INFO:colcon.colcon_core.shell:Creating environment hook '/home/huzy/My_orion/install/orion_mtc/share/orion_mtc/hook/cmake_prefix_path.ps1'
[1.425s] INFO:colcon.colcon_core.shell:Creating environment descriptor '/home/huzy/My_orion/install/orion_mtc/share/orion_mtc/hook/cmake_prefix_path.dsv'
[1.425s] INFO:colcon.colcon_core.shell:Creating environment hook '/home/huzy/My_orion/install/orion_mtc/share/orion_mtc/hook/cmake_prefix_path.sh'
[1.426s] Level 1:colcon.colcon_core.environment:checking '/home/huzy/My_orion/install/orion_mtc/lib'
[1.426s] Level 1:colcon.colcon_core.environment:checking '/home/huzy/My_orion/install/orion_mtc/bin'
[1.426s] Level 1:colcon.colcon_core.environment:checking '/home/huzy/My_orion/install/orion_mtc/lib/pkgconfig/orion_mtc.pc'
[1.426s] Level 1:colcon.colcon_core.environment:checking '/home/huzy/My_orion/install/orion_mtc/lib/python3.10/site-packages'
[1.426s] Level 1:colcon.colcon_core.environment:checking '/home/huzy/My_orion/install/orion_mtc/bin'
[1.426s] INFO:colcon.colcon_core.shell:Creating package script '/home/huzy/My_orion/install/orion_mtc/share/orion_mtc/package.ps1'
[1.427s] INFO:colcon.colcon_core.shell:Creating package descriptor '/home/huzy/My_orion/install/orion_mtc/share/orion_mtc/package.dsv'
[1.427s] INFO:colcon.colcon_core.shell:Creating package script '/home/huzy/My_orion/install/orion_mtc/share/orion_mtc/package.sh'
[1.427s] INFO:colcon.colcon_core.shell:Creating package script '/home/huzy/My_orion/install/orion_mtc/share/orion_mtc/package.bash'
[1.428s] INFO:colcon.colcon_core.shell:Creating package script '/home/huzy/My_orion/install/orion_mtc/share/orion_mtc/package.zsh'
[1.428s] Level 1:colcon.colcon_core.environment:create_file_with_runtime_dependencies(/home/huzy/My_orion/install/orion_mtc/share/colcon-core/packages/orion_mtc)
[1.429s] Level 1:colcon.colcon_core.environment:create_environment_scripts_only(orion_mtc)
[1.429s] Level 1:colcon.colcon_core.environment:checking '/home/huzy/My_orion/install/orion_mtc' for CMake module files
[1.429s] Level 1:colcon.colcon_core.environment:checking '/home/huzy/My_orion/install/orion_mtc' for CMake config files
[1.429s] Level 1:colcon.colcon_core.shell:create_environment_hook('orion_mtc', 'cmake_prefix_path')
[1.429s] INFO:colcon.colcon_core.shell:Creating environment hook '/home/huzy/My_orion/install/orion_mtc/share/orion_mtc/hook/cmake_prefix_path.ps1'
[1.430s] INFO:colcon.colcon_core.shell:Creating environment descriptor '/home/huzy/My_orion/install/orion_mtc/share/orion_mtc/hook/cmake_prefix_path.dsv'
[1.430s] INFO:colcon.colcon_core.shell:Creating environment hook '/home/huzy/My_orion/install/orion_mtc/share/orion_mtc/hook/cmake_prefix_path.sh'
[1.430s] Level 1:colcon.colcon_core.environment:checking '/home/huzy/My_orion/install/orion_mtc/lib'
[1.430s] Level 1:colcon.colcon_core.environment:checking '/home/huzy/My_orion/install/orion_mtc/bin'
[1.431s] Level 1:colcon.colcon_core.environment:checking '/home/huzy/My_orion/install/orion_mtc/lib/pkgconfig/orion_mtc.pc'
[1.431s] Level 1:colcon.colcon_core.environment:checking '/home/huzy/My_orion/install/orion_mtc/lib/python3.10/site-packages'
[1.431s] Level 1:colcon.colcon_core.environment:checking '/home/huzy/My_orion/install/orion_mtc/bin'
[1.431s] INFO:colcon.colcon_core.shell:Creating package script '/home/huzy/My_orion/install/orion_mtc/share/orion_mtc/package.ps1'
[1.431s] INFO:colcon.colcon_core.shell:Creating package descriptor '/home/huzy/My_orion/install/orion_mtc/share/orion_mtc/package.dsv'
[1.432s] INFO:colcon.colcon_core.shell:Creating package script '/home/huzy/My_orion/install/orion_mtc/share/orion_mtc/package.sh'
[1.432s] INFO:colcon.colcon_core.shell:Creating package script '/home/huzy/My_orion/install/orion_mtc/share/orion_mtc/package.bash'
[1.432s] INFO:colcon.colcon_core.shell:Creating package script '/home/huzy/My_orion/install/orion_mtc/share/orion_mtc/package.zsh'
[1.433s] Level 1:colcon.colcon_core.environment:create_file_with_runtime_dependencies(/home/huzy/My_orion/install/orion_mtc/share/colcon-core/packages/orion_mtc)
[1.433s] DEBUG:colcon.colcon_parallel_executor.executor.parallel:closing loop
[1.433s] DEBUG:colcon.colcon_parallel_executor.executor.parallel:loop closed
[1.433s] DEBUG:colcon.colcon_parallel_executor.executor.parallel:run_until_complete finished with '0'
[1.434s] DEBUG:colcon.colcon_core.event_reactor:joining thread
[1.438s] INFO:colcon.colcon_core.plugin_system:Skipping extension 'colcon_notification.desktop_notification.terminal_notifier': Not used on non-Darwin systems
[1.438s] INFO:colcon.colcon_core.plugin_system:Skipping extension 'colcon_notification.desktop_notification.win32': Not used on non-Windows systems
[1.438s] INFO:colcon.colcon_notification.desktop_notification:Sending desktop notification using 'notify2'
[1.448s] DEBUG:colcon.colcon_core.event_reactor:joined thread
[1.449s] INFO:colcon.colcon_core.shell:Creating prefix script '/home/huzy/My_orion/install/local_setup.ps1'
[1.450s] INFO:colcon.colcon_core.shell:Creating prefix util module '/home/huzy/My_orion/install/_local_setup_util_ps1.py'
[1.451s] INFO:colcon.colcon_core.shell:Creating prefix chain script '/home/huzy/My_orion/install/setup.ps1'
[1.452s] INFO:colcon.colcon_core.shell:Creating prefix script '/home/huzy/My_orion/install/local_setup.sh'
[1.452s] INFO:colcon.colcon_core.shell:Creating prefix util module '/home/huzy/My_orion/install/_local_setup_util_sh.py'
[1.453s] INFO:colcon.colcon_core.shell:Creating prefix chain script '/home/huzy/My_orion/install/setup.sh'
[1.453s] INFO:colcon.colcon_core.shell:Creating prefix script '/home/huzy/My_orion/install/local_setup.bash'
[1.454s] INFO:colcon.colcon_core.shell:Creating prefix chain script '/home/huzy/My_orion/install/setup.bash'
[1.454s] INFO:colcon.colcon_core.shell:Creating prefix script '/home/huzy/My_orion/install/local_setup.zsh'
[1.455s] INFO:colcon.colcon_core.shell:Creating prefix chain script '/home/huzy/My_orion/install/setup.zsh'
