[0.030s] Invoking command in '/home/huzy/My_orion/build/orion_moveit_config': AMENT_PREFIX_PATH=/home/huzy/My_orion/install/orion_description:${AMENT_PREFIX_PATH} CMAKE_PREFIX_PATH=/home/huzy/My_orion/install/orion_description:/opt/ros/humble /usr/bin/cmake /home/huzy/My_orion/src/orion_moveit_config -DCMAKE_INSTALL_PREFIX=/home/huzy/My_orion/install/orion_moveit_config
[0.187s] -- The C compiler identification is GNU 11.4.0
[0.310s] -- The CXX compiler identification is GNU 11.4.0
[0.328s] -- Detecting C compiler ABI info
[0.560s] -- Detecting C compiler ABI info - done
[0.565s] -- Check for working C compiler: /usr/bin/cc - skipped
[0.565s] -- Detecting C compile features
[0.565s] -- Detecting C compile features - done
[0.568s] -- Detecting CXX compiler ABI info
[0.811s] -- Detecting CXX compiler ABI info - done
[0.818s] -- Check for working CXX compiler: /usr/bin/c++ - skipped
[0.818s] -- Detecting CXX compile features
[0.818s] -- Detecting CXX compile features - done
[0.821s] -- Found ament_cmake: 1.3.12 (/opt/ros/humble/share/ament_cmake/cmake)
[1.045s] -- Found Python3: /usr/bin/python3 (found version "3.10.12") found components: Interpreter 
[1.222s] -- Configuring done
[1.225s] -- Generating done
[1.227s] -- Build files have been written to: /home/huzy/My_orion/build/orion_moveit_config
[1.232s] Invoked command in '/home/huzy/My_orion/build/orion_moveit_config' returned '0': AMENT_PREFIX_PATH=/home/huzy/My_orion/install/orion_description:${AMENT_PREFIX_PATH} CMAKE_PREFIX_PATH=/home/huzy/My_orion/install/orion_description:/opt/ros/humble /usr/bin/cmake /home/huzy/My_orion/src/orion_moveit_config -DCMAKE_INSTALL_PREFIX=/home/huzy/My_orion/install/orion_moveit_config
[1.234s] Invoking command in '/home/huzy/My_orion/build/orion_moveit_config': AMENT_PREFIX_PATH=/home/huzy/My_orion/install/orion_description:${AMENT_PREFIX_PATH} CMAKE_PREFIX_PATH=/home/huzy/My_orion/install/orion_description:/opt/ros/humble /usr/bin/cmake --build /home/huzy/My_orion/build/orion_moveit_config -- -j8 -l8
[1.372s] Invoked command in '/home/huzy/My_orion/build/orion_moveit_config' returned '0': AMENT_PREFIX_PATH=/home/huzy/My_orion/install/orion_description:${AMENT_PREFIX_PATH} CMAKE_PREFIX_PATH=/home/huzy/My_orion/install/orion_description:/opt/ros/humble /usr/bin/cmake --build /home/huzy/My_orion/build/orion_moveit_config -- -j8 -l8
[1.374s] Invoking command in '/home/huzy/My_orion/build/orion_moveit_config': AMENT_PREFIX_PATH=/home/huzy/My_orion/install/orion_description:${AMENT_PREFIX_PATH} CMAKE_PREFIX_PATH=/home/huzy/My_orion/install/orion_description:/opt/ros/humble /usr/bin/cmake --install /home/huzy/My_orion/build/orion_moveit_config
[1.400s] -- Install configuration: ""
[1.400s] -- Installing: /home/huzy/My_orion/install/orion_moveit_config/share/orion_moveit_config/config
[1.401s] -- Installing: /home/huzy/My_orion/install/orion_moveit_config/share/orion_moveit_config/config/ompl_planning.yaml
[1.401s] -- Installing: /home/huzy/My_orion/install/orion_moveit_config/share/orion_moveit_config/config/pilz_industrial_motion_planner_planning.yaml
[1.401s] -- Installing: /home/huzy/My_orion/install/orion_moveit_config/share/orion_moveit_config/config/joint_limits.yaml
[1.401s] -- Installing: /home/huzy/My_orion/install/orion_moveit_config/share/orion_moveit_config/config/pilz_cartesian_limits.yaml
[1.401s] -- Installing: /home/huzy/My_orion/install/orion_moveit_config/share/orion_moveit_config/config/kinematics.yaml
[1.402s] -- Installing: /home/huzy/My_orion/install/orion_moveit_config/share/orion_moveit_config/config/orion.srdf
[1.402s] -- Installing: /home/huzy/My_orion/install/orion_moveit_config/share/orion_moveit_config/config/moveit_controllers.yaml
[1.402s] -- Installing: /home/huzy/My_orion/install/orion_moveit_config/share/orion_moveit_config/config/moveit.rviz
[1.402s] -- Installing: /home/huzy/My_orion/install/orion_moveit_config/share/orion_moveit_config/launch
[1.402s] -- Installing: /home/huzy/My_orion/install/orion_moveit_config/share/orion_moveit_config/launch/demo.launch.py
[1.402s] -- Installing: /home/huzy/My_orion/install/orion_moveit_config/share/ament_index/resource_index/package_run_dependencies/orion_moveit_config
[1.403s] -- Installing: /home/huzy/My_orion/install/orion_moveit_config/share/ament_index/resource_index/parent_prefix_path/orion_moveit_config
[1.403s] -- Installing: /home/huzy/My_orion/install/orion_moveit_config/share/orion_moveit_config/environment/ament_prefix_path.sh
[1.403s] -- Installing: /home/huzy/My_orion/install/orion_moveit_config/share/orion_moveit_config/environment/ament_prefix_path.dsv
[1.403s] -- Installing: /home/huzy/My_orion/install/orion_moveit_config/share/orion_moveit_config/environment/path.sh
[1.403s] -- Installing: /home/huzy/My_orion/install/orion_moveit_config/share/orion_moveit_config/environment/path.dsv
[1.403s] -- Installing: /home/huzy/My_orion/install/orion_moveit_config/share/orion_moveit_config/local_setup.bash
[1.403s] -- Installing: /home/huzy/My_orion/install/orion_moveit_config/share/orion_moveit_config/local_setup.sh
[1.403s] -- Installing: /home/huzy/My_orion/install/orion_moveit_config/share/orion_moveit_config/local_setup.zsh
[1.403s] -- Installing: /home/huzy/My_orion/install/orion_moveit_config/share/orion_moveit_config/local_setup.dsv
[1.403s] -- Installing: /home/huzy/My_orion/install/orion_moveit_config/share/orion_moveit_config/package.dsv
[1.404s] -- Installing: /home/huzy/My_orion/install/orion_moveit_config/share/ament_index/resource_index/packages/orion_moveit_config
[1.404s] -- Installing: /home/huzy/My_orion/install/orion_moveit_config/share/orion_moveit_config/cmake/orion_moveit_configConfig.cmake
[1.404s] -- Installing: /home/huzy/My_orion/install/orion_moveit_config/share/orion_moveit_config/cmake/orion_moveit_configConfig-version.cmake
[1.404s] -- Installing: /home/huzy/My_orion/install/orion_moveit_config/share/orion_moveit_config/package.xml
[1.406s] Invoked command in '/home/huzy/My_orion/build/orion_moveit_config' returned '0': AMENT_PREFIX_PATH=/home/huzy/My_orion/install/orion_description:${AMENT_PREFIX_PATH} CMAKE_PREFIX_PATH=/home/huzy/My_orion/install/orion_description:/opt/ros/humble /usr/bin/cmake --install /home/huzy/My_orion/build/orion_moveit_config
