running develop
Removing /home/huzy/My_orion/install/orion_holoocean_bridge/lib/python3.10/site-packages/orion-holoocean-bridge.egg-link (link to .)
running egg_info
writing ../../build/orion_holoocean_bridge/orion_holoocean_bridge.egg-info/PKG-INFO
writing dependency_links to ../../build/orion_holoocean_bridge/orion_holoocean_bridge.egg-info/dependency_links.txt
writing entry points to ../../build/orion_holoocean_bridge/orion_holoocean_bridge.egg-info/entry_points.txt
writing requirements to ../../build/orion_holoocean_bridge/orion_holoocean_bridge.egg-info/requires.txt
writing top-level names to ../../build/orion_holoocean_bridge/orion_holoocean_bridge.egg-info/top_level.txt
reading manifest file '../../build/orion_holoocean_bridge/orion_holoocean_bridge.egg-info/SOURCES.txt'
writing manifest file '../../build/orion_holoocean_bridge/orion_holoocean_bridge.egg-info/SOURCES.txt'
running build
running build_py
creating /home/huzy/My_orion/build/orion_holoocean_bridge/build
creating /home/huzy/My_orion/build/orion_holoocean_bridge/build/lib
creating /home/huzy/My_orion/build/orion_holoocean_bridge/build/lib/orion_holoocean_bridge
copying orion_holoocean_bridge/__init__.py -> /home/huzy/My_orion/build/orion_holoocean_bridge/build/lib/orion_holoocean_bridge
copying orion_holoocean_bridge/arm_sensor_to_joint_state_node.py -> /home/huzy/My_orion/build/orion_holoocean_bridge/build/lib/orion_holoocean_bridge
running install
running install_lib
creating /home/huzy/My_orion/install/orion_holoocean_bridge/lib/python3.10/site-packages/orion_holoocean_bridge
copying /home/huzy/My_orion/build/orion_holoocean_bridge/build/lib/orion_holoocean_bridge/__init__.py -> /home/huzy/My_orion/install/orion_holoocean_bridge/lib/python3.10/site-packages/orion_holoocean_bridge
copying /home/huzy/My_orion/build/orion_holoocean_bridge/build/lib/orion_holoocean_bridge/arm_sensor_to_joint_state_node.py -> /home/huzy/My_orion/install/orion_holoocean_bridge/lib/python3.10/site-packages/orion_holoocean_bridge
byte-compiling /home/huzy/My_orion/install/orion_holoocean_bridge/lib/python3.10/site-packages/orion_holoocean_bridge/__init__.py to __init__.cpython-310.pyc
byte-compiling /home/huzy/My_orion/install/orion_holoocean_bridge/lib/python3.10/site-packages/orion_holoocean_bridge/arm_sensor_to_joint_state_node.py to arm_sensor_to_joint_state_node.cpython-310.pyc
running install_data
copying resource/orion_holoocean_bridge -> /home/huzy/My_orion/install/orion_holoocean_bridge/share/ament_index/resource_index/packages
copying package.xml -> /home/huzy/My_orion/install/orion_holoocean_bridge/share/orion_holoocean_bridge
copying launch/holoocean_bridge.launch.py -> /home/huzy/My_orion/install/orion_holoocean_bridge/share/orion_holoocean_bridge/launch
copying config/holoocean_bridge_params.yaml -> /home/huzy/My_orion/install/orion_holoocean_bridge/share/orion_holoocean_bridge/config
running install_egg_info
Copying ../../build/orion_holoocean_bridge/orion_holoocean_bridge.egg-info to /home/huzy/My_orion/install/orion_holoocean_bridge/lib/python3.10/site-packages/orion_holoocean_bridge-0.0.1-py3.10.egg-info
running install_scripts
Installing arm_sensor_to_joint_state script to /home/huzy/My_orion/install/orion_holoocean_bridge/lib/orion_holoocean_bridge
writing list of installed files to '/home/huzy/My_orion/build/orion_holoocean_bridge/install.log'
