[0.503s] Invoking command in '/home/huzy/My_orion/build/orion_holoocean_bridge': PYTHONPATH=/home/huzy/My_orion/build/orion_holoocean_bridge/prefix_override:/usr/lib/python3/dist-packages/colcon_core/task/python/colcon_distutils_commands:/home/huzy/My_orion/install/orion_holoocean_bridge/lib/python3.10/site-packages:${PYTHONPATH} /usr/bin/python3 -W ignore:setup.py install is deprecated -W ignore:easy_install command is deprecated setup.py develop --uninstall --editable --build-directory /home/huzy/My_orion/build/orion_holoocean_bridge/build
[0.683s] running develop
[0.813s] Removing /home/huzy/My_orion/install/orion_holoocean_bridge/lib/python3.10/site-packages/orion-holoocean-bridge.egg-link (link to .)
[0.834s] Invoked command in '/home/huzy/My_orion/build/orion_holoocean_bridge' returned '0': PYTHONPATH=/home/huzy/My_orion/build/orion_holoocean_bridge/prefix_override:/usr/lib/python3/dist-packages/colcon_core/task/python/colcon_distutils_commands:/home/huzy/My_orion/install/orion_holoocean_bridge/lib/python3.10/site-packages:${PYTHONPATH} /usr/bin/python3 -W ignore:setup.py install is deprecated -W ignore:easy_install command is deprecated setup.py develop --uninstall --editable --build-directory /home/huzy/My_orion/build/orion_holoocean_bridge/build
[0.835s] Invoking command in '/home/huzy/My_orion/src/orion_holoocean_bridge': PYTHONPATH=/home/huzy/My_orion/build/orion_holoocean_bridge/prefix_override:/usr/lib/python3/dist-packages/colcon_core/task/python/colcon_distutils_commands:/home/huzy/My_orion/install/orion_holoocean_bridge/lib/python3.10/site-packages:${PYTHONPATH} /usr/bin/python3 -W ignore:setup.py install is deprecated -W ignore:easy_install command is deprecated setup.py egg_info --egg-base ../../build/orion_holoocean_bridge build --build-base /home/huzy/My_orion/build/orion_holoocean_bridge/build install --record /home/huzy/My_orion/build/orion_holoocean_bridge/install.log --single-version-externally-managed install_data --force
[1.003s] running egg_info
[1.004s] writing ../../build/orion_holoocean_bridge/orion_holoocean_bridge.egg-info/PKG-INFO
[1.004s] writing dependency_links to ../../build/orion_holoocean_bridge/orion_holoocean_bridge.egg-info/dependency_links.txt
[1.004s] writing entry points to ../../build/orion_holoocean_bridge/orion_holoocean_bridge.egg-info/entry_points.txt
[1.005s] writing requirements to ../../build/orion_holoocean_bridge/orion_holoocean_bridge.egg-info/requires.txt
[1.005s] writing top-level names to ../../build/orion_holoocean_bridge/orion_holoocean_bridge.egg-info/top_level.txt
[1.006s] reading manifest file '../../build/orion_holoocean_bridge/orion_holoocean_bridge.egg-info/SOURCES.txt'
[1.007s] writing manifest file '../../build/orion_holoocean_bridge/orion_holoocean_bridge.egg-info/SOURCES.txt'
[1.007s] running build
[1.007s] running build_py
[1.007s] creating /home/huzy/My_orion/build/orion_holoocean_bridge/build
[1.007s] creating /home/huzy/My_orion/build/orion_holoocean_bridge/build/lib
[1.007s] creating /home/huzy/My_orion/build/orion_holoocean_bridge/build/lib/orion_holoocean_bridge
[1.007s] copying orion_holoocean_bridge/__init__.py -> /home/huzy/My_orion/build/orion_holoocean_bridge/build/lib/orion_holoocean_bridge
[1.007s] copying orion_holoocean_bridge/arm_sensor_to_joint_state_node.py -> /home/huzy/My_orion/build/orion_holoocean_bridge/build/lib/orion_holoocean_bridge
[1.007s] running install
[1.007s] running install_lib
[1.008s] creating /home/huzy/My_orion/install/orion_holoocean_bridge/lib/python3.10/site-packages/orion_holoocean_bridge
[1.008s] copying /home/huzy/My_orion/build/orion_holoocean_bridge/build/lib/orion_holoocean_bridge/__init__.py -> /home/huzy/My_orion/install/orion_holoocean_bridge/lib/python3.10/site-packages/orion_holoocean_bridge
[1.008s] copying /home/huzy/My_orion/build/orion_holoocean_bridge/build/lib/orion_holoocean_bridge/arm_sensor_to_joint_state_node.py -> /home/huzy/My_orion/install/orion_holoocean_bridge/lib/python3.10/site-packages/orion_holoocean_bridge
[1.008s] byte-compiling /home/huzy/My_orion/install/orion_holoocean_bridge/lib/python3.10/site-packages/orion_holoocean_bridge/__init__.py to __init__.cpython-310.pyc
[1.009s] byte-compiling /home/huzy/My_orion/install/orion_holoocean_bridge/lib/python3.10/site-packages/orion_holoocean_bridge/arm_sensor_to_joint_state_node.py to arm_sensor_to_joint_state_node.cpython-310.pyc
[1.009s] running install_data
[1.009s] copying resource/orion_holoocean_bridge -> /home/huzy/My_orion/install/orion_holoocean_bridge/share/ament_index/resource_index/packages
[1.010s] copying package.xml -> /home/huzy/My_orion/install/orion_holoocean_bridge/share/orion_holoocean_bridge
[1.010s] copying launch/holoocean_bridge.launch.py -> /home/huzy/My_orion/install/orion_holoocean_bridge/share/orion_holoocean_bridge/launch
[1.010s] copying config/holoocean_bridge_params.yaml -> /home/huzy/My_orion/install/orion_holoocean_bridge/share/orion_holoocean_bridge/config
[1.010s] running install_egg_info
[1.011s] Copying ../../build/orion_holoocean_bridge/orion_holoocean_bridge.egg-info to /home/huzy/My_orion/install/orion_holoocean_bridge/lib/python3.10/site-packages/orion_holoocean_bridge-0.0.1-py3.10.egg-info
[1.011s] running install_scripts
[1.026s] Installing arm_sensor_to_joint_state script to /home/huzy/My_orion/install/orion_holoocean_bridge/lib/orion_holoocean_bridge
[1.026s] writing list of installed files to '/home/huzy/My_orion/build/orion_holoocean_bridge/install.log'
[1.047s] Invoked command in '/home/huzy/My_orion/src/orion_holoocean_bridge' returned '0': PYTHONPATH=/home/huzy/My_orion/build/orion_holoocean_bridge/prefix_override:/usr/lib/python3/dist-packages/colcon_core/task/python/colcon_distutils_commands:/home/huzy/My_orion/install/orion_holoocean_bridge/lib/python3.10/site-packages:${PYTHONPATH} /usr/bin/python3 -W ignore:setup.py install is deprecated -W ignore:easy_install command is deprecated setup.py egg_info --egg-base ../../build/orion_holoocean_bridge build --build-base /home/huzy/My_orion/build/orion_holoocean_bridge/build install --record /home/huzy/My_orion/build/orion_holoocean_bridge/install.log --single-version-externally-managed install_data --force
