[0.065s] DEBUG:colcon:Command line arguments: ['/usr/bin/colcon', 'build', '--packages-select', 'orion_description', 'orion_moveit_config', 'orion_mtc']
[0.065s] DEBUG:colcon:Parsed command line arguments: Namespace(log_base=None, log_level=None, verb_name='build', build_base='build', install_base='install', merge_install=False, symlink_install=False, test_result_base=None, continue_on_error=False, executor='parallel', parallel_workers=4, event_handlers=None, ignore_user_meta=False, metas=['./colcon.meta'], base_paths=['.'], packages_ignore=None, packages_ignore_regex=None, paths=None, packages_up_to=None, packages_up_to_regex=None, packages_above=None, packages_above_and_dependencies=None, packages_above_depth=None, packages_select_by_dep=None, packages_skip_by_dep=None, packages_skip_up_to=None, packages_select_build_failed=False, packages_skip_build_finished=False, packages_select_test_failures=False, packages_skip_test_passed=False, packages_select=['orion_description', 'orion_moveit_config', 'orion_mtc'], packages_skip=None, packages_select_regex=None, packages_skip_regex=None, packages_start=None, packages_end=None, allow_overriding=[], cmake_args=None, cmake_target=None, cmake_target_skip_unavailable=False, cmake_clean_cache=False, cmake_clean_first=False, cmake_force_configure=False, ament_cmake_args=None, catkin_cmake_args=None, catkin_skip_building_tests=False, mixin_files=None, mixin=None, verb_parser=<colcon_mixin.mixin.mixin_argument.MixinArgumentDecorator object at 0x7e48d6c5d8a0>, verb_extension=<colcon_core.verb.build.BuildVerb object at 0x7e48d6c5d180>, main=<bound method BuildVerb.main of <colcon_core.verb.build.BuildVerb object at 0x7e48d6c5d180>>, mixin_verb=('build',))
[0.142s] Level 1:colcon.colcon_core.package_discovery:discover_packages(colcon_meta) check parameters
[0.142s] Level 1:colcon.colcon_core.package_discovery:discover_packages(recursive) check parameters
[0.142s] Level 1:colcon.colcon_core.package_discovery:discover_packages(ignore) check parameters
[0.142s] Level 1:colcon.colcon_core.package_discovery:discover_packages(path) check parameters
[0.142s] Level 1:colcon.colcon_core.package_discovery:discover_packages(colcon_meta) discover
[0.142s] Level 1:colcon.colcon_core.package_discovery:discover_packages(recursive) discover
[0.142s] INFO:colcon.colcon_core.package_discovery:Crawling recursively for packages in '/home/joey/My_orion'
[0.142s] Level 1:colcon.colcon_core.package_identification:_identify(.) by extensions ['ignore', 'ignore_ament_install']
[0.142s] Level 1:colcon.colcon_core.package_identification:_identify(.) by extension 'ignore'
[0.142s] Level 1:colcon.colcon_core.package_identification:_identify(.) by extension 'ignore_ament_install'
[0.142s] Level 1:colcon.colcon_core.package_identification:_identify(.) by extensions ['colcon_pkg']
[0.142s] Level 1:colcon.colcon_core.package_identification:_identify(.) by extension 'colcon_pkg'
[0.142s] Level 1:colcon.colcon_core.package_identification:_identify(.) by extensions ['colcon_meta']
[0.142s] Level 1:colcon.colcon_core.package_identification:_identify(.) by extension 'colcon_meta'
[0.142s] Level 1:colcon.colcon_core.package_identification:_identify(.) by extensions ['ros']
[0.142s] Level 1:colcon.colcon_core.package_identification:_identify(.) by extension 'ros'
[0.149s] Level 1:colcon.colcon_core.package_identification:_identify(.) by extensions ['cmake', 'python']
[0.149s] Level 1:colcon.colcon_core.package_identification:_identify(.) by extension 'cmake'
[0.149s] Level 1:colcon.colcon_core.package_identification:_identify(.) by extension 'python'
[0.149s] Level 1:colcon.colcon_core.package_identification:_identify(.) by extensions ['python_setup_py']
[0.149s] Level 1:colcon.colcon_core.package_identification:_identify(.) by extension 'python_setup_py'
[0.149s] Level 1:colcon.colcon_core.package_identification:_identify(build) by extensions ['ignore', 'ignore_ament_install']
[0.149s] Level 1:colcon.colcon_core.package_identification:_identify(build) by extension 'ignore'
[0.149s] Level 1:colcon.colcon_core.package_identification:_identify(build) ignored
[0.149s] Level 1:colcon.colcon_core.package_identification:_identify(install) by extensions ['ignore', 'ignore_ament_install']
[0.149s] Level 1:colcon.colcon_core.package_identification:_identify(install) by extension 'ignore'
[0.149s] Level 1:colcon.colcon_core.package_identification:_identify(install) ignored
[0.149s] Level 1:colcon.colcon_core.package_identification:_identify(log) by extensions ['ignore', 'ignore_ament_install']
[0.149s] Level 1:colcon.colcon_core.package_identification:_identify(log) by extension 'ignore'
[0.150s] Level 1:colcon.colcon_core.package_identification:_identify(log) ignored
[0.150s] Level 1:colcon.colcon_core.package_identification:_identify(src) by extensions ['ignore', 'ignore_ament_install']
[0.150s] Level 1:colcon.colcon_core.package_identification:_identify(src) by extension 'ignore'
[0.150s] Level 1:colcon.colcon_core.package_identification:_identify(src) by extension 'ignore_ament_install'
[0.150s] Level 1:colcon.colcon_core.package_identification:_identify(src) by extensions ['colcon_pkg']
[0.150s] Level 1:colcon.colcon_core.package_identification:_identify(src) by extension 'colcon_pkg'
[0.150s] Level 1:colcon.colcon_core.package_identification:_identify(src) by extensions ['colcon_meta']
[0.150s] Level 1:colcon.colcon_core.package_identification:_identify(src) by extension 'colcon_meta'
[0.150s] Level 1:colcon.colcon_core.package_identification:_identify(src) by extensions ['ros']
[0.150s] Level 1:colcon.colcon_core.package_identification:_identify(src) by extension 'ros'
[0.150s] Level 1:colcon.colcon_core.package_identification:_identify(src) by extensions ['cmake', 'python']
[0.150s] Level 1:colcon.colcon_core.package_identification:_identify(src) by extension 'cmake'
[0.150s] Level 1:colcon.colcon_core.package_identification:_identify(src) by extension 'python'
[0.150s] Level 1:colcon.colcon_core.package_identification:_identify(src) by extensions ['python_setup_py']
[0.150s] Level 1:colcon.colcon_core.package_identification:_identify(src) by extension 'python_setup_py'
[0.150s] Level 1:colcon.colcon_core.package_identification:_identify(src/orion_description) by extensions ['ignore', 'ignore_ament_install']
[0.150s] Level 1:colcon.colcon_core.package_identification:_identify(src/orion_description) by extension 'ignore'
[0.150s] Level 1:colcon.colcon_core.package_identification:_identify(src/orion_description) by extension 'ignore_ament_install'
[0.150s] Level 1:colcon.colcon_core.package_identification:_identify(src/orion_description) by extensions ['colcon_pkg']
[0.150s] Level 1:colcon.colcon_core.package_identification:_identify(src/orion_description) by extension 'colcon_pkg'
[0.150s] Level 1:colcon.colcon_core.package_identification:_identify(src/orion_description) by extensions ['colcon_meta']
[0.150s] Level 1:colcon.colcon_core.package_identification:_identify(src/orion_description) by extension 'colcon_meta'
[0.150s] Level 1:colcon.colcon_core.package_identification:_identify(src/orion_description) by extensions ['ros']
[0.150s] Level 1:colcon.colcon_core.package_identification:_identify(src/orion_description) by extension 'ros'
[0.151s] DEBUG:colcon.colcon_core.package_identification:Package 'src/orion_description' with type 'ros.ament_cmake' and name 'orion_description'
[0.151s] Level 1:colcon.colcon_core.package_identification:_identify(src/orion_moveit_config) by extensions ['ignore', 'ignore_ament_install']
[0.152s] Level 1:colcon.colcon_core.package_identification:_identify(src/orion_moveit_config) by extension 'ignore'
[0.152s] Level 1:colcon.colcon_core.package_identification:_identify(src/orion_moveit_config) by extension 'ignore_ament_install'
[0.152s] Level 1:colcon.colcon_core.package_identification:_identify(src/orion_moveit_config) by extensions ['colcon_pkg']
[0.152s] Level 1:colcon.colcon_core.package_identification:_identify(src/orion_moveit_config) by extension 'colcon_pkg'
[0.152s] Level 1:colcon.colcon_core.package_identification:_identify(src/orion_moveit_config) by extensions ['colcon_meta']
[0.152s] Level 1:colcon.colcon_core.package_identification:_identify(src/orion_moveit_config) by extension 'colcon_meta'
[0.152s] Level 1:colcon.colcon_core.package_identification:_identify(src/orion_moveit_config) by extensions ['ros']
[0.152s] Level 1:colcon.colcon_core.package_identification:_identify(src/orion_moveit_config) by extension 'ros'
[0.152s] DEBUG:colcon.colcon_core.package_identification:Package 'src/orion_moveit_config' with type 'ros.ament_cmake' and name 'orion_moveit_config'
[0.152s] Level 1:colcon.colcon_core.package_identification:_identify(src/orion_mtc) by extensions ['ignore', 'ignore_ament_install']
[0.152s] Level 1:colcon.colcon_core.package_identification:_identify(src/orion_mtc) by extension 'ignore'
[0.152s] Level 1:colcon.colcon_core.package_identification:_identify(src/orion_mtc) by extension 'ignore_ament_install'
[0.152s] Level 1:colcon.colcon_core.package_identification:_identify(src/orion_mtc) by extensions ['colcon_pkg']
[0.152s] Level 1:colcon.colcon_core.package_identification:_identify(src/orion_mtc) by extension 'colcon_pkg'
[0.152s] Level 1:colcon.colcon_core.package_identification:_identify(src/orion_mtc) by extensions ['colcon_meta']
[0.152s] Level 1:colcon.colcon_core.package_identification:_identify(src/orion_mtc) by extension 'colcon_meta'
[0.152s] Level 1:colcon.colcon_core.package_identification:_identify(src/orion_mtc) by extensions ['ros']
[0.152s] Level 1:colcon.colcon_core.package_identification:_identify(src/orion_mtc) by extension 'ros'
[0.153s] DEBUG:colcon.colcon_core.package_identification:Package 'src/orion_mtc' with type 'ros.ament_cmake' and name 'orion_mtc'
[0.153s] Level 1:colcon.colcon_core.package_discovery:discover_packages(recursive) using defaults
[0.153s] Level 1:colcon.colcon_core.package_discovery:discover_packages(ignore) discover
[0.153s] Level 1:colcon.colcon_core.package_discovery:discover_packages(ignore) using defaults
[0.153s] Level 1:colcon.colcon_core.package_discovery:discover_packages(path) discover
[0.153s] Level 1:colcon.colcon_core.package_discovery:discover_packages(path) using defaults
[0.171s] Level 1:colcon.colcon_core.package_discovery:discover_packages(prefix_path) check parameters
[0.171s] Level 1:colcon.colcon_core.package_discovery:discover_packages(prefix_path) discover
[0.172s] DEBUG:colcon.colcon_installed_package_information.package_discovery:Found 3 installed packages in /home/joey/My_orion/install
[0.173s] DEBUG:colcon.colcon_installed_package_information.package_discovery:Found 358 installed packages in /opt/ros/humble
[0.174s] Level 1:colcon.colcon_core.package_discovery:discover_packages(prefix_path) using defaults
[0.196s] Level 5:colcon.colcon_core.verb:set package 'orion_description' build argument 'cmake_args' from command line to 'None'
[0.196s] Level 5:colcon.colcon_core.verb:set package 'orion_description' build argument 'cmake_target' from command line to 'None'
[0.196s] Level 5:colcon.colcon_core.verb:set package 'orion_description' build argument 'cmake_target_skip_unavailable' from command line to 'False'
[0.196s] Level 5:colcon.colcon_core.verb:set package 'orion_description' build argument 'cmake_clean_cache' from command line to 'False'
[0.196s] Level 5:colcon.colcon_core.verb:set package 'orion_description' build argument 'cmake_clean_first' from command line to 'False'
[0.196s] Level 5:colcon.colcon_core.verb:set package 'orion_description' build argument 'cmake_force_configure' from command line to 'False'
[0.196s] Level 5:colcon.colcon_core.verb:set package 'orion_description' build argument 'ament_cmake_args' from command line to 'None'
[0.196s] Level 5:colcon.colcon_core.verb:set package 'orion_description' build argument 'catkin_cmake_args' from command line to 'None'
[0.196s] Level 5:colcon.colcon_core.verb:set package 'orion_description' build argument 'catkin_skip_building_tests' from command line to 'False'
[0.196s] DEBUG:colcon.colcon_core.verb:Building package 'orion_description' with the following arguments: {'ament_cmake_args': None, 'build_base': '/home/joey/My_orion/build/orion_description', 'catkin_cmake_args': None, 'catkin_skip_building_tests': False, 'cmake_args': None, 'cmake_clean_cache': False, 'cmake_clean_first': False, 'cmake_force_configure': False, 'cmake_target': None, 'cmake_target_skip_unavailable': False, 'install_base': '/home/joey/My_orion/install/orion_description', 'merge_install': False, 'path': '/home/joey/My_orion/src/orion_description', 'symlink_install': False, 'test_result_base': None}
[0.197s] Level 5:colcon.colcon_core.verb:set package 'orion_moveit_config' build argument 'cmake_args' from command line to 'None'
[0.197s] Level 5:colcon.colcon_core.verb:set package 'orion_moveit_config' build argument 'cmake_target' from command line to 'None'
[0.197s] Level 5:colcon.colcon_core.verb:set package 'orion_moveit_config' build argument 'cmake_target_skip_unavailable' from command line to 'False'
[0.197s] Level 5:colcon.colcon_core.verb:set package 'orion_moveit_config' build argument 'cmake_clean_cache' from command line to 'False'
[0.197s] Level 5:colcon.colcon_core.verb:set package 'orion_moveit_config' build argument 'cmake_clean_first' from command line to 'False'
[0.197s] Level 5:colcon.colcon_core.verb:set package 'orion_moveit_config' build argument 'cmake_force_configure' from command line to 'False'
[0.197s] Level 5:colcon.colcon_core.verb:set package 'orion_moveit_config' build argument 'ament_cmake_args' from command line to 'None'
[0.197s] Level 5:colcon.colcon_core.verb:set package 'orion_moveit_config' build argument 'catkin_cmake_args' from command line to 'None'
[0.197s] Level 5:colcon.colcon_core.verb:set package 'orion_moveit_config' build argument 'catkin_skip_building_tests' from command line to 'False'
[0.197s] DEBUG:colcon.colcon_core.verb:Building package 'orion_moveit_config' with the following arguments: {'ament_cmake_args': None, 'build_base': '/home/joey/My_orion/build/orion_moveit_config', 'catkin_cmake_args': None, 'catkin_skip_building_tests': False, 'cmake_args': None, 'cmake_clean_cache': False, 'cmake_clean_first': False, 'cmake_force_configure': False, 'cmake_target': None, 'cmake_target_skip_unavailable': False, 'install_base': '/home/joey/My_orion/install/orion_moveit_config', 'merge_install': False, 'path': '/home/joey/My_orion/src/orion_moveit_config', 'symlink_install': False, 'test_result_base': None}
[0.197s] Level 5:colcon.colcon_core.verb:set package 'orion_mtc' build argument 'cmake_args' from command line to 'None'
[0.197s] Level 5:colcon.colcon_core.verb:set package 'orion_mtc' build argument 'cmake_target' from command line to 'None'
[0.197s] Level 5:colcon.colcon_core.verb:set package 'orion_mtc' build argument 'cmake_target_skip_unavailable' from command line to 'False'
[0.197s] Level 5:colcon.colcon_core.verb:set package 'orion_mtc' build argument 'cmake_clean_cache' from command line to 'False'
[0.197s] Level 5:colcon.colcon_core.verb:set package 'orion_mtc' build argument 'cmake_clean_first' from command line to 'False'
[0.197s] Level 5:colcon.colcon_core.verb:set package 'orion_mtc' build argument 'cmake_force_configure' from command line to 'False'
[0.197s] Level 5:colcon.colcon_core.verb:set package 'orion_mtc' build argument 'ament_cmake_args' from command line to 'None'
[0.197s] Level 5:colcon.colcon_core.verb:set package 'orion_mtc' build argument 'catkin_cmake_args' from command line to 'None'
[0.197s] Level 5:colcon.colcon_core.verb:set package 'orion_mtc' build argument 'catkin_skip_building_tests' from command line to 'False'
[0.197s] DEBUG:colcon.colcon_core.verb:Building package 'orion_mtc' with the following arguments: {'ament_cmake_args': None, 'build_base': '/home/joey/My_orion/build/orion_mtc', 'catkin_cmake_args': None, 'catkin_skip_building_tests': False, 'cmake_args': None, 'cmake_clean_cache': False, 'cmake_clean_first': False, 'cmake_force_configure': False, 'cmake_target': None, 'cmake_target_skip_unavailable': False, 'install_base': '/home/joey/My_orion/install/orion_mtc', 'merge_install': False, 'path': '/home/joey/My_orion/src/orion_mtc', 'symlink_install': False, 'test_result_base': None}
[0.197s] INFO:colcon.colcon_core.executor:Executing jobs using 'parallel' executor
[0.198s] DEBUG:colcon.colcon_parallel_executor.executor.parallel:run_until_complete
[0.198s] INFO:colcon.colcon_ros.task.ament_cmake.build:Building ROS package in '/home/joey/My_orion/src/orion_description' with build type 'ament_cmake'
[0.198s] INFO:colcon.colcon_cmake.task.cmake.build:Building CMake package in '/home/joey/My_orion/src/orion_description'
[0.199s] INFO:colcon.colcon_core.plugin_system:Skipping extension 'colcon_core.shell.bat': Not used on non-Windows systems
[0.199s] INFO:colcon.colcon_core.shell:Skip shell extension 'powershell' for command environment: Not usable outside of PowerShell
[0.199s] DEBUG:colcon.colcon_core.shell:Skip shell extension 'dsv' for command environment
[0.206s] DEBUG:colcon.colcon_core.event_handler.log_command:Invoking command in '/home/joey/My_orion/build/orion_description': CMAKE_PREFIX_PATH=${CMAKE_PREFIX_PATH}:/opt/ros/humble /usr/bin/cmake --build /home/joey/My_orion/build/orion_description -- -j4 -l4
[0.231s] DEBUG:colcon.colcon_core.event_handler.log_command:Invoked command in '/home/joey/My_orion/build/orion_description' returned '0': CMAKE_PREFIX_PATH=${CMAKE_PREFIX_PATH}:/opt/ros/humble /usr/bin/cmake --build /home/joey/My_orion/build/orion_description -- -j4 -l4
[0.238s] DEBUG:colcon.colcon_core.event_handler.log_command:Invoking command in '/home/joey/My_orion/build/orion_description': CMAKE_PREFIX_PATH=${CMAKE_PREFIX_PATH}:/opt/ros/humble /usr/bin/cmake --install /home/joey/My_orion/build/orion_description
[0.244s] Level 1:colcon.colcon_core.environment:create_environment_scripts_only(orion_description)
[0.244s] DEBUG:colcon.colcon_core.event_handler.log_command:Invoked command in '/home/joey/My_orion/build/orion_description' returned '0': CMAKE_PREFIX_PATH=${CMAKE_PREFIX_PATH}:/opt/ros/humble /usr/bin/cmake --install /home/joey/My_orion/build/orion_description
[0.245s] Level 1:colcon.colcon_core.environment:checking '/home/joey/My_orion/install/orion_description' for CMake module files
[0.245s] Level 1:colcon.colcon_core.environment:checking '/home/joey/My_orion/install/orion_description' for CMake config files
[0.246s] Level 1:colcon.colcon_core.shell:create_environment_hook('orion_description', 'cmake_prefix_path')
[0.246s] INFO:colcon.colcon_core.shell:Creating environment hook '/home/joey/My_orion/install/orion_description/share/orion_description/hook/cmake_prefix_path.ps1'
[0.246s] INFO:colcon.colcon_core.shell:Creating environment descriptor '/home/joey/My_orion/install/orion_description/share/orion_description/hook/cmake_prefix_path.dsv'
[0.246s] INFO:colcon.colcon_core.shell:Creating environment hook '/home/joey/My_orion/install/orion_description/share/orion_description/hook/cmake_prefix_path.sh'
[0.247s] Level 1:colcon.colcon_core.environment:checking '/home/joey/My_orion/install/orion_description/bin'
[0.247s] Level 1:colcon.colcon_core.environment:checking '/home/joey/My_orion/install/orion_description/lib/pkgconfig/orion_description.pc'
[0.247s] Level 1:colcon.colcon_core.environment:checking '/home/joey/My_orion/install/orion_description/lib/python3.10/site-packages'
[0.247s] Level 1:colcon.colcon_core.environment:checking '/home/joey/My_orion/install/orion_description/bin'
[0.248s] INFO:colcon.colcon_core.shell:Creating package script '/home/joey/My_orion/install/orion_description/share/orion_description/package.ps1'
[0.248s] INFO:colcon.colcon_core.shell:Creating package descriptor '/home/joey/My_orion/install/orion_description/share/orion_description/package.dsv'
[0.248s] INFO:colcon.colcon_core.shell:Creating package script '/home/joey/My_orion/install/orion_description/share/orion_description/package.sh'
[0.249s] INFO:colcon.colcon_core.shell:Creating package script '/home/joey/My_orion/install/orion_description/share/orion_description/package.bash'
[0.249s] INFO:colcon.colcon_core.shell:Creating package script '/home/joey/My_orion/install/orion_description/share/orion_description/package.zsh'
[0.250s] Level 1:colcon.colcon_core.environment:create_file_with_runtime_dependencies(/home/joey/My_orion/install/orion_description/share/colcon-core/packages/orion_description)
[0.250s] Level 1:colcon.colcon_core.environment:create_environment_scripts_only(orion_description)
[0.250s] Level 1:colcon.colcon_core.environment:checking '/home/joey/My_orion/install/orion_description' for CMake module files
[0.250s] Level 1:colcon.colcon_core.environment:checking '/home/joey/My_orion/install/orion_description' for CMake config files
[0.251s] Level 1:colcon.colcon_core.shell:create_environment_hook('orion_description', 'cmake_prefix_path')
[0.251s] INFO:colcon.colcon_core.shell:Creating environment hook '/home/joey/My_orion/install/orion_description/share/orion_description/hook/cmake_prefix_path.ps1'
[0.251s] INFO:colcon.colcon_core.shell:Creating environment descriptor '/home/joey/My_orion/install/orion_description/share/orion_description/hook/cmake_prefix_path.dsv'
[0.251s] INFO:colcon.colcon_core.shell:Creating environment hook '/home/joey/My_orion/install/orion_description/share/orion_description/hook/cmake_prefix_path.sh'
[0.252s] Level 1:colcon.colcon_core.environment:checking '/home/joey/My_orion/install/orion_description/bin'
[0.252s] Level 1:colcon.colcon_core.environment:checking '/home/joey/My_orion/install/orion_description/lib/pkgconfig/orion_description.pc'
[0.252s] Level 1:colcon.colcon_core.environment:checking '/home/joey/My_orion/install/orion_description/lib/python3.10/site-packages'
[0.252s] Level 1:colcon.colcon_core.environment:checking '/home/joey/My_orion/install/orion_description/bin'
[0.252s] INFO:colcon.colcon_core.shell:Creating package script '/home/joey/My_orion/install/orion_description/share/orion_description/package.ps1'
[0.253s] INFO:colcon.colcon_core.shell:Creating package descriptor '/home/joey/My_orion/install/orion_description/share/orion_description/package.dsv'
[0.253s] INFO:colcon.colcon_core.shell:Creating package script '/home/joey/My_orion/install/orion_description/share/orion_description/package.sh'
[0.253s] INFO:colcon.colcon_core.shell:Creating package script '/home/joey/My_orion/install/orion_description/share/orion_description/package.bash'
[0.254s] INFO:colcon.colcon_core.shell:Creating package script '/home/joey/My_orion/install/orion_description/share/orion_description/package.zsh'
[0.254s] Level 1:colcon.colcon_core.environment:create_file_with_runtime_dependencies(/home/joey/My_orion/install/orion_description/share/colcon-core/packages/orion_description)
[0.254s] INFO:colcon.colcon_ros.task.ament_cmake.build:Building ROS package in '/home/joey/My_orion/src/orion_moveit_config' with build type 'ament_cmake'
[0.254s] INFO:colcon.colcon_cmake.task.cmake.build:Building CMake package in '/home/joey/My_orion/src/orion_moveit_config'
[0.255s] INFO:colcon.colcon_core.shell:Skip shell extension 'powershell' for command environment: Not usable outside of PowerShell
[0.255s] DEBUG:colcon.colcon_core.shell:Skip shell extension 'dsv' for command environment
[0.263s] DEBUG:colcon.colcon_core.event_handler.log_command:Invoking command in '/home/joey/My_orion/build/orion_moveit_config': CMAKE_PREFIX_PATH=/home/joey/My_orion/install/orion_description:/home/joey/My_orion/install/orion_mtc:/home/joey/My_orion/install/orion_moveit_config:/opt/ros/humble /usr/bin/cmake --build /home/joey/My_orion/build/orion_moveit_config -- -j4 -l4
[0.405s] DEBUG:colcon.colcon_core.event_handler.log_command:Invoked command in '/home/joey/My_orion/build/orion_moveit_config' returned '0': CMAKE_PREFIX_PATH=/home/joey/My_orion/install/orion_description:/home/joey/My_orion/install/orion_mtc:/home/joey/My_orion/install/orion_moveit_config:/opt/ros/humble /usr/bin/cmake --build /home/joey/My_orion/build/orion_moveit_config -- -j4 -l4
[0.405s] DEBUG:colcon.colcon_core.event_handler.log_command:Invoking command in '/home/joey/My_orion/build/orion_moveit_config': CMAKE_PREFIX_PATH=/home/joey/My_orion/install/orion_description:/home/joey/My_orion/install/orion_mtc:/home/joey/My_orion/install/orion_moveit_config:/opt/ros/humble /usr/bin/cmake --install /home/joey/My_orion/build/orion_moveit_config
[0.411s] Level 1:colcon.colcon_core.environment:create_environment_scripts_only(orion_moveit_config)
[0.412s] Level 1:colcon.colcon_core.environment:checking '/home/joey/My_orion/install/orion_moveit_config' for CMake module files
[0.412s] Level 1:colcon.colcon_core.environment:checking '/home/joey/My_orion/install/orion_moveit_config' for CMake config files
[0.412s] Level 1:colcon.colcon_core.shell:create_environment_hook('orion_moveit_config', 'cmake_prefix_path')
[0.413s] INFO:colcon.colcon_core.shell:Creating environment hook '/home/joey/My_orion/install/orion_moveit_config/share/orion_moveit_config/hook/cmake_prefix_path.ps1'
[0.413s] DEBUG:colcon.colcon_core.event_handler.log_command:Invoked command in '/home/joey/My_orion/build/orion_moveit_config' returned '0': CMAKE_PREFIX_PATH=/home/joey/My_orion/install/orion_description:/home/joey/My_orion/install/orion_mtc:/home/joey/My_orion/install/orion_moveit_config:/opt/ros/humble /usr/bin/cmake --install /home/joey/My_orion/build/orion_moveit_config
[0.414s] INFO:colcon.colcon_core.shell:Creating environment descriptor '/home/joey/My_orion/install/orion_moveit_config/share/orion_moveit_config/hook/cmake_prefix_path.dsv'
[0.414s] INFO:colcon.colcon_core.shell:Creating environment hook '/home/joey/My_orion/install/orion_moveit_config/share/orion_moveit_config/hook/cmake_prefix_path.sh'
[0.415s] Level 1:colcon.colcon_core.environment:checking '/home/joey/My_orion/install/orion_moveit_config/bin'
[0.415s] Level 1:colcon.colcon_core.environment:checking '/home/joey/My_orion/install/orion_moveit_config/lib/pkgconfig/orion_moveit_config.pc'
[0.415s] Level 1:colcon.colcon_core.environment:checking '/home/joey/My_orion/install/orion_moveit_config/lib/python3.10/site-packages'
[0.415s] Level 1:colcon.colcon_core.environment:checking '/home/joey/My_orion/install/orion_moveit_config/bin'
[0.415s] INFO:colcon.colcon_core.shell:Creating package script '/home/joey/My_orion/install/orion_moveit_config/share/orion_moveit_config/package.ps1'
[0.415s] INFO:colcon.colcon_core.shell:Creating package descriptor '/home/joey/My_orion/install/orion_moveit_config/share/orion_moveit_config/package.dsv'
[0.416s] INFO:colcon.colcon_core.shell:Creating package script '/home/joey/My_orion/install/orion_moveit_config/share/orion_moveit_config/package.sh'
[0.416s] INFO:colcon.colcon_core.shell:Creating package script '/home/joey/My_orion/install/orion_moveit_config/share/orion_moveit_config/package.bash'
[0.416s] INFO:colcon.colcon_core.shell:Creating package script '/home/joey/My_orion/install/orion_moveit_config/share/orion_moveit_config/package.zsh'
[0.416s] Level 1:colcon.colcon_core.environment:create_file_with_runtime_dependencies(/home/joey/My_orion/install/orion_moveit_config/share/colcon-core/packages/orion_moveit_config)
[0.417s] Level 1:colcon.colcon_core.environment:create_environment_scripts_only(orion_moveit_config)
[0.417s] Level 1:colcon.colcon_core.environment:checking '/home/joey/My_orion/install/orion_moveit_config' for CMake module files
[0.417s] Level 1:colcon.colcon_core.environment:checking '/home/joey/My_orion/install/orion_moveit_config' for CMake config files
[0.417s] Level 1:colcon.colcon_core.shell:create_environment_hook('orion_moveit_config', 'cmake_prefix_path')
[0.417s] INFO:colcon.colcon_core.shell:Creating environment hook '/home/joey/My_orion/install/orion_moveit_config/share/orion_moveit_config/hook/cmake_prefix_path.ps1'
[0.418s] INFO:colcon.colcon_core.shell:Creating environment descriptor '/home/joey/My_orion/install/orion_moveit_config/share/orion_moveit_config/hook/cmake_prefix_path.dsv'
[0.418s] INFO:colcon.colcon_core.shell:Creating environment hook '/home/joey/My_orion/install/orion_moveit_config/share/orion_moveit_config/hook/cmake_prefix_path.sh'
[0.418s] Level 1:colcon.colcon_core.environment:checking '/home/joey/My_orion/install/orion_moveit_config/bin'
[0.418s] Level 1:colcon.colcon_core.environment:checking '/home/joey/My_orion/install/orion_moveit_config/lib/pkgconfig/orion_moveit_config.pc'
[0.418s] Level 1:colcon.colcon_core.environment:checking '/home/joey/My_orion/install/orion_moveit_config/lib/python3.10/site-packages'
[0.419s] Level 1:colcon.colcon_core.environment:checking '/home/joey/My_orion/install/orion_moveit_config/bin'
[0.419s] INFO:colcon.colcon_core.shell:Creating package script '/home/joey/My_orion/install/orion_moveit_config/share/orion_moveit_config/package.ps1'
[0.419s] INFO:colcon.colcon_core.shell:Creating package descriptor '/home/joey/My_orion/install/orion_moveit_config/share/orion_moveit_config/package.dsv'
[0.419s] INFO:colcon.colcon_core.shell:Creating package script '/home/joey/My_orion/install/orion_moveit_config/share/orion_moveit_config/package.sh'
[0.420s] INFO:colcon.colcon_core.shell:Creating package script '/home/joey/My_orion/install/orion_moveit_config/share/orion_moveit_config/package.bash'
[0.420s] INFO:colcon.colcon_core.shell:Creating package script '/home/joey/My_orion/install/orion_moveit_config/share/orion_moveit_config/package.zsh'
[0.420s] Level 1:colcon.colcon_core.environment:create_file_with_runtime_dependencies(/home/joey/My_orion/install/orion_moveit_config/share/colcon-core/packages/orion_moveit_config)
[0.420s] INFO:colcon.colcon_ros.task.ament_cmake.build:Building ROS package in '/home/joey/My_orion/src/orion_mtc' with build type 'ament_cmake'
[0.420s] INFO:colcon.colcon_cmake.task.cmake.build:Building CMake package in '/home/joey/My_orion/src/orion_mtc'
[0.421s] INFO:colcon.colcon_core.shell:Skip shell extension 'powershell' for command environment: Not usable outside of PowerShell
[0.421s] DEBUG:colcon.colcon_core.shell:Skip shell extension 'dsv' for command environment
[0.428s] DEBUG:colcon.colcon_core.event_handler.log_command:Invoking command in '/home/joey/My_orion/build/orion_mtc': CMAKE_PREFIX_PATH=/home/joey/My_orion/install/orion_moveit_config:/home/joey/My_orion/install/orion_description:/home/joey/My_orion/install/orion_mtc:/opt/ros/humble /usr/bin/cmake --build /home/joey/My_orion/build/orion_mtc -- -j4 -l4
[0.473s] DEBUG:colcon.colcon_core.event_handler.log_command:Invoked command in '/home/joey/My_orion/build/orion_mtc' returned '0': CMAKE_PREFIX_PATH=/home/joey/My_orion/install/orion_moveit_config:/home/joey/My_orion/install/orion_description:/home/joey/My_orion/install/orion_mtc:/opt/ros/humble /usr/bin/cmake --build /home/joey/My_orion/build/orion_mtc -- -j4 -l4
[0.473s] DEBUG:colcon.colcon_core.event_handler.log_command:Invoking command in '/home/joey/My_orion/build/orion_mtc': CMAKE_PREFIX_PATH=/home/joey/My_orion/install/orion_moveit_config:/home/joey/My_orion/install/orion_description:/home/joey/My_orion/install/orion_mtc:/opt/ros/humble /usr/bin/cmake --install /home/joey/My_orion/build/orion_mtc
[0.480s] Level 1:colcon.colcon_core.environment:create_environment_scripts_only(orion_mtc)
[0.480s] Level 1:colcon.colcon_core.environment:checking '/home/joey/My_orion/install/orion_mtc' for CMake module files
[0.480s] Level 1:colcon.colcon_core.environment:checking '/home/joey/My_orion/install/orion_mtc' for CMake config files
[0.480s] Level 1:colcon.colcon_core.shell:create_environment_hook('orion_mtc', 'cmake_prefix_path')
[0.480s] INFO:colcon.colcon_core.shell:Creating environment hook '/home/joey/My_orion/install/orion_mtc/share/orion_mtc/hook/cmake_prefix_path.ps1'
[0.481s] DEBUG:colcon.colcon_core.event_handler.log_command:Invoked command in '/home/joey/My_orion/build/orion_mtc' returned '0': CMAKE_PREFIX_PATH=/home/joey/My_orion/install/orion_moveit_config:/home/joey/My_orion/install/orion_description:/home/joey/My_orion/install/orion_mtc:/opt/ros/humble /usr/bin/cmake --install /home/joey/My_orion/build/orion_mtc
[0.481s] INFO:colcon.colcon_core.shell:Creating environment descriptor '/home/joey/My_orion/install/orion_mtc/share/orion_mtc/hook/cmake_prefix_path.dsv'
[0.481s] INFO:colcon.colcon_core.shell:Creating environment hook '/home/joey/My_orion/install/orion_mtc/share/orion_mtc/hook/cmake_prefix_path.sh'
[0.482s] Level 1:colcon.colcon_core.environment:checking '/home/joey/My_orion/install/orion_mtc/lib'
[0.482s] Level 1:colcon.colcon_core.environment:checking '/home/joey/My_orion/install/orion_mtc/bin'
[0.482s] Level 1:colcon.colcon_core.environment:checking '/home/joey/My_orion/install/orion_mtc/lib/pkgconfig/orion_mtc.pc'
[0.482s] Level 1:colcon.colcon_core.environment:checking '/home/joey/My_orion/install/orion_mtc/lib/python3.10/site-packages'
[0.482s] Level 1:colcon.colcon_core.environment:checking '/home/joey/My_orion/install/orion_mtc/bin'
[0.483s] INFO:colcon.colcon_core.shell:Creating package script '/home/joey/My_orion/install/orion_mtc/share/orion_mtc/package.ps1'
[0.483s] INFO:colcon.colcon_core.shell:Creating package descriptor '/home/joey/My_orion/install/orion_mtc/share/orion_mtc/package.dsv'
[0.483s] INFO:colcon.colcon_core.shell:Creating package script '/home/joey/My_orion/install/orion_mtc/share/orion_mtc/package.sh'
[0.484s] INFO:colcon.colcon_core.shell:Creating package script '/home/joey/My_orion/install/orion_mtc/share/orion_mtc/package.bash'
[0.484s] INFO:colcon.colcon_core.shell:Creating package script '/home/joey/My_orion/install/orion_mtc/share/orion_mtc/package.zsh'
[0.484s] Level 1:colcon.colcon_core.environment:create_file_with_runtime_dependencies(/home/joey/My_orion/install/orion_mtc/share/colcon-core/packages/orion_mtc)
[0.484s] Level 1:colcon.colcon_core.environment:create_environment_scripts_only(orion_mtc)
[0.485s] Level 1:colcon.colcon_core.environment:checking '/home/joey/My_orion/install/orion_mtc' for CMake module files
[0.485s] Level 1:colcon.colcon_core.environment:checking '/home/joey/My_orion/install/orion_mtc' for CMake config files
[0.485s] Level 1:colcon.colcon_core.shell:create_environment_hook('orion_mtc', 'cmake_prefix_path')
[0.485s] INFO:colcon.colcon_core.shell:Creating environment hook '/home/joey/My_orion/install/orion_mtc/share/orion_mtc/hook/cmake_prefix_path.ps1'
[0.485s] INFO:colcon.colcon_core.shell:Creating environment descriptor '/home/joey/My_orion/install/orion_mtc/share/orion_mtc/hook/cmake_prefix_path.dsv'
[0.485s] INFO:colcon.colcon_core.shell:Creating environment hook '/home/joey/My_orion/install/orion_mtc/share/orion_mtc/hook/cmake_prefix_path.sh'
[0.486s] Level 1:colcon.colcon_core.environment:checking '/home/joey/My_orion/install/orion_mtc/lib'
[0.486s] Level 1:colcon.colcon_core.environment:checking '/home/joey/My_orion/install/orion_mtc/bin'
[0.486s] Level 1:colcon.colcon_core.environment:checking '/home/joey/My_orion/install/orion_mtc/lib/pkgconfig/orion_mtc.pc'
[0.486s] Level 1:colcon.colcon_core.environment:checking '/home/joey/My_orion/install/orion_mtc/lib/python3.10/site-packages'
[0.486s] Level 1:colcon.colcon_core.environment:checking '/home/joey/My_orion/install/orion_mtc/bin'
[0.486s] INFO:colcon.colcon_core.shell:Creating package script '/home/joey/My_orion/install/orion_mtc/share/orion_mtc/package.ps1'
[0.487s] INFO:colcon.colcon_core.shell:Creating package descriptor '/home/joey/My_orion/install/orion_mtc/share/orion_mtc/package.dsv'
[0.487s] INFO:colcon.colcon_core.shell:Creating package script '/home/joey/My_orion/install/orion_mtc/share/orion_mtc/package.sh'
[0.487s] INFO:colcon.colcon_core.shell:Creating package script '/home/joey/My_orion/install/orion_mtc/share/orion_mtc/package.bash'
[0.487s] INFO:colcon.colcon_core.shell:Creating package script '/home/joey/My_orion/install/orion_mtc/share/orion_mtc/package.zsh'
[0.488s] Level 1:colcon.colcon_core.environment:create_file_with_runtime_dependencies(/home/joey/My_orion/install/orion_mtc/share/colcon-core/packages/orion_mtc)
[0.488s] DEBUG:colcon.colcon_parallel_executor.executor.parallel:closing loop
[0.489s] DEBUG:colcon.colcon_parallel_executor.executor.parallel:loop closed
[0.489s] DEBUG:colcon.colcon_parallel_executor.executor.parallel:run_until_complete finished with '0'
[0.489s] DEBUG:colcon.colcon_core.event_reactor:joining thread
[0.493s] INFO:colcon.colcon_core.plugin_system:Skipping extension 'colcon_notification.desktop_notification.terminal_notifier': Not used on non-Darwin systems
[0.493s] INFO:colcon.colcon_core.plugin_system:Skipping extension 'colcon_notification.desktop_notification.win32': Not used on non-Windows systems
[0.493s] INFO:colcon.colcon_notification.desktop_notification:Sending desktop notification using 'notify2'
[0.493s] DEBUG:colcon.colcon_notification.desktop_notification.notify2:Failed to initialize notify2: org.freedesktop.DBus.Error.NoReply: Did not receive a reply. Possible causes include: the remote application did not send a reply, the message bus security policy blocked the reply, the reply timeout expired, or the network connection was broken.
[0.493s] DEBUG:colcon.colcon_core.event_reactor:joined thread
[0.493s] INFO:colcon.colcon_core.shell:Creating prefix script '/home/joey/My_orion/install/local_setup.ps1'
[0.494s] INFO:colcon.colcon_core.shell:Creating prefix util module '/home/joey/My_orion/install/_local_setup_util_ps1.py'
[0.495s] INFO:colcon.colcon_core.shell:Creating prefix chain script '/home/joey/My_orion/install/setup.ps1'
[0.495s] INFO:colcon.colcon_core.shell:Creating prefix script '/home/joey/My_orion/install/local_setup.sh'
[0.496s] INFO:colcon.colcon_core.shell:Creating prefix util module '/home/joey/My_orion/install/_local_setup_util_sh.py'
[0.496s] INFO:colcon.colcon_core.shell:Creating prefix chain script '/home/joey/My_orion/install/setup.sh'
[0.497s] INFO:colcon.colcon_core.shell:Creating prefix script '/home/joey/My_orion/install/local_setup.bash'
[0.497s] INFO:colcon.colcon_core.shell:Creating prefix chain script '/home/joey/My_orion/install/setup.bash'
[0.497s] INFO:colcon.colcon_core.shell:Creating prefix script '/home/joey/My_orion/install/local_setup.zsh'
[0.498s] INFO:colcon.colcon_core.shell:Creating prefix chain script '/home/joey/My_orion/install/setup.zsh'
