[0.011s] Invoking command in '/home/huzy/My_orion/build/orion_description': CMAKE_PREFIX_PATH=${CMAKE_PREFIX_PATH}:/home/huzy/My_orion/install/orion_pybullet_sim:/opt/ros/humble /usr/bin/cmake /home/huzy/My_orion/src/orion_description -DCMAKE_INSTALL_PREFIX=/home/huzy/My_orion/install/orion_description
[0.019s] -- Found ament_cmake: 1.3.12 (/opt/ros/humble/share/ament_cmake/cmake)
[0.106s] -- Override CMake install command with custom implementation using symlinks instead of copying resources
[0.158s] -- Configuring done
[0.161s] -- Generating done
[0.162s] -- Build files have been written to: /home/huzy/My_orion/build/orion_description
[0.165s] Invoked command in '/home/huzy/My_orion/build/orion_description' returned '0': CMAKE_PREFIX_PATH=${CMAKE_PREFIX_PATH}:/home/huzy/My_orion/install/orion_pybullet_sim:/opt/ros/humble /usr/bin/cmake /home/huzy/My_orion/src/orion_description -DCMAKE_INSTALL_PREFIX=/home/huzy/My_orion/install/orion_description
[0.166s] Invoking command in '/home/huzy/My_orion/build/orion_description': CMAKE_PREFIX_PATH=${CMAKE_PREFIX_PATH}:/home/huzy/My_orion/install/orion_pybullet_sim:/opt/ros/humble /usr/bin/cmake --build /home/huzy/My_orion/build/orion_description -- -j8 -l8
[0.197s] Invoked command in '/home/huzy/My_orion/build/orion_description' returned '0': CMAKE_PREFIX_PATH=${CMAKE_PREFIX_PATH}:/home/huzy/My_orion/install/orion_pybullet_sim:/opt/ros/humble /usr/bin/cmake --build /home/huzy/My_orion/build/orion_description -- -j8 -l8
[0.206s] Invoking command in '/home/huzy/My_orion/build/orion_description': CMAKE_PREFIX_PATH=${CMAKE_PREFIX_PATH}:/home/huzy/My_orion/install/orion_pybullet_sim:/opt/ros/humble /usr/bin/cmake --install /home/huzy/My_orion/build/orion_description
[0.213s] -- Install configuration: ""
[0.213s] -- Execute custom install script
[0.213s] -- Up-to-date symlink: /home/huzy/My_orion/install/orion_description/share/orion_description/urdf/orion.urdf
[0.214s] -- Up-to-date symlink: /home/huzy/My_orion/install/orion_description/share/orion_description/meshes/stl/Link1.stl
[0.214s] -- Up-to-date symlink: /home/huzy/My_orion/install/orion_description/share/orion_description/meshes/stl/Link2.stl
[0.214s] -- Up-to-date symlink: /home/huzy/My_orion/install/orion_description/share/orion_description/meshes/stl/Link3.stl
[0.214s] -- Up-to-date symlink: /home/huzy/My_orion/install/orion_description/share/orion_description/meshes/stl/Link4.stl
[0.214s] -- Up-to-date symlink: /home/huzy/My_orion/install/orion_description/share/orion_description/meshes/stl/Link5.stl
[0.214s] -- Up-to-date symlink: /home/huzy/My_orion/install/orion_description/share/orion_description/meshes/stl/Link6.stl
[0.214s] -- Up-to-date symlink: /home/huzy/My_orion/install/orion_description/share/orion_description/meshes/stl/Link7.stl
[0.214s] -- Up-to-date symlink: /home/huzy/My_orion/install/orion_description/share/orion_description/meshes/stl/Link8.stl
[0.214s] -- Up-to-date symlink: /home/huzy/My_orion/install/orion_description/share/orion_description/meshes/stl/base_link.stl
[0.215s] -- Up-to-date symlink: /home/huzy/My_orion/install/orion_description/share/orion_description/launch/display.launch.py
[0.215s] -- Up-to-date symlink: /home/huzy/My_orion/install/orion_description/share/ament_index/resource_index/package_run_dependencies/orion_description
[0.215s] -- Up-to-date symlink: /home/huzy/My_orion/install/orion_description/share/ament_index/resource_index/parent_prefix_path/orion_description
[0.215s] -- Up-to-date symlink: /home/huzy/My_orion/install/orion_description/share/orion_description/environment/ament_prefix_path.sh
[0.215s] -- Up-to-date symlink: /home/huzy/My_orion/install/orion_description/share/orion_description/environment/ament_prefix_path.dsv
[0.215s] -- Up-to-date symlink: /home/huzy/My_orion/install/orion_description/share/orion_description/environment/path.sh
[0.215s] -- Up-to-date symlink: /home/huzy/My_orion/install/orion_description/share/orion_description/environment/path.dsv
[0.215s] -- Up-to-date symlink: /home/huzy/My_orion/install/orion_description/share/orion_description/local_setup.bash
[0.215s] -- Up-to-date symlink: /home/huzy/My_orion/install/orion_description/share/orion_description/local_setup.sh
[0.216s] -- Up-to-date symlink: /home/huzy/My_orion/install/orion_description/share/orion_description/local_setup.zsh
[0.216s] -- Up-to-date symlink: /home/huzy/My_orion/install/orion_description/share/orion_description/local_setup.dsv
[0.216s] -- Symlinking: /home/huzy/My_orion/install/orion_description/share/orion_description/package.dsv
[0.223s] -- Up-to-date symlink: /home/huzy/My_orion/install/orion_description/share/ament_index/resource_index/packages/orion_description
[0.223s] -- Up-to-date symlink: /home/huzy/My_orion/install/orion_description/share/orion_description/cmake/orion_descriptionConfig.cmake
[0.223s] -- Up-to-date symlink: /home/huzy/My_orion/install/orion_description/share/orion_description/cmake/orion_descriptionConfig-version.cmake
[0.224s] -- Up-to-date symlink: /home/huzy/My_orion/install/orion_description/share/orion_description/package.xml
[0.226s] Invoked command in '/home/huzy/My_orion/build/orion_description' returned '0': CMAKE_PREFIX_PATH=${CMAKE_PREFIX_PATH}:/home/huzy/My_orion/install/orion_pybullet_sim:/opt/ros/humble /usr/bin/cmake --install /home/huzy/My_orion/build/orion_description
