[0.009s] Invoking command in '/home/joey/My_orion/build/orion_mtc': AMENT_PREFIX_PATH=/home/joey/My_orion/install/orion_pybullet_sim:/home/joey/My_orion/install/orion_mtc:/home/joey/My_orion/install/orion_moveit_config:/home/joey/My_orion/install/orion_description:/opt/ros/humble CMAKE_PREFIX_PATH=/home/joey/My_orion/install/orion_moveit_config:/home/joey/My_orion/install/orion_description:/home/joey/My_orion/install/orion_mtc:/home/joey/My_orion/install/orion_pybullet_sim:/opt/ros/humble /usr/bin/cmake /home/joey/My_orion/src/orion_mtc -DCMAKE_INSTALL_PREFIX=/home/joey/My_orion/install/orion_mtc
[0.018s] -- Found ament_cmake: 1.3.13 (/opt/ros/humble/share/ament_cmake/cmake)
[0.094s] -- Override CMake install command with custom implementation using symlinks instead of copying resources
[0.098s] -- Found rclcpp: 16.0.18 (/opt/ros/humble/share/rclcpp/cmake)
[0.115s] -- Found rosidl_generator_c: 3.1.8 (/opt/ros/humble/share/rosidl_generator_c/cmake)
[0.116s] -- Found rosidl_adapter: 3.1.8 (/opt/ros/humble/share/rosidl_adapter/cmake)
[0.119s] -- Found rosidl_generator_cpp: 3.1.8 (/opt/ros/humble/share/rosidl_generator_cpp/cmake)
[0.124s] -- Using all available rosidl_typesupport_c: rosidl_typesupport_fastrtps_c;rosidl_typesupport_introspection_c
[0.130s] -- Using all available rosidl_typesupport_cpp: rosidl_typesupport_fastrtps_cpp;rosidl_typesupport_introspection_cpp
[0.146s] -- Found rmw_implementation_cmake: 6.1.2 (/opt/ros/humble/share/rmw_implementation_cmake/cmake)
[0.147s] -- Found rmw_fastrtps_cpp: 6.2.10 (/opt/ros/humble/share/rmw_fastrtps_cpp/cmake)
[0.202s] -- Using RMW implementation 'rmw_fastrtps_cpp' as default
[0.229s] -- Found moveit_task_constructor_core: 0.1.3 (/opt/ros/humble/share/moveit_task_constructor_core/cmake)
[0.249s] -- Found Boost: /usr/lib/x86_64-linux-gnu/cmake/Boost-1.74.0/BoostConfig.cmake (found version "1.74.0") found components: chrono date_time filesystem iostreams program_options regex serialization system thread 
[0.262s] -- Found parameter_traits: 0.6.0 (/opt/ros/humble/share/parameter_traits/cmake)
[0.265s] -- Found rclcpp_lifecycle: 16.0.18 (/opt/ros/humble/share/rclcpp_lifecycle/cmake)
[0.277s] -- Found Boost: /usr/lib/x86_64-linux-gnu/cmake/Boost-1.74.0/BoostConfig.cmake (found version "1.74.0") found components: filesystem 
[0.293s] -- library: /usr/lib/x86_64-linux-gnu/libcurl.so
[0.324s] -- Ensuring Eigen3 include directory is part of orocos-kdl CMake target
[0.440s] -- Found Boost: /usr/lib/x86_64-linux-gnu/cmake/Boost-1.74.0/BoostConfig.cmake (found version "1.74.0") found components: system filesystem date_time program_options thread chrono 
[0.457s] -- Found Boost: /usr/lib/x86_64-linux-gnu/cmake/Boost-1.74.0/BoostConfig.cmake (found version "1.74.0") found components: date_time filesystem program_options system thread 
[0.465s] -- Found Boost: /usr/lib/x86_64-linux-gnu/cmake/Boost-1.74.0/BoostConfig.cmake (found version "1.74.0") found components: thread system filesystem regex date_time program_options 
[0.475s] -- Found Boost: /usr/lib/x86_64-linux-gnu/cmake/Boost-1.74.0/BoostConfig.cmake (found version "1.74.0") found components: system filesystem date_time program_options thread 
[0.551s] -- Configuring done
[0.567s] -- Generating done
[0.571s] -- Build files have been written to: /home/joey/My_orion/build/orion_mtc
[0.578s] Invoked command in '/home/joey/My_orion/build/orion_mtc' returned '0': AMENT_PREFIX_PATH=/home/joey/My_orion/install/orion_pybullet_sim:/home/joey/My_orion/install/orion_mtc:/home/joey/My_orion/install/orion_moveit_config:/home/joey/My_orion/install/orion_description:/opt/ros/humble CMAKE_PREFIX_PATH=/home/joey/My_orion/install/orion_moveit_config:/home/joey/My_orion/install/orion_description:/home/joey/My_orion/install/orion_mtc:/home/joey/My_orion/install/orion_pybullet_sim:/opt/ros/humble /usr/bin/cmake /home/joey/My_orion/src/orion_mtc -DCMAKE_INSTALL_PREFIX=/home/joey/My_orion/install/orion_mtc
[0.579s] Invoking command in '/home/joey/My_orion/build/orion_mtc': AMENT_PREFIX_PATH=/home/joey/My_orion/install/orion_pybullet_sim:/home/joey/My_orion/install/orion_mtc:/home/joey/My_orion/install/orion_moveit_config:/home/joey/My_orion/install/orion_description:/opt/ros/humble CMAKE_PREFIX_PATH=/home/joey/My_orion/install/orion_moveit_config:/home/joey/My_orion/install/orion_description:/home/joey/My_orion/install/orion_mtc:/home/joey/My_orion/install/orion_pybullet_sim:/opt/ros/humble /usr/bin/cmake --build /home/joey/My_orion/build/orion_mtc -- -j4 -l4
[0.609s] Consolidate compiler generated dependencies of target mtc_node
[0.620s] [ 50%] Building CXX object CMakeFiles/mtc_node.dir/src/mtc_node.cpp.o
[6.606s] [100%] Linking CXX executable mtc_node
[6.814s] [100%] Built target mtc_node
[6.820s] Invoked command in '/home/joey/My_orion/build/orion_mtc' returned '0': AMENT_PREFIX_PATH=/home/joey/My_orion/install/orion_pybullet_sim:/home/joey/My_orion/install/orion_mtc:/home/joey/My_orion/install/orion_moveit_config:/home/joey/My_orion/install/orion_description:/opt/ros/humble CMAKE_PREFIX_PATH=/home/joey/My_orion/install/orion_moveit_config:/home/joey/My_orion/install/orion_description:/home/joey/My_orion/install/orion_mtc:/home/joey/My_orion/install/orion_pybullet_sim:/opt/ros/humble /usr/bin/cmake --build /home/joey/My_orion/build/orion_mtc -- -j4 -l4
[6.827s] Invoking command in '/home/joey/My_orion/build/orion_mtc': AMENT_PREFIX_PATH=/home/joey/My_orion/install/orion_pybullet_sim:/home/joey/My_orion/install/orion_mtc:/home/joey/My_orion/install/orion_moveit_config:/home/joey/My_orion/install/orion_description:/opt/ros/humble CMAKE_PREFIX_PATH=/home/joey/My_orion/install/orion_moveit_config:/home/joey/My_orion/install/orion_description:/home/joey/My_orion/install/orion_mtc:/home/joey/My_orion/install/orion_pybullet_sim:/opt/ros/humble /usr/bin/cmake --install /home/joey/My_orion/build/orion_mtc
[6.831s] -- Install configuration: ""
[6.831s] -- Execute custom install script
[6.831s] -- Up-to-date symlink: /home/joey/My_orion/install/orion_mtc/lib/orion_mtc/mtc_node
[6.831s] -- Up-to-date symlink: /home/joey/My_orion/install/orion_mtc/share/orion_mtc/launch/pick_place_demo.launch.py
[6.831s] -- Up-to-date symlink: /home/joey/My_orion/install/orion_mtc/share/orion_mtc/launch/pick_place_pybullet.launch.py
[6.832s] -- Up-to-date symlink: /home/joey/My_orion/install/orion_mtc/share/ament_index/resource_index/package_run_dependencies/orion_mtc
[6.832s] -- Up-to-date symlink: /home/joey/My_orion/install/orion_mtc/share/ament_index/resource_index/parent_prefix_path/orion_mtc
[6.832s] -- Up-to-date symlink: /home/joey/My_orion/install/orion_mtc/share/orion_mtc/environment/ament_prefix_path.sh
[6.832s] -- Up-to-date symlink: /home/joey/My_orion/install/orion_mtc/share/orion_mtc/environment/ament_prefix_path.dsv
[6.832s] -- Up-to-date symlink: /home/joey/My_orion/install/orion_mtc/share/orion_mtc/environment/path.sh
[6.832s] -- Up-to-date symlink: /home/joey/My_orion/install/orion_mtc/share/orion_mtc/environment/path.dsv
[6.832s] -- Up-to-date symlink: /home/joey/My_orion/install/orion_mtc/share/orion_mtc/local_setup.bash
[6.832s] -- Up-to-date symlink: /home/joey/My_orion/install/orion_mtc/share/orion_mtc/local_setup.sh
[6.832s] -- Up-to-date symlink: /home/joey/My_orion/install/orion_mtc/share/orion_mtc/local_setup.zsh
[6.832s] -- Up-to-date symlink: /home/joey/My_orion/install/orion_mtc/share/orion_mtc/local_setup.dsv
[6.832s] -- Symlinking: /home/joey/My_orion/install/orion_mtc/share/orion_mtc/package.dsv
[6.837s] -- Up-to-date symlink: /home/joey/My_orion/install/orion_mtc/share/ament_index/resource_index/packages/orion_mtc
[6.837s] -- Up-to-date symlink: /home/joey/My_orion/install/orion_mtc/share/orion_mtc/cmake/orion_mtcConfig.cmake
[6.837s] -- Up-to-date symlink: /home/joey/My_orion/install/orion_mtc/share/orion_mtc/cmake/orion_mtcConfig-version.cmake
[6.837s] -- Up-to-date symlink: /home/joey/My_orion/install/orion_mtc/share/orion_mtc/package.xml
[6.839s] Invoked command in '/home/joey/My_orion/build/orion_mtc' returned '0': AMENT_PREFIX_PATH=/home/joey/My_orion/install/orion_pybullet_sim:/home/joey/My_orion/install/orion_mtc:/home/joey/My_orion/install/orion_moveit_config:/home/joey/My_orion/install/orion_description:/opt/ros/humble CMAKE_PREFIX_PATH=/home/joey/My_orion/install/orion_moveit_config:/home/joey/My_orion/install/orion_description:/home/joey/My_orion/install/orion_mtc:/home/joey/My_orion/install/orion_pybullet_sim:/opt/ros/humble /usr/bin/cmake --install /home/joey/My_orion/build/orion_mtc
