[0.000000] (-) TimerEvent: {}
[0.002268] (-) JobUnselected: {'identifier': 'orion_description'}
[0.002402] (-) JobUnselected: {'identifier': 'orion_moveit_config'}
[0.002420] (-) JobUnselected: {'identifier': 'orion_pybullet_sim'}
[0.002440] (orion_mtc) JobQueued: {'identifier': 'orion_mtc', 'dependencies': OrderedDict([('orion_description', '/home/huzy/My_orion/install/orion_description'), ('orion_moveit_config', '/home/huzy/My_orion/install/orion_moveit_config'), ('orion_pybullet_sim', '/home/huzy/My_orion/install/orion_pybullet_sim')])}
[0.003210] (orion_mtc) JobStarted: {'identifier': 'orion_mtc'}
[0.036776] (orion_mtc) JobProgress: {'identifier': 'orion_mtc', 'progress': 'cmake'}
[0.038112] (orion_mtc) JobProgress: {'identifier': 'orion_mtc', 'progress': 'build'}
[0.039308] (orion_mtc) Command: {'cmd': ['/usr/bin/cmake', '--build', '/home/huzy/My_orion/build/orion_mtc', '--', '-j8', '-l8'], 'cwd': '/home/huzy/My_orion/build/orion_mtc', 'env': OrderedDict([('GJS_DEBUG_TOPICS', 'JS ERROR;JS LOG'), ('LESSOPEN', '| /usr/bin/lesspipe %s'), ('VSCODE_CWD', '/home/huzy'), ('CURSOR_EXTENSION_HOST_ROLE', 'agent-exec'), ('VSCODE_ESM_ENTRYPOINT', 'vs/workbench/api/node/extensionHostProcess'), ('LANGUAGE', 'zh_CN:en_AU:en_US:en'), ('USER', 'huzy'), ('LC_TIME', 'zh_CN.UTF-8'), ('VSCODE_NLS_CONFIG', '{"userLocale":"zh-cn","osLocale":"zh-cn","resolvedLanguage":"zh-cn","defaultMessagesFile":"/tmp/.mount_CursoriSs0re/usr/share/cursor/resources/app/out/nls.messages.json","languagePack":{"translationsConfigFile":"/home/huzy/.config/Cursor/clp/3bfb7f1471a52e527cfc1587dd57c7c1.zh-cn/tcf.json","messagesFile":"/home/huzy/.config/Cursor/clp/3bfb7f1471a52e527cfc1587dd57c7c1.zh-cn/7d96c2a03bb088ad367615e9da1a3fe20fbbc6a0/nls.messages.json","corruptMarkerFile":"/home/huzy/.config/Cursor/clp/3bfb7f1471a52e527cfc1587dd57c7c1.zh-cn/corrupted.info"},"locale":"zh-cn","availableLanguages":{"*":"zh-cn"},"_languagePackId":"3bfb7f1471a52e527cfc1587dd57c7c1.zh-cn","_languagePackSupport":true,"_translationsConfigFile":"/home/huzy/.config/Cursor/clp/3bfb7f1471a52e527cfc1587dd57c7c1.zh-cn/tcf.json","_cacheRoot":"/home/huzy/.config/Cursor/clp/3bfb7f1471a52e527cfc1587dd57c7c1.zh-cn","_resolvedLanguagePackCoreLocation":"/home/huzy/.config/Cursor/clp/3bfb7f1471a52e527cfc1587dd57c7c1.zh-cn/7d96c2a03bb088ad367615e9da1a3fe20fbbc6a0","_corruptedFile":"/home/huzy/.config/Cursor/clp/3bfb7f1471a52e527cfc1587dd57c7c1.zh-cn/corrupted.info"}'), ('CI', '1'), ('VSCODE_HANDLES_UNCAUGHT_ERRORS', 'true'), ('XDG_SESSION_TYPE', 'wayland'), ('SHLVL', '1'), ('LD_LIBRARY_PATH', '/usr/lib/x86_64-linux-gnu/gazebo-11/plugins:/opt/ros/humble/opt/rviz_ogre_vendor/lib:/opt/ros/humble/lib/x86_64-linux-gnu:/opt/ros/humble/lib:/tmp/.mount_CursoriSs0re/usr/lib/:/tmp/.mount_CursoriSs0re/usr/lib32/:/tmp/.mount_CursoriSs0re/usr/lib64/:/tmp/.mount_CursoriSs0re/lib/:/tmp/.mount_CursoriSs0re/lib/i386-linux-gnu/:/tmp/.mount_CursoriSs0re/lib/x86_64-linux-gnu/:/tmp/.mount_CursoriSs0re/lib/aarch64-linux-gnu/:/tmp/.mount_CursoriSs0re/lib32/:/tmp/.mount_CursoriSs0re/lib64/:'), ('HOME', '/home/huzy'), ('CHROME_DESKTOP', 'cursor.desktop'), ('APPDIR', '/tmp/.mount_CursoriSs0re'), ('OLDPWD', '/home/huzy/My_orion'), ('DESKTOP_SESSION', 'ubuntu'), ('PERLLIB', '/tmp/.mount_CursoriSs0re/usr/share/perl5/:/tmp/.mount_CursoriSs0re/usr/lib/perl5/:'), ('VSCODE_IPC_HOOK', '/run/user/1000/vscode-294d73a8-2.5.-main.sock'), ('GIO_LAUNCHED_DESKTOP_FILE', '/home/huzy/.local/share/applications/cursor-ime.desktop'), ('ROS_PYTHON_VERSION', '3'), ('GNOME_SHELL_SESSION_MODE', 'ubuntu'), ('GTK_MODULES', 'gail:atk-bridge'), ('SDL_IM_MODULE', 'fcitx'), ('LC_MONETARY', 'zh_CN.UTF-8'), ('MANAGERPID', '1541'), ('SYSTEMD_EXEC_PID', '1709'), ('IM_CONFIG_CHECK_ENV', '1'), ('NO_COLOR', '1'), ('DBUS_SESSION_BUS_ADDRESS', 'unix:path=/run/user/1000/bus'), ('GIO_LAUNCHED_DESKTOP_FILE_PID', '3264'), ('VSCODE_CRASH_REPORTER_PROCESS_TYPE', 'extensionHost'), ('IM_CONFIG_PHASE', '1'), ('WAYLAND_DISPLAY', 'wayland-0'), ('COLCON_PREFIX_PATH', '/home/huzy/My_orion/install'), ('ROS_DISTRO', 'humble'), ('GTK_IM_MODULE', 'fcitx'), ('LOGNAME', 'huzy'), ('FORCE_COLOR', '0'), ('OWD', '/home/huzy'), ('JOURNAL_STREAM', '8:22044'), ('_', '/usr/bin/colcon'), ('ROS_VERSION', '2'), ('XDG_SESSION_CLASS', 'user'), ('USERNAME', 'huzy'), ('TERM', 'dumb'), ('GNOME_DESKTOP_SESSION_ID', 'this-is-deprecated'), ('FC_FONTATIONS', '1'), ('ROS_LOCALHOST_ONLY', '0'), ('PATH', '/home/huzy/.local/bin:/home/huzy/bin:/home/huzy/bin:/home/huzy/.local/bin:/home/huzy/bin:/home/huzy/bin:/opt/ros/humble/bin:/tmp/.mount_CursoriSs0re/usr/bin/:/tmp/.mount_CursoriSs0re/usr/sbin/:/tmp/.mount_CursoriSs0re/usr/games/:/tmp/.mount_CursoriSs0re/bin/:/tmp/.mount_CursoriSs0re/sbin/:/home/huzy/.local/bin:/home/huzy/bin:/usr/local/sbin:/usr/local/bin:/usr/sbin:/usr/bin:/sbin:/bin:/usr/games:/usr/local/games:/snap/bin:/snap/bin'), ('SESSION_MANAGER', 'local/huzy-virtual-machine:@/tmp/.ICE-unix/1675,unix/huzy-virtual-machine:/tmp/.ICE-unix/1675'), ('INVOCATION_ID', 'a2601410a8d14920833ed6807e68bc15'), ('PAPERSIZE', 'a4'), ('APPIMAGE', '/home/huzy/Downloads/Cursor-1.4.5-x86_64.AppImage'), ('XDG_MENU_PREFIX', 'gnome-'), ('LC_ADDRESS', 'zh_CN.UTF-8'), ('VSCODE_PROCESS_TITLE', 'extension-host (agent-exec) [1-6]'), ('GNOME_SETUP_DISPLAY', ':1'), ('XDG_RUNTIME_DIR', '/run/user/1000'), ('GDK_BACKEND', 'x11'), ('CURSOR_AGENT', '1'), ('DISPLAY', ':0'), ('LANG', 'zh_CN.UTF-8'), ('XDG_CURRENT_DESKTOP', 'ubuntu:GNOME'), ('LC_TELEPHONE', 'zh_CN.UTF-8'), ('XMODIFIERS', '@im=fcitx'), ('XDG_SESSION_DESKTOP', 'ubuntu'), ('XAUTHORITY', '/run/user/1000/.mutter-Xwaylandauth.4ZVTL3'), ('LS_COLORS', ''), ('CURSOR_TRACE_ID', '2ac507847837424d9bf65893652cc69d'), ('SSH_AGENT_LAUNCHER', 'gnome-keyring'), ('SSH_AUTH_SOCK', '/run/user/1000/keyring/ssh'), ('GSETTINGS_SCHEMA_DIR', '/tmp/.mount_CursoriSs0re/usr/share/glib-2.0/schemas/:'), ('AMENT_PREFIX_PATH', '/home/huzy/My_orion/install/orion_pybullet_sim:/home/huzy/My_orion/install/orion_mtc:/home/huzy/My_orion/install/orion_moveit_config:/home/huzy/My_orion/install/orion_description:/opt/ros/humble'), ('SHELL', '/bin/bash'), ('LC_NAME', 'zh_CN.UTF-8'), ('ARGV0', '/home/huzy/Downloads/Cursor-1.4.5-x86_64.AppImage'), ('QT_ACCESSIBILITY', '1'), ('GDMSESSION', 'ubuntu'), ('LESSCLOSE', '/usr/bin/lesspipe %s %s'), ('LC_MEASUREMENT', 'zh_CN.UTF-8'), ('GJS_DEBUG_OUTPUT', 'stderr'), ('LC_IDENTIFICATION', 'zh_CN.UTF-8'), ('QT_IM_MODULE', 'fcitx'), ('PWD', '/home/huzy/My_orion/build/orion_mtc'), ('XDG_CONFIG_DIRS', '/etc/xdg/xdg-ubuntu:/etc/xdg'), ('VSCODE_CODE_CACHE_PATH', '/home/huzy/.config/Cursor/CachedData/7d96c2a03bb088ad367615e9da1a3fe20fbbc6a0'), ('CLUTTER_IM_MODULE', 'fcitx'), ('XDG_DATA_DIRS', '/tmp/.mount_CursoriSs0re/usr/share/:/usr/local/share:/usr/share:/usr/share/ubuntu:/usr/local/share/:/usr/share/:/var/lib/snapd/desktop'), ('PYTHONPATH', '/home/huzy/My_orion/install/orion_pybullet_sim/lib/python3.10/site-packages:/opt/ros/humble/lib/python3.10/site-packages:/opt/ros/humble/local/lib/python3.10/dist-packages'), ('LC_NUMERIC', 'zh_CN.UTF-8'), ('LC_PAPER', 'zh_CN.UTF-8'), ('QT_PLUGIN_PATH', '/tmp/.mount_CursoriSs0re/usr/lib/qt4/plugins/:/tmp/.mount_CursoriSs0re/usr/lib/i386-linux-gnu/qt4/plugins/:/tmp/.mount_CursoriSs0re/usr/lib/x86_64-linux-gnu/qt4/plugins/:/tmp/.mount_CursoriSs0re/usr/lib/aarch64-linux-gnu/qt4/plugins/:/tmp/.mount_CursoriSs0re/usr/lib32/qt4/plugins/:/tmp/.mount_CursoriSs0re/usr/lib64/qt4/plugins/:/tmp/.mount_CursoriSs0re/usr/lib/qt5/plugins/:/tmp/.mount_CursoriSs0re/usr/lib/i386-linux-gnu/qt5/plugins/:/tmp/.mount_CursoriSs0re/usr/lib/x86_64-linux-gnu/qt5/plugins/:/tmp/.mount_CursoriSs0re/usr/lib/aarch64-linux-gnu/qt5/plugins/:/tmp/.mount_CursoriSs0re/usr/lib32/qt5/plugins/:/tmp/.mount_CursoriSs0re/usr/lib64/qt5/plugins/:'), ('COLCON', '1'), ('_ZO_DOCTOR', '0'), ('CMAKE_PREFIX_PATH', '/home/huzy/My_orion/install/orion_moveit_config:/home/huzy/My_orion/install/orion_description:/home/huzy/My_orion/install/orion_mtc:/home/huzy/My_orion/install/orion_pybullet_sim:/opt/ros/humble'), ('VSCODE_PID', '3264')]), 'shell': False}
[0.100636] (-) TimerEvent: {}
[0.200927] (-) TimerEvent: {}
[0.211858] (orion_mtc) StdoutLine: {'line': b'Consolidate compiler generated dependencies of target mtc_node\n'}
[0.282621] (orion_mtc) StdoutLine: {'line': b'[ 50%] Building CXX object CMakeFiles/mtc_node.dir/src/mtc_node.cpp.o\n'}
[0.301083] (-) TimerEvent: {}
[0.401407] (-) TimerEvent: {}
[0.501649] (-) TimerEvent: {}
[0.601955] (-) TimerEvent: {}
[0.702222] (-) TimerEvent: {}
[0.802554] (-) TimerEvent: {}
[0.902995] (-) TimerEvent: {}
[1.003637] (-) TimerEvent: {}
[1.103933] (-) TimerEvent: {}
[1.204219] (-) TimerEvent: {}
[1.304618] (-) TimerEvent: {}
[1.405155] (-) TimerEvent: {}
[1.505425] (-) TimerEvent: {}
[1.605762] (-) TimerEvent: {}
[1.706052] (-) TimerEvent: {}
[1.806328] (-) TimerEvent: {}
[1.906692] (-) TimerEvent: {}
[2.007080] (-) TimerEvent: {}
[2.107404] (-) TimerEvent: {}
[2.207738] (-) TimerEvent: {}
[2.308092] (-) TimerEvent: {}
[2.408417] (-) TimerEvent: {}
[2.508861] (-) TimerEvent: {}
[2.609231] (-) TimerEvent: {}
[2.709701] (-) TimerEvent: {}
[2.810301] (-) TimerEvent: {}
[2.910718] (-) TimerEvent: {}
[3.011197] (-) TimerEvent: {}
[3.111574] (-) TimerEvent: {}
[3.211937] (-) TimerEvent: {}
[3.312359] (-) TimerEvent: {}
[3.412833] (-) TimerEvent: {}
[3.513121] (-) TimerEvent: {}
[3.613439] (-) TimerEvent: {}
[3.713812] (-) TimerEvent: {}
[3.814159] (-) TimerEvent: {}
[3.914461] (-) TimerEvent: {}
[4.014783] (-) TimerEvent: {}
[4.115073] (-) TimerEvent: {}
[4.215424] (-) TimerEvent: {}
[4.315757] (-) TimerEvent: {}
[4.416057] (-) TimerEvent: {}
[4.516352] (-) TimerEvent: {}
[4.616680] (-) TimerEvent: {}
[4.717005] (-) TimerEvent: {}
[4.817346] (-) TimerEvent: {}
[4.917742] (-) TimerEvent: {}
[5.018091] (-) TimerEvent: {}
[5.118427] (-) TimerEvent: {}
[5.218911] (-) TimerEvent: {}
[5.319257] (-) TimerEvent: {}
[5.419763] (-) TimerEvent: {}
[5.520058] (-) TimerEvent: {}
[5.620347] (-) TimerEvent: {}
[5.720855] (-) TimerEvent: {}
[5.821187] (-) TimerEvent: {}
[5.921493] (-) TimerEvent: {}
[6.021804] (-) TimerEvent: {}
[6.122180] (-) TimerEvent: {}
[6.222663] (-) TimerEvent: {}
[6.322964] (-) TimerEvent: {}
[6.423296] (-) TimerEvent: {}
[6.523578] (-) TimerEvent: {}
[6.623924] (-) TimerEvent: {}
[6.724266] (-) TimerEvent: {}
[6.824613] (-) TimerEvent: {}
[6.924918] (-) TimerEvent: {}
[7.025251] (-) TimerEvent: {}
[7.125624] (-) TimerEvent: {}
[7.225930] (-) TimerEvent: {}
[7.326260] (-) TimerEvent: {}
[7.426600] (-) TimerEvent: {}
[7.526894] (-) TimerEvent: {}
[7.627235] (-) TimerEvent: {}
[7.727644] (-) TimerEvent: {}
[7.827930] (-) TimerEvent: {}
[7.928211] (-) TimerEvent: {}
[8.028513] (-) TimerEvent: {}
[8.128866] (-) TimerEvent: {}
[8.229160] (-) TimerEvent: {}
[8.329453] (-) TimerEvent: {}
[8.429893] (-) TimerEvent: {}
[8.530502] (-) TimerEvent: {}
[8.630950] (-) TimerEvent: {}
[8.731992] (-) TimerEvent: {}
[8.832480] (-) TimerEvent: {}
[8.932977] (-) TimerEvent: {}
[9.033395] (-) TimerEvent: {}
[9.133640] (-) TimerEvent: {}
[9.233947] (-) TimerEvent: {}
[9.334737] (-) TimerEvent: {}
[9.435039] (-) TimerEvent: {}
[9.535353] (-) TimerEvent: {}
[9.635699] (-) TimerEvent: {}
[9.735980] (-) TimerEvent: {}
[9.836297] (-) TimerEvent: {}
[9.936645] (-) TimerEvent: {}
[10.036941] (-) TimerEvent: {}
[10.137350] (-) TimerEvent: {}
[10.237630] (-) TimerEvent: {}
[10.337990] (-) TimerEvent: {}
[10.438416] (-) TimerEvent: {}
[10.538804] (-) TimerEvent: {}
[10.639092] (-) TimerEvent: {}
[10.739417] (-) TimerEvent: {}
[10.839778] (-) TimerEvent: {}
[10.940075] (-) TimerEvent: {}
[11.040414] (-) TimerEvent: {}
[11.140742] (-) TimerEvent: {}
[11.241131] (-) TimerEvent: {}
[11.341480] (-) TimerEvent: {}
[11.441832] (-) TimerEvent: {}
[11.542162] (-) TimerEvent: {}
[11.642449] (-) TimerEvent: {}
[11.742778] (-) TimerEvent: {}
[11.843135] (-) TimerEvent: {}
[11.943495] (-) TimerEvent: {}
[12.044088] (-) TimerEvent: {}
[12.144473] (-) TimerEvent: {}
[12.244920] (-) TimerEvent: {}
[12.345221] (-) TimerEvent: {}
[12.445609] (-) TimerEvent: {}
[12.546003] (-) TimerEvent: {}
[12.646412] (-) TimerEvent: {}
[12.746893] (-) TimerEvent: {}
[12.847311] (-) TimerEvent: {}
[12.947829] (-) TimerEvent: {}
[13.048227] (-) TimerEvent: {}
[13.148564] (-) TimerEvent: {}
[13.248866] (-) TimerEvent: {}
[13.349169] (-) TimerEvent: {}
[13.449617] (-) TimerEvent: {}
[13.550016] (-) TimerEvent: {}
[13.650391] (-) TimerEvent: {}
[13.750845] (-) TimerEvent: {}
[13.851189] (-) TimerEvent: {}
[13.951523] (-) TimerEvent: {}
[14.055640] (-) TimerEvent: {}
[14.155919] (-) TimerEvent: {}
[14.256204] (-) TimerEvent: {}
[14.356614] (-) TimerEvent: {}
[14.456950] (-) TimerEvent: {}
[14.557273] (-) TimerEvent: {}
[14.657623] (-) TimerEvent: {}
[14.757915] (-) TimerEvent: {}
[14.858208] (-) TimerEvent: {}
[14.958601] (-) TimerEvent: {}
[15.058904] (-) TimerEvent: {}
[15.159203] (-) TimerEvent: {}
[15.259721] (-) TimerEvent: {}
[15.360076] (-) TimerEvent: {}
[15.460738] (-) TimerEvent: {}
[15.561273] (-) TimerEvent: {}
[15.661667] (-) TimerEvent: {}
[15.762041] (-) TimerEvent: {}
[15.862371] (-) TimerEvent: {}
[15.962828] (-) TimerEvent: {}
[16.063129] (-) TimerEvent: {}
[16.163425] (-) TimerEvent: {}
[16.263734] (-) TimerEvent: {}
[16.364044] (-) TimerEvent: {}
[16.464335] (-) TimerEvent: {}
[16.564639] (-) TimerEvent: {}
[16.664915] (-) TimerEvent: {}
[16.765186] (-) TimerEvent: {}
[16.865493] (-) TimerEvent: {}
[16.965814] (-) TimerEvent: {}
[17.066109] (-) TimerEvent: {}
[17.166420] (-) TimerEvent: {}
[17.266830] (-) TimerEvent: {}
[17.367177] (-) TimerEvent: {}
[17.467563] (-) TimerEvent: {}
[17.567886] (-) TimerEvent: {}
[17.668210] (-) TimerEvent: {}
[17.768495] (-) TimerEvent: {}
[17.868845] (-) TimerEvent: {}
[17.969144] (-) TimerEvent: {}
[18.069454] (-) TimerEvent: {}
[18.169790] (-) TimerEvent: {}
[18.270111] (-) TimerEvent: {}
[18.370424] (-) TimerEvent: {}
[18.470905] (-) TimerEvent: {}
[18.571224] (-) TimerEvent: {}
[18.671558] (-) TimerEvent: {}
[18.772321] (-) TimerEvent: {}
[18.872656] (-) TimerEvent: {}
[18.972997] (-) TimerEvent: {}
[19.073336] (-) TimerEvent: {}
[19.173656] (-) TimerEvent: {}
[19.274047] (-) TimerEvent: {}
[19.374349] (-) TimerEvent: {}
[19.474667] (-) TimerEvent: {}
[19.575005] (-) TimerEvent: {}
[19.675318] (-) TimerEvent: {}
[19.775591] (-) TimerEvent: {}
[19.875917] (-) TimerEvent: {}
[19.976285] (-) TimerEvent: {}
[20.076572] (-) TimerEvent: {}
[20.176935] (-) TimerEvent: {}
[20.277287] (-) TimerEvent: {}
[20.377743] (-) TimerEvent: {}
[20.478390] (-) TimerEvent: {}
[20.578716] (-) TimerEvent: {}
[20.679029] (-) TimerEvent: {}
[20.779300] (-) TimerEvent: {}
[20.879764] (-) TimerEvent: {}
[20.980220] (-) TimerEvent: {}
[21.080498] (-) TimerEvent: {}
[21.180790] (-) TimerEvent: {}
[21.281119] (-) TimerEvent: {}
[21.381473] (-) TimerEvent: {}
[21.481814] (-) TimerEvent: {}
[21.582198] (-) TimerEvent: {}
[21.682582] (-) TimerEvent: {}
[21.782918] (-) TimerEvent: {}
[21.883218] (-) TimerEvent: {}
[21.983563] (-) TimerEvent: {}
[22.083852] (-) TimerEvent: {}
[22.184137] (-) TimerEvent: {}
[22.284466] (-) TimerEvent: {}
[22.384882] (-) TimerEvent: {}
[22.485236] (-) TimerEvent: {}
[22.585795] (-) TimerEvent: {}
[22.686102] (-) TimerEvent: {}
[22.786500] (-) TimerEvent: {}
[22.887383] (-) TimerEvent: {}
[22.987691] (-) TimerEvent: {}
[23.088871] (-) TimerEvent: {}
[23.189211] (-) TimerEvent: {}
[23.289578] (-) TimerEvent: {}
[23.389985] (-) TimerEvent: {}
[23.490352] (-) TimerEvent: {}
[23.590662] (-) TimerEvent: {}
[23.690964] (-) TimerEvent: {}
[23.791246] (-) TimerEvent: {}
[23.891571] (-) TimerEvent: {}
[23.991855] (-) TimerEvent: {}
[24.092149] (-) TimerEvent: {}
[24.192450] (-) TimerEvent: {}
[24.292834] (-) TimerEvent: {}
[24.393286] (-) TimerEvent: {}
[24.493628] (-) TimerEvent: {}
[24.593977] (-) TimerEvent: {}
[24.694504] (-) TimerEvent: {}
[24.795053] (-) TimerEvent: {}
[24.895382] (-) TimerEvent: {}
[24.995810] (-) TimerEvent: {}
[25.096227] (-) TimerEvent: {}
[25.196648] (-) TimerEvent: {}
[25.296999] (-) TimerEvent: {}
[25.397342] (-) TimerEvent: {}
[25.497731] (-) TimerEvent: {}
[25.598083] (-) TimerEvent: {}
[25.698404] (-) TimerEvent: {}
[25.798775] (-) TimerEvent: {}
[25.899164] (-) TimerEvent: {}
[25.999629] (-) TimerEvent: {}
[26.099982] (-) TimerEvent: {}
[26.200266] (-) TimerEvent: {}
[26.300617] (-) TimerEvent: {}
[26.400979] (-) TimerEvent: {}
[26.501274] (-) TimerEvent: {}
[26.601625] (-) TimerEvent: {}
[26.701954] (-) TimerEvent: {}
[26.802284] (-) TimerEvent: {}
[26.902743] (-) TimerEvent: {}
[27.003105] (-) TimerEvent: {}
[27.103418] (-) TimerEvent: {}
[27.203791] (-) TimerEvent: {}
[27.304083] (-) TimerEvent: {}
[27.404406] (-) TimerEvent: {}
[27.504731] (-) TimerEvent: {}
[27.605163] (-) TimerEvent: {}
[27.706645] (-) TimerEvent: {}
[27.806963] (-) TimerEvent: {}
[27.907418] (-) TimerEvent: {}
[28.007802] (-) TimerEvent: {}
[28.108132] (-) TimerEvent: {}
[28.208449] (-) TimerEvent: {}
[28.308838] (-) TimerEvent: {}
[28.409605] (-) TimerEvent: {}
[28.509929] (-) TimerEvent: {}
[28.611648] (-) TimerEvent: {}
[28.712092] (-) TimerEvent: {}
[28.813654] (-) TimerEvent: {}
[28.914033] (-) TimerEvent: {}
[29.015105] (-) TimerEvent: {}
[29.115451] (-) TimerEvent: {}
[29.218207] (-) TimerEvent: {}
[29.318636] (-) TimerEvent: {}
[29.418969] (-) TimerEvent: {}
[29.519415] (-) TimerEvent: {}
[29.619872] (-) TimerEvent: {}
[29.720179] (-) TimerEvent: {}
[29.820477] (-) TimerEvent: {}
[29.920826] (-) TimerEvent: {}
[29.935758] (orion_mtc) StdoutLine: {'line': b'[100%] Linking CXX executable mtc_node\n'}
[30.020981] (-) TimerEvent: {}
[30.121316] (-) TimerEvent: {}
[30.221708] (-) TimerEvent: {}
[30.322124] (-) TimerEvent: {}
[30.422519] (-) TimerEvent: {}
[30.523013] (-) TimerEvent: {}
[30.623316] (-) TimerEvent: {}
[30.723611] (-) TimerEvent: {}
[30.823936] (-) TimerEvent: {}
[30.924256] (-) TimerEvent: {}
[31.024604] (-) TimerEvent: {}
[31.088392] (orion_mtc) StdoutLine: {'line': b'[100%] Built target mtc_node\n'}
[31.127787] (orion_mtc) CommandEnded: {'returncode': 0}
[31.128674] (-) TimerEvent: {}
[31.128736] (orion_mtc) JobProgress: {'identifier': 'orion_mtc', 'progress': 'install'}
[31.146991] (orion_mtc) Command: {'cmd': ['/usr/bin/cmake', '--install', '/home/huzy/My_orion/build/orion_mtc'], 'cwd': '/home/huzy/My_orion/build/orion_mtc', 'env': OrderedDict([('GJS_DEBUG_TOPICS', 'JS ERROR;JS LOG'), ('LESSOPEN', '| /usr/bin/lesspipe %s'), ('VSCODE_CWD', '/home/huzy'), ('CURSOR_EXTENSION_HOST_ROLE', 'agent-exec'), ('VSCODE_ESM_ENTRYPOINT', 'vs/workbench/api/node/extensionHostProcess'), ('LANGUAGE', 'zh_CN:en_AU:en_US:en'), ('USER', 'huzy'), ('LC_TIME', 'zh_CN.UTF-8'), ('VSCODE_NLS_CONFIG', '{"userLocale":"zh-cn","osLocale":"zh-cn","resolvedLanguage":"zh-cn","defaultMessagesFile":"/tmp/.mount_CursoriSs0re/usr/share/cursor/resources/app/out/nls.messages.json","languagePack":{"translationsConfigFile":"/home/huzy/.config/Cursor/clp/3bfb7f1471a52e527cfc1587dd57c7c1.zh-cn/tcf.json","messagesFile":"/home/huzy/.config/Cursor/clp/3bfb7f1471a52e527cfc1587dd57c7c1.zh-cn/7d96c2a03bb088ad367615e9da1a3fe20fbbc6a0/nls.messages.json","corruptMarkerFile":"/home/huzy/.config/Cursor/clp/3bfb7f1471a52e527cfc1587dd57c7c1.zh-cn/corrupted.info"},"locale":"zh-cn","availableLanguages":{"*":"zh-cn"},"_languagePackId":"3bfb7f1471a52e527cfc1587dd57c7c1.zh-cn","_languagePackSupport":true,"_translationsConfigFile":"/home/huzy/.config/Cursor/clp/3bfb7f1471a52e527cfc1587dd57c7c1.zh-cn/tcf.json","_cacheRoot":"/home/huzy/.config/Cursor/clp/3bfb7f1471a52e527cfc1587dd57c7c1.zh-cn","_resolvedLanguagePackCoreLocation":"/home/huzy/.config/Cursor/clp/3bfb7f1471a52e527cfc1587dd57c7c1.zh-cn/7d96c2a03bb088ad367615e9da1a3fe20fbbc6a0","_corruptedFile":"/home/huzy/.config/Cursor/clp/3bfb7f1471a52e527cfc1587dd57c7c1.zh-cn/corrupted.info"}'), ('CI', '1'), ('VSCODE_HANDLES_UNCAUGHT_ERRORS', 'true'), ('XDG_SESSION_TYPE', 'wayland'), ('SHLVL', '1'), ('LD_LIBRARY_PATH', '/usr/lib/x86_64-linux-gnu/gazebo-11/plugins:/opt/ros/humble/opt/rviz_ogre_vendor/lib:/opt/ros/humble/lib/x86_64-linux-gnu:/opt/ros/humble/lib:/tmp/.mount_CursoriSs0re/usr/lib/:/tmp/.mount_CursoriSs0re/usr/lib32/:/tmp/.mount_CursoriSs0re/usr/lib64/:/tmp/.mount_CursoriSs0re/lib/:/tmp/.mount_CursoriSs0re/lib/i386-linux-gnu/:/tmp/.mount_CursoriSs0re/lib/x86_64-linux-gnu/:/tmp/.mount_CursoriSs0re/lib/aarch64-linux-gnu/:/tmp/.mount_CursoriSs0re/lib32/:/tmp/.mount_CursoriSs0re/lib64/:'), ('HOME', '/home/huzy'), ('CHROME_DESKTOP', 'cursor.desktop'), ('APPDIR', '/tmp/.mount_CursoriSs0re'), ('OLDPWD', '/home/huzy/My_orion'), ('DESKTOP_SESSION', 'ubuntu'), ('PERLLIB', '/tmp/.mount_CursoriSs0re/usr/share/perl5/:/tmp/.mount_CursoriSs0re/usr/lib/perl5/:'), ('VSCODE_IPC_HOOK', '/run/user/1000/vscode-294d73a8-2.5.-main.sock'), ('GIO_LAUNCHED_DESKTOP_FILE', '/home/huzy/.local/share/applications/cursor-ime.desktop'), ('ROS_PYTHON_VERSION', '3'), ('GNOME_SHELL_SESSION_MODE', 'ubuntu'), ('GTK_MODULES', 'gail:atk-bridge'), ('SDL_IM_MODULE', 'fcitx'), ('LC_MONETARY', 'zh_CN.UTF-8'), ('MANAGERPID', '1541'), ('SYSTEMD_EXEC_PID', '1709'), ('IM_CONFIG_CHECK_ENV', '1'), ('NO_COLOR', '1'), ('DBUS_SESSION_BUS_ADDRESS', 'unix:path=/run/user/1000/bus'), ('GIO_LAUNCHED_DESKTOP_FILE_PID', '3264'), ('VSCODE_CRASH_REPORTER_PROCESS_TYPE', 'extensionHost'), ('IM_CONFIG_PHASE', '1'), ('WAYLAND_DISPLAY', 'wayland-0'), ('COLCON_PREFIX_PATH', '/home/huzy/My_orion/install'), ('ROS_DISTRO', 'humble'), ('GTK_IM_MODULE', 'fcitx'), ('LOGNAME', 'huzy'), ('FORCE_COLOR', '0'), ('OWD', '/home/huzy'), ('JOURNAL_STREAM', '8:22044'), ('_', '/usr/bin/colcon'), ('ROS_VERSION', '2'), ('XDG_SESSION_CLASS', 'user'), ('USERNAME', 'huzy'), ('TERM', 'dumb'), ('GNOME_DESKTOP_SESSION_ID', 'this-is-deprecated'), ('FC_FONTATIONS', '1'), ('ROS_LOCALHOST_ONLY', '0'), ('PATH', '/home/huzy/.local/bin:/home/huzy/bin:/home/huzy/bin:/home/huzy/.local/bin:/home/huzy/bin:/home/huzy/bin:/opt/ros/humble/bin:/tmp/.mount_CursoriSs0re/usr/bin/:/tmp/.mount_CursoriSs0re/usr/sbin/:/tmp/.mount_CursoriSs0re/usr/games/:/tmp/.mount_CursoriSs0re/bin/:/tmp/.mount_CursoriSs0re/sbin/:/home/huzy/.local/bin:/home/huzy/bin:/usr/local/sbin:/usr/local/bin:/usr/sbin:/usr/bin:/sbin:/bin:/usr/games:/usr/local/games:/snap/bin:/snap/bin'), ('SESSION_MANAGER', 'local/huzy-virtual-machine:@/tmp/.ICE-unix/1675,unix/huzy-virtual-machine:/tmp/.ICE-unix/1675'), ('INVOCATION_ID', 'a2601410a8d14920833ed6807e68bc15'), ('PAPERSIZE', 'a4'), ('APPIMAGE', '/home/huzy/Downloads/Cursor-1.4.5-x86_64.AppImage'), ('XDG_MENU_PREFIX', 'gnome-'), ('LC_ADDRESS', 'zh_CN.UTF-8'), ('VSCODE_PROCESS_TITLE', 'extension-host (agent-exec) [1-6]'), ('GNOME_SETUP_DISPLAY', ':1'), ('XDG_RUNTIME_DIR', '/run/user/1000'), ('GDK_BACKEND', 'x11'), ('CURSOR_AGENT', '1'), ('DISPLAY', ':0'), ('LANG', 'zh_CN.UTF-8'), ('XDG_CURRENT_DESKTOP', 'ubuntu:GNOME'), ('LC_TELEPHONE', 'zh_CN.UTF-8'), ('XMODIFIERS', '@im=fcitx'), ('XDG_SESSION_DESKTOP', 'ubuntu'), ('XAUTHORITY', '/run/user/1000/.mutter-Xwaylandauth.4ZVTL3'), ('LS_COLORS', ''), ('CURSOR_TRACE_ID', '2ac507847837424d9bf65893652cc69d'), ('SSH_AGENT_LAUNCHER', 'gnome-keyring'), ('SSH_AUTH_SOCK', '/run/user/1000/keyring/ssh'), ('GSETTINGS_SCHEMA_DIR', '/tmp/.mount_CursoriSs0re/usr/share/glib-2.0/schemas/:'), ('AMENT_PREFIX_PATH', '/home/huzy/My_orion/install/orion_pybullet_sim:/home/huzy/My_orion/install/orion_mtc:/home/huzy/My_orion/install/orion_moveit_config:/home/huzy/My_orion/install/orion_description:/opt/ros/humble'), ('SHELL', '/bin/bash'), ('LC_NAME', 'zh_CN.UTF-8'), ('ARGV0', '/home/huzy/Downloads/Cursor-1.4.5-x86_64.AppImage'), ('QT_ACCESSIBILITY', '1'), ('GDMSESSION', 'ubuntu'), ('LESSCLOSE', '/usr/bin/lesspipe %s %s'), ('LC_MEASUREMENT', 'zh_CN.UTF-8'), ('GJS_DEBUG_OUTPUT', 'stderr'), ('LC_IDENTIFICATION', 'zh_CN.UTF-8'), ('QT_IM_MODULE', 'fcitx'), ('PWD', '/home/huzy/My_orion/build/orion_mtc'), ('XDG_CONFIG_DIRS', '/etc/xdg/xdg-ubuntu:/etc/xdg'), ('VSCODE_CODE_CACHE_PATH', '/home/huzy/.config/Cursor/CachedData/7d96c2a03bb088ad367615e9da1a3fe20fbbc6a0'), ('CLUTTER_IM_MODULE', 'fcitx'), ('XDG_DATA_DIRS', '/tmp/.mount_CursoriSs0re/usr/share/:/usr/local/share:/usr/share:/usr/share/ubuntu:/usr/local/share/:/usr/share/:/var/lib/snapd/desktop'), ('PYTHONPATH', '/home/huzy/My_orion/install/orion_pybullet_sim/lib/python3.10/site-packages:/opt/ros/humble/lib/python3.10/site-packages:/opt/ros/humble/local/lib/python3.10/dist-packages'), ('LC_NUMERIC', 'zh_CN.UTF-8'), ('LC_PAPER', 'zh_CN.UTF-8'), ('QT_PLUGIN_PATH', '/tmp/.mount_CursoriSs0re/usr/lib/qt4/plugins/:/tmp/.mount_CursoriSs0re/usr/lib/i386-linux-gnu/qt4/plugins/:/tmp/.mount_CursoriSs0re/usr/lib/x86_64-linux-gnu/qt4/plugins/:/tmp/.mount_CursoriSs0re/usr/lib/aarch64-linux-gnu/qt4/plugins/:/tmp/.mount_CursoriSs0re/usr/lib32/qt4/plugins/:/tmp/.mount_CursoriSs0re/usr/lib64/qt4/plugins/:/tmp/.mount_CursoriSs0re/usr/lib/qt5/plugins/:/tmp/.mount_CursoriSs0re/usr/lib/i386-linux-gnu/qt5/plugins/:/tmp/.mount_CursoriSs0re/usr/lib/x86_64-linux-gnu/qt5/plugins/:/tmp/.mount_CursoriSs0re/usr/lib/aarch64-linux-gnu/qt5/plugins/:/tmp/.mount_CursoriSs0re/usr/lib32/qt5/plugins/:/tmp/.mount_CursoriSs0re/usr/lib64/qt5/plugins/:'), ('COLCON', '1'), ('_ZO_DOCTOR', '0'), ('CMAKE_PREFIX_PATH', '/home/huzy/My_orion/install/orion_moveit_config:/home/huzy/My_orion/install/orion_description:/home/huzy/My_orion/install/orion_mtc:/home/huzy/My_orion/install/orion_pybullet_sim:/opt/ros/humble'), ('VSCODE_PID', '3264')]), 'shell': False}
[31.183622] (orion_mtc) StdoutLine: {'line': b'-- Install configuration: "Release"\n'}
[31.183875] (orion_mtc) StdoutLine: {'line': b'-- Execute custom install script\n'}
[31.183941] (orion_mtc) StdoutLine: {'line': b'-- Up-to-date symlink: /home/huzy/My_orion/install/orion_mtc/lib/orion_mtc/mtc_node\n'}
[31.184000] (orion_mtc) StdoutLine: {'line': b'-- Up-to-date symlink: /home/huzy/My_orion/install/orion_mtc/share/orion_mtc/launch/pick_place_demo.launch.py\n'}
[31.184057] (orion_mtc) StdoutLine: {'line': b'-- Up-to-date symlink: /home/huzy/My_orion/install/orion_mtc/share/orion_mtc/launch/pick_place_pybullet.launch.py\n'}
[31.184115] (orion_mtc) StdoutLine: {'line': b'-- Up-to-date symlink: /home/huzy/My_orion/install/orion_mtc/share/ament_index/resource_index/package_run_dependencies/orion_mtc\n'}
[31.185427] (orion_mtc) StdoutLine: {'line': b'-- Up-to-date symlink: /home/huzy/My_orion/install/orion_mtc/share/ament_index/resource_index/parent_prefix_path/orion_mtc\n'}
[31.185602] (orion_mtc) StdoutLine: {'line': b'-- Up-to-date symlink: /home/huzy/My_orion/install/orion_mtc/share/orion_mtc/environment/ament_prefix_path.sh\n'}
[31.185695] (orion_mtc) StdoutLine: {'line': b'-- Up-to-date symlink: /home/huzy/My_orion/install/orion_mtc/share/orion_mtc/environment/ament_prefix_path.dsv\n'}
[31.185778] (orion_mtc) StdoutLine: {'line': b'-- Up-to-date symlink: /home/huzy/My_orion/install/orion_mtc/share/orion_mtc/environment/path.sh\n'}
[31.185855] (orion_mtc) StdoutLine: {'line': b'-- Up-to-date symlink: /home/huzy/My_orion/install/orion_mtc/share/orion_mtc/environment/path.dsv\n'}
[31.185928] (orion_mtc) StdoutLine: {'line': b'-- Up-to-date symlink: /home/huzy/My_orion/install/orion_mtc/share/orion_mtc/local_setup.bash\n'}
[31.186000] (orion_mtc) StdoutLine: {'line': b'-- Up-to-date symlink: /home/huzy/My_orion/install/orion_mtc/share/orion_mtc/local_setup.sh\n'}
[31.186071] (orion_mtc) StdoutLine: {'line': b'-- Up-to-date symlink: /home/huzy/My_orion/install/orion_mtc/share/orion_mtc/local_setup.zsh\n'}
[31.186143] (orion_mtc) StdoutLine: {'line': b'-- Up-to-date symlink: /home/huzy/My_orion/install/orion_mtc/share/orion_mtc/local_setup.dsv\n'}
[31.186214] (orion_mtc) StdoutLine: {'line': b'-- Symlinking: /home/huzy/My_orion/install/orion_mtc/share/orion_mtc/package.dsv\n'}
[31.208194] (orion_mtc) StdoutLine: {'line': b'-- Up-to-date symlink: /home/huzy/My_orion/install/orion_mtc/share/ament_index/resource_index/packages/orion_mtc\n'}
[31.208903] (orion_mtc) StdoutLine: {'line': b'-- Up-to-date symlink: /home/huzy/My_orion/install/orion_mtc/share/orion_mtc/cmake/orion_mtcConfig.cmake\n'}
[31.209726] (orion_mtc) StdoutLine: {'line': b'-- Up-to-date symlink: /home/huzy/My_orion/install/orion_mtc/share/orion_mtc/cmake/orion_mtcConfig-version.cmake\n'}
[31.210363] (orion_mtc) StdoutLine: {'line': b'-- Up-to-date symlink: /home/huzy/My_orion/install/orion_mtc/share/orion_mtc/package.xml\n'}
[31.217090] (orion_mtc) CommandEnded: {'returncode': 0}
[31.228843] (-) TimerEvent: {}
[31.240613] (orion_mtc) JobEnded: {'identifier': 'orion_mtc', 'rc': 0}
[31.241785] (-) EventReactorShutdown: {}
