[0.549s] Invoking command in '/home/huzy/My_orion/src/orion_holoocean_bridge': PYTHONPATH=/home/huzy/My_orion/build/orion_holoocean_bridge/prefix_override:/usr/lib/python3/dist-packages/colcon_core/task/python/colcon_distutils_commands:/home/huzy/My_orion/install/orion_holoocean_bridge/lib/python3.10/site-packages:${PYTHONPATH} /usr/bin/python3 -W ignore:setup.py install is deprecated -W ignore:easy_install command is deprecated setup.py egg_info --egg-base ../../build/orion_holoocean_bridge build --build-base /home/huzy/My_orion/build/orion_holoocean_bridge/build install --record /home/huzy/My_orion/build/orion_holoocean_bridge/install.log --single-version-externally-managed install_data
[0.721s] running egg_info
[0.721s] writing ../../build/orion_holoocean_bridge/orion_holoocean_bridge.egg-info/PKG-INFO
[0.721s] writing dependency_links to ../../build/orion_holoocean_bridge/orion_holoocean_bridge.egg-info/dependency_links.txt
[0.721s] writing entry points to ../../build/orion_holoocean_bridge/orion_holoocean_bridge.egg-info/entry_points.txt
[0.721s] writing requirements to ../../build/orion_holoocean_bridge/orion_holoocean_bridge.egg-info/requires.txt
[0.721s] writing top-level names to ../../build/orion_holoocean_bridge/orion_holoocean_bridge.egg-info/top_level.txt
[0.724s] reading manifest file '../../build/orion_holoocean_bridge/orion_holoocean_bridge.egg-info/SOURCES.txt'
[0.724s] writing manifest file '../../build/orion_holoocean_bridge/orion_holoocean_bridge.egg-info/SOURCES.txt'
[0.725s] running build
[0.725s] running build_py
[0.725s] copying orion_holoocean_bridge/arm_sensor_mapping_test_node.py -> /home/huzy/My_orion/build/orion_holoocean_bridge/build/lib/orion_holoocean_bridge
[0.726s] copying orion_holoocean_bridge/arm_sensor_to_joint_state_node.py -> /home/huzy/My_orion/build/orion_holoocean_bridge/build/lib/orion_holoocean_bridge
[0.726s] running install
[0.726s] running install_lib
[0.727s] copying /home/huzy/My_orion/build/orion_holoocean_bridge/build/lib/orion_holoocean_bridge/arm_sensor_mapping_test_node.py -> /home/huzy/My_orion/install/orion_holoocean_bridge/lib/python3.10/site-packages/orion_holoocean_bridge
[0.727s] copying /home/huzy/My_orion/build/orion_holoocean_bridge/build/lib/orion_holoocean_bridge/arm_sensor_to_joint_state_node.py -> /home/huzy/My_orion/install/orion_holoocean_bridge/lib/python3.10/site-packages/orion_holoocean_bridge
[0.728s] byte-compiling /home/huzy/My_orion/install/orion_holoocean_bridge/lib/python3.10/site-packages/orion_holoocean_bridge/arm_sensor_mapping_test_node.py to arm_sensor_mapping_test_node.cpython-310.pyc
[0.730s] byte-compiling /home/huzy/My_orion/install/orion_holoocean_bridge/lib/python3.10/site-packages/orion_holoocean_bridge/arm_sensor_to_joint_state_node.py to arm_sensor_to_joint_state_node.cpython-310.pyc
[0.731s] running install_data
[0.731s] running install_egg_info
[0.733s] removing '/home/huzy/My_orion/install/orion_holoocean_bridge/lib/python3.10/site-packages/orion_holoocean_bridge-0.0.1-py3.10.egg-info' (and everything under it)
[0.733s] Copying ../../build/orion_holoocean_bridge/orion_holoocean_bridge.egg-info to /home/huzy/My_orion/install/orion_holoocean_bridge/lib/python3.10/site-packages/orion_holoocean_bridge-0.0.1-py3.10.egg-info
[0.734s] running install_scripts
[0.754s] Installing arm_sensor_mapping_test script to /home/huzy/My_orion/install/orion_holoocean_bridge/lib/orion_holoocean_bridge
[0.754s] Installing arm_sensor_to_joint_state script to /home/huzy/My_orion/install/orion_holoocean_bridge/lib/orion_holoocean_bridge
[0.755s] Installing calibrate_arm_mapping script to /home/huzy/My_orion/install/orion_holoocean_bridge/lib/orion_holoocean_bridge
[0.755s] Installing trajectory_to_agent_bridge script to /home/huzy/My_orion/install/orion_holoocean_bridge/lib/orion_holoocean_bridge
[0.755s] writing list of installed files to '/home/huzy/My_orion/build/orion_holoocean_bridge/install.log'
[0.782s] Invoked command in '/home/huzy/My_orion/src/orion_holoocean_bridge' returned '0': PYTHONPATH=/home/huzy/My_orion/build/orion_holoocean_bridge/prefix_override:/usr/lib/python3/dist-packages/colcon_core/task/python/colcon_distutils_commands:/home/huzy/My_orion/install/orion_holoocean_bridge/lib/python3.10/site-packages:${PYTHONPATH} /usr/bin/python3 -W ignore:setup.py install is deprecated -W ignore:easy_install command is deprecated setup.py egg_info --egg-base ../../build/orion_holoocean_bridge build --build-base /home/huzy/My_orion/build/orion_holoocean_bridge/build install --record /home/huzy/My_orion/build/orion_holoocean_bridge/install.log --single-version-externally-managed install_data
