[0.000000] (-) TimerEvent: {}
[0.000319] (-) JobUnselected: {'identifier': 'orion_description'}
[0.000544] (-) JobUnselected: {'identifier': 'orion_moveit_config'}
[0.000586] (-) JobUnselected: {'identifier': 'orion_pybullet_sim'}
[0.000603] (orion_mtc) JobQueued: {'identifier': 'orion_mtc', 'dependencies': OrderedDict([('orion_description', '/home/huzy/My_orion/install/orion_description'), ('orion_moveit_config', '/home/huzy/My_orion/install/orion_moveit_config'), ('orion_pybullet_sim', '/home/huzy/My_orion/install/orion_pybullet_sim')])}
[0.000635] (orion_mtc) JobStarted: {'identifier': 'orion_mtc'}
[0.024925] (orion_mtc) JobProgress: {'identifier': 'orion_mtc', 'progress': 'cmake'}
[0.025742] (orion_mtc) JobProgress: {'identifier': 'orion_mtc', 'progress': 'build'}
[0.026427] (orion_mtc) Command: {'cmd': ['/usr/bin/cmake', '--build', '/home/huzy/My_orion/build/orion_mtc', '--', '-j8', '-l8'], 'cwd': '/home/huzy/My_orion/build/orion_mtc', 'env': OrderedDict([('GJS_DEBUG_TOPICS', 'JS ERROR;JS LOG'), ('LESSOPEN', '| /usr/bin/lesspipe %s'), ('VSCODE_CWD', '/home/huzy'), ('CURSOR_EXTENSION_HOST_ROLE', 'agent-exec'), ('VSCODE_ESM_ENTRYPOINT', 'vs/workbench/api/node/extensionHostProcess'), ('LANGUAGE', 'zh_CN:en_AU:en_US:en'), ('USER', 'huzy'), ('LC_TIME', 'zh_CN.UTF-8'), ('VSCODE_NLS_CONFIG', '{"userLocale":"zh-cn","osLocale":"zh-cn","resolvedLanguage":"zh-cn","defaultMessagesFile":"/tmp/.mount_CursorUXtYWI/usr/share/cursor/resources/app/out/nls.messages.json","languagePack":{"translationsConfigFile":"/home/huzy/.config/Cursor/clp/3bfb7f1471a52e527cfc1587dd57c7c1.zh-cn/tcf.json","messagesFile":"/home/huzy/.config/Cursor/clp/3bfb7f1471a52e527cfc1587dd57c7c1.zh-cn/8c95649f251a168cc4bb34c89531fae7db4bd990/nls.messages.json","corruptMarkerFile":"/home/huzy/.config/Cursor/clp/3bfb7f1471a52e527cfc1587dd57c7c1.zh-cn/corrupted.info"},"locale":"zh-cn","availableLanguages":{"*":"zh-cn"},"_languagePackId":"3bfb7f1471a52e527cfc1587dd57c7c1.zh-cn","_languagePackSupport":true,"_translationsConfigFile":"/home/huzy/.config/Cursor/clp/3bfb7f1471a52e527cfc1587dd57c7c1.zh-cn/tcf.json","_cacheRoot":"/home/huzy/.config/Cursor/clp/3bfb7f1471a52e527cfc1587dd57c7c1.zh-cn","_resolvedLanguagePackCoreLocation":"/home/huzy/.config/Cursor/clp/3bfb7f1471a52e527cfc1587dd57c7c1.zh-cn/8c95649f251a168cc4bb34c89531fae7db4bd990","_corruptedFile":"/home/huzy/.config/Cursor/clp/3bfb7f1471a52e527cfc1587dd57c7c1.zh-cn/corrupted.info"}'), ('CI', '1'), ('VSCODE_HANDLES_UNCAUGHT_ERRORS', 'true'), ('XDG_SESSION_TYPE', 'wayland'), ('SHLVL', '1'), ('LD_LIBRARY_PATH', '/usr/lib/x86_64-linux-gnu/gazebo-11/plugins:/opt/ros/humble/opt/rviz_ogre_vendor/lib:/opt/ros/humble/lib/x86_64-linux-gnu:/opt/ros/humble/lib:/tmp/.mount_CursorUXtYWI/usr/lib/:/tmp/.mount_CursorUXtYWI/usr/lib32/:/tmp/.mount_CursorUXtYWI/usr/lib64/:/tmp/.mount_CursorUXtYWI/lib/:/tmp/.mount_CursorUXtYWI/lib/i386-linux-gnu/:/tmp/.mount_CursorUXtYWI/lib/x86_64-linux-gnu/:/tmp/.mount_CursorUXtYWI/lib/aarch64-linux-gnu/:/tmp/.mount_CursorUXtYWI/lib32/:/tmp/.mount_CursorUXtYWI/lib64/:'), ('HOME', '/home/huzy'), ('CHROME_DESKTOP', 'cursor.desktop'), ('APPDIR', '/tmp/.mount_CursorUXtYWI'), ('OLDPWD', '/home/huzy/My_orion'), ('DESKTOP_SESSION', 'ubuntu'), ('PERLLIB', '/tmp/.mount_CursorUXtYWI/usr/share/perl5/:/tmp/.mount_CursorUXtYWI/usr/lib/perl5/:'), ('VSCODE_IPC_HOOK', '/run/user/1000/vscode-294d73a8-2.6.-main.sock'), ('GIO_LAUNCHED_DESKTOP_FILE', '/home/huzy/.local/share/applications/cursor-ime.desktop'), ('ROS_PYTHON_VERSION', '3'), ('GNOME_SHELL_SESSION_MODE', 'ubuntu'), ('GTK_MODULES', 'gail:atk-bridge'), ('SDL_IM_MODULE', 'fcitx'), ('LC_MONETARY', 'zh_CN.UTF-8'), ('CURSOR_WORKSPACE_LABEL', 'My_orion'), ('MANAGERPID', '1530'), ('SYSTEMD_EXEC_PID', '1714'), ('IM_CONFIG_CHECK_ENV', '1'), ('NO_COLOR', '1'), ('DBUS_SESSION_BUS_ADDRESS', 'unix:path=/run/user/1000/bus'), ('GIO_LAUNCHED_DESKTOP_FILE_PID', '2990'), ('VSCODE_CRASH_REPORTER_PROCESS_TYPE', 'extensionHost'), ('IM_CONFIG_PHASE', '1'), ('WAYLAND_DISPLAY', 'wayland-0'), ('COLCON_PREFIX_PATH', '/home/huzy/My_orion/install'), ('ROS_DISTRO', 'humble'), ('GTK_IM_MODULE', 'fcitx'), ('LOGNAME', 'huzy'), ('FORCE_COLOR', '0'), ('OWD', '/home/huzy'), ('JOURNAL_STREAM', '8:25737'), ('_', '/usr/bin/colcon'), ('ROS_VERSION', '2'), ('XDG_SESSION_CLASS', 'user'), ('USERNAME', 'huzy'), ('TERM', 'dumb'), ('GNOME_DESKTOP_SESSION_ID', 'this-is-deprecated'), ('FC_FONTATIONS', '1'), ('ROS_LOCALHOST_ONLY', '0'), ('PATH', '/home/huzy/.local/bin:/home/huzy/bin:/home/huzy/bin:/home/huzy/.local/bin:/home/huzy/bin:/home/huzy/bin:/opt/ros/humble/bin:/tmp/.mount_CursorUXtYWI/usr/bin/:/tmp/.mount_CursorUXtYWI/usr/sbin/:/tmp/.mount_CursorUXtYWI/usr/games/:/tmp/.mount_CursorUXtYWI/bin/:/tmp/.mount_CursorUXtYWI/sbin/:/home/huzy/.local/bin:/home/huzy/bin:/usr/local/sbin:/usr/local/bin:/usr/sbin:/usr/bin:/sbin:/bin:/usr/games:/usr/local/games:/snap/bin:/snap/bin'), ('SESSION_MANAGER', 'local/huzy-virtual-machine:@/tmp/.ICE-unix/1679,unix/huzy-virtual-machine:/tmp/.ICE-unix/1679'), ('INVOCATION_ID', '826d726d6f664b3f89826df4c6724b2b'), ('PAPERSIZE', 'a4'), ('APPIMAGE', '/home/huzy/Downloads/Cursor-1.4.5-x86_64.AppImage'), ('XDG_MENU_PREFIX', 'gnome-'), ('LC_ADDRESS', 'zh_CN.UTF-8'), ('VSCODE_PROCESS_TITLE', 'extension-host (agent-exec) My_orion [1-3]'), ('GNOME_SETUP_DISPLAY', ':1'), ('XDG_RUNTIME_DIR', '/run/user/1000'), ('GDK_BACKEND', 'x11'), ('CURSOR_AGENT', '1'), ('DISPLAY', ':0'), ('LANG', 'zh_CN.UTF-8'), ('XDG_CURRENT_DESKTOP', 'ubuntu:GNOME'), ('LC_TELEPHONE', 'zh_CN.UTF-8'), ('XMODIFIERS', '@im=fcitx'), ('XDG_SESSION_DESKTOP', 'ubuntu'), ('XAUTHORITY', '/run/user/1000/.mutter-Xwaylandauth.LF0LL3'), ('LS_COLORS', ''), ('CURSOR_TRACE_ID', 'd42350f5f41c41808637c56825ce7e0d'), ('SSH_AGENT_LAUNCHER', 'gnome-keyring'), ('SSH_AUTH_SOCK', '/run/user/1000/keyring/ssh'), ('GSETTINGS_SCHEMA_DIR', '/tmp/.mount_CursorUXtYWI/usr/share/glib-2.0/schemas/:'), ('AMENT_PREFIX_PATH', '/home/huzy/My_orion/install/orion_pybullet_sim:/home/huzy/My_orion/install/orion_mtc:/home/huzy/My_orion/install/orion_moveit_config:/home/huzy/My_orion/install/orion_description:/opt/ros/humble'), ('SHELL', '/bin/bash'), ('LC_NAME', 'zh_CN.UTF-8'), ('ARGV0', '/home/huzy/Downloads/Cursor-1.4.5-x86_64.AppImage'), ('QT_ACCESSIBILITY', '1'), ('GDMSESSION', 'ubuntu'), ('LESSCLOSE', '/usr/bin/lesspipe %s %s'), ('LC_MEASUREMENT', 'zh_CN.UTF-8'), ('GJS_DEBUG_OUTPUT', 'stderr'), ('LC_IDENTIFICATION', 'zh_CN.UTF-8'), ('QT_IM_MODULE', 'fcitx'), ('PWD', '/home/huzy/My_orion/build/orion_mtc'), ('XDG_CONFIG_DIRS', '/etc/xdg/xdg-ubuntu:/etc/xdg'), ('VSCODE_CODE_CACHE_PATH', '/home/huzy/.config/Cursor/CachedData/8c95649f251a168cc4bb34c89531fae7db4bd990'), ('CLUTTER_IM_MODULE', 'fcitx'), ('XDG_DATA_DIRS', '/tmp/.mount_CursorUXtYWI/usr/share/:/usr/local/share:/usr/share:/usr/share/ubuntu:/usr/local/share/:/usr/share/:/var/lib/snapd/desktop'), ('PYTHONPATH', '/home/huzy/My_orion/install/orion_pybullet_sim/lib/python3.10/site-packages:/opt/ros/humble/lib/python3.10/site-packages:/opt/ros/humble/local/lib/python3.10/dist-packages'), ('LC_NUMERIC', 'zh_CN.UTF-8'), ('LC_PAPER', 'zh_CN.UTF-8'), ('QT_PLUGIN_PATH', '/tmp/.mount_CursorUXtYWI/usr/lib/qt4/plugins/:/tmp/.mount_CursorUXtYWI/usr/lib/i386-linux-gnu/qt4/plugins/:/tmp/.mount_CursorUXtYWI/usr/lib/x86_64-linux-gnu/qt4/plugins/:/tmp/.mount_CursorUXtYWI/usr/lib/aarch64-linux-gnu/qt4/plugins/:/tmp/.mount_CursorUXtYWI/usr/lib32/qt4/plugins/:/tmp/.mount_CursorUXtYWI/usr/lib64/qt4/plugins/:/tmp/.mount_CursorUXtYWI/usr/lib/qt5/plugins/:/tmp/.mount_CursorUXtYWI/usr/lib/i386-linux-gnu/qt5/plugins/:/tmp/.mount_CursorUXtYWI/usr/lib/x86_64-linux-gnu/qt5/plugins/:/tmp/.mount_CursorUXtYWI/usr/lib/aarch64-linux-gnu/qt5/plugins/:/tmp/.mount_CursorUXtYWI/usr/lib32/qt5/plugins/:/tmp/.mount_CursorUXtYWI/usr/lib64/qt5/plugins/:'), ('COLCON', '1'), ('_ZO_DOCTOR', '0'), ('CMAKE_PREFIX_PATH', '/home/huzy/My_orion/install/orion_moveit_config:/home/huzy/My_orion/install/orion_description:/home/huzy/My_orion/install/orion_mtc:/home/huzy/My_orion/install/orion_pybullet_sim:/opt/ros/humble'), ('VSCODE_PID', '2990')]), 'shell': False}
[0.099556] (-) TimerEvent: {}
[0.189728] (orion_mtc) StdoutLine: {'line': b'[ 50%] Building CXX object CMakeFiles/mtc_node.dir/src/mtc_node.cpp.o\n'}
[0.199676] (-) TimerEvent: {}
[0.299967] (-) TimerEvent: {}
[0.400259] (-) TimerEvent: {}
[0.500596] (-) TimerEvent: {}
[0.600913] (-) TimerEvent: {}
[0.701194] (-) TimerEvent: {}
[0.801505] (-) TimerEvent: {}
[0.901863] (-) TimerEvent: {}
[1.002151] (-) TimerEvent: {}
[1.102590] (-) TimerEvent: {}
[1.203020] (-) TimerEvent: {}
[1.303318] (-) TimerEvent: {}
[1.403630] (-) TimerEvent: {}
[1.503984] (-) TimerEvent: {}
[1.604400] (-) TimerEvent: {}
[1.704741] (-) TimerEvent: {}
[1.805044] (-) TimerEvent: {}
[1.905356] (-) TimerEvent: {}
[2.005662] (-) TimerEvent: {}
[2.105956] (-) TimerEvent: {}
[2.206265] (-) TimerEvent: {}
[2.306592] (-) TimerEvent: {}
[2.406870] (-) TimerEvent: {}
[2.507279] (-) TimerEvent: {}
[2.607653] (-) TimerEvent: {}
[2.707956] (-) TimerEvent: {}
[2.808249] (-) TimerEvent: {}
[2.908550] (-) TimerEvent: {}
[3.008860] (-) TimerEvent: {}
[3.109145] (-) TimerEvent: {}
[3.209462] (-) TimerEvent: {}
[3.309885] (-) TimerEvent: {}
[3.410163] (-) TimerEvent: {}
[3.510581] (-) TimerEvent: {}
[3.610866] (-) TimerEvent: {}
[3.711147] (-) TimerEvent: {}
[3.811417] (-) TimerEvent: {}
[3.913664] (-) TimerEvent: {}
[4.013996] (-) TimerEvent: {}
[4.114351] (-) TimerEvent: {}
[4.215013] (-) TimerEvent: {}
[4.315357] (-) TimerEvent: {}
[4.415755] (-) TimerEvent: {}
[4.516129] (-) TimerEvent: {}
[4.616462] (-) TimerEvent: {}
[4.716831] (-) TimerEvent: {}
[4.817124] (-) TimerEvent: {}
[4.917426] (-) TimerEvent: {}
[5.017739] (-) TimerEvent: {}
[5.118053] (-) TimerEvent: {}
[5.218382] (-) TimerEvent: {}
[5.318698] (-) TimerEvent: {}
[5.418983] (-) TimerEvent: {}
[5.519280] (-) TimerEvent: {}
[5.619636] (-) TimerEvent: {}
[5.719927] (-) TimerEvent: {}
[5.820302] (-) TimerEvent: {}
[5.920638] (-) TimerEvent: {}
[6.020913] (-) TimerEvent: {}
[6.121226] (-) TimerEvent: {}
[6.221663] (-) TimerEvent: {}
[6.321976] (-) TimerEvent: {}
[6.422264] (-) TimerEvent: {}
[6.522650] (-) TimerEvent: {}
[6.622981] (-) TimerEvent: {}
[6.723255] (-) TimerEvent: {}
[6.823602] (-) TimerEvent: {}
[6.923915] (-) TimerEvent: {}
[7.024215] (-) TimerEvent: {}
[7.124510] (-) TimerEvent: {}
[7.224940] (-) TimerEvent: {}
[7.325339] (-) TimerEvent: {}
[7.425906] (-) TimerEvent: {}
[7.526223] (-) TimerEvent: {}
[7.626655] (-) TimerEvent: {}
[7.726970] (-) TimerEvent: {}
[7.827266] (-) TimerEvent: {}
[7.927555] (-) TimerEvent: {}
[8.027896] (-) TimerEvent: {}
[8.128186] (-) TimerEvent: {}
[8.228623] (-) TimerEvent: {}
[8.328957] (-) TimerEvent: {}
[8.429258] (-) TimerEvent: {}
[8.529595] (-) TimerEvent: {}
[8.630026] (-) TimerEvent: {}
[8.730411] (-) TimerEvent: {}
[8.830782] (-) TimerEvent: {}
[8.931116] (-) TimerEvent: {}
[9.031616] (-) TimerEvent: {}
[9.132124] (-) TimerEvent: {}
[9.233268] (-) TimerEvent: {}
[9.333639] (-) TimerEvent: {}
[9.433958] (-) TimerEvent: {}
[9.534340] (-) TimerEvent: {}
[9.635088] (-) TimerEvent: {}
[9.735455] (-) TimerEvent: {}
[9.835812] (-) TimerEvent: {}
[9.936205] (-) TimerEvent: {}
[10.036601] (-) TimerEvent: {}
[10.136944] (-) TimerEvent: {}
[10.237236] (-) TimerEvent: {}
[10.337623] (-) TimerEvent: {}
[10.438049] (-) TimerEvent: {}
[10.538358] (-) TimerEvent: {}
[10.638654] (-) TimerEvent: {}
[10.738971] (-) TimerEvent: {}
[10.839274] (-) TimerEvent: {}
[10.939557] (-) TimerEvent: {}
[11.039854] (-) TimerEvent: {}
[11.140140] (-) TimerEvent: {}
[11.240422] (-) TimerEvent: {}
[11.340734] (-) TimerEvent: {}
[11.441082] (-) TimerEvent: {}
[11.541377] (-) TimerEvent: {}
[11.641665] (-) TimerEvent: {}
[11.741966] (-) TimerEvent: {}
[11.842271] (-) TimerEvent: {}
[11.942548] (-) TimerEvent: {}
[12.042858] (-) TimerEvent: {}
[12.143145] (-) TimerEvent: {}
[12.243576] (-) TimerEvent: {}
[12.343860] (-) TimerEvent: {}
[12.444140] (-) TimerEvent: {}
[12.544444] (-) TimerEvent: {}
[12.644781] (-) TimerEvent: {}
[12.745079] (-) TimerEvent: {}
[12.845386] (-) TimerEvent: {}
[12.945697] (-) TimerEvent: {}
[13.046003] (-) TimerEvent: {}
[13.146330] (-) TimerEvent: {}
[13.197654] (orion_mtc) StdoutLine: {'line': b'[100%] Linking CXX executable mtc_node\n'}
[13.246524] (-) TimerEvent: {}
[13.346858] (-) TimerEvent: {}
[13.447196] (-) TimerEvent: {}
[13.547509] (-) TimerEvent: {}
[13.647845] (-) TimerEvent: {}
[13.748168] (-) TimerEvent: {}
[13.794498] (orion_mtc) StdoutLine: {'line': b'[100%] Built target mtc_node\n'}
[13.813902] (orion_mtc) CommandEnded: {'returncode': 0}
[13.814784] (orion_mtc) JobProgress: {'identifier': 'orion_mtc', 'progress': 'install'}
[13.831826] (orion_mtc) Command: {'cmd': ['/usr/bin/cmake', '--install', '/home/huzy/My_orion/build/orion_mtc'], 'cwd': '/home/huzy/My_orion/build/orion_mtc', 'env': OrderedDict([('GJS_DEBUG_TOPICS', 'JS ERROR;JS LOG'), ('LESSOPEN', '| /usr/bin/lesspipe %s'), ('VSCODE_CWD', '/home/huzy'), ('CURSOR_EXTENSION_HOST_ROLE', 'agent-exec'), ('VSCODE_ESM_ENTRYPOINT', 'vs/workbench/api/node/extensionHostProcess'), ('LANGUAGE', 'zh_CN:en_AU:en_US:en'), ('USER', 'huzy'), ('LC_TIME', 'zh_CN.UTF-8'), ('VSCODE_NLS_CONFIG', '{"userLocale":"zh-cn","osLocale":"zh-cn","resolvedLanguage":"zh-cn","defaultMessagesFile":"/tmp/.mount_CursorUXtYWI/usr/share/cursor/resources/app/out/nls.messages.json","languagePack":{"translationsConfigFile":"/home/huzy/.config/Cursor/clp/3bfb7f1471a52e527cfc1587dd57c7c1.zh-cn/tcf.json","messagesFile":"/home/huzy/.config/Cursor/clp/3bfb7f1471a52e527cfc1587dd57c7c1.zh-cn/8c95649f251a168cc4bb34c89531fae7db4bd990/nls.messages.json","corruptMarkerFile":"/home/huzy/.config/Cursor/clp/3bfb7f1471a52e527cfc1587dd57c7c1.zh-cn/corrupted.info"},"locale":"zh-cn","availableLanguages":{"*":"zh-cn"},"_languagePackId":"3bfb7f1471a52e527cfc1587dd57c7c1.zh-cn","_languagePackSupport":true,"_translationsConfigFile":"/home/huzy/.config/Cursor/clp/3bfb7f1471a52e527cfc1587dd57c7c1.zh-cn/tcf.json","_cacheRoot":"/home/huzy/.config/Cursor/clp/3bfb7f1471a52e527cfc1587dd57c7c1.zh-cn","_resolvedLanguagePackCoreLocation":"/home/huzy/.config/Cursor/clp/3bfb7f1471a52e527cfc1587dd57c7c1.zh-cn/8c95649f251a168cc4bb34c89531fae7db4bd990","_corruptedFile":"/home/huzy/.config/Cursor/clp/3bfb7f1471a52e527cfc1587dd57c7c1.zh-cn/corrupted.info"}'), ('CI', '1'), ('VSCODE_HANDLES_UNCAUGHT_ERRORS', 'true'), ('XDG_SESSION_TYPE', 'wayland'), ('SHLVL', '1'), ('LD_LIBRARY_PATH', '/usr/lib/x86_64-linux-gnu/gazebo-11/plugins:/opt/ros/humble/opt/rviz_ogre_vendor/lib:/opt/ros/humble/lib/x86_64-linux-gnu:/opt/ros/humble/lib:/tmp/.mount_CursorUXtYWI/usr/lib/:/tmp/.mount_CursorUXtYWI/usr/lib32/:/tmp/.mount_CursorUXtYWI/usr/lib64/:/tmp/.mount_CursorUXtYWI/lib/:/tmp/.mount_CursorUXtYWI/lib/i386-linux-gnu/:/tmp/.mount_CursorUXtYWI/lib/x86_64-linux-gnu/:/tmp/.mount_CursorUXtYWI/lib/aarch64-linux-gnu/:/tmp/.mount_CursorUXtYWI/lib32/:/tmp/.mount_CursorUXtYWI/lib64/:'), ('HOME', '/home/huzy'), ('CHROME_DESKTOP', 'cursor.desktop'), ('APPDIR', '/tmp/.mount_CursorUXtYWI'), ('OLDPWD', '/home/huzy/My_orion'), ('DESKTOP_SESSION', 'ubuntu'), ('PERLLIB', '/tmp/.mount_CursorUXtYWI/usr/share/perl5/:/tmp/.mount_CursorUXtYWI/usr/lib/perl5/:'), ('VSCODE_IPC_HOOK', '/run/user/1000/vscode-294d73a8-2.6.-main.sock'), ('GIO_LAUNCHED_DESKTOP_FILE', '/home/huzy/.local/share/applications/cursor-ime.desktop'), ('ROS_PYTHON_VERSION', '3'), ('GNOME_SHELL_SESSION_MODE', 'ubuntu'), ('GTK_MODULES', 'gail:atk-bridge'), ('SDL_IM_MODULE', 'fcitx'), ('LC_MONETARY', 'zh_CN.UTF-8'), ('CURSOR_WORKSPACE_LABEL', 'My_orion'), ('MANAGERPID', '1530'), ('SYSTEMD_EXEC_PID', '1714'), ('IM_CONFIG_CHECK_ENV', '1'), ('NO_COLOR', '1'), ('DBUS_SESSION_BUS_ADDRESS', 'unix:path=/run/user/1000/bus'), ('GIO_LAUNCHED_DESKTOP_FILE_PID', '2990'), ('VSCODE_CRASH_REPORTER_PROCESS_TYPE', 'extensionHost'), ('IM_CONFIG_PHASE', '1'), ('WAYLAND_DISPLAY', 'wayland-0'), ('COLCON_PREFIX_PATH', '/home/huzy/My_orion/install'), ('ROS_DISTRO', 'humble'), ('GTK_IM_MODULE', 'fcitx'), ('LOGNAME', 'huzy'), ('FORCE_COLOR', '0'), ('OWD', '/home/huzy'), ('JOURNAL_STREAM', '8:25737'), ('_', '/usr/bin/colcon'), ('ROS_VERSION', '2'), ('XDG_SESSION_CLASS', 'user'), ('USERNAME', 'huzy'), ('TERM', 'dumb'), ('GNOME_DESKTOP_SESSION_ID', 'this-is-deprecated'), ('FC_FONTATIONS', '1'), ('ROS_LOCALHOST_ONLY', '0'), ('PATH', '/home/huzy/.local/bin:/home/huzy/bin:/home/huzy/bin:/home/huzy/.local/bin:/home/huzy/bin:/home/huzy/bin:/opt/ros/humble/bin:/tmp/.mount_CursorUXtYWI/usr/bin/:/tmp/.mount_CursorUXtYWI/usr/sbin/:/tmp/.mount_CursorUXtYWI/usr/games/:/tmp/.mount_CursorUXtYWI/bin/:/tmp/.mount_CursorUXtYWI/sbin/:/home/huzy/.local/bin:/home/huzy/bin:/usr/local/sbin:/usr/local/bin:/usr/sbin:/usr/bin:/sbin:/bin:/usr/games:/usr/local/games:/snap/bin:/snap/bin'), ('SESSION_MANAGER', 'local/huzy-virtual-machine:@/tmp/.ICE-unix/1679,unix/huzy-virtual-machine:/tmp/.ICE-unix/1679'), ('INVOCATION_ID', '826d726d6f664b3f89826df4c6724b2b'), ('PAPERSIZE', 'a4'), ('APPIMAGE', '/home/huzy/Downloads/Cursor-1.4.5-x86_64.AppImage'), ('XDG_MENU_PREFIX', 'gnome-'), ('LC_ADDRESS', 'zh_CN.UTF-8'), ('VSCODE_PROCESS_TITLE', 'extension-host (agent-exec) My_orion [1-3]'), ('GNOME_SETUP_DISPLAY', ':1'), ('XDG_RUNTIME_DIR', '/run/user/1000'), ('GDK_BACKEND', 'x11'), ('CURSOR_AGENT', '1'), ('DISPLAY', ':0'), ('LANG', 'zh_CN.UTF-8'), ('XDG_CURRENT_DESKTOP', 'ubuntu:GNOME'), ('LC_TELEPHONE', 'zh_CN.UTF-8'), ('XMODIFIERS', '@im=fcitx'), ('XDG_SESSION_DESKTOP', 'ubuntu'), ('XAUTHORITY', '/run/user/1000/.mutter-Xwaylandauth.LF0LL3'), ('LS_COLORS', ''), ('CURSOR_TRACE_ID', 'd42350f5f41c41808637c56825ce7e0d'), ('SSH_AGENT_LAUNCHER', 'gnome-keyring'), ('SSH_AUTH_SOCK', '/run/user/1000/keyring/ssh'), ('GSETTINGS_SCHEMA_DIR', '/tmp/.mount_CursorUXtYWI/usr/share/glib-2.0/schemas/:'), ('AMENT_PREFIX_PATH', '/home/huzy/My_orion/install/orion_pybullet_sim:/home/huzy/My_orion/install/orion_mtc:/home/huzy/My_orion/install/orion_moveit_config:/home/huzy/My_orion/install/orion_description:/opt/ros/humble'), ('SHELL', '/bin/bash'), ('LC_NAME', 'zh_CN.UTF-8'), ('ARGV0', '/home/huzy/Downloads/Cursor-1.4.5-x86_64.AppImage'), ('QT_ACCESSIBILITY', '1'), ('GDMSESSION', 'ubuntu'), ('LESSCLOSE', '/usr/bin/lesspipe %s %s'), ('LC_MEASUREMENT', 'zh_CN.UTF-8'), ('GJS_DEBUG_OUTPUT', 'stderr'), ('LC_IDENTIFICATION', 'zh_CN.UTF-8'), ('QT_IM_MODULE', 'fcitx'), ('PWD', '/home/huzy/My_orion/build/orion_mtc'), ('XDG_CONFIG_DIRS', '/etc/xdg/xdg-ubuntu:/etc/xdg'), ('VSCODE_CODE_CACHE_PATH', '/home/huzy/.config/Cursor/CachedData/8c95649f251a168cc4bb34c89531fae7db4bd990'), ('CLUTTER_IM_MODULE', 'fcitx'), ('XDG_DATA_DIRS', '/tmp/.mount_CursorUXtYWI/usr/share/:/usr/local/share:/usr/share:/usr/share/ubuntu:/usr/local/share/:/usr/share/:/var/lib/snapd/desktop'), ('PYTHONPATH', '/home/huzy/My_orion/install/orion_pybullet_sim/lib/python3.10/site-packages:/opt/ros/humble/lib/python3.10/site-packages:/opt/ros/humble/local/lib/python3.10/dist-packages'), ('LC_NUMERIC', 'zh_CN.UTF-8'), ('LC_PAPER', 'zh_CN.UTF-8'), ('QT_PLUGIN_PATH', '/tmp/.mount_CursorUXtYWI/usr/lib/qt4/plugins/:/tmp/.mount_CursorUXtYWI/usr/lib/i386-linux-gnu/qt4/plugins/:/tmp/.mount_CursorUXtYWI/usr/lib/x86_64-linux-gnu/qt4/plugins/:/tmp/.mount_CursorUXtYWI/usr/lib/aarch64-linux-gnu/qt4/plugins/:/tmp/.mount_CursorUXtYWI/usr/lib32/qt4/plugins/:/tmp/.mount_CursorUXtYWI/usr/lib64/qt4/plugins/:/tmp/.mount_CursorUXtYWI/usr/lib/qt5/plugins/:/tmp/.mount_CursorUXtYWI/usr/lib/i386-linux-gnu/qt5/plugins/:/tmp/.mount_CursorUXtYWI/usr/lib/x86_64-linux-gnu/qt5/plugins/:/tmp/.mount_CursorUXtYWI/usr/lib/aarch64-linux-gnu/qt5/plugins/:/tmp/.mount_CursorUXtYWI/usr/lib32/qt5/plugins/:/tmp/.mount_CursorUXtYWI/usr/lib64/qt5/plugins/:'), ('COLCON', '1'), ('_ZO_DOCTOR', '0'), ('CMAKE_PREFIX_PATH', '/home/huzy/My_orion/install/orion_moveit_config:/home/huzy/My_orion/install/orion_description:/home/huzy/My_orion/install/orion_mtc:/home/huzy/My_orion/install/orion_pybullet_sim:/opt/ros/humble'), ('VSCODE_PID', '2990')]), 'shell': False}
[13.848056] (orion_mtc) StdoutLine: {'line': b'-- Install configuration: ""\n'}
[13.848355] (-) TimerEvent: {}
[13.848377] (orion_mtc) StdoutLine: {'line': b'-- Installing: /home/huzy/My_orion/install/orion_mtc/lib/orion_mtc/mtc_node\n'}
[13.851623] (orion_mtc) StdoutLine: {'line': b'-- Set runtime path of "/home/huzy/My_orion/install/orion_mtc/lib/orion_mtc/mtc_node" to ""\n'}
[13.851776] (orion_mtc) StdoutLine: {'line': b'-- Up-to-date: /home/huzy/My_orion/install/orion_mtc/share/orion_mtc/launch\n'}
[13.851824] (orion_mtc) StdoutLine: {'line': b'-- Up-to-date: /home/huzy/My_orion/install/orion_mtc/share/orion_mtc/launch/pick_place_pybullet.launch.py\n'}
[13.851874] (orion_mtc) StdoutLine: {'line': b'-- Up-to-date: /home/huzy/My_orion/install/orion_mtc/share/orion_mtc/config\n'}
[13.851922] (orion_mtc) StdoutLine: {'line': b'-- Up-to-date: /home/huzy/My_orion/install/orion_mtc/share/orion_mtc/config/pick_place_params.yaml\n'}
[13.851970] (orion_mtc) StdoutLine: {'line': b'-- Up-to-date: /home/huzy/My_orion/install/orion_mtc/share/ament_index/resource_index/package_run_dependencies/orion_mtc\n'}
[13.852036] (orion_mtc) StdoutLine: {'line': b'-- Up-to-date: /home/huzy/My_orion/install/orion_mtc/share/ament_index/resource_index/parent_prefix_path/orion_mtc\n'}
[13.852080] (orion_mtc) StdoutLine: {'line': b'-- Up-to-date: /home/huzy/My_orion/install/orion_mtc/share/orion_mtc/environment/ament_prefix_path.sh\n'}
[13.852929] (orion_mtc) StdoutLine: {'line': b'-- Up-to-date: /home/huzy/My_orion/install/orion_mtc/share/orion_mtc/environment/ament_prefix_path.dsv\n'}
[13.854164] (orion_mtc) StdoutLine: {'line': b'-- Up-to-date: /home/huzy/My_orion/install/orion_mtc/share/orion_mtc/environment/path.sh\n'}
[13.854305] (orion_mtc) StdoutLine: {'line': b'-- Up-to-date: /home/huzy/My_orion/install/orion_mtc/share/orion_mtc/environment/path.dsv\n'}
[13.854394] (orion_mtc) StdoutLine: {'line': b'-- Up-to-date: /home/huzy/My_orion/install/orion_mtc/share/orion_mtc/local_setup.bash\n'}
[13.854477] (orion_mtc) StdoutLine: {'line': b'-- Up-to-date: /home/huzy/My_orion/install/orion_mtc/share/orion_mtc/local_setup.sh\n'}
[13.854877] (orion_mtc) StdoutLine: {'line': b'-- Up-to-date: /home/huzy/My_orion/install/orion_mtc/share/orion_mtc/local_setup.zsh\n'}
[13.854975] (orion_mtc) StdoutLine: {'line': b'-- Up-to-date: /home/huzy/My_orion/install/orion_mtc/share/orion_mtc/local_setup.dsv\n'}
[13.855060] (orion_mtc) StdoutLine: {'line': b'-- Installing: /home/huzy/My_orion/install/orion_mtc/share/orion_mtc/package.dsv\n'}
[13.855143] (orion_mtc) StdoutLine: {'line': b'-- Up-to-date: /home/huzy/My_orion/install/orion_mtc/share/ament_index/resource_index/packages/orion_mtc\n'}
[13.855227] (orion_mtc) StdoutLine: {'line': b'-- Up-to-date: /home/huzy/My_orion/install/orion_mtc/share/orion_mtc/cmake/orion_mtcConfig.cmake\n'}
[13.855311] (orion_mtc) StdoutLine: {'line': b'-- Up-to-date: /home/huzy/My_orion/install/orion_mtc/share/orion_mtc/cmake/orion_mtcConfig-version.cmake\n'}
[13.855393] (orion_mtc) StdoutLine: {'line': b'-- Up-to-date: /home/huzy/My_orion/install/orion_mtc/share/orion_mtc/package.xml\n'}
[13.855477] (orion_mtc) CommandEnded: {'returncode': 0}
[13.872005] (orion_mtc) JobEnded: {'identifier': 'orion_mtc', 'rc': 0}
[13.872724] (-) EventReactorShutdown: {}
