[0.018s] Invoking command in '/home/huzy/My_orion/build/orion_description': CMAKE_PREFIX_PATH=${CMAKE_PREFIX_PATH}:/home/huzy/My_orion/install/orion_pybullet_sim:/home/huzy/My_orion/install/orion_holoocean_bridge:/home/huzy/holoocean-ros/install/holoocean_main:/home/huzy/holoocean-ros/install/holoocean_examples:/opt/ros/humble /usr/bin/cmake --build /home/huzy/My_orion/build/orion_description -- -j8 -l8
[0.210s] Invoked command in '/home/huzy/My_orion/build/orion_description' returned '0': CMAKE_PREFIX_PATH=${CMAKE_PREFIX_PATH}:/home/huzy/My_orion/install/orion_pybullet_sim:/home/huzy/My_orion/install/orion_holoocean_bridge:/home/huzy/holoocean-ros/install/holoocean_main:/home/huzy/holoocean-ros/install/holoocean_examples:/opt/ros/humble /usr/bin/cmake --build /home/huzy/My_orion/build/orion_description -- -j8 -l8
[0.218s] Invoking command in '/home/huzy/My_orion/build/orion_description': CMAKE_PREFIX_PATH=${CMAKE_PREFIX_PATH}:/home/huzy/My_orion/install/orion_pybullet_sim:/home/huzy/My_orion/install/orion_holoocean_bridge:/home/huzy/holoocean-ros/install/holoocean_main:/home/huzy/holoocean-ros/install/holoocean_examples:/opt/ros/humble /usr/bin/cmake --install /home/huzy/My_orion/build/orion_description
[0.225s] -- Install configuration: ""
[0.225s] -- Up-to-date: /home/huzy/My_orion/install/orion_description/share/orion_description/urdf
[0.226s] -- Up-to-date: /home/huzy/My_orion/install/orion_description/share/orion_description/urdf/orion.urdf
[0.226s] -- Up-to-date: /home/huzy/My_orion/install/orion_description/share/orion_description/meshes
[0.226s] -- Up-to-date: /home/huzy/My_orion/install/orion_description/share/orion_description/meshes/stl
[0.226s] -- Up-to-date: /home/huzy/My_orion/install/orion_description/share/orion_description/meshes/stl/base_link.stl
[0.226s] -- Up-to-date: /home/huzy/My_orion/install/orion_description/share/orion_description/meshes/stl/Link7.stl
[0.226s] -- Up-to-date: /home/huzy/My_orion/install/orion_description/share/orion_description/meshes/stl/Link1.stl
[0.226s] -- Up-to-date: /home/huzy/My_orion/install/orion_description/share/orion_description/meshes/stl/Link5.stl
[0.226s] -- Up-to-date: /home/huzy/My_orion/install/orion_description/share/orion_description/meshes/stl/Link3.stl
[0.226s] -- Up-to-date: /home/huzy/My_orion/install/orion_description/share/orion_description/meshes/stl/Link2.stl
[0.226s] -- Up-to-date: /home/huzy/My_orion/install/orion_description/share/orion_description/meshes/stl/Link6.stl
[0.226s] -- Up-to-date: /home/huzy/My_orion/install/orion_description/share/orion_description/meshes/stl/Link4.stl
[0.226s] -- Up-to-date: /home/huzy/My_orion/install/orion_description/share/orion_description/meshes/stl/Link8.stl
[0.226s] -- Up-to-date: /home/huzy/My_orion/install/orion_description/share/orion_description/launch
[0.226s] -- Up-to-date: /home/huzy/My_orion/install/orion_description/share/orion_description/launch/display.launch.py
[0.226s] -- Up-to-date: /home/huzy/My_orion/install/orion_description/share/ament_index/resource_index/package_run_dependencies/orion_description
[0.227s] -- Up-to-date: /home/huzy/My_orion/install/orion_description/share/ament_index/resource_index/parent_prefix_path/orion_description
[0.227s] -- Up-to-date: /home/huzy/My_orion/install/orion_description/share/orion_description/environment/ament_prefix_path.sh
[0.227s] -- Up-to-date: /home/huzy/My_orion/install/orion_description/share/orion_description/environment/ament_prefix_path.dsv
[0.227s] -- Up-to-date: /home/huzy/My_orion/install/orion_description/share/orion_description/environment/path.sh
[0.227s] -- Up-to-date: /home/huzy/My_orion/install/orion_description/share/orion_description/environment/path.dsv
[0.227s] -- Up-to-date: /home/huzy/My_orion/install/orion_description/share/orion_description/local_setup.bash
[0.227s] -- Up-to-date: /home/huzy/My_orion/install/orion_description/share/orion_description/local_setup.sh
[0.227s] -- Up-to-date: /home/huzy/My_orion/install/orion_description/share/orion_description/local_setup.zsh
[0.227s] -- Up-to-date: /home/huzy/My_orion/install/orion_description/share/orion_description/local_setup.dsv
[0.227s] -- Installing: /home/huzy/My_orion/install/orion_description/share/orion_description/package.dsv
[0.227s] -- Up-to-date: /home/huzy/My_orion/install/orion_description/share/ament_index/resource_index/packages/orion_description
[0.227s] -- Up-to-date: /home/huzy/My_orion/install/orion_description/share/orion_description/cmake/orion_descriptionConfig.cmake
[0.227s] -- Up-to-date: /home/huzy/My_orion/install/orion_description/share/orion_description/cmake/orion_descriptionConfig-version.cmake
[0.227s] -- Up-to-date: /home/huzy/My_orion/install/orion_description/share/orion_description/package.xml
[0.228s] Invoked command in '/home/huzy/My_orion/build/orion_description' returned '0': CMAKE_PREFIX_PATH=${CMAKE_PREFIX_PATH}:/home/huzy/My_orion/install/orion_pybullet_sim:/home/huzy/My_orion/install/orion_holoocean_bridge:/home/huzy/holoocean-ros/install/holoocean_main:/home/huzy/holoocean-ros/install/holoocean_examples:/opt/ros/humble /usr/bin/cmake --install /home/huzy/My_orion/build/orion_description
