[0.528s] Invoking command in '/home/huzy/My_orion/src/orion_holoocean_bridge': PYTHONPATH=/home/huzy/My_orion/build/orion_holoocean_bridge/prefix_override:/usr/lib/python3/dist-packages/colcon_core/task/python/colcon_distutils_commands:/home/huzy/My_orion/install/orion_holoocean_bridge/lib/python3.10/site-packages:${PYTHONPATH} /usr/bin/python3 -W ignore:setup.py install is deprecated -W ignore:easy_install command is deprecated setup.py egg_info --egg-base ../../build/orion_holoocean_bridge build --build-base /home/huzy/My_orion/build/orion_holoocean_bridge/build install --record /home/huzy/My_orion/build/orion_holoocean_bridge/install.log --single-version-externally-managed install_data
[0.694s] running egg_info
[0.695s] writing ../../build/orion_holoocean_bridge/orion_holoocean_bridge.egg-info/PKG-INFO
[0.695s] writing dependency_links to ../../build/orion_holoocean_bridge/orion_holoocean_bridge.egg-info/dependency_links.txt
[0.695s] writing entry points to ../../build/orion_holoocean_bridge/orion_holoocean_bridge.egg-info/entry_points.txt
[0.696s] writing requirements to ../../build/orion_holoocean_bridge/orion_holoocean_bridge.egg-info/requires.txt
[0.696s] writing top-level names to ../../build/orion_holoocean_bridge/orion_holoocean_bridge.egg-info/top_level.txt
[0.697s] reading manifest file '../../build/orion_holoocean_bridge/orion_holoocean_bridge.egg-info/SOURCES.txt'
[0.698s] writing manifest file '../../build/orion_holoocean_bridge/orion_holoocean_bridge.egg-info/SOURCES.txt'
[0.698s] running build
[0.698s] running build_py
[0.698s] copying orion_holoocean_bridge/trajectory_to_agent_bridge_node.py -> /home/huzy/My_orion/build/orion_holoocean_bridge/build/lib/orion_holoocean_bridge
[0.698s] copying orion_holoocean_bridge/arm_sensor_to_joint_state_node.py -> /home/huzy/My_orion/build/orion_holoocean_bridge/build/lib/orion_holoocean_bridge
[0.699s] running install
[0.699s] running install_lib
[0.699s] copying /home/huzy/My_orion/build/orion_holoocean_bridge/build/lib/orion_holoocean_bridge/trajectory_to_agent_bridge_node.py -> /home/huzy/My_orion/install/orion_holoocean_bridge/lib/python3.10/site-packages/orion_holoocean_bridge
[0.700s] copying /home/huzy/My_orion/build/orion_holoocean_bridge/build/lib/orion_holoocean_bridge/arm_sensor_to_joint_state_node.py -> /home/huzy/My_orion/install/orion_holoocean_bridge/lib/python3.10/site-packages/orion_holoocean_bridge
[0.700s] byte-compiling /home/huzy/My_orion/install/orion_holoocean_bridge/lib/python3.10/site-packages/orion_holoocean_bridge/trajectory_to_agent_bridge_node.py to trajectory_to_agent_bridge_node.cpython-310.pyc
[0.701s] byte-compiling /home/huzy/My_orion/install/orion_holoocean_bridge/lib/python3.10/site-packages/orion_holoocean_bridge/arm_sensor_to_joint_state_node.py to arm_sensor_to_joint_state_node.cpython-310.pyc
[0.702s] running install_data
[0.702s] running install_egg_info
[0.704s] removing '/home/huzy/My_orion/install/orion_holoocean_bridge/lib/python3.10/site-packages/orion_holoocean_bridge-0.0.1-py3.10.egg-info' (and everything under it)
[0.704s] Copying ../../build/orion_holoocean_bridge/orion_holoocean_bridge.egg-info to /home/huzy/My_orion/install/orion_holoocean_bridge/lib/python3.10/site-packages/orion_holoocean_bridge-0.0.1-py3.10.egg-info
[0.707s] running install_scripts
[0.725s] Installing arm_sensor_to_joint_state script to /home/huzy/My_orion/install/orion_holoocean_bridge/lib/orion_holoocean_bridge
[0.726s] Installing trajectory_to_agent_bridge script to /home/huzy/My_orion/install/orion_holoocean_bridge/lib/orion_holoocean_bridge
[0.726s] writing list of installed files to '/home/huzy/My_orion/build/orion_holoocean_bridge/install.log'
[0.759s] Invoked command in '/home/huzy/My_orion/src/orion_holoocean_bridge' returned '0': PYTHONPATH=/home/huzy/My_orion/build/orion_holoocean_bridge/prefix_override:/usr/lib/python3/dist-packages/colcon_core/task/python/colcon_distutils_commands:/home/huzy/My_orion/install/orion_holoocean_bridge/lib/python3.10/site-packages:${PYTHONPATH} /usr/bin/python3 -W ignore:setup.py install is deprecated -W ignore:easy_install command is deprecated setup.py egg_info --egg-base ../../build/orion_holoocean_bridge build --build-base /home/huzy/My_orion/build/orion_holoocean_bridge/build install --record /home/huzy/My_orion/build/orion_holoocean_bridge/install.log --single-version-externally-managed install_data
