[0.000000] (-) TimerEvent: {}
[0.000303] (-) JobUnselected: {'identifier': 'orion_description'}
[0.000370] (-) JobUnselected: {'identifier': 'orion_moveit_config'}
[0.000396] (-) JobUnselected: {'identifier': 'orion_mtc'}
[0.000420] (-) JobUnselected: {'identifier': 'orion_pybullet_sim'}
[0.000446] (orion_holoocean_bridge) JobQueued: {'identifier': 'orion_holoocean_bridge', 'dependencies': OrderedDict()}
[0.000473] (orion_holoocean_bridge) JobStarted: {'identifier': 'orion_holoocean_bridge'}
[0.098918] (-) TimerEvent: {}
[0.199236] (-) TimerEvent: {}
[0.299502] (-) TimerEvent: {}
[0.399860] (-) TimerEvent: {}
[0.500200] (-) TimerEvent: {}
[0.600537] (-) TimerEvent: {}
[0.702081] (-) TimerEvent: {}
[0.703687] (orion_holoocean_bridge) Command: {'cmd': ['/usr/bin/python3', '-W', 'ignore:setup.py install is deprecated', '-W', 'ignore:easy_install command is deprecated', 'setup.py', 'egg_info', '--egg-base', '../../build/orion_holoocean_bridge', 'build', '--build-base', '/home/huzy/My_orion/build/orion_holoocean_bridge/build', 'install', '--record', '/home/huzy/My_orion/build/orion_holoocean_bridge/install.log', '--single-version-externally-managed', 'install_data'], 'cwd': '/home/huzy/My_orion/src/orion_holoocean_bridge', 'env': {'GJS_DEBUG_TOPICS': 'JS ERROR;JS LOG', 'LESSOPEN': '| /usr/bin/lesspipe %s', 'VSCODE_CWD': '/home/huzy', 'CURSOR_EXTENSION_HOST_ROLE': 'agent-exec', 'VSCODE_ESM_ENTRYPOINT': 'vs/workbench/api/node/extensionHostProcess', 'LANGUAGE': 'zh_CN:en_AU:en_US:en', 'USER': 'huzy', 'LC_TIME': 'zh_CN.UTF-8', 'VSCODE_NLS_CONFIG': '{"userLocale":"zh-cn","osLocale":"zh-cn","resolvedLanguage":"zh-cn","defaultMessagesFile":"/tmp/.mount_Cursorr1n9oz/usr/share/cursor/resources/app/out/nls.messages.json","languagePack":{"translationsConfigFile":"/home/huzy/.config/Cursor/clp/3bfb7f1471a52e527cfc1587dd57c7c1.zh-cn/tcf.json","messagesFile":"/home/huzy/.config/Cursor/clp/3bfb7f1471a52e527cfc1587dd57c7c1.zh-cn/8c95649f251a168cc4bb34c89531fae7db4bd990/nls.messages.json","corruptMarkerFile":"/home/huzy/.config/Cursor/clp/3bfb7f1471a52e527cfc1587dd57c7c1.zh-cn/corrupted.info"},"locale":"zh-cn","availableLanguages":{"*":"zh-cn"},"_languagePackId":"3bfb7f1471a52e527cfc1587dd57c7c1.zh-cn","_languagePackSupport":true,"_translationsConfigFile":"/home/huzy/.config/Cursor/clp/3bfb7f1471a52e527cfc1587dd57c7c1.zh-cn/tcf.json","_cacheRoot":"/home/huzy/.config/Cursor/clp/3bfb7f1471a52e527cfc1587dd57c7c1.zh-cn","_resolvedLanguagePackCoreLocation":"/home/huzy/.config/Cursor/clp/3bfb7f1471a52e527cfc1587dd57c7c1.zh-cn/8c95649f251a168cc4bb34c89531fae7db4bd990","_corruptedFile":"/home/huzy/.config/Cursor/clp/3bfb7f1471a52e527cfc1587dd57c7c1.zh-cn/corrupted.info"}', 'CI': '1', 'VSCODE_HANDLES_UNCAUGHT_ERRORS': 'true', 'XDG_SESSION_TYPE': 'wayland', 'SHLVL': '1', 'LD_LIBRARY_PATH': '/home/huzy/holoocean-ros/install/holoocean_interfaces/lib:/usr/lib/x86_64-linux-gnu/gazebo-11/plugins:/opt/ros/humble/opt/rviz_ogre_vendor/lib:/opt/ros/humble/lib/x86_64-linux-gnu:/opt/ros/humble/lib:/tmp/.mount_Cursorr1n9oz/usr/lib/:/tmp/.mount_Cursorr1n9oz/usr/lib32/:/tmp/.mount_Cursorr1n9oz/usr/lib64/:/tmp/.mount_Cursorr1n9oz/lib/:/tmp/.mount_Cursorr1n9oz/lib/i386-linux-gnu/:/tmp/.mount_Cursorr1n9oz/lib/x86_64-linux-gnu/:/tmp/.mount_Cursorr1n9oz/lib/aarch64-linux-gnu/:/tmp/.mount_Cursorr1n9oz/lib32/:/tmp/.mount_Cursorr1n9oz/lib64/:', 'HOME': '/home/huzy', 'CHROME_DESKTOP': 'cursor.desktop', 'APPDIR': '/tmp/.mount_Cursorr1n9oz', 'OLDPWD': '/home/huzy/My_orion/src/orion_holoocean_bridge', 'DESKTOP_SESSION': 'ubuntu', 'PERLLIB': '/tmp/.mount_Cursorr1n9oz/usr/share/perl5/:/tmp/.mount_Cursorr1n9oz/usr/lib/perl5/:', 'VSCODE_IPC_HOOK': '/run/user/1000/vscode-294d73a8-2.6.-main.sock', 'GIO_LAUNCHED_DESKTOP_FILE': '/home/huzy/.local/share/applications/cursor-ime.desktop', 'ROS_PYTHON_VERSION': '3', 'GNOME_SHELL_SESSION_MODE': 'ubuntu', 'GTK_MODULES': 'gail:atk-bridge', 'SDL_IM_MODULE': 'fcitx', 'LC_MONETARY': 'zh_CN.UTF-8', 'CURSOR_WORKSPACE_LABEL': 'My_orion', 'MANAGERPID': '1584', 'SYSTEMD_EXEC_PID': '1752', 'IM_CONFIG_CHECK_ENV': '1', 'NO_COLOR': '1', 'DBUS_SESSION_BUS_ADDRESS': 'unix:path=/run/user/1000/bus', 'GIO_LAUNCHED_DESKTOP_FILE_PID': '5190', 'VSCODE_CRASH_REPORTER_PROCESS_TYPE': 'extensionHost', 'IM_CONFIG_PHASE': '1', 'WAYLAND_DISPLAY': 'wayland-0', 'COLCON_PREFIX_PATH': '/home/huzy/My_orion/install:/home/huzy/holoocean-ros/install', 'ROS_DISTRO': 'humble', 'GTK_IM_MODULE': 'fcitx', 'LOGNAME': 'huzy', 'FORCE_COLOR': '0', 'OWD': '/home/huzy', 'JOURNAL_STREAM': '8:11182', '_': '/usr/bin/colcon', 'ROS_VERSION': '2', 'XDG_SESSION_CLASS': 'user', 'USERNAME': 'huzy', 'TERM': 'dumb', 'GNOME_DESKTOP_SESSION_ID': 'this-is-deprecated', 'FC_FONTATIONS': '1', 'ROS_LOCALHOST_ONLY': '0', 'PATH': '/home/huzy/.local/bin:/home/huzy/bin:/home/huzy/bin:/home/huzy/.local/bin:/home/huzy/bin:/home/huzy/bin:/opt/ros/humble/bin:/tmp/.mount_Cursorr1n9oz/usr/bin/:/tmp/.mount_Cursorr1n9oz/usr/sbin/:/tmp/.mount_Cursorr1n9oz/usr/games/:/tmp/.mount_Cursorr1n9oz/bin/:/tmp/.mount_Cursorr1n9oz/sbin/:/home/huzy/.local/bin:/home/huzy/bin:/usr/local/sbin:/usr/local/bin:/usr/sbin:/usr/bin:/sbin:/bin:/usr/games:/usr/local/games:/snap/bin:/snap/bin', 'SESSION_MANAGER': 'local/huzy-virtual-machine:@/tmp/.ICE-unix/1720,unix/huzy-virtual-machine:/tmp/.ICE-unix/1720', 'INVOCATION_ID': '54fdcce81b2a4eff99cd01a13bff79f5', 'PAPERSIZE': 'a4', 'APPIMAGE': '/home/huzy/Downloads/Cursor-1.4.5-x86_64.AppImage', 'XDG_MENU_PREFIX': 'gnome-', 'LC_ADDRESS': 'zh_CN.UTF-8', 'VSCODE_PROCESS_TITLE': 'extension-host (agent-exec) My_orion [1-3]', 'GNOME_SETUP_DISPLAY': ':1', 'XDG_RUNTIME_DIR': '/run/user/1000', 'GDK_BACKEND': 'x11', 'CURSOR_AGENT': '1', 'DISPLAY': ':0', 'LANG': 'zh_CN.UTF-8', 'XDG_CURRENT_DESKTOP': 'ubuntu:GNOME', 'LC_TELEPHONE': 'zh_CN.UTF-8', 'XMODIFIERS': '@im=fcitx', 'XDG_SESSION_DESKTOP': 'ubuntu', 'XAUTHORITY': '/run/user/1000/.mutter-Xwaylandauth.SHRSL3', 'LS_COLORS': '', 'CURSOR_TRACE_ID': '8ecef1cb411844b5a28accf53f51cbf7', 'SSH_AGENT_LAUNCHER': 'gnome-keyring', 'SSH_AUTH_SOCK': '/run/user/1000/keyring/ssh', 'GSETTINGS_SCHEMA_DIR': '/tmp/.mount_Cursorr1n9oz/usr/share/glib-2.0/schemas/:', 'AMENT_PREFIX_PATH': '/home/huzy/My_orion/install/orion_mtc:/home/huzy/My_orion/install/orion_pybullet_sim:/home/huzy/My_orion/install/orion_moveit_config:/home/huzy/My_orion/install/orion_holoocean_bridge:/home/huzy/My_orion/install/orion_description:/home/huzy/holoocean-ros/install/holoocean_main:/home/huzy/holoocean-ros/install/holoocean_interfaces:/home/huzy/holoocean-ros/install/holoocean_examples:/opt/ros/humble', 'SHELL': '/bin/bash', 'LC_NAME': 'zh_CN.UTF-8', 'ARGV0': '/home/huzy/Downloads/Cursor-1.4.5-x86_64.AppImage', 'QT_ACCESSIBILITY': '1', 'GDMSESSION': 'ubuntu', 'LESSCLOSE': '/usr/bin/lesspipe %s %s', 'LC_MEASUREMENT': 'zh_CN.UTF-8', 'GJS_DEBUG_OUTPUT': 'stderr', 'LC_IDENTIFICATION': 'zh_CN.UTF-8', 'QT_IM_MODULE': 'fcitx', 'PWD': '/home/huzy/My_orion/build/orion_holoocean_bridge', 'XDG_CONFIG_DIRS': '/etc/xdg/xdg-ubuntu:/etc/xdg', 'VSCODE_CODE_CACHE_PATH': '/home/huzy/.config/Cursor/CachedData/8c95649f251a168cc4bb34c89531fae7db4bd990', 'CLUTTER_IM_MODULE': 'fcitx', 'XDG_DATA_DIRS': '/tmp/.mount_Cursorr1n9oz/usr/share/:/usr/local/share:/usr/share:/usr/share/ubuntu:/usr/local/share/:/usr/share/:/var/lib/snapd/desktop', 'PYTHONPATH': '/home/huzy/My_orion/build/orion_holoocean_bridge/prefix_override:/usr/lib/python3/dist-packages/colcon_core/task/python/colcon_distutils_commands:/home/huzy/My_orion/install/orion_holoocean_bridge/lib/python3.10/site-packages:/home/huzy/My_orion/install/orion_pybullet_sim/lib/python3.10/site-packages:/home/huzy/My_orion/install/orion_holoocean_bridge/lib/python3.10/site-packages:/home/huzy/holoocean-ros/install/holoocean_main/lib/python3.10/site-packages:/home/huzy/holoocean-ros/install/holoocean_interfaces/local/lib/python3.10/dist-packages:/home/huzy/holoocean-ros/install/holoocean_examples/lib/python3.10/site-packages:/opt/ros/humble/lib/python3.10/site-packages:/opt/ros/humble/local/lib/python3.10/dist-packages', 'LC_NUMERIC': 'zh_CN.UTF-8', 'LC_PAPER': 'zh_CN.UTF-8', 'QT_PLUGIN_PATH': '/tmp/.mount_Cursorr1n9oz/usr/lib/qt4/plugins/:/tmp/.mount_Cursorr1n9oz/usr/lib/i386-linux-gnu/qt4/plugins/:/tmp/.mount_Cursorr1n9oz/usr/lib/x86_64-linux-gnu/qt4/plugins/:/tmp/.mount_Cursorr1n9oz/usr/lib/aarch64-linux-gnu/qt4/plugins/:/tmp/.mount_Cursorr1n9oz/usr/lib32/qt4/plugins/:/tmp/.mount_Cursorr1n9oz/usr/lib64/qt4/plugins/:/tmp/.mount_Cursorr1n9oz/usr/lib/qt5/plugins/:/tmp/.mount_Cursorr1n9oz/usr/lib/i386-linux-gnu/qt5/plugins/:/tmp/.mount_Cursorr1n9oz/usr/lib/x86_64-linux-gnu/qt5/plugins/:/tmp/.mount_Cursorr1n9oz/usr/lib/aarch64-linux-gnu/qt5/plugins/:/tmp/.mount_Cursorr1n9oz/usr/lib32/qt5/plugins/:/tmp/.mount_Cursorr1n9oz/usr/lib64/qt5/plugins/:', 'COLCON': '1', '_ZO_DOCTOR': '0', 'CMAKE_PREFIX_PATH': '/home/huzy/My_orion/install/orion_mtc:/home/huzy/My_orion/install/orion_moveit_config:/home/huzy/My_orion/install/orion_description:/home/huzy/holoocean-ros/install/holoocean_interfaces', 'VSCODE_PID': '5190'}, 'shell': False}
[0.802244] (-) TimerEvent: {}
[0.902661] (-) TimerEvent: {}
[0.919549] (orion_holoocean_bridge) StdoutLine: {'line': b'running egg_info\n'}
[0.920086] (orion_holoocean_bridge) StdoutLine: {'line': b'writing ../../build/orion_holoocean_bridge/orion_holoocean_bridge.egg-info/PKG-INFO\n'}
[0.920411] (orion_holoocean_bridge) StdoutLine: {'line': b'writing dependency_links to ../../build/orion_holoocean_bridge/orion_holoocean_bridge.egg-info/dependency_links.txt\n'}
[0.920697] (orion_holoocean_bridge) StdoutLine: {'line': b'writing entry points to ../../build/orion_holoocean_bridge/orion_holoocean_bridge.egg-info/entry_points.txt\n'}
[0.921041] (orion_holoocean_bridge) StdoutLine: {'line': b'writing requirements to ../../build/orion_holoocean_bridge/orion_holoocean_bridge.egg-info/requires.txt\n'}
[0.921128] (orion_holoocean_bridge) StdoutLine: {'line': b'writing top-level names to ../../build/orion_holoocean_bridge/orion_holoocean_bridge.egg-info/top_level.txt\n'}
[0.922187] (orion_holoocean_bridge) StdoutLine: {'line': b"reading manifest file '../../build/orion_holoocean_bridge/orion_holoocean_bridge.egg-info/SOURCES.txt'\n"}
[0.922771] (orion_holoocean_bridge) StdoutLine: {'line': b"writing manifest file '../../build/orion_holoocean_bridge/orion_holoocean_bridge.egg-info/SOURCES.txt'\n"}
[0.922961] (orion_holoocean_bridge) StdoutLine: {'line': b'running build\n'}
[0.923088] (orion_holoocean_bridge) StdoutLine: {'line': b'running build_py\n'}
[0.923253] (orion_holoocean_bridge) StdoutLine: {'line': b'copying orion_holoocean_bridge/arm_sensor_mapping_test_node.py -> /home/huzy/My_orion/build/orion_holoocean_bridge/build/lib/orion_holoocean_bridge\n'}
[0.923331] (orion_holoocean_bridge) StdoutLine: {'line': b'copying orion_holoocean_bridge/trajectory_to_agent_bridge_node.py -> /home/huzy/My_orion/build/orion_holoocean_bridge/build/lib/orion_holoocean_bridge\n'}
[0.923472] (orion_holoocean_bridge) StdoutLine: {'line': b'copying orion_holoocean_bridge/arm_sensor_to_joint_state_node.py -> /home/huzy/My_orion/build/orion_holoocean_bridge/build/lib/orion_holoocean_bridge\n'}
[0.923673] (orion_holoocean_bridge) StdoutLine: {'line': b'running install\n'}
[0.923817] (orion_holoocean_bridge) StdoutLine: {'line': b'running install_lib\n'}
[0.924326] (orion_holoocean_bridge) StdoutLine: {'line': b'copying /home/huzy/My_orion/build/orion_holoocean_bridge/build/lib/orion_holoocean_bridge/arm_sensor_mapping_test_node.py -> /home/huzy/My_orion/install/orion_holoocean_bridge/lib/python3.10/site-packages/orion_holoocean_bridge\n'}
[0.924504] (orion_holoocean_bridge) StdoutLine: {'line': b'copying /home/huzy/My_orion/build/orion_holoocean_bridge/build/lib/orion_holoocean_bridge/trajectory_to_agent_bridge_node.py -> /home/huzy/My_orion/install/orion_holoocean_bridge/lib/python3.10/site-packages/orion_holoocean_bridge\n'}
[0.924691] (orion_holoocean_bridge) StdoutLine: {'line': b'copying /home/huzy/My_orion/build/orion_holoocean_bridge/build/lib/orion_holoocean_bridge/arm_sensor_to_joint_state_node.py -> /home/huzy/My_orion/install/orion_holoocean_bridge/lib/python3.10/site-packages/orion_holoocean_bridge\n'}
[0.925085] (orion_holoocean_bridge) StdoutLine: {'line': b'byte-compiling /home/huzy/My_orion/install/orion_holoocean_bridge/lib/python3.10/site-packages/orion_holoocean_bridge/arm_sensor_mapping_test_node.py to arm_sensor_mapping_test_node.cpython-310.pyc\n'}
[0.925804] (orion_holoocean_bridge) StdoutLine: {'line': b'byte-compiling /home/huzy/My_orion/install/orion_holoocean_bridge/lib/python3.10/site-packages/orion_holoocean_bridge/trajectory_to_agent_bridge_node.py to trajectory_to_agent_bridge_node.cpython-310.pyc\n'}
[0.927010] (orion_holoocean_bridge) StdoutLine: {'line': b'byte-compiling /home/huzy/My_orion/install/orion_holoocean_bridge/lib/python3.10/site-packages/orion_holoocean_bridge/arm_sensor_to_joint_state_node.py to arm_sensor_to_joint_state_node.cpython-310.pyc\n'}
[0.927611] (orion_holoocean_bridge) StdoutLine: {'line': b'running install_data\n'}
[0.927915] (orion_holoocean_bridge) StdoutLine: {'line': b'running install_egg_info\n'}
[0.929336] (orion_holoocean_bridge) StdoutLine: {'line': b"removing '/home/huzy/My_orion/install/orion_holoocean_bridge/lib/python3.10/site-packages/orion_holoocean_bridge-0.0.1-py3.10.egg-info' (and everything under it)\n"}
[0.929866] (orion_holoocean_bridge) StdoutLine: {'line': b'Copying ../../build/orion_holoocean_bridge/orion_holoocean_bridge.egg-info to /home/huzy/My_orion/install/orion_holoocean_bridge/lib/python3.10/site-packages/orion_holoocean_bridge-0.0.1-py3.10.egg-info\n'}
[0.930260] (orion_holoocean_bridge) StdoutLine: {'line': b'running install_scripts\n'}
[0.948399] (orion_holoocean_bridge) StdoutLine: {'line': b'Installing arm_sensor_mapping_test script to /home/huzy/My_orion/install/orion_holoocean_bridge/lib/orion_holoocean_bridge\n'}
[0.948855] (orion_holoocean_bridge) StdoutLine: {'line': b'Installing arm_sensor_to_joint_state script to /home/huzy/My_orion/install/orion_holoocean_bridge/lib/orion_holoocean_bridge\n'}
[0.949095] (orion_holoocean_bridge) StdoutLine: {'line': b'Installing calibrate_arm_mapping script to /home/huzy/My_orion/install/orion_holoocean_bridge/lib/orion_holoocean_bridge\n'}
[0.949142] (orion_holoocean_bridge) StdoutLine: {'line': b'Installing trajectory_to_agent_bridge script to /home/huzy/My_orion/install/orion_holoocean_bridge/lib/orion_holoocean_bridge\n'}
[0.949323] (orion_holoocean_bridge) StdoutLine: {'line': b"writing list of installed files to '/home/huzy/My_orion/build/orion_holoocean_bridge/install.log'\n"}
[0.972246] (orion_holoocean_bridge) CommandEnded: {'returncode': 0}
[0.981758] (orion_holoocean_bridge) JobEnded: {'identifier': 'orion_holoocean_bridge', 'rc': 0}
[0.983120] (-) EventReactorShutdown: {}
