[0.034s] Invoking command in '/home/huzy/My_orion/build/orion_mtc': AMENT_PREFIX_PATH=/home/huzy/My_orion/install/orion_pybullet_sim:/home/huzy/My_orion/install/orion_mtc:/home/huzy/My_orion/install/orion_moveit_config:/home/huzy/My_orion/install/orion_description:/opt/ros/humble CMAKE_PREFIX_PATH=/home/huzy/My_orion/install/orion_moveit_config:/home/huzy/My_orion/install/orion_description:/home/huzy/My_orion/install/orion_mtc:/home/huzy/My_orion/install/orion_pybullet_sim:/opt/ros/humble /usr/bin/cmake --build /home/huzy/My_orion/build/orion_mtc -- -j8 -l8
[0.166s] Consolidate compiler generated dependencies of target mtc_node
[0.209s] [ 50%] Building CXX object CMakeFiles/mtc_node.dir/src/mtc_node.cpp.o
[24.785s] [100%] Linking CXX executable mtc_node
[26.088s] [100%] Built target mtc_node
[26.110s] Invoked command in '/home/huzy/My_orion/build/orion_mtc' returned '0': AMENT_PREFIX_PATH=/home/huzy/My_orion/install/orion_pybullet_sim:/home/huzy/My_orion/install/orion_mtc:/home/huzy/My_orion/install/orion_moveit_config:/home/huzy/My_orion/install/orion_description:/opt/ros/humble CMAKE_PREFIX_PATH=/home/huzy/My_orion/install/orion_moveit_config:/home/huzy/My_orion/install/orion_description:/home/huzy/My_orion/install/orion_mtc:/home/huzy/My_orion/install/orion_pybullet_sim:/opt/ros/humble /usr/bin/cmake --build /home/huzy/My_orion/build/orion_mtc -- -j8 -l8
[26.140s] Invoking command in '/home/huzy/My_orion/build/orion_mtc': AMENT_PREFIX_PATH=/home/huzy/My_orion/install/orion_pybullet_sim:/home/huzy/My_orion/install/orion_mtc:/home/huzy/My_orion/install/orion_moveit_config:/home/huzy/My_orion/install/orion_description:/opt/ros/humble CMAKE_PREFIX_PATH=/home/huzy/My_orion/install/orion_moveit_config:/home/huzy/My_orion/install/orion_description:/home/huzy/My_orion/install/orion_mtc:/home/huzy/My_orion/install/orion_pybullet_sim:/opt/ros/humble /usr/bin/cmake --install /home/huzy/My_orion/build/orion_mtc
[26.178s] -- Install configuration: ""
[26.178s] -- Installing: /home/huzy/My_orion/install/orion_mtc/lib/orion_mtc/mtc_node
[26.185s] -- Set runtime path of "/home/huzy/My_orion/install/orion_mtc/lib/orion_mtc/mtc_node" to ""
[26.185s] -- Up-to-date: /home/huzy/My_orion/install/orion_mtc/share/orion_mtc/launch
[26.185s] -- Up-to-date: /home/huzy/My_orion/install/orion_mtc/share/orion_mtc/launch/pick_place_pybullet.launch.py
[26.186s] -- Up-to-date: /home/huzy/My_orion/install/orion_mtc/share/orion_mtc/config
[26.186s] -- Up-to-date: /home/huzy/My_orion/install/orion_mtc/share/orion_mtc/config/pick_place_params.yaml
[26.186s] -- Up-to-date: /home/huzy/My_orion/install/orion_mtc/share/ament_index/resource_index/package_run_dependencies/orion_mtc
[26.186s] -- Up-to-date: /home/huzy/My_orion/install/orion_mtc/share/ament_index/resource_index/parent_prefix_path/orion_mtc
[26.186s] -- Up-to-date: /home/huzy/My_orion/install/orion_mtc/share/orion_mtc/environment/ament_prefix_path.sh
[26.186s] -- Up-to-date: /home/huzy/My_orion/install/orion_mtc/share/orion_mtc/environment/ament_prefix_path.dsv
[26.186s] -- Up-to-date: /home/huzy/My_orion/install/orion_mtc/share/orion_mtc/environment/path.sh
[26.186s] -- Up-to-date: /home/huzy/My_orion/install/orion_mtc/share/orion_mtc/environment/path.dsv
[26.186s] -- Up-to-date: /home/huzy/My_orion/install/orion_mtc/share/orion_mtc/local_setup.bash
[26.186s] -- Up-to-date: /home/huzy/My_orion/install/orion_mtc/share/orion_mtc/local_setup.sh
[26.186s] -- Up-to-date: /home/huzy/My_orion/install/orion_mtc/share/orion_mtc/local_setup.zsh
[26.186s] -- Up-to-date: /home/huzy/My_orion/install/orion_mtc/share/orion_mtc/local_setup.dsv
[26.186s] -- Installing: /home/huzy/My_orion/install/orion_mtc/share/orion_mtc/package.dsv
[26.186s] -- Up-to-date: /home/huzy/My_orion/install/orion_mtc/share/ament_index/resource_index/packages/orion_mtc
[26.186s] -- Up-to-date: /home/huzy/My_orion/install/orion_mtc/share/orion_mtc/cmake/orion_mtcConfig.cmake
[26.186s] -- Up-to-date: /home/huzy/My_orion/install/orion_mtc/share/orion_mtc/cmake/orion_mtcConfig-version.cmake
[26.186s] -- Up-to-date: /home/huzy/My_orion/install/orion_mtc/share/orion_mtc/package.xml
[26.188s] Invoked command in '/home/huzy/My_orion/build/orion_mtc' returned '0': AMENT_PREFIX_PATH=/home/huzy/My_orion/install/orion_pybullet_sim:/home/huzy/My_orion/install/orion_mtc:/home/huzy/My_orion/install/orion_moveit_config:/home/huzy/My_orion/install/orion_description:/opt/ros/humble CMAKE_PREFIX_PATH=/home/huzy/My_orion/install/orion_moveit_config:/home/huzy/My_orion/install/orion_description:/home/huzy/My_orion/install/orion_mtc:/home/huzy/My_orion/install/orion_pybullet_sim:/opt/ros/humble /usr/bin/cmake --install /home/huzy/My_orion/build/orion_mtc
