[0.000000] (-) TimerEvent: {}
[0.000307] (-) JobUnselected: {'identifier': 'orion_description'}
[0.000665] (-) JobUnselected: {'identifier': 'orion_moveit_config'}
[0.000715] (-) JobUnselected: {'identifier': 'orion_pybullet_sim'}
[0.000732] (orion_mtc) JobQueued: {'identifier': 'orion_mtc', 'dependencies': OrderedDict([('orion_description', '/home/huzy/My_orion/install/orion_description'), ('orion_moveit_config', '/home/huzy/My_orion/install/orion_moveit_config'), ('orion_pybullet_sim', '/home/huzy/My_orion/install/orion_pybullet_sim')])}
[0.000773] (orion_mtc) JobStarted: {'identifier': 'orion_mtc'}
[0.030839] (orion_mtc) JobProgress: {'identifier': 'orion_mtc', 'progress': 'cmake'}
[0.031924] (orion_mtc) JobProgress: {'identifier': 'orion_mtc', 'progress': 'build'}
[0.032703] (orion_mtc) Command: {'cmd': ['/usr/bin/cmake', '--build', '/home/huzy/My_orion/build/orion_mtc', '--', '-j8', '-l8'], 'cwd': '/home/huzy/My_orion/build/orion_mtc', 'env': OrderedDict([('GJS_DEBUG_TOPICS', 'JS ERROR;JS LOG'), ('LESSOPEN', '| /usr/bin/lesspipe %s'), ('VSCODE_CWD', '/home/huzy'), ('CURSOR_EXTENSION_HOST_ROLE', 'agent-exec'), ('VSCODE_ESM_ENTRYPOINT', 'vs/workbench/api/node/extensionHostProcess'), ('LANGUAGE', 'zh_CN:en_AU:en_US:en'), ('USER', 'huzy'), ('LC_TIME', 'zh_CN.UTF-8'), ('VSCODE_NLS_CONFIG', '{"userLocale":"zh-cn","osLocale":"zh-cn","resolvedLanguage":"zh-cn","defaultMessagesFile":"/tmp/.mount_CursorUXtYWI/usr/share/cursor/resources/app/out/nls.messages.json","languagePack":{"translationsConfigFile":"/home/huzy/.config/Cursor/clp/3bfb7f1471a52e527cfc1587dd57c7c1.zh-cn/tcf.json","messagesFile":"/home/huzy/.config/Cursor/clp/3bfb7f1471a52e527cfc1587dd57c7c1.zh-cn/8c95649f251a168cc4bb34c89531fae7db4bd990/nls.messages.json","corruptMarkerFile":"/home/huzy/.config/Cursor/clp/3bfb7f1471a52e527cfc1587dd57c7c1.zh-cn/corrupted.info"},"locale":"zh-cn","availableLanguages":{"*":"zh-cn"},"_languagePackId":"3bfb7f1471a52e527cfc1587dd57c7c1.zh-cn","_languagePackSupport":true,"_translationsConfigFile":"/home/huzy/.config/Cursor/clp/3bfb7f1471a52e527cfc1587dd57c7c1.zh-cn/tcf.json","_cacheRoot":"/home/huzy/.config/Cursor/clp/3bfb7f1471a52e527cfc1587dd57c7c1.zh-cn","_resolvedLanguagePackCoreLocation":"/home/huzy/.config/Cursor/clp/3bfb7f1471a52e527cfc1587dd57c7c1.zh-cn/8c95649f251a168cc4bb34c89531fae7db4bd990","_corruptedFile":"/home/huzy/.config/Cursor/clp/3bfb7f1471a52e527cfc1587dd57c7c1.zh-cn/corrupted.info"}'), ('CI', '1'), ('VSCODE_HANDLES_UNCAUGHT_ERRORS', 'true'), ('XDG_SESSION_TYPE', 'wayland'), ('SHLVL', '1'), ('LD_LIBRARY_PATH', '/usr/lib/x86_64-linux-gnu/gazebo-11/plugins:/opt/ros/humble/opt/rviz_ogre_vendor/lib:/opt/ros/humble/lib/x86_64-linux-gnu:/opt/ros/humble/lib:/tmp/.mount_CursorUXtYWI/usr/lib/:/tmp/.mount_CursorUXtYWI/usr/lib32/:/tmp/.mount_CursorUXtYWI/usr/lib64/:/tmp/.mount_CursorUXtYWI/lib/:/tmp/.mount_CursorUXtYWI/lib/i386-linux-gnu/:/tmp/.mount_CursorUXtYWI/lib/x86_64-linux-gnu/:/tmp/.mount_CursorUXtYWI/lib/aarch64-linux-gnu/:/tmp/.mount_CursorUXtYWI/lib32/:/tmp/.mount_CursorUXtYWI/lib64/:'), ('HOME', '/home/huzy'), ('CHROME_DESKTOP', 'cursor.desktop'), ('APPDIR', '/tmp/.mount_CursorUXtYWI'), ('OLDPWD', '/home/huzy/My_orion'), ('DESKTOP_SESSION', 'ubuntu'), ('PERLLIB', '/tmp/.mount_CursorUXtYWI/usr/share/perl5/:/tmp/.mount_CursorUXtYWI/usr/lib/perl5/:'), ('VSCODE_IPC_HOOK', '/run/user/1000/vscode-294d73a8-2.6.-main.sock'), ('GIO_LAUNCHED_DESKTOP_FILE', '/home/huzy/.local/share/applications/cursor-ime.desktop'), ('ROS_PYTHON_VERSION', '3'), ('GNOME_SHELL_SESSION_MODE', 'ubuntu'), ('GTK_MODULES', 'gail:atk-bridge'), ('SDL_IM_MODULE', 'fcitx'), ('LC_MONETARY', 'zh_CN.UTF-8'), ('CURSOR_WORKSPACE_LABEL', 'My_orion'), ('MANAGERPID', '1530'), ('SYSTEMD_EXEC_PID', '1714'), ('IM_CONFIG_CHECK_ENV', '1'), ('NO_COLOR', '1'), ('DBUS_SESSION_BUS_ADDRESS', 'unix:path=/run/user/1000/bus'), ('GIO_LAUNCHED_DESKTOP_FILE_PID', '2990'), ('VSCODE_CRASH_REPORTER_PROCESS_TYPE', 'extensionHost'), ('IM_CONFIG_PHASE', '1'), ('WAYLAND_DISPLAY', 'wayland-0'), ('COLCON_PREFIX_PATH', '/home/huzy/My_orion/install'), ('ROS_DISTRO', 'humble'), ('GTK_IM_MODULE', 'fcitx'), ('LOGNAME', 'huzy'), ('FORCE_COLOR', '0'), ('OWD', '/home/huzy'), ('JOURNAL_STREAM', '8:25737'), ('_', '/usr/bin/colcon'), ('ROS_VERSION', '2'), ('XDG_SESSION_CLASS', 'user'), ('USERNAME', 'huzy'), ('TERM', 'dumb'), ('GNOME_DESKTOP_SESSION_ID', 'this-is-deprecated'), ('FC_FONTATIONS', '1'), ('ROS_LOCALHOST_ONLY', '0'), ('PATH', '/home/huzy/.local/bin:/home/huzy/bin:/home/huzy/bin:/home/huzy/.local/bin:/home/huzy/bin:/home/huzy/bin:/opt/ros/humble/bin:/tmp/.mount_CursorUXtYWI/usr/bin/:/tmp/.mount_CursorUXtYWI/usr/sbin/:/tmp/.mount_CursorUXtYWI/usr/games/:/tmp/.mount_CursorUXtYWI/bin/:/tmp/.mount_CursorUXtYWI/sbin/:/home/huzy/.local/bin:/home/huzy/bin:/usr/local/sbin:/usr/local/bin:/usr/sbin:/usr/bin:/sbin:/bin:/usr/games:/usr/local/games:/snap/bin:/snap/bin'), ('SESSION_MANAGER', 'local/huzy-virtual-machine:@/tmp/.ICE-unix/1679,unix/huzy-virtual-machine:/tmp/.ICE-unix/1679'), ('INVOCATION_ID', '826d726d6f664b3f89826df4c6724b2b'), ('PAPERSIZE', 'a4'), ('APPIMAGE', '/home/huzy/Downloads/Cursor-1.4.5-x86_64.AppImage'), ('XDG_MENU_PREFIX', 'gnome-'), ('LC_ADDRESS', 'zh_CN.UTF-8'), ('VSCODE_PROCESS_TITLE', 'extension-host (agent-exec) My_orion [1-3]'), ('GNOME_SETUP_DISPLAY', ':1'), ('XDG_RUNTIME_DIR', '/run/user/1000'), ('GDK_BACKEND', 'x11'), ('CURSOR_AGENT', '1'), ('DISPLAY', ':0'), ('LANG', 'zh_CN.UTF-8'), ('XDG_CURRENT_DESKTOP', 'ubuntu:GNOME'), ('LC_TELEPHONE', 'zh_CN.UTF-8'), ('XMODIFIERS', '@im=fcitx'), ('XDG_SESSION_DESKTOP', 'ubuntu'), ('XAUTHORITY', '/run/user/1000/.mutter-Xwaylandauth.LF0LL3'), ('LS_COLORS', ''), ('CURSOR_TRACE_ID', 'd42350f5f41c41808637c56825ce7e0d'), ('SSH_AGENT_LAUNCHER', 'gnome-keyring'), ('SSH_AUTH_SOCK', '/run/user/1000/keyring/ssh'), ('GSETTINGS_SCHEMA_DIR', '/tmp/.mount_CursorUXtYWI/usr/share/glib-2.0/schemas/:'), ('AMENT_PREFIX_PATH', '/home/huzy/My_orion/install/orion_pybullet_sim:/home/huzy/My_orion/install/orion_mtc:/home/huzy/My_orion/install/orion_moveit_config:/home/huzy/My_orion/install/orion_description:/opt/ros/humble'), ('SHELL', '/bin/bash'), ('LC_NAME', 'zh_CN.UTF-8'), ('ARGV0', '/home/huzy/Downloads/Cursor-1.4.5-x86_64.AppImage'), ('QT_ACCESSIBILITY', '1'), ('GDMSESSION', 'ubuntu'), ('LESSCLOSE', '/usr/bin/lesspipe %s %s'), ('LC_MEASUREMENT', 'zh_CN.UTF-8'), ('GJS_DEBUG_OUTPUT', 'stderr'), ('LC_IDENTIFICATION', 'zh_CN.UTF-8'), ('QT_IM_MODULE', 'fcitx'), ('PWD', '/home/huzy/My_orion/build/orion_mtc'), ('XDG_CONFIG_DIRS', '/etc/xdg/xdg-ubuntu:/etc/xdg'), ('VSCODE_CODE_CACHE_PATH', '/home/huzy/.config/Cursor/CachedData/8c95649f251a168cc4bb34c89531fae7db4bd990'), ('CLUTTER_IM_MODULE', 'fcitx'), ('XDG_DATA_DIRS', '/tmp/.mount_CursorUXtYWI/usr/share/:/usr/local/share:/usr/share:/usr/share/ubuntu:/usr/local/share/:/usr/share/:/var/lib/snapd/desktop'), ('PYTHONPATH', '/home/huzy/My_orion/install/orion_pybullet_sim/lib/python3.10/site-packages:/opt/ros/humble/lib/python3.10/site-packages:/opt/ros/humble/local/lib/python3.10/dist-packages'), ('LC_NUMERIC', 'zh_CN.UTF-8'), ('LC_PAPER', 'zh_CN.UTF-8'), ('QT_PLUGIN_PATH', '/tmp/.mount_CursorUXtYWI/usr/lib/qt4/plugins/:/tmp/.mount_CursorUXtYWI/usr/lib/i386-linux-gnu/qt4/plugins/:/tmp/.mount_CursorUXtYWI/usr/lib/x86_64-linux-gnu/qt4/plugins/:/tmp/.mount_CursorUXtYWI/usr/lib/aarch64-linux-gnu/qt4/plugins/:/tmp/.mount_CursorUXtYWI/usr/lib32/qt4/plugins/:/tmp/.mount_CursorUXtYWI/usr/lib64/qt4/plugins/:/tmp/.mount_CursorUXtYWI/usr/lib/qt5/plugins/:/tmp/.mount_CursorUXtYWI/usr/lib/i386-linux-gnu/qt5/plugins/:/tmp/.mount_CursorUXtYWI/usr/lib/x86_64-linux-gnu/qt5/plugins/:/tmp/.mount_CursorUXtYWI/usr/lib/aarch64-linux-gnu/qt5/plugins/:/tmp/.mount_CursorUXtYWI/usr/lib32/qt5/plugins/:/tmp/.mount_CursorUXtYWI/usr/lib64/qt5/plugins/:'), ('COLCON', '1'), ('_ZO_DOCTOR', '0'), ('CMAKE_PREFIX_PATH', '/home/huzy/My_orion/install/orion_moveit_config:/home/huzy/My_orion/install/orion_description:/home/huzy/My_orion/install/orion_mtc:/home/huzy/My_orion/install/orion_pybullet_sim:/opt/ros/humble'), ('VSCODE_PID', '2990')]), 'shell': False}
[0.099686] (-) TimerEvent: {}
[0.199957] (-) TimerEvent: {}
[0.208417] (orion_mtc) StdoutLine: {'line': b'[ 50%] Building CXX object CMakeFiles/mtc_node.dir/src/mtc_node.cpp.o\n'}
[0.300097] (-) TimerEvent: {}
[0.400373] (-) TimerEvent: {}
[0.500665] (-) TimerEvent: {}
[0.600939] (-) TimerEvent: {}
[0.701212] (-) TimerEvent: {}
[0.801505] (-) TimerEvent: {}
[0.901800] (-) TimerEvent: {}
[1.002104] (-) TimerEvent: {}
[1.102413] (-) TimerEvent: {}
[1.202716] (-) TimerEvent: {}
[1.303016] (-) TimerEvent: {}
[1.403384] (-) TimerEvent: {}
[1.503699] (-) TimerEvent: {}
[1.603986] (-) TimerEvent: {}
[1.704250] (-) TimerEvent: {}
[1.804549] (-) TimerEvent: {}
[1.904832] (-) TimerEvent: {}
[2.005109] (-) TimerEvent: {}
[2.105400] (-) TimerEvent: {}
[2.205690] (-) TimerEvent: {}
[2.306051] (-) TimerEvent: {}
[2.406354] (-) TimerEvent: {}
[2.506658] (-) TimerEvent: {}
[2.606966] (-) TimerEvent: {}
[2.707288] (-) TimerEvent: {}
[2.807598] (-) TimerEvent: {}
[2.907883] (-) TimerEvent: {}
[3.008186] (-) TimerEvent: {}
[3.108509] (-) TimerEvent: {}
[3.208802] (-) TimerEvent: {}
[3.309115] (-) TimerEvent: {}
[3.409465] (-) TimerEvent: {}
[3.509760] (-) TimerEvent: {}
[3.610060] (-) TimerEvent: {}
[3.710299] (-) TimerEvent: {}
[3.810596] (-) TimerEvent: {}
[3.910895] (-) TimerEvent: {}
[4.011212] (-) TimerEvent: {}
[4.111545] (-) TimerEvent: {}
[4.211852] (-) TimerEvent: {}
[4.312147] (-) TimerEvent: {}
[4.412469] (-) TimerEvent: {}
[4.512747] (-) TimerEvent: {}
[4.612997] (-) TimerEvent: {}
[4.713266] (-) TimerEvent: {}
[4.813555] (-) TimerEvent: {}
[4.913816] (-) TimerEvent: {}
[5.014095] (-) TimerEvent: {}
[5.114432] (-) TimerEvent: {}
[5.214752] (-) TimerEvent: {}
[5.315030] (-) TimerEvent: {}
[5.389291] (orion_mtc) StderrLine: {'line': b'In file included from /opt/ros/humble/include/rclcpp/rclcpp/logging.hpp:24,\n'}
[5.389583] (orion_mtc) StderrLine: {'line': b'                 from /opt/ros/humble/include/rclcpp/rclcpp/client.hpp:40,\n'}
[5.389639] (orion_mtc) StderrLine: {'line': b'                 from /opt/ros/humble/include/rclcpp/rclcpp/callback_group.hpp:24,\n'}
[5.389682] (orion_mtc) StderrLine: {'line': b'                 from /opt/ros/humble/include/rclcpp/rclcpp/any_executable.hpp:20,\n'}
[5.389724] (orion_mtc) StderrLine: {'line': b'                 from /opt/ros/humble/include/rclcpp/rclcpp/memory_strategy.hpp:25,\n'}
[5.389795] (orion_mtc) StderrLine: {'line': b'                 from /opt/ros/humble/include/rclcpp/rclcpp/memory_strategies.hpp:18,\n'}
[5.389843] (orion_mtc) StderrLine: {'line': b'                 from /opt/ros/humble/include/rclcpp/rclcpp/executor_options.hpp:20,\n'}
[5.389886] (orion_mtc) StderrLine: {'line': b'                 from /opt/ros/humble/include/rclcpp/rclcpp/executor.hpp:37,\n'}
[5.389928] (orion_mtc) StderrLine: {'line': b'                 from /opt/ros/humble/include/rclcpp/rclcpp/executors/multi_threaded_executor.hpp:25,\n'}
[5.389968] (orion_mtc) StderrLine: {'line': b'                 from /opt/ros/humble/include/rclcpp/rclcpp/executors.hpp:21,\n'}
[5.390010] (orion_mtc) StderrLine: {'line': b'                 from /opt/ros/humble/include/rclcpp/rclcpp/rclcpp.hpp:155,\n'}
[5.390050] (orion_mtc) StderrLine: {'line': b'                 from /home/huzy/My_orion/src/orion_mtc/src/mtc_node.cpp:3:\n'}
[5.390090] (orion_mtc) StderrLine: {'line': b'/home/huzy/My_orion/src/orion_mtc/src/mtc_node.cpp: In member function \xe2\x80\x98moveit::task_constructor::Task OrionMTCTaskNode::createTask()\xe2\x80\x99:\n'}
[5.390133] (orion_mtc) StderrLine: {'line': b'/home/huzy/My_orion/src/orion_mtc/src/mtc_node.cpp:673:95: error: request for member \xe2\x80\x98c_str\xe2\x80\x99 in \xe2\x80\x98hand_group_name\xe2\x80\x99, which is of non-class type \xe2\x80\x98const char [5]\xe2\x80\x99\n'}
[5.390178] (orion_mtc) StderrLine: {'line': b'  673 |         RCLCPP_ERROR(LOGGER, "No JointModelGroup \'%s\', skip grasp generator", hand_group_name.c_str());\n'}
[5.390235] (orion_mtc) StderrLine: {'line': b'      |                                                                                               ^~~~~\n'}
[5.415170] (-) TimerEvent: {}
[5.515459] (-) TimerEvent: {}
[5.615735] (-) TimerEvent: {}
[5.716048] (-) TimerEvent: {}
[5.816410] (-) TimerEvent: {}
[5.916706] (-) TimerEvent: {}
[6.016986] (-) TimerEvent: {}
[6.117259] (-) TimerEvent: {}
[6.217612] (-) TimerEvent: {}
[6.317887] (-) TimerEvent: {}
[6.418176] (-) TimerEvent: {}
[6.518489] (-) TimerEvent: {}
[6.618757] (-) TimerEvent: {}
[6.719045] (-) TimerEvent: {}
[6.819302] (-) TimerEvent: {}
[6.919589] (-) TimerEvent: {}
[7.019860] (-) TimerEvent: {}
[7.120363] (-) TimerEvent: {}
[7.220663] (-) TimerEvent: {}
[7.321081] (-) TimerEvent: {}
[7.421426] (-) TimerEvent: {}
[7.521731] (-) TimerEvent: {}
[7.623065] (-) TimerEvent: {}
[7.723323] (-) TimerEvent: {}
[7.823620] (-) TimerEvent: {}
[7.923925] (-) TimerEvent: {}
[8.024204] (-) TimerEvent: {}
[8.124633] (-) TimerEvent: {}
[8.224952] (-) TimerEvent: {}
[8.325287] (-) TimerEvent: {}
[8.425541] (-) TimerEvent: {}
[8.525806] (-) TimerEvent: {}
[8.626093] (-) TimerEvent: {}
[8.726418] (-) TimerEvent: {}
[8.826704] (-) TimerEvent: {}
[8.926990] (-) TimerEvent: {}
[9.027291] (-) TimerEvent: {}
[9.127604] (-) TimerEvent: {}
[9.227897] (-) TimerEvent: {}
[9.328235] (-) TimerEvent: {}
[9.428532] (-) TimerEvent: {}
[9.528845] (-) TimerEvent: {}
[9.629160] (-) TimerEvent: {}
[9.729507] (-) TimerEvent: {}
[9.829822] (-) TimerEvent: {}
[9.930118] (-) TimerEvent: {}
[10.030469] (-) TimerEvent: {}
[10.130806] (-) TimerEvent: {}
[10.231155] (-) TimerEvent: {}
[10.331518] (-) TimerEvent: {}
[10.431857] (-) TimerEvent: {}
[10.532305] (-) TimerEvent: {}
[10.608845] (orion_mtc) StderrLine: {'line': b'gmake[2]: *** [CMakeFiles/mtc_node.dir/build.make:76\xef\xbc\x9aCMakeFiles/mtc_node.dir/src/mtc_node.cpp.o] \xe9\x94\x99\xe8\xaf\xaf 1\n'}
[10.609379] (orion_mtc) StderrLine: {'line': b'gmake[1]: *** [CMakeFiles/Makefile2:137\xef\xbc\x9aCMakeFiles/mtc_node.dir/all] \xe9\x94\x99\xe8\xaf\xaf 2\n'}
[10.609713] (orion_mtc) StderrLine: {'line': b'gmake: *** [Makefile:146\xef\xbc\x9aall] \xe9\x94\x99\xe8\xaf\xaf 2\n'}
[10.612548] (orion_mtc) CommandEnded: {'returncode': 2}
[10.628255] (orion_mtc) JobEnded: {'identifier': 'orion_mtc', 'rc': 2}
[10.629810] (-) EventReactorShutdown: {}
