[0.060s] Invoking command in '/home/huzy/My_orion/build/orion_mtc': AMENT_PREFIX_PATH=/home/huzy/My_orion/install/orion_pybullet_sim:/home/huzy/My_orion/install/orion_moveit_config:/home/huzy/My_orion/install/orion_description:${AMENT_PREFIX_PATH} CMAKE_PREFIX_PATH=/home/huzy/My_orion/install/orion_moveit_config:/home/huzy/My_orion/install/orion_description:/opt/ros/humble PYTHONPATH=/home/huzy/My_orion/install/orion_pybullet_sim/lib/python3.10/site-packages:${PYTHONPATH} /usr/bin/cmake /home/huzy/My_orion/src/orion_mtc -DCMAKE_INSTALL_PREFIX=/home/huzy/My_orion/install/orion_mtc
[1.228s] -- The C compiler identification is GNU 11.4.0
[2.225s] -- The CXX compiler identification is GNU 11.4.0
[2.404s] -- Detecting C compiler ABI info
[4.599s] -- Detecting C compiler ABI info - done
[4.602s] -- Check for working C compiler: /usr/bin/cc - skipped
[4.602s] -- Detecting C compile features
[4.603s] -- Detecting C compile features - done
[4.604s] -- Detecting CXX compiler ABI info
[6.947s] -- Detecting CXX compiler ABI info - done
[6.952s] -- Check for working CXX compiler: /usr/bin/c++ - skipped
[6.953s] -- Detecting CXX compile features
[6.953s] -- Detecting CXX compile features - done
[6.955s] -- Found ament_cmake: 1.3.12 (/opt/ros/humble/share/ament_cmake/cmake)
[8.407s] -- Found Python3: /usr/bin/python3 (found version "3.10.12") found components: Interpreter 
[8.867s] -- Found rclcpp: 16.0.16 (/opt/ros/humble/share/rclcpp/cmake)
[8.989s] -- Found rosidl_generator_c: 3.1.7 (/opt/ros/humble/share/rosidl_generator_c/cmake)
[9.002s] -- Found rosidl_adapter: 3.1.7 (/opt/ros/humble/share/rosidl_adapter/cmake)
[9.022s] -- Found rosidl_generator_cpp: 3.1.7 (/opt/ros/humble/share/rosidl_generator_cpp/cmake)
[9.057s] -- Using all available rosidl_typesupport_c: rosidl_typesupport_fastrtps_c;rosidl_typesupport_introspection_c
[9.091s] -- Using all available rosidl_typesupport_cpp: rosidl_typesupport_fastrtps_cpp;rosidl_typesupport_introspection_cpp
[9.199s] -- Found rmw_implementation_cmake: 6.1.2 (/opt/ros/humble/share/rmw_implementation_cmake/cmake)
[9.208s] -- Found rmw_fastrtps_cpp: 6.2.9 (/opt/ros/humble/share/rmw_fastrtps_cpp/cmake)
[12.868s] -- Found OpenSSL: /usr/lib/x86_64-linux-gnu/libcrypto.so (found version "3.0.2")  
[13.116s] -- Found FastRTPS: /opt/ros/humble/include  
[13.546s] -- Using RMW implementation 'rmw_fastrtps_cpp' as default
[13.583s] -- Looking for pthread.h
[16.008s] -- Looking for pthread.h - found
[16.008s] -- Performing Test CMAKE_HAVE_LIBC_PTHREAD
[18.417s] -- Performing Test CMAKE_HAVE_LIBC_PTHREAD - Success
[18.420s] -- Found Threads: TRUE  
[18.564s] -- Found moveit_task_constructor_core: 0.1.3 (/opt/ros/humble/share/moveit_task_constructor_core/cmake)
[18.726s] -- Found Boost: /usr/lib/x86_64-linux-gnu/cmake/Boost-1.74.0/BoostConfig.cmake (found version "1.74.0") found components: chrono date_time filesystem iostreams program_options regex serialization system thread 
[18.868s] -- Found parameter_traits: 0.5.0 (/opt/ros/humble/share/parameter_traits/cmake)
[18.895s] -- Found rclcpp_lifecycle: 16.0.16 (/opt/ros/humble/share/rclcpp_lifecycle/cmake)
[18.943s] -- Found Boost: /usr/lib/x86_64-linux-gnu/cmake/Boost-1.74.0/BoostConfig.cmake (found version "1.74.0") found components: filesystem 
[22.834s] -- library: /usr/lib/x86_64-linux-gnu/libcurl.so
[22.974s] -- Found Eigen3: TRUE (found version "3.4.0") 
[22.974s] -- Ensuring Eigen3 include directory is part of orocos-kdl CMake target
[23.453s] -- Found Boost: /usr/lib/x86_64-linux-gnu/cmake/Boost-1.74.0/BoostConfig.cmake (found version "1.74.0") found components: system filesystem date_time program_options thread chrono 
[23.493s] -- Found Boost: /usr/lib/x86_64-linux-gnu/cmake/Boost-1.74.0/BoostConfig.cmake (found version "1.74.0") found components: date_time filesystem program_options system thread 
[23.512s] -- Found Boost: /usr/lib/x86_64-linux-gnu/cmake/Boost-1.74.0/BoostConfig.cmake (found version "1.74.0") found components: thread system filesystem regex date_time program_options 
[23.545s] -- Found Boost: /usr/lib/x86_64-linux-gnu/cmake/Boost-1.74.0/BoostConfig.cmake (found version "1.74.0") found components: system filesystem date_time program_options thread 
[23.658s] -- Found control_msgs: 4.8.0 (/opt/ros/humble/share/control_msgs/cmake)
[23.960s] -- Configuring done
[24.052s] -- Generating done
[24.064s] -- Build files have been written to: /home/huzy/My_orion/build/orion_mtc
[24.082s] Invoked command in '/home/huzy/My_orion/build/orion_mtc' returned '0': AMENT_PREFIX_PATH=/home/huzy/My_orion/install/orion_pybullet_sim:/home/huzy/My_orion/install/orion_moveit_config:/home/huzy/My_orion/install/orion_description:${AMENT_PREFIX_PATH} CMAKE_PREFIX_PATH=/home/huzy/My_orion/install/orion_moveit_config:/home/huzy/My_orion/install/orion_description:/opt/ros/humble PYTHONPATH=/home/huzy/My_orion/install/orion_pybullet_sim/lib/python3.10/site-packages:${PYTHONPATH} /usr/bin/cmake /home/huzy/My_orion/src/orion_mtc -DCMAKE_INSTALL_PREFIX=/home/huzy/My_orion/install/orion_mtc
[24.082s] Invoking command in '/home/huzy/My_orion/build/orion_mtc': AMENT_PREFIX_PATH=/home/huzy/My_orion/install/orion_pybullet_sim:/home/huzy/My_orion/install/orion_moveit_config:/home/huzy/My_orion/install/orion_description:${AMENT_PREFIX_PATH} CMAKE_PREFIX_PATH=/home/huzy/My_orion/install/orion_moveit_config:/home/huzy/My_orion/install/orion_description:/opt/ros/humble PYTHONPATH=/home/huzy/My_orion/install/orion_pybullet_sim/lib/python3.10/site-packages:${PYTHONPATH} /usr/bin/cmake --build /home/huzy/My_orion/build/orion_mtc -- -j8 -l8
[26.108s] [ 50%] Building CXX object CMakeFiles/mtc_node.dir/src/mtc_node.cpp.o
[44.683s] [100%] Linking CXX executable mtc_node
[46.509s] [100%] Built target mtc_node
[46.560s] Invoked command in '/home/huzy/My_orion/build/orion_mtc' returned '0': AMENT_PREFIX_PATH=/home/huzy/My_orion/install/orion_pybullet_sim:/home/huzy/My_orion/install/orion_moveit_config:/home/huzy/My_orion/install/orion_description:${AMENT_PREFIX_PATH} CMAKE_PREFIX_PATH=/home/huzy/My_orion/install/orion_moveit_config:/home/huzy/My_orion/install/orion_description:/opt/ros/humble PYTHONPATH=/home/huzy/My_orion/install/orion_pybullet_sim/lib/python3.10/site-packages:${PYTHONPATH} /usr/bin/cmake --build /home/huzy/My_orion/build/orion_mtc -- -j8 -l8
[46.566s] Invoking command in '/home/huzy/My_orion/build/orion_mtc': AMENT_PREFIX_PATH=/home/huzy/My_orion/install/orion_pybullet_sim:/home/huzy/My_orion/install/orion_moveit_config:/home/huzy/My_orion/install/orion_description:${AMENT_PREFIX_PATH} CMAKE_PREFIX_PATH=/home/huzy/My_orion/install/orion_moveit_config:/home/huzy/My_orion/install/orion_description:/opt/ros/humble PYTHONPATH=/home/huzy/My_orion/install/orion_pybullet_sim/lib/python3.10/site-packages:${PYTHONPATH} /usr/bin/cmake --install /home/huzy/My_orion/build/orion_mtc
[46.600s] -- Install configuration: ""
[46.600s] -- Installing: /home/huzy/My_orion/install/orion_mtc/lib/orion_mtc/mtc_node
[46.604s] -- Set runtime path of "/home/huzy/My_orion/install/orion_mtc/lib/orion_mtc/mtc_node" to ""
[46.604s] -- Installing: /home/huzy/My_orion/install/orion_mtc/share/orion_mtc/launch
[46.604s] -- Installing: /home/huzy/My_orion/install/orion_mtc/share/orion_mtc/launch/pick_place_pybullet.launch.py
[46.604s] -- Installing: /home/huzy/My_orion/install/orion_mtc/share/orion_mtc/config
[46.604s] -- Installing: /home/huzy/My_orion/install/orion_mtc/share/orion_mtc/config/pick_place_params.yaml
[46.604s] -- Installing: /home/huzy/My_orion/install/orion_mtc/share/ament_index/resource_index/package_run_dependencies/orion_mtc
[46.605s] -- Installing: /home/huzy/My_orion/install/orion_mtc/share/ament_index/resource_index/parent_prefix_path/orion_mtc
[46.605s] -- Installing: /home/huzy/My_orion/install/orion_mtc/share/orion_mtc/environment/ament_prefix_path.sh
[46.605s] -- Installing: /home/huzy/My_orion/install/orion_mtc/share/orion_mtc/environment/ament_prefix_path.dsv
[46.605s] -- Installing: /home/huzy/My_orion/install/orion_mtc/share/orion_mtc/environment/path.sh
[46.606s] -- Installing: /home/huzy/My_orion/install/orion_mtc/share/orion_mtc/environment/path.dsv
[46.606s] -- Installing: /home/huzy/My_orion/install/orion_mtc/share/orion_mtc/local_setup.bash
[46.606s] -- Installing: /home/huzy/My_orion/install/orion_mtc/share/orion_mtc/local_setup.sh
[46.606s] -- Installing: /home/huzy/My_orion/install/orion_mtc/share/orion_mtc/local_setup.zsh
[46.606s] -- Installing: /home/huzy/My_orion/install/orion_mtc/share/orion_mtc/local_setup.dsv
[46.607s] -- Installing: /home/huzy/My_orion/install/orion_mtc/share/orion_mtc/package.dsv
[46.607s] -- Installing: /home/huzy/My_orion/install/orion_mtc/share/ament_index/resource_index/packages/orion_mtc
[46.607s] -- Installing: /home/huzy/My_orion/install/orion_mtc/share/orion_mtc/cmake/orion_mtcConfig.cmake
[46.607s] -- Installing: /home/huzy/My_orion/install/orion_mtc/share/orion_mtc/cmake/orion_mtcConfig-version.cmake
[46.607s] -- Installing: /home/huzy/My_orion/install/orion_mtc/share/orion_mtc/package.xml
[46.609s] Invoked command in '/home/huzy/My_orion/build/orion_mtc' returned '0': AMENT_PREFIX_PATH=/home/huzy/My_orion/install/orion_pybullet_sim:/home/huzy/My_orion/install/orion_moveit_config:/home/huzy/My_orion/install/orion_description:${AMENT_PREFIX_PATH} CMAKE_PREFIX_PATH=/home/huzy/My_orion/install/orion_moveit_config:/home/huzy/My_orion/install/orion_description:/opt/ros/humble PYTHONPATH=/home/huzy/My_orion/install/orion_pybullet_sim/lib/python3.10/site-packages:${PYTHONPATH} /usr/bin/cmake --install /home/huzy/My_orion/build/orion_mtc
