[0.105s] DEBUG:colcon:Command line arguments: ['/usr/bin/colcon', 'build', '--packages-select', 'orion_mtc']
[0.105s] DEBUG:colcon:Parsed command line arguments: Namespace(log_base=None, log_level=None, verb_name='build', build_base='build', install_base='install', merge_install=False, symlink_install=False, test_result_base=None, continue_on_error=False, executor='parallel', parallel_workers=8, event_handlers=None, ignore_user_meta=False, metas=['./colcon.meta'], base_paths=['.'], packages_ignore=None, packages_ignore_regex=None, paths=None, packages_up_to=None, packages_up_to_regex=None, packages_above=None, packages_above_and_dependencies=None, packages_above_depth=None, packages_select_by_dep=None, packages_skip_by_dep=None, packages_skip_up_to=None, packages_select_build_failed=False, packages_skip_build_finished=False, packages_select_test_failures=False, packages_skip_test_passed=False, packages_select=['orion_mtc'], packages_skip=None, packages_select_regex=None, packages_skip_regex=None, packages_start=None, packages_end=None, allow_overriding=[], cmake_args=None, cmake_target=None, cmake_target_skip_unavailable=False, cmake_clean_cache=False, cmake_clean_first=False, cmake_force_configure=False, ament_cmake_args=None, catkin_cmake_args=None, catkin_skip_building_tests=False, mixin_files=None, mixin=None, verb_parser=<colcon_mixin.mixin.mixin_argument.MixinArgumentDecorator object at 0x76d1c195ee60>, verb_extension=<colcon_core.verb.build.BuildVerb object at 0x76d1c1a77d90>, main=<bound method BuildVerb.main of <colcon_core.verb.build.BuildVerb object at 0x76d1c1a77d90>>, mixin_verb=('build',))
[0.252s] Level 1:colcon.colcon_core.package_discovery:discover_packages(colcon_meta) check parameters
[0.252s] Level 1:colcon.colcon_core.package_discovery:discover_packages(recursive) check parameters
[0.252s] Level 1:colcon.colcon_core.package_discovery:discover_packages(ignore) check parameters
[0.252s] Level 1:colcon.colcon_core.package_discovery:discover_packages(path) check parameters
[0.252s] Level 1:colcon.colcon_core.package_discovery:discover_packages(colcon_meta) discover
[0.252s] Level 1:colcon.colcon_core.package_discovery:discover_packages(recursive) discover
[0.252s] INFO:colcon.colcon_core.package_discovery:Crawling recursively for packages in '/home/huzy/My_orion'
[0.252s] Level 1:colcon.colcon_core.package_identification:_identify(.) by extensions ['ignore', 'ignore_ament_install']
[0.252s] Level 1:colcon.colcon_core.package_identification:_identify(.) by extension 'ignore'
[0.252s] Level 1:colcon.colcon_core.package_identification:_identify(.) by extension 'ignore_ament_install'
[0.252s] Level 1:colcon.colcon_core.package_identification:_identify(.) by extensions ['colcon_pkg']
[0.252s] Level 1:colcon.colcon_core.package_identification:_identify(.) by extension 'colcon_pkg'
[0.252s] Level 1:colcon.colcon_core.package_identification:_identify(.) by extensions ['colcon_meta']
[0.252s] Level 1:colcon.colcon_core.package_identification:_identify(.) by extension 'colcon_meta'
[0.252s] Level 1:colcon.colcon_core.package_identification:_identify(.) by extensions ['ros']
[0.252s] Level 1:colcon.colcon_core.package_identification:_identify(.) by extension 'ros'
[0.262s] Level 1:colcon.colcon_core.package_identification:_identify(.) by extensions ['cmake', 'python']
[0.262s] Level 1:colcon.colcon_core.package_identification:_identify(.) by extension 'cmake'
[0.262s] Level 1:colcon.colcon_core.package_identification:_identify(.) by extension 'python'
[0.262s] Level 1:colcon.colcon_core.package_identification:_identify(.) by extensions ['python_setup_py']
[0.262s] Level 1:colcon.colcon_core.package_identification:_identify(.) by extension 'python_setup_py'
[0.262s] Level 1:colcon.colcon_core.package_identification:_identify(build) by extensions ['ignore', 'ignore_ament_install']
[0.262s] Level 1:colcon.colcon_core.package_identification:_identify(build) by extension 'ignore'
[0.262s] Level 1:colcon.colcon_core.package_identification:_identify(build) ignored
[0.263s] Level 1:colcon.colcon_core.package_identification:_identify(install) by extensions ['ignore', 'ignore_ament_install']
[0.263s] Level 1:colcon.colcon_core.package_identification:_identify(install) by extension 'ignore'
[0.263s] Level 1:colcon.colcon_core.package_identification:_identify(install) ignored
[0.263s] Level 1:colcon.colcon_core.package_identification:_identify(log) by extensions ['ignore', 'ignore_ament_install']
[0.263s] Level 1:colcon.colcon_core.package_identification:_identify(log) by extension 'ignore'
[0.263s] Level 1:colcon.colcon_core.package_identification:_identify(log) ignored
[0.263s] Level 1:colcon.colcon_core.package_identification:_identify(src) by extensions ['ignore', 'ignore_ament_install']
[0.263s] Level 1:colcon.colcon_core.package_identification:_identify(src) by extension 'ignore'
[0.263s] Level 1:colcon.colcon_core.package_identification:_identify(src) by extension 'ignore_ament_install'
[0.263s] Level 1:colcon.colcon_core.package_identification:_identify(src) by extensions ['colcon_pkg']
[0.263s] Level 1:colcon.colcon_core.package_identification:_identify(src) by extension 'colcon_pkg'
[0.263s] Level 1:colcon.colcon_core.package_identification:_identify(src) by extensions ['colcon_meta']
[0.263s] Level 1:colcon.colcon_core.package_identification:_identify(src) by extension 'colcon_meta'
[0.263s] Level 1:colcon.colcon_core.package_identification:_identify(src) by extensions ['ros']
[0.263s] Level 1:colcon.colcon_core.package_identification:_identify(src) by extension 'ros'
[0.264s] Level 1:colcon.colcon_core.package_identification:_identify(src) by extensions ['cmake', 'python']
[0.264s] Level 1:colcon.colcon_core.package_identification:_identify(src) by extension 'cmake'
[0.264s] Level 1:colcon.colcon_core.package_identification:_identify(src) by extension 'python'
[0.264s] Level 1:colcon.colcon_core.package_identification:_identify(src) by extensions ['python_setup_py']
[0.264s] Level 1:colcon.colcon_core.package_identification:_identify(src) by extension 'python_setup_py'
[0.264s] Level 1:colcon.colcon_core.package_identification:_identify(src/orion_description) by extensions ['ignore', 'ignore_ament_install']
[0.264s] Level 1:colcon.colcon_core.package_identification:_identify(src/orion_description) by extension 'ignore'
[0.264s] Level 1:colcon.colcon_core.package_identification:_identify(src/orion_description) by extension 'ignore_ament_install'
[0.264s] Level 1:colcon.colcon_core.package_identification:_identify(src/orion_description) by extensions ['colcon_pkg']
[0.264s] Level 1:colcon.colcon_core.package_identification:_identify(src/orion_description) by extension 'colcon_pkg'
[0.264s] Level 1:colcon.colcon_core.package_identification:_identify(src/orion_description) by extensions ['colcon_meta']
[0.264s] Level 1:colcon.colcon_core.package_identification:_identify(src/orion_description) by extension 'colcon_meta'
[0.264s] Level 1:colcon.colcon_core.package_identification:_identify(src/orion_description) by extensions ['ros']
[0.264s] Level 1:colcon.colcon_core.package_identification:_identify(src/orion_description) by extension 'ros'
[0.275s] DEBUG:colcon.colcon_core.package_identification:Package 'src/orion_description' with type 'ros.ament_cmake' and name 'orion_description'
[0.275s] Level 1:colcon.colcon_core.package_identification:_identify(src/orion_moveit_config) by extensions ['ignore', 'ignore_ament_install']
[0.275s] Level 1:colcon.colcon_core.package_identification:_identify(src/orion_moveit_config) by extension 'ignore'
[0.275s] Level 1:colcon.colcon_core.package_identification:_identify(src/orion_moveit_config) by extension 'ignore_ament_install'
[0.275s] Level 1:colcon.colcon_core.package_identification:_identify(src/orion_moveit_config) by extensions ['colcon_pkg']
[0.275s] Level 1:colcon.colcon_core.package_identification:_identify(src/orion_moveit_config) by extension 'colcon_pkg'
[0.275s] Level 1:colcon.colcon_core.package_identification:_identify(src/orion_moveit_config) by extensions ['colcon_meta']
[0.275s] Level 1:colcon.colcon_core.package_identification:_identify(src/orion_moveit_config) by extension 'colcon_meta'
[0.275s] Level 1:colcon.colcon_core.package_identification:_identify(src/orion_moveit_config) by extensions ['ros']
[0.275s] Level 1:colcon.colcon_core.package_identification:_identify(src/orion_moveit_config) by extension 'ros'
[0.276s] DEBUG:colcon.colcon_core.package_identification:Package 'src/orion_moveit_config' with type 'ros.ament_cmake' and name 'orion_moveit_config'
[0.276s] Level 1:colcon.colcon_core.package_identification:_identify(src/orion_mtc) by extensions ['ignore', 'ignore_ament_install']
[0.276s] Level 1:colcon.colcon_core.package_identification:_identify(src/orion_mtc) by extension 'ignore'
[0.276s] Level 1:colcon.colcon_core.package_identification:_identify(src/orion_mtc) by extension 'ignore_ament_install'
[0.276s] Level 1:colcon.colcon_core.package_identification:_identify(src/orion_mtc) by extensions ['colcon_pkg']
[0.276s] Level 1:colcon.colcon_core.package_identification:_identify(src/orion_mtc) by extension 'colcon_pkg'
[0.276s] Level 1:colcon.colcon_core.package_identification:_identify(src/orion_mtc) by extensions ['colcon_meta']
[0.276s] Level 1:colcon.colcon_core.package_identification:_identify(src/orion_mtc) by extension 'colcon_meta'
[0.276s] Level 1:colcon.colcon_core.package_identification:_identify(src/orion_mtc) by extensions ['ros']
[0.276s] Level 1:colcon.colcon_core.package_identification:_identify(src/orion_mtc) by extension 'ros'
[0.277s] DEBUG:colcon.colcon_core.package_identification:Package 'src/orion_mtc' with type 'ros.ament_cmake' and name 'orion_mtc'
[0.278s] Level 1:colcon.colcon_core.package_identification:_identify(src/orion_pybullet_sim) by extensions ['ignore', 'ignore_ament_install']
[0.278s] Level 1:colcon.colcon_core.package_identification:_identify(src/orion_pybullet_sim) by extension 'ignore'
[0.278s] Level 1:colcon.colcon_core.package_identification:_identify(src/orion_pybullet_sim) by extension 'ignore_ament_install'
[0.278s] Level 1:colcon.colcon_core.package_identification:_identify(src/orion_pybullet_sim) by extensions ['colcon_pkg']
[0.278s] Level 1:colcon.colcon_core.package_identification:_identify(src/orion_pybullet_sim) by extension 'colcon_pkg'
[0.278s] Level 1:colcon.colcon_core.package_identification:_identify(src/orion_pybullet_sim) by extensions ['colcon_meta']
[0.278s] Level 1:colcon.colcon_core.package_identification:_identify(src/orion_pybullet_sim) by extension 'colcon_meta'
[0.278s] Level 1:colcon.colcon_core.package_identification:_identify(src/orion_pybullet_sim) by extensions ['ros']
[0.278s] Level 1:colcon.colcon_core.package_identification:_identify(src/orion_pybullet_sim) by extension 'ros'
[0.279s] DEBUG:colcon.colcon_core.package_identification:Package 'src/orion_pybullet_sim' with type 'ros.ament_python' and name 'orion_pybullet_sim'
[0.279s] Level 1:colcon.colcon_core.package_discovery:discover_packages(recursive) using defaults
[0.279s] Level 1:colcon.colcon_core.package_discovery:discover_packages(ignore) discover
[0.279s] Level 1:colcon.colcon_core.package_discovery:discover_packages(ignore) using defaults
[0.279s] Level 1:colcon.colcon_core.package_discovery:discover_packages(path) discover
[0.279s] Level 1:colcon.colcon_core.package_discovery:discover_packages(path) using defaults
[0.297s] INFO:colcon.colcon_core.package_selection:Skipping not selected package 'orion_description' in 'src/orion_description'
[0.298s] INFO:colcon.colcon_core.package_selection:Skipping not selected package 'orion_moveit_config' in 'src/orion_moveit_config'
[0.298s] INFO:colcon.colcon_core.package_selection:Skipping not selected package 'orion_pybullet_sim' in 'src/orion_pybullet_sim'
[0.298s] Level 1:colcon.colcon_core.package_discovery:discover_packages(prefix_path) check parameters
[0.298s] Level 1:colcon.colcon_core.package_discovery:discover_packages(prefix_path) discover
[0.300s] DEBUG:colcon.colcon_installed_package_information.package_discovery:Found 4 installed packages in /home/huzy/My_orion/install
[0.301s] DEBUG:colcon.colcon_installed_package_information.package_discovery:Found 429 installed packages in /opt/ros/humble
[0.304s] Level 1:colcon.colcon_core.package_discovery:discover_packages(prefix_path) using defaults
[0.348s] Level 5:colcon.colcon_core.verb:set package 'orion_mtc' build argument 'cmake_args' from command line to 'None'
[0.348s] Level 5:colcon.colcon_core.verb:set package 'orion_mtc' build argument 'cmake_target' from command line to 'None'
[0.348s] Level 5:colcon.colcon_core.verb:set package 'orion_mtc' build argument 'cmake_target_skip_unavailable' from command line to 'False'
[0.348s] Level 5:colcon.colcon_core.verb:set package 'orion_mtc' build argument 'cmake_clean_cache' from command line to 'False'
[0.348s] Level 5:colcon.colcon_core.verb:set package 'orion_mtc' build argument 'cmake_clean_first' from command line to 'False'
[0.348s] Level 5:colcon.colcon_core.verb:set package 'orion_mtc' build argument 'cmake_force_configure' from command line to 'False'
[0.348s] Level 5:colcon.colcon_core.verb:set package 'orion_mtc' build argument 'ament_cmake_args' from command line to 'None'
[0.348s] Level 5:colcon.colcon_core.verb:set package 'orion_mtc' build argument 'catkin_cmake_args' from command line to 'None'
[0.348s] Level 5:colcon.colcon_core.verb:set package 'orion_mtc' build argument 'catkin_skip_building_tests' from command line to 'False'
[0.348s] DEBUG:colcon.colcon_core.verb:Building package 'orion_mtc' with the following arguments: {'ament_cmake_args': None, 'build_base': '/home/huzy/My_orion/build/orion_mtc', 'catkin_cmake_args': None, 'catkin_skip_building_tests': False, 'cmake_args': None, 'cmake_clean_cache': False, 'cmake_clean_first': False, 'cmake_force_configure': False, 'cmake_target': None, 'cmake_target_skip_unavailable': False, 'install_base': '/home/huzy/My_orion/install/orion_mtc', 'merge_install': False, 'path': '/home/huzy/My_orion/src/orion_mtc', 'symlink_install': False, 'test_result_base': None}
[0.348s] INFO:colcon.colcon_core.executor:Executing jobs using 'parallel' executor
[0.349s] DEBUG:colcon.colcon_parallel_executor.executor.parallel:run_until_complete
[0.350s] INFO:colcon.colcon_ros.task.ament_cmake.build:Building ROS package in '/home/huzy/My_orion/src/orion_mtc' with build type 'ament_cmake'
[0.350s] INFO:colcon.colcon_cmake.task.cmake.build:Building CMake package in '/home/huzy/My_orion/src/orion_mtc'
[0.352s] INFO:colcon.colcon_core.plugin_system:Skipping extension 'colcon_core.shell.bat': Not used on non-Windows systems
[0.352s] INFO:colcon.colcon_core.shell:Skip shell extension 'powershell' for command environment: Not usable outside of PowerShell
[0.352s] DEBUG:colcon.colcon_core.shell:Skip shell extension 'dsv' for command environment
[0.384s] DEBUG:colcon.colcon_core.event_handler.log_command:Invoking command in '/home/huzy/My_orion/build/orion_mtc': AMENT_PREFIX_PATH=/home/huzy/My_orion/install/orion_pybullet_sim:/home/huzy/My_orion/install/orion_mtc:/home/huzy/My_orion/install/orion_moveit_config:/home/huzy/My_orion/install/orion_description:/opt/ros/humble CMAKE_PREFIX_PATH=/home/huzy/My_orion/install/orion_moveit_config:/home/huzy/My_orion/install/orion_description:/home/huzy/My_orion/install/orion_mtc:/home/huzy/My_orion/install/orion_pybullet_sim:/opt/ros/humble /usr/bin/cmake --build /home/huzy/My_orion/build/orion_mtc -- -j8 -l8
[16.123s] DEBUG:colcon.colcon_core.event_handler.log_command:Invoked command in '/home/huzy/My_orion/build/orion_mtc' returned '0': AMENT_PREFIX_PATH=/home/huzy/My_orion/install/orion_pybullet_sim:/home/huzy/My_orion/install/orion_mtc:/home/huzy/My_orion/install/orion_moveit_config:/home/huzy/My_orion/install/orion_description:/opt/ros/humble CMAKE_PREFIX_PATH=/home/huzy/My_orion/install/orion_moveit_config:/home/huzy/My_orion/install/orion_description:/home/huzy/My_orion/install/orion_mtc:/home/huzy/My_orion/install/orion_pybullet_sim:/opt/ros/humble /usr/bin/cmake --build /home/huzy/My_orion/build/orion_mtc -- -j8 -l8
[16.144s] DEBUG:colcon.colcon_core.event_handler.log_command:Invoking command in '/home/huzy/My_orion/build/orion_mtc': AMENT_PREFIX_PATH=/home/huzy/My_orion/install/orion_pybullet_sim:/home/huzy/My_orion/install/orion_mtc:/home/huzy/My_orion/install/orion_moveit_config:/home/huzy/My_orion/install/orion_description:/opt/ros/humble CMAKE_PREFIX_PATH=/home/huzy/My_orion/install/orion_moveit_config:/home/huzy/My_orion/install/orion_description:/home/huzy/My_orion/install/orion_mtc:/home/huzy/My_orion/install/orion_pybullet_sim:/opt/ros/humble /usr/bin/cmake --install /home/huzy/My_orion/build/orion_mtc
[16.167s] Level 1:colcon.colcon_core.environment:create_environment_scripts_only(orion_mtc)
[16.168s] DEBUG:colcon.colcon_core.event_handler.log_command:Invoked command in '/home/huzy/My_orion/build/orion_mtc' returned '0': AMENT_PREFIX_PATH=/home/huzy/My_orion/install/orion_pybullet_sim:/home/huzy/My_orion/install/orion_mtc:/home/huzy/My_orion/install/orion_moveit_config:/home/huzy/My_orion/install/orion_description:/opt/ros/humble CMAKE_PREFIX_PATH=/home/huzy/My_orion/install/orion_moveit_config:/home/huzy/My_orion/install/orion_description:/home/huzy/My_orion/install/orion_mtc:/home/huzy/My_orion/install/orion_pybullet_sim:/opt/ros/humble /usr/bin/cmake --install /home/huzy/My_orion/build/orion_mtc
[16.170s] Level 1:colcon.colcon_core.environment:checking '/home/huzy/My_orion/install/orion_mtc' for CMake module files
[16.170s] Level 1:colcon.colcon_core.environment:checking '/home/huzy/My_orion/install/orion_mtc' for CMake config files
[16.170s] Level 1:colcon.colcon_core.shell:create_environment_hook('orion_mtc', 'cmake_prefix_path')
[16.171s] INFO:colcon.colcon_core.shell:Creating environment hook '/home/huzy/My_orion/install/orion_mtc/share/orion_mtc/hook/cmake_prefix_path.ps1'
[16.171s] INFO:colcon.colcon_core.shell:Creating environment descriptor '/home/huzy/My_orion/install/orion_mtc/share/orion_mtc/hook/cmake_prefix_path.dsv'
[16.172s] INFO:colcon.colcon_core.shell:Creating environment hook '/home/huzy/My_orion/install/orion_mtc/share/orion_mtc/hook/cmake_prefix_path.sh'
[16.173s] Level 1:colcon.colcon_core.environment:checking '/home/huzy/My_orion/install/orion_mtc/lib'
[16.173s] Level 1:colcon.colcon_core.environment:checking '/home/huzy/My_orion/install/orion_mtc/bin'
[16.173s] Level 1:colcon.colcon_core.environment:checking '/home/huzy/My_orion/install/orion_mtc/lib/pkgconfig/orion_mtc.pc'
[16.174s] Level 1:colcon.colcon_core.environment:checking '/home/huzy/My_orion/install/orion_mtc/lib/python3.10/site-packages'
[16.174s] Level 1:colcon.colcon_core.environment:checking '/home/huzy/My_orion/install/orion_mtc/bin'
[16.174s] INFO:colcon.colcon_core.shell:Creating package script '/home/huzy/My_orion/install/orion_mtc/share/orion_mtc/package.ps1'
[16.175s] INFO:colcon.colcon_core.shell:Creating package descriptor '/home/huzy/My_orion/install/orion_mtc/share/orion_mtc/package.dsv'
[16.176s] INFO:colcon.colcon_core.shell:Creating package script '/home/huzy/My_orion/install/orion_mtc/share/orion_mtc/package.sh'
[16.177s] INFO:colcon.colcon_core.shell:Creating package script '/home/huzy/My_orion/install/orion_mtc/share/orion_mtc/package.bash'
[16.178s] INFO:colcon.colcon_core.shell:Creating package script '/home/huzy/My_orion/install/orion_mtc/share/orion_mtc/package.zsh'
[16.178s] Level 1:colcon.colcon_core.environment:create_file_with_runtime_dependencies(/home/huzy/My_orion/install/orion_mtc/share/colcon-core/packages/orion_mtc)
[16.179s] Level 1:colcon.colcon_core.environment:create_environment_scripts_only(orion_mtc)
[16.179s] Level 1:colcon.colcon_core.environment:checking '/home/huzy/My_orion/install/orion_mtc' for CMake module files
[16.180s] Level 1:colcon.colcon_core.environment:checking '/home/huzy/My_orion/install/orion_mtc' for CMake config files
[16.180s] Level 1:colcon.colcon_core.shell:create_environment_hook('orion_mtc', 'cmake_prefix_path')
[16.180s] INFO:colcon.colcon_core.shell:Creating environment hook '/home/huzy/My_orion/install/orion_mtc/share/orion_mtc/hook/cmake_prefix_path.ps1'
[16.181s] INFO:colcon.colcon_core.shell:Creating environment descriptor '/home/huzy/My_orion/install/orion_mtc/share/orion_mtc/hook/cmake_prefix_path.dsv'
[16.181s] INFO:colcon.colcon_core.shell:Creating environment hook '/home/huzy/My_orion/install/orion_mtc/share/orion_mtc/hook/cmake_prefix_path.sh'
[16.182s] Level 1:colcon.colcon_core.environment:checking '/home/huzy/My_orion/install/orion_mtc/lib'
[16.182s] Level 1:colcon.colcon_core.environment:checking '/home/huzy/My_orion/install/orion_mtc/bin'
[16.182s] Level 1:colcon.colcon_core.environment:checking '/home/huzy/My_orion/install/orion_mtc/lib/pkgconfig/orion_mtc.pc'
[16.182s] Level 1:colcon.colcon_core.environment:checking '/home/huzy/My_orion/install/orion_mtc/lib/python3.10/site-packages'
[16.182s] Level 1:colcon.colcon_core.environment:checking '/home/huzy/My_orion/install/orion_mtc/bin'
[16.183s] INFO:colcon.colcon_core.shell:Creating package script '/home/huzy/My_orion/install/orion_mtc/share/orion_mtc/package.ps1'
[16.183s] INFO:colcon.colcon_core.shell:Creating package descriptor '/home/huzy/My_orion/install/orion_mtc/share/orion_mtc/package.dsv'
[16.184s] INFO:colcon.colcon_core.shell:Creating package script '/home/huzy/My_orion/install/orion_mtc/share/orion_mtc/package.sh'
[16.184s] INFO:colcon.colcon_core.shell:Creating package script '/home/huzy/My_orion/install/orion_mtc/share/orion_mtc/package.bash'
[16.185s] INFO:colcon.colcon_core.shell:Creating package script '/home/huzy/My_orion/install/orion_mtc/share/orion_mtc/package.zsh'
[16.185s] Level 1:colcon.colcon_core.environment:create_file_with_runtime_dependencies(/home/huzy/My_orion/install/orion_mtc/share/colcon-core/packages/orion_mtc)
[16.185s] DEBUG:colcon.colcon_parallel_executor.executor.parallel:closing loop
[16.186s] DEBUG:colcon.colcon_parallel_executor.executor.parallel:loop closed
[16.186s] DEBUG:colcon.colcon_parallel_executor.executor.parallel:run_until_complete finished with '0'
[16.186s] DEBUG:colcon.colcon_core.event_reactor:joining thread
[16.193s] INFO:colcon.colcon_core.plugin_system:Skipping extension 'colcon_notification.desktop_notification.terminal_notifier': Not used on non-Darwin systems
[16.193s] INFO:colcon.colcon_core.plugin_system:Skipping extension 'colcon_notification.desktop_notification.win32': Not used on non-Windows systems
[16.193s] INFO:colcon.colcon_notification.desktop_notification:Sending desktop notification using 'notify2'
[16.208s] DEBUG:colcon.colcon_core.event_reactor:joined thread
[16.209s] INFO:colcon.colcon_core.shell:Creating prefix script '/home/huzy/My_orion/install/local_setup.ps1'
[16.210s] INFO:colcon.colcon_core.shell:Creating prefix util module '/home/huzy/My_orion/install/_local_setup_util_ps1.py'
[16.211s] INFO:colcon.colcon_core.shell:Creating prefix chain script '/home/huzy/My_orion/install/setup.ps1'
[16.212s] INFO:colcon.colcon_core.shell:Creating prefix script '/home/huzy/My_orion/install/local_setup.sh'
[16.213s] INFO:colcon.colcon_core.shell:Creating prefix util module '/home/huzy/My_orion/install/_local_setup_util_sh.py'
[16.214s] INFO:colcon.colcon_core.shell:Creating prefix chain script '/home/huzy/My_orion/install/setup.sh'
[16.215s] INFO:colcon.colcon_core.shell:Creating prefix script '/home/huzy/My_orion/install/local_setup.bash'
[16.215s] INFO:colcon.colcon_core.shell:Creating prefix chain script '/home/huzy/My_orion/install/setup.bash'
[16.216s] INFO:colcon.colcon_core.shell:Creating prefix script '/home/huzy/My_orion/install/local_setup.zsh'
[16.217s] INFO:colcon.colcon_core.shell:Creating prefix chain script '/home/huzy/My_orion/install/setup.zsh'
