[0.000000] (-) TimerEvent: {}
[0.000277] (-) JobUnselected: {'identifier': 'orion_description'}
[0.000540] (-) JobUnselected: {'identifier': 'orion_moveit_config'}
[0.000568] (-) JobUnselected: {'identifier': 'orion_pybullet_sim'}
[0.000596] (orion_mtc) JobQueued: {'identifier': 'orion_mtc', 'dependencies': OrderedDict([('orion_description', '/home/huzy/My_orion/install/orion_description'), ('orion_moveit_config', '/home/huzy/My_orion/install/orion_moveit_config'), ('orion_pybullet_sim', '/home/huzy/My_orion/install/orion_pybullet_sim')])}
[0.000630] (orion_mtc) JobStarted: {'identifier': 'orion_mtc'}
[0.031972] (orion_mtc) JobProgress: {'identifier': 'orion_mtc', 'progress': 'cmake'}
[0.032689] (orion_mtc) JobProgress: {'identifier': 'orion_mtc', 'progress': 'build'}
[0.033229] (orion_mtc) Command: {'cmd': ['/usr/bin/cmake', '--build', '/home/huzy/My_orion/build/orion_mtc', '--', '-j8', '-l8'], 'cwd': '/home/huzy/My_orion/build/orion_mtc', 'env': OrderedDict([('GJS_DEBUG_TOPICS', 'JS ERROR;JS LOG'), ('LESSOPEN', '| /usr/bin/lesspipe %s'), ('VSCODE_CWD', '/home/huzy'), ('CURSOR_EXTENSION_HOST_ROLE', 'agent-exec'), ('VSCODE_ESM_ENTRYPOINT', 'vs/workbench/api/node/extensionHostProcess'), ('LANGUAGE', 'zh_CN:en_AU:en_US:en'), ('USER', 'huzy'), ('LC_TIME', 'zh_CN.UTF-8'), ('VSCODE_NLS_CONFIG', '{"userLocale":"zh-cn","osLocale":"zh-cn","resolvedLanguage":"zh-cn","defaultMessagesFile":"/tmp/.mount_CursorUXtYWI/usr/share/cursor/resources/app/out/nls.messages.json","languagePack":{"translationsConfigFile":"/home/huzy/.config/Cursor/clp/3bfb7f1471a52e527cfc1587dd57c7c1.zh-cn/tcf.json","messagesFile":"/home/huzy/.config/Cursor/clp/3bfb7f1471a52e527cfc1587dd57c7c1.zh-cn/8c95649f251a168cc4bb34c89531fae7db4bd990/nls.messages.json","corruptMarkerFile":"/home/huzy/.config/Cursor/clp/3bfb7f1471a52e527cfc1587dd57c7c1.zh-cn/corrupted.info"},"locale":"zh-cn","availableLanguages":{"*":"zh-cn"},"_languagePackId":"3bfb7f1471a52e527cfc1587dd57c7c1.zh-cn","_languagePackSupport":true,"_translationsConfigFile":"/home/huzy/.config/Cursor/clp/3bfb7f1471a52e527cfc1587dd57c7c1.zh-cn/tcf.json","_cacheRoot":"/home/huzy/.config/Cursor/clp/3bfb7f1471a52e527cfc1587dd57c7c1.zh-cn","_resolvedLanguagePackCoreLocation":"/home/huzy/.config/Cursor/clp/3bfb7f1471a52e527cfc1587dd57c7c1.zh-cn/8c95649f251a168cc4bb34c89531fae7db4bd990","_corruptedFile":"/home/huzy/.config/Cursor/clp/3bfb7f1471a52e527cfc1587dd57c7c1.zh-cn/corrupted.info"}'), ('CI', '1'), ('VSCODE_HANDLES_UNCAUGHT_ERRORS', 'true'), ('XDG_SESSION_TYPE', 'wayland'), ('SHLVL', '1'), ('LD_LIBRARY_PATH', '/usr/lib/x86_64-linux-gnu/gazebo-11/plugins:/opt/ros/humble/opt/rviz_ogre_vendor/lib:/opt/ros/humble/lib/x86_64-linux-gnu:/opt/ros/humble/lib:/tmp/.mount_CursorUXtYWI/usr/lib/:/tmp/.mount_CursorUXtYWI/usr/lib32/:/tmp/.mount_CursorUXtYWI/usr/lib64/:/tmp/.mount_CursorUXtYWI/lib/:/tmp/.mount_CursorUXtYWI/lib/i386-linux-gnu/:/tmp/.mount_CursorUXtYWI/lib/x86_64-linux-gnu/:/tmp/.mount_CursorUXtYWI/lib/aarch64-linux-gnu/:/tmp/.mount_CursorUXtYWI/lib32/:/tmp/.mount_CursorUXtYWI/lib64/:'), ('HOME', '/home/huzy'), ('CHROME_DESKTOP', 'cursor.desktop'), ('APPDIR', '/tmp/.mount_CursorUXtYWI'), ('OLDPWD', '/home/huzy/My_orion'), ('DESKTOP_SESSION', 'ubuntu'), ('PERLLIB', '/tmp/.mount_CursorUXtYWI/usr/share/perl5/:/tmp/.mount_CursorUXtYWI/usr/lib/perl5/:'), ('VSCODE_IPC_HOOK', '/run/user/1000/vscode-294d73a8-2.6.-main.sock'), ('GIO_LAUNCHED_DESKTOP_FILE', '/home/huzy/.local/share/applications/cursor-ime.desktop'), ('ROS_PYTHON_VERSION', '3'), ('GNOME_SHELL_SESSION_MODE', 'ubuntu'), ('GTK_MODULES', 'gail:atk-bridge'), ('SDL_IM_MODULE', 'fcitx'), ('LC_MONETARY', 'zh_CN.UTF-8'), ('CURSOR_WORKSPACE_LABEL', 'My_orion'), ('MANAGERPID', '1530'), ('SYSTEMD_EXEC_PID', '1714'), ('IM_CONFIG_CHECK_ENV', '1'), ('NO_COLOR', '1'), ('DBUS_SESSION_BUS_ADDRESS', 'unix:path=/run/user/1000/bus'), ('GIO_LAUNCHED_DESKTOP_FILE_PID', '2990'), ('VSCODE_CRASH_REPORTER_PROCESS_TYPE', 'extensionHost'), ('IM_CONFIG_PHASE', '1'), ('WAYLAND_DISPLAY', 'wayland-0'), ('COLCON_PREFIX_PATH', '/home/huzy/My_orion/install'), ('ROS_DISTRO', 'humble'), ('GTK_IM_MODULE', 'fcitx'), ('LOGNAME', 'huzy'), ('FORCE_COLOR', '0'), ('OWD', '/home/huzy'), ('JOURNAL_STREAM', '8:25737'), ('_', '/usr/bin/colcon'), ('ROS_VERSION', '2'), ('XDG_SESSION_CLASS', 'user'), ('USERNAME', 'huzy'), ('TERM', 'dumb'), ('GNOME_DESKTOP_SESSION_ID', 'this-is-deprecated'), ('FC_FONTATIONS', '1'), ('ROS_LOCALHOST_ONLY', '0'), ('PATH', '/home/huzy/.local/bin:/home/huzy/bin:/home/huzy/bin:/home/huzy/.local/bin:/home/huzy/bin:/home/huzy/bin:/opt/ros/humble/bin:/tmp/.mount_CursorUXtYWI/usr/bin/:/tmp/.mount_CursorUXtYWI/usr/sbin/:/tmp/.mount_CursorUXtYWI/usr/games/:/tmp/.mount_CursorUXtYWI/bin/:/tmp/.mount_CursorUXtYWI/sbin/:/home/huzy/.local/bin:/home/huzy/bin:/usr/local/sbin:/usr/local/bin:/usr/sbin:/usr/bin:/sbin:/bin:/usr/games:/usr/local/games:/snap/bin:/snap/bin'), ('SESSION_MANAGER', 'local/huzy-virtual-machine:@/tmp/.ICE-unix/1679,unix/huzy-virtual-machine:/tmp/.ICE-unix/1679'), ('INVOCATION_ID', '826d726d6f664b3f89826df4c6724b2b'), ('PAPERSIZE', 'a4'), ('APPIMAGE', '/home/huzy/Downloads/Cursor-1.4.5-x86_64.AppImage'), ('XDG_MENU_PREFIX', 'gnome-'), ('LC_ADDRESS', 'zh_CN.UTF-8'), ('VSCODE_PROCESS_TITLE', 'extension-host (agent-exec) My_orion [1-3]'), ('GNOME_SETUP_DISPLAY', ':1'), ('XDG_RUNTIME_DIR', '/run/user/1000'), ('GDK_BACKEND', 'x11'), ('CURSOR_AGENT', '1'), ('DISPLAY', ':0'), ('LANG', 'zh_CN.UTF-8'), ('XDG_CURRENT_DESKTOP', 'ubuntu:GNOME'), ('LC_TELEPHONE', 'zh_CN.UTF-8'), ('XMODIFIERS', '@im=fcitx'), ('XDG_SESSION_DESKTOP', 'ubuntu'), ('XAUTHORITY', '/run/user/1000/.mutter-Xwaylandauth.LF0LL3'), ('LS_COLORS', ''), ('CURSOR_TRACE_ID', 'd42350f5f41c41808637c56825ce7e0d'), ('SSH_AGENT_LAUNCHER', 'gnome-keyring'), ('SSH_AUTH_SOCK', '/run/user/1000/keyring/ssh'), ('GSETTINGS_SCHEMA_DIR', '/tmp/.mount_CursorUXtYWI/usr/share/glib-2.0/schemas/:'), ('AMENT_PREFIX_PATH', '/home/huzy/My_orion/install/orion_pybullet_sim:/home/huzy/My_orion/install/orion_mtc:/home/huzy/My_orion/install/orion_moveit_config:/home/huzy/My_orion/install/orion_description:/opt/ros/humble'), ('SHELL', '/bin/bash'), ('LC_NAME', 'zh_CN.UTF-8'), ('ARGV0', '/home/huzy/Downloads/Cursor-1.4.5-x86_64.AppImage'), ('QT_ACCESSIBILITY', '1'), ('GDMSESSION', 'ubuntu'), ('LESSCLOSE', '/usr/bin/lesspipe %s %s'), ('LC_MEASUREMENT', 'zh_CN.UTF-8'), ('GJS_DEBUG_OUTPUT', 'stderr'), ('LC_IDENTIFICATION', 'zh_CN.UTF-8'), ('QT_IM_MODULE', 'fcitx'), ('PWD', '/home/huzy/My_orion/build/orion_mtc'), ('XDG_CONFIG_DIRS', '/etc/xdg/xdg-ubuntu:/etc/xdg'), ('VSCODE_CODE_CACHE_PATH', '/home/huzy/.config/Cursor/CachedData/8c95649f251a168cc4bb34c89531fae7db4bd990'), ('CLUTTER_IM_MODULE', 'fcitx'), ('XDG_DATA_DIRS', '/tmp/.mount_CursorUXtYWI/usr/share/:/usr/local/share:/usr/share:/usr/share/ubuntu:/usr/local/share/:/usr/share/:/var/lib/snapd/desktop'), ('PYTHONPATH', '/home/huzy/My_orion/install/orion_pybullet_sim/lib/python3.10/site-packages:/opt/ros/humble/lib/python3.10/site-packages:/opt/ros/humble/local/lib/python3.10/dist-packages'), ('LC_NUMERIC', 'zh_CN.UTF-8'), ('LC_PAPER', 'zh_CN.UTF-8'), ('QT_PLUGIN_PATH', '/tmp/.mount_CursorUXtYWI/usr/lib/qt4/plugins/:/tmp/.mount_CursorUXtYWI/usr/lib/i386-linux-gnu/qt4/plugins/:/tmp/.mount_CursorUXtYWI/usr/lib/x86_64-linux-gnu/qt4/plugins/:/tmp/.mount_CursorUXtYWI/usr/lib/aarch64-linux-gnu/qt4/plugins/:/tmp/.mount_CursorUXtYWI/usr/lib32/qt4/plugins/:/tmp/.mount_CursorUXtYWI/usr/lib64/qt4/plugins/:/tmp/.mount_CursorUXtYWI/usr/lib/qt5/plugins/:/tmp/.mount_CursorUXtYWI/usr/lib/i386-linux-gnu/qt5/plugins/:/tmp/.mount_CursorUXtYWI/usr/lib/x86_64-linux-gnu/qt5/plugins/:/tmp/.mount_CursorUXtYWI/usr/lib/aarch64-linux-gnu/qt5/plugins/:/tmp/.mount_CursorUXtYWI/usr/lib32/qt5/plugins/:/tmp/.mount_CursorUXtYWI/usr/lib64/qt5/plugins/:'), ('COLCON', '1'), ('_ZO_DOCTOR', '0'), ('CMAKE_PREFIX_PATH', '/home/huzy/My_orion/install/orion_moveit_config:/home/huzy/My_orion/install/orion_description:/home/huzy/My_orion/install/orion_mtc:/home/huzy/My_orion/install/orion_pybullet_sim:/opt/ros/humble'), ('VSCODE_PID', '2990')]), 'shell': False}
[0.099706] (-) TimerEvent: {}
[0.165955] (orion_mtc) StdoutLine: {'line': b'Consolidate compiler generated dependencies of target mtc_node\n'}
[0.199852] (-) TimerEvent: {}
[0.209526] (orion_mtc) StdoutLine: {'line': b'[ 50%] Building CXX object CMakeFiles/mtc_node.dir/src/mtc_node.cpp.o\n'}
[0.299974] (-) TimerEvent: {}
[0.400343] (-) TimerEvent: {}
[0.500619] (-) TimerEvent: {}
[0.600862] (-) TimerEvent: {}
[0.701124] (-) TimerEvent: {}
[0.801432] (-) TimerEvent: {}
[0.901720] (-) TimerEvent: {}
[1.001981] (-) TimerEvent: {}
[1.102250] (-) TimerEvent: {}
[1.202622] (-) TimerEvent: {}
[1.302962] (-) TimerEvent: {}
[1.403220] (-) TimerEvent: {}
[1.503495] (-) TimerEvent: {}
[1.603762] (-) TimerEvent: {}
[1.704047] (-) TimerEvent: {}
[1.804304] (-) TimerEvent: {}
[1.904567] (-) TimerEvent: {}
[2.004852] (-) TimerEvent: {}
[2.105187] (-) TimerEvent: {}
[2.205489] (-) TimerEvent: {}
[2.305757] (-) TimerEvent: {}
[2.406082] (-) TimerEvent: {}
[2.506712] (-) TimerEvent: {}
[2.606965] (-) TimerEvent: {}
[2.707251] (-) TimerEvent: {}
[2.808166] (-) TimerEvent: {}
[2.908491] (-) TimerEvent: {}
[3.008818] (-) TimerEvent: {}
[3.109081] (-) TimerEvent: {}
[3.209470] (-) TimerEvent: {}
[3.309726] (-) TimerEvent: {}
[3.409958] (-) TimerEvent: {}
[3.510195] (-) TimerEvent: {}
[3.610477] (-) TimerEvent: {}
[3.711461] (-) TimerEvent: {}
[3.811739] (-) TimerEvent: {}
[3.912062] (-) TimerEvent: {}
[4.012363] (-) TimerEvent: {}
[4.112941] (-) TimerEvent: {}
[4.213255] (-) TimerEvent: {}
[4.313579] (-) TimerEvent: {}
[4.413860] (-) TimerEvent: {}
[4.514128] (-) TimerEvent: {}
[4.614424] (-) TimerEvent: {}
[4.714747] (-) TimerEvent: {}
[4.815080] (-) TimerEvent: {}
[4.915414] (-) TimerEvent: {}
[5.015688] (-) TimerEvent: {}
[5.115998] (-) TimerEvent: {}
[5.216454] (-) TimerEvent: {}
[5.316886] (-) TimerEvent: {}
[5.417197] (-) TimerEvent: {}
[5.517507] (-) TimerEvent: {}
[5.617751] (-) TimerEvent: {}
[5.717993] (-) TimerEvent: {}
[5.818241] (-) TimerEvent: {}
[5.918525] (-) TimerEvent: {}
[6.018752] (-) TimerEvent: {}
[6.119007] (-) TimerEvent: {}
[6.219235] (-) TimerEvent: {}
[6.320272] (-) TimerEvent: {}
[6.420587] (-) TimerEvent: {}
[6.520938] (-) TimerEvent: {}
[6.621250] (-) TimerEvent: {}
[6.721545] (-) TimerEvent: {}
[6.821862] (-) TimerEvent: {}
[6.922152] (-) TimerEvent: {}
[7.022429] (-) TimerEvent: {}
[7.123024] (-) TimerEvent: {}
[7.223289] (-) TimerEvent: {}
[7.323575] (-) TimerEvent: {}
[7.423934] (-) TimerEvent: {}
[7.524462] (-) TimerEvent: {}
[7.624717] (-) TimerEvent: {}
[7.724984] (-) TimerEvent: {}
[7.825348] (-) TimerEvent: {}
[7.925644] (-) TimerEvent: {}
[8.026079] (-) TimerEvent: {}
[8.126449] (-) TimerEvent: {}
[8.226833] (-) TimerEvent: {}
[8.327085] (-) TimerEvent: {}
[8.427361] (-) TimerEvent: {}
[8.527653] (-) TimerEvent: {}
[8.627896] (-) TimerEvent: {}
[8.728139] (-) TimerEvent: {}
[8.829293] (-) TimerEvent: {}
[8.929559] (-) TimerEvent: {}
[9.029806] (-) TimerEvent: {}
[9.130048] (-) TimerEvent: {}
[9.230292] (-) TimerEvent: {}
[9.330518] (-) TimerEvent: {}
[9.430753] (-) TimerEvent: {}
[9.530986] (-) TimerEvent: {}
[9.631242] (-) TimerEvent: {}
[9.731525] (-) TimerEvent: {}
[9.831791] (-) TimerEvent: {}
[9.932053] (-) TimerEvent: {}
[10.032306] (-) TimerEvent: {}
[10.132604] (-) TimerEvent: {}
[10.232890] (-) TimerEvent: {}
[10.333176] (-) TimerEvent: {}
[10.433523] (-) TimerEvent: {}
[10.533861] (-) TimerEvent: {}
[10.634190] (-) TimerEvent: {}
[10.734545] (-) TimerEvent: {}
[10.834828] (-) TimerEvent: {}
[10.935338] (-) TimerEvent: {}
[11.035650] (-) TimerEvent: {}
[11.135951] (-) TimerEvent: {}
[11.236309] (-) TimerEvent: {}
[11.336999] (-) TimerEvent: {}
[11.437559] (-) TimerEvent: {}
[11.537949] (-) TimerEvent: {}
[11.638437] (-) TimerEvent: {}
[11.738803] (-) TimerEvent: {}
[11.839104] (-) TimerEvent: {}
[11.939465] (-) TimerEvent: {}
[12.039732] (-) TimerEvent: {}
[12.139995] (-) TimerEvent: {}
[12.240377] (-) TimerEvent: {}
[12.340712] (-) TimerEvent: {}
[12.440941] (-) TimerEvent: {}
[12.541193] (-) TimerEvent: {}
[12.641496] (-) TimerEvent: {}
[12.741770] (-) TimerEvent: {}
[12.842037] (-) TimerEvent: {}
[12.942301] (-) TimerEvent: {}
[13.042626] (-) TimerEvent: {}
[13.142885] (-) TimerEvent: {}
[13.243126] (-) TimerEvent: {}
[13.343434] (-) TimerEvent: {}
[13.443719] (-) TimerEvent: {}
[13.544054] (-) TimerEvent: {}
[13.644449] (-) TimerEvent: {}
[13.744677] (-) TimerEvent: {}
[13.844956] (-) TimerEvent: {}
[13.945363] (-) TimerEvent: {}
[14.045660] (-) TimerEvent: {}
[14.145958] (-) TimerEvent: {}
[14.246371] (-) TimerEvent: {}
[14.346713] (-) TimerEvent: {}
[14.446962] (-) TimerEvent: {}
[14.547316] (-) TimerEvent: {}
[14.647618] (-) TimerEvent: {}
[14.748014] (-) TimerEvent: {}
[14.848723] (-) TimerEvent: {}
[14.949056] (-) TimerEvent: {}
[15.049377] (-) TimerEvent: {}
[15.149872] (-) TimerEvent: {}
[15.250157] (-) TimerEvent: {}
[15.350525] (-) TimerEvent: {}
[15.451421] (-) TimerEvent: {}
[15.552024] (-) TimerEvent: {}
[15.652733] (-) TimerEvent: {}
[15.753257] (-) TimerEvent: {}
[15.853616] (-) TimerEvent: {}
[15.953878] (-) TimerEvent: {}
[16.054207] (-) TimerEvent: {}
[16.154616] (-) TimerEvent: {}
[16.254969] (-) TimerEvent: {}
[16.355340] (-) TimerEvent: {}
[16.456339] (-) TimerEvent: {}
[16.556613] (-) TimerEvent: {}
[16.656855] (-) TimerEvent: {}
[16.757106] (-) TimerEvent: {}
[16.857383] (-) TimerEvent: {}
[16.957649] (-) TimerEvent: {}
[17.057904] (-) TimerEvent: {}
[17.158187] (-) TimerEvent: {}
[17.258525] (-) TimerEvent: {}
[17.358873] (-) TimerEvent: {}
[17.459174] (-) TimerEvent: {}
[17.559496] (-) TimerEvent: {}
[17.659773] (-) TimerEvent: {}
[17.760041] (-) TimerEvent: {}
[17.860282] (-) TimerEvent: {}
[17.960730] (-) TimerEvent: {}
[18.061198] (-) TimerEvent: {}
[18.161470] (-) TimerEvent: {}
[18.261818] (-) TimerEvent: {}
[18.362065] (-) TimerEvent: {}
[18.462373] (-) TimerEvent: {}
[18.562627] (-) TimerEvent: {}
[18.663424] (-) TimerEvent: {}
[18.763836] (-) TimerEvent: {}
[18.864121] (-) TimerEvent: {}
[18.964476] (-) TimerEvent: {}
[19.064748] (-) TimerEvent: {}
[19.165056] (-) TimerEvent: {}
[19.265335] (-) TimerEvent: {}
[19.365595] (-) TimerEvent: {}
[19.466312] (-) TimerEvent: {}
[19.566616] (-) TimerEvent: {}
[19.666911] (-) TimerEvent: {}
[19.767159] (-) TimerEvent: {}
[19.867417] (-) TimerEvent: {}
[19.967723] (-) TimerEvent: {}
[20.068080] (-) TimerEvent: {}
[20.168482] (-) TimerEvent: {}
[20.268721] (-) TimerEvent: {}
[20.368975] (-) TimerEvent: {}
[20.469297] (-) TimerEvent: {}
[20.569547] (-) TimerEvent: {}
[20.669794] (-) TimerEvent: {}
[20.770032] (-) TimerEvent: {}
[20.870319] (-) TimerEvent: {}
[20.970597] (-) TimerEvent: {}
[21.070875] (-) TimerEvent: {}
[21.171330] (-) TimerEvent: {}
[21.271586] (-) TimerEvent: {}
[21.371817] (-) TimerEvent: {}
[21.472089] (-) TimerEvent: {}
[21.572489] (-) TimerEvent: {}
[21.672772] (-) TimerEvent: {}
[21.773065] (-) TimerEvent: {}
[21.873393] (-) TimerEvent: {}
[21.973665] (-) TimerEvent: {}
[22.073954] (-) TimerEvent: {}
[22.174223] (-) TimerEvent: {}
[22.274475] (-) TimerEvent: {}
[22.374734] (-) TimerEvent: {}
[22.475005] (-) TimerEvent: {}
[22.575249] (-) TimerEvent: {}
[22.675513] (-) TimerEvent: {}
[22.775769] (-) TimerEvent: {}
[22.876064] (-) TimerEvent: {}
[22.976317] (-) TimerEvent: {}
[23.076626] (-) TimerEvent: {}
[23.176942] (-) TimerEvent: {}
[23.277239] (-) TimerEvent: {}
[23.377507] (-) TimerEvent: {}
[23.477773] (-) TimerEvent: {}
[23.578028] (-) TimerEvent: {}
[23.678285] (-) TimerEvent: {}
[23.778526] (-) TimerEvent: {}
[23.878779] (-) TimerEvent: {}
[23.979062] (-) TimerEvent: {}
[24.079323] (-) TimerEvent: {}
[24.179603] (-) TimerEvent: {}
[24.279888] (-) TimerEvent: {}
[24.380155] (-) TimerEvent: {}
[24.480431] (-) TimerEvent: {}
[24.580716] (-) TimerEvent: {}
[24.681055] (-) TimerEvent: {}
[24.781308] (-) TimerEvent: {}
[24.785715] (orion_mtc) StdoutLine: {'line': b'[100%] Linking CXX executable mtc_node\n'}
[24.881462] (-) TimerEvent: {}
[24.981716] (-) TimerEvent: {}
[25.081978] (-) TimerEvent: {}
[25.182319] (-) TimerEvent: {}
[25.282580] (-) TimerEvent: {}
[25.382891] (-) TimerEvent: {}
[25.483236] (-) TimerEvent: {}
[25.583690] (-) TimerEvent: {}
[25.684140] (-) TimerEvent: {}
[25.784602] (-) TimerEvent: {}
[25.884942] (-) TimerEvent: {}
[25.985203] (-) TimerEvent: {}
[26.085459] (-) TimerEvent: {}
[26.088413] (orion_mtc) StdoutLine: {'line': b'[100%] Built target mtc_node\n'}
[26.110580] (orion_mtc) CommandEnded: {'returncode': 0}
[26.111376] (orion_mtc) JobProgress: {'identifier': 'orion_mtc', 'progress': 'install'}
[26.139816] (orion_mtc) Command: {'cmd': ['/usr/bin/cmake', '--install', '/home/huzy/My_orion/build/orion_mtc'], 'cwd': '/home/huzy/My_orion/build/orion_mtc', 'env': OrderedDict([('GJS_DEBUG_TOPICS', 'JS ERROR;JS LOG'), ('LESSOPEN', '| /usr/bin/lesspipe %s'), ('VSCODE_CWD', '/home/huzy'), ('CURSOR_EXTENSION_HOST_ROLE', 'agent-exec'), ('VSCODE_ESM_ENTRYPOINT', 'vs/workbench/api/node/extensionHostProcess'), ('LANGUAGE', 'zh_CN:en_AU:en_US:en'), ('USER', 'huzy'), ('LC_TIME', 'zh_CN.UTF-8'), ('VSCODE_NLS_CONFIG', '{"userLocale":"zh-cn","osLocale":"zh-cn","resolvedLanguage":"zh-cn","defaultMessagesFile":"/tmp/.mount_CursorUXtYWI/usr/share/cursor/resources/app/out/nls.messages.json","languagePack":{"translationsConfigFile":"/home/huzy/.config/Cursor/clp/3bfb7f1471a52e527cfc1587dd57c7c1.zh-cn/tcf.json","messagesFile":"/home/huzy/.config/Cursor/clp/3bfb7f1471a52e527cfc1587dd57c7c1.zh-cn/8c95649f251a168cc4bb34c89531fae7db4bd990/nls.messages.json","corruptMarkerFile":"/home/huzy/.config/Cursor/clp/3bfb7f1471a52e527cfc1587dd57c7c1.zh-cn/corrupted.info"},"locale":"zh-cn","availableLanguages":{"*":"zh-cn"},"_languagePackId":"3bfb7f1471a52e527cfc1587dd57c7c1.zh-cn","_languagePackSupport":true,"_translationsConfigFile":"/home/huzy/.config/Cursor/clp/3bfb7f1471a52e527cfc1587dd57c7c1.zh-cn/tcf.json","_cacheRoot":"/home/huzy/.config/Cursor/clp/3bfb7f1471a52e527cfc1587dd57c7c1.zh-cn","_resolvedLanguagePackCoreLocation":"/home/huzy/.config/Cursor/clp/3bfb7f1471a52e527cfc1587dd57c7c1.zh-cn/8c95649f251a168cc4bb34c89531fae7db4bd990","_corruptedFile":"/home/huzy/.config/Cursor/clp/3bfb7f1471a52e527cfc1587dd57c7c1.zh-cn/corrupted.info"}'), ('CI', '1'), ('VSCODE_HANDLES_UNCAUGHT_ERRORS', 'true'), ('XDG_SESSION_TYPE', 'wayland'), ('SHLVL', '1'), ('LD_LIBRARY_PATH', '/usr/lib/x86_64-linux-gnu/gazebo-11/plugins:/opt/ros/humble/opt/rviz_ogre_vendor/lib:/opt/ros/humble/lib/x86_64-linux-gnu:/opt/ros/humble/lib:/tmp/.mount_CursorUXtYWI/usr/lib/:/tmp/.mount_CursorUXtYWI/usr/lib32/:/tmp/.mount_CursorUXtYWI/usr/lib64/:/tmp/.mount_CursorUXtYWI/lib/:/tmp/.mount_CursorUXtYWI/lib/i386-linux-gnu/:/tmp/.mount_CursorUXtYWI/lib/x86_64-linux-gnu/:/tmp/.mount_CursorUXtYWI/lib/aarch64-linux-gnu/:/tmp/.mount_CursorUXtYWI/lib32/:/tmp/.mount_CursorUXtYWI/lib64/:'), ('HOME', '/home/huzy'), ('CHROME_DESKTOP', 'cursor.desktop'), ('APPDIR', '/tmp/.mount_CursorUXtYWI'), ('OLDPWD', '/home/huzy/My_orion'), ('DESKTOP_SESSION', 'ubuntu'), ('PERLLIB', '/tmp/.mount_CursorUXtYWI/usr/share/perl5/:/tmp/.mount_CursorUXtYWI/usr/lib/perl5/:'), ('VSCODE_IPC_HOOK', '/run/user/1000/vscode-294d73a8-2.6.-main.sock'), ('GIO_LAUNCHED_DESKTOP_FILE', '/home/huzy/.local/share/applications/cursor-ime.desktop'), ('ROS_PYTHON_VERSION', '3'), ('GNOME_SHELL_SESSION_MODE', 'ubuntu'), ('GTK_MODULES', 'gail:atk-bridge'), ('SDL_IM_MODULE', 'fcitx'), ('LC_MONETARY', 'zh_CN.UTF-8'), ('CURSOR_WORKSPACE_LABEL', 'My_orion'), ('MANAGERPID', '1530'), ('SYSTEMD_EXEC_PID', '1714'), ('IM_CONFIG_CHECK_ENV', '1'), ('NO_COLOR', '1'), ('DBUS_SESSION_BUS_ADDRESS', 'unix:path=/run/user/1000/bus'), ('GIO_LAUNCHED_DESKTOP_FILE_PID', '2990'), ('VSCODE_CRASH_REPORTER_PROCESS_TYPE', 'extensionHost'), ('IM_CONFIG_PHASE', '1'), ('WAYLAND_DISPLAY', 'wayland-0'), ('COLCON_PREFIX_PATH', '/home/huzy/My_orion/install'), ('ROS_DISTRO', 'humble'), ('GTK_IM_MODULE', 'fcitx'), ('LOGNAME', 'huzy'), ('FORCE_COLOR', '0'), ('OWD', '/home/huzy'), ('JOURNAL_STREAM', '8:25737'), ('_', '/usr/bin/colcon'), ('ROS_VERSION', '2'), ('XDG_SESSION_CLASS', 'user'), ('USERNAME', 'huzy'), ('TERM', 'dumb'), ('GNOME_DESKTOP_SESSION_ID', 'this-is-deprecated'), ('FC_FONTATIONS', '1'), ('ROS_LOCALHOST_ONLY', '0'), ('PATH', '/home/huzy/.local/bin:/home/huzy/bin:/home/huzy/bin:/home/huzy/.local/bin:/home/huzy/bin:/home/huzy/bin:/opt/ros/humble/bin:/tmp/.mount_CursorUXtYWI/usr/bin/:/tmp/.mount_CursorUXtYWI/usr/sbin/:/tmp/.mount_CursorUXtYWI/usr/games/:/tmp/.mount_CursorUXtYWI/bin/:/tmp/.mount_CursorUXtYWI/sbin/:/home/huzy/.local/bin:/home/huzy/bin:/usr/local/sbin:/usr/local/bin:/usr/sbin:/usr/bin:/sbin:/bin:/usr/games:/usr/local/games:/snap/bin:/snap/bin'), ('SESSION_MANAGER', 'local/huzy-virtual-machine:@/tmp/.ICE-unix/1679,unix/huzy-virtual-machine:/tmp/.ICE-unix/1679'), ('INVOCATION_ID', '826d726d6f664b3f89826df4c6724b2b'), ('PAPERSIZE', 'a4'), ('APPIMAGE', '/home/huzy/Downloads/Cursor-1.4.5-x86_64.AppImage'), ('XDG_MENU_PREFIX', 'gnome-'), ('LC_ADDRESS', 'zh_CN.UTF-8'), ('VSCODE_PROCESS_TITLE', 'extension-host (agent-exec) My_orion [1-3]'), ('GNOME_SETUP_DISPLAY', ':1'), ('XDG_RUNTIME_DIR', '/run/user/1000'), ('GDK_BACKEND', 'x11'), ('CURSOR_AGENT', '1'), ('DISPLAY', ':0'), ('LANG', 'zh_CN.UTF-8'), ('XDG_CURRENT_DESKTOP', 'ubuntu:GNOME'), ('LC_TELEPHONE', 'zh_CN.UTF-8'), ('XMODIFIERS', '@im=fcitx'), ('XDG_SESSION_DESKTOP', 'ubuntu'), ('XAUTHORITY', '/run/user/1000/.mutter-Xwaylandauth.LF0LL3'), ('LS_COLORS', ''), ('CURSOR_TRACE_ID', 'd42350f5f41c41808637c56825ce7e0d'), ('SSH_AGENT_LAUNCHER', 'gnome-keyring'), ('SSH_AUTH_SOCK', '/run/user/1000/keyring/ssh'), ('GSETTINGS_SCHEMA_DIR', '/tmp/.mount_CursorUXtYWI/usr/share/glib-2.0/schemas/:'), ('AMENT_PREFIX_PATH', '/home/huzy/My_orion/install/orion_pybullet_sim:/home/huzy/My_orion/install/orion_mtc:/home/huzy/My_orion/install/orion_moveit_config:/home/huzy/My_orion/install/orion_description:/opt/ros/humble'), ('SHELL', '/bin/bash'), ('LC_NAME', 'zh_CN.UTF-8'), ('ARGV0', '/home/huzy/Downloads/Cursor-1.4.5-x86_64.AppImage'), ('QT_ACCESSIBILITY', '1'), ('GDMSESSION', 'ubuntu'), ('LESSCLOSE', '/usr/bin/lesspipe %s %s'), ('LC_MEASUREMENT', 'zh_CN.UTF-8'), ('GJS_DEBUG_OUTPUT', 'stderr'), ('LC_IDENTIFICATION', 'zh_CN.UTF-8'), ('QT_IM_MODULE', 'fcitx'), ('PWD', '/home/huzy/My_orion/build/orion_mtc'), ('XDG_CONFIG_DIRS', '/etc/xdg/xdg-ubuntu:/etc/xdg'), ('VSCODE_CODE_CACHE_PATH', '/home/huzy/.config/Cursor/CachedData/8c95649f251a168cc4bb34c89531fae7db4bd990'), ('CLUTTER_IM_MODULE', 'fcitx'), ('XDG_DATA_DIRS', '/tmp/.mount_CursorUXtYWI/usr/share/:/usr/local/share:/usr/share:/usr/share/ubuntu:/usr/local/share/:/usr/share/:/var/lib/snapd/desktop'), ('PYTHONPATH', '/home/huzy/My_orion/install/orion_pybullet_sim/lib/python3.10/site-packages:/opt/ros/humble/lib/python3.10/site-packages:/opt/ros/humble/local/lib/python3.10/dist-packages'), ('LC_NUMERIC', 'zh_CN.UTF-8'), ('LC_PAPER', 'zh_CN.UTF-8'), ('QT_PLUGIN_PATH', '/tmp/.mount_CursorUXtYWI/usr/lib/qt4/plugins/:/tmp/.mount_CursorUXtYWI/usr/lib/i386-linux-gnu/qt4/plugins/:/tmp/.mount_CursorUXtYWI/usr/lib/x86_64-linux-gnu/qt4/plugins/:/tmp/.mount_CursorUXtYWI/usr/lib/aarch64-linux-gnu/qt4/plugins/:/tmp/.mount_CursorUXtYWI/usr/lib32/qt4/plugins/:/tmp/.mount_CursorUXtYWI/usr/lib64/qt4/plugins/:/tmp/.mount_CursorUXtYWI/usr/lib/qt5/plugins/:/tmp/.mount_CursorUXtYWI/usr/lib/i386-linux-gnu/qt5/plugins/:/tmp/.mount_CursorUXtYWI/usr/lib/x86_64-linux-gnu/qt5/plugins/:/tmp/.mount_CursorUXtYWI/usr/lib/aarch64-linux-gnu/qt5/plugins/:/tmp/.mount_CursorUXtYWI/usr/lib32/qt5/plugins/:/tmp/.mount_CursorUXtYWI/usr/lib64/qt5/plugins/:'), ('COLCON', '1'), ('_ZO_DOCTOR', '0'), ('CMAKE_PREFIX_PATH', '/home/huzy/My_orion/install/orion_moveit_config:/home/huzy/My_orion/install/orion_description:/home/huzy/My_orion/install/orion_mtc:/home/huzy/My_orion/install/orion_pybullet_sim:/opt/ros/humble'), ('VSCODE_PID', '2990')]), 'shell': False}
[26.178512] (orion_mtc) StdoutLine: {'line': b'-- Install configuration: ""\n'}
[26.178870] (orion_mtc) StdoutLine: {'line': b'-- Installing: /home/huzy/My_orion/install/orion_mtc/lib/orion_mtc/mtc_node\n'}
[26.184984] (orion_mtc) StdoutLine: {'line': b'-- Set runtime path of "/home/huzy/My_orion/install/orion_mtc/lib/orion_mtc/mtc_node" to ""\n'}
[26.185792] (-) TimerEvent: {}
[26.185832] (orion_mtc) StdoutLine: {'line': b'-- Up-to-date: /home/huzy/My_orion/install/orion_mtc/share/orion_mtc/launch\n'}
[26.185948] (orion_mtc) StdoutLine: {'line': b'-- Up-to-date: /home/huzy/My_orion/install/orion_mtc/share/orion_mtc/launch/pick_place_pybullet.launch.py\n'}
[26.186086] (orion_mtc) StdoutLine: {'line': b'-- Up-to-date: /home/huzy/My_orion/install/orion_mtc/share/orion_mtc/config\n'}
[26.186318] (orion_mtc) StdoutLine: {'line': b'-- Up-to-date: /home/huzy/My_orion/install/orion_mtc/share/orion_mtc/config/pick_place_params.yaml\n'}
[26.186364] (orion_mtc) StdoutLine: {'line': b'-- Up-to-date: /home/huzy/My_orion/install/orion_mtc/share/ament_index/resource_index/package_run_dependencies/orion_mtc\n'}
[26.186403] (orion_mtc) StdoutLine: {'line': b'-- Up-to-date: /home/huzy/My_orion/install/orion_mtc/share/ament_index/resource_index/parent_prefix_path/orion_mtc\n'}
[26.186441] (orion_mtc) StdoutLine: {'line': b'-- Up-to-date: /home/huzy/My_orion/install/orion_mtc/share/orion_mtc/environment/ament_prefix_path.sh\n'}
[26.186475] (orion_mtc) StdoutLine: {'line': b'-- Up-to-date: /home/huzy/My_orion/install/orion_mtc/share/orion_mtc/environment/ament_prefix_path.dsv\n'}
[26.186510] (orion_mtc) StdoutLine: {'line': b'-- Up-to-date: /home/huzy/My_orion/install/orion_mtc/share/orion_mtc/environment/path.sh\n'}
[26.186544] (orion_mtc) StdoutLine: {'line': b'-- Up-to-date: /home/huzy/My_orion/install/orion_mtc/share/orion_mtc/environment/path.dsv\n'}
[26.186577] (orion_mtc) StdoutLine: {'line': b'-- Up-to-date: /home/huzy/My_orion/install/orion_mtc/share/orion_mtc/local_setup.bash\n'}
[26.186610] (orion_mtc) StdoutLine: {'line': b'-- Up-to-date: /home/huzy/My_orion/install/orion_mtc/share/orion_mtc/local_setup.sh\n'}
[26.186643] (orion_mtc) StdoutLine: {'line': b'-- Up-to-date: /home/huzy/My_orion/install/orion_mtc/share/orion_mtc/local_setup.zsh\n'}
[26.186678] (orion_mtc) StdoutLine: {'line': b'-- Up-to-date: /home/huzy/My_orion/install/orion_mtc/share/orion_mtc/local_setup.dsv\n'}
[26.186712] (orion_mtc) StdoutLine: {'line': b'-- Installing: /home/huzy/My_orion/install/orion_mtc/share/orion_mtc/package.dsv\n'}
[26.186815] (orion_mtc) StdoutLine: {'line': b'-- Up-to-date: /home/huzy/My_orion/install/orion_mtc/share/ament_index/resource_index/packages/orion_mtc\n'}
[26.186858] (orion_mtc) StdoutLine: {'line': b'-- Up-to-date: /home/huzy/My_orion/install/orion_mtc/share/orion_mtc/cmake/orion_mtcConfig.cmake\n'}
[26.186952] (orion_mtc) StdoutLine: {'line': b'-- Up-to-date: /home/huzy/My_orion/install/orion_mtc/share/orion_mtc/cmake/orion_mtcConfig-version.cmake\n'}
[26.187033] (orion_mtc) StdoutLine: {'line': b'-- Up-to-date: /home/huzy/My_orion/install/orion_mtc/share/orion_mtc/package.xml\n'}
[26.188686] (orion_mtc) CommandEnded: {'returncode': 0}
[26.204008] (orion_mtc) JobEnded: {'identifier': 'orion_mtc', 'rc': 0}
[26.204794] (-) EventReactorShutdown: {}
