[0.006s] Invoking command in '/home/joey/My_orion/build/orion_mtc': AMENT_PREFIX_PATH=/home/joey/My_orion/install/orion_pybullet_sim:/home/joey/My_orion/install/orion_moveit_config:/home/joey/My_orion/install/orion_description:${AMENT_PREFIX_PATH} CMAKE_PREFIX_PATH=/home/joey/My_orion/install/orion_moveit_config:/home/joey/My_orion/install/orion_description:/opt/ros/humble PYTHONPATH=/home/joey/My_orion/install/orion_pybullet_sim/lib/python3.10/site-packages:${PYTHONPATH} /usr/bin/cmake --build /home/joey/My_orion/build/orion_mtc -- -j4 -l4
[0.041s] [35m[1mConsolidate compiler generated dependencies of target mtc_node[0m
[0.056s] [100%] Built target mtc_node
[0.069s] Invoked command in '/home/joey/My_orion/build/orion_mtc' returned '0': AMENT_PREFIX_PATH=/home/joey/My_orion/install/orion_pybullet_sim:/home/joey/My_orion/install/orion_moveit_config:/home/joey/My_orion/install/orion_description:${AMENT_PREFIX_PATH} CMAKE_PREFIX_PATH=/home/joey/My_orion/install/orion_moveit_config:/home/joey/My_orion/install/orion_description:/opt/ros/humble PYTHONPATH=/home/joey/My_orion/install/orion_pybullet_sim/lib/python3.10/site-packages:${PYTHONPATH} /usr/bin/cmake --build /home/joey/My_orion/build/orion_mtc -- -j4 -l4
[0.069s] Invoking command in '/home/joey/My_orion/build/orion_mtc': AMENT_PREFIX_PATH=/home/joey/My_orion/install/orion_pybullet_sim:/home/joey/My_orion/install/orion_moveit_config:/home/joey/My_orion/install/orion_description:${AMENT_PREFIX_PATH} CMAKE_PREFIX_PATH=/home/joey/My_orion/install/orion_moveit_config:/home/joey/My_orion/install/orion_description:/opt/ros/humble PYTHONPATH=/home/joey/My_orion/install/orion_pybullet_sim/lib/python3.10/site-packages:${PYTHONPATH} /usr/bin/cmake --install /home/joey/My_orion/build/orion_mtc
[0.072s] -- Install configuration: ""
[0.073s] -- Up-to-date: /home/joey/My_orion/install/orion_mtc/lib/orion_mtc/mtc_node
[0.074s] -- Up-to-date: /home/joey/My_orion/install/orion_mtc/share/orion_mtc/launch
[0.074s] -- Up-to-date: /home/joey/My_orion/install/orion_mtc/share/orion_mtc/launch/pick_place_pybullet.launch.py
[0.074s] -- Up-to-date: /home/joey/My_orion/install/orion_mtc/share/orion_mtc/config
[0.074s] -- Up-to-date: /home/joey/My_orion/install/orion_mtc/share/orion_mtc/config/pick_place_params.yaml
[0.074s] -- Up-to-date: /home/joey/My_orion/install/orion_mtc/share/ament_index/resource_index/package_run_dependencies/orion_mtc
[0.074s] -- Up-to-date: /home/joey/My_orion/install/orion_mtc/share/ament_index/resource_index/parent_prefix_path/orion_mtc
[0.074s] -- Up-to-date: /home/joey/My_orion/install/orion_mtc/share/orion_mtc/environment/ament_prefix_path.dsv
[0.074s] -- Up-to-date: /home/joey/My_orion/install/orion_mtc/share/orion_mtc/environment/path.dsv
[0.074s] -- Up-to-date: /home/joey/My_orion/install/orion_mtc/share/orion_mtc/local_setup.bash
[0.074s] -- Up-to-date: /home/joey/My_orion/install/orion_mtc/share/orion_mtc/local_setup.sh
[0.074s] -- Up-to-date: /home/joey/My_orion/install/orion_mtc/share/orion_mtc/local_setup.zsh
[0.074s] -- Up-to-date: /home/joey/My_orion/install/orion_mtc/share/orion_mtc/local_setup.dsv
[0.074s] -- Installing: /home/joey/My_orion/install/orion_mtc/share/orion_mtc/package.dsv
[0.074s] -- Up-to-date: /home/joey/My_orion/install/orion_mtc/share/ament_index/resource_index/packages/orion_mtc
[0.074s] -- Up-to-date: /home/joey/My_orion/install/orion_mtc/share/orion_mtc/cmake/orion_mtcConfig.cmake
[0.074s] -- Up-to-date: /home/joey/My_orion/install/orion_mtc/share/orion_mtc/cmake/orion_mtcConfig-version.cmake
[0.074s] -- Up-to-date: /home/joey/My_orion/install/orion_mtc/share/orion_mtc/package.xml
[0.075s] Invoked command in '/home/joey/My_orion/build/orion_mtc' returned '0': AMENT_PREFIX_PATH=/home/joey/My_orion/install/orion_pybullet_sim:/home/joey/My_orion/install/orion_moveit_config:/home/joey/My_orion/install/orion_description:${AMENT_PREFIX_PATH} CMAKE_PREFIX_PATH=/home/joey/My_orion/install/orion_moveit_config:/home/joey/My_orion/install/orion_description:/opt/ros/humble PYTHONPATH=/home/joey/My_orion/install/orion_pybullet_sim/lib/python3.10/site-packages:${PYTHONPATH} /usr/bin/cmake --install /home/joey/My_orion/build/orion_mtc
