[0.048s] Invoking command in '/home/huzy/My_orion/build/orion_mtc': AMENT_PREFIX_PATH=/home/huzy/My_orion/install/orion_pybullet_sim:/home/huzy/My_orion/install/orion_mtc:/home/huzy/My_orion/install/orion_moveit_config:/home/huzy/My_orion/install/orion_description:/opt/ros/humble CMAKE_PREFIX_PATH=/home/huzy/My_orion/install/orion_moveit_config:/home/huzy/My_orion/install/orion_description:/home/huzy/My_orion/install/orion_mtc:/home/huzy/My_orion/install/orion_pybullet_sim:/opt/ros/humble /usr/bin/cmake /home/huzy/My_orion/src/orion_mtc -DCMAKE_BUILD_TYPE=Release -DCMAKE_INSTALL_PREFIX=/home/huzy/My_orion/install/orion_mtc
[0.074s] -- Found ament_cmake: 1.3.12 (/opt/ros/humble/share/ament_cmake/cmake)
[0.216s] -- Override CMake install command with custom implementation using symlinks instead of copying resources
[0.223s] -- Found rclcpp: 16.0.16 (/opt/ros/humble/share/rclcpp/cmake)
[0.249s] -- Found rosidl_generator_c: 3.1.7 (/opt/ros/humble/share/rosidl_generator_c/cmake)
[0.251s] -- Found rosidl_adapter: 3.1.7 (/opt/ros/humble/share/rosidl_adapter/cmake)
[0.256s] -- Found rosidl_generator_cpp: 3.1.7 (/opt/ros/humble/share/rosidl_generator_cpp/cmake)
[0.265s] -- Using all available rosidl_typesupport_c: rosidl_typesupport_fastrtps_c;rosidl_typesupport_introspection_c
[0.277s] -- Using all available rosidl_typesupport_cpp: rosidl_typesupport_fastrtps_cpp;rosidl_typesupport_introspection_cpp
[0.304s] -- Found rmw_implementation_cmake: 6.1.2 (/opt/ros/humble/share/rmw_implementation_cmake/cmake)
[0.305s] -- Found rmw_fastrtps_cpp: 6.2.9 (/opt/ros/humble/share/rmw_fastrtps_cpp/cmake)
[0.452s] -- Using RMW implementation 'rmw_fastrtps_cpp' as default
[0.493s] -- Found moveit_task_constructor_core: 0.1.3 (/opt/ros/humble/share/moveit_task_constructor_core/cmake)
[0.522s] -- Found Boost: /usr/lib/x86_64-linux-gnu/cmake/Boost-1.74.0/BoostConfig.cmake (found version "1.74.0") found components: chrono date_time filesystem iostreams program_options regex serialization system thread 
[0.550s] -- Found parameter_traits: 0.5.0 (/opt/ros/humble/share/parameter_traits/cmake)
[0.555s] -- Found rclcpp_lifecycle: 16.0.16 (/opt/ros/humble/share/rclcpp_lifecycle/cmake)
[0.574s] -- Found Boost: /usr/lib/x86_64-linux-gnu/cmake/Boost-1.74.0/BoostConfig.cmake (found version "1.74.0") found components: filesystem 
[0.633s] -- library: /usr/lib/x86_64-linux-gnu/libcurl.so
[0.678s] -- Ensuring Eigen3 include directory is part of orocos-kdl CMake target
[0.880s] -- Found Boost: /usr/lib/x86_64-linux-gnu/cmake/Boost-1.74.0/BoostConfig.cmake (found version "1.74.0") found components: system filesystem date_time program_options thread chrono 
[0.904s] -- Found Boost: /usr/lib/x86_64-linux-gnu/cmake/Boost-1.74.0/BoostConfig.cmake (found version "1.74.0") found components: date_time filesystem program_options system thread 
[0.917s] -- Found Boost: /usr/lib/x86_64-linux-gnu/cmake/Boost-1.74.0/BoostConfig.cmake (found version "1.74.0") found components: thread system filesystem regex date_time program_options 
[0.936s] -- Found Boost: /usr/lib/x86_64-linux-gnu/cmake/Boost-1.74.0/BoostConfig.cmake (found version "1.74.0") found components: system filesystem date_time program_options thread 
[0.996s] -- Found control_msgs: 4.8.0 (/opt/ros/humble/share/control_msgs/cmake)
[1.126s] -- Configuring done
[1.171s] -- Generating done
[1.182s] -- Build files have been written to: /home/huzy/My_orion/build/orion_mtc
[1.201s] Invoked command in '/home/huzy/My_orion/build/orion_mtc' returned '0': AMENT_PREFIX_PATH=/home/huzy/My_orion/install/orion_pybullet_sim:/home/huzy/My_orion/install/orion_mtc:/home/huzy/My_orion/install/orion_moveit_config:/home/huzy/My_orion/install/orion_description:/opt/ros/humble CMAKE_PREFIX_PATH=/home/huzy/My_orion/install/orion_moveit_config:/home/huzy/My_orion/install/orion_description:/home/huzy/My_orion/install/orion_mtc:/home/huzy/My_orion/install/orion_pybullet_sim:/opt/ros/humble /usr/bin/cmake /home/huzy/My_orion/src/orion_mtc -DCMAKE_BUILD_TYPE=Release -DCMAKE_INSTALL_PREFIX=/home/huzy/My_orion/install/orion_mtc
[1.204s] Invoking command in '/home/huzy/My_orion/build/orion_mtc': AMENT_PREFIX_PATH=/home/huzy/My_orion/install/orion_pybullet_sim:/home/huzy/My_orion/install/orion_mtc:/home/huzy/My_orion/install/orion_moveit_config:/home/huzy/My_orion/install/orion_description:/opt/ros/humble CMAKE_PREFIX_PATH=/home/huzy/My_orion/install/orion_moveit_config:/home/huzy/My_orion/install/orion_description:/home/huzy/My_orion/install/orion_mtc:/home/huzy/My_orion/install/orion_pybullet_sim:/opt/ros/humble /usr/bin/cmake --build /home/huzy/My_orion/build/orion_mtc -- -j8 -l8
[1.400s] Consolidate compiler generated dependencies of target mtc_node
[1.473s] [ 50%] Building CXX object CMakeFiles/mtc_node.dir/src/mtc_node.cpp.o
[25.583s] [100%] Linking CXX executable mtc_node
[26.173s] [100%] Built target mtc_node
[26.200s] Invoked command in '/home/huzy/My_orion/build/orion_mtc' returned '0': AMENT_PREFIX_PATH=/home/huzy/My_orion/install/orion_pybullet_sim:/home/huzy/My_orion/install/orion_mtc:/home/huzy/My_orion/install/orion_moveit_config:/home/huzy/My_orion/install/orion_description:/opt/ros/humble CMAKE_PREFIX_PATH=/home/huzy/My_orion/install/orion_moveit_config:/home/huzy/My_orion/install/orion_description:/home/huzy/My_orion/install/orion_mtc:/home/huzy/My_orion/install/orion_pybullet_sim:/opt/ros/humble /usr/bin/cmake --build /home/huzy/My_orion/build/orion_mtc -- -j8 -l8
[26.225s] Invoking command in '/home/huzy/My_orion/build/orion_mtc': AMENT_PREFIX_PATH=/home/huzy/My_orion/install/orion_pybullet_sim:/home/huzy/My_orion/install/orion_mtc:/home/huzy/My_orion/install/orion_moveit_config:/home/huzy/My_orion/install/orion_description:/opt/ros/humble CMAKE_PREFIX_PATH=/home/huzy/My_orion/install/orion_moveit_config:/home/huzy/My_orion/install/orion_description:/home/huzy/My_orion/install/orion_mtc:/home/huzy/My_orion/install/orion_pybullet_sim:/opt/ros/humble /usr/bin/cmake --install /home/huzy/My_orion/build/orion_mtc
[26.245s] -- Install configuration: "Release"
[26.245s] -- Execute custom install script
[26.246s] -- Up-to-date symlink: /home/huzy/My_orion/install/orion_mtc/lib/orion_mtc/mtc_node
[26.246s] -- Up-to-date symlink: /home/huzy/My_orion/install/orion_mtc/share/orion_mtc/launch/pick_place_demo.launch.py
[26.246s] -- Up-to-date symlink: /home/huzy/My_orion/install/orion_mtc/share/orion_mtc/launch/pick_place_pybullet.launch.py
[26.246s] -- Up-to-date symlink: /home/huzy/My_orion/install/orion_mtc/share/ament_index/resource_index/package_run_dependencies/orion_mtc
[26.247s] -- Up-to-date symlink: /home/huzy/My_orion/install/orion_mtc/share/ament_index/resource_index/parent_prefix_path/orion_mtc
[26.247s] -- Up-to-date symlink: /home/huzy/My_orion/install/orion_mtc/share/orion_mtc/environment/ament_prefix_path.sh
[26.247s] -- Up-to-date symlink: /home/huzy/My_orion/install/orion_mtc/share/orion_mtc/environment/ament_prefix_path.dsv
[26.247s] -- Up-to-date symlink: /home/huzy/My_orion/install/orion_mtc/share/orion_mtc/environment/path.sh
[26.248s] -- Up-to-date symlink: /home/huzy/My_orion/install/orion_mtc/share/orion_mtc/environment/path.dsv
[26.248s] -- Up-to-date symlink: /home/huzy/My_orion/install/orion_mtc/share/orion_mtc/local_setup.bash
[26.248s] -- Up-to-date symlink: /home/huzy/My_orion/install/orion_mtc/share/orion_mtc/local_setup.sh
[26.248s] -- Up-to-date symlink: /home/huzy/My_orion/install/orion_mtc/share/orion_mtc/local_setup.zsh
[26.248s] -- Up-to-date symlink: /home/huzy/My_orion/install/orion_mtc/share/orion_mtc/local_setup.dsv
[26.248s] -- Symlinking: /home/huzy/My_orion/install/orion_mtc/share/orion_mtc/package.dsv
[26.270s] -- Up-to-date symlink: /home/huzy/My_orion/install/orion_mtc/share/ament_index/resource_index/packages/orion_mtc
[26.270s] -- Up-to-date symlink: /home/huzy/My_orion/install/orion_mtc/share/orion_mtc/cmake/orion_mtcConfig.cmake
[26.270s] -- Up-to-date symlink: /home/huzy/My_orion/install/orion_mtc/share/orion_mtc/cmake/orion_mtcConfig-version.cmake
[26.270s] -- Up-to-date symlink: /home/huzy/My_orion/install/orion_mtc/share/orion_mtc/package.xml
[26.273s] Invoked command in '/home/huzy/My_orion/build/orion_mtc' returned '0': AMENT_PREFIX_PATH=/home/huzy/My_orion/install/orion_pybullet_sim:/home/huzy/My_orion/install/orion_mtc:/home/huzy/My_orion/install/orion_moveit_config:/home/huzy/My_orion/install/orion_description:/opt/ros/humble CMAKE_PREFIX_PATH=/home/huzy/My_orion/install/orion_moveit_config:/home/huzy/My_orion/install/orion_description:/home/huzy/My_orion/install/orion_mtc:/home/huzy/My_orion/install/orion_pybullet_sim:/opt/ros/humble /usr/bin/cmake --install /home/huzy/My_orion/build/orion_mtc
