[0.000000] (-) TimerEvent: {}
[0.000252] (-) JobUnselected: {'identifier': 'orion_description'}
[0.000618] (-) JobUnselected: {'identifier': 'orion_moveit_config'}
[0.000714] (-) JobUnselected: {'identifier': 'orion_pybullet_sim'}
[0.000746] (orion_mtc) JobQueued: {'identifier': 'orion_mtc', 'dependencies': OrderedDict([('orion_description', '/home/huzy/My_orion/install/orion_description'), ('orion_moveit_config', '/home/huzy/My_orion/install/orion_moveit_config'), ('orion_pybullet_sim', '/home/huzy/My_orion/install/orion_pybullet_sim')])}
[0.000788] (orion_mtc) JobStarted: {'identifier': 'orion_mtc'}
[0.036145] (orion_mtc) JobProgress: {'identifier': 'orion_mtc', 'progress': 'cmake'}
[0.037000] (orion_mtc) JobProgress: {'identifier': 'orion_mtc', 'progress': 'build'}
[0.037762] (orion_mtc) Command: {'cmd': ['/usr/bin/cmake', '--build', '/home/huzy/My_orion/build/orion_mtc', '--', '-j8', '-l8'], 'cwd': '/home/huzy/My_orion/build/orion_mtc', 'env': OrderedDict([('GJS_DEBUG_TOPICS', 'JS ERROR;JS LOG'), ('LESSOPEN', '| /usr/bin/lesspipe %s'), ('VSCODE_CWD', '/home/huzy'), ('CURSOR_EXTENSION_HOST_ROLE', 'agent-exec'), ('VSCODE_ESM_ENTRYPOINT', 'vs/workbench/api/node/extensionHostProcess'), ('LANGUAGE', 'zh_CN:en_AU:en_US:en'), ('USER', 'huzy'), ('LC_TIME', 'zh_CN.UTF-8'), ('VSCODE_NLS_CONFIG', '{"userLocale":"zh-cn","osLocale":"zh-cn","resolvedLanguage":"zh-cn","defaultMessagesFile":"/tmp/.mount_CursorOWcrdm/usr/share/cursor/resources/app/out/nls.messages.json","languagePack":{"translationsConfigFile":"/home/huzy/.config/Cursor/clp/3bfb7f1471a52e527cfc1587dd57c7c1.zh-cn/tcf.json","messagesFile":"/home/huzy/.config/Cursor/clp/3bfb7f1471a52e527cfc1587dd57c7c1.zh-cn/7d96c2a03bb088ad367615e9da1a3fe20fbbc6a0/nls.messages.json","corruptMarkerFile":"/home/huzy/.config/Cursor/clp/3bfb7f1471a52e527cfc1587dd57c7c1.zh-cn/corrupted.info"},"locale":"zh-cn","availableLanguages":{"*":"zh-cn"},"_languagePackId":"3bfb7f1471a52e527cfc1587dd57c7c1.zh-cn","_languagePackSupport":true,"_translationsConfigFile":"/home/huzy/.config/Cursor/clp/3bfb7f1471a52e527cfc1587dd57c7c1.zh-cn/tcf.json","_cacheRoot":"/home/huzy/.config/Cursor/clp/3bfb7f1471a52e527cfc1587dd57c7c1.zh-cn","_resolvedLanguagePackCoreLocation":"/home/huzy/.config/Cursor/clp/3bfb7f1471a52e527cfc1587dd57c7c1.zh-cn/7d96c2a03bb088ad367615e9da1a3fe20fbbc6a0","_corruptedFile":"/home/huzy/.config/Cursor/clp/3bfb7f1471a52e527cfc1587dd57c7c1.zh-cn/corrupted.info"}'), ('CI', '1'), ('VSCODE_HANDLES_UNCAUGHT_ERRORS', 'true'), ('XDG_SESSION_TYPE', 'wayland'), ('SHLVL', '1'), ('LD_LIBRARY_PATH', '/usr/lib/x86_64-linux-gnu/gazebo-11/plugins:/opt/ros/humble/opt/rviz_ogre_vendor/lib:/opt/ros/humble/lib/x86_64-linux-gnu:/opt/ros/humble/lib:/tmp/.mount_CursorOWcrdm/usr/lib/:/tmp/.mount_CursorOWcrdm/usr/lib32/:/tmp/.mount_CursorOWcrdm/usr/lib64/:/tmp/.mount_CursorOWcrdm/lib/:/tmp/.mount_CursorOWcrdm/lib/i386-linux-gnu/:/tmp/.mount_CursorOWcrdm/lib/x86_64-linux-gnu/:/tmp/.mount_CursorOWcrdm/lib/aarch64-linux-gnu/:/tmp/.mount_CursorOWcrdm/lib32/:/tmp/.mount_CursorOWcrdm/lib64/:'), ('HOME', '/home/huzy'), ('CHROME_DESKTOP', 'cursor.desktop'), ('APPDIR', '/tmp/.mount_CursorOWcrdm'), ('OLDPWD', '/home/huzy/My_orion'), ('DESKTOP_SESSION', 'ubuntu'), ('PERLLIB', '/tmp/.mount_CursorOWcrdm/usr/share/perl5/:/tmp/.mount_CursorOWcrdm/usr/lib/perl5/:'), ('VSCODE_IPC_HOOK', '/run/user/1000/vscode-294d73a8-2.5.-main.sock'), ('GIO_LAUNCHED_DESKTOP_FILE', '/home/huzy/.local/share/applications/cursor-ime.desktop'), ('ROS_PYTHON_VERSION', '3'), ('GNOME_SHELL_SESSION_MODE', 'ubuntu'), ('GTK_MODULES', 'gail:atk-bridge'), ('SDL_IM_MODULE', 'fcitx'), ('LC_MONETARY', 'zh_CN.UTF-8'), ('MANAGERPID', '1607'), ('SYSTEMD_EXEC_PID', '1773'), ('IM_CONFIG_CHECK_ENV', '1'), ('NO_COLOR', '1'), ('DBUS_SESSION_BUS_ADDRESS', 'unix:path=/run/user/1000/bus'), ('GIO_LAUNCHED_DESKTOP_FILE_PID', '3183'), ('VSCODE_CRASH_REPORTER_PROCESS_TYPE', 'extensionHost'), ('IM_CONFIG_PHASE', '1'), ('WAYLAND_DISPLAY', 'wayland-0'), ('COLCON_PREFIX_PATH', '/home/huzy/My_orion/install'), ('ROS_DISTRO', 'humble'), ('GTK_IM_MODULE', 'fcitx'), ('LOGNAME', 'huzy'), ('FORCE_COLOR', '0'), ('OWD', '/home/huzy'), ('JOURNAL_STREAM', '8:21163'), ('_', '/usr/bin/colcon'), ('ROS_VERSION', '2'), ('XDG_SESSION_CLASS', 'user'), ('USERNAME', 'huzy'), ('TERM', 'dumb'), ('GNOME_DESKTOP_SESSION_ID', 'this-is-deprecated'), ('FC_FONTATIONS', '1'), ('ROS_LOCALHOST_ONLY', '0'), ('PATH', '/home/huzy/.local/bin:/home/huzy/bin:/home/huzy/bin:/home/huzy/.local/bin:/home/huzy/bin:/home/huzy/bin:/opt/ros/humble/bin:/tmp/.mount_CursorOWcrdm/usr/bin/:/tmp/.mount_CursorOWcrdm/usr/sbin/:/tmp/.mount_CursorOWcrdm/usr/games/:/tmp/.mount_CursorOWcrdm/bin/:/tmp/.mount_CursorOWcrdm/sbin/:/home/huzy/.local/bin:/home/huzy/bin:/usr/local/sbin:/usr/local/bin:/usr/sbin:/usr/bin:/sbin:/bin:/usr/games:/usr/local/games:/snap/bin:/snap/bin'), ('SESSION_MANAGER', 'local/huzy-virtual-machine:@/tmp/.ICE-unix/1741,unix/huzy-virtual-machine:/tmp/.ICE-unix/1741'), ('INVOCATION_ID', '311833884cc9487d8e70d892421720e4'), ('PAPERSIZE', 'a4'), ('APPIMAGE', '/home/huzy/Downloads/Cursor-1.4.5-x86_64.AppImage'), ('XDG_MENU_PREFIX', 'gnome-'), ('LC_ADDRESS', 'zh_CN.UTF-8'), ('VSCODE_PROCESS_TITLE', 'extension-host (agent-exec) [1-3]'), ('GNOME_SETUP_DISPLAY', ':1'), ('XDG_RUNTIME_DIR', '/run/user/1000'), ('GDK_BACKEND', 'x11'), ('CURSOR_AGENT', '1'), ('DISPLAY', ':0'), ('LANG', 'zh_CN.UTF-8'), ('XDG_CURRENT_DESKTOP', 'ubuntu:GNOME'), ('LC_TELEPHONE', 'zh_CN.UTF-8'), ('XMODIFIERS', '@im=fcitx'), ('XDG_SESSION_DESKTOP', 'ubuntu'), ('XAUTHORITY', '/run/user/1000/.mutter-Xwaylandauth.OG0JL3'), ('LS_COLORS', ''), ('CURSOR_TRACE_ID', '3f47ee1ee88440998a165de685813638'), ('SSH_AGENT_LAUNCHER', 'gnome-keyring'), ('SSH_AUTH_SOCK', '/run/user/1000/keyring/ssh'), ('GSETTINGS_SCHEMA_DIR', '/tmp/.mount_CursorOWcrdm/usr/share/glib-2.0/schemas/:'), ('AMENT_PREFIX_PATH', '/home/huzy/My_orion/install/orion_pybullet_sim:/home/huzy/My_orion/install/orion_mtc:/home/huzy/My_orion/install/orion_moveit_config:/home/huzy/My_orion/install/orion_description:/opt/ros/humble'), ('SHELL', '/bin/bash'), ('LC_NAME', 'zh_CN.UTF-8'), ('ARGV0', '/home/huzy/Downloads/Cursor-1.4.5-x86_64.AppImage'), ('QT_ACCESSIBILITY', '1'), ('GDMSESSION', 'ubuntu'), ('LESSCLOSE', '/usr/bin/lesspipe %s %s'), ('LC_MEASUREMENT', 'zh_CN.UTF-8'), ('GJS_DEBUG_OUTPUT', 'stderr'), ('LC_IDENTIFICATION', 'zh_CN.UTF-8'), ('QT_IM_MODULE', 'fcitx'), ('PWD', '/home/huzy/My_orion/build/orion_mtc'), ('XDG_CONFIG_DIRS', '/etc/xdg/xdg-ubuntu:/etc/xdg'), ('VSCODE_CODE_CACHE_PATH', '/home/huzy/.config/Cursor/CachedData/7d96c2a03bb088ad367615e9da1a3fe20fbbc6a0'), ('CLUTTER_IM_MODULE', 'fcitx'), ('XDG_DATA_DIRS', '/tmp/.mount_CursorOWcrdm/usr/share/:/usr/local/share:/usr/share:/usr/share/ubuntu:/usr/local/share/:/usr/share/:/var/lib/snapd/desktop'), ('PYTHONPATH', '/home/huzy/My_orion/install/orion_pybullet_sim/lib/python3.10/site-packages:/opt/ros/humble/lib/python3.10/site-packages:/opt/ros/humble/local/lib/python3.10/dist-packages'), ('LC_NUMERIC', 'zh_CN.UTF-8'), ('LC_PAPER', 'zh_CN.UTF-8'), ('QT_PLUGIN_PATH', '/tmp/.mount_CursorOWcrdm/usr/lib/qt4/plugins/:/tmp/.mount_CursorOWcrdm/usr/lib/i386-linux-gnu/qt4/plugins/:/tmp/.mount_CursorOWcrdm/usr/lib/x86_64-linux-gnu/qt4/plugins/:/tmp/.mount_CursorOWcrdm/usr/lib/aarch64-linux-gnu/qt4/plugins/:/tmp/.mount_CursorOWcrdm/usr/lib32/qt4/plugins/:/tmp/.mount_CursorOWcrdm/usr/lib64/qt4/plugins/:/tmp/.mount_CursorOWcrdm/usr/lib/qt5/plugins/:/tmp/.mount_CursorOWcrdm/usr/lib/i386-linux-gnu/qt5/plugins/:/tmp/.mount_CursorOWcrdm/usr/lib/x86_64-linux-gnu/qt5/plugins/:/tmp/.mount_CursorOWcrdm/usr/lib/aarch64-linux-gnu/qt5/plugins/:/tmp/.mount_CursorOWcrdm/usr/lib32/qt5/plugins/:/tmp/.mount_CursorOWcrdm/usr/lib64/qt5/plugins/:'), ('COLCON', '1'), ('_ZO_DOCTOR', '0'), ('CMAKE_PREFIX_PATH', '/home/huzy/My_orion/install/orion_moveit_config:/home/huzy/My_orion/install/orion_description:/home/huzy/My_orion/install/orion_mtc:/home/huzy/My_orion/install/orion_pybullet_sim:/opt/ros/humble'), ('VSCODE_PID', '3183')]), 'shell': False}
[0.099147] (-) TimerEvent: {}
[0.179700] (orion_mtc) StdoutLine: {'line': b'Consolidate compiler generated dependencies of target mtc_node\n'}
[0.199340] (-) TimerEvent: {}
[0.225694] (orion_mtc) StdoutLine: {'line': b'[ 50%] Building CXX object CMakeFiles/mtc_node.dir/src/mtc_node.cpp.o\n'}
[0.299507] (-) TimerEvent: {}
[0.399889] (-) TimerEvent: {}
[0.500225] (-) TimerEvent: {}
[0.600519] (-) TimerEvent: {}
[0.700803] (-) TimerEvent: {}
[0.801134] (-) TimerEvent: {}
[0.901424] (-) TimerEvent: {}
[1.002073] (-) TimerEvent: {}
[1.102380] (-) TimerEvent: {}
[1.202673] (-) TimerEvent: {}
[1.302976] (-) TimerEvent: {}
[1.403466] (-) TimerEvent: {}
[1.503799] (-) TimerEvent: {}
[1.604127] (-) TimerEvent: {}
[1.704489] (-) TimerEvent: {}
[1.804810] (-) TimerEvent: {}
[1.905111] (-) TimerEvent: {}
[2.005401] (-) TimerEvent: {}
[2.105680] (-) TimerEvent: {}
[2.205952] (-) TimerEvent: {}
[2.306240] (-) TimerEvent: {}
[2.406517] (-) TimerEvent: {}
[2.506830] (-) TimerEvent: {}
[2.607114] (-) TimerEvent: {}
[2.707392] (-) TimerEvent: {}
[2.807680] (-) TimerEvent: {}
[2.907953] (-) TimerEvent: {}
[3.008253] (-) TimerEvent: {}
[3.108604] (-) TimerEvent: {}
[3.208907] (-) TimerEvent: {}
[3.309214] (-) TimerEvent: {}
[3.409516] (-) TimerEvent: {}
[3.509825] (-) TimerEvent: {}
[3.610113] (-) TimerEvent: {}
[3.710395] (-) TimerEvent: {}
[3.810668] (-) TimerEvent: {}
[3.910958] (-) TimerEvent: {}
[4.011239] (-) TimerEvent: {}
[4.111502] (-) TimerEvent: {}
[4.211842] (-) TimerEvent: {}
[4.312089] (-) TimerEvent: {}
[4.412351] (-) TimerEvent: {}
[4.512628] (-) TimerEvent: {}
[4.612904] (-) TimerEvent: {}
[4.713245] (-) TimerEvent: {}
[4.813531] (-) TimerEvent: {}
[4.913819] (-) TimerEvent: {}
[5.014080] (-) TimerEvent: {}
[5.114362] (-) TimerEvent: {}
[5.214627] (-) TimerEvent: {}
[5.314887] (-) TimerEvent: {}
[5.415149] (-) TimerEvent: {}
[5.515455] (-) TimerEvent: {}
[5.615765] (-) TimerEvent: {}
[5.716016] (-) TimerEvent: {}
[5.816312] (-) TimerEvent: {}
[5.916586] (-) TimerEvent: {}
[6.016925] (-) TimerEvent: {}
[6.117205] (-) TimerEvent: {}
[6.217486] (-) TimerEvent: {}
[6.317792] (-) TimerEvent: {}
[6.418102] (-) TimerEvent: {}
[6.518367] (-) TimerEvent: {}
[6.618654] (-) TimerEvent: {}
[6.718912] (-) TimerEvent: {}
[6.819162] (-) TimerEvent: {}
[6.919436] (-) TimerEvent: {}
[7.019757] (-) TimerEvent: {}
[7.120084] (-) TimerEvent: {}
[7.220348] (-) TimerEvent: {}
[7.320630] (-) TimerEvent: {}
[7.420973] (-) TimerEvent: {}
[7.521268] (-) TimerEvent: {}
[7.621523] (-) TimerEvent: {}
[7.721882] (-) TimerEvent: {}
[7.822275] (-) TimerEvent: {}
[7.922711] (-) TimerEvent: {}
[8.023056] (-) TimerEvent: {}
[8.123410] (-) TimerEvent: {}
[8.223827] (-) TimerEvent: {}
[8.324117] (-) TimerEvent: {}
[8.425656] (-) TimerEvent: {}
[8.525957] (-) TimerEvent: {}
[8.626258] (-) TimerEvent: {}
[8.726552] (-) TimerEvent: {}
[8.826852] (-) TimerEvent: {}
[8.927134] (-) TimerEvent: {}
[9.027439] (-) TimerEvent: {}
[9.127728] (-) TimerEvent: {}
[9.228033] (-) TimerEvent: {}
[9.328359] (-) TimerEvent: {}
[9.428636] (-) TimerEvent: {}
[9.528917] (-) TimerEvent: {}
[9.629166] (-) TimerEvent: {}
[9.729452] (-) TimerEvent: {}
[9.829728] (-) TimerEvent: {}
[9.930012] (-) TimerEvent: {}
[10.030281] (-) TimerEvent: {}
[10.130620] (-) TimerEvent: {}
[10.230905] (-) TimerEvent: {}
[10.331206] (-) TimerEvent: {}
[10.431469] (-) TimerEvent: {}
[10.531781] (-) TimerEvent: {}
[10.632064] (-) TimerEvent: {}
[10.732343] (-) TimerEvent: {}
[10.832621] (-) TimerEvent: {}
[10.933143] (-) TimerEvent: {}
[11.033420] (-) TimerEvent: {}
[11.133677] (-) TimerEvent: {}
[11.233934] (-) TimerEvent: {}
[11.334183] (-) TimerEvent: {}
[11.434450] (-) TimerEvent: {}
[11.534763] (-) TimerEvent: {}
[11.635039] (-) TimerEvent: {}
[11.735332] (-) TimerEvent: {}
[11.835621] (-) TimerEvent: {}
[11.935912] (-) TimerEvent: {}
[12.036184] (-) TimerEvent: {}
[12.136435] (-) TimerEvent: {}
[12.236810] (-) TimerEvent: {}
[12.337201] (-) TimerEvent: {}
[12.437462] (-) TimerEvent: {}
[12.537734] (-) TimerEvent: {}
[12.637995] (-) TimerEvent: {}
[12.738260] (-) TimerEvent: {}
[12.838536] (-) TimerEvent: {}
[12.938885] (-) TimerEvent: {}
[13.039203] (-) TimerEvent: {}
[13.139485] (-) TimerEvent: {}
[13.239782] (-) TimerEvent: {}
[13.340057] (-) TimerEvent: {}
[13.440359] (-) TimerEvent: {}
[13.540666] (-) TimerEvent: {}
[13.640928] (-) TimerEvent: {}
[13.741197] (-) TimerEvent: {}
[13.841495] (-) TimerEvent: {}
[13.941775] (-) TimerEvent: {}
[14.042079] (-) TimerEvent: {}
[14.142409] (-) TimerEvent: {}
[14.242723] (-) TimerEvent: {}
[14.343017] (-) TimerEvent: {}
[14.443306] (-) TimerEvent: {}
[14.543578] (-) TimerEvent: {}
[14.643890] (-) TimerEvent: {}
[14.744194] (-) TimerEvent: {}
[14.844494] (-) TimerEvent: {}
[14.944800] (-) TimerEvent: {}
[14.956920] (orion_mtc) StdoutLine: {'line': b'[100%] Linking CXX executable mtc_node\n'}
[15.044961] (-) TimerEvent: {}
[15.145285] (-) TimerEvent: {}
[15.245583] (-) TimerEvent: {}
[15.345926] (-) TimerEvent: {}
[15.355397] (orion_mtc) StdoutLine: {'line': b'[100%] Built target mtc_node\n'}
[15.382436] (orion_mtc) CommandEnded: {'returncode': 0}
[15.383964] (orion_mtc) JobProgress: {'identifier': 'orion_mtc', 'progress': 'install'}
[15.411940] (orion_mtc) Command: {'cmd': ['/usr/bin/cmake', '--install', '/home/huzy/My_orion/build/orion_mtc'], 'cwd': '/home/huzy/My_orion/build/orion_mtc', 'env': OrderedDict([('GJS_DEBUG_TOPICS', 'JS ERROR;JS LOG'), ('LESSOPEN', '| /usr/bin/lesspipe %s'), ('VSCODE_CWD', '/home/huzy'), ('CURSOR_EXTENSION_HOST_ROLE', 'agent-exec'), ('VSCODE_ESM_ENTRYPOINT', 'vs/workbench/api/node/extensionHostProcess'), ('LANGUAGE', 'zh_CN:en_AU:en_US:en'), ('USER', 'huzy'), ('LC_TIME', 'zh_CN.UTF-8'), ('VSCODE_NLS_CONFIG', '{"userLocale":"zh-cn","osLocale":"zh-cn","resolvedLanguage":"zh-cn","defaultMessagesFile":"/tmp/.mount_CursorOWcrdm/usr/share/cursor/resources/app/out/nls.messages.json","languagePack":{"translationsConfigFile":"/home/huzy/.config/Cursor/clp/3bfb7f1471a52e527cfc1587dd57c7c1.zh-cn/tcf.json","messagesFile":"/home/huzy/.config/Cursor/clp/3bfb7f1471a52e527cfc1587dd57c7c1.zh-cn/7d96c2a03bb088ad367615e9da1a3fe20fbbc6a0/nls.messages.json","corruptMarkerFile":"/home/huzy/.config/Cursor/clp/3bfb7f1471a52e527cfc1587dd57c7c1.zh-cn/corrupted.info"},"locale":"zh-cn","availableLanguages":{"*":"zh-cn"},"_languagePackId":"3bfb7f1471a52e527cfc1587dd57c7c1.zh-cn","_languagePackSupport":true,"_translationsConfigFile":"/home/huzy/.config/Cursor/clp/3bfb7f1471a52e527cfc1587dd57c7c1.zh-cn/tcf.json","_cacheRoot":"/home/huzy/.config/Cursor/clp/3bfb7f1471a52e527cfc1587dd57c7c1.zh-cn","_resolvedLanguagePackCoreLocation":"/home/huzy/.config/Cursor/clp/3bfb7f1471a52e527cfc1587dd57c7c1.zh-cn/7d96c2a03bb088ad367615e9da1a3fe20fbbc6a0","_corruptedFile":"/home/huzy/.config/Cursor/clp/3bfb7f1471a52e527cfc1587dd57c7c1.zh-cn/corrupted.info"}'), ('CI', '1'), ('VSCODE_HANDLES_UNCAUGHT_ERRORS', 'true'), ('XDG_SESSION_TYPE', 'wayland'), ('SHLVL', '1'), ('LD_LIBRARY_PATH', '/usr/lib/x86_64-linux-gnu/gazebo-11/plugins:/opt/ros/humble/opt/rviz_ogre_vendor/lib:/opt/ros/humble/lib/x86_64-linux-gnu:/opt/ros/humble/lib:/tmp/.mount_CursorOWcrdm/usr/lib/:/tmp/.mount_CursorOWcrdm/usr/lib32/:/tmp/.mount_CursorOWcrdm/usr/lib64/:/tmp/.mount_CursorOWcrdm/lib/:/tmp/.mount_CursorOWcrdm/lib/i386-linux-gnu/:/tmp/.mount_CursorOWcrdm/lib/x86_64-linux-gnu/:/tmp/.mount_CursorOWcrdm/lib/aarch64-linux-gnu/:/tmp/.mount_CursorOWcrdm/lib32/:/tmp/.mount_CursorOWcrdm/lib64/:'), ('HOME', '/home/huzy'), ('CHROME_DESKTOP', 'cursor.desktop'), ('APPDIR', '/tmp/.mount_CursorOWcrdm'), ('OLDPWD', '/home/huzy/My_orion'), ('DESKTOP_SESSION', 'ubuntu'), ('PERLLIB', '/tmp/.mount_CursorOWcrdm/usr/share/perl5/:/tmp/.mount_CursorOWcrdm/usr/lib/perl5/:'), ('VSCODE_IPC_HOOK', '/run/user/1000/vscode-294d73a8-2.5.-main.sock'), ('GIO_LAUNCHED_DESKTOP_FILE', '/home/huzy/.local/share/applications/cursor-ime.desktop'), ('ROS_PYTHON_VERSION', '3'), ('GNOME_SHELL_SESSION_MODE', 'ubuntu'), ('GTK_MODULES', 'gail:atk-bridge'), ('SDL_IM_MODULE', 'fcitx'), ('LC_MONETARY', 'zh_CN.UTF-8'), ('MANAGERPID', '1607'), ('SYSTEMD_EXEC_PID', '1773'), ('IM_CONFIG_CHECK_ENV', '1'), ('NO_COLOR', '1'), ('DBUS_SESSION_BUS_ADDRESS', 'unix:path=/run/user/1000/bus'), ('GIO_LAUNCHED_DESKTOP_FILE_PID', '3183'), ('VSCODE_CRASH_REPORTER_PROCESS_TYPE', 'extensionHost'), ('IM_CONFIG_PHASE', '1'), ('WAYLAND_DISPLAY', 'wayland-0'), ('COLCON_PREFIX_PATH', '/home/huzy/My_orion/install'), ('ROS_DISTRO', 'humble'), ('GTK_IM_MODULE', 'fcitx'), ('LOGNAME', 'huzy'), ('FORCE_COLOR', '0'), ('OWD', '/home/huzy'), ('JOURNAL_STREAM', '8:21163'), ('_', '/usr/bin/colcon'), ('ROS_VERSION', '2'), ('XDG_SESSION_CLASS', 'user'), ('USERNAME', 'huzy'), ('TERM', 'dumb'), ('GNOME_DESKTOP_SESSION_ID', 'this-is-deprecated'), ('FC_FONTATIONS', '1'), ('ROS_LOCALHOST_ONLY', '0'), ('PATH', '/home/huzy/.local/bin:/home/huzy/bin:/home/huzy/bin:/home/huzy/.local/bin:/home/huzy/bin:/home/huzy/bin:/opt/ros/humble/bin:/tmp/.mount_CursorOWcrdm/usr/bin/:/tmp/.mount_CursorOWcrdm/usr/sbin/:/tmp/.mount_CursorOWcrdm/usr/games/:/tmp/.mount_CursorOWcrdm/bin/:/tmp/.mount_CursorOWcrdm/sbin/:/home/huzy/.local/bin:/home/huzy/bin:/usr/local/sbin:/usr/local/bin:/usr/sbin:/usr/bin:/sbin:/bin:/usr/games:/usr/local/games:/snap/bin:/snap/bin'), ('SESSION_MANAGER', 'local/huzy-virtual-machine:@/tmp/.ICE-unix/1741,unix/huzy-virtual-machine:/tmp/.ICE-unix/1741'), ('INVOCATION_ID', '311833884cc9487d8e70d892421720e4'), ('PAPERSIZE', 'a4'), ('APPIMAGE', '/home/huzy/Downloads/Cursor-1.4.5-x86_64.AppImage'), ('XDG_MENU_PREFIX', 'gnome-'), ('LC_ADDRESS', 'zh_CN.UTF-8'), ('VSCODE_PROCESS_TITLE', 'extension-host (agent-exec) [1-3]'), ('GNOME_SETUP_DISPLAY', ':1'), ('XDG_RUNTIME_DIR', '/run/user/1000'), ('GDK_BACKEND', 'x11'), ('CURSOR_AGENT', '1'), ('DISPLAY', ':0'), ('LANG', 'zh_CN.UTF-8'), ('XDG_CURRENT_DESKTOP', 'ubuntu:GNOME'), ('LC_TELEPHONE', 'zh_CN.UTF-8'), ('XMODIFIERS', '@im=fcitx'), ('XDG_SESSION_DESKTOP', 'ubuntu'), ('XAUTHORITY', '/run/user/1000/.mutter-Xwaylandauth.OG0JL3'), ('LS_COLORS', ''), ('CURSOR_TRACE_ID', '3f47ee1ee88440998a165de685813638'), ('SSH_AGENT_LAUNCHER', 'gnome-keyring'), ('SSH_AUTH_SOCK', '/run/user/1000/keyring/ssh'), ('GSETTINGS_SCHEMA_DIR', '/tmp/.mount_CursorOWcrdm/usr/share/glib-2.0/schemas/:'), ('AMENT_PREFIX_PATH', '/home/huzy/My_orion/install/orion_pybullet_sim:/home/huzy/My_orion/install/orion_mtc:/home/huzy/My_orion/install/orion_moveit_config:/home/huzy/My_orion/install/orion_description:/opt/ros/humble'), ('SHELL', '/bin/bash'), ('LC_NAME', 'zh_CN.UTF-8'), ('ARGV0', '/home/huzy/Downloads/Cursor-1.4.5-x86_64.AppImage'), ('QT_ACCESSIBILITY', '1'), ('GDMSESSION', 'ubuntu'), ('LESSCLOSE', '/usr/bin/lesspipe %s %s'), ('LC_MEASUREMENT', 'zh_CN.UTF-8'), ('GJS_DEBUG_OUTPUT', 'stderr'), ('LC_IDENTIFICATION', 'zh_CN.UTF-8'), ('QT_IM_MODULE', 'fcitx'), ('PWD', '/home/huzy/My_orion/build/orion_mtc'), ('XDG_CONFIG_DIRS', '/etc/xdg/xdg-ubuntu:/etc/xdg'), ('VSCODE_CODE_CACHE_PATH', '/home/huzy/.config/Cursor/CachedData/7d96c2a03bb088ad367615e9da1a3fe20fbbc6a0'), ('CLUTTER_IM_MODULE', 'fcitx'), ('XDG_DATA_DIRS', '/tmp/.mount_CursorOWcrdm/usr/share/:/usr/local/share:/usr/share:/usr/share/ubuntu:/usr/local/share/:/usr/share/:/var/lib/snapd/desktop'), ('PYTHONPATH', '/home/huzy/My_orion/install/orion_pybullet_sim/lib/python3.10/site-packages:/opt/ros/humble/lib/python3.10/site-packages:/opt/ros/humble/local/lib/python3.10/dist-packages'), ('LC_NUMERIC', 'zh_CN.UTF-8'), ('LC_PAPER', 'zh_CN.UTF-8'), ('QT_PLUGIN_PATH', '/tmp/.mount_CursorOWcrdm/usr/lib/qt4/plugins/:/tmp/.mount_CursorOWcrdm/usr/lib/i386-linux-gnu/qt4/plugins/:/tmp/.mount_CursorOWcrdm/usr/lib/x86_64-linux-gnu/qt4/plugins/:/tmp/.mount_CursorOWcrdm/usr/lib/aarch64-linux-gnu/qt4/plugins/:/tmp/.mount_CursorOWcrdm/usr/lib32/qt4/plugins/:/tmp/.mount_CursorOWcrdm/usr/lib64/qt4/plugins/:/tmp/.mount_CursorOWcrdm/usr/lib/qt5/plugins/:/tmp/.mount_CursorOWcrdm/usr/lib/i386-linux-gnu/qt5/plugins/:/tmp/.mount_CursorOWcrdm/usr/lib/x86_64-linux-gnu/qt5/plugins/:/tmp/.mount_CursorOWcrdm/usr/lib/aarch64-linux-gnu/qt5/plugins/:/tmp/.mount_CursorOWcrdm/usr/lib32/qt5/plugins/:/tmp/.mount_CursorOWcrdm/usr/lib64/qt5/plugins/:'), ('COLCON', '1'), ('_ZO_DOCTOR', '0'), ('CMAKE_PREFIX_PATH', '/home/huzy/My_orion/install/orion_moveit_config:/home/huzy/My_orion/install/orion_description:/home/huzy/My_orion/install/orion_mtc:/home/huzy/My_orion/install/orion_pybullet_sim:/opt/ros/humble'), ('VSCODE_PID', '3183')]), 'shell': False}
[15.434613] (orion_mtc) StdoutLine: {'line': b'-- Install configuration: "Release"\n'}
[15.435050] (orion_mtc) StdoutLine: {'line': b'-- Execute custom install script\n'}
[15.435315] (orion_mtc) StdoutLine: {'line': b'-- Up-to-date symlink: /home/huzy/My_orion/install/orion_mtc/lib/orion_mtc/mtc_node\n'}
[15.435548] (orion_mtc) StdoutLine: {'line': b'-- Up-to-date symlink: /home/huzy/My_orion/install/orion_mtc/share/orion_mtc/launch/pick_place_demo.launch.py\n'}
[15.435725] (orion_mtc) StdoutLine: {'line': b'-- Up-to-date symlink: /home/huzy/My_orion/install/orion_mtc/share/orion_mtc/launch/pick_place_pybullet.launch.py\n'}
[15.435853] (orion_mtc) StdoutLine: {'line': b'-- Up-to-date symlink: /home/huzy/My_orion/install/orion_mtc/share/ament_index/resource_index/package_run_dependencies/orion_mtc\n'}
[15.435983] (orion_mtc) StdoutLine: {'line': b'-- Up-to-date symlink: /home/huzy/My_orion/install/orion_mtc/share/ament_index/resource_index/parent_prefix_path/orion_mtc\n'}
[15.436104] (orion_mtc) StdoutLine: {'line': b'-- Up-to-date symlink: /home/huzy/My_orion/install/orion_mtc/share/orion_mtc/environment/ament_prefix_path.sh\n'}
[15.436262] (orion_mtc) StdoutLine: {'line': b'-- Up-to-date symlink: /home/huzy/My_orion/install/orion_mtc/share/orion_mtc/environment/ament_prefix_path.dsv\n'}
[15.436309] (orion_mtc) StdoutLine: {'line': b'-- Up-to-date symlink: /home/huzy/My_orion/install/orion_mtc/share/orion_mtc/environment/path.sh\n'}
[15.436467] (orion_mtc) StdoutLine: {'line': b'-- Up-to-date symlink: /home/huzy/My_orion/install/orion_mtc/share/orion_mtc/environment/path.dsv\n'}
[15.436695] (orion_mtc) StdoutLine: {'line': b'-- Up-to-date symlink: /home/huzy/My_orion/install/orion_mtc/share/orion_mtc/local_setup.bash\n'}
[15.436882] (orion_mtc) StdoutLine: {'line': b'-- Up-to-date symlink: /home/huzy/My_orion/install/orion_mtc/share/orion_mtc/local_setup.sh\n'}
[15.436917] (orion_mtc) StdoutLine: {'line': b'-- Up-to-date symlink: /home/huzy/My_orion/install/orion_mtc/share/orion_mtc/local_setup.zsh\n'}
[15.436951] (orion_mtc) StdoutLine: {'line': b'-- Up-to-date symlink: /home/huzy/My_orion/install/orion_mtc/share/orion_mtc/local_setup.dsv\n'}
[15.436984] (orion_mtc) StdoutLine: {'line': b'-- Symlinking: /home/huzy/My_orion/install/orion_mtc/share/orion_mtc/package.dsv\n'}
[15.446066] (-) TimerEvent: {}
[15.460919] (orion_mtc) StdoutLine: {'line': b'-- Up-to-date symlink: /home/huzy/My_orion/install/orion_mtc/share/ament_index/resource_index/packages/orion_mtc\n'}
[15.461367] (orion_mtc) StdoutLine: {'line': b'-- Up-to-date symlink: /home/huzy/My_orion/install/orion_mtc/share/orion_mtc/cmake/orion_mtcConfig.cmake\n'}
[15.461430] (orion_mtc) StdoutLine: {'line': b'-- Up-to-date symlink: /home/huzy/My_orion/install/orion_mtc/share/orion_mtc/cmake/orion_mtcConfig-version.cmake\n'}
[15.461466] (orion_mtc) StdoutLine: {'line': b'-- Up-to-date symlink: /home/huzy/My_orion/install/orion_mtc/share/orion_mtc/package.xml\n'}
[15.462781] (orion_mtc) CommandEnded: {'returncode': 0}
[15.481696] (orion_mtc) JobEnded: {'identifier': 'orion_mtc', 'rc': 0}
[15.482771] (-) EventReactorShutdown: {}
