[0.000000] (-) TimerEvent: {}
[0.000170] (-) JobUnselected: {'identifier': 'orion_description'}
[0.000227] (-) JobUnselected: {'identifier': 'orion_moveit_config'}
[0.000270] (-) JobUnselected: {'identifier': 'orion_pybullet_sim'}
[0.000315] (orion_mtc) JobQueued: {'identifier': 'orion_mtc', 'dependencies': OrderedDict([('orion_description', '/home/huzy/My_orion/install/orion_description'), ('orion_moveit_config', '/home/huzy/My_orion/install/orion_moveit_config'), ('orion_pybullet_sim', '/home/huzy/My_orion/install/orion_pybullet_sim')])}
[0.000375] (orion_mtc) JobStarted: {'identifier': 'orion_mtc'}
[0.070346] (orion_mtc) JobProgress: {'identifier': 'orion_mtc', 'progress': 'cmake'}
[0.071588] (orion_mtc) JobProgress: {'identifier': 'orion_mtc', 'progress': 'build'}
[0.073743] (orion_mtc) Command: {'cmd': ['/usr/bin/cmake', '--build', '/home/huzy/My_orion/build/orion_mtc', '--', '-j8', '-l8'], 'cwd': '/home/huzy/My_orion/build/orion_mtc', 'env': OrderedDict([('GJS_DEBUG_TOPICS', 'JS ERROR;JS LOG'), ('LESSOPEN', '| /usr/bin/lesspipe %s'), ('VSCODE_CWD', '/home/huzy'), ('CURSOR_EXTENSION_HOST_ROLE', 'agent-exec'), ('VSCODE_ESM_ENTRYPOINT', 'vs/workbench/api/node/extensionHostProcess'), ('LANGUAGE', 'zh_CN:en_AU:en_US:en'), ('USER', 'huzy'), ('LC_TIME', 'zh_CN.UTF-8'), ('VSCODE_NLS_CONFIG', '{"userLocale":"zh-cn","osLocale":"zh-cn","resolvedLanguage":"zh-cn","defaultMessagesFile":"/tmp/.mount_CursorOWcrdm/usr/share/cursor/resources/app/out/nls.messages.json","languagePack":{"translationsConfigFile":"/home/huzy/.config/Cursor/clp/3bfb7f1471a52e527cfc1587dd57c7c1.zh-cn/tcf.json","messagesFile":"/home/huzy/.config/Cursor/clp/3bfb7f1471a52e527cfc1587dd57c7c1.zh-cn/7d96c2a03bb088ad367615e9da1a3fe20fbbc6a0/nls.messages.json","corruptMarkerFile":"/home/huzy/.config/Cursor/clp/3bfb7f1471a52e527cfc1587dd57c7c1.zh-cn/corrupted.info"},"locale":"zh-cn","availableLanguages":{"*":"zh-cn"},"_languagePackId":"3bfb7f1471a52e527cfc1587dd57c7c1.zh-cn","_languagePackSupport":true,"_translationsConfigFile":"/home/huzy/.config/Cursor/clp/3bfb7f1471a52e527cfc1587dd57c7c1.zh-cn/tcf.json","_cacheRoot":"/home/huzy/.config/Cursor/clp/3bfb7f1471a52e527cfc1587dd57c7c1.zh-cn","_resolvedLanguagePackCoreLocation":"/home/huzy/.config/Cursor/clp/3bfb7f1471a52e527cfc1587dd57c7c1.zh-cn/7d96c2a03bb088ad367615e9da1a3fe20fbbc6a0","_corruptedFile":"/home/huzy/.config/Cursor/clp/3bfb7f1471a52e527cfc1587dd57c7c1.zh-cn/corrupted.info"}'), ('CI', '1'), ('VSCODE_HANDLES_UNCAUGHT_ERRORS', 'true'), ('XDG_SESSION_TYPE', 'wayland'), ('SHLVL', '1'), ('LD_LIBRARY_PATH', '/usr/lib/x86_64-linux-gnu/gazebo-11/plugins:/opt/ros/humble/opt/rviz_ogre_vendor/lib:/opt/ros/humble/lib/x86_64-linux-gnu:/opt/ros/humble/lib:/tmp/.mount_CursorOWcrdm/usr/lib/:/tmp/.mount_CursorOWcrdm/usr/lib32/:/tmp/.mount_CursorOWcrdm/usr/lib64/:/tmp/.mount_CursorOWcrdm/lib/:/tmp/.mount_CursorOWcrdm/lib/i386-linux-gnu/:/tmp/.mount_CursorOWcrdm/lib/x86_64-linux-gnu/:/tmp/.mount_CursorOWcrdm/lib/aarch64-linux-gnu/:/tmp/.mount_CursorOWcrdm/lib32/:/tmp/.mount_CursorOWcrdm/lib64/:'), ('HOME', '/home/huzy'), ('CHROME_DESKTOP', 'cursor.desktop'), ('APPDIR', '/tmp/.mount_CursorOWcrdm'), ('OLDPWD', '/home/huzy/My_orion'), ('DESKTOP_SESSION', 'ubuntu'), ('PERLLIB', '/tmp/.mount_CursorOWcrdm/usr/share/perl5/:/tmp/.mount_CursorOWcrdm/usr/lib/perl5/:'), ('VSCODE_IPC_HOOK', '/run/user/1000/vscode-294d73a8-2.5.-main.sock'), ('GIO_LAUNCHED_DESKTOP_FILE', '/home/huzy/.local/share/applications/cursor-ime.desktop'), ('ROS_PYTHON_VERSION', '3'), ('GNOME_SHELL_SESSION_MODE', 'ubuntu'), ('GTK_MODULES', 'gail:atk-bridge'), ('SDL_IM_MODULE', 'fcitx'), ('LC_MONETARY', 'zh_CN.UTF-8'), ('MANAGERPID', '1607'), ('SYSTEMD_EXEC_PID', '1773'), ('IM_CONFIG_CHECK_ENV', '1'), ('NO_COLOR', '1'), ('DBUS_SESSION_BUS_ADDRESS', 'unix:path=/run/user/1000/bus'), ('GIO_LAUNCHED_DESKTOP_FILE_PID', '3183'), ('VSCODE_CRASH_REPORTER_PROCESS_TYPE', 'extensionHost'), ('IM_CONFIG_PHASE', '1'), ('WAYLAND_DISPLAY', 'wayland-0'), ('COLCON_PREFIX_PATH', '/home/huzy/My_orion/install'), ('ROS_DISTRO', 'humble'), ('GTK_IM_MODULE', 'fcitx'), ('LOGNAME', 'huzy'), ('FORCE_COLOR', '0'), ('OWD', '/home/huzy'), ('JOURNAL_STREAM', '8:21163'), ('_', '/usr/bin/colcon'), ('ROS_VERSION', '2'), ('XDG_SESSION_CLASS', 'user'), ('USERNAME', 'huzy'), ('TERM', 'dumb'), ('GNOME_DESKTOP_SESSION_ID', 'this-is-deprecated'), ('FC_FONTATIONS', '1'), ('ROS_LOCALHOST_ONLY', '0'), ('PATH', '/home/huzy/.local/bin:/home/huzy/bin:/home/huzy/bin:/home/huzy/.local/bin:/home/huzy/bin:/home/huzy/bin:/opt/ros/humble/bin:/tmp/.mount_CursorOWcrdm/usr/bin/:/tmp/.mount_CursorOWcrdm/usr/sbin/:/tmp/.mount_CursorOWcrdm/usr/games/:/tmp/.mount_CursorOWcrdm/bin/:/tmp/.mount_CursorOWcrdm/sbin/:/home/huzy/.local/bin:/home/huzy/bin:/usr/local/sbin:/usr/local/bin:/usr/sbin:/usr/bin:/sbin:/bin:/usr/games:/usr/local/games:/snap/bin:/snap/bin'), ('SESSION_MANAGER', 'local/huzy-virtual-machine:@/tmp/.ICE-unix/1741,unix/huzy-virtual-machine:/tmp/.ICE-unix/1741'), ('INVOCATION_ID', '311833884cc9487d8e70d892421720e4'), ('PAPERSIZE', 'a4'), ('APPIMAGE', '/home/huzy/Downloads/Cursor-1.4.5-x86_64.AppImage'), ('XDG_MENU_PREFIX', 'gnome-'), ('LC_ADDRESS', 'zh_CN.UTF-8'), ('VSCODE_PROCESS_TITLE', 'extension-host (agent-exec) [1-3]'), ('GNOME_SETUP_DISPLAY', ':1'), ('XDG_RUNTIME_DIR', '/run/user/1000'), ('GDK_BACKEND', 'x11'), ('CURSOR_AGENT', '1'), ('DISPLAY', ':0'), ('LANG', 'zh_CN.UTF-8'), ('XDG_CURRENT_DESKTOP', 'ubuntu:GNOME'), ('LC_TELEPHONE', 'zh_CN.UTF-8'), ('XMODIFIERS', '@im=fcitx'), ('XDG_SESSION_DESKTOP', 'ubuntu'), ('XAUTHORITY', '/run/user/1000/.mutter-Xwaylandauth.OG0JL3'), ('LS_COLORS', ''), ('CURSOR_TRACE_ID', '3f47ee1ee88440998a165de685813638'), ('SSH_AGENT_LAUNCHER', 'gnome-keyring'), ('SSH_AUTH_SOCK', '/run/user/1000/keyring/ssh'), ('GSETTINGS_SCHEMA_DIR', '/tmp/.mount_CursorOWcrdm/usr/share/glib-2.0/schemas/:'), ('AMENT_PREFIX_PATH', '/home/huzy/My_orion/install/orion_pybullet_sim:/home/huzy/My_orion/install/orion_mtc:/home/huzy/My_orion/install/orion_moveit_config:/home/huzy/My_orion/install/orion_description:/opt/ros/humble'), ('SHELL', '/bin/bash'), ('LC_NAME', 'zh_CN.UTF-8'), ('ARGV0', '/home/huzy/Downloads/Cursor-1.4.5-x86_64.AppImage'), ('QT_ACCESSIBILITY', '1'), ('GDMSESSION', 'ubuntu'), ('LESSCLOSE', '/usr/bin/lesspipe %s %s'), ('LC_MEASUREMENT', 'zh_CN.UTF-8'), ('GJS_DEBUG_OUTPUT', 'stderr'), ('LC_IDENTIFICATION', 'zh_CN.UTF-8'), ('QT_IM_MODULE', 'fcitx'), ('PWD', '/home/huzy/My_orion/build/orion_mtc'), ('XDG_CONFIG_DIRS', '/etc/xdg/xdg-ubuntu:/etc/xdg'), ('VSCODE_CODE_CACHE_PATH', '/home/huzy/.config/Cursor/CachedData/7d96c2a03bb088ad367615e9da1a3fe20fbbc6a0'), ('CLUTTER_IM_MODULE', 'fcitx'), ('XDG_DATA_DIRS', '/tmp/.mount_CursorOWcrdm/usr/share/:/usr/local/share:/usr/share:/usr/share/ubuntu:/usr/local/share/:/usr/share/:/var/lib/snapd/desktop'), ('PYTHONPATH', '/home/huzy/My_orion/install/orion_pybullet_sim/lib/python3.10/site-packages:/opt/ros/humble/lib/python3.10/site-packages:/opt/ros/humble/local/lib/python3.10/dist-packages'), ('LC_NUMERIC', 'zh_CN.UTF-8'), ('LC_PAPER', 'zh_CN.UTF-8'), ('QT_PLUGIN_PATH', '/tmp/.mount_CursorOWcrdm/usr/lib/qt4/plugins/:/tmp/.mount_CursorOWcrdm/usr/lib/i386-linux-gnu/qt4/plugins/:/tmp/.mount_CursorOWcrdm/usr/lib/x86_64-linux-gnu/qt4/plugins/:/tmp/.mount_CursorOWcrdm/usr/lib/aarch64-linux-gnu/qt4/plugins/:/tmp/.mount_CursorOWcrdm/usr/lib32/qt4/plugins/:/tmp/.mount_CursorOWcrdm/usr/lib64/qt4/plugins/:/tmp/.mount_CursorOWcrdm/usr/lib/qt5/plugins/:/tmp/.mount_CursorOWcrdm/usr/lib/i386-linux-gnu/qt5/plugins/:/tmp/.mount_CursorOWcrdm/usr/lib/x86_64-linux-gnu/qt5/plugins/:/tmp/.mount_CursorOWcrdm/usr/lib/aarch64-linux-gnu/qt5/plugins/:/tmp/.mount_CursorOWcrdm/usr/lib32/qt5/plugins/:/tmp/.mount_CursorOWcrdm/usr/lib64/qt5/plugins/:'), ('COLCON', '1'), ('_ZO_DOCTOR', '0'), ('CMAKE_PREFIX_PATH', '/home/huzy/My_orion/install/orion_moveit_config:/home/huzy/My_orion/install/orion_description:/home/huzy/My_orion/install/orion_mtc:/home/huzy/My_orion/install/orion_pybullet_sim:/opt/ros/humble'), ('VSCODE_PID', '3183')]), 'shell': False}
[0.098263] (-) TimerEvent: {}
[0.198691] (-) TimerEvent: {}
[0.299139] (-) TimerEvent: {}
[0.399616] (-) TimerEvent: {}
[0.428665] (orion_mtc) StdoutLine: {'line': b'Consolidate compiler generated dependencies of target mtc_node\n'}
[0.500505] (-) TimerEvent: {}
[0.542432] (orion_mtc) StdoutLine: {'line': b'[ 50%] Building CXX object CMakeFiles/mtc_node.dir/src/mtc_node.cpp.o\n'}
[0.600685] (-) TimerEvent: {}
[0.701179] (-) TimerEvent: {}
[0.803061] (-) TimerEvent: {}
[0.903517] (-) TimerEvent: {}
[1.005108] (-) TimerEvent: {}
[1.105445] (-) TimerEvent: {}
[1.205806] (-) TimerEvent: {}
[1.306195] (-) TimerEvent: {}
[1.406575] (-) TimerEvent: {}
[1.507011] (-) TimerEvent: {}
[1.607423] (-) TimerEvent: {}
[1.707853] (-) TimerEvent: {}
[1.808948] (-) TimerEvent: {}
[1.909345] (-) TimerEvent: {}
[2.009793] (-) TimerEvent: {}
[2.110599] (-) TimerEvent: {}
[2.211098] (-) TimerEvent: {}
[2.311557] (-) TimerEvent: {}
[2.412017] (-) TimerEvent: {}
[2.512429] (-) TimerEvent: {}
[2.612823] (-) TimerEvent: {}
[2.714038] (-) TimerEvent: {}
[2.814343] (-) TimerEvent: {}
[2.914655] (-) TimerEvent: {}
[3.015101] (-) TimerEvent: {}
[3.115565] (-) TimerEvent: {}
[3.216038] (-) TimerEvent: {}
[3.316333] (-) TimerEvent: {}
[3.416636] (-) TimerEvent: {}
[3.516994] (-) TimerEvent: {}
[3.617356] (-) TimerEvent: {}
[3.717678] (-) TimerEvent: {}
[3.818364] (-) TimerEvent: {}
[3.920011] (-) TimerEvent: {}
[4.020411] (-) TimerEvent: {}
[4.120778] (-) TimerEvent: {}
[4.221143] (-) TimerEvent: {}
[4.321561] (-) TimerEvent: {}
[4.421965] (-) TimerEvent: {}
[4.522243] (-) TimerEvent: {}
[4.622623] (-) TimerEvent: {}
[4.723040] (-) TimerEvent: {}
[4.823375] (-) TimerEvent: {}
[4.923853] (-) TimerEvent: {}
[5.024211] (-) TimerEvent: {}
[5.124530] (-) TimerEvent: {}
[5.225636] (-) TimerEvent: {}
[5.326138] (-) TimerEvent: {}
[5.426519] (-) TimerEvent: {}
[5.526860] (-) TimerEvent: {}
[5.627214] (-) TimerEvent: {}
[5.727535] (-) TimerEvent: {}
[5.827974] (-) TimerEvent: {}
[5.928308] (-) TimerEvent: {}
[6.028680] (-) TimerEvent: {}
[6.129053] (-) TimerEvent: {}
[6.229439] (-) TimerEvent: {}
[6.329953] (-) TimerEvent: {}
[6.430301] (-) TimerEvent: {}
[6.530719] (-) TimerEvent: {}
[6.631135] (-) TimerEvent: {}
[6.731666] (-) TimerEvent: {}
[6.832093] (-) TimerEvent: {}
[6.932460] (-) TimerEvent: {}
[7.032855] (-) TimerEvent: {}
[7.133239] (-) TimerEvent: {}
[7.235998] (-) TimerEvent: {}
[7.336446] (-) TimerEvent: {}
[7.437715] (-) TimerEvent: {}
[7.538112] (-) TimerEvent: {}
[7.638508] (-) TimerEvent: {}
[7.738948] (-) TimerEvent: {}
[7.839234] (-) TimerEvent: {}
[7.939772] (-) TimerEvent: {}
[8.040406] (-) TimerEvent: {}
[8.140770] (-) TimerEvent: {}
[8.241357] (-) TimerEvent: {}
[8.341799] (-) TimerEvent: {}
[8.442279] (-) TimerEvent: {}
[8.542694] (-) TimerEvent: {}
[8.643090] (-) TimerEvent: {}
[8.743462] (-) TimerEvent: {}
[8.843878] (-) TimerEvent: {}
[8.944461] (-) TimerEvent: {}
[9.044814] (-) TimerEvent: {}
[9.145178] (-) TimerEvent: {}
[9.245523] (-) TimerEvent: {}
[9.346110] (-) TimerEvent: {}
[9.447311] (-) TimerEvent: {}
[9.547867] (-) TimerEvent: {}
[9.648370] (-) TimerEvent: {}
[9.748736] (-) TimerEvent: {}
[9.849259] (-) TimerEvent: {}
[9.949689] (-) TimerEvent: {}
[10.050164] (-) TimerEvent: {}
[10.150565] (-) TimerEvent: {}
[10.251049] (-) TimerEvent: {}
[10.351402] (-) TimerEvent: {}
[10.453469] (-) TimerEvent: {}
[10.553904] (-) TimerEvent: {}
[10.654364] (-) TimerEvent: {}
[10.754840] (-) TimerEvent: {}
[10.855334] (-) TimerEvent: {}
[10.955714] (-) TimerEvent: {}
[11.056059] (-) TimerEvent: {}
[11.156400] (-) TimerEvent: {}
[11.256786] (-) TimerEvent: {}
[11.357144] (-) TimerEvent: {}
[11.457481] (-) TimerEvent: {}
[11.557829] (-) TimerEvent: {}
[11.658326] (-) TimerEvent: {}
[11.758719] (-) TimerEvent: {}
[11.859273] (-) TimerEvent: {}
[11.959828] (-) TimerEvent: {}
[12.061004] (-) TimerEvent: {}
[12.161380] (-) TimerEvent: {}
[12.261708] (-) TimerEvent: {}
[12.362055] (-) TimerEvent: {}
[12.462373] (-) TimerEvent: {}
[12.562714] (-) TimerEvent: {}
[12.663066] (-) TimerEvent: {}
[12.763462] (-) TimerEvent: {}
[12.863832] (-) TimerEvent: {}
[12.964203] (-) TimerEvent: {}
[13.064534] (-) TimerEvent: {}
[13.164893] (-) TimerEvent: {}
[13.265292] (-) TimerEvent: {}
[13.365660] (-) TimerEvent: {}
[13.466102] (-) TimerEvent: {}
[13.566552] (-) TimerEvent: {}
[13.667122] (-) TimerEvent: {}
[13.767562] (-) TimerEvent: {}
[13.867940] (-) TimerEvent: {}
[13.968312] (-) TimerEvent: {}
[14.068649] (-) TimerEvent: {}
[14.169049] (-) TimerEvent: {}
[14.269400] (-) TimerEvent: {}
[14.369749] (-) TimerEvent: {}
[14.470065] (-) TimerEvent: {}
[14.570441] (-) TimerEvent: {}
[14.670747] (-) TimerEvent: {}
[14.771070] (-) TimerEvent: {}
[14.871465] (-) TimerEvent: {}
[14.972040] (-) TimerEvent: {}
[15.072492] (-) TimerEvent: {}
[15.172821] (-) TimerEvent: {}
[15.273190] (-) TimerEvent: {}
[15.373583] (-) TimerEvent: {}
[15.474119] (-) TimerEvent: {}
[15.577016] (-) TimerEvent: {}
[15.677294] (-) TimerEvent: {}
[15.777591] (-) TimerEvent: {}
[15.877883] (-) TimerEvent: {}
[15.978220] (-) TimerEvent: {}
[16.079076] (-) TimerEvent: {}
[16.179430] (-) TimerEvent: {}
[16.279834] (-) TimerEvent: {}
[16.380343] (-) TimerEvent: {}
[16.480758] (-) TimerEvent: {}
[16.582969] (-) TimerEvent: {}
[16.683485] (-) TimerEvent: {}
[16.783773] (-) TimerEvent: {}
[16.884496] (-) TimerEvent: {}
[16.984868] (-) TimerEvent: {}
[17.086045] (-) TimerEvent: {}
[17.187514] (-) TimerEvent: {}
[17.287874] (-) TimerEvent: {}
[17.388352] (-) TimerEvent: {}
[17.488689] (-) TimerEvent: {}
[17.589053] (-) TimerEvent: {}
[17.689462] (-) TimerEvent: {}
[17.789785] (-) TimerEvent: {}
[17.890063] (-) TimerEvent: {}
[17.990529] (-) TimerEvent: {}
[18.092196] (-) TimerEvent: {}
[18.192576] (-) TimerEvent: {}
[18.294687] (-) TimerEvent: {}
[18.395139] (-) TimerEvent: {}
[18.495718] (-) TimerEvent: {}
[18.596612] (-) TimerEvent: {}
[18.697045] (-) TimerEvent: {}
[18.797350] (-) TimerEvent: {}
[18.897996] (-) TimerEvent: {}
[18.998370] (-) TimerEvent: {}
[19.098759] (-) TimerEvent: {}
[19.199132] (-) TimerEvent: {}
[19.299463] (-) TimerEvent: {}
[19.399856] (-) TimerEvent: {}
[19.500271] (-) TimerEvent: {}
[19.600767] (-) TimerEvent: {}
[19.701160] (-) TimerEvent: {}
[19.801555] (-) TimerEvent: {}
[19.902033] (-) TimerEvent: {}
[20.002362] (-) TimerEvent: {}
[20.102730] (-) TimerEvent: {}
[20.203126] (-) TimerEvent: {}
[20.303540] (-) TimerEvent: {}
[20.403951] (-) TimerEvent: {}
[20.504306] (-) TimerEvent: {}
[20.604738] (-) TimerEvent: {}
[20.705332] (-) TimerEvent: {}
[20.805708] (-) TimerEvent: {}
[20.906037] (-) TimerEvent: {}
[21.006380] (-) TimerEvent: {}
[21.106712] (-) TimerEvent: {}
[21.207060] (-) TimerEvent: {}
[21.307468] (-) TimerEvent: {}
[21.407822] (-) TimerEvent: {}
[21.508145] (-) TimerEvent: {}
[21.608505] (-) TimerEvent: {}
[21.708896] (-) TimerEvent: {}
[21.809279] (-) TimerEvent: {}
[21.909584] (-) TimerEvent: {}
[22.010011] (-) TimerEvent: {}
[22.110413] (-) TimerEvent: {}
[22.210747] (-) TimerEvent: {}
[22.311078] (-) TimerEvent: {}
[22.411414] (-) TimerEvent: {}
[22.511750] (-) TimerEvent: {}
[22.612338] (-) TimerEvent: {}
[22.712847] (orion_mtc) StdoutLine: {'line': b'[100%] Linking CXX executable mtc_node\n'}
[22.713308] (-) TimerEvent: {}
[22.813546] (-) TimerEvent: {}
[22.914028] (-) TimerEvent: {}
[23.014443] (-) TimerEvent: {}
[23.114795] (-) TimerEvent: {}
[23.215196] (-) TimerEvent: {}
[23.315511] (-) TimerEvent: {}
[23.318825] (orion_mtc) StdoutLine: {'line': b'[100%] Built target mtc_node\n'}
[23.359688] (orion_mtc) CommandEnded: {'returncode': 0}
[23.362170] (orion_mtc) JobProgress: {'identifier': 'orion_mtc', 'progress': 'install'}
[23.408345] (orion_mtc) Command: {'cmd': ['/usr/bin/cmake', '--install', '/home/huzy/My_orion/build/orion_mtc'], 'cwd': '/home/huzy/My_orion/build/orion_mtc', 'env': OrderedDict([('GJS_DEBUG_TOPICS', 'JS ERROR;JS LOG'), ('LESSOPEN', '| /usr/bin/lesspipe %s'), ('VSCODE_CWD', '/home/huzy'), ('CURSOR_EXTENSION_HOST_ROLE', 'agent-exec'), ('VSCODE_ESM_ENTRYPOINT', 'vs/workbench/api/node/extensionHostProcess'), ('LANGUAGE', 'zh_CN:en_AU:en_US:en'), ('USER', 'huzy'), ('LC_TIME', 'zh_CN.UTF-8'), ('VSCODE_NLS_CONFIG', '{"userLocale":"zh-cn","osLocale":"zh-cn","resolvedLanguage":"zh-cn","defaultMessagesFile":"/tmp/.mount_CursorOWcrdm/usr/share/cursor/resources/app/out/nls.messages.json","languagePack":{"translationsConfigFile":"/home/huzy/.config/Cursor/clp/3bfb7f1471a52e527cfc1587dd57c7c1.zh-cn/tcf.json","messagesFile":"/home/huzy/.config/Cursor/clp/3bfb7f1471a52e527cfc1587dd57c7c1.zh-cn/7d96c2a03bb088ad367615e9da1a3fe20fbbc6a0/nls.messages.json","corruptMarkerFile":"/home/huzy/.config/Cursor/clp/3bfb7f1471a52e527cfc1587dd57c7c1.zh-cn/corrupted.info"},"locale":"zh-cn","availableLanguages":{"*":"zh-cn"},"_languagePackId":"3bfb7f1471a52e527cfc1587dd57c7c1.zh-cn","_languagePackSupport":true,"_translationsConfigFile":"/home/huzy/.config/Cursor/clp/3bfb7f1471a52e527cfc1587dd57c7c1.zh-cn/tcf.json","_cacheRoot":"/home/huzy/.config/Cursor/clp/3bfb7f1471a52e527cfc1587dd57c7c1.zh-cn","_resolvedLanguagePackCoreLocation":"/home/huzy/.config/Cursor/clp/3bfb7f1471a52e527cfc1587dd57c7c1.zh-cn/7d96c2a03bb088ad367615e9da1a3fe20fbbc6a0","_corruptedFile":"/home/huzy/.config/Cursor/clp/3bfb7f1471a52e527cfc1587dd57c7c1.zh-cn/corrupted.info"}'), ('CI', '1'), ('VSCODE_HANDLES_UNCAUGHT_ERRORS', 'true'), ('XDG_SESSION_TYPE', 'wayland'), ('SHLVL', '1'), ('LD_LIBRARY_PATH', '/usr/lib/x86_64-linux-gnu/gazebo-11/plugins:/opt/ros/humble/opt/rviz_ogre_vendor/lib:/opt/ros/humble/lib/x86_64-linux-gnu:/opt/ros/humble/lib:/tmp/.mount_CursorOWcrdm/usr/lib/:/tmp/.mount_CursorOWcrdm/usr/lib32/:/tmp/.mount_CursorOWcrdm/usr/lib64/:/tmp/.mount_CursorOWcrdm/lib/:/tmp/.mount_CursorOWcrdm/lib/i386-linux-gnu/:/tmp/.mount_CursorOWcrdm/lib/x86_64-linux-gnu/:/tmp/.mount_CursorOWcrdm/lib/aarch64-linux-gnu/:/tmp/.mount_CursorOWcrdm/lib32/:/tmp/.mount_CursorOWcrdm/lib64/:'), ('HOME', '/home/huzy'), ('CHROME_DESKTOP', 'cursor.desktop'), ('APPDIR', '/tmp/.mount_CursorOWcrdm'), ('OLDPWD', '/home/huzy/My_orion'), ('DESKTOP_SESSION', 'ubuntu'), ('PERLLIB', '/tmp/.mount_CursorOWcrdm/usr/share/perl5/:/tmp/.mount_CursorOWcrdm/usr/lib/perl5/:'), ('VSCODE_IPC_HOOK', '/run/user/1000/vscode-294d73a8-2.5.-main.sock'), ('GIO_LAUNCHED_DESKTOP_FILE', '/home/huzy/.local/share/applications/cursor-ime.desktop'), ('ROS_PYTHON_VERSION', '3'), ('GNOME_SHELL_SESSION_MODE', 'ubuntu'), ('GTK_MODULES', 'gail:atk-bridge'), ('SDL_IM_MODULE', 'fcitx'), ('LC_MONETARY', 'zh_CN.UTF-8'), ('MANAGERPID', '1607'), ('SYSTEMD_EXEC_PID', '1773'), ('IM_CONFIG_CHECK_ENV', '1'), ('NO_COLOR', '1'), ('DBUS_SESSION_BUS_ADDRESS', 'unix:path=/run/user/1000/bus'), ('GIO_LAUNCHED_DESKTOP_FILE_PID', '3183'), ('VSCODE_CRASH_REPORTER_PROCESS_TYPE', 'extensionHost'), ('IM_CONFIG_PHASE', '1'), ('WAYLAND_DISPLAY', 'wayland-0'), ('COLCON_PREFIX_PATH', '/home/huzy/My_orion/install'), ('ROS_DISTRO', 'humble'), ('GTK_IM_MODULE', 'fcitx'), ('LOGNAME', 'huzy'), ('FORCE_COLOR', '0'), ('OWD', '/home/huzy'), ('JOURNAL_STREAM', '8:21163'), ('_', '/usr/bin/colcon'), ('ROS_VERSION', '2'), ('XDG_SESSION_CLASS', 'user'), ('USERNAME', 'huzy'), ('TERM', 'dumb'), ('GNOME_DESKTOP_SESSION_ID', 'this-is-deprecated'), ('FC_FONTATIONS', '1'), ('ROS_LOCALHOST_ONLY', '0'), ('PATH', '/home/huzy/.local/bin:/home/huzy/bin:/home/huzy/bin:/home/huzy/.local/bin:/home/huzy/bin:/home/huzy/bin:/opt/ros/humble/bin:/tmp/.mount_CursorOWcrdm/usr/bin/:/tmp/.mount_CursorOWcrdm/usr/sbin/:/tmp/.mount_CursorOWcrdm/usr/games/:/tmp/.mount_CursorOWcrdm/bin/:/tmp/.mount_CursorOWcrdm/sbin/:/home/huzy/.local/bin:/home/huzy/bin:/usr/local/sbin:/usr/local/bin:/usr/sbin:/usr/bin:/sbin:/bin:/usr/games:/usr/local/games:/snap/bin:/snap/bin'), ('SESSION_MANAGER', 'local/huzy-virtual-machine:@/tmp/.ICE-unix/1741,unix/huzy-virtual-machine:/tmp/.ICE-unix/1741'), ('INVOCATION_ID', '311833884cc9487d8e70d892421720e4'), ('PAPERSIZE', 'a4'), ('APPIMAGE', '/home/huzy/Downloads/Cursor-1.4.5-x86_64.AppImage'), ('XDG_MENU_PREFIX', 'gnome-'), ('LC_ADDRESS', 'zh_CN.UTF-8'), ('VSCODE_PROCESS_TITLE', 'extension-host (agent-exec) [1-3]'), ('GNOME_SETUP_DISPLAY', ':1'), ('XDG_RUNTIME_DIR', '/run/user/1000'), ('GDK_BACKEND', 'x11'), ('CURSOR_AGENT', '1'), ('DISPLAY', ':0'), ('LANG', 'zh_CN.UTF-8'), ('XDG_CURRENT_DESKTOP', 'ubuntu:GNOME'), ('LC_TELEPHONE', 'zh_CN.UTF-8'), ('XMODIFIERS', '@im=fcitx'), ('XDG_SESSION_DESKTOP', 'ubuntu'), ('XAUTHORITY', '/run/user/1000/.mutter-Xwaylandauth.OG0JL3'), ('LS_COLORS', ''), ('CURSOR_TRACE_ID', '3f47ee1ee88440998a165de685813638'), ('SSH_AGENT_LAUNCHER', 'gnome-keyring'), ('SSH_AUTH_SOCK', '/run/user/1000/keyring/ssh'), ('GSETTINGS_SCHEMA_DIR', '/tmp/.mount_CursorOWcrdm/usr/share/glib-2.0/schemas/:'), ('AMENT_PREFIX_PATH', '/home/huzy/My_orion/install/orion_pybullet_sim:/home/huzy/My_orion/install/orion_mtc:/home/huzy/My_orion/install/orion_moveit_config:/home/huzy/My_orion/install/orion_description:/opt/ros/humble'), ('SHELL', '/bin/bash'), ('LC_NAME', 'zh_CN.UTF-8'), ('ARGV0', '/home/huzy/Downloads/Cursor-1.4.5-x86_64.AppImage'), ('QT_ACCESSIBILITY', '1'), ('GDMSESSION', 'ubuntu'), ('LESSCLOSE', '/usr/bin/lesspipe %s %s'), ('LC_MEASUREMENT', 'zh_CN.UTF-8'), ('GJS_DEBUG_OUTPUT', 'stderr'), ('LC_IDENTIFICATION', 'zh_CN.UTF-8'), ('QT_IM_MODULE', 'fcitx'), ('PWD', '/home/huzy/My_orion/build/orion_mtc'), ('XDG_CONFIG_DIRS', '/etc/xdg/xdg-ubuntu:/etc/xdg'), ('VSCODE_CODE_CACHE_PATH', '/home/huzy/.config/Cursor/CachedData/7d96c2a03bb088ad367615e9da1a3fe20fbbc6a0'), ('CLUTTER_IM_MODULE', 'fcitx'), ('XDG_DATA_DIRS', '/tmp/.mount_CursorOWcrdm/usr/share/:/usr/local/share:/usr/share:/usr/share/ubuntu:/usr/local/share/:/usr/share/:/var/lib/snapd/desktop'), ('PYTHONPATH', '/home/huzy/My_orion/install/orion_pybullet_sim/lib/python3.10/site-packages:/opt/ros/humble/lib/python3.10/site-packages:/opt/ros/humble/local/lib/python3.10/dist-packages'), ('LC_NUMERIC', 'zh_CN.UTF-8'), ('LC_PAPER', 'zh_CN.UTF-8'), ('QT_PLUGIN_PATH', '/tmp/.mount_CursorOWcrdm/usr/lib/qt4/plugins/:/tmp/.mount_CursorOWcrdm/usr/lib/i386-linux-gnu/qt4/plugins/:/tmp/.mount_CursorOWcrdm/usr/lib/x86_64-linux-gnu/qt4/plugins/:/tmp/.mount_CursorOWcrdm/usr/lib/aarch64-linux-gnu/qt4/plugins/:/tmp/.mount_CursorOWcrdm/usr/lib32/qt4/plugins/:/tmp/.mount_CursorOWcrdm/usr/lib64/qt4/plugins/:/tmp/.mount_CursorOWcrdm/usr/lib/qt5/plugins/:/tmp/.mount_CursorOWcrdm/usr/lib/i386-linux-gnu/qt5/plugins/:/tmp/.mount_CursorOWcrdm/usr/lib/x86_64-linux-gnu/qt5/plugins/:/tmp/.mount_CursorOWcrdm/usr/lib/aarch64-linux-gnu/qt5/plugins/:/tmp/.mount_CursorOWcrdm/usr/lib32/qt5/plugins/:/tmp/.mount_CursorOWcrdm/usr/lib64/qt5/plugins/:'), ('COLCON', '1'), ('_ZO_DOCTOR', '0'), ('CMAKE_PREFIX_PATH', '/home/huzy/My_orion/install/orion_moveit_config:/home/huzy/My_orion/install/orion_description:/home/huzy/My_orion/install/orion_mtc:/home/huzy/My_orion/install/orion_pybullet_sim:/opt/ros/humble'), ('VSCODE_PID', '3183')]), 'shell': False}
[23.415652] (-) TimerEvent: {}
[23.454645] (orion_mtc) StdoutLine: {'line': b'-- Install configuration: "Release"\n'}
[23.455899] (orion_mtc) StdoutLine: {'line': b'-- Execute custom install script\n'}
[23.457017] (orion_mtc) StdoutLine: {'line': b'-- Up-to-date symlink: /home/huzy/My_orion/install/orion_mtc/lib/orion_mtc/mtc_node\n'}
[23.457347] (orion_mtc) StdoutLine: {'line': b'-- Up-to-date symlink: /home/huzy/My_orion/install/orion_mtc/share/orion_mtc/launch/pick_place_demo.launch.py\n'}
[23.457495] (orion_mtc) StdoutLine: {'line': b'-- Up-to-date symlink: /home/huzy/My_orion/install/orion_mtc/share/orion_mtc/launch/pick_place_pybullet.launch.py\n'}
[23.457632] (orion_mtc) StdoutLine: {'line': b'-- Up-to-date symlink: /home/huzy/My_orion/install/orion_mtc/share/ament_index/resource_index/package_run_dependencies/orion_mtc\n'}
[23.457774] (orion_mtc) StdoutLine: {'line': b'-- Up-to-date symlink: /home/huzy/My_orion/install/orion_mtc/share/ament_index/resource_index/parent_prefix_path/orion_mtc\n'}
[23.457922] (orion_mtc) StdoutLine: {'line': b'-- Up-to-date symlink: /home/huzy/My_orion/install/orion_mtc/share/orion_mtc/environment/ament_prefix_path.sh\n'}
[23.458250] (orion_mtc) StdoutLine: {'line': b'-- Up-to-date symlink: /home/huzy/My_orion/install/orion_mtc/share/orion_mtc/environment/ament_prefix_path.dsv\n'}
[23.458322] (orion_mtc) StdoutLine: {'line': b'-- Up-to-date symlink: /home/huzy/My_orion/install/orion_mtc/share/orion_mtc/environment/path.sh\n'}
[23.458381] (orion_mtc) StdoutLine: {'line': b'-- Up-to-date symlink: /home/huzy/My_orion/install/orion_mtc/share/orion_mtc/environment/path.dsv\n'}
[23.458437] (orion_mtc) StdoutLine: {'line': b'-- Up-to-date symlink: /home/huzy/My_orion/install/orion_mtc/share/orion_mtc/local_setup.bash\n'}
[23.458509] (orion_mtc) StdoutLine: {'line': b'-- Up-to-date symlink: /home/huzy/My_orion/install/orion_mtc/share/orion_mtc/local_setup.sh\n'}
[23.458566] (orion_mtc) StdoutLine: {'line': b'-- Up-to-date symlink: /home/huzy/My_orion/install/orion_mtc/share/orion_mtc/local_setup.zsh\n'}
[23.458631] (orion_mtc) StdoutLine: {'line': b'-- Up-to-date symlink: /home/huzy/My_orion/install/orion_mtc/share/orion_mtc/local_setup.dsv\n'}
[23.458689] (orion_mtc) StdoutLine: {'line': b'-- Symlinking: /home/huzy/My_orion/install/orion_mtc/share/orion_mtc/package.dsv\n'}
[23.506416] (orion_mtc) StdoutLine: {'line': b'-- Up-to-date symlink: /home/huzy/My_orion/install/orion_mtc/share/ament_index/resource_index/packages/orion_mtc\n'}
[23.506694] (orion_mtc) StdoutLine: {'line': b'-- Up-to-date symlink: /home/huzy/My_orion/install/orion_mtc/share/orion_mtc/cmake/orion_mtcConfig.cmake\n'}
[23.506766] (orion_mtc) StdoutLine: {'line': b'-- Up-to-date symlink: /home/huzy/My_orion/install/orion_mtc/share/orion_mtc/cmake/orion_mtcConfig-version.cmake\n'}
[23.506825] (orion_mtc) StdoutLine: {'line': b'-- Up-to-date symlink: /home/huzy/My_orion/install/orion_mtc/share/orion_mtc/package.xml\n'}
[23.511065] (orion_mtc) CommandEnded: {'returncode': 0}
[23.515925] (-) TimerEvent: {}
[23.543206] (orion_mtc) JobEnded: {'identifier': 'orion_mtc', 'rc': 0}
[23.544632] (-) EventReactorShutdown: {}
