[0.000000] (-) TimerEvent: {}
[0.000329] (-) JobUnselected: {'identifier': 'orion_description'}
[0.000668] (-) JobUnselected: {'identifier': 'orion_moveit_config'}
[0.000715] (-) JobUnselected: {'identifier': 'orion_pybullet_sim'}
[0.000745] (orion_mtc) JobQueued: {'identifier': 'orion_mtc', 'dependencies': OrderedDict([('orion_description', '/home/huzy/My_orion/install/orion_description'), ('orion_moveit_config', '/home/huzy/My_orion/install/orion_moveit_config'), ('orion_pybullet_sim', '/home/huzy/My_orion/install/orion_pybullet_sim')])}
[0.000769] (orion_mtc) JobStarted: {'identifier': 'orion_mtc'}
[0.028858] (orion_mtc) JobProgress: {'identifier': 'orion_mtc', 'progress': 'cmake'}
[0.030229] (orion_mtc) JobProgress: {'identifier': 'orion_mtc', 'progress': 'build'}
[0.030302] (orion_mtc) Command: {'cmd': ['/usr/bin/cmake', '--build', '/home/huzy/My_orion/build/orion_mtc', '--', '-j8', '-l8'], 'cwd': '/home/huzy/My_orion/build/orion_mtc', 'env': OrderedDict([('GJS_DEBUG_TOPICS', 'JS ERROR;JS LOG'), ('LESSOPEN', '| /usr/bin/lesspipe %s'), ('VSCODE_CWD', '/home/huzy'), ('CURSOR_EXTENSION_HOST_ROLE', 'agent-exec'), ('VSCODE_ESM_ENTRYPOINT', 'vs/workbench/api/node/extensionHostProcess'), ('LANGUAGE', 'zh_CN:en_AU:en_US:en'), ('USER', 'huzy'), ('LC_TIME', 'zh_CN.UTF-8'), ('VSCODE_NLS_CONFIG', '{"userLocale":"zh-cn","osLocale":"zh-cn","resolvedLanguage":"zh-cn","defaultMessagesFile":"/tmp/.mount_CursorUXtYWI/usr/share/cursor/resources/app/out/nls.messages.json","languagePack":{"translationsConfigFile":"/home/huzy/.config/Cursor/clp/3bfb7f1471a52e527cfc1587dd57c7c1.zh-cn/tcf.json","messagesFile":"/home/huzy/.config/Cursor/clp/3bfb7f1471a52e527cfc1587dd57c7c1.zh-cn/8c95649f251a168cc4bb34c89531fae7db4bd990/nls.messages.json","corruptMarkerFile":"/home/huzy/.config/Cursor/clp/3bfb7f1471a52e527cfc1587dd57c7c1.zh-cn/corrupted.info"},"locale":"zh-cn","availableLanguages":{"*":"zh-cn"},"_languagePackId":"3bfb7f1471a52e527cfc1587dd57c7c1.zh-cn","_languagePackSupport":true,"_translationsConfigFile":"/home/huzy/.config/Cursor/clp/3bfb7f1471a52e527cfc1587dd57c7c1.zh-cn/tcf.json","_cacheRoot":"/home/huzy/.config/Cursor/clp/3bfb7f1471a52e527cfc1587dd57c7c1.zh-cn","_resolvedLanguagePackCoreLocation":"/home/huzy/.config/Cursor/clp/3bfb7f1471a52e527cfc1587dd57c7c1.zh-cn/8c95649f251a168cc4bb34c89531fae7db4bd990","_corruptedFile":"/home/huzy/.config/Cursor/clp/3bfb7f1471a52e527cfc1587dd57c7c1.zh-cn/corrupted.info"}'), ('CI', '1'), ('VSCODE_HANDLES_UNCAUGHT_ERRORS', 'true'), ('XDG_SESSION_TYPE', 'wayland'), ('SHLVL', '1'), ('LD_LIBRARY_PATH', '/usr/lib/x86_64-linux-gnu/gazebo-11/plugins:/opt/ros/humble/opt/rviz_ogre_vendor/lib:/opt/ros/humble/lib/x86_64-linux-gnu:/opt/ros/humble/lib:/tmp/.mount_CursorUXtYWI/usr/lib/:/tmp/.mount_CursorUXtYWI/usr/lib32/:/tmp/.mount_CursorUXtYWI/usr/lib64/:/tmp/.mount_CursorUXtYWI/lib/:/tmp/.mount_CursorUXtYWI/lib/i386-linux-gnu/:/tmp/.mount_CursorUXtYWI/lib/x86_64-linux-gnu/:/tmp/.mount_CursorUXtYWI/lib/aarch64-linux-gnu/:/tmp/.mount_CursorUXtYWI/lib32/:/tmp/.mount_CursorUXtYWI/lib64/:'), ('HOME', '/home/huzy'), ('CHROME_DESKTOP', 'cursor.desktop'), ('APPDIR', '/tmp/.mount_CursorUXtYWI'), ('OLDPWD', '/home/huzy/My_orion'), ('DESKTOP_SESSION', 'ubuntu'), ('PERLLIB', '/tmp/.mount_CursorUXtYWI/usr/share/perl5/:/tmp/.mount_CursorUXtYWI/usr/lib/perl5/:'), ('VSCODE_IPC_HOOK', '/run/user/1000/vscode-294d73a8-2.6.-main.sock'), ('GIO_LAUNCHED_DESKTOP_FILE', '/home/huzy/.local/share/applications/cursor-ime.desktop'), ('ROS_PYTHON_VERSION', '3'), ('GNOME_SHELL_SESSION_MODE', 'ubuntu'), ('GTK_MODULES', 'gail:atk-bridge'), ('SDL_IM_MODULE', 'fcitx'), ('LC_MONETARY', 'zh_CN.UTF-8'), ('CURSOR_WORKSPACE_LABEL', 'My_orion'), ('MANAGERPID', '1530'), ('SYSTEMD_EXEC_PID', '1714'), ('IM_CONFIG_CHECK_ENV', '1'), ('NO_COLOR', '1'), ('DBUS_SESSION_BUS_ADDRESS', 'unix:path=/run/user/1000/bus'), ('GIO_LAUNCHED_DESKTOP_FILE_PID', '2990'), ('VSCODE_CRASH_REPORTER_PROCESS_TYPE', 'extensionHost'), ('IM_CONFIG_PHASE', '1'), ('WAYLAND_DISPLAY', 'wayland-0'), ('COLCON_PREFIX_PATH', '/home/huzy/My_orion/install'), ('ROS_DISTRO', 'humble'), ('GTK_IM_MODULE', 'fcitx'), ('LOGNAME', 'huzy'), ('FORCE_COLOR', '0'), ('OWD', '/home/huzy'), ('JOURNAL_STREAM', '8:25737'), ('_', '/usr/bin/colcon'), ('ROS_VERSION', '2'), ('XDG_SESSION_CLASS', 'user'), ('USERNAME', 'huzy'), ('TERM', 'dumb'), ('GNOME_DESKTOP_SESSION_ID', 'this-is-deprecated'), ('FC_FONTATIONS', '1'), ('ROS_LOCALHOST_ONLY', '0'), ('PATH', '/home/huzy/.local/bin:/home/huzy/bin:/home/huzy/bin:/home/huzy/.local/bin:/home/huzy/bin:/home/huzy/bin:/opt/ros/humble/bin:/tmp/.mount_CursorUXtYWI/usr/bin/:/tmp/.mount_CursorUXtYWI/usr/sbin/:/tmp/.mount_CursorUXtYWI/usr/games/:/tmp/.mount_CursorUXtYWI/bin/:/tmp/.mount_CursorUXtYWI/sbin/:/home/huzy/.local/bin:/home/huzy/bin:/usr/local/sbin:/usr/local/bin:/usr/sbin:/usr/bin:/sbin:/bin:/usr/games:/usr/local/games:/snap/bin:/snap/bin'), ('SESSION_MANAGER', 'local/huzy-virtual-machine:@/tmp/.ICE-unix/1679,unix/huzy-virtual-machine:/tmp/.ICE-unix/1679'), ('INVOCATION_ID', '826d726d6f664b3f89826df4c6724b2b'), ('PAPERSIZE', 'a4'), ('APPIMAGE', '/home/huzy/Downloads/Cursor-1.4.5-x86_64.AppImage'), ('XDG_MENU_PREFIX', 'gnome-'), ('LC_ADDRESS', 'zh_CN.UTF-8'), ('VSCODE_PROCESS_TITLE', 'extension-host (agent-exec) My_orion [1-3]'), ('GNOME_SETUP_DISPLAY', ':1'), ('XDG_RUNTIME_DIR', '/run/user/1000'), ('GDK_BACKEND', 'x11'), ('CURSOR_AGENT', '1'), ('DISPLAY', ':0'), ('LANG', 'zh_CN.UTF-8'), ('XDG_CURRENT_DESKTOP', 'ubuntu:GNOME'), ('LC_TELEPHONE', 'zh_CN.UTF-8'), ('XMODIFIERS', '@im=fcitx'), ('XDG_SESSION_DESKTOP', 'ubuntu'), ('XAUTHORITY', '/run/user/1000/.mutter-Xwaylandauth.LF0LL3'), ('LS_COLORS', ''), ('CURSOR_TRACE_ID', 'd42350f5f41c41808637c56825ce7e0d'), ('SSH_AGENT_LAUNCHER', 'gnome-keyring'), ('SSH_AUTH_SOCK', '/run/user/1000/keyring/ssh'), ('GSETTINGS_SCHEMA_DIR', '/tmp/.mount_CursorUXtYWI/usr/share/glib-2.0/schemas/:'), ('AMENT_PREFIX_PATH', '/home/huzy/My_orion/install/orion_pybullet_sim:/home/huzy/My_orion/install/orion_mtc:/home/huzy/My_orion/install/orion_moveit_config:/home/huzy/My_orion/install/orion_description:/opt/ros/humble'), ('SHELL', '/bin/bash'), ('LC_NAME', 'zh_CN.UTF-8'), ('ARGV0', '/home/huzy/Downloads/Cursor-1.4.5-x86_64.AppImage'), ('QT_ACCESSIBILITY', '1'), ('GDMSESSION', 'ubuntu'), ('LESSCLOSE', '/usr/bin/lesspipe %s %s'), ('LC_MEASUREMENT', 'zh_CN.UTF-8'), ('GJS_DEBUG_OUTPUT', 'stderr'), ('LC_IDENTIFICATION', 'zh_CN.UTF-8'), ('QT_IM_MODULE', 'fcitx'), ('PWD', '/home/huzy/My_orion/build/orion_mtc'), ('XDG_CONFIG_DIRS', '/etc/xdg/xdg-ubuntu:/etc/xdg'), ('VSCODE_CODE_CACHE_PATH', '/home/huzy/.config/Cursor/CachedData/8c95649f251a168cc4bb34c89531fae7db4bd990'), ('CLUTTER_IM_MODULE', 'fcitx'), ('XDG_DATA_DIRS', '/tmp/.mount_CursorUXtYWI/usr/share/:/usr/local/share:/usr/share:/usr/share/ubuntu:/usr/local/share/:/usr/share/:/var/lib/snapd/desktop'), ('PYTHONPATH', '/home/huzy/My_orion/install/orion_pybullet_sim/lib/python3.10/site-packages:/opt/ros/humble/lib/python3.10/site-packages:/opt/ros/humble/local/lib/python3.10/dist-packages'), ('LC_NUMERIC', 'zh_CN.UTF-8'), ('LC_PAPER', 'zh_CN.UTF-8'), ('QT_PLUGIN_PATH', '/tmp/.mount_CursorUXtYWI/usr/lib/qt4/plugins/:/tmp/.mount_CursorUXtYWI/usr/lib/i386-linux-gnu/qt4/plugins/:/tmp/.mount_CursorUXtYWI/usr/lib/x86_64-linux-gnu/qt4/plugins/:/tmp/.mount_CursorUXtYWI/usr/lib/aarch64-linux-gnu/qt4/plugins/:/tmp/.mount_CursorUXtYWI/usr/lib32/qt4/plugins/:/tmp/.mount_CursorUXtYWI/usr/lib64/qt4/plugins/:/tmp/.mount_CursorUXtYWI/usr/lib/qt5/plugins/:/tmp/.mount_CursorUXtYWI/usr/lib/i386-linux-gnu/qt5/plugins/:/tmp/.mount_CursorUXtYWI/usr/lib/x86_64-linux-gnu/qt5/plugins/:/tmp/.mount_CursorUXtYWI/usr/lib/aarch64-linux-gnu/qt5/plugins/:/tmp/.mount_CursorUXtYWI/usr/lib32/qt5/plugins/:/tmp/.mount_CursorUXtYWI/usr/lib64/qt5/plugins/:'), ('COLCON', '1'), ('_ZO_DOCTOR', '0'), ('CMAKE_PREFIX_PATH', '/home/huzy/My_orion/install/orion_moveit_config:/home/huzy/My_orion/install/orion_description:/home/huzy/My_orion/install/orion_mtc:/home/huzy/My_orion/install/orion_pybullet_sim:/opt/ros/humble'), ('VSCODE_PID', '2990')]), 'shell': False}
[0.099240] (-) TimerEvent: {}
[0.167117] (orion_mtc) StdoutLine: {'line': b'Consolidate compiler generated dependencies of target mtc_node\n'}
[0.199381] (-) TimerEvent: {}
[0.217701] (orion_mtc) StdoutLine: {'line': b'[ 50%] Building CXX object CMakeFiles/mtc_node.dir/src/mtc_node.cpp.o\n'}
[0.299521] (-) TimerEvent: {}
[0.399918] (-) TimerEvent: {}
[0.500234] (-) TimerEvent: {}
[0.600493] (-) TimerEvent: {}
[0.700756] (-) TimerEvent: {}
[0.801130] (-) TimerEvent: {}
[0.901582] (-) TimerEvent: {}
[1.001837] (-) TimerEvent: {}
[1.102112] (-) TimerEvent: {}
[1.202355] (-) TimerEvent: {}
[1.302620] (-) TimerEvent: {}
[1.402946] (-) TimerEvent: {}
[1.503224] (-) TimerEvent: {}
[1.603480] (-) TimerEvent: {}
[1.703824] (-) TimerEvent: {}
[1.804242] (-) TimerEvent: {}
[1.904509] (-) TimerEvent: {}
[2.004762] (-) TimerEvent: {}
[2.105055] (-) TimerEvent: {}
[2.205312] (-) TimerEvent: {}
[2.305562] (-) TimerEvent: {}
[2.405835] (-) TimerEvent: {}
[2.506132] (-) TimerEvent: {}
[2.606387] (-) TimerEvent: {}
[2.706627] (-) TimerEvent: {}
[2.806870] (-) TimerEvent: {}
[2.907154] (-) TimerEvent: {}
[3.007406] (-) TimerEvent: {}
[3.107653] (-) TimerEvent: {}
[3.207918] (-) TimerEvent: {}
[3.308231] (-) TimerEvent: {}
[3.408504] (-) TimerEvent: {}
[3.508765] (-) TimerEvent: {}
[3.609022] (-) TimerEvent: {}
[3.709292] (-) TimerEvent: {}
[3.809541] (-) TimerEvent: {}
[3.910008] (-) TimerEvent: {}
[4.010323] (-) TimerEvent: {}
[4.110587] (-) TimerEvent: {}
[4.210850] (-) TimerEvent: {}
[4.311118] (-) TimerEvent: {}
[4.411379] (-) TimerEvent: {}
[4.511626] (-) TimerEvent: {}
[4.611997] (-) TimerEvent: {}
[4.712285] (-) TimerEvent: {}
[4.812568] (-) TimerEvent: {}
[4.913131] (-) TimerEvent: {}
[5.013393] (-) TimerEvent: {}
[5.113727] (-) TimerEvent: {}
[5.214113] (-) TimerEvent: {}
[5.315603] (-) TimerEvent: {}
[5.415912] (-) TimerEvent: {}
[5.516333] (-) TimerEvent: {}
[5.616611] (-) TimerEvent: {}
[5.716895] (-) TimerEvent: {}
[5.817243] (-) TimerEvent: {}
[5.917872] (-) TimerEvent: {}
[6.018138] (-) TimerEvent: {}
[6.118428] (-) TimerEvent: {}
[6.218706] (-) TimerEvent: {}
[6.319090] (-) TimerEvent: {}
[6.420266] (-) TimerEvent: {}
[6.520495] (-) TimerEvent: {}
[6.620751] (-) TimerEvent: {}
[6.721102] (-) TimerEvent: {}
[6.821694] (-) TimerEvent: {}
[6.921995] (-) TimerEvent: {}
[7.022298] (-) TimerEvent: {}
[7.122561] (-) TimerEvent: {}
[7.223120] (-) TimerEvent: {}
[7.323367] (-) TimerEvent: {}
[7.423719] (-) TimerEvent: {}
[7.524247] (-) TimerEvent: {}
[7.624964] (-) TimerEvent: {}
[7.725258] (-) TimerEvent: {}
[7.825529] (-) TimerEvent: {}
[7.925827] (-) TimerEvent: {}
[8.026165] (-) TimerEvent: {}
[8.126451] (-) TimerEvent: {}
[8.226730] (-) TimerEvent: {}
[8.326986] (-) TimerEvent: {}
[8.427252] (-) TimerEvent: {}
[8.527501] (-) TimerEvent: {}
[8.627747] (-) TimerEvent: {}
[8.728068] (-) TimerEvent: {}
[8.828378] (-) TimerEvent: {}
[8.928750] (-) TimerEvent: {}
[9.029180] (-) TimerEvent: {}
[9.129472] (-) TimerEvent: {}
[9.229753] (-) TimerEvent: {}
[9.330231] (-) TimerEvent: {}
[9.430515] (-) TimerEvent: {}
[9.530758] (-) TimerEvent: {}
[9.631139] (-) TimerEvent: {}
[9.731521] (-) TimerEvent: {}
[9.831768] (-) TimerEvent: {}
[9.932064] (-) TimerEvent: {}
[10.032296] (-) TimerEvent: {}
[10.132552] (-) TimerEvent: {}
[10.232886] (-) TimerEvent: {}
[10.333172] (-) TimerEvent: {}
[10.433433] (-) TimerEvent: {}
[10.533720] (-) TimerEvent: {}
[10.633967] (-) TimerEvent: {}
[10.734239] (-) TimerEvent: {}
[10.834498] (-) TimerEvent: {}
[10.934728] (-) TimerEvent: {}
[11.034971] (-) TimerEvent: {}
[11.135286] (-) TimerEvent: {}
[11.235643] (-) TimerEvent: {}
[11.336011] (-) TimerEvent: {}
[11.436327] (-) TimerEvent: {}
[11.536629] (-) TimerEvent: {}
[11.636903] (-) TimerEvent: {}
[11.737254] (-) TimerEvent: {}
[11.837537] (-) TimerEvent: {}
[11.937795] (-) TimerEvent: {}
[12.038161] (-) TimerEvent: {}
[12.138538] (-) TimerEvent: {}
[12.238895] (-) TimerEvent: {}
[12.339238] (-) TimerEvent: {}
[12.439524] (-) TimerEvent: {}
[12.539975] (-) TimerEvent: {}
[12.640327] (-) TimerEvent: {}
[12.740642] (-) TimerEvent: {}
[12.840955] (-) TimerEvent: {}
[12.941223] (-) TimerEvent: {}
[13.041529] (-) TimerEvent: {}
[13.141878] (-) TimerEvent: {}
[13.242209] (-) TimerEvent: {}
[13.342556] (-) TimerEvent: {}
[13.443115] (-) TimerEvent: {}
[13.543421] (-) TimerEvent: {}
[13.643725] (-) TimerEvent: {}
[13.744047] (-) TimerEvent: {}
[13.844302] (-) TimerEvent: {}
[13.944604] (-) TimerEvent: {}
[14.044898] (-) TimerEvent: {}
[14.145223] (-) TimerEvent: {}
[14.245638] (-) TimerEvent: {}
[14.346087] (-) TimerEvent: {}
[14.446353] (-) TimerEvent: {}
[14.546630] (-) TimerEvent: {}
[14.646907] (-) TimerEvent: {}
[14.747220] (-) TimerEvent: {}
[14.847517] (-) TimerEvent: {}
[14.947793] (-) TimerEvent: {}
[15.048083] (-) TimerEvent: {}
[15.148356] (-) TimerEvent: {}
[15.248664] (-) TimerEvent: {}
[15.349136] (-) TimerEvent: {}
[15.450015] (-) TimerEvent: {}
[15.550292] (-) TimerEvent: {}
[15.650545] (-) TimerEvent: {}
[15.750948] (-) TimerEvent: {}
[15.851315] (-) TimerEvent: {}
[15.951667] (-) TimerEvent: {}
[16.052039] (-) TimerEvent: {}
[16.152506] (-) TimerEvent: {}
[16.252796] (-) TimerEvent: {}
[16.353386] (-) TimerEvent: {}
[16.453694] (-) TimerEvent: {}
[16.554099] (-) TimerEvent: {}
[16.654356] (-) TimerEvent: {}
[16.754630] (-) TimerEvent: {}
[16.854944] (-) TimerEvent: {}
[16.955230] (-) TimerEvent: {}
[17.055478] (-) TimerEvent: {}
[17.156049] (-) TimerEvent: {}
[17.256293] (-) TimerEvent: {}
[17.356548] (-) TimerEvent: {}
[17.456798] (-) TimerEvent: {}
[17.557078] (-) TimerEvent: {}
[17.657317] (-) TimerEvent: {}
[17.757570] (-) TimerEvent: {}
[17.857801] (-) TimerEvent: {}
[17.958418] (-) TimerEvent: {}
[18.058674] (-) TimerEvent: {}
[18.158964] (-) TimerEvent: {}
[18.259244] (-) TimerEvent: {}
[18.359489] (-) TimerEvent: {}
[18.459732] (-) TimerEvent: {}
[18.559959] (-) TimerEvent: {}
[18.660234] (-) TimerEvent: {}
[18.760480] (-) TimerEvent: {}
[18.860704] (-) TimerEvent: {}
[18.961003] (-) TimerEvent: {}
[19.061433] (-) TimerEvent: {}
[19.161682] (-) TimerEvent: {}
[19.261991] (-) TimerEvent: {}
[19.362247] (-) TimerEvent: {}
[19.462534] (-) TimerEvent: {}
[19.563102] (-) TimerEvent: {}
[19.663442] (-) TimerEvent: {}
[19.763696] (-) TimerEvent: {}
[19.863951] (-) TimerEvent: {}
[19.964208] (-) TimerEvent: {}
[20.064452] (-) TimerEvent: {}
[20.164707] (-) TimerEvent: {}
[20.265041] (-) TimerEvent: {}
[20.365455] (-) TimerEvent: {}
[20.465760] (-) TimerEvent: {}
[20.566090] (-) TimerEvent: {}
[20.666381] (-) TimerEvent: {}
[20.766668] (-) TimerEvent: {}
[20.866983] (-) TimerEvent: {}
[20.967255] (-) TimerEvent: {}
[21.067516] (-) TimerEvent: {}
[21.167798] (-) TimerEvent: {}
[21.268132] (-) TimerEvent: {}
[21.368468] (-) TimerEvent: {}
[21.468731] (-) TimerEvent: {}
[21.568986] (-) TimerEvent: {}
[21.669272] (-) TimerEvent: {}
[21.770214] (-) TimerEvent: {}
[21.870694] (-) TimerEvent: {}
[21.971099] (-) TimerEvent: {}
[22.071348] (-) TimerEvent: {}
[22.171603] (-) TimerEvent: {}
[22.271860] (-) TimerEvent: {}
[22.372117] (-) TimerEvent: {}
[22.472527] (-) TimerEvent: {}
[22.573088] (-) TimerEvent: {}
[22.673349] (-) TimerEvent: {}
[22.773590] (-) TimerEvent: {}
[22.873855] (-) TimerEvent: {}
[22.974123] (-) TimerEvent: {}
[23.074424] (-) TimerEvent: {}
[23.144679] (orion_mtc) StdoutLine: {'line': b'[100%] Linking CXX executable mtc_node\n'}
[23.174627] (-) TimerEvent: {}
[23.274889] (-) TimerEvent: {}
[23.375308] (-) TimerEvent: {}
[23.475570] (-) TimerEvent: {}
[23.575896] (-) TimerEvent: {}
[23.676177] (-) TimerEvent: {}
[23.776468] (-) TimerEvent: {}
[23.876760] (-) TimerEvent: {}
[23.977075] (-) TimerEvent: {}
[24.077350] (-) TimerEvent: {}
[24.177622] (-) TimerEvent: {}
[24.277884] (-) TimerEvent: {}
[24.378170] (-) TimerEvent: {}
[24.453257] (orion_mtc) StdoutLine: {'line': b'[100%] Built target mtc_node\n'}
[24.474805] (orion_mtc) CommandEnded: {'returncode': 0}
[24.475591] (orion_mtc) JobProgress: {'identifier': 'orion_mtc', 'progress': 'install'}
[24.478266] (-) TimerEvent: {}
[24.494278] (orion_mtc) Command: {'cmd': ['/usr/bin/cmake', '--install', '/home/huzy/My_orion/build/orion_mtc'], 'cwd': '/home/huzy/My_orion/build/orion_mtc', 'env': OrderedDict([('GJS_DEBUG_TOPICS', 'JS ERROR;JS LOG'), ('LESSOPEN', '| /usr/bin/lesspipe %s'), ('VSCODE_CWD', '/home/huzy'), ('CURSOR_EXTENSION_HOST_ROLE', 'agent-exec'), ('VSCODE_ESM_ENTRYPOINT', 'vs/workbench/api/node/extensionHostProcess'), ('LANGUAGE', 'zh_CN:en_AU:en_US:en'), ('USER', 'huzy'), ('LC_TIME', 'zh_CN.UTF-8'), ('VSCODE_NLS_CONFIG', '{"userLocale":"zh-cn","osLocale":"zh-cn","resolvedLanguage":"zh-cn","defaultMessagesFile":"/tmp/.mount_CursorUXtYWI/usr/share/cursor/resources/app/out/nls.messages.json","languagePack":{"translationsConfigFile":"/home/huzy/.config/Cursor/clp/3bfb7f1471a52e527cfc1587dd57c7c1.zh-cn/tcf.json","messagesFile":"/home/huzy/.config/Cursor/clp/3bfb7f1471a52e527cfc1587dd57c7c1.zh-cn/8c95649f251a168cc4bb34c89531fae7db4bd990/nls.messages.json","corruptMarkerFile":"/home/huzy/.config/Cursor/clp/3bfb7f1471a52e527cfc1587dd57c7c1.zh-cn/corrupted.info"},"locale":"zh-cn","availableLanguages":{"*":"zh-cn"},"_languagePackId":"3bfb7f1471a52e527cfc1587dd57c7c1.zh-cn","_languagePackSupport":true,"_translationsConfigFile":"/home/huzy/.config/Cursor/clp/3bfb7f1471a52e527cfc1587dd57c7c1.zh-cn/tcf.json","_cacheRoot":"/home/huzy/.config/Cursor/clp/3bfb7f1471a52e527cfc1587dd57c7c1.zh-cn","_resolvedLanguagePackCoreLocation":"/home/huzy/.config/Cursor/clp/3bfb7f1471a52e527cfc1587dd57c7c1.zh-cn/8c95649f251a168cc4bb34c89531fae7db4bd990","_corruptedFile":"/home/huzy/.config/Cursor/clp/3bfb7f1471a52e527cfc1587dd57c7c1.zh-cn/corrupted.info"}'), ('CI', '1'), ('VSCODE_HANDLES_UNCAUGHT_ERRORS', 'true'), ('XDG_SESSION_TYPE', 'wayland'), ('SHLVL', '1'), ('LD_LIBRARY_PATH', '/usr/lib/x86_64-linux-gnu/gazebo-11/plugins:/opt/ros/humble/opt/rviz_ogre_vendor/lib:/opt/ros/humble/lib/x86_64-linux-gnu:/opt/ros/humble/lib:/tmp/.mount_CursorUXtYWI/usr/lib/:/tmp/.mount_CursorUXtYWI/usr/lib32/:/tmp/.mount_CursorUXtYWI/usr/lib64/:/tmp/.mount_CursorUXtYWI/lib/:/tmp/.mount_CursorUXtYWI/lib/i386-linux-gnu/:/tmp/.mount_CursorUXtYWI/lib/x86_64-linux-gnu/:/tmp/.mount_CursorUXtYWI/lib/aarch64-linux-gnu/:/tmp/.mount_CursorUXtYWI/lib32/:/tmp/.mount_CursorUXtYWI/lib64/:'), ('HOME', '/home/huzy'), ('CHROME_DESKTOP', 'cursor.desktop'), ('APPDIR', '/tmp/.mount_CursorUXtYWI'), ('OLDPWD', '/home/huzy/My_orion'), ('DESKTOP_SESSION', 'ubuntu'), ('PERLLIB', '/tmp/.mount_CursorUXtYWI/usr/share/perl5/:/tmp/.mount_CursorUXtYWI/usr/lib/perl5/:'), ('VSCODE_IPC_HOOK', '/run/user/1000/vscode-294d73a8-2.6.-main.sock'), ('GIO_LAUNCHED_DESKTOP_FILE', '/home/huzy/.local/share/applications/cursor-ime.desktop'), ('ROS_PYTHON_VERSION', '3'), ('GNOME_SHELL_SESSION_MODE', 'ubuntu'), ('GTK_MODULES', 'gail:atk-bridge'), ('SDL_IM_MODULE', 'fcitx'), ('LC_MONETARY', 'zh_CN.UTF-8'), ('CURSOR_WORKSPACE_LABEL', 'My_orion'), ('MANAGERPID', '1530'), ('SYSTEMD_EXEC_PID', '1714'), ('IM_CONFIG_CHECK_ENV', '1'), ('NO_COLOR', '1'), ('DBUS_SESSION_BUS_ADDRESS', 'unix:path=/run/user/1000/bus'), ('GIO_LAUNCHED_DESKTOP_FILE_PID', '2990'), ('VSCODE_CRASH_REPORTER_PROCESS_TYPE', 'extensionHost'), ('IM_CONFIG_PHASE', '1'), ('WAYLAND_DISPLAY', 'wayland-0'), ('COLCON_PREFIX_PATH', '/home/huzy/My_orion/install'), ('ROS_DISTRO', 'humble'), ('GTK_IM_MODULE', 'fcitx'), ('LOGNAME', 'huzy'), ('FORCE_COLOR', '0'), ('OWD', '/home/huzy'), ('JOURNAL_STREAM', '8:25737'), ('_', '/usr/bin/colcon'), ('ROS_VERSION', '2'), ('XDG_SESSION_CLASS', 'user'), ('USERNAME', 'huzy'), ('TERM', 'dumb'), ('GNOME_DESKTOP_SESSION_ID', 'this-is-deprecated'), ('FC_FONTATIONS', '1'), ('ROS_LOCALHOST_ONLY', '0'), ('PATH', '/home/huzy/.local/bin:/home/huzy/bin:/home/huzy/bin:/home/huzy/.local/bin:/home/huzy/bin:/home/huzy/bin:/opt/ros/humble/bin:/tmp/.mount_CursorUXtYWI/usr/bin/:/tmp/.mount_CursorUXtYWI/usr/sbin/:/tmp/.mount_CursorUXtYWI/usr/games/:/tmp/.mount_CursorUXtYWI/bin/:/tmp/.mount_CursorUXtYWI/sbin/:/home/huzy/.local/bin:/home/huzy/bin:/usr/local/sbin:/usr/local/bin:/usr/sbin:/usr/bin:/sbin:/bin:/usr/games:/usr/local/games:/snap/bin:/snap/bin'), ('SESSION_MANAGER', 'local/huzy-virtual-machine:@/tmp/.ICE-unix/1679,unix/huzy-virtual-machine:/tmp/.ICE-unix/1679'), ('INVOCATION_ID', '826d726d6f664b3f89826df4c6724b2b'), ('PAPERSIZE', 'a4'), ('APPIMAGE', '/home/huzy/Downloads/Cursor-1.4.5-x86_64.AppImage'), ('XDG_MENU_PREFIX', 'gnome-'), ('LC_ADDRESS', 'zh_CN.UTF-8'), ('VSCODE_PROCESS_TITLE', 'extension-host (agent-exec) My_orion [1-3]'), ('GNOME_SETUP_DISPLAY', ':1'), ('XDG_RUNTIME_DIR', '/run/user/1000'), ('GDK_BACKEND', 'x11'), ('CURSOR_AGENT', '1'), ('DISPLAY', ':0'), ('LANG', 'zh_CN.UTF-8'), ('XDG_CURRENT_DESKTOP', 'ubuntu:GNOME'), ('LC_TELEPHONE', 'zh_CN.UTF-8'), ('XMODIFIERS', '@im=fcitx'), ('XDG_SESSION_DESKTOP', 'ubuntu'), ('XAUTHORITY', '/run/user/1000/.mutter-Xwaylandauth.LF0LL3'), ('LS_COLORS', ''), ('CURSOR_TRACE_ID', 'd42350f5f41c41808637c56825ce7e0d'), ('SSH_AGENT_LAUNCHER', 'gnome-keyring'), ('SSH_AUTH_SOCK', '/run/user/1000/keyring/ssh'), ('GSETTINGS_SCHEMA_DIR', '/tmp/.mount_CursorUXtYWI/usr/share/glib-2.0/schemas/:'), ('AMENT_PREFIX_PATH', '/home/huzy/My_orion/install/orion_pybullet_sim:/home/huzy/My_orion/install/orion_mtc:/home/huzy/My_orion/install/orion_moveit_config:/home/huzy/My_orion/install/orion_description:/opt/ros/humble'), ('SHELL', '/bin/bash'), ('LC_NAME', 'zh_CN.UTF-8'), ('ARGV0', '/home/huzy/Downloads/Cursor-1.4.5-x86_64.AppImage'), ('QT_ACCESSIBILITY', '1'), ('GDMSESSION', 'ubuntu'), ('LESSCLOSE', '/usr/bin/lesspipe %s %s'), ('LC_MEASUREMENT', 'zh_CN.UTF-8'), ('GJS_DEBUG_OUTPUT', 'stderr'), ('LC_IDENTIFICATION', 'zh_CN.UTF-8'), ('QT_IM_MODULE', 'fcitx'), ('PWD', '/home/huzy/My_orion/build/orion_mtc'), ('XDG_CONFIG_DIRS', '/etc/xdg/xdg-ubuntu:/etc/xdg'), ('VSCODE_CODE_CACHE_PATH', '/home/huzy/.config/Cursor/CachedData/8c95649f251a168cc4bb34c89531fae7db4bd990'), ('CLUTTER_IM_MODULE', 'fcitx'), ('XDG_DATA_DIRS', '/tmp/.mount_CursorUXtYWI/usr/share/:/usr/local/share:/usr/share:/usr/share/ubuntu:/usr/local/share/:/usr/share/:/var/lib/snapd/desktop'), ('PYTHONPATH', '/home/huzy/My_orion/install/orion_pybullet_sim/lib/python3.10/site-packages:/opt/ros/humble/lib/python3.10/site-packages:/opt/ros/humble/local/lib/python3.10/dist-packages'), ('LC_NUMERIC', 'zh_CN.UTF-8'), ('LC_PAPER', 'zh_CN.UTF-8'), ('QT_PLUGIN_PATH', '/tmp/.mount_CursorUXtYWI/usr/lib/qt4/plugins/:/tmp/.mount_CursorUXtYWI/usr/lib/i386-linux-gnu/qt4/plugins/:/tmp/.mount_CursorUXtYWI/usr/lib/x86_64-linux-gnu/qt4/plugins/:/tmp/.mount_CursorUXtYWI/usr/lib/aarch64-linux-gnu/qt4/plugins/:/tmp/.mount_CursorUXtYWI/usr/lib32/qt4/plugins/:/tmp/.mount_CursorUXtYWI/usr/lib64/qt4/plugins/:/tmp/.mount_CursorUXtYWI/usr/lib/qt5/plugins/:/tmp/.mount_CursorUXtYWI/usr/lib/i386-linux-gnu/qt5/plugins/:/tmp/.mount_CursorUXtYWI/usr/lib/x86_64-linux-gnu/qt5/plugins/:/tmp/.mount_CursorUXtYWI/usr/lib/aarch64-linux-gnu/qt5/plugins/:/tmp/.mount_CursorUXtYWI/usr/lib32/qt5/plugins/:/tmp/.mount_CursorUXtYWI/usr/lib64/qt5/plugins/:'), ('COLCON', '1'), ('_ZO_DOCTOR', '0'), ('CMAKE_PREFIX_PATH', '/home/huzy/My_orion/install/orion_moveit_config:/home/huzy/My_orion/install/orion_description:/home/huzy/My_orion/install/orion_mtc:/home/huzy/My_orion/install/orion_pybullet_sim:/opt/ros/humble'), ('VSCODE_PID', '2990')]), 'shell': False}
[24.513490] (orion_mtc) StdoutLine: {'line': b'-- Install configuration: ""\n'}
[24.513680] (orion_mtc) StdoutLine: {'line': b'-- Installing: /home/huzy/My_orion/install/orion_mtc/lib/orion_mtc/mtc_node\n'}
[24.520153] (orion_mtc) StdoutLine: {'line': b'-- Set runtime path of "/home/huzy/My_orion/install/orion_mtc/lib/orion_mtc/mtc_node" to ""\n'}
[24.520493] (orion_mtc) StdoutLine: {'line': b'-- Up-to-date: /home/huzy/My_orion/install/orion_mtc/share/orion_mtc/launch\n'}
[24.520541] (orion_mtc) StdoutLine: {'line': b'-- Up-to-date: /home/huzy/My_orion/install/orion_mtc/share/orion_mtc/launch/pick_place_pybullet.launch.py\n'}
[24.520579] (orion_mtc) StdoutLine: {'line': b'-- Up-to-date: /home/huzy/My_orion/install/orion_mtc/share/orion_mtc/config\n'}
[24.520615] (orion_mtc) StdoutLine: {'line': b'-- Installing: /home/huzy/My_orion/install/orion_mtc/share/orion_mtc/config/pick_place_params.yaml\n'}
[24.520649] (orion_mtc) StdoutLine: {'line': b'-- Up-to-date: /home/huzy/My_orion/install/orion_mtc/share/ament_index/resource_index/package_run_dependencies/orion_mtc\n'}
[24.520686] (orion_mtc) StdoutLine: {'line': b'-- Up-to-date: /home/huzy/My_orion/install/orion_mtc/share/ament_index/resource_index/parent_prefix_path/orion_mtc\n'}
[24.520800] (orion_mtc) StdoutLine: {'line': b'-- Up-to-date: /home/huzy/My_orion/install/orion_mtc/share/orion_mtc/environment/ament_prefix_path.sh\n'}
[24.520892] (orion_mtc) StdoutLine: {'line': b'-- Up-to-date: /home/huzy/My_orion/install/orion_mtc/share/orion_mtc/environment/ament_prefix_path.dsv\n'}
[24.520944] (orion_mtc) StdoutLine: {'line': b'-- Up-to-date: /home/huzy/My_orion/install/orion_mtc/share/orion_mtc/environment/path.sh\n'}
[24.520980] (orion_mtc) StdoutLine: {'line': b'-- Up-to-date: /home/huzy/My_orion/install/orion_mtc/share/orion_mtc/environment/path.dsv\n'}
[24.521016] (orion_mtc) StdoutLine: {'line': b'-- Up-to-date: /home/huzy/My_orion/install/orion_mtc/share/orion_mtc/local_setup.bash\n'}
[24.521052] (orion_mtc) StdoutLine: {'line': b'-- Up-to-date: /home/huzy/My_orion/install/orion_mtc/share/orion_mtc/local_setup.sh\n'}
[24.521090] (orion_mtc) StdoutLine: {'line': b'-- Up-to-date: /home/huzy/My_orion/install/orion_mtc/share/orion_mtc/local_setup.zsh\n'}
[24.521124] (orion_mtc) StdoutLine: {'line': b'-- Up-to-date: /home/huzy/My_orion/install/orion_mtc/share/orion_mtc/local_setup.dsv\n'}
[24.521246] (orion_mtc) StdoutLine: {'line': b'-- Installing: /home/huzy/My_orion/install/orion_mtc/share/orion_mtc/package.dsv\n'}
[24.521748] (orion_mtc) StdoutLine: {'line': b'-- Up-to-date: /home/huzy/My_orion/install/orion_mtc/share/ament_index/resource_index/packages/orion_mtc\n'}
[24.522143] (orion_mtc) StdoutLine: {'line': b'-- Up-to-date: /home/huzy/My_orion/install/orion_mtc/share/orion_mtc/cmake/orion_mtcConfig.cmake\n'}
[24.522221] (orion_mtc) StdoutLine: {'line': b'-- Up-to-date: /home/huzy/My_orion/install/orion_mtc/share/orion_mtc/cmake/orion_mtcConfig-version.cmake\n'}
[24.522259] (orion_mtc) StdoutLine: {'line': b'-- Up-to-date: /home/huzy/My_orion/install/orion_mtc/share/orion_mtc/package.xml\n'}
[24.522917] (orion_mtc) CommandEnded: {'returncode': 0}
[24.538379] (orion_mtc) JobEnded: {'identifier': 'orion_mtc', 'rc': 0}
[24.539184] (-) EventReactorShutdown: {}
