[0.051s] Invoking command in '/home/huzy/My_orion/build/orion_mtc': AMENT_PREFIX_PATH=/home/huzy/My_orion/install/orion_pybullet_sim:/home/huzy/My_orion/install/orion_mtc:/home/huzy/My_orion/install/orion_moveit_config:/home/huzy/My_orion/install/orion_description:/opt/ros/humble CMAKE_PREFIX_PATH=/home/huzy/My_orion/install/orion_moveit_config:/home/huzy/My_orion/install/orion_description:/home/huzy/My_orion/install/orion_mtc:/home/huzy/My_orion/install/orion_pybullet_sim:/opt/ros/humble /usr/bin/cmake --build /home/huzy/My_orion/build/orion_mtc -- -j8 -l8
[0.202s] Consolidate compiler generated dependencies of target mtc_node
[0.253s] [ 50%] Building CXX object CMakeFiles/mtc_node.dir/src/mtc_node.cpp.o
[12.831s] [100%] Linking CXX executable mtc_node
[13.450s] [100%] Built target mtc_node
[13.487s] Invoked command in '/home/huzy/My_orion/build/orion_mtc' returned '0': AMENT_PREFIX_PATH=/home/huzy/My_orion/install/orion_pybullet_sim:/home/huzy/My_orion/install/orion_mtc:/home/huzy/My_orion/install/orion_moveit_config:/home/huzy/My_orion/install/orion_description:/opt/ros/humble CMAKE_PREFIX_PATH=/home/huzy/My_orion/install/orion_moveit_config:/home/huzy/My_orion/install/orion_description:/home/huzy/My_orion/install/orion_mtc:/home/huzy/My_orion/install/orion_pybullet_sim:/opt/ros/humble /usr/bin/cmake --build /home/huzy/My_orion/build/orion_mtc -- -j8 -l8
[13.520s] Invoking command in '/home/huzy/My_orion/build/orion_mtc': AMENT_PREFIX_PATH=/home/huzy/My_orion/install/orion_pybullet_sim:/home/huzy/My_orion/install/orion_mtc:/home/huzy/My_orion/install/orion_moveit_config:/home/huzy/My_orion/install/orion_description:/opt/ros/humble CMAKE_PREFIX_PATH=/home/huzy/My_orion/install/orion_moveit_config:/home/huzy/My_orion/install/orion_description:/home/huzy/My_orion/install/orion_mtc:/home/huzy/My_orion/install/orion_pybullet_sim:/opt/ros/humble /usr/bin/cmake --install /home/huzy/My_orion/build/orion_mtc
[13.545s] -- Install configuration: ""
[13.546s] -- Execute custom install script
[13.546s] -- Up-to-date symlink: /home/huzy/My_orion/install/orion_mtc/lib/orion_mtc/mtc_node
[13.546s] -- Up-to-date symlink: /home/huzy/My_orion/install/orion_mtc/share/orion_mtc/launch/pick_place_demo.launch.py
[13.546s] -- Up-to-date symlink: /home/huzy/My_orion/install/orion_mtc/share/orion_mtc/launch/pick_place_pybullet.launch.py
[13.547s] -- Up-to-date symlink: /home/huzy/My_orion/install/orion_mtc/share/ament_index/resource_index/package_run_dependencies/orion_mtc
[13.547s] -- Up-to-date symlink: /home/huzy/My_orion/install/orion_mtc/share/ament_index/resource_index/parent_prefix_path/orion_mtc
[13.547s] -- Up-to-date symlink: /home/huzy/My_orion/install/orion_mtc/share/orion_mtc/environment/ament_prefix_path.sh
[13.547s] -- Up-to-date symlink: /home/huzy/My_orion/install/orion_mtc/share/orion_mtc/environment/ament_prefix_path.dsv
[13.547s] -- Up-to-date symlink: /home/huzy/My_orion/install/orion_mtc/share/orion_mtc/environment/path.sh
[13.548s] -- Up-to-date symlink: /home/huzy/My_orion/install/orion_mtc/share/orion_mtc/environment/path.dsv
[13.548s] -- Up-to-date symlink: /home/huzy/My_orion/install/orion_mtc/share/orion_mtc/local_setup.bash
[13.548s] -- Up-to-date symlink: /home/huzy/My_orion/install/orion_mtc/share/orion_mtc/local_setup.sh
[13.548s] -- Up-to-date symlink: /home/huzy/My_orion/install/orion_mtc/share/orion_mtc/local_setup.zsh
[13.548s] -- Up-to-date symlink: /home/huzy/My_orion/install/orion_mtc/share/orion_mtc/local_setup.dsv
[13.548s] -- Symlinking: /home/huzy/My_orion/install/orion_mtc/share/orion_mtc/package.dsv
[13.572s] -- Up-to-date symlink: /home/huzy/My_orion/install/orion_mtc/share/ament_index/resource_index/packages/orion_mtc
[13.572s] -- Up-to-date symlink: /home/huzy/My_orion/install/orion_mtc/share/orion_mtc/cmake/orion_mtcConfig.cmake
[13.572s] -- Up-to-date symlink: /home/huzy/My_orion/install/orion_mtc/share/orion_mtc/cmake/orion_mtcConfig-version.cmake
[13.572s] -- Up-to-date symlink: /home/huzy/My_orion/install/orion_mtc/share/orion_mtc/package.xml
[13.574s] Invoked command in '/home/huzy/My_orion/build/orion_mtc' returned '0': AMENT_PREFIX_PATH=/home/huzy/My_orion/install/orion_pybullet_sim:/home/huzy/My_orion/install/orion_mtc:/home/huzy/My_orion/install/orion_moveit_config:/home/huzy/My_orion/install/orion_description:/opt/ros/humble CMAKE_PREFIX_PATH=/home/huzy/My_orion/install/orion_moveit_config:/home/huzy/My_orion/install/orion_description:/home/huzy/My_orion/install/orion_mtc:/home/huzy/My_orion/install/orion_pybullet_sim:/opt/ros/humble /usr/bin/cmake --install /home/huzy/My_orion/build/orion_mtc
