[0.000000] (-) TimerEvent: {}
[0.000321] (-) JobUnselected: {'identifier': 'orion_description'}
[0.000545] (-) JobUnselected: {'identifier': 'orion_moveit_config'}
[0.000847] (-) JobUnselected: {'identifier': 'orion_pybullet_sim'}
[0.000892] (orion_mtc) JobQueued: {'identifier': 'orion_mtc', 'dependencies': OrderedDict([('orion_description', '/home/huzy/My_orion/install/orion_description'), ('orion_moveit_config', '/home/huzy/My_orion/install/orion_moveit_config'), ('orion_pybullet_sim', '/home/huzy/My_orion/install/orion_pybullet_sim')])}
[0.000933] (orion_mtc) JobStarted: {'identifier': 'orion_mtc'}
[0.032099] (orion_mtc) JobProgress: {'identifier': 'orion_mtc', 'progress': 'cmake'}
[0.032936] (orion_mtc) JobProgress: {'identifier': 'orion_mtc', 'progress': 'build'}
[0.034362] (orion_mtc) Command: {'cmd': ['/usr/bin/cmake', '--build', '/home/huzy/My_orion/build/orion_mtc', '--', '-j8', '-l8'], 'cwd': '/home/huzy/My_orion/build/orion_mtc', 'env': OrderedDict([('GJS_DEBUG_TOPICS', 'JS ERROR;JS LOG'), ('LESSOPEN', '| /usr/bin/lesspipe %s'), ('VSCODE_CWD', '/home/huzy'), ('CURSOR_EXTENSION_HOST_ROLE', 'agent-exec'), ('VSCODE_ESM_ENTRYPOINT', 'vs/workbench/api/node/extensionHostProcess'), ('LANGUAGE', 'zh_CN:en_AU:en_US:en'), ('USER', 'huzy'), ('LC_TIME', 'zh_CN.UTF-8'), ('VSCODE_NLS_CONFIG', '{"userLocale":"zh-cn","osLocale":"zh-cn","resolvedLanguage":"zh-cn","defaultMessagesFile":"/tmp/.mount_CursoriSs0re/usr/share/cursor/resources/app/out/nls.messages.json","languagePack":{"translationsConfigFile":"/home/huzy/.config/Cursor/clp/3bfb7f1471a52e527cfc1587dd57c7c1.zh-cn/tcf.json","messagesFile":"/home/huzy/.config/Cursor/clp/3bfb7f1471a52e527cfc1587dd57c7c1.zh-cn/7d96c2a03bb088ad367615e9da1a3fe20fbbc6a0/nls.messages.json","corruptMarkerFile":"/home/huzy/.config/Cursor/clp/3bfb7f1471a52e527cfc1587dd57c7c1.zh-cn/corrupted.info"},"locale":"zh-cn","availableLanguages":{"*":"zh-cn"},"_languagePackId":"3bfb7f1471a52e527cfc1587dd57c7c1.zh-cn","_languagePackSupport":true,"_translationsConfigFile":"/home/huzy/.config/Cursor/clp/3bfb7f1471a52e527cfc1587dd57c7c1.zh-cn/tcf.json","_cacheRoot":"/home/huzy/.config/Cursor/clp/3bfb7f1471a52e527cfc1587dd57c7c1.zh-cn","_resolvedLanguagePackCoreLocation":"/home/huzy/.config/Cursor/clp/3bfb7f1471a52e527cfc1587dd57c7c1.zh-cn/7d96c2a03bb088ad367615e9da1a3fe20fbbc6a0","_corruptedFile":"/home/huzy/.config/Cursor/clp/3bfb7f1471a52e527cfc1587dd57c7c1.zh-cn/corrupted.info"}'), ('CI', '1'), ('VSCODE_HANDLES_UNCAUGHT_ERRORS', 'true'), ('XDG_SESSION_TYPE', 'wayland'), ('SHLVL', '1'), ('LD_LIBRARY_PATH', '/usr/lib/x86_64-linux-gnu/gazebo-11/plugins:/opt/ros/humble/opt/rviz_ogre_vendor/lib:/opt/ros/humble/lib/x86_64-linux-gnu:/opt/ros/humble/lib:/tmp/.mount_CursoriSs0re/usr/lib/:/tmp/.mount_CursoriSs0re/usr/lib32/:/tmp/.mount_CursoriSs0re/usr/lib64/:/tmp/.mount_CursoriSs0re/lib/:/tmp/.mount_CursoriSs0re/lib/i386-linux-gnu/:/tmp/.mount_CursoriSs0re/lib/x86_64-linux-gnu/:/tmp/.mount_CursoriSs0re/lib/aarch64-linux-gnu/:/tmp/.mount_CursoriSs0re/lib32/:/tmp/.mount_CursoriSs0re/lib64/:'), ('HOME', '/home/huzy'), ('CHROME_DESKTOP', 'cursor.desktop'), ('APPDIR', '/tmp/.mount_CursoriSs0re'), ('OLDPWD', '/home/huzy/My_orion'), ('DESKTOP_SESSION', 'ubuntu'), ('PERLLIB', '/tmp/.mount_CursoriSs0re/usr/share/perl5/:/tmp/.mount_CursoriSs0re/usr/lib/perl5/:'), ('VSCODE_IPC_HOOK', '/run/user/1000/vscode-294d73a8-2.5.-main.sock'), ('GIO_LAUNCHED_DESKTOP_FILE', '/home/huzy/.local/share/applications/cursor-ime.desktop'), ('ROS_PYTHON_VERSION', '3'), ('GNOME_SHELL_SESSION_MODE', 'ubuntu'), ('GTK_MODULES', 'gail:atk-bridge'), ('SDL_IM_MODULE', 'fcitx'), ('LC_MONETARY', 'zh_CN.UTF-8'), ('MANAGERPID', '1541'), ('SYSTEMD_EXEC_PID', '1709'), ('IM_CONFIG_CHECK_ENV', '1'), ('NO_COLOR', '1'), ('DBUS_SESSION_BUS_ADDRESS', 'unix:path=/run/user/1000/bus'), ('GIO_LAUNCHED_DESKTOP_FILE_PID', '3264'), ('VSCODE_CRASH_REPORTER_PROCESS_TYPE', 'extensionHost'), ('IM_CONFIG_PHASE', '1'), ('WAYLAND_DISPLAY', 'wayland-0'), ('COLCON_PREFIX_PATH', '/home/huzy/My_orion/install'), ('ROS_DISTRO', 'humble'), ('GTK_IM_MODULE', 'fcitx'), ('LOGNAME', 'huzy'), ('FORCE_COLOR', '0'), ('OWD', '/home/huzy'), ('JOURNAL_STREAM', '8:22044'), ('_', '/usr/bin/colcon'), ('ROS_VERSION', '2'), ('XDG_SESSION_CLASS', 'user'), ('USERNAME', 'huzy'), ('TERM', 'dumb'), ('GNOME_DESKTOP_SESSION_ID', 'this-is-deprecated'), ('FC_FONTATIONS', '1'), ('ROS_LOCALHOST_ONLY', '0'), ('PATH', '/home/huzy/.local/bin:/home/huzy/bin:/home/huzy/bin:/home/huzy/.local/bin:/home/huzy/bin:/home/huzy/bin:/opt/ros/humble/bin:/tmp/.mount_CursoriSs0re/usr/bin/:/tmp/.mount_CursoriSs0re/usr/sbin/:/tmp/.mount_CursoriSs0re/usr/games/:/tmp/.mount_CursoriSs0re/bin/:/tmp/.mount_CursoriSs0re/sbin/:/home/huzy/.local/bin:/home/huzy/bin:/usr/local/sbin:/usr/local/bin:/usr/sbin:/usr/bin:/sbin:/bin:/usr/games:/usr/local/games:/snap/bin:/snap/bin'), ('SESSION_MANAGER', 'local/huzy-virtual-machine:@/tmp/.ICE-unix/1675,unix/huzy-virtual-machine:/tmp/.ICE-unix/1675'), ('INVOCATION_ID', 'a2601410a8d14920833ed6807e68bc15'), ('PAPERSIZE', 'a4'), ('APPIMAGE', '/home/huzy/Downloads/Cursor-1.4.5-x86_64.AppImage'), ('XDG_MENU_PREFIX', 'gnome-'), ('LC_ADDRESS', 'zh_CN.UTF-8'), ('VSCODE_PROCESS_TITLE', 'extension-host (agent-exec) [1-6]'), ('GNOME_SETUP_DISPLAY', ':1'), ('XDG_RUNTIME_DIR', '/run/user/1000'), ('GDK_BACKEND', 'x11'), ('CURSOR_AGENT', '1'), ('DISPLAY', ':0'), ('LANG', 'zh_CN.UTF-8'), ('XDG_CURRENT_DESKTOP', 'ubuntu:GNOME'), ('LC_TELEPHONE', 'zh_CN.UTF-8'), ('XMODIFIERS', '@im=fcitx'), ('XDG_SESSION_DESKTOP', 'ubuntu'), ('XAUTHORITY', '/run/user/1000/.mutter-Xwaylandauth.4ZVTL3'), ('LS_COLORS', ''), ('CURSOR_TRACE_ID', '2ac507847837424d9bf65893652cc69d'), ('SSH_AGENT_LAUNCHER', 'gnome-keyring'), ('SSH_AUTH_SOCK', '/run/user/1000/keyring/ssh'), ('GSETTINGS_SCHEMA_DIR', '/tmp/.mount_CursoriSs0re/usr/share/glib-2.0/schemas/:'), ('AMENT_PREFIX_PATH', '/home/huzy/My_orion/install/orion_pybullet_sim:/home/huzy/My_orion/install/orion_mtc:/home/huzy/My_orion/install/orion_moveit_config:/home/huzy/My_orion/install/orion_description:/opt/ros/humble'), ('SHELL', '/bin/bash'), ('LC_NAME', 'zh_CN.UTF-8'), ('ARGV0', '/home/huzy/Downloads/Cursor-1.4.5-x86_64.AppImage'), ('QT_ACCESSIBILITY', '1'), ('GDMSESSION', 'ubuntu'), ('LESSCLOSE', '/usr/bin/lesspipe %s %s'), ('LC_MEASUREMENT', 'zh_CN.UTF-8'), ('GJS_DEBUG_OUTPUT', 'stderr'), ('LC_IDENTIFICATION', 'zh_CN.UTF-8'), ('QT_IM_MODULE', 'fcitx'), ('PWD', '/home/huzy/My_orion/build/orion_mtc'), ('XDG_CONFIG_DIRS', '/etc/xdg/xdg-ubuntu:/etc/xdg'), ('VSCODE_CODE_CACHE_PATH', '/home/huzy/.config/Cursor/CachedData/7d96c2a03bb088ad367615e9da1a3fe20fbbc6a0'), ('CLUTTER_IM_MODULE', 'fcitx'), ('XDG_DATA_DIRS', '/tmp/.mount_CursoriSs0re/usr/share/:/usr/local/share:/usr/share:/usr/share/ubuntu:/usr/local/share/:/usr/share/:/var/lib/snapd/desktop'), ('PYTHONPATH', '/home/huzy/My_orion/install/orion_pybullet_sim/lib/python3.10/site-packages:/opt/ros/humble/lib/python3.10/site-packages:/opt/ros/humble/local/lib/python3.10/dist-packages'), ('LC_NUMERIC', 'zh_CN.UTF-8'), ('LC_PAPER', 'zh_CN.UTF-8'), ('QT_PLUGIN_PATH', '/tmp/.mount_CursoriSs0re/usr/lib/qt4/plugins/:/tmp/.mount_CursoriSs0re/usr/lib/i386-linux-gnu/qt4/plugins/:/tmp/.mount_CursoriSs0re/usr/lib/x86_64-linux-gnu/qt4/plugins/:/tmp/.mount_CursoriSs0re/usr/lib/aarch64-linux-gnu/qt4/plugins/:/tmp/.mount_CursoriSs0re/usr/lib32/qt4/plugins/:/tmp/.mount_CursoriSs0re/usr/lib64/qt4/plugins/:/tmp/.mount_CursoriSs0re/usr/lib/qt5/plugins/:/tmp/.mount_CursoriSs0re/usr/lib/i386-linux-gnu/qt5/plugins/:/tmp/.mount_CursoriSs0re/usr/lib/x86_64-linux-gnu/qt5/plugins/:/tmp/.mount_CursoriSs0re/usr/lib/aarch64-linux-gnu/qt5/plugins/:/tmp/.mount_CursoriSs0re/usr/lib32/qt5/plugins/:/tmp/.mount_CursoriSs0re/usr/lib64/qt5/plugins/:'), ('COLCON', '1'), ('_ZO_DOCTOR', '0'), ('CMAKE_PREFIX_PATH', '/home/huzy/My_orion/install/orion_moveit_config:/home/huzy/My_orion/install/orion_description:/home/huzy/My_orion/install/orion_mtc:/home/huzy/My_orion/install/orion_pybullet_sim:/opt/ros/humble'), ('VSCODE_PID', '3264')]), 'shell': False}
[0.099472] (-) TimerEvent: {}
[0.199811] (-) TimerEvent: {}
[0.300174] (-) TimerEvent: {}
[0.362989] (orion_mtc) StdoutLine: {'line': b'Consolidate compiler generated dependencies of target mtc_node\n'}
[0.400328] (-) TimerEvent: {}
[0.404862] (orion_mtc) StdoutLine: {'line': b'[ 50%] Building CXX object CMakeFiles/mtc_node.dir/src/mtc_node.cpp.o\n'}
[0.500596] (-) TimerEvent: {}
[0.600928] (-) TimerEvent: {}
[0.701360] (-) TimerEvent: {}
[0.801800] (-) TimerEvent: {}
[0.902119] (-) TimerEvent: {}
[1.002506] (-) TimerEvent: {}
[1.102837] (-) TimerEvent: {}
[1.203118] (-) TimerEvent: {}
[1.303415] (-) TimerEvent: {}
[1.403887] (-) TimerEvent: {}
[1.504214] (-) TimerEvent: {}
[1.604544] (-) TimerEvent: {}
[1.704905] (-) TimerEvent: {}
[1.805207] (-) TimerEvent: {}
[1.905563] (-) TimerEvent: {}
[2.005864] (-) TimerEvent: {}
[2.106177] (-) TimerEvent: {}
[2.206527] (-) TimerEvent: {}
[2.306808] (-) TimerEvent: {}
[2.407148] (-) TimerEvent: {}
[2.507566] (-) TimerEvent: {}
[2.607895] (-) TimerEvent: {}
[2.708218] (-) TimerEvent: {}
[2.808548] (-) TimerEvent: {}
[2.908912] (-) TimerEvent: {}
[3.009243] (-) TimerEvent: {}
[3.109627] (-) TimerEvent: {}
[3.209942] (-) TimerEvent: {}
[3.310294] (-) TimerEvent: {}
[3.410864] (-) TimerEvent: {}
[3.511155] (-) TimerEvent: {}
[3.611467] (-) TimerEvent: {}
[3.711751] (-) TimerEvent: {}
[3.812050] (-) TimerEvent: {}
[3.912376] (-) TimerEvent: {}
[4.012715] (-) TimerEvent: {}
[4.113049] (-) TimerEvent: {}
[4.213356] (-) TimerEvent: {}
[4.313670] (-) TimerEvent: {}
[4.413924] (-) TimerEvent: {}
[4.514193] (-) TimerEvent: {}
[4.614524] (-) TimerEvent: {}
[4.715013] (-) TimerEvent: {}
[4.815319] (-) TimerEvent: {}
[4.915625] (-) TimerEvent: {}
[5.015905] (-) TimerEvent: {}
[5.116204] (-) TimerEvent: {}
[5.216524] (-) TimerEvent: {}
[5.316972] (-) TimerEvent: {}
[5.417263] (-) TimerEvent: {}
[5.517550] (-) TimerEvent: {}
[5.617871] (-) TimerEvent: {}
[5.632318] (orion_mtc) StderrLine: {'line': b'/home/huzy/My_orion/src/orion_mtc/src/mtc_node.cpp: In member function \xe2\x80\x98void OrionMTCTaskNode::applyAllowCollisionObjectHand()\xe2\x80\x99:\n'}
[5.632627] (orion_mtc) StderrLine: {'line': b'/home/huzy/My_orion/src/orion_mtc/src/mtc_node.cpp:192:14: error: \xe2\x80\x98using PlanningScene = struct moveit_msgs::msg::PlanningScene_<std::allocator<void> >\xe2\x80\x99 {aka \xe2\x80\x98struct moveit_msgs::msg::PlanningScene_<std::allocator<void> >\xe2\x80\x99} has no member named \xe2\x80\x98header\xe2\x80\x99\n'}
[5.632680] (orion_mtc) StderrLine: {'line': b'  192 |   scene_diff.header.stamp = node_->now();\n'}
[5.632717] (orion_mtc) StderrLine: {'line': b'      |              ^~~~~~\n'}
[5.632752] (orion_mtc) StderrLine: {'line': b'/home/huzy/My_orion/src/orion_mtc/src/mtc_node.cpp:193:14: error: \xe2\x80\x98using PlanningScene = struct moveit_msgs::msg::PlanningScene_<std::allocator<void> >\xe2\x80\x99 {aka \xe2\x80\x98struct moveit_msgs::msg::PlanningScene_<std::allocator<void> >\xe2\x80\x99} has no member named \xe2\x80\x98header\xe2\x80\x99\n'}
[5.632787] (orion_mtc) StderrLine: {'line': b'  193 |   scene_diff.header.frame_id = "base_link";\n'}
[5.632822] (orion_mtc) StderrLine: {'line': b'      |              ^~~~~~\n'}
[5.718023] (-) TimerEvent: {}
[5.818386] (-) TimerEvent: {}
[5.918810] (-) TimerEvent: {}
[6.019108] (-) TimerEvent: {}
[6.119429] (-) TimerEvent: {}
[6.219723] (-) TimerEvent: {}
[6.320008] (-) TimerEvent: {}
[6.420301] (-) TimerEvent: {}
[6.520730] (-) TimerEvent: {}
[6.621075] (-) TimerEvent: {}
[6.721423] (-) TimerEvent: {}
[6.821734] (-) TimerEvent: {}
[6.922048] (-) TimerEvent: {}
[7.022369] (-) TimerEvent: {}
[7.122721] (-) TimerEvent: {}
[7.223036] (-) TimerEvent: {}
[7.323350] (-) TimerEvent: {}
[7.423730] (-) TimerEvent: {}
[7.524075] (-) TimerEvent: {}
[7.624464] (-) TimerEvent: {}
[7.724833] (-) TimerEvent: {}
[7.825248] (-) TimerEvent: {}
[7.925652] (-) TimerEvent: {}
[8.026038] (-) TimerEvent: {}
[8.126340] (-) TimerEvent: {}
[8.226688] (-) TimerEvent: {}
[8.326974] (-) TimerEvent: {}
[8.427279] (-) TimerEvent: {}
[8.527623] (-) TimerEvent: {}
[8.627942] (-) TimerEvent: {}
[8.728321] (-) TimerEvent: {}
[8.828650] (-) TimerEvent: {}
[8.928944] (-) TimerEvent: {}
[9.029281] (-) TimerEvent: {}
[9.129558] (-) TimerEvent: {}
[9.229879] (-) TimerEvent: {}
[9.330210] (-) TimerEvent: {}
[9.430562] (-) TimerEvent: {}
[9.530916] (-) TimerEvent: {}
[9.631215] (-) TimerEvent: {}
[9.731518] (-) TimerEvent: {}
[9.831804] (-) TimerEvent: {}
[9.932152] (-) TimerEvent: {}
[10.032599] (-) TimerEvent: {}
[10.133054] (-) TimerEvent: {}
[10.233326] (-) TimerEvent: {}
[10.333711] (-) TimerEvent: {}
[10.434040] (-) TimerEvent: {}
[10.535493] (-) TimerEvent: {}
[10.635784] (-) TimerEvent: {}
[10.736064] (-) TimerEvent: {}
[10.781256] (orion_mtc) StderrLine: {'line': b'gmake[2]: *** [CMakeFiles/mtc_node.dir/build.make:76\xef\xbc\x9aCMakeFiles/mtc_node.dir/src/mtc_node.cpp.o] \xe9\x94\x99\xe8\xaf\xaf 1\n'}
[10.781764] (orion_mtc) StderrLine: {'line': b'gmake[1]: *** [CMakeFiles/Makefile2:137\xef\xbc\x9aCMakeFiles/mtc_node.dir/all] \xe9\x94\x99\xe8\xaf\xaf 2\n'}
[10.782557] (orion_mtc) StderrLine: {'line': b'gmake: *** [Makefile:146\xef\xbc\x9aall] \xe9\x94\x99\xe8\xaf\xaf 2\n'}
[10.784496] (orion_mtc) CommandEnded: {'returncode': 2}
[10.795688] (orion_mtc) JobEnded: {'identifier': 'orion_mtc', 'rc': 2}
[10.806729] (-) EventReactorShutdown: {}
