[0.460s] Invoking command in '/home/huzy/My_orion/src/orion_pybullet_sim': CMAKE_PREFIX_PATH=/home/huzy/My_orion/install/orion_moveit_config:/home/huzy/My_orion/install/orion_description:/home/huzy/My_orion/install/orion_mtc PYTHONPATH=/home/huzy/My_orion/build/orion_pybullet_sim/prefix_override:/usr/lib/python3/dist-packages/colcon_core/task/python/colcon_distutils_commands:/home/huzy/My_orion/install/orion_pybullet_sim/lib/python3.10/site-packages:${PYTHONPATH} /usr/bin/python3 -W ignore:setup.py install is deprecated -W ignore:easy_install command is deprecated setup.py egg_info --egg-base ../../build/orion_pybullet_sim build --build-base /home/huzy/My_orion/build/orion_pybullet_sim/build install --record /home/huzy/My_orion/build/orion_pybullet_sim/install.log --single-version-externally-managed install_data
[0.625s] running egg_info
[0.625s] writing ../../build/orion_pybullet_sim/orion_pybullet_sim.egg-info/PKG-INFO
[0.626s] writing dependency_links to ../../build/orion_pybullet_sim/orion_pybullet_sim.egg-info/dependency_links.txt
[0.626s] writing entry points to ../../build/orion_pybullet_sim/orion_pybullet_sim.egg-info/entry_points.txt
[0.626s] writing requirements to ../../build/orion_pybullet_sim/orion_pybullet_sim.egg-info/requires.txt
[0.627s] writing top-level names to ../../build/orion_pybullet_sim/orion_pybullet_sim.egg-info/top_level.txt
[0.628s] reading manifest file '../../build/orion_pybullet_sim/orion_pybullet_sim.egg-info/SOURCES.txt'
[0.628s] writing manifest file '../../build/orion_pybullet_sim/orion_pybullet_sim.egg-info/SOURCES.txt'
[0.629s] running build
[0.629s] running build_py
[0.629s] running install
[0.629s] running install_lib
[0.630s] running install_data
[0.630s] running install_egg_info
[0.631s] removing '/home/huzy/My_orion/install/orion_pybullet_sim/lib/python3.10/site-packages/orion_pybullet_sim-0.0.1-py3.10.egg-info' (and everything under it)
[0.631s] Copying ../../build/orion_pybullet_sim/orion_pybullet_sim.egg-info to /home/huzy/My_orion/install/orion_pybullet_sim/lib/python3.10/site-packages/orion_pybullet_sim-0.0.1-py3.10.egg-info
[0.632s] running install_scripts
[0.647s] Installing pybullet_controller script to /home/huzy/My_orion/install/orion_pybullet_sim/lib/orion_pybullet_sim
[0.647s] writing list of installed files to '/home/huzy/My_orion/build/orion_pybullet_sim/install.log'
[0.668s] Invoked command in '/home/huzy/My_orion/src/orion_pybullet_sim' returned '0': CMAKE_PREFIX_PATH=/home/huzy/My_orion/install/orion_moveit_config:/home/huzy/My_orion/install/orion_description:/home/huzy/My_orion/install/orion_mtc PYTHONPATH=/home/huzy/My_orion/build/orion_pybullet_sim/prefix_override:/usr/lib/python3/dist-packages/colcon_core/task/python/colcon_distutils_commands:/home/huzy/My_orion/install/orion_pybullet_sim/lib/python3.10/site-packages:${PYTHONPATH} /usr/bin/python3 -W ignore:setup.py install is deprecated -W ignore:easy_install command is deprecated setup.py egg_info --egg-base ../../build/orion_pybullet_sim build --build-base /home/huzy/My_orion/build/orion_pybullet_sim/build install --record /home/huzy/My_orion/build/orion_pybullet_sim/install.log --single-version-externally-managed install_data
