running egg_info
creating ../../build/orion_pybullet_sim/orion_pybullet_sim.egg-info
writing ../../build/orion_pybullet_sim/orion_pybullet_sim.egg-info/PKG-INFO
writing dependency_links to ../../build/orion_pybullet_sim/orion_pybullet_sim.egg-info/dependency_links.txt
writing entry points to ../../build/orion_pybullet_sim/orion_pybullet_sim.egg-info/entry_points.txt
writing requirements to ../../build/orion_pybullet_sim/orion_pybullet_sim.egg-info/requires.txt
writing top-level names to ../../build/orion_pybullet_sim/orion_pybullet_sim.egg-info/top_level.txt
writing manifest file '../../build/orion_pybullet_sim/orion_pybullet_sim.egg-info/SOURCES.txt'
reading manifest file '../../build/orion_pybullet_sim/orion_pybullet_sim.egg-info/SOURCES.txt'
writing manifest file '../../build/orion_pybullet_sim/orion_pybullet_sim.egg-info/SOURCES.txt'
running build
running build_py
creating /home/huzy/My_orion/build/orion_pybullet_sim/build
creating /home/huzy/My_orion/build/orion_pybullet_sim/build/lib
creating /home/huzy/My_orion/build/orion_pybullet_sim/build/lib/orion_pybullet_sim
copying orion_pybullet_sim/pybullet_controller_node.py -> /home/huzy/My_orion/build/orion_pybullet_sim/build/lib/orion_pybullet_sim
copying orion_pybullet_sim/__init__.py -> /home/huzy/My_orion/build/orion_pybullet_sim/build/lib/orion_pybullet_sim
running install
running install_lib
creating /home/huzy/My_orion/install/orion_pybullet_sim/lib/python3.10/site-packages/orion_pybullet_sim
copying /home/huzy/My_orion/build/orion_pybullet_sim/build/lib/orion_pybullet_sim/pybullet_controller_node.py -> /home/huzy/My_orion/install/orion_pybullet_sim/lib/python3.10/site-packages/orion_pybullet_sim
copying /home/huzy/My_orion/build/orion_pybullet_sim/build/lib/orion_pybullet_sim/__init__.py -> /home/huzy/My_orion/install/orion_pybullet_sim/lib/python3.10/site-packages/orion_pybullet_sim
byte-compiling /home/huzy/My_orion/install/orion_pybullet_sim/lib/python3.10/site-packages/orion_pybullet_sim/pybullet_controller_node.py to pybullet_controller_node.cpython-310.pyc
byte-compiling /home/huzy/My_orion/install/orion_pybullet_sim/lib/python3.10/site-packages/orion_pybullet_sim/__init__.py to __init__.cpython-310.pyc
running install_data
creating /home/huzy/My_orion/install/orion_pybullet_sim/share/ament_index
creating /home/huzy/My_orion/install/orion_pybullet_sim/share/ament_index/resource_index
creating /home/huzy/My_orion/install/orion_pybullet_sim/share/ament_index/resource_index/packages
copying resource/orion_pybullet_sim -> /home/huzy/My_orion/install/orion_pybullet_sim/share/ament_index/resource_index/packages
copying package.xml -> /home/huzy/My_orion/install/orion_pybullet_sim/share/orion_pybullet_sim
creating /home/huzy/My_orion/install/orion_pybullet_sim/share/orion_pybullet_sim/launch
copying launch/pybullet_sim.launch.py -> /home/huzy/My_orion/install/orion_pybullet_sim/share/orion_pybullet_sim/launch
running install_egg_info
Copying ../../build/orion_pybullet_sim/orion_pybullet_sim.egg-info to /home/huzy/My_orion/install/orion_pybullet_sim/lib/python3.10/site-packages/orion_pybullet_sim-0.0.1-py3.10.egg-info
running install_scripts
Installing pybullet_controller script to /home/huzy/My_orion/install/orion_pybullet_sim/lib/orion_pybullet_sim
writing list of installed files to '/home/huzy/My_orion/build/orion_pybullet_sim/install.log'
