[0.766s] Invoking command in '/home/huzy/My_orion/src/orion_pybullet_sim': AMENT_PREFIX_PATH=/home/huzy/My_orion/install/orion_moveit_config:/home/huzy/My_orion/install/orion_description:${AMENT_PREFIX_PATH} CMAKE_PREFIX_PATH=/home/huzy/My_orion/install/orion_moveit_config:/home/huzy/My_orion/install/orion_description PYTHONPATH=/home/huzy/My_orion/build/orion_pybullet_sim/prefix_override:/usr/lib/python3/dist-packages/colcon_core/task/python/colcon_distutils_commands:/home/huzy/My_orion/install/orion_pybullet_sim/lib/python3.10/site-packages:${PYTHONPATH} /usr/bin/python3 -W ignore:setup.py install is deprecated -W ignore:easy_install command is deprecated setup.py egg_info --egg-base ../../build/orion_pybullet_sim build --build-base /home/huzy/My_orion/build/orion_pybullet_sim/build install --record /home/huzy/My_orion/build/orion_pybullet_sim/install.log --single-version-externally-managed install_data
[1.049s] running egg_info
[1.057s] creating ../../build/orion_pybullet_sim/orion_pybullet_sim.egg-info
[1.057s] writing ../../build/orion_pybullet_sim/orion_pybullet_sim.egg-info/PKG-INFO
[1.057s] writing dependency_links to ../../build/orion_pybullet_sim/orion_pybullet_sim.egg-info/dependency_links.txt
[1.057s] writing entry points to ../../build/orion_pybullet_sim/orion_pybullet_sim.egg-info/entry_points.txt
[1.057s] writing requirements to ../../build/orion_pybullet_sim/orion_pybullet_sim.egg-info/requires.txt
[1.057s] writing top-level names to ../../build/orion_pybullet_sim/orion_pybullet_sim.egg-info/top_level.txt
[1.063s] writing manifest file '../../build/orion_pybullet_sim/orion_pybullet_sim.egg-info/SOURCES.txt'
[1.069s] reading manifest file '../../build/orion_pybullet_sim/orion_pybullet_sim.egg-info/SOURCES.txt'
[1.070s] writing manifest file '../../build/orion_pybullet_sim/orion_pybullet_sim.egg-info/SOURCES.txt'
[1.071s] running build
[1.071s] running build_py
[1.071s] creating /home/huzy/My_orion/build/orion_pybullet_sim/build
[1.071s] creating /home/huzy/My_orion/build/orion_pybullet_sim/build/lib
[1.072s] creating /home/huzy/My_orion/build/orion_pybullet_sim/build/lib/orion_pybullet_sim
[1.072s] copying orion_pybullet_sim/pybullet_controller_node.py -> /home/huzy/My_orion/build/orion_pybullet_sim/build/lib/orion_pybullet_sim
[1.072s] copying orion_pybullet_sim/__init__.py -> /home/huzy/My_orion/build/orion_pybullet_sim/build/lib/orion_pybullet_sim
[1.072s] running install
[1.072s] running install_lib
[1.074s] creating /home/huzy/My_orion/install/orion_pybullet_sim/lib/python3.10/site-packages/orion_pybullet_sim
[1.080s] copying /home/huzy/My_orion/build/orion_pybullet_sim/build/lib/orion_pybullet_sim/pybullet_controller_node.py -> /home/huzy/My_orion/install/orion_pybullet_sim/lib/python3.10/site-packages/orion_pybullet_sim
[1.080s] copying /home/huzy/My_orion/build/orion_pybullet_sim/build/lib/orion_pybullet_sim/__init__.py -> /home/huzy/My_orion/install/orion_pybullet_sim/lib/python3.10/site-packages/orion_pybullet_sim
[1.080s] byte-compiling /home/huzy/My_orion/install/orion_pybullet_sim/lib/python3.10/site-packages/orion_pybullet_sim/pybullet_controller_node.py to pybullet_controller_node.cpython-310.pyc
[1.084s] byte-compiling /home/huzy/My_orion/install/orion_pybullet_sim/lib/python3.10/site-packages/orion_pybullet_sim/__init__.py to __init__.cpython-310.pyc
[1.084s] running install_data
[1.084s] creating /home/huzy/My_orion/install/orion_pybullet_sim/share/ament_index
[1.084s] creating /home/huzy/My_orion/install/orion_pybullet_sim/share/ament_index/resource_index
[1.084s] creating /home/huzy/My_orion/install/orion_pybullet_sim/share/ament_index/resource_index/packages
[1.084s] copying resource/orion_pybullet_sim -> /home/huzy/My_orion/install/orion_pybullet_sim/share/ament_index/resource_index/packages
[1.084s] copying package.xml -> /home/huzy/My_orion/install/orion_pybullet_sim/share/orion_pybullet_sim
[1.084s] creating /home/huzy/My_orion/install/orion_pybullet_sim/share/orion_pybullet_sim/launch
[1.084s] copying launch/pybullet_sim.launch.py -> /home/huzy/My_orion/install/orion_pybullet_sim/share/orion_pybullet_sim/launch
[1.084s] running install_egg_info
[1.086s] Copying ../../build/orion_pybullet_sim/orion_pybullet_sim.egg-info to /home/huzy/My_orion/install/orion_pybullet_sim/lib/python3.10/site-packages/orion_pybullet_sim-0.0.1-py3.10.egg-info
[1.094s] running install_scripts
[1.142s] Installing pybullet_controller script to /home/huzy/My_orion/install/orion_pybullet_sim/lib/orion_pybullet_sim
[1.142s] writing list of installed files to '/home/huzy/My_orion/build/orion_pybullet_sim/install.log'
[1.195s] Invoked command in '/home/huzy/My_orion/src/orion_pybullet_sim' returned '0': AMENT_PREFIX_PATH=/home/huzy/My_orion/install/orion_moveit_config:/home/huzy/My_orion/install/orion_description:${AMENT_PREFIX_PATH} CMAKE_PREFIX_PATH=/home/huzy/My_orion/install/orion_moveit_config:/home/huzy/My_orion/install/orion_description PYTHONPATH=/home/huzy/My_orion/build/orion_pybullet_sim/prefix_override:/usr/lib/python3/dist-packages/colcon_core/task/python/colcon_distutils_commands:/home/huzy/My_orion/install/orion_pybullet_sim/lib/python3.10/site-packages:${PYTHONPATH} /usr/bin/python3 -W ignore:setup.py install is deprecated -W ignore:easy_install command is deprecated setup.py egg_info --egg-base ../../build/orion_pybullet_sim build --build-base /home/huzy/My_orion/build/orion_pybullet_sim/build install --record /home/huzy/My_orion/build/orion_pybullet_sim/install.log --single-version-externally-managed install_data
