[0.085s] DEBUG:colcon:Command line arguments: ['/usr/bin/colcon', 'build', '--packages-select', 'orion_mtc', '--cmake-args', '-DCMAKE_BUILD_TYPE=Release']
[0.085s] DEBUG:colcon:Parsed command line arguments: Namespace(log_base=None, log_level=None, verb_name='build', build_base='build', install_base='install', merge_install=False, symlink_install=False, test_result_base=None, continue_on_error=False, executor='parallel', parallel_workers=8, event_handlers=None, ignore_user_meta=False, metas=['./colcon.meta'], base_paths=['.'], packages_ignore=None, packages_ignore_regex=None, paths=None, packages_up_to=None, packages_up_to_regex=None, packages_above=None, packages_above_and_dependencies=None, packages_above_depth=None, packages_select_by_dep=None, packages_skip_by_dep=None, packages_skip_up_to=None, packages_select_build_failed=False, packages_skip_build_finished=False, packages_select_test_failures=False, packages_skip_test_passed=False, packages_select=['orion_mtc'], packages_skip=None, packages_select_regex=None, packages_skip_regex=None, packages_start=None, packages_end=None, allow_overriding=[], cmake_args=['-DCMAKE_BUILD_TYPE=Release'], cmake_target=None, cmake_target_skip_unavailable=False, cmake_clean_cache=False, cmake_clean_first=False, cmake_force_configure=False, ament_cmake_args=None, catkin_cmake_args=None, catkin_skip_building_tests=False, mixin_files=None, mixin=None, verb_parser=<colcon_mixin.mixin.mixin_argument.MixinArgumentDecorator object at 0x7468a4c56e30>, verb_extension=<colcon_core.verb.build.BuildVerb object at 0x7468a4d6fd60>, main=<bound method BuildVerb.main of <colcon_core.verb.build.BuildVerb object at 0x7468a4d6fd60>>, mixin_verb=('build',))
[0.202s] Level 1:colcon.colcon_core.package_discovery:discover_packages(colcon_meta) check parameters
[0.203s] Level 1:colcon.colcon_core.package_discovery:discover_packages(recursive) check parameters
[0.203s] Level 1:colcon.colcon_core.package_discovery:discover_packages(ignore) check parameters
[0.203s] Level 1:colcon.colcon_core.package_discovery:discover_packages(path) check parameters
[0.203s] Level 1:colcon.colcon_core.package_discovery:discover_packages(colcon_meta) discover
[0.203s] Level 1:colcon.colcon_core.package_discovery:discover_packages(recursive) discover
[0.203s] INFO:colcon.colcon_core.package_discovery:Crawling recursively for packages in '/home/huzy/My_orion'
[0.203s] Level 1:colcon.colcon_core.package_identification:_identify(.) by extensions ['ignore', 'ignore_ament_install']
[0.203s] Level 1:colcon.colcon_core.package_identification:_identify(.) by extension 'ignore'
[0.203s] Level 1:colcon.colcon_core.package_identification:_identify(.) by extension 'ignore_ament_install'
[0.203s] Level 1:colcon.colcon_core.package_identification:_identify(.) by extensions ['colcon_pkg']
[0.203s] Level 1:colcon.colcon_core.package_identification:_identify(.) by extension 'colcon_pkg'
[0.203s] Level 1:colcon.colcon_core.package_identification:_identify(.) by extensions ['colcon_meta']
[0.203s] Level 1:colcon.colcon_core.package_identification:_identify(.) by extension 'colcon_meta'
[0.203s] Level 1:colcon.colcon_core.package_identification:_identify(.) by extensions ['ros']
[0.203s] Level 1:colcon.colcon_core.package_identification:_identify(.) by extension 'ros'
[0.212s] Level 1:colcon.colcon_core.package_identification:_identify(.) by extensions ['cmake', 'python']
[0.212s] Level 1:colcon.colcon_core.package_identification:_identify(.) by extension 'cmake'
[0.212s] Level 1:colcon.colcon_core.package_identification:_identify(.) by extension 'python'
[0.212s] Level 1:colcon.colcon_core.package_identification:_identify(.) by extensions ['python_setup_py']
[0.212s] Level 1:colcon.colcon_core.package_identification:_identify(.) by extension 'python_setup_py'
[0.213s] Level 1:colcon.colcon_core.package_identification:_identify(build) by extensions ['ignore', 'ignore_ament_install']
[0.213s] Level 1:colcon.colcon_core.package_identification:_identify(build) by extension 'ignore'
[0.213s] Level 1:colcon.colcon_core.package_identification:_identify(build) ignored
[0.213s] Level 1:colcon.colcon_core.package_identification:_identify(install) by extensions ['ignore', 'ignore_ament_install']
[0.213s] Level 1:colcon.colcon_core.package_identification:_identify(install) by extension 'ignore'
[0.213s] Level 1:colcon.colcon_core.package_identification:_identify(install) ignored
[0.213s] Level 1:colcon.colcon_core.package_identification:_identify(log) by extensions ['ignore', 'ignore_ament_install']
[0.213s] Level 1:colcon.colcon_core.package_identification:_identify(log) by extension 'ignore'
[0.213s] Level 1:colcon.colcon_core.package_identification:_identify(log) ignored
[0.213s] Level 1:colcon.colcon_core.package_identification:_identify(src) by extensions ['ignore', 'ignore_ament_install']
[0.213s] Level 1:colcon.colcon_core.package_identification:_identify(src) by extension 'ignore'
[0.213s] Level 1:colcon.colcon_core.package_identification:_identify(src) by extension 'ignore_ament_install'
[0.213s] Level 1:colcon.colcon_core.package_identification:_identify(src) by extensions ['colcon_pkg']
[0.213s] Level 1:colcon.colcon_core.package_identification:_identify(src) by extension 'colcon_pkg'
[0.213s] Level 1:colcon.colcon_core.package_identification:_identify(src) by extensions ['colcon_meta']
[0.213s] Level 1:colcon.colcon_core.package_identification:_identify(src) by extension 'colcon_meta'
[0.213s] Level 1:colcon.colcon_core.package_identification:_identify(src) by extensions ['ros']
[0.213s] Level 1:colcon.colcon_core.package_identification:_identify(src) by extension 'ros'
[0.213s] Level 1:colcon.colcon_core.package_identification:_identify(src) by extensions ['cmake', 'python']
[0.213s] Level 1:colcon.colcon_core.package_identification:_identify(src) by extension 'cmake'
[0.214s] Level 1:colcon.colcon_core.package_identification:_identify(src) by extension 'python'
[0.214s] Level 1:colcon.colcon_core.package_identification:_identify(src) by extensions ['python_setup_py']
[0.214s] Level 1:colcon.colcon_core.package_identification:_identify(src) by extension 'python_setup_py'
[0.214s] Level 1:colcon.colcon_core.package_identification:_identify(src/orion_description) by extensions ['ignore', 'ignore_ament_install']
[0.214s] Level 1:colcon.colcon_core.package_identification:_identify(src/orion_description) by extension 'ignore'
[0.214s] Level 1:colcon.colcon_core.package_identification:_identify(src/orion_description) by extension 'ignore_ament_install'
[0.214s] Level 1:colcon.colcon_core.package_identification:_identify(src/orion_description) by extensions ['colcon_pkg']
[0.214s] Level 1:colcon.colcon_core.package_identification:_identify(src/orion_description) by extension 'colcon_pkg'
[0.214s] Level 1:colcon.colcon_core.package_identification:_identify(src/orion_description) by extensions ['colcon_meta']
[0.214s] Level 1:colcon.colcon_core.package_identification:_identify(src/orion_description) by extension 'colcon_meta'
[0.214s] Level 1:colcon.colcon_core.package_identification:_identify(src/orion_description) by extensions ['ros']
[0.214s] Level 1:colcon.colcon_core.package_identification:_identify(src/orion_description) by extension 'ros'
[0.224s] DEBUG:colcon.colcon_core.package_identification:Package 'src/orion_description' with type 'ros.ament_cmake' and name 'orion_description'
[0.225s] Level 1:colcon.colcon_core.package_identification:_identify(src/orion_moveit_config) by extensions ['ignore', 'ignore_ament_install']
[0.225s] Level 1:colcon.colcon_core.package_identification:_identify(src/orion_moveit_config) by extension 'ignore'
[0.225s] Level 1:colcon.colcon_core.package_identification:_identify(src/orion_moveit_config) by extension 'ignore_ament_install'
[0.225s] Level 1:colcon.colcon_core.package_identification:_identify(src/orion_moveit_config) by extensions ['colcon_pkg']
[0.225s] Level 1:colcon.colcon_core.package_identification:_identify(src/orion_moveit_config) by extension 'colcon_pkg'
[0.225s] Level 1:colcon.colcon_core.package_identification:_identify(src/orion_moveit_config) by extensions ['colcon_meta']
[0.225s] Level 1:colcon.colcon_core.package_identification:_identify(src/orion_moveit_config) by extension 'colcon_meta'
[0.225s] Level 1:colcon.colcon_core.package_identification:_identify(src/orion_moveit_config) by extensions ['ros']
[0.225s] Level 1:colcon.colcon_core.package_identification:_identify(src/orion_moveit_config) by extension 'ros'
[0.225s] DEBUG:colcon.colcon_core.package_identification:Package 'src/orion_moveit_config' with type 'ros.ament_cmake' and name 'orion_moveit_config'
[0.225s] Level 1:colcon.colcon_core.package_identification:_identify(src/orion_mtc) by extensions ['ignore', 'ignore_ament_install']
[0.226s] Level 1:colcon.colcon_core.package_identification:_identify(src/orion_mtc) by extension 'ignore'
[0.226s] Level 1:colcon.colcon_core.package_identification:_identify(src/orion_mtc) by extension 'ignore_ament_install'
[0.226s] Level 1:colcon.colcon_core.package_identification:_identify(src/orion_mtc) by extensions ['colcon_pkg']
[0.226s] Level 1:colcon.colcon_core.package_identification:_identify(src/orion_mtc) by extension 'colcon_pkg'
[0.226s] Level 1:colcon.colcon_core.package_identification:_identify(src/orion_mtc) by extensions ['colcon_meta']
[0.226s] Level 1:colcon.colcon_core.package_identification:_identify(src/orion_mtc) by extension 'colcon_meta'
[0.226s] Level 1:colcon.colcon_core.package_identification:_identify(src/orion_mtc) by extensions ['ros']
[0.226s] Level 1:colcon.colcon_core.package_identification:_identify(src/orion_mtc) by extension 'ros'
[0.227s] DEBUG:colcon.colcon_core.package_identification:Package 'src/orion_mtc' with type 'ros.ament_cmake' and name 'orion_mtc'
[0.227s] Level 1:colcon.colcon_core.package_identification:_identify(src/orion_pybullet_sim) by extensions ['ignore', 'ignore_ament_install']
[0.227s] Level 1:colcon.colcon_core.package_identification:_identify(src/orion_pybullet_sim) by extension 'ignore'
[0.227s] Level 1:colcon.colcon_core.package_identification:_identify(src/orion_pybullet_sim) by extension 'ignore_ament_install'
[0.227s] Level 1:colcon.colcon_core.package_identification:_identify(src/orion_pybullet_sim) by extensions ['colcon_pkg']
[0.227s] Level 1:colcon.colcon_core.package_identification:_identify(src/orion_pybullet_sim) by extension 'colcon_pkg'
[0.227s] Level 1:colcon.colcon_core.package_identification:_identify(src/orion_pybullet_sim) by extensions ['colcon_meta']
[0.227s] Level 1:colcon.colcon_core.package_identification:_identify(src/orion_pybullet_sim) by extension 'colcon_meta'
[0.227s] Level 1:colcon.colcon_core.package_identification:_identify(src/orion_pybullet_sim) by extensions ['ros']
[0.227s] Level 1:colcon.colcon_core.package_identification:_identify(src/orion_pybullet_sim) by extension 'ros'
[0.228s] DEBUG:colcon.colcon_core.package_identification:Package 'src/orion_pybullet_sim' with type 'ros.ament_python' and name 'orion_pybullet_sim'
[0.228s] Level 1:colcon.colcon_core.package_discovery:discover_packages(recursive) using defaults
[0.228s] Level 1:colcon.colcon_core.package_discovery:discover_packages(ignore) discover
[0.228s] Level 1:colcon.colcon_core.package_discovery:discover_packages(ignore) using defaults
[0.228s] Level 1:colcon.colcon_core.package_discovery:discover_packages(path) discover
[0.228s] Level 1:colcon.colcon_core.package_discovery:discover_packages(path) using defaults
[0.241s] INFO:colcon.colcon_core.package_selection:Skipping not selected package 'orion_description' in 'src/orion_description'
[0.241s] INFO:colcon.colcon_core.package_selection:Skipping not selected package 'orion_moveit_config' in 'src/orion_moveit_config'
[0.242s] INFO:colcon.colcon_core.package_selection:Skipping not selected package 'orion_pybullet_sim' in 'src/orion_pybullet_sim'
[0.242s] Level 1:colcon.colcon_core.package_discovery:discover_packages(prefix_path) check parameters
[0.242s] Level 1:colcon.colcon_core.package_discovery:discover_packages(prefix_path) discover
[0.243s] DEBUG:colcon.colcon_installed_package_information.package_discovery:Found 4 installed packages in /home/huzy/My_orion/install
[0.244s] DEBUG:colcon.colcon_installed_package_information.package_discovery:Found 429 installed packages in /opt/ros/humble
[0.246s] Level 1:colcon.colcon_core.package_discovery:discover_packages(prefix_path) using defaults
[0.278s] Level 5:colcon.colcon_core.verb:set package 'orion_mtc' build argument 'cmake_args' from command line to '['-DCMAKE_BUILD_TYPE=Release']'
[0.278s] Level 5:colcon.colcon_core.verb:set package 'orion_mtc' build argument 'cmake_target' from command line to 'None'
[0.278s] Level 5:colcon.colcon_core.verb:set package 'orion_mtc' build argument 'cmake_target_skip_unavailable' from command line to 'False'
[0.278s] Level 5:colcon.colcon_core.verb:set package 'orion_mtc' build argument 'cmake_clean_cache' from command line to 'False'
[0.278s] Level 5:colcon.colcon_core.verb:set package 'orion_mtc' build argument 'cmake_clean_first' from command line to 'False'
[0.278s] Level 5:colcon.colcon_core.verb:set package 'orion_mtc' build argument 'cmake_force_configure' from command line to 'False'
[0.278s] Level 5:colcon.colcon_core.verb:set package 'orion_mtc' build argument 'ament_cmake_args' from command line to 'None'
[0.278s] Level 5:colcon.colcon_core.verb:set package 'orion_mtc' build argument 'catkin_cmake_args' from command line to 'None'
[0.278s] Level 5:colcon.colcon_core.verb:set package 'orion_mtc' build argument 'catkin_skip_building_tests' from command line to 'False'
[0.278s] DEBUG:colcon.colcon_core.verb:Building package 'orion_mtc' with the following arguments: {'ament_cmake_args': None, 'build_base': '/home/huzy/My_orion/build/orion_mtc', 'catkin_cmake_args': None, 'catkin_skip_building_tests': False, 'cmake_args': ['-DCMAKE_BUILD_TYPE=Release'], 'cmake_clean_cache': False, 'cmake_clean_first': False, 'cmake_force_configure': False, 'cmake_target': None, 'cmake_target_skip_unavailable': False, 'install_base': '/home/huzy/My_orion/install/orion_mtc', 'merge_install': False, 'path': '/home/huzy/My_orion/src/orion_mtc', 'symlink_install': False, 'test_result_base': None}
[0.278s] INFO:colcon.colcon_core.executor:Executing jobs using 'parallel' executor
[0.280s] DEBUG:colcon.colcon_parallel_executor.executor.parallel:run_until_complete
[0.280s] INFO:colcon.colcon_ros.task.ament_cmake.build:Building ROS package in '/home/huzy/My_orion/src/orion_mtc' with build type 'ament_cmake'
[0.280s] INFO:colcon.colcon_cmake.task.cmake.build:Building CMake package in '/home/huzy/My_orion/src/orion_mtc'
[0.281s] INFO:colcon.colcon_core.plugin_system:Skipping extension 'colcon_core.shell.bat': Not used on non-Windows systems
[0.282s] INFO:colcon.colcon_core.shell:Skip shell extension 'powershell' for command environment: Not usable outside of PowerShell
[0.282s] DEBUG:colcon.colcon_core.shell:Skip shell extension 'dsv' for command environment
[0.309s] DEBUG:colcon.colcon_core.event_handler.log_command:Invoking command in '/home/huzy/My_orion/build/orion_mtc': AMENT_PREFIX_PATH=/home/huzy/My_orion/install/orion_pybullet_sim:/home/huzy/My_orion/install/orion_mtc:/home/huzy/My_orion/install/orion_moveit_config:/home/huzy/My_orion/install/orion_description:/opt/ros/humble CMAKE_PREFIX_PATH=/home/huzy/My_orion/install/orion_moveit_config:/home/huzy/My_orion/install/orion_description:/home/huzy/My_orion/install/orion_mtc:/home/huzy/My_orion/install/orion_pybullet_sim:/opt/ros/humble /usr/bin/cmake --build /home/huzy/My_orion/build/orion_mtc -- -j8 -l8
[23.016s] DEBUG:colcon.colcon_core.event_handler.log_command:Invoked command in '/home/huzy/My_orion/build/orion_mtc' returned '0': AMENT_PREFIX_PATH=/home/huzy/My_orion/install/orion_pybullet_sim:/home/huzy/My_orion/install/orion_mtc:/home/huzy/My_orion/install/orion_moveit_config:/home/huzy/My_orion/install/orion_description:/opt/ros/humble CMAKE_PREFIX_PATH=/home/huzy/My_orion/install/orion_moveit_config:/home/huzy/My_orion/install/orion_description:/home/huzy/My_orion/install/orion_mtc:/home/huzy/My_orion/install/orion_pybullet_sim:/opt/ros/humble /usr/bin/cmake --build /home/huzy/My_orion/build/orion_mtc -- -j8 -l8
[23.035s] DEBUG:colcon.colcon_core.event_handler.log_command:Invoking command in '/home/huzy/My_orion/build/orion_mtc': AMENT_PREFIX_PATH=/home/huzy/My_orion/install/orion_pybullet_sim:/home/huzy/My_orion/install/orion_mtc:/home/huzy/My_orion/install/orion_moveit_config:/home/huzy/My_orion/install/orion_description:/opt/ros/humble CMAKE_PREFIX_PATH=/home/huzy/My_orion/install/orion_moveit_config:/home/huzy/My_orion/install/orion_description:/home/huzy/My_orion/install/orion_mtc:/home/huzy/My_orion/install/orion_pybullet_sim:/opt/ros/humble /usr/bin/cmake --install /home/huzy/My_orion/build/orion_mtc
[23.074s] Level 1:colcon.colcon_core.environment:create_environment_scripts_only(orion_mtc)
[23.075s] DEBUG:colcon.colcon_core.event_handler.log_command:Invoked command in '/home/huzy/My_orion/build/orion_mtc' returned '0': AMENT_PREFIX_PATH=/home/huzy/My_orion/install/orion_pybullet_sim:/home/huzy/My_orion/install/orion_mtc:/home/huzy/My_orion/install/orion_moveit_config:/home/huzy/My_orion/install/orion_description:/opt/ros/humble CMAKE_PREFIX_PATH=/home/huzy/My_orion/install/orion_moveit_config:/home/huzy/My_orion/install/orion_description:/home/huzy/My_orion/install/orion_mtc:/home/huzy/My_orion/install/orion_pybullet_sim:/opt/ros/humble /usr/bin/cmake --install /home/huzy/My_orion/build/orion_mtc
[23.077s] Level 1:colcon.colcon_core.environment:checking '/home/huzy/My_orion/install/orion_mtc' for CMake module files
[23.077s] Level 1:colcon.colcon_core.environment:checking '/home/huzy/My_orion/install/orion_mtc' for CMake config files
[23.077s] Level 1:colcon.colcon_core.shell:create_environment_hook('orion_mtc', 'cmake_prefix_path')
[23.078s] INFO:colcon.colcon_core.shell:Creating environment hook '/home/huzy/My_orion/install/orion_mtc/share/orion_mtc/hook/cmake_prefix_path.ps1'
[23.078s] INFO:colcon.colcon_core.shell:Creating environment descriptor '/home/huzy/My_orion/install/orion_mtc/share/orion_mtc/hook/cmake_prefix_path.dsv'
[23.079s] INFO:colcon.colcon_core.shell:Creating environment hook '/home/huzy/My_orion/install/orion_mtc/share/orion_mtc/hook/cmake_prefix_path.sh'
[23.080s] Level 1:colcon.colcon_core.environment:checking '/home/huzy/My_orion/install/orion_mtc/lib'
[23.080s] Level 1:colcon.colcon_core.environment:checking '/home/huzy/My_orion/install/orion_mtc/bin'
[23.080s] Level 1:colcon.colcon_core.environment:checking '/home/huzy/My_orion/install/orion_mtc/lib/pkgconfig/orion_mtc.pc'
[23.080s] Level 1:colcon.colcon_core.environment:checking '/home/huzy/My_orion/install/orion_mtc/lib/python3.10/site-packages'
[23.080s] Level 1:colcon.colcon_core.environment:checking '/home/huzy/My_orion/install/orion_mtc/bin'
[23.081s] INFO:colcon.colcon_core.shell:Creating package script '/home/huzy/My_orion/install/orion_mtc/share/orion_mtc/package.ps1'
[23.081s] INFO:colcon.colcon_core.shell:Creating package descriptor '/home/huzy/My_orion/install/orion_mtc/share/orion_mtc/package.dsv'
[23.082s] INFO:colcon.colcon_core.shell:Creating package script '/home/huzy/My_orion/install/orion_mtc/share/orion_mtc/package.sh'
[23.082s] INFO:colcon.colcon_core.shell:Creating package script '/home/huzy/My_orion/install/orion_mtc/share/orion_mtc/package.bash'
[23.083s] INFO:colcon.colcon_core.shell:Creating package script '/home/huzy/My_orion/install/orion_mtc/share/orion_mtc/package.zsh'
[23.084s] Level 1:colcon.colcon_core.environment:create_file_with_runtime_dependencies(/home/huzy/My_orion/install/orion_mtc/share/colcon-core/packages/orion_mtc)
[23.084s] Level 1:colcon.colcon_core.environment:create_environment_scripts_only(orion_mtc)
[23.084s] Level 1:colcon.colcon_core.environment:checking '/home/huzy/My_orion/install/orion_mtc' for CMake module files
[23.085s] Level 1:colcon.colcon_core.environment:checking '/home/huzy/My_orion/install/orion_mtc' for CMake config files
[23.085s] Level 1:colcon.colcon_core.shell:create_environment_hook('orion_mtc', 'cmake_prefix_path')
[23.085s] INFO:colcon.colcon_core.shell:Creating environment hook '/home/huzy/My_orion/install/orion_mtc/share/orion_mtc/hook/cmake_prefix_path.ps1'
[23.085s] INFO:colcon.colcon_core.shell:Creating environment descriptor '/home/huzy/My_orion/install/orion_mtc/share/orion_mtc/hook/cmake_prefix_path.dsv'
[23.086s] INFO:colcon.colcon_core.shell:Creating environment hook '/home/huzy/My_orion/install/orion_mtc/share/orion_mtc/hook/cmake_prefix_path.sh'
[23.086s] Level 1:colcon.colcon_core.environment:checking '/home/huzy/My_orion/install/orion_mtc/lib'
[23.086s] Level 1:colcon.colcon_core.environment:checking '/home/huzy/My_orion/install/orion_mtc/bin'
[23.086s] Level 1:colcon.colcon_core.environment:checking '/home/huzy/My_orion/install/orion_mtc/lib/pkgconfig/orion_mtc.pc'
[23.087s] Level 1:colcon.colcon_core.environment:checking '/home/huzy/My_orion/install/orion_mtc/lib/python3.10/site-packages'
[23.087s] Level 1:colcon.colcon_core.environment:checking '/home/huzy/My_orion/install/orion_mtc/bin'
[23.087s] INFO:colcon.colcon_core.shell:Creating package script '/home/huzy/My_orion/install/orion_mtc/share/orion_mtc/package.ps1'
[23.087s] INFO:colcon.colcon_core.shell:Creating package descriptor '/home/huzy/My_orion/install/orion_mtc/share/orion_mtc/package.dsv'
[23.088s] INFO:colcon.colcon_core.shell:Creating package script '/home/huzy/My_orion/install/orion_mtc/share/orion_mtc/package.sh'
[23.088s] INFO:colcon.colcon_core.shell:Creating package script '/home/huzy/My_orion/install/orion_mtc/share/orion_mtc/package.bash'
[23.089s] INFO:colcon.colcon_core.shell:Creating package script '/home/huzy/My_orion/install/orion_mtc/share/orion_mtc/package.zsh'
[23.089s] Level 1:colcon.colcon_core.environment:create_file_with_runtime_dependencies(/home/huzy/My_orion/install/orion_mtc/share/colcon-core/packages/orion_mtc)
[23.090s] DEBUG:colcon.colcon_parallel_executor.executor.parallel:closing loop
[23.090s] DEBUG:colcon.colcon_parallel_executor.executor.parallel:loop closed
[23.090s] DEBUG:colcon.colcon_parallel_executor.executor.parallel:run_until_complete finished with '0'
[23.090s] DEBUG:colcon.colcon_core.event_reactor:joining thread
[23.096s] INFO:colcon.colcon_core.plugin_system:Skipping extension 'colcon_notification.desktop_notification.terminal_notifier': Not used on non-Darwin systems
[23.096s] INFO:colcon.colcon_core.plugin_system:Skipping extension 'colcon_notification.desktop_notification.win32': Not used on non-Windows systems
[23.096s] INFO:colcon.colcon_notification.desktop_notification:Sending desktop notification using 'notify2'
[23.108s] DEBUG:colcon.colcon_core.event_reactor:joined thread
[23.108s] INFO:colcon.colcon_core.shell:Creating prefix script '/home/huzy/My_orion/install/local_setup.ps1'
[23.110s] INFO:colcon.colcon_core.shell:Creating prefix util module '/home/huzy/My_orion/install/_local_setup_util_ps1.py'
[23.111s] INFO:colcon.colcon_core.shell:Creating prefix chain script '/home/huzy/My_orion/install/setup.ps1'
[23.112s] INFO:colcon.colcon_core.shell:Creating prefix script '/home/huzy/My_orion/install/local_setup.sh'
[23.113s] INFO:colcon.colcon_core.shell:Creating prefix util module '/home/huzy/My_orion/install/_local_setup_util_sh.py'
[23.114s] INFO:colcon.colcon_core.shell:Creating prefix chain script '/home/huzy/My_orion/install/setup.sh'
[23.115s] INFO:colcon.colcon_core.shell:Creating prefix script '/home/huzy/My_orion/install/local_setup.bash'
[23.116s] INFO:colcon.colcon_core.shell:Creating prefix chain script '/home/huzy/My_orion/install/setup.bash'
[23.117s] INFO:colcon.colcon_core.shell:Creating prefix script '/home/huzy/My_orion/install/local_setup.zsh'
[23.117s] INFO:colcon.colcon_core.shell:Creating prefix chain script '/home/huzy/My_orion/install/setup.zsh'
