running develop
running egg_info
creating orion_holoocean_bridge.egg-info
writing orion_holoocean_bridge.egg-info/PKG-INFO
writing dependency_links to orion_holoocean_bridge.egg-info/dependency_links.txt
writing entry points to orion_holoocean_bridge.egg-info/entry_points.txt
writing requirements to orion_holoocean_bridge.egg-info/requires.txt
writing top-level names to orion_holoocean_bridge.egg-info/top_level.txt
writing manifest file 'orion_holoocean_bridge.egg-info/SOURCES.txt'
reading manifest file 'orion_holoocean_bridge.egg-info/SOURCES.txt'
writing manifest file 'orion_holoocean_bridge.egg-info/SOURCES.txt'
running build_ext
Creating /home/huzy/My_orion/install/orion_holoocean_bridge/lib/python3.10/site-packages/orion-holoocean-bridge.egg-link (link to .)
Installing arm_sensor_to_joint_state script to /home/huzy/My_orion/install/orion_holoocean_bridge/lib/orion_holoocean_bridge

Installed /home/huzy/My_orion/build/orion_holoocean_bridge
running symlink_data
creating /home/huzy/My_orion/install/orion_holoocean_bridge/share/ament_index
creating /home/huzy/My_orion/install/orion_holoocean_bridge/share/ament_index/resource_index
creating /home/huzy/My_orion/install/orion_holoocean_bridge/share/ament_index/resource_index/packages
symbolically linking /home/huzy/My_orion/build/orion_holoocean_bridge/resource/orion_holoocean_bridge -> /home/huzy/My_orion/install/orion_holoocean_bridge/share/ament_index/resource_index/packages
symbolically linking /home/huzy/My_orion/build/orion_holoocean_bridge/package.xml -> /home/huzy/My_orion/install/orion_holoocean_bridge/share/orion_holoocean_bridge
creating /home/huzy/My_orion/install/orion_holoocean_bridge/share/orion_holoocean_bridge/launch
symbolically linking /home/huzy/My_orion/build/orion_holoocean_bridge/launch/holoocean_bridge.launch.py -> /home/huzy/My_orion/install/orion_holoocean_bridge/share/orion_holoocean_bridge/launch
creating /home/huzy/My_orion/install/orion_holoocean_bridge/share/orion_holoocean_bridge/config
symbolically linking /home/huzy/My_orion/build/orion_holoocean_bridge/config/holoocean_bridge_params.yaml -> /home/huzy/My_orion/install/orion_holoocean_bridge/share/orion_holoocean_bridge/config
