[0.786s] Invoking command in '/home/huzy/My_orion/build/orion_holoocean_bridge': PYTHONPATH=/home/huzy/My_orion/build/orion_holoocean_bridge/prefix_override:/usr/lib/python3/dist-packages/colcon_core/task/python/colcon_distutils_commands:/home/huzy/My_orion/install/orion_holoocean_bridge/lib/python3.10/site-packages:${PYTHONPATH} /usr/bin/python3 -W ignore:setup.py install is deprecated -W ignore:easy_install command is deprecated setup.py develop --editable --build-directory /home/huzy/My_orion/build/orion_holoocean_bridge/build --no-deps symlink_data
[1.019s] running develop
[1.163s] running egg_info
[1.163s] creating orion_holoocean_bridge.egg-info
[1.163s] writing orion_holoocean_bridge.egg-info/PKG-INFO
[1.163s] writing dependency_links to orion_holoocean_bridge.egg-info/dependency_links.txt
[1.163s] writing entry points to orion_holoocean_bridge.egg-info/entry_points.txt
[1.163s] writing requirements to orion_holoocean_bridge.egg-info/requires.txt
[1.163s] writing top-level names to orion_holoocean_bridge.egg-info/top_level.txt
[1.163s] writing manifest file 'orion_holoocean_bridge.egg-info/SOURCES.txt'
[1.167s] reading manifest file 'orion_holoocean_bridge.egg-info/SOURCES.txt'
[1.167s] writing manifest file 'orion_holoocean_bridge.egg-info/SOURCES.txt'
[1.167s] running build_ext
[1.167s] Creating /home/huzy/My_orion/install/orion_holoocean_bridge/lib/python3.10/site-packages/orion-holoocean-bridge.egg-link (link to .)
[1.168s] Installing arm_sensor_to_joint_state script to /home/huzy/My_orion/install/orion_holoocean_bridge/lib/orion_holoocean_bridge
[1.169s] 
[1.169s] Installed /home/huzy/My_orion/build/orion_holoocean_bridge
[1.169s] running symlink_data
[1.169s] creating /home/huzy/My_orion/install/orion_holoocean_bridge/share/ament_index
[1.169s] creating /home/huzy/My_orion/install/orion_holoocean_bridge/share/ament_index/resource_index
[1.169s] creating /home/huzy/My_orion/install/orion_holoocean_bridge/share/ament_index/resource_index/packages
[1.169s] symbolically linking /home/huzy/My_orion/build/orion_holoocean_bridge/resource/orion_holoocean_bridge -> /home/huzy/My_orion/install/orion_holoocean_bridge/share/ament_index/resource_index/packages
[1.169s] symbolically linking /home/huzy/My_orion/build/orion_holoocean_bridge/package.xml -> /home/huzy/My_orion/install/orion_holoocean_bridge/share/orion_holoocean_bridge
[1.169s] creating /home/huzy/My_orion/install/orion_holoocean_bridge/share/orion_holoocean_bridge/launch
[1.171s] symbolically linking /home/huzy/My_orion/build/orion_holoocean_bridge/launch/holoocean_bridge.launch.py -> /home/huzy/My_orion/install/orion_holoocean_bridge/share/orion_holoocean_bridge/launch
[1.171s] creating /home/huzy/My_orion/install/orion_holoocean_bridge/share/orion_holoocean_bridge/config
[1.171s] symbolically linking /home/huzy/My_orion/build/orion_holoocean_bridge/config/holoocean_bridge_params.yaml -> /home/huzy/My_orion/install/orion_holoocean_bridge/share/orion_holoocean_bridge/config
[1.212s] Invoked command in '/home/huzy/My_orion/build/orion_holoocean_bridge' returned '0': PYTHONPATH=/home/huzy/My_orion/build/orion_holoocean_bridge/prefix_override:/usr/lib/python3/dist-packages/colcon_core/task/python/colcon_distutils_commands:/home/huzy/My_orion/install/orion_holoocean_bridge/lib/python3.10/site-packages:${PYTHONPATH} /usr/bin/python3 -W ignore:setup.py install is deprecated -W ignore:easy_install command is deprecated setup.py develop --editable --build-directory /home/huzy/My_orion/build/orion_holoocean_bridge/build --no-deps symlink_data
