[0.000000] (-) TimerEvent: {}
[0.000381] (-) JobUnselected: {'identifier': 'orion_description'}
[0.000445] (-) JobUnselected: {'identifier': 'orion_moveit_config'}
[0.000465] (-) JobUnselected: {'identifier': 'orion_pybullet_sim'}
[0.000485] (orion_mtc) JobQueued: {'identifier': 'orion_mtc', 'dependencies': OrderedDict([('orion_description', '/home/joey/My_orion/install/orion_description'), ('orion_moveit_config', '/home/joey/My_orion/install/orion_moveit_config'), ('orion_pybullet_sim', '/home/joey/My_orion/install/orion_pybullet_sim')])}
[0.001056] (orion_mtc) JobStarted: {'identifier': 'orion_mtc'}
[0.006681] (orion_mtc) JobProgress: {'identifier': 'orion_mtc', 'progress': 'cmake'}
[0.007180] (orion_mtc) JobProgress: {'identifier': 'orion_mtc', 'progress': 'build'}
[0.008020] (orion_mtc) Command: {'cmd': ['/usr/bin/cmake', '--build', '/home/joey/My_orion/build/orion_mtc', '--', '-j4', '-l4'], 'cwd': '/home/joey/My_orion/build/orion_mtc', 'env': OrderedDict([('GJS_DEBUG_TOPICS', 'JS ERROR;JS LOG'), ('npm_config_devdir', '/tmp/cursor-sandbox-cache/4c65aa54ac96c8f07bfb504c6ba8867d/node-gyp'), ('LESSOPEN', '| /usr/bin/lesspipe %s'), ('VSCODE_CWD', '/home/joey'), ('CURSOR_EXTENSION_HOST_ROLE', 'agent-exec'), ('VSCODE_ESM_ENTRYPOINT', 'vs/workbench/api/node/extensionHostProcess'), ('PUPPETEER_CACHE_DIR', '/tmp/cursor-sandbox-cache/4c65aa54ac96c8f07bfb504c6ba8867d/puppeteer'), ('HTTPS_PROXY', 'http://127.0.0.1:42519'), ('no_proxy', '127.0.0.1,::1,localhost'), ('LANGUAGE', 'zh_CN:en'), ('USER', 'joey'), ('LC_TIME', 'zh_CN.UTF-8'), ('VSCODE_NLS_CONFIG', '{"userLocale":"zh-cn","osLocale":"zh-cn","resolvedLanguage":"zh-cn","defaultMessagesFile":"/usr/share/cursor/resources/app/out/nls.messages.json","languagePack":{"translationsConfigFile":"/home/joey/.config/Cursor/clp/3bfb7f1471a52e527cfc1587dd57c7c1.zh-cn/tcf.json","messagesFile":"/home/joey/.config/Cursor/clp/3bfb7f1471a52e527cfc1587dd57c7c1.zh-cn/7d96c2a03bb088ad367615e9da1a3fe20fbbc6a0/nls.messages.json","corruptMarkerFile":"/home/joey/.config/Cursor/clp/3bfb7f1471a52e527cfc1587dd57c7c1.zh-cn/corrupted.info"},"locale":"zh-cn","availableLanguages":{"*":"zh-cn"},"_languagePackId":"3bfb7f1471a52e527cfc1587dd57c7c1.zh-cn","_languagePackSupport":true,"_translationsConfigFile":"/home/joey/.config/Cursor/clp/3bfb7f1471a52e527cfc1587dd57c7c1.zh-cn/tcf.json","_cacheRoot":"/home/joey/.config/Cursor/clp/3bfb7f1471a52e527cfc1587dd57c7c1.zh-cn","_resolvedLanguagePackCoreLocation":"/home/joey/.config/Cursor/clp/3bfb7f1471a52e527cfc1587dd57c7c1.zh-cn/7d96c2a03bb088ad367615e9da1a3fe20fbbc6a0","_corruptedFile":"/home/joey/.config/Cursor/clp/3bfb7f1471a52e527cfc1587dd57c7c1.zh-cn/corrupted.info"}'), ('CARGO_TARGET_DIR', '/tmp/cursor-sandbox-cache/4c65aa54ac96c8f07bfb504c6ba8867d/cargo-target'), ('CCACHE_DIR', '/tmp/cursor-sandbox-cache/4c65aa54ac96c8f07bfb504c6ba8867d/ccache'), ('all_proxy', 'http://127.0.0.1:42519'), ('CI', '1'), ('VSCODE_HANDLES_UNCAUGHT_ERRORS', 'true'), ('XDG_SESSION_TYPE', 'wayland'), ('PIP_CACHE_DIR', '/tmp/cursor-sandbox-cache/4c65aa54ac96c8f07bfb504c6ba8867d/pip'), ('NUGET_PACKAGES', '/tmp/cursor-sandbox-cache/4c65aa54ac96c8f07bfb504c6ba8867d/nuget'), ('HOMEBREW_CACHE', '/tmp/cursor-sandbox-cache/4c65aa54ac96c8f07bfb504c6ba8867d/homebrew'), ('SHLVL', '1'), ('LD_LIBRARY_PATH', '/opt/ros/humble/opt/rviz_ogre_vendor/lib:/opt/ros/humble/lib/x86_64-linux-gnu:/opt/ros/humble/lib'), ('SOCKS_PROXY', 'socks5://127.0.0.1:40017'), ('HOME', '/home/joey'), ('CHROME_DESKTOP', 'cursor.desktop'), ('OLDPWD', '/home/joey/My_orion'), ('DESKTOP_SESSION', 'ubuntu'), ('NO_PROXY', '127.0.0.1,::1,localhost'), ('VSCODE_IPC_HOOK', '/run/user/1000/vscode-19f89203-2.5.-main.sock'), ('GIO_LAUNCHED_DESKTOP_FILE', '/home/joey/.local/share/applications/cursor.desktop'), ('ROS_PYTHON_VERSION', '3'), ('GNOME_SHELL_SESSION_MODE', 'ubuntu'), ('GTK_MODULES', 'gail:atk-bridge'), ('LC_MONETARY', 'zh_CN.UTF-8'), ('MANAGERPID', '1527'), ('SYSTEMD_EXEC_PID', '1682'), ('NO_COLOR', '1'), ('CONDA_PKGS_DIRS', '/tmp/cursor-sandbox-cache/4c65aa54ac96c8f07bfb504c6ba8867d/conda'), ('DBUS_SESSION_BUS_ADDRESS', 'unix:path=/run/user/1000/bus'), ('GIO_LAUNCHED_DESKTOP_FILE_PID', '2267'), ('VSCODE_CRASH_REPORTER_PROCESS_TYPE', 'extensionHost'), ('COMPOSER_HOME', '/tmp/cursor-sandbox-cache/4c65aa54ac96c8f07bfb504c6ba8867d/composer'), ('WAYLAND_DISPLAY', 'wayland-0'), ('https_proxy', 'http://127.0.0.1:42519'), ('COLCON_PREFIX_PATH', '/home/joey/My_orion/install'), ('ROS_DISTRO', 'humble'), ('GTK_IM_MODULE', 'fcitx'), ('LOGNAME', 'joey'), ('FORCE_COLOR', '0'), ('ALL_PROXY', 'http://127.0.0.1:42519'), ('http_proxy', 'http://127.0.0.1:42519'), ('JOURNAL_STREAM', '8:19266'), ('BUN_INSTALL_CACHE_DIR', '/tmp/cursor-sandbox-cache/4c65aa54ac96c8f07bfb504c6ba8867d/bun'), ('_', '/usr/bin/colcon'), ('ROS_VERSION', '2'), ('GOMODCACHE', '/tmp/cursor-sandbox-cache/4c65aa54ac96c8f07bfb504c6ba8867d/go-mod'), ('XDG_SESSION_CLASS', 'user'), ('USERNAME', 'joey'), ('CP_HOME_DIR', '/tmp/cursor-sandbox-cache/4c65aa54ac96c8f07bfb504c6ba8867d/cocoapods'), ('socks_proxy', 'socks5://127.0.0.1:40017'), ('TERM', 'dumb'), ('EVERYSPHERE_RIPGREP_PATH', '/usr/share/cursor/resources/app/node_modules/@vscode/ripgrep/bin/rg'), ('GNOME_DESKTOP_SESSION_ID', 'this-is-deprecated'), ('SOCKS5_PROXY', 'socks5://127.0.0.1:40017'), ('FC_FONTATIONS', '1'), ('ROS_LOCALHOST_ONLY', '0'), ('POETRY_CACHE_DIR', '/tmp/cursor-sandbox-cache/4c65aa54ac96c8f07bfb504c6ba8867d/poetry'), ('PATH', '/opt/ros/humble/bin:/usr/local/sbin:/usr/local/bin:/usr/sbin:/usr/bin:/sbin:/bin:/usr/games:/usr/local/games:/snap/bin:/snap/bin'), ('SESSION_MANAGER', 'local/joey-virtual-machine:@/tmp/.ICE-unix/1657,unix/joey-virtual-machine:/tmp/.ICE-unix/1657'), ('YARN_CACHE_FOLDER', '/tmp/cursor-sandbox-cache/4c65aa54ac96c8f07bfb504c6ba8867d/yarn'), ('INVOCATION_ID', '4702e893275248028ccb5cf2afec1855'), ('PAPERSIZE', 'a4'), ('UV_CACHE_DIR', '/tmp/cursor-sandbox-cache/4c65aa54ac96c8f07bfb504c6ba8867d/uv'), ('XDG_MENU_PREFIX', 'gnome-'), ('LC_ADDRESS', 'zh_CN.UTF-8'), ('VSCODE_PROCESS_TITLE', 'extension-host (agent-exec) [1-3]'), ('PLAYWRIGHT_BROWSERS_PATH', '/tmp/cursor-sandbox-cache/4c65aa54ac96c8f07bfb504c6ba8867d/playwright'), ('GNOME_SETUP_DISPLAY', ':1'), ('XDG_RUNTIME_DIR', '/run/user/1000'), ('BUNDLE_PATH', '/tmp/cursor-sandbox-cache/4c65aa54ac96c8f07bfb504c6ba8867d/bundle'), ('GDK_BACKEND', 'x11'), ('CURSOR_AGENT', '1'), ('DISPLAY', ':0'), ('LANG', 'zh_CN.UTF-8'), ('XDG_CURRENT_DESKTOP', 'ubuntu:GNOME'), ('NX_CACHE_DIRECTORY', '/tmp/cursor-sandbox-cache/4c65aa54ac96c8f07bfb504c6ba8867d/nx'), ('LC_TELEPHONE', 'zh_CN.UTF-8'), ('XMODIFIERS', '@im=fcitx'), ('XDG_SESSION_DESKTOP', 'ubuntu'), ('XAUTHORITY', '/run/user/1000/.mutter-Xwaylandauth.5QPML3'), ('LS_COLORS', ''), ('CYPRESS_CACHE_FOLDER', '/tmp/cursor-sandbox-cache/4c65aa54ac96c8f07bfb504c6ba8867d/cypress'), ('CURSOR_TRACE_ID', '50908a5caf184051afb27ef5690b4c64'), ('SSH_AGENT_LAUNCHER', 'gnome-keyring'), ('SSH_AUTH_SOCK', '/run/user/1000/keyring/ssh'), ('PNPM_STORE_PATH', '/tmp/cursor-sandbox-cache/4c65aa54ac96c8f07bfb504c6ba8867d/pnpm-store'), ('AMENT_PREFIX_PATH', '/home/joey/My_orion/install/orion_pybullet_sim:/home/joey/My_orion/install/orion_mtc:/home/joey/My_orion/install/orion_moveit_config:/home/joey/My_orion/install/orion_description:/opt/ros/humble'), ('SHELL', '/bin/bash'), ('CURSOR_SANDBOX', 'native'), ('LC_NAME', 'zh_CN.UTF-8'), ('GOCACHE', '/tmp/cursor-sandbox-cache/4c65aa54ac96c8f07bfb504c6ba8867d/go-build'), ('QT_ACCESSIBILITY', '1'), ('ELECTRON_RUN_AS_NODE', '1'), ('GDMSESSION', 'ubuntu'), ('LESSCLOSE', '/usr/bin/lesspipe %s %s'), ('GIT_HTTP_PROXY', 'http://127.0.0.1:42519'), ('LC_MEASUREMENT', 'zh_CN.UTF-8'), ('GJS_DEBUG_OUTPUT', 'stderr'), ('LC_IDENTIFICATION', 'zh_CN.UTF-8'), ('socks5_proxy', 'socks5://127.0.0.1:40017'), ('QT_IM_MODULE', 'fcitx'), ('NPM_CONFIG_CACHE', '/tmp/cursor-sandbox-cache/4c65aa54ac96c8f07bfb504c6ba8867d/npm'), ('PWD', '/home/joey/My_orion/build/orion_mtc'), ('GRADLE_USER_HOME', '/tmp/cursor-sandbox-cache/4c65aa54ac96c8f07bfb504c6ba8867d/gradle'), ('XDG_CONFIG_DIRS', '/etc/xdg/xdg-ubuntu:/etc/xdg'), ('VSCODE_CODE_CACHE_PATH', '/home/joey/.config/Cursor/CachedData/7d96c2a03bb088ad367615e9da1a3fe20fbbc6a0'), ('XDG_DATA_DIRS', '/usr/share/ubuntu:/usr/local/share/:/usr/share/:/var/lib/snapd/desktop'), ('GIT_HTTPS_PROXY', 'http://127.0.0.1:42519'), ('PYTHONPATH', '/home/joey/My_orion/install/orion_pybullet_sim/lib/python3.10/site-packages:/opt/ros/humble/lib/python3.10/site-packages:/opt/ros/humble/local/lib/python3.10/dist-packages'), ('HTTP_PROXY', 'http://127.0.0.1:42519'), ('LC_NUMERIC', 'zh_CN.UTF-8'), ('TURBO_CACHE_DIR', '/tmp/cursor-sandbox-cache/4c65aa54ac96c8f07bfb504c6ba8867d/turbo'), ('LC_PAPER', 'zh_CN.UTF-8'), ('COLCON', '1'), ('__CURSOR_SANDBOX_ENV_RESTORE', "builtin export HTTP_PROXY='http://127.0.0.1:42519'; builtin export HTTPS_PROXY='http://127.0.0.1:42519'; builtin export http_proxy='http://127.0.0.1:42519'; builtin export https_proxy='http://127.0.0.1:42519'; builtin export GIT_HTTP_PROXY='http://127.0.0.1:42519'; builtin export GIT_HTTPS_PROXY='http://127.0.0.1:42519'; builtin export SOCKS_PROXY='socks5://127.0.0.1:40017'; builtin export SOCKS5_PROXY='socks5://127.0.0.1:40017'; builtin export socks_proxy='socks5://127.0.0.1:40017'; builtin export socks5_proxy='socks5://127.0.0.1:40017'; builtin export ALL_PROXY='http://127.0.0.1:42519'; builtin export all_proxy='http://127.0.0.1:42519'; builtin export NO_PROXY='127.0.0.1,::1,localhost'; builtin export no_proxy='127.0.0.1,::1,localhost'"), ('_ZO_DOCTOR', '0'), ('GEM_SPEC_CACHE', '/tmp/cursor-sandbox-cache/4c65aa54ac96c8f07bfb504c6ba8867d/gem-specs'), ('CURSOR_SANDBOX_LANDLOCK_STATUS', 'fully_enforced'), ('CMAKE_PREFIX_PATH', '/home/joey/My_orion/install/orion_moveit_config:/home/joey/My_orion/install/orion_description:/home/joey/My_orion/install/orion_mtc:/home/joey/My_orion/install/orion_pybullet_sim:/opt/ros/humble'), ('VSCODE_PID', '2267')]), 'shell': False}
[0.040784] (orion_mtc) StdoutLine: {'line': b'Consolidate compiler generated dependencies of target mtc_node\n'}
[0.050927] (orion_mtc) StdoutLine: {'line': b'[ 50%] Building CXX object CMakeFiles/mtc_node.dir/src/mtc_node.cpp.o\n'}
[0.100240] (-) TimerEvent: {}
[0.200712] (-) TimerEvent: {}
[0.301240] (-) TimerEvent: {}
[0.401786] (-) TimerEvent: {}
[0.502342] (-) TimerEvent: {}
[0.606882] (-) TimerEvent: {}
[0.707549] (-) TimerEvent: {}
[0.809301] (-) TimerEvent: {}
[0.910064] (-) TimerEvent: {}
[1.010310] (-) TimerEvent: {}
[1.110493] (-) TimerEvent: {}
[1.210829] (-) TimerEvent: {}
[1.311509] (-) TimerEvent: {}
[1.412174] (-) TimerEvent: {}
[1.512587] (-) TimerEvent: {}
[1.613269] (-) TimerEvent: {}
[1.713933] (-) TimerEvent: {}
[1.814484] (-) TimerEvent: {}
[1.914770] (-) TimerEvent: {}
[2.015534] (-) TimerEvent: {}
[2.116145] (-) TimerEvent: {}
[2.216636] (-) TimerEvent: {}
[2.316904] (-) TimerEvent: {}
[2.417745] (-) TimerEvent: {}
[2.520326] (-) TimerEvent: {}
[2.620559] (-) TimerEvent: {}
[2.720944] (-) TimerEvent: {}
[2.821524] (-) TimerEvent: {}
[2.923621] (-) TimerEvent: {}
[3.024041] (-) TimerEvent: {}
[3.060908] (orion_mtc) StderrLine: {'line': b'/home/joey/My_orion/src/orion_mtc/src/mtc_node.cpp: In constructor \xe2\x80\x98OrionMTCTaskNode::OrionMTCTaskNode(const rclcpp::NodeOptions&)\xe2\x80\x99:\n'}
[3.061258] (orion_mtc) StderrLine: {'line': b'/home/joey/My_orion/src/orion_mtc/src/mtc_node.cpp:88:10: error: \xe2\x80\x98using element_type = class rclcpp::Node\xe2\x80\x99 {aka \xe2\x80\x98class rclcpp::Node\xe2\x80\x99} has no member named \xe2\x80\x98declare_parameter_if_not_declared\xe2\x80\x99\n'}
[3.061450] (orion_mtc) StderrLine: {'line': b'   88 |   node_->declare_parameter_if_not_declared("approach_object_min_dist", rclcpp::ParameterValue(0.10));\n'}
[3.061637] (orion_mtc) StderrLine: {'line': b'      |          ^~~~~~~~~~~~~~~~~~~~~~~~~~~~~~~~~\n'}
[3.061824] (orion_mtc) StderrLine: {'line': b'/home/joey/My_orion/src/orion_mtc/src/mtc_node.cpp:89:10: error: \xe2\x80\x98using element_type = class rclcpp::Node\xe2\x80\x99 {aka \xe2\x80\x98class rclcpp::Node\xe2\x80\x99} has no member named \xe2\x80\x98declare_parameter_if_not_declared\xe2\x80\x99\n'}
[3.061985] (orion_mtc) StderrLine: {'line': b'   89 |   node_->declare_parameter_if_not_declared("approach_object_max_dist", rclcpp::ParameterValue(0.15));\n'}
[3.062135] (orion_mtc) StderrLine: {'line': b'      |          ^~~~~~~~~~~~~~~~~~~~~~~~~~~~~~~~~\n'}
[3.062264] (orion_mtc) StderrLine: {'line': b'/home/joey/My_orion/src/orion_mtc/src/mtc_node.cpp:90:10: error: \xe2\x80\x98using element_type = class rclcpp::Node\xe2\x80\x99 {aka \xe2\x80\x98class rclcpp::Node\xe2\x80\x99} has no member named \xe2\x80\x98declare_parameter_if_not_declared\xe2\x80\x99\n'}
[3.062287] (orion_mtc) StderrLine: {'line': b'   90 |   node_->declare_parameter_if_not_declared("lift_object_min_dist", rclcpp::ParameterValue(0.05));\n'}
[3.062308] (orion_mtc) StderrLine: {'line': b'      |          ^~~~~~~~~~~~~~~~~~~~~~~~~~~~~~~~~\n'}
[3.062329] (orion_mtc) StderrLine: {'line': b'/home/joey/My_orion/src/orion_mtc/src/mtc_node.cpp:91:10: error: \xe2\x80\x98using element_type = class rclcpp::Node\xe2\x80\x99 {aka \xe2\x80\x98class rclcpp::Node\xe2\x80\x99} has no member named \xe2\x80\x98declare_parameter_if_not_declared\xe2\x80\x99\n'}
[3.062350] (orion_mtc) StderrLine: {'line': b'   91 |   node_->declare_parameter_if_not_declared("lift_object_max_dist", rclcpp::ParameterValue(0.25));\n'}
[3.062370] (orion_mtc) StderrLine: {'line': b'      |          ^~~~~~~~~~~~~~~~~~~~~~~~~~~~~~~~~\n'}
[3.062390] (orion_mtc) StderrLine: {'line': b'/home/joey/My_orion/src/orion_mtc/src/mtc_node.cpp:92:10: error: \xe2\x80\x98using element_type = class rclcpp::Node\xe2\x80\x99 {aka \xe2\x80\x98class rclcpp::Node\xe2\x80\x99} has no member named \xe2\x80\x98declare_parameter_if_not_declared\xe2\x80\x99\n'}
[3.062411] (orion_mtc) StderrLine: {'line': b'   92 |   node_->declare_parameter_if_not_declared("support_surface_link", rclcpp::ParameterValue(""));\n'}
[3.062432] (orion_mtc) StderrLine: {'line': b'      |          ^~~~~~~~~~~~~~~~~~~~~~~~~~~~~~~~~\n'}
[3.062453] (orion_mtc) StderrLine: {'line': b'/home/joey/My_orion/src/orion_mtc/src/mtc_node.cpp:93:10: error: \xe2\x80\x98using element_type = class rclcpp::Node\xe2\x80\x99 {aka \xe2\x80\x98class rclcpp::Node\xe2\x80\x99} has no member named \xe2\x80\x98declare_parameter_if_not_declared\xe2\x80\x99\n'}
[3.062474] (orion_mtc) StderrLine: {'line': b'   93 |   node_->declare_parameter_if_not_declared("place_pose_x", rclcpp::ParameterValue(0.35));\n'}
[3.062496] (orion_mtc) StderrLine: {'line': b'      |          ^~~~~~~~~~~~~~~~~~~~~~~~~~~~~~~~~\n'}
[3.062516] (orion_mtc) StderrLine: {'line': b'/home/joey/My_orion/src/orion_mtc/src/mtc_node.cpp:94:10: error: \xe2\x80\x98using element_type = class rclcpp::Node\xe2\x80\x99 {aka \xe2\x80\x98class rclcpp::Node\xe2\x80\x99} has no member named \xe2\x80\x98declare_parameter_if_not_declared\xe2\x80\x99\n'}
[3.062537] (orion_mtc) StderrLine: {'line': b'   94 |   node_->declare_parameter_if_not_declared("place_pose_y", rclcpp::ParameterValue(0.15));\n'}
[3.062557] (orion_mtc) StderrLine: {'line': b'      |          ^~~~~~~~~~~~~~~~~~~~~~~~~~~~~~~~~\n'}
[3.062577] (orion_mtc) StderrLine: {'line': b'/home/joey/My_orion/src/orion_mtc/src/mtc_node.cpp:95:10: error: \xe2\x80\x98using element_type = class rclcpp::Node\xe2\x80\x99 {aka \xe2\x80\x98class rclcpp::Node\xe2\x80\x99} has no member named \xe2\x80\x98declare_parameter_if_not_declared\xe2\x80\x99\n'}
[3.062597] (orion_mtc) StderrLine: {'line': b'   95 |   node_->declare_parameter_if_not_declared("place_pose_z", rclcpp::ParameterValue(0.4));\n'}
[3.062617] (orion_mtc) StderrLine: {'line': b'      |          ^~~~~~~~~~~~~~~~~~~~~~~~~~~~~~~~~\n'}
[3.062636] (orion_mtc) StderrLine: {'line': b'/home/joey/My_orion/src/orion_mtc/src/mtc_node.cpp:96:10: error: \xe2\x80\x98using element_type = class rclcpp::Node\xe2\x80\x99 {aka \xe2\x80\x98class rclcpp::Node\xe2\x80\x99} has no member named \xe2\x80\x98declare_parameter_if_not_declared\xe2\x80\x99\n'}
[3.062658] (orion_mtc) StderrLine: {'line': b'   96 |   node_->declare_parameter_if_not_declared("place_pose_qx", rclcpp::ParameterValue(0.0));\n'}
[3.062678] (orion_mtc) StderrLine: {'line': b'      |          ^~~~~~~~~~~~~~~~~~~~~~~~~~~~~~~~~\n'}
[3.062697] (orion_mtc) StderrLine: {'line': b'/home/joey/My_orion/src/orion_mtc/src/mtc_node.cpp:97:10: error: \xe2\x80\x98using element_type = class rclcpp::Node\xe2\x80\x99 {aka \xe2\x80\x98class rclcpp::Node\xe2\x80\x99} has no member named \xe2\x80\x98declare_parameter_if_not_declared\xe2\x80\x99\n'}
[3.062718] (orion_mtc) StderrLine: {'line': b'   97 |   node_->declare_parameter_if_not_declared("place_pose_qy", rclcpp::ParameterValue(0.0));\n'}
[3.062737] (orion_mtc) StderrLine: {'line': b'      |          ^~~~~~~~~~~~~~~~~~~~~~~~~~~~~~~~~\n'}
[3.062756] (orion_mtc) StderrLine: {'line': b'/home/joey/My_orion/src/orion_mtc/src/mtc_node.cpp:98:10: error: \xe2\x80\x98using element_type = class rclcpp::Node\xe2\x80\x99 {aka \xe2\x80\x98class rclcpp::Node\xe2\x80\x99} has no member named \xe2\x80\x98declare_parameter_if_not_declared\xe2\x80\x99\n'}
[3.062775] (orion_mtc) StderrLine: {'line': b'   98 |   node_->declare_parameter_if_not_declared("place_pose_qz", rclcpp::ParameterValue(0.0));\n'}
[3.062796] (orion_mtc) StderrLine: {'line': b'      |          ^~~~~~~~~~~~~~~~~~~~~~~~~~~~~~~~~\n'}
[3.062815] (orion_mtc) StderrLine: {'line': b'/home/joey/My_orion/src/orion_mtc/src/mtc_node.cpp:99:10: error: \xe2\x80\x98using element_type = class rclcpp::Node\xe2\x80\x99 {aka \xe2\x80\x98class rclcpp::Node\xe2\x80\x99} has no member named \xe2\x80\x98declare_parameter_if_not_declared\xe2\x80\x99\n'}
[3.062837] (orion_mtc) StderrLine: {'line': b'   99 |   node_->declare_parameter_if_not_declared("place_pose_qw", rclcpp::ParameterValue(1.0));\n'}
[3.062856] (orion_mtc) StderrLine: {'line': b'      |          ^~~~~~~~~~~~~~~~~~~~~~~~~~~~~~~~~\n'}
[3.062875] (orion_mtc) StderrLine: {'line': b'/home/joey/My_orion/src/orion_mtc/src/mtc_node.cpp:100:10: error: \xe2\x80\x98using element_type = class rclcpp::Node\xe2\x80\x99 {aka \xe2\x80\x98class rclcpp::Node\xe2\x80\x99} has no member named \xe2\x80\x98declare_parameter_if_not_declared\xe2\x80\x99\n'}
[3.062894] (orion_mtc) StderrLine: {'line': b'  100 |   node_->declare_parameter_if_not_declared("retreat_min_dist", rclcpp::ParameterValue(0.12));\n'}
[3.062913] (orion_mtc) StderrLine: {'line': b'      |          ^~~~~~~~~~~~~~~~~~~~~~~~~~~~~~~~~\n'}
[3.062932] (orion_mtc) StderrLine: {'line': b'/home/joey/My_orion/src/orion_mtc/src/mtc_node.cpp:101:10: error: \xe2\x80\x98using element_type = class rclcpp::Node\xe2\x80\x99 {aka \xe2\x80\x98class rclcpp::Node\xe2\x80\x99} has no member named \xe2\x80\x98declare_parameter_if_not_declared\xe2\x80\x99\n'}
[3.062951] (orion_mtc) StderrLine: {'line': b'  101 |   node_->declare_parameter_if_not_declared("retreat_max_dist", rclcpp::ParameterValue(0.25));\n'}
[3.062970] (orion_mtc) StderrLine: {'line': b'      |          ^~~~~~~~~~~~~~~~~~~~~~~~~~~~~~~~~\n'}
[3.062989] (orion_mtc) StderrLine: {'line': b'/home/joey/My_orion/src/orion_mtc/src/mtc_node.cpp:102:10: error: \xe2\x80\x98using element_type = class rclcpp::Node\xe2\x80\x99 {aka \xe2\x80\x98class rclcpp::Node\xe2\x80\x99} has no member named \xe2\x80\x98declare_parameter_if_not_declared\xe2\x80\x99\n'}
[3.063009] (orion_mtc) StderrLine: {'line': b'  102 |   node_->declare_parameter_if_not_declared("lower_to_place_min_dist", rclcpp::ParameterValue(0.05));\n'}
[3.063028] (orion_mtc) StderrLine: {'line': b'      |          ^~~~~~~~~~~~~~~~~~~~~~~~~~~~~~~~~\n'}
[3.063047] (orion_mtc) StderrLine: {'line': b'/home/joey/My_orion/src/orion_mtc/src/mtc_node.cpp:103:10: error: \xe2\x80\x98using element_type = class rclcpp::Node\xe2\x80\x99 {aka \xe2\x80\x98class rclcpp::Node\xe2\x80\x99} has no member named \xe2\x80\x98declare_parameter_if_not_declared\xe2\x80\x99\n'}
[3.063065] (orion_mtc) StderrLine: {'line': b'  103 |   node_->declare_parameter_if_not_declared("lower_to_place_max_dist", rclcpp::ParameterValue(0.12));\n'}
[3.063084] (orion_mtc) StderrLine: {'line': b'      |          ^~~~~~~~~~~~~~~~~~~~~~~~~~~~~~~~~\n'}
[3.063102] (orion_mtc) StderrLine: {'line': b'/home/joey/My_orion/src/orion_mtc/src/mtc_node.cpp:104:10: error: \xe2\x80\x98using element_type = class rclcpp::Node\xe2\x80\x99 {aka \xe2\x80\x98class rclcpp::Node\xe2\x80\x99} has no member named \xe2\x80\x98declare_parameter_if_not_declared\xe2\x80\x99\n'}
[3.063122] (orion_mtc) StderrLine: {'line': b'  104 |   node_->declare_parameter_if_not_declared("object_position_x", rclcpp::ParameterValue(0.35));\n'}
[3.063142] (orion_mtc) StderrLine: {'line': b'      |          ^~~~~~~~~~~~~~~~~~~~~~~~~~~~~~~~~\n'}
[3.063160] (orion_mtc) StderrLine: {'line': b'/home/joey/My_orion/src/orion_mtc/src/mtc_node.cpp:105:10: error: \xe2\x80\x98using element_type = class rclcpp::Node\xe2\x80\x99 {aka \xe2\x80\x98class rclcpp::Node\xe2\x80\x99} has no member named \xe2\x80\x98declare_parameter_if_not_declared\xe2\x80\x99\n'}
[3.063181] (orion_mtc) StderrLine: {'line': b'  105 |   node_->declare_parameter_if_not_declared("object_position_y", rclcpp::ParameterValue(-0.15));\n'}
[3.063200] (orion_mtc) StderrLine: {'line': b'      |          ^~~~~~~~~~~~~~~~~~~~~~~~~~~~~~~~~\n'}
[3.063219] (orion_mtc) StderrLine: {'line': b'/home/joey/My_orion/src/orion_mtc/src/mtc_node.cpp:106:10: error: \xe2\x80\x98using element_type = class rclcpp::Node\xe2\x80\x99 {aka \xe2\x80\x98class rclcpp::Node\xe2\x80\x99} has no member named \xe2\x80\x98declare_parameter_if_not_declared\xe2\x80\x99\n'}
[3.063237] (orion_mtc) StderrLine: {'line': b'  106 |   node_->declare_parameter_if_not_declared("object_position_z", rclcpp::ParameterValue(0.4));\n'}
[3.063256] (orion_mtc) StderrLine: {'line': b'      |          ^~~~~~~~~~~~~~~~~~~~~~~~~~~~~~~~~\n'}
[3.063274] (orion_mtc) StderrLine: {'line': b'/home/joey/My_orion/src/orion_mtc/src/mtc_node.cpp:107:10: error: \xe2\x80\x98using element_type = class rclcpp::Node\xe2\x80\x99 {aka \xe2\x80\x98class rclcpp::Node\xe2\x80\x99} has no member named \xe2\x80\x98declare_parameter_if_not_declared\xe2\x80\x99\n'}
[3.063294] (orion_mtc) StderrLine: {'line': b'  107 |   node_->declare_parameter_if_not_declared("pregrasp_x", rclcpp::ParameterValue(0.40));\n'}
[3.063312] (orion_mtc) StderrLine: {'line': b'      |          ^~~~~~~~~~~~~~~~~~~~~~~~~~~~~~~~~\n'}
[3.063331] (orion_mtc) StderrLine: {'line': b'/home/joey/My_orion/src/orion_mtc/src/mtc_node.cpp:108:10: error: \xe2\x80\x98using element_type = class rclcpp::Node\xe2\x80\x99 {aka \xe2\x80\x98class rclcpp::Node\xe2\x80\x99} has no member named \xe2\x80\x98declare_parameter_if_not_declared\xe2\x80\x99\n'}
[3.063350] (orion_mtc) StderrLine: {'line': b'  108 |   node_->declare_parameter_if_not_declared("pregrasp_y", rclcpp::ParameterValue(-0.15));\n'}
[3.063368] (orion_mtc) StderrLine: {'line': b'      |          ^~~~~~~~~~~~~~~~~~~~~~~~~~~~~~~~~\n'}
[3.063387] (orion_mtc) StderrLine: {'line': b'/home/joey/My_orion/src/orion_mtc/src/mtc_node.cpp:109:10: error: \xe2\x80\x98using element_type = class rclcpp::Node\xe2\x80\x99 {aka \xe2\x80\x98class rclcpp::Node\xe2\x80\x99} has no member named \xe2\x80\x98declare_parameter_if_not_declared\xe2\x80\x99\n'}
[3.063488] (orion_mtc) StderrLine: {'line': b'  109 |   node_->declare_parameter_if_not_declared("pregrasp_z", rclcpp::ParameterValue(0.62));\n'}
[3.063557] (orion_mtc) StderrLine: {'line': b'      |          ^~~~~~~~~~~~~~~~~~~~~~~~~~~~~~~~~\n'}
[3.124466] (-) TimerEvent: {}
[3.225004] (-) TimerEvent: {}
[3.325609] (-) TimerEvent: {}
[3.426157] (-) TimerEvent: {}
[3.526377] (-) TimerEvent: {}
[3.626994] (-) TimerEvent: {}
[3.727173] (-) TimerEvent: {}
[3.827666] (-) TimerEvent: {}
[3.927887] (-) TimerEvent: {}
[4.028497] (-) TimerEvent: {}
[4.129083] (-) TimerEvent: {}
[4.229442] (-) TimerEvent: {}
[4.329970] (-) TimerEvent: {}
[4.430206] (-) TimerEvent: {}
[4.530726] (-) TimerEvent: {}
[4.631294] (-) TimerEvent: {}
[4.731849] (-) TimerEvent: {}
[4.832407] (-) TimerEvent: {}
[4.932994] (-) TimerEvent: {}
[5.033396] (-) TimerEvent: {}
[5.133928] (-) TimerEvent: {}
[5.234656] (-) TimerEvent: {}
[5.335186] (-) TimerEvent: {}
[5.435414] (-) TimerEvent: {}
[5.535729] (-) TimerEvent: {}
[5.636095] (-) TimerEvent: {}
[5.736546] (-) TimerEvent: {}
[5.836878] (-) TimerEvent: {}
[5.850553] (orion_mtc) StderrLine: {'line': b'gmake[2]: *** [CMakeFiles/mtc_node.dir/build.make:76\xef\xbc\x9aCMakeFiles/mtc_node.dir/src/mtc_node.cpp.o] \xe9\x94\x99\xe8\xaf\xaf 1\n'}
[5.851059] (orion_mtc) StderrLine: {'line': b'gmake[1]: *** [CMakeFiles/Makefile2:137\xef\xbc\x9aCMakeFiles/mtc_node.dir/all] \xe9\x94\x99\xe8\xaf\xaf 2\n'}
[5.851314] (orion_mtc) StderrLine: {'line': b'gmake: *** [Makefile:146\xef\xbc\x9aall] \xe9\x94\x99\xe8\xaf\xaf 2\n'}
[5.853551] (orion_mtc) CommandEnded: {'returncode': 2}
[5.860833] (orion_mtc) JobEnded: {'identifier': 'orion_mtc', 'rc': 2}
[5.871559] (-) EventReactorShutdown: {}
