[0.028s] Invoking command in '/home/huzy/My_orion/build/orion_mtc': AMENT_PREFIX_PATH=/home/huzy/My_orion/install/orion_pybullet_sim:/home/huzy/My_orion/install/orion_mtc:/home/huzy/My_orion/install/orion_moveit_config:/home/huzy/My_orion/install/orion_description:/opt/ros/humble CMAKE_PREFIX_PATH=/home/huzy/My_orion/install/orion_moveit_config:/home/huzy/My_orion/install/orion_description:/home/huzy/My_orion/install/orion_mtc:/home/huzy/My_orion/install/orion_pybullet_sim:/opt/ros/humble /usr/bin/cmake --build /home/huzy/My_orion/build/orion_mtc -- -j8 -l8
[0.139s] Consolidate compiler generated dependencies of target mtc_node
[0.178s] [ 50%] Building CXX object CMakeFiles/mtc_node.dir/src/mtc_node.cpp.o
[18.551s] [100%] Linking CXX executable mtc_node
[19.575s] [100%] Built target mtc_node
[19.593s] Invoked command in '/home/huzy/My_orion/build/orion_mtc' returned '0': AMENT_PREFIX_PATH=/home/huzy/My_orion/install/orion_pybullet_sim:/home/huzy/My_orion/install/orion_mtc:/home/huzy/My_orion/install/orion_moveit_config:/home/huzy/My_orion/install/orion_description:/opt/ros/humble CMAKE_PREFIX_PATH=/home/huzy/My_orion/install/orion_moveit_config:/home/huzy/My_orion/install/orion_description:/home/huzy/My_orion/install/orion_mtc:/home/huzy/My_orion/install/orion_pybullet_sim:/opt/ros/humble /usr/bin/cmake --build /home/huzy/My_orion/build/orion_mtc -- -j8 -l8
[19.612s] Invoking command in '/home/huzy/My_orion/build/orion_mtc': AMENT_PREFIX_PATH=/home/huzy/My_orion/install/orion_pybullet_sim:/home/huzy/My_orion/install/orion_mtc:/home/huzy/My_orion/install/orion_moveit_config:/home/huzy/My_orion/install/orion_description:/opt/ros/humble CMAKE_PREFIX_PATH=/home/huzy/My_orion/install/orion_moveit_config:/home/huzy/My_orion/install/orion_description:/home/huzy/My_orion/install/orion_mtc:/home/huzy/My_orion/install/orion_pybullet_sim:/opt/ros/humble /usr/bin/cmake --install /home/huzy/My_orion/build/orion_mtc
[19.628s] -- Install configuration: ""
[19.628s] -- Installing: /home/huzy/My_orion/install/orion_mtc/lib/orion_mtc/mtc_node
[19.636s] -- Set runtime path of "/home/huzy/My_orion/install/orion_mtc/lib/orion_mtc/mtc_node" to ""
[19.636s] -- Up-to-date: /home/huzy/My_orion/install/orion_mtc/share/orion_mtc/launch
[19.636s] -- Up-to-date: /home/huzy/My_orion/install/orion_mtc/share/orion_mtc/launch/pick_place_pybullet.launch.py
[19.636s] -- Up-to-date: /home/huzy/My_orion/install/orion_mtc/share/orion_mtc/config
[19.636s] -- Up-to-date: /home/huzy/My_orion/install/orion_mtc/share/orion_mtc/config/pick_place_params.yaml
[19.636s] -- Up-to-date: /home/huzy/My_orion/install/orion_mtc/share/ament_index/resource_index/package_run_dependencies/orion_mtc
[19.636s] -- Up-to-date: /home/huzy/My_orion/install/orion_mtc/share/ament_index/resource_index/parent_prefix_path/orion_mtc
[19.636s] -- Up-to-date: /home/huzy/My_orion/install/orion_mtc/share/orion_mtc/environment/ament_prefix_path.sh
[19.636s] -- Up-to-date: /home/huzy/My_orion/install/orion_mtc/share/orion_mtc/environment/ament_prefix_path.dsv
[19.636s] -- Up-to-date: /home/huzy/My_orion/install/orion_mtc/share/orion_mtc/environment/path.sh
[19.636s] -- Up-to-date: /home/huzy/My_orion/install/orion_mtc/share/orion_mtc/environment/path.dsv
[19.637s] -- Up-to-date: /home/huzy/My_orion/install/orion_mtc/share/orion_mtc/local_setup.bash
[19.637s] -- Up-to-date: /home/huzy/My_orion/install/orion_mtc/share/orion_mtc/local_setup.sh
[19.637s] -- Up-to-date: /home/huzy/My_orion/install/orion_mtc/share/orion_mtc/local_setup.zsh
[19.637s] -- Up-to-date: /home/huzy/My_orion/install/orion_mtc/share/orion_mtc/local_setup.dsv
[19.638s] -- Installing: /home/huzy/My_orion/install/orion_mtc/share/orion_mtc/package.dsv
[19.639s] -- Up-to-date: /home/huzy/My_orion/install/orion_mtc/share/ament_index/resource_index/packages/orion_mtc
[19.639s] -- Up-to-date: /home/huzy/My_orion/install/orion_mtc/share/orion_mtc/cmake/orion_mtcConfig.cmake
[19.639s] -- Up-to-date: /home/huzy/My_orion/install/orion_mtc/share/orion_mtc/cmake/orion_mtcConfig-version.cmake
[19.639s] -- Up-to-date: /home/huzy/My_orion/install/orion_mtc/share/orion_mtc/package.xml
[19.640s] Invoked command in '/home/huzy/My_orion/build/orion_mtc' returned '0': AMENT_PREFIX_PATH=/home/huzy/My_orion/install/orion_pybullet_sim:/home/huzy/My_orion/install/orion_mtc:/home/huzy/My_orion/install/orion_moveit_config:/home/huzy/My_orion/install/orion_description:/opt/ros/humble CMAKE_PREFIX_PATH=/home/huzy/My_orion/install/orion_moveit_config:/home/huzy/My_orion/install/orion_description:/home/huzy/My_orion/install/orion_mtc:/home/huzy/My_orion/install/orion_pybullet_sim:/opt/ros/humble /usr/bin/cmake --install /home/huzy/My_orion/build/orion_mtc
