[0.122s] DEBUG:colcon:Command line arguments: ['/usr/bin/colcon', 'build']
[0.122s] DEBUG:colcon:Parsed command line arguments: Namespace(log_base=None, log_level=None, verb_name='build', build_base='build', install_base='install', merge_install=False, symlink_install=False, test_result_base=None, continue_on_error=False, executor='parallel', parallel_workers=4, event_handlers=None, ignore_user_meta=False, metas=['./colcon.meta'], base_paths=['.'], packages_ignore=None, packages_ignore_regex=None, paths=None, packages_up_to=None, packages_up_to_regex=None, packages_above=None, packages_above_and_dependencies=None, packages_above_depth=None, packages_select_by_dep=None, packages_skip_by_dep=None, packages_skip_up_to=None, packages_select_build_failed=False, packages_skip_build_finished=False, packages_select_test_failures=False, packages_skip_test_passed=False, packages_select=None, packages_skip=None, packages_select_regex=None, packages_skip_regex=None, packages_start=None, packages_end=None, allow_overriding=[], cmake_args=None, cmake_target=None, cmake_target_skip_unavailable=False, cmake_clean_cache=False, cmake_clean_first=False, cmake_force_configure=False, ament_cmake_args=None, catkin_cmake_args=None, catkin_skip_building_tests=False, mixin_files=None, mixin=None, verb_parser=<colcon_mixin.mixin.mixin_argument.MixinArgumentDecorator object at 0x78afd1d4d300>, verb_extension=<colcon_core.verb.build.BuildVerb object at 0x78afd1d4cbe0>, main=<bound method BuildVerb.main of <colcon_core.verb.build.BuildVerb object at 0x78afd1d4cbe0>>, mixin_verb=('build',))
[0.231s] Level 1:colcon.colcon_core.package_discovery:discover_packages(colcon_meta) check parameters
[0.232s] Level 1:colcon.colcon_core.package_discovery:discover_packages(recursive) check parameters
[0.232s] Level 1:colcon.colcon_core.package_discovery:discover_packages(ignore) check parameters
[0.232s] Level 1:colcon.colcon_core.package_discovery:discover_packages(path) check parameters
[0.232s] Level 1:colcon.colcon_core.package_discovery:discover_packages(colcon_meta) discover
[0.232s] Level 1:colcon.colcon_core.package_discovery:discover_packages(recursive) discover
[0.232s] INFO:colcon.colcon_core.package_discovery:Crawling recursively for packages in '/home/joey/My_orion'
[0.232s] Level 1:colcon.colcon_core.package_identification:_identify(.) by extensions ['ignore', 'ignore_ament_install']
[0.232s] Level 1:colcon.colcon_core.package_identification:_identify(.) by extension 'ignore'
[0.232s] Level 1:colcon.colcon_core.package_identification:_identify(.) by extension 'ignore_ament_install'
[0.232s] Level 1:colcon.colcon_core.package_identification:_identify(.) by extensions ['colcon_pkg']
[0.232s] Level 1:colcon.colcon_core.package_identification:_identify(.) by extension 'colcon_pkg'
[0.232s] Level 1:colcon.colcon_core.package_identification:_identify(.) by extensions ['colcon_meta']
[0.232s] Level 1:colcon.colcon_core.package_identification:_identify(.) by extension 'colcon_meta'
[0.232s] Level 1:colcon.colcon_core.package_identification:_identify(.) by extensions ['ros']
[0.232s] Level 1:colcon.colcon_core.package_identification:_identify(.) by extension 'ros'
[0.238s] Level 1:colcon.colcon_core.package_identification:_identify(.) by extensions ['cmake', 'python']
[0.238s] Level 1:colcon.colcon_core.package_identification:_identify(.) by extension 'cmake'
[0.238s] Level 1:colcon.colcon_core.package_identification:_identify(.) by extension 'python'
[0.238s] Level 1:colcon.colcon_core.package_identification:_identify(.) by extensions ['python_setup_py']
[0.238s] Level 1:colcon.colcon_core.package_identification:_identify(.) by extension 'python_setup_py'
[0.238s] Level 1:colcon.colcon_core.package_identification:_identify(build) by extensions ['ignore', 'ignore_ament_install']
[0.239s] Level 1:colcon.colcon_core.package_identification:_identify(build) by extension 'ignore'
[0.239s] Level 1:colcon.colcon_core.package_identification:_identify(build) ignored
[0.239s] Level 1:colcon.colcon_core.package_identification:_identify(install) by extensions ['ignore', 'ignore_ament_install']
[0.239s] Level 1:colcon.colcon_core.package_identification:_identify(install) by extension 'ignore'
[0.239s] Level 1:colcon.colcon_core.package_identification:_identify(install) ignored
[0.239s] Level 1:colcon.colcon_core.package_identification:_identify(log) by extensions ['ignore', 'ignore_ament_install']
[0.239s] Level 1:colcon.colcon_core.package_identification:_identify(log) by extension 'ignore'
[0.239s] Level 1:colcon.colcon_core.package_identification:_identify(log) ignored
[0.239s] Level 1:colcon.colcon_core.package_identification:_identify(src) by extensions ['ignore', 'ignore_ament_install']
[0.239s] Level 1:colcon.colcon_core.package_identification:_identify(src) by extension 'ignore'
[0.239s] Level 1:colcon.colcon_core.package_identification:_identify(src) by extension 'ignore_ament_install'
[0.239s] Level 1:colcon.colcon_core.package_identification:_identify(src) by extensions ['colcon_pkg']
[0.239s] Level 1:colcon.colcon_core.package_identification:_identify(src) by extension 'colcon_pkg'
[0.239s] Level 1:colcon.colcon_core.package_identification:_identify(src) by extensions ['colcon_meta']
[0.239s] Level 1:colcon.colcon_core.package_identification:_identify(src) by extension 'colcon_meta'
[0.239s] Level 1:colcon.colcon_core.package_identification:_identify(src) by extensions ['ros']
[0.239s] Level 1:colcon.colcon_core.package_identification:_identify(src) by extension 'ros'
[0.239s] Level 1:colcon.colcon_core.package_identification:_identify(src) by extensions ['cmake', 'python']
[0.239s] Level 1:colcon.colcon_core.package_identification:_identify(src) by extension 'cmake'
[0.239s] Level 1:colcon.colcon_core.package_identification:_identify(src) by extension 'python'
[0.239s] Level 1:colcon.colcon_core.package_identification:_identify(src) by extensions ['python_setup_py']
[0.239s] Level 1:colcon.colcon_core.package_identification:_identify(src) by extension 'python_setup_py'
[0.239s] Level 1:colcon.colcon_core.package_identification:_identify(src/orion_description) by extensions ['ignore', 'ignore_ament_install']
[0.239s] Level 1:colcon.colcon_core.package_identification:_identify(src/orion_description) by extension 'ignore'
[0.239s] Level 1:colcon.colcon_core.package_identification:_identify(src/orion_description) by extension 'ignore_ament_install'
[0.239s] Level 1:colcon.colcon_core.package_identification:_identify(src/orion_description) by extensions ['colcon_pkg']
[0.239s] Level 1:colcon.colcon_core.package_identification:_identify(src/orion_description) by extension 'colcon_pkg'
[0.239s] Level 1:colcon.colcon_core.package_identification:_identify(src/orion_description) by extensions ['colcon_meta']
[0.239s] Level 1:colcon.colcon_core.package_identification:_identify(src/orion_description) by extension 'colcon_meta'
[0.239s] Level 1:colcon.colcon_core.package_identification:_identify(src/orion_description) by extensions ['ros']
[0.239s] Level 1:colcon.colcon_core.package_identification:_identify(src/orion_description) by extension 'ros'
[0.241s] DEBUG:colcon.colcon_core.package_identification:Package 'src/orion_description' with type 'ros.ament_cmake' and name 'orion_description'
[0.241s] Level 1:colcon.colcon_core.package_identification:_identify(src/orion_moveit_config) by extensions ['ignore', 'ignore_ament_install']
[0.241s] Level 1:colcon.colcon_core.package_identification:_identify(src/orion_moveit_config) by extension 'ignore'
[0.241s] Level 1:colcon.colcon_core.package_identification:_identify(src/orion_moveit_config) by extension 'ignore_ament_install'
[0.241s] Level 1:colcon.colcon_core.package_identification:_identify(src/orion_moveit_config) by extensions ['colcon_pkg']
[0.241s] Level 1:colcon.colcon_core.package_identification:_identify(src/orion_moveit_config) by extension 'colcon_pkg'
[0.241s] Level 1:colcon.colcon_core.package_identification:_identify(src/orion_moveit_config) by extensions ['colcon_meta']
[0.241s] Level 1:colcon.colcon_core.package_identification:_identify(src/orion_moveit_config) by extension 'colcon_meta'
[0.241s] Level 1:colcon.colcon_core.package_identification:_identify(src/orion_moveit_config) by extensions ['ros']
[0.241s] Level 1:colcon.colcon_core.package_identification:_identify(src/orion_moveit_config) by extension 'ros'
[0.241s] DEBUG:colcon.colcon_core.package_identification:Package 'src/orion_moveit_config' with type 'ros.ament_cmake' and name 'orion_moveit_config'
[0.241s] Level 1:colcon.colcon_core.package_identification:_identify(src/orion_mtc) by extensions ['ignore', 'ignore_ament_install']
[0.242s] Level 1:colcon.colcon_core.package_identification:_identify(src/orion_mtc) by extension 'ignore'
[0.242s] Level 1:colcon.colcon_core.package_identification:_identify(src/orion_mtc) by extension 'ignore_ament_install'
[0.242s] Level 1:colcon.colcon_core.package_identification:_identify(src/orion_mtc) by extensions ['colcon_pkg']
[0.242s] Level 1:colcon.colcon_core.package_identification:_identify(src/orion_mtc) by extension 'colcon_pkg'
[0.242s] Level 1:colcon.colcon_core.package_identification:_identify(src/orion_mtc) by extensions ['colcon_meta']
[0.242s] Level 1:colcon.colcon_core.package_identification:_identify(src/orion_mtc) by extension 'colcon_meta'
[0.242s] Level 1:colcon.colcon_core.package_identification:_identify(src/orion_mtc) by extensions ['ros']
[0.242s] Level 1:colcon.colcon_core.package_identification:_identify(src/orion_mtc) by extension 'ros'
[0.242s] DEBUG:colcon.colcon_core.package_identification:Package 'src/orion_mtc' with type 'ros.ament_cmake' and name 'orion_mtc'
[0.242s] Level 1:colcon.colcon_core.package_identification:_identify(src/orion_pybullet_sim) by extensions ['ignore', 'ignore_ament_install']
[0.242s] Level 1:colcon.colcon_core.package_identification:_identify(src/orion_pybullet_sim) by extension 'ignore'
[0.242s] Level 1:colcon.colcon_core.package_identification:_identify(src/orion_pybullet_sim) by extension 'ignore_ament_install'
[0.242s] Level 1:colcon.colcon_core.package_identification:_identify(src/orion_pybullet_sim) by extensions ['colcon_pkg']
[0.242s] Level 1:colcon.colcon_core.package_identification:_identify(src/orion_pybullet_sim) by extension 'colcon_pkg'
[0.242s] Level 1:colcon.colcon_core.package_identification:_identify(src/orion_pybullet_sim) by extensions ['colcon_meta']
[0.242s] Level 1:colcon.colcon_core.package_identification:_identify(src/orion_pybullet_sim) by extension 'colcon_meta'
[0.242s] Level 1:colcon.colcon_core.package_identification:_identify(src/orion_pybullet_sim) by extensions ['ros']
[0.243s] Level 1:colcon.colcon_core.package_identification:_identify(src/orion_pybullet_sim) by extension 'ros'
[0.243s] DEBUG:colcon.colcon_core.package_identification:Package 'src/orion_pybullet_sim' with type 'ros.ament_python' and name 'orion_pybullet_sim'
[0.243s] Level 1:colcon.colcon_core.package_discovery:discover_packages(recursive) using defaults
[0.243s] Level 1:colcon.colcon_core.package_discovery:discover_packages(ignore) discover
[0.243s] Level 1:colcon.colcon_core.package_discovery:discover_packages(ignore) using defaults
[0.243s] Level 1:colcon.colcon_core.package_discovery:discover_packages(path) discover
[0.243s] Level 1:colcon.colcon_core.package_discovery:discover_packages(path) using defaults
[0.264s] Level 1:colcon.colcon_core.package_discovery:discover_packages(prefix_path) check parameters
[0.264s] Level 1:colcon.colcon_core.package_discovery:discover_packages(prefix_path) discover
[0.266s] DEBUG:colcon.colcon_installed_package_information.package_discovery:Found 358 installed packages in /opt/ros/humble
[0.267s] Level 1:colcon.colcon_core.package_discovery:discover_packages(prefix_path) using defaults
[0.288s] Level 5:colcon.colcon_core.verb:set package 'orion_description' build argument 'cmake_args' from command line to 'None'
[0.288s] Level 5:colcon.colcon_core.verb:set package 'orion_description' build argument 'cmake_target' from command line to 'None'
[0.288s] Level 5:colcon.colcon_core.verb:set package 'orion_description' build argument 'cmake_target_skip_unavailable' from command line to 'False'
[0.288s] Level 5:colcon.colcon_core.verb:set package 'orion_description' build argument 'cmake_clean_cache' from command line to 'False'
[0.288s] Level 5:colcon.colcon_core.verb:set package 'orion_description' build argument 'cmake_clean_first' from command line to 'False'
[0.288s] Level 5:colcon.colcon_core.verb:set package 'orion_description' build argument 'cmake_force_configure' from command line to 'False'
[0.288s] Level 5:colcon.colcon_core.verb:set package 'orion_description' build argument 'ament_cmake_args' from command line to 'None'
[0.288s] Level 5:colcon.colcon_core.verb:set package 'orion_description' build argument 'catkin_cmake_args' from command line to 'None'
[0.289s] Level 5:colcon.colcon_core.verb:set package 'orion_description' build argument 'catkin_skip_building_tests' from command line to 'False'
[0.289s] DEBUG:colcon.colcon_core.verb:Building package 'orion_description' with the following arguments: {'ament_cmake_args': None, 'build_base': '/home/joey/My_orion/build/orion_description', 'catkin_cmake_args': None, 'catkin_skip_building_tests': False, 'cmake_args': None, 'cmake_clean_cache': False, 'cmake_clean_first': False, 'cmake_force_configure': False, 'cmake_target': None, 'cmake_target_skip_unavailable': False, 'install_base': '/home/joey/My_orion/install/orion_description', 'merge_install': False, 'path': '/home/joey/My_orion/src/orion_description', 'symlink_install': False, 'test_result_base': None}
[0.289s] Level 5:colcon.colcon_core.verb:set package 'orion_moveit_config' build argument 'cmake_args' from command line to 'None'
[0.289s] Level 5:colcon.colcon_core.verb:set package 'orion_moveit_config' build argument 'cmake_target' from command line to 'None'
[0.289s] Level 5:colcon.colcon_core.verb:set package 'orion_moveit_config' build argument 'cmake_target_skip_unavailable' from command line to 'False'
[0.289s] Level 5:colcon.colcon_core.verb:set package 'orion_moveit_config' build argument 'cmake_clean_cache' from command line to 'False'
[0.289s] Level 5:colcon.colcon_core.verb:set package 'orion_moveit_config' build argument 'cmake_clean_first' from command line to 'False'
[0.289s] Level 5:colcon.colcon_core.verb:set package 'orion_moveit_config' build argument 'cmake_force_configure' from command line to 'False'
[0.290s] Level 5:colcon.colcon_core.verb:set package 'orion_moveit_config' build argument 'ament_cmake_args' from command line to 'None'
[0.290s] Level 5:colcon.colcon_core.verb:set package 'orion_moveit_config' build argument 'catkin_cmake_args' from command line to 'None'
[0.290s] Level 5:colcon.colcon_core.verb:set package 'orion_moveit_config' build argument 'catkin_skip_building_tests' from command line to 'False'
[0.290s] DEBUG:colcon.colcon_core.verb:Building package 'orion_moveit_config' with the following arguments: {'ament_cmake_args': None, 'build_base': '/home/joey/My_orion/build/orion_moveit_config', 'catkin_cmake_args': None, 'catkin_skip_building_tests': False, 'cmake_args': None, 'cmake_clean_cache': False, 'cmake_clean_first': False, 'cmake_force_configure': False, 'cmake_target': None, 'cmake_target_skip_unavailable': False, 'install_base': '/home/joey/My_orion/install/orion_moveit_config', 'merge_install': False, 'path': '/home/joey/My_orion/src/orion_moveit_config', 'symlink_install': False, 'test_result_base': None}
[0.290s] Level 5:colcon.colcon_core.verb:set package 'orion_pybullet_sim' build argument 'cmake_args' from command line to 'None'
[0.290s] Level 5:colcon.colcon_core.verb:set package 'orion_pybullet_sim' build argument 'cmake_target' from command line to 'None'
[0.290s] Level 5:colcon.colcon_core.verb:set package 'orion_pybullet_sim' build argument 'cmake_target_skip_unavailable' from command line to 'False'
[0.290s] Level 5:colcon.colcon_core.verb:set package 'orion_pybullet_sim' build argument 'cmake_clean_cache' from command line to 'False'
[0.290s] Level 5:colcon.colcon_core.verb:set package 'orion_pybullet_sim' build argument 'cmake_clean_first' from command line to 'False'
[0.290s] Level 5:colcon.colcon_core.verb:set package 'orion_pybullet_sim' build argument 'cmake_force_configure' from command line to 'False'
[0.290s] Level 5:colcon.colcon_core.verb:set package 'orion_pybullet_sim' build argument 'ament_cmake_args' from command line to 'None'
[0.290s] Level 5:colcon.colcon_core.verb:set package 'orion_pybullet_sim' build argument 'catkin_cmake_args' from command line to 'None'
[0.290s] Level 5:colcon.colcon_core.verb:set package 'orion_pybullet_sim' build argument 'catkin_skip_building_tests' from command line to 'False'
[0.290s] DEBUG:colcon.colcon_core.verb:Building package 'orion_pybullet_sim' with the following arguments: {'ament_cmake_args': None, 'build_base': '/home/joey/My_orion/build/orion_pybullet_sim', 'catkin_cmake_args': None, 'catkin_skip_building_tests': False, 'cmake_args': None, 'cmake_clean_cache': False, 'cmake_clean_first': False, 'cmake_force_configure': False, 'cmake_target': None, 'cmake_target_skip_unavailable': False, 'install_base': '/home/joey/My_orion/install/orion_pybullet_sim', 'merge_install': False, 'path': '/home/joey/My_orion/src/orion_pybullet_sim', 'symlink_install': False, 'test_result_base': None}
[0.290s] Level 5:colcon.colcon_core.verb:set package 'orion_mtc' build argument 'cmake_args' from command line to 'None'
[0.290s] Level 5:colcon.colcon_core.verb:set package 'orion_mtc' build argument 'cmake_target' from command line to 'None'
[0.290s] Level 5:colcon.colcon_core.verb:set package 'orion_mtc' build argument 'cmake_target_skip_unavailable' from command line to 'False'
[0.290s] Level 5:colcon.colcon_core.verb:set package 'orion_mtc' build argument 'cmake_clean_cache' from command line to 'False'
[0.290s] Level 5:colcon.colcon_core.verb:set package 'orion_mtc' build argument 'cmake_clean_first' from command line to 'False'
[0.290s] Level 5:colcon.colcon_core.verb:set package 'orion_mtc' build argument 'cmake_force_configure' from command line to 'False'
[0.290s] Level 5:colcon.colcon_core.verb:set package 'orion_mtc' build argument 'ament_cmake_args' from command line to 'None'
[0.290s] Level 5:colcon.colcon_core.verb:set package 'orion_mtc' build argument 'catkin_cmake_args' from command line to 'None'
[0.290s] Level 5:colcon.colcon_core.verb:set package 'orion_mtc' build argument 'catkin_skip_building_tests' from command line to 'False'
[0.290s] DEBUG:colcon.colcon_core.verb:Building package 'orion_mtc' with the following arguments: {'ament_cmake_args': None, 'build_base': '/home/joey/My_orion/build/orion_mtc', 'catkin_cmake_args': None, 'catkin_skip_building_tests': False, 'cmake_args': None, 'cmake_clean_cache': False, 'cmake_clean_first': False, 'cmake_force_configure': False, 'cmake_target': None, 'cmake_target_skip_unavailable': False, 'install_base': '/home/joey/My_orion/install/orion_mtc', 'merge_install': False, 'path': '/home/joey/My_orion/src/orion_mtc', 'symlink_install': False, 'test_result_base': None}
[0.290s] INFO:colcon.colcon_core.executor:Executing jobs using 'parallel' executor
[0.291s] DEBUG:colcon.colcon_parallel_executor.executor.parallel:run_until_complete
[0.291s] INFO:colcon.colcon_ros.task.ament_cmake.build:Building ROS package in '/home/joey/My_orion/src/orion_description' with build type 'ament_cmake'
[0.291s] INFO:colcon.colcon_cmake.task.cmake.build:Building CMake package in '/home/joey/My_orion/src/orion_description'
[0.293s] INFO:colcon.colcon_core.plugin_system:Skipping extension 'colcon_core.shell.bat': Not used on non-Windows systems
[0.294s] INFO:colcon.colcon_core.shell:Skip shell extension 'powershell' for command environment: Not usable outside of PowerShell
[0.294s] DEBUG:colcon.colcon_core.shell:Skip shell extension 'dsv' for command environment
[0.299s] DEBUG:colcon.colcon_core.event_handler.log_command:Invoking command in '/home/joey/My_orion/build/orion_description': CMAKE_PREFIX_PATH=/opt/ros/humble /usr/bin/cmake --build /home/joey/My_orion/build/orion_description -- -j4 -l4
[0.324s] DEBUG:colcon.colcon_core.event_handler.log_command:Invoked command in '/home/joey/My_orion/build/orion_description' returned '0': CMAKE_PREFIX_PATH=/opt/ros/humble /usr/bin/cmake --build /home/joey/My_orion/build/orion_description -- -j4 -l4
[0.328s] DEBUG:colcon.colcon_core.event_handler.log_command:Invoking command in '/home/joey/My_orion/build/orion_description': CMAKE_PREFIX_PATH=/opt/ros/humble /usr/bin/cmake --install /home/joey/My_orion/build/orion_description
[0.335s] Level 1:colcon.colcon_core.environment:create_environment_scripts_only(orion_description)
[0.335s] DEBUG:colcon.colcon_core.event_handler.log_command:Invoked command in '/home/joey/My_orion/build/orion_description' returned '0': CMAKE_PREFIX_PATH=/opt/ros/humble /usr/bin/cmake --install /home/joey/My_orion/build/orion_description
[0.338s] Level 1:colcon.colcon_core.environment:checking '/home/joey/My_orion/install/orion_description' for CMake module files
[0.339s] Level 1:colcon.colcon_core.environment:checking '/home/joey/My_orion/install/orion_description' for CMake config files
[0.339s] Level 1:colcon.colcon_core.shell:create_environment_hook('orion_description', 'cmake_prefix_path')
[0.339s] INFO:colcon.colcon_core.shell:Creating environment hook '/home/joey/My_orion/install/orion_description/share/orion_description/hook/cmake_prefix_path.ps1'
[0.339s] INFO:colcon.colcon_core.shell:Creating environment descriptor '/home/joey/My_orion/install/orion_description/share/orion_description/hook/cmake_prefix_path.dsv'
[0.340s] INFO:colcon.colcon_core.shell:Creating environment hook '/home/joey/My_orion/install/orion_description/share/orion_description/hook/cmake_prefix_path.sh'
[0.340s] Level 1:colcon.colcon_core.environment:checking '/home/joey/My_orion/install/orion_description/bin'
[0.341s] Level 1:colcon.colcon_core.environment:checking '/home/joey/My_orion/install/orion_description/lib/pkgconfig/orion_description.pc'
[0.341s] Level 1:colcon.colcon_core.environment:checking '/home/joey/My_orion/install/orion_description/lib/python3.10/site-packages'
[0.341s] Level 1:colcon.colcon_core.environment:checking '/home/joey/My_orion/install/orion_description/bin'
[0.341s] INFO:colcon.colcon_core.shell:Creating package script '/home/joey/My_orion/install/orion_description/share/orion_description/package.ps1'
[0.341s] INFO:colcon.colcon_core.shell:Creating package descriptor '/home/joey/My_orion/install/orion_description/share/orion_description/package.dsv'
[0.342s] INFO:colcon.colcon_core.shell:Creating package script '/home/joey/My_orion/install/orion_description/share/orion_description/package.sh'
[0.342s] INFO:colcon.colcon_core.shell:Creating package script '/home/joey/My_orion/install/orion_description/share/orion_description/package.bash'
[0.343s] INFO:colcon.colcon_core.shell:Creating package script '/home/joey/My_orion/install/orion_description/share/orion_description/package.zsh'
[0.344s] Level 1:colcon.colcon_core.environment:create_file_with_runtime_dependencies(/home/joey/My_orion/install/orion_description/share/colcon-core/packages/orion_description)
[0.344s] Level 1:colcon.colcon_core.environment:create_environment_scripts_only(orion_description)
[0.344s] Level 1:colcon.colcon_core.environment:checking '/home/joey/My_orion/install/orion_description' for CMake module files
[0.344s] Level 1:colcon.colcon_core.environment:checking '/home/joey/My_orion/install/orion_description' for CMake config files
[0.344s] Level 1:colcon.colcon_core.shell:create_environment_hook('orion_description', 'cmake_prefix_path')
[0.345s] INFO:colcon.colcon_core.shell:Creating environment hook '/home/joey/My_orion/install/orion_description/share/orion_description/hook/cmake_prefix_path.ps1'
[0.345s] INFO:colcon.colcon_core.shell:Creating environment descriptor '/home/joey/My_orion/install/orion_description/share/orion_description/hook/cmake_prefix_path.dsv'
[0.345s] INFO:colcon.colcon_core.shell:Creating environment hook '/home/joey/My_orion/install/orion_description/share/orion_description/hook/cmake_prefix_path.sh'
[0.345s] Level 1:colcon.colcon_core.environment:checking '/home/joey/My_orion/install/orion_description/bin'
[0.346s] Level 1:colcon.colcon_core.environment:checking '/home/joey/My_orion/install/orion_description/lib/pkgconfig/orion_description.pc'
[0.346s] Level 1:colcon.colcon_core.environment:checking '/home/joey/My_orion/install/orion_description/lib/python3.10/site-packages'
[0.346s] Level 1:colcon.colcon_core.environment:checking '/home/joey/My_orion/install/orion_description/bin'
[0.346s] INFO:colcon.colcon_core.shell:Creating package script '/home/joey/My_orion/install/orion_description/share/orion_description/package.ps1'
[0.346s] INFO:colcon.colcon_core.shell:Creating package descriptor '/home/joey/My_orion/install/orion_description/share/orion_description/package.dsv'
[0.347s] INFO:colcon.colcon_core.shell:Creating package script '/home/joey/My_orion/install/orion_description/share/orion_description/package.sh'
[0.347s] INFO:colcon.colcon_core.shell:Creating package script '/home/joey/My_orion/install/orion_description/share/orion_description/package.bash'
[0.347s] INFO:colcon.colcon_core.shell:Creating package script '/home/joey/My_orion/install/orion_description/share/orion_description/package.zsh'
[0.348s] Level 1:colcon.colcon_core.environment:create_file_with_runtime_dependencies(/home/joey/My_orion/install/orion_description/share/colcon-core/packages/orion_description)
[0.348s] INFO:colcon.colcon_ros.task.ament_cmake.build:Building ROS package in '/home/joey/My_orion/src/orion_moveit_config' with build type 'ament_cmake'
[0.348s] INFO:colcon.colcon_cmake.task.cmake.build:Building CMake package in '/home/joey/My_orion/src/orion_moveit_config'
[0.350s] INFO:colcon.colcon_core.shell:Skip shell extension 'powershell' for command environment: Not usable outside of PowerShell
[0.350s] DEBUG:colcon.colcon_core.shell:Skip shell extension 'dsv' for command environment
[0.356s] DEBUG:colcon.colcon_core.event_handler.log_command:Invoking command in '/home/joey/My_orion/build/orion_moveit_config': AMENT_PREFIX_PATH=/home/joey/My_orion/install/orion_description:${AMENT_PREFIX_PATH} CMAKE_PREFIX_PATH=/home/joey/My_orion/install/orion_description:/opt/ros/humble /usr/bin/cmake --build /home/joey/My_orion/build/orion_moveit_config -- -j4 -l4
[0.375s] DEBUG:colcon.colcon_core.event_handler.log_command:Invoked command in '/home/joey/My_orion/build/orion_moveit_config' returned '0': AMENT_PREFIX_PATH=/home/joey/My_orion/install/orion_description:${AMENT_PREFIX_PATH} CMAKE_PREFIX_PATH=/home/joey/My_orion/install/orion_description:/opt/ros/humble /usr/bin/cmake --build /home/joey/My_orion/build/orion_moveit_config -- -j4 -l4
[0.376s] DEBUG:colcon.colcon_core.event_handler.log_command:Invoking command in '/home/joey/My_orion/build/orion_moveit_config': AMENT_PREFIX_PATH=/home/joey/My_orion/install/orion_description:${AMENT_PREFIX_PATH} CMAKE_PREFIX_PATH=/home/joey/My_orion/install/orion_description:/opt/ros/humble /usr/bin/cmake --install /home/joey/My_orion/build/orion_moveit_config
[0.382s] Level 1:colcon.colcon_core.environment:create_environment_scripts_only(orion_moveit_config)
[0.382s] Level 1:colcon.colcon_core.environment:checking '/home/joey/My_orion/install/orion_moveit_config' for CMake module files
[0.382s] DEBUG:colcon.colcon_core.event_handler.log_command:Invoked command in '/home/joey/My_orion/build/orion_moveit_config' returned '0': AMENT_PREFIX_PATH=/home/joey/My_orion/install/orion_description:${AMENT_PREFIX_PATH} CMAKE_PREFIX_PATH=/home/joey/My_orion/install/orion_description:/opt/ros/humble /usr/bin/cmake --install /home/joey/My_orion/build/orion_moveit_config
[0.383s] Level 1:colcon.colcon_core.environment:checking '/home/joey/My_orion/install/orion_moveit_config' for CMake config files
[0.383s] Level 1:colcon.colcon_core.shell:create_environment_hook('orion_moveit_config', 'cmake_prefix_path')
[0.383s] INFO:colcon.colcon_core.shell:Creating environment hook '/home/joey/My_orion/install/orion_moveit_config/share/orion_moveit_config/hook/cmake_prefix_path.ps1'
[0.383s] INFO:colcon.colcon_core.shell:Creating environment descriptor '/home/joey/My_orion/install/orion_moveit_config/share/orion_moveit_config/hook/cmake_prefix_path.dsv'
[0.384s] INFO:colcon.colcon_core.shell:Creating environment hook '/home/joey/My_orion/install/orion_moveit_config/share/orion_moveit_config/hook/cmake_prefix_path.sh'
[0.384s] Level 1:colcon.colcon_core.environment:checking '/home/joey/My_orion/install/orion_moveit_config/bin'
[0.384s] Level 1:colcon.colcon_core.environment:checking '/home/joey/My_orion/install/orion_moveit_config/lib/pkgconfig/orion_moveit_config.pc'
[0.384s] Level 1:colcon.colcon_core.environment:checking '/home/joey/My_orion/install/orion_moveit_config/lib/python3.10/site-packages'
[0.384s] Level 1:colcon.colcon_core.environment:checking '/home/joey/My_orion/install/orion_moveit_config/bin'
[0.384s] INFO:colcon.colcon_core.shell:Creating package script '/home/joey/My_orion/install/orion_moveit_config/share/orion_moveit_config/package.ps1'
[0.385s] INFO:colcon.colcon_core.shell:Creating package descriptor '/home/joey/My_orion/install/orion_moveit_config/share/orion_moveit_config/package.dsv'
[0.385s] INFO:colcon.colcon_core.shell:Creating package script '/home/joey/My_orion/install/orion_moveit_config/share/orion_moveit_config/package.sh'
[0.385s] INFO:colcon.colcon_core.shell:Creating package script '/home/joey/My_orion/install/orion_moveit_config/share/orion_moveit_config/package.bash'
[0.385s] INFO:colcon.colcon_core.shell:Creating package script '/home/joey/My_orion/install/orion_moveit_config/share/orion_moveit_config/package.zsh'
[0.386s] Level 1:colcon.colcon_core.environment:create_file_with_runtime_dependencies(/home/joey/My_orion/install/orion_moveit_config/share/colcon-core/packages/orion_moveit_config)
[0.386s] Level 1:colcon.colcon_core.environment:create_environment_scripts_only(orion_moveit_config)
[0.386s] Level 1:colcon.colcon_core.environment:checking '/home/joey/My_orion/install/orion_moveit_config' for CMake module files
[0.386s] Level 1:colcon.colcon_core.environment:checking '/home/joey/My_orion/install/orion_moveit_config' for CMake config files
[0.387s] Level 1:colcon.colcon_core.shell:create_environment_hook('orion_moveit_config', 'cmake_prefix_path')
[0.387s] INFO:colcon.colcon_core.shell:Creating environment hook '/home/joey/My_orion/install/orion_moveit_config/share/orion_moveit_config/hook/cmake_prefix_path.ps1'
[0.387s] INFO:colcon.colcon_core.shell:Creating environment descriptor '/home/joey/My_orion/install/orion_moveit_config/share/orion_moveit_config/hook/cmake_prefix_path.dsv'
[0.387s] INFO:colcon.colcon_core.shell:Creating environment hook '/home/joey/My_orion/install/orion_moveit_config/share/orion_moveit_config/hook/cmake_prefix_path.sh'
[0.388s] Level 1:colcon.colcon_core.environment:checking '/home/joey/My_orion/install/orion_moveit_config/bin'
[0.388s] Level 1:colcon.colcon_core.environment:checking '/home/joey/My_orion/install/orion_moveit_config/lib/pkgconfig/orion_moveit_config.pc'
[0.388s] Level 1:colcon.colcon_core.environment:checking '/home/joey/My_orion/install/orion_moveit_config/lib/python3.10/site-packages'
[0.388s] Level 1:colcon.colcon_core.environment:checking '/home/joey/My_orion/install/orion_moveit_config/bin'
[0.388s] INFO:colcon.colcon_core.shell:Creating package script '/home/joey/My_orion/install/orion_moveit_config/share/orion_moveit_config/package.ps1'
[0.388s] INFO:colcon.colcon_core.shell:Creating package descriptor '/home/joey/My_orion/install/orion_moveit_config/share/orion_moveit_config/package.dsv'
[0.389s] INFO:colcon.colcon_core.shell:Creating package script '/home/joey/My_orion/install/orion_moveit_config/share/orion_moveit_config/package.sh'
[0.389s] INFO:colcon.colcon_core.shell:Creating package script '/home/joey/My_orion/install/orion_moveit_config/share/orion_moveit_config/package.bash'
[0.389s] INFO:colcon.colcon_core.shell:Creating package script '/home/joey/My_orion/install/orion_moveit_config/share/orion_moveit_config/package.zsh'
[0.389s] Level 1:colcon.colcon_core.environment:create_file_with_runtime_dependencies(/home/joey/My_orion/install/orion_moveit_config/share/colcon-core/packages/orion_moveit_config)
[0.390s] INFO:colcon.colcon_ros.task.ament_python.build:Building ROS package in '/home/joey/My_orion/src/orion_pybullet_sim' with build type 'ament_python'
[0.390s] Level 1:colcon.colcon_core.shell:create_environment_hook('orion_pybullet_sim', 'ament_prefix_path')
[0.390s] INFO:colcon.colcon_core.shell:Creating environment hook '/home/joey/My_orion/install/orion_pybullet_sim/share/orion_pybullet_sim/hook/ament_prefix_path.ps1'
[0.390s] INFO:colcon.colcon_core.shell:Creating environment descriptor '/home/joey/My_orion/install/orion_pybullet_sim/share/orion_pybullet_sim/hook/ament_prefix_path.dsv'
[0.391s] INFO:colcon.colcon_core.shell:Creating environment hook '/home/joey/My_orion/install/orion_pybullet_sim/share/orion_pybullet_sim/hook/ament_prefix_path.sh'
[0.391s] INFO:colcon.colcon_core.shell:Skip shell extension 'powershell' for command environment: Not usable outside of PowerShell
[0.391s] DEBUG:colcon.colcon_core.shell:Skip shell extension 'dsv' for command environment
[0.511s] INFO:colcon.colcon_core.task.python.build:Building Python package in '/home/joey/My_orion/src/orion_pybullet_sim'
[0.512s] INFO:colcon.colcon_core.shell:Skip shell extension 'powershell' for command environment: Not usable outside of PowerShell
[0.512s] DEBUG:colcon.colcon_core.shell:Skip shell extension 'dsv' for command environment
[0.721s] DEBUG:colcon.colcon_core.event_handler.log_command:Invoking command in '/home/joey/My_orion/src/orion_pybullet_sim': AMENT_PREFIX_PATH=/home/joey/My_orion/install/orion_moveit_config:/home/joey/My_orion/install/orion_description:${AMENT_PREFIX_PATH} CMAKE_PREFIX_PATH=/home/joey/My_orion/install/orion_moveit_config:/home/joey/My_orion/install/orion_description PYTHONPATH=/home/joey/My_orion/build/orion_pybullet_sim/prefix_override:/usr/lib/python3/dist-packages/colcon_core/task/python/colcon_distutils_commands:/home/joey/My_orion/install/orion_pybullet_sim/lib/python3.10/site-packages:${PYTHONPATH} /usr/bin/python3 -W ignore:setup.py install is deprecated -W ignore:easy_install command is deprecated setup.py egg_info --egg-base ../../build/orion_pybullet_sim build --build-base /home/joey/My_orion/build/orion_pybullet_sim/build install --record /home/joey/My_orion/build/orion_pybullet_sim/install.log --single-version-externally-managed install_data
[0.858s] Level 1:colcon.colcon_core.environment:checking '/home/joey/My_orion/install/orion_pybullet_sim' for CMake module files
[0.858s] DEBUG:colcon.colcon_core.event_handler.log_command:Invoked command in '/home/joey/My_orion/src/orion_pybullet_sim' returned '0': AMENT_PREFIX_PATH=/home/joey/My_orion/install/orion_moveit_config:/home/joey/My_orion/install/orion_description:${AMENT_PREFIX_PATH} CMAKE_PREFIX_PATH=/home/joey/My_orion/install/orion_moveit_config:/home/joey/My_orion/install/orion_description PYTHONPATH=/home/joey/My_orion/build/orion_pybullet_sim/prefix_override:/usr/lib/python3/dist-packages/colcon_core/task/python/colcon_distutils_commands:/home/joey/My_orion/install/orion_pybullet_sim/lib/python3.10/site-packages:${PYTHONPATH} /usr/bin/python3 -W ignore:setup.py install is deprecated -W ignore:easy_install command is deprecated setup.py egg_info --egg-base ../../build/orion_pybullet_sim build --build-base /home/joey/My_orion/build/orion_pybullet_sim/build install --record /home/joey/My_orion/build/orion_pybullet_sim/install.log --single-version-externally-managed install_data
[0.859s] Level 1:colcon.colcon_core.environment:checking '/home/joey/My_orion/install/orion_pybullet_sim' for CMake config files
[0.859s] Level 1:colcon.colcon_core.environment:checking '/home/joey/My_orion/install/orion_pybullet_sim/lib'
[0.859s] Level 1:colcon.colcon_core.environment:checking '/home/joey/My_orion/install/orion_pybullet_sim/bin'
[0.859s] Level 1:colcon.colcon_core.environment:checking '/home/joey/My_orion/install/orion_pybullet_sim/lib/pkgconfig/orion_pybullet_sim.pc'
[0.860s] Level 1:colcon.colcon_core.environment:checking '/home/joey/My_orion/install/orion_pybullet_sim/lib/python3.10/site-packages'
[0.860s] Level 1:colcon.colcon_core.shell:create_environment_hook('orion_pybullet_sim', 'pythonpath')
[0.860s] INFO:colcon.colcon_core.shell:Creating environment hook '/home/joey/My_orion/install/orion_pybullet_sim/share/orion_pybullet_sim/hook/pythonpath.ps1'
[0.860s] INFO:colcon.colcon_core.shell:Creating environment descriptor '/home/joey/My_orion/install/orion_pybullet_sim/share/orion_pybullet_sim/hook/pythonpath.dsv'
[0.860s] INFO:colcon.colcon_core.shell:Creating environment hook '/home/joey/My_orion/install/orion_pybullet_sim/share/orion_pybullet_sim/hook/pythonpath.sh'
[0.861s] Level 1:colcon.colcon_core.environment:checking '/home/joey/My_orion/install/orion_pybullet_sim/bin'
[0.861s] Level 1:colcon.colcon_core.environment:create_environment_scripts_only(orion_pybullet_sim)
[0.861s] INFO:colcon.colcon_core.shell:Creating package script '/home/joey/My_orion/install/orion_pybullet_sim/share/orion_pybullet_sim/package.ps1'
[0.862s] INFO:colcon.colcon_core.shell:Creating package descriptor '/home/joey/My_orion/install/orion_pybullet_sim/share/orion_pybullet_sim/package.dsv'
[0.862s] INFO:colcon.colcon_core.shell:Creating package script '/home/joey/My_orion/install/orion_pybullet_sim/share/orion_pybullet_sim/package.sh'
[0.862s] INFO:colcon.colcon_core.shell:Creating package script '/home/joey/My_orion/install/orion_pybullet_sim/share/orion_pybullet_sim/package.bash'
[0.862s] INFO:colcon.colcon_core.shell:Creating package script '/home/joey/My_orion/install/orion_pybullet_sim/share/orion_pybullet_sim/package.zsh'
[0.863s] Level 1:colcon.colcon_core.environment:create_file_with_runtime_dependencies(/home/joey/My_orion/install/orion_pybullet_sim/share/colcon-core/packages/orion_pybullet_sim)
[0.863s] INFO:colcon.colcon_ros.task.ament_cmake.build:Building ROS package in '/home/joey/My_orion/src/orion_mtc' with build type 'ament_cmake'
[0.863s] INFO:colcon.colcon_cmake.task.cmake.build:Building CMake package in '/home/joey/My_orion/src/orion_mtc'
[0.863s] INFO:colcon.colcon_core.shell:Skip shell extension 'powershell' for command environment: Not usable outside of PowerShell
[0.863s] DEBUG:colcon.colcon_core.shell:Skip shell extension 'dsv' for command environment
[0.869s] DEBUG:colcon.colcon_core.event_handler.log_command:Invoking command in '/home/joey/My_orion/build/orion_mtc': AMENT_PREFIX_PATH=/home/joey/My_orion/install/orion_pybullet_sim:/home/joey/My_orion/install/orion_moveit_config:/home/joey/My_orion/install/orion_description:${AMENT_PREFIX_PATH} CMAKE_PREFIX_PATH=/home/joey/My_orion/install/orion_moveit_config:/home/joey/My_orion/install/orion_description:/opt/ros/humble PYTHONPATH=/home/joey/My_orion/install/orion_pybullet_sim/lib/python3.10/site-packages:${PYTHONPATH} /usr/bin/cmake --build /home/joey/My_orion/build/orion_mtc -- -j4 -l4
[9.711s] DEBUG:colcon.colcon_core.event_handler.log_command:Invoked command in '/home/joey/My_orion/build/orion_mtc' returned '0': AMENT_PREFIX_PATH=/home/joey/My_orion/install/orion_pybullet_sim:/home/joey/My_orion/install/orion_moveit_config:/home/joey/My_orion/install/orion_description:${AMENT_PREFIX_PATH} CMAKE_PREFIX_PATH=/home/joey/My_orion/install/orion_moveit_config:/home/joey/My_orion/install/orion_description:/opt/ros/humble PYTHONPATH=/home/joey/My_orion/install/orion_pybullet_sim/lib/python3.10/site-packages:${PYTHONPATH} /usr/bin/cmake --build /home/joey/My_orion/build/orion_mtc -- -j4 -l4
[9.715s] DEBUG:colcon.colcon_core.event_handler.log_command:Invoking command in '/home/joey/My_orion/build/orion_mtc': AMENT_PREFIX_PATH=/home/joey/My_orion/install/orion_pybullet_sim:/home/joey/My_orion/install/orion_moveit_config:/home/joey/My_orion/install/orion_description:${AMENT_PREFIX_PATH} CMAKE_PREFIX_PATH=/home/joey/My_orion/install/orion_moveit_config:/home/joey/My_orion/install/orion_description:/opt/ros/humble PYTHONPATH=/home/joey/My_orion/install/orion_pybullet_sim/lib/python3.10/site-packages:${PYTHONPATH} /usr/bin/cmake --install /home/joey/My_orion/build/orion_mtc
[9.721s] Level 1:colcon.colcon_core.environment:create_environment_scripts_only(orion_mtc)
[9.721s] Level 1:colcon.colcon_core.environment:checking '/home/joey/My_orion/install/orion_mtc' for CMake module files
[9.721s] Level 1:colcon.colcon_core.environment:checking '/home/joey/My_orion/install/orion_mtc' for CMake config files
[9.722s] Level 1:colcon.colcon_core.shell:create_environment_hook('orion_mtc', 'cmake_prefix_path')
[9.722s] INFO:colcon.colcon_core.shell:Creating environment hook '/home/joey/My_orion/install/orion_mtc/share/orion_mtc/hook/cmake_prefix_path.ps1'
[9.722s] DEBUG:colcon.colcon_core.event_handler.log_command:Invoked command in '/home/joey/My_orion/build/orion_mtc' returned '0': AMENT_PREFIX_PATH=/home/joey/My_orion/install/orion_pybullet_sim:/home/joey/My_orion/install/orion_moveit_config:/home/joey/My_orion/install/orion_description:${AMENT_PREFIX_PATH} CMAKE_PREFIX_PATH=/home/joey/My_orion/install/orion_moveit_config:/home/joey/My_orion/install/orion_description:/opt/ros/humble PYTHONPATH=/home/joey/My_orion/install/orion_pybullet_sim/lib/python3.10/site-packages:${PYTHONPATH} /usr/bin/cmake --install /home/joey/My_orion/build/orion_mtc
[9.722s] INFO:colcon.colcon_core.shell:Creating environment descriptor '/home/joey/My_orion/install/orion_mtc/share/orion_mtc/hook/cmake_prefix_path.dsv'
[9.722s] INFO:colcon.colcon_core.shell:Creating environment hook '/home/joey/My_orion/install/orion_mtc/share/orion_mtc/hook/cmake_prefix_path.sh'
[9.723s] Level 1:colcon.colcon_core.environment:checking '/home/joey/My_orion/install/orion_mtc/lib'
[9.723s] Level 1:colcon.colcon_core.environment:checking '/home/joey/My_orion/install/orion_mtc/bin'
[9.723s] Level 1:colcon.colcon_core.environment:checking '/home/joey/My_orion/install/orion_mtc/lib/pkgconfig/orion_mtc.pc'
[9.723s] Level 1:colcon.colcon_core.environment:checking '/home/joey/My_orion/install/orion_mtc/lib/python3.10/site-packages'
[9.723s] Level 1:colcon.colcon_core.environment:checking '/home/joey/My_orion/install/orion_mtc/bin'
[9.723s] INFO:colcon.colcon_core.shell:Creating package script '/home/joey/My_orion/install/orion_mtc/share/orion_mtc/package.ps1'
[9.724s] INFO:colcon.colcon_core.shell:Creating package descriptor '/home/joey/My_orion/install/orion_mtc/share/orion_mtc/package.dsv'
[9.724s] INFO:colcon.colcon_core.shell:Creating package script '/home/joey/My_orion/install/orion_mtc/share/orion_mtc/package.sh'
[9.724s] INFO:colcon.colcon_core.shell:Creating package script '/home/joey/My_orion/install/orion_mtc/share/orion_mtc/package.bash'
[9.724s] INFO:colcon.colcon_core.shell:Creating package script '/home/joey/My_orion/install/orion_mtc/share/orion_mtc/package.zsh'
[9.725s] Level 1:colcon.colcon_core.environment:create_file_with_runtime_dependencies(/home/joey/My_orion/install/orion_mtc/share/colcon-core/packages/orion_mtc)
[9.725s] Level 1:colcon.colcon_core.environment:create_environment_scripts_only(orion_mtc)
[9.725s] Level 1:colcon.colcon_core.environment:checking '/home/joey/My_orion/install/orion_mtc' for CMake module files
[9.726s] Level 1:colcon.colcon_core.environment:checking '/home/joey/My_orion/install/orion_mtc' for CMake config files
[9.726s] Level 1:colcon.colcon_core.shell:create_environment_hook('orion_mtc', 'cmake_prefix_path')
[9.726s] INFO:colcon.colcon_core.shell:Creating environment hook '/home/joey/My_orion/install/orion_mtc/share/orion_mtc/hook/cmake_prefix_path.ps1'
[9.726s] INFO:colcon.colcon_core.shell:Creating environment descriptor '/home/joey/My_orion/install/orion_mtc/share/orion_mtc/hook/cmake_prefix_path.dsv'
[9.726s] INFO:colcon.colcon_core.shell:Creating environment hook '/home/joey/My_orion/install/orion_mtc/share/orion_mtc/hook/cmake_prefix_path.sh'
[9.727s] Level 1:colcon.colcon_core.environment:checking '/home/joey/My_orion/install/orion_mtc/lib'
[9.727s] Level 1:colcon.colcon_core.environment:checking '/home/joey/My_orion/install/orion_mtc/bin'
[9.727s] Level 1:colcon.colcon_core.environment:checking '/home/joey/My_orion/install/orion_mtc/lib/pkgconfig/orion_mtc.pc'
[9.727s] Level 1:colcon.colcon_core.environment:checking '/home/joey/My_orion/install/orion_mtc/lib/python3.10/site-packages'
[9.727s] Level 1:colcon.colcon_core.environment:checking '/home/joey/My_orion/install/orion_mtc/bin'
[9.727s] INFO:colcon.colcon_core.shell:Creating package script '/home/joey/My_orion/install/orion_mtc/share/orion_mtc/package.ps1'
[9.728s] INFO:colcon.colcon_core.shell:Creating package descriptor '/home/joey/My_orion/install/orion_mtc/share/orion_mtc/package.dsv'
[9.728s] INFO:colcon.colcon_core.shell:Creating package script '/home/joey/My_orion/install/orion_mtc/share/orion_mtc/package.sh'
[9.728s] INFO:colcon.colcon_core.shell:Creating package script '/home/joey/My_orion/install/orion_mtc/share/orion_mtc/package.bash'
[9.729s] INFO:colcon.colcon_core.shell:Creating package script '/home/joey/My_orion/install/orion_mtc/share/orion_mtc/package.zsh'
[9.729s] Level 1:colcon.colcon_core.environment:create_file_with_runtime_dependencies(/home/joey/My_orion/install/orion_mtc/share/colcon-core/packages/orion_mtc)
[9.729s] DEBUG:colcon.colcon_parallel_executor.executor.parallel:closing loop
[9.730s] DEBUG:colcon.colcon_parallel_executor.executor.parallel:loop closed
[9.730s] DEBUG:colcon.colcon_parallel_executor.executor.parallel:run_until_complete finished with '0'
[9.730s] DEBUG:colcon.colcon_core.event_reactor:joining thread
[9.734s] INFO:colcon.colcon_core.plugin_system:Skipping extension 'colcon_notification.desktop_notification.terminal_notifier': Not used on non-Darwin systems
[9.734s] INFO:colcon.colcon_core.plugin_system:Skipping extension 'colcon_notification.desktop_notification.win32': Not used on non-Windows systems
[9.734s] INFO:colcon.colcon_notification.desktop_notification:Sending desktop notification using 'notify2'
[9.745s] DEBUG:colcon.colcon_core.event_reactor:joined thread
[9.745s] INFO:colcon.colcon_core.shell:Creating prefix script '/home/joey/My_orion/install/local_setup.ps1'
[9.746s] INFO:colcon.colcon_core.shell:Creating prefix util module '/home/joey/My_orion/install/_local_setup_util_ps1.py'
[9.749s] INFO:colcon.colcon_core.shell:Creating prefix chain script '/home/joey/My_orion/install/setup.ps1'
[9.749s] INFO:colcon.colcon_core.shell:Creating prefix script '/home/joey/My_orion/install/local_setup.sh'
[9.750s] INFO:colcon.colcon_core.shell:Creating prefix util module '/home/joey/My_orion/install/_local_setup_util_sh.py'
[9.750s] INFO:colcon.colcon_core.shell:Creating prefix chain script '/home/joey/My_orion/install/setup.sh'
[9.751s] INFO:colcon.colcon_core.shell:Creating prefix script '/home/joey/My_orion/install/local_setup.bash'
[9.751s] INFO:colcon.colcon_core.shell:Creating prefix chain script '/home/joey/My_orion/install/setup.bash'
[9.752s] INFO:colcon.colcon_core.shell:Creating prefix script '/home/joey/My_orion/install/local_setup.zsh'
[9.752s] INFO:colcon.colcon_core.shell:Creating prefix chain script '/home/joey/My_orion/install/setup.zsh'
