[0.000000] (-) TimerEvent: {}
[0.001614] (-) JobUnselected: {'identifier': 'orion_description'}
[0.001697] (-) JobUnselected: {'identifier': 'orion_moveit_config'}
[0.001722] (-) JobUnselected: {'identifier': 'orion_pybullet_sim'}
[0.001742] (orion_mtc) JobQueued: {'identifier': 'orion_mtc', 'dependencies': OrderedDict([('orion_description', '/home/huzy/My_orion/install/orion_description'), ('orion_moveit_config', '/home/huzy/My_orion/install/orion_moveit_config'), ('orion_pybullet_sim', '/home/huzy/My_orion/install/orion_pybullet_sim')])}
[0.001771] (orion_mtc) JobStarted: {'identifier': 'orion_mtc'}
[0.076498] (orion_mtc) JobProgress: {'identifier': 'orion_mtc', 'progress': 'cmake'}
[0.076918] (orion_mtc) JobProgress: {'identifier': 'orion_mtc', 'progress': 'build'}
[0.077753] (orion_mtc) Command: {'cmd': ['/usr/bin/cmake', '--build', '/home/huzy/My_orion/build/orion_mtc', '--', '-j8', '-l8'], 'cwd': '/home/huzy/My_orion/build/orion_mtc', 'env': OrderedDict([('GJS_DEBUG_TOPICS', 'JS ERROR;JS LOG'), ('LESSOPEN', '| /usr/bin/lesspipe %s'), ('VSCODE_CWD', '/home/huzy'), ('CURSOR_EXTENSION_HOST_ROLE', 'agent-exec'), ('VSCODE_ESM_ENTRYPOINT', 'vs/workbench/api/node/extensionHostProcess'), ('LANGUAGE', 'zh_CN:en_AU:en_US:en'), ('USER', 'huzy'), ('LC_TIME', 'zh_CN.UTF-8'), ('VSCODE_NLS_CONFIG', '{"userLocale":"zh-cn","osLocale":"zh-cn","resolvedLanguage":"zh-cn","defaultMessagesFile":"/tmp/.mount_CursoriSs0re/usr/share/cursor/resources/app/out/nls.messages.json","languagePack":{"translationsConfigFile":"/home/huzy/.config/Cursor/clp/3bfb7f1471a52e527cfc1587dd57c7c1.zh-cn/tcf.json","messagesFile":"/home/huzy/.config/Cursor/clp/3bfb7f1471a52e527cfc1587dd57c7c1.zh-cn/7d96c2a03bb088ad367615e9da1a3fe20fbbc6a0/nls.messages.json","corruptMarkerFile":"/home/huzy/.config/Cursor/clp/3bfb7f1471a52e527cfc1587dd57c7c1.zh-cn/corrupted.info"},"locale":"zh-cn","availableLanguages":{"*":"zh-cn"},"_languagePackId":"3bfb7f1471a52e527cfc1587dd57c7c1.zh-cn","_languagePackSupport":true,"_translationsConfigFile":"/home/huzy/.config/Cursor/clp/3bfb7f1471a52e527cfc1587dd57c7c1.zh-cn/tcf.json","_cacheRoot":"/home/huzy/.config/Cursor/clp/3bfb7f1471a52e527cfc1587dd57c7c1.zh-cn","_resolvedLanguagePackCoreLocation":"/home/huzy/.config/Cursor/clp/3bfb7f1471a52e527cfc1587dd57c7c1.zh-cn/7d96c2a03bb088ad367615e9da1a3fe20fbbc6a0","_corruptedFile":"/home/huzy/.config/Cursor/clp/3bfb7f1471a52e527cfc1587dd57c7c1.zh-cn/corrupted.info"}'), ('CI', '1'), ('VSCODE_HANDLES_UNCAUGHT_ERRORS', 'true'), ('XDG_SESSION_TYPE', 'wayland'), ('SHLVL', '1'), ('LD_LIBRARY_PATH', '/usr/lib/x86_64-linux-gnu/gazebo-11/plugins:/opt/ros/humble/opt/rviz_ogre_vendor/lib:/opt/ros/humble/lib/x86_64-linux-gnu:/opt/ros/humble/lib:/tmp/.mount_CursoriSs0re/usr/lib/:/tmp/.mount_CursoriSs0re/usr/lib32/:/tmp/.mount_CursoriSs0re/usr/lib64/:/tmp/.mount_CursoriSs0re/lib/:/tmp/.mount_CursoriSs0re/lib/i386-linux-gnu/:/tmp/.mount_CursoriSs0re/lib/x86_64-linux-gnu/:/tmp/.mount_CursoriSs0re/lib/aarch64-linux-gnu/:/tmp/.mount_CursoriSs0re/lib32/:/tmp/.mount_CursoriSs0re/lib64/:'), ('HOME', '/home/huzy'), ('CHROME_DESKTOP', 'cursor.desktop'), ('APPDIR', '/tmp/.mount_CursoriSs0re'), ('OLDPWD', '/home/huzy/My_orion'), ('DESKTOP_SESSION', 'ubuntu'), ('PERLLIB', '/tmp/.mount_CursoriSs0re/usr/share/perl5/:/tmp/.mount_CursoriSs0re/usr/lib/perl5/:'), ('VSCODE_IPC_HOOK', '/run/user/1000/vscode-294d73a8-2.5.-main.sock'), ('GIO_LAUNCHED_DESKTOP_FILE', '/home/huzy/.local/share/applications/cursor-ime.desktop'), ('ROS_PYTHON_VERSION', '3'), ('GNOME_SHELL_SESSION_MODE', 'ubuntu'), ('GTK_MODULES', 'gail:atk-bridge'), ('SDL_IM_MODULE', 'fcitx'), ('LC_MONETARY', 'zh_CN.UTF-8'), ('MANAGERPID', '1541'), ('SYSTEMD_EXEC_PID', '1709'), ('IM_CONFIG_CHECK_ENV', '1'), ('NO_COLOR', '1'), ('DBUS_SESSION_BUS_ADDRESS', 'unix:path=/run/user/1000/bus'), ('GIO_LAUNCHED_DESKTOP_FILE_PID', '3264'), ('VSCODE_CRASH_REPORTER_PROCESS_TYPE', 'extensionHost'), ('IM_CONFIG_PHASE', '1'), ('WAYLAND_DISPLAY', 'wayland-0'), ('COLCON_PREFIX_PATH', '/home/huzy/My_orion/install'), ('ROS_DISTRO', 'humble'), ('GTK_IM_MODULE', 'fcitx'), ('LOGNAME', 'huzy'), ('FORCE_COLOR', '0'), ('OWD', '/home/huzy'), ('JOURNAL_STREAM', '8:22044'), ('_', '/usr/bin/colcon'), ('ROS_VERSION', '2'), ('XDG_SESSION_CLASS', 'user'), ('USERNAME', 'huzy'), ('TERM', 'dumb'), ('GNOME_DESKTOP_SESSION_ID', 'this-is-deprecated'), ('FC_FONTATIONS', '1'), ('ROS_LOCALHOST_ONLY', '0'), ('PATH', '/home/huzy/.local/bin:/home/huzy/bin:/home/huzy/bin:/home/huzy/.local/bin:/home/huzy/bin:/home/huzy/bin:/opt/ros/humble/bin:/tmp/.mount_CursoriSs0re/usr/bin/:/tmp/.mount_CursoriSs0re/usr/sbin/:/tmp/.mount_CursoriSs0re/usr/games/:/tmp/.mount_CursoriSs0re/bin/:/tmp/.mount_CursoriSs0re/sbin/:/home/huzy/.local/bin:/home/huzy/bin:/usr/local/sbin:/usr/local/bin:/usr/sbin:/usr/bin:/sbin:/bin:/usr/games:/usr/local/games:/snap/bin:/snap/bin'), ('SESSION_MANAGER', 'local/huzy-virtual-machine:@/tmp/.ICE-unix/1675,unix/huzy-virtual-machine:/tmp/.ICE-unix/1675'), ('INVOCATION_ID', 'a2601410a8d14920833ed6807e68bc15'), ('PAPERSIZE', 'a4'), ('APPIMAGE', '/home/huzy/Downloads/Cursor-1.4.5-x86_64.AppImage'), ('XDG_MENU_PREFIX', 'gnome-'), ('LC_ADDRESS', 'zh_CN.UTF-8'), ('VSCODE_PROCESS_TITLE', 'extension-host (agent-exec) [1-6]'), ('GNOME_SETUP_DISPLAY', ':1'), ('XDG_RUNTIME_DIR', '/run/user/1000'), ('GDK_BACKEND', 'x11'), ('CURSOR_AGENT', '1'), ('DISPLAY', ':0'), ('LANG', 'zh_CN.UTF-8'), ('XDG_CURRENT_DESKTOP', 'ubuntu:GNOME'), ('LC_TELEPHONE', 'zh_CN.UTF-8'), ('XMODIFIERS', '@im=fcitx'), ('XDG_SESSION_DESKTOP', 'ubuntu'), ('XAUTHORITY', '/run/user/1000/.mutter-Xwaylandauth.4ZVTL3'), ('LS_COLORS', ''), ('CURSOR_TRACE_ID', '2ac507847837424d9bf65893652cc69d'), ('SSH_AGENT_LAUNCHER', 'gnome-keyring'), ('SSH_AUTH_SOCK', '/run/user/1000/keyring/ssh'), ('GSETTINGS_SCHEMA_DIR', '/tmp/.mount_CursoriSs0re/usr/share/glib-2.0/schemas/:'), ('AMENT_PREFIX_PATH', '/home/huzy/My_orion/install/orion_pybullet_sim:/home/huzy/My_orion/install/orion_mtc:/home/huzy/My_orion/install/orion_moveit_config:/home/huzy/My_orion/install/orion_description:/opt/ros/humble'), ('SHELL', '/bin/bash'), ('LC_NAME', 'zh_CN.UTF-8'), ('ARGV0', '/home/huzy/Downloads/Cursor-1.4.5-x86_64.AppImage'), ('QT_ACCESSIBILITY', '1'), ('GDMSESSION', 'ubuntu'), ('LESSCLOSE', '/usr/bin/lesspipe %s %s'), ('LC_MEASUREMENT', 'zh_CN.UTF-8'), ('GJS_DEBUG_OUTPUT', 'stderr'), ('LC_IDENTIFICATION', 'zh_CN.UTF-8'), ('QT_IM_MODULE', 'fcitx'), ('PWD', '/home/huzy/My_orion/build/orion_mtc'), ('XDG_CONFIG_DIRS', '/etc/xdg/xdg-ubuntu:/etc/xdg'), ('VSCODE_CODE_CACHE_PATH', '/home/huzy/.config/Cursor/CachedData/7d96c2a03bb088ad367615e9da1a3fe20fbbc6a0'), ('CLUTTER_IM_MODULE', 'fcitx'), ('XDG_DATA_DIRS', '/tmp/.mount_CursoriSs0re/usr/share/:/usr/local/share:/usr/share:/usr/share/ubuntu:/usr/local/share/:/usr/share/:/var/lib/snapd/desktop'), ('PYTHONPATH', '/home/huzy/My_orion/install/orion_pybullet_sim/lib/python3.10/site-packages:/opt/ros/humble/lib/python3.10/site-packages:/opt/ros/humble/local/lib/python3.10/dist-packages'), ('LC_NUMERIC', 'zh_CN.UTF-8'), ('LC_PAPER', 'zh_CN.UTF-8'), ('QT_PLUGIN_PATH', '/tmp/.mount_CursoriSs0re/usr/lib/qt4/plugins/:/tmp/.mount_CursoriSs0re/usr/lib/i386-linux-gnu/qt4/plugins/:/tmp/.mount_CursoriSs0re/usr/lib/x86_64-linux-gnu/qt4/plugins/:/tmp/.mount_CursoriSs0re/usr/lib/aarch64-linux-gnu/qt4/plugins/:/tmp/.mount_CursoriSs0re/usr/lib32/qt4/plugins/:/tmp/.mount_CursoriSs0re/usr/lib64/qt4/plugins/:/tmp/.mount_CursoriSs0re/usr/lib/qt5/plugins/:/tmp/.mount_CursoriSs0re/usr/lib/i386-linux-gnu/qt5/plugins/:/tmp/.mount_CursoriSs0re/usr/lib/x86_64-linux-gnu/qt5/plugins/:/tmp/.mount_CursoriSs0re/usr/lib/aarch64-linux-gnu/qt5/plugins/:/tmp/.mount_CursoriSs0re/usr/lib32/qt5/plugins/:/tmp/.mount_CursoriSs0re/usr/lib64/qt5/plugins/:'), ('COLCON', '1'), ('_ZO_DOCTOR', '0'), ('CMAKE_PREFIX_PATH', '/home/huzy/My_orion/install/orion_moveit_config:/home/huzy/My_orion/install/orion_description:/home/huzy/My_orion/install/orion_mtc:/home/huzy/My_orion/install/orion_pybullet_sim:/opt/ros/humble'), ('VSCODE_PID', '3264')]), 'shell': False}
[0.098972] (-) TimerEvent: {}
[0.199342] (-) TimerEvent: {}
[0.299742] (-) TimerEvent: {}
[0.350101] (orion_mtc) StdoutLine: {'line': b'Consolidate compiler generated dependencies of target mtc_node\n'}
[0.399967] (-) TimerEvent: {}
[0.465520] (orion_mtc) StdoutLine: {'line': b'[ 50%] Building CXX object CMakeFiles/mtc_node.dir/src/mtc_node.cpp.o\n'}
[0.500274] (-) TimerEvent: {}
[0.602429] (-) TimerEvent: {}
[0.703017] (-) TimerEvent: {}
[0.804510] (-) TimerEvent: {}
[0.904816] (-) TimerEvent: {}
[1.005188] (-) TimerEvent: {}
[1.105621] (-) TimerEvent: {}
[1.206011] (-) TimerEvent: {}
[1.306559] (-) TimerEvent: {}
[1.406885] (-) TimerEvent: {}
[1.507329] (-) TimerEvent: {}
[1.609528] (-) TimerEvent: {}
[1.709825] (-) TimerEvent: {}
[1.810104] (-) TimerEvent: {}
[1.910424] (-) TimerEvent: {}
[2.011453] (-) TimerEvent: {}
[2.111902] (-) TimerEvent: {}
[2.212207] (-) TimerEvent: {}
[2.314765] (-) TimerEvent: {}
[2.415217] (-) TimerEvent: {}
[2.515709] (-) TimerEvent: {}
[2.616075] (-) TimerEvent: {}
[2.716535] (-) TimerEvent: {}
[2.817466] (-) TimerEvent: {}
[2.917765] (-) TimerEvent: {}
[3.018079] (-) TimerEvent: {}
[3.118397] (-) TimerEvent: {}
[3.218655] (-) TimerEvent: {}
[3.318923] (-) TimerEvent: {}
[3.419564] (-) TimerEvent: {}
[3.519847] (-) TimerEvent: {}
[3.620204] (-) TimerEvent: {}
[3.720583] (-) TimerEvent: {}
[3.821466] (-) TimerEvent: {}
[3.921811] (-) TimerEvent: {}
[4.022184] (-) TimerEvent: {}
[4.123446] (-) TimerEvent: {}
[4.223965] (-) TimerEvent: {}
[4.324394] (-) TimerEvent: {}
[4.424795] (-) TimerEvent: {}
[4.525255] (-) TimerEvent: {}
[4.625761] (-) TimerEvent: {}
[4.726230] (-) TimerEvent: {}
[4.828198] (-) TimerEvent: {}
[4.929193] (-) TimerEvent: {}
[5.029580] (-) TimerEvent: {}
[5.131185] (-) TimerEvent: {}
[5.231897] (-) TimerEvent: {}
[5.332333] (-) TimerEvent: {}
[5.432756] (-) TimerEvent: {}
[5.533652] (-) TimerEvent: {}
[5.633987] (-) TimerEvent: {}
[5.734316] (-) TimerEvent: {}
[5.834688] (-) TimerEvent: {}
[5.935079] (-) TimerEvent: {}
[6.035730] (-) TimerEvent: {}
[6.136088] (-) TimerEvent: {}
[6.236546] (-) TimerEvent: {}
[6.336951] (-) TimerEvent: {}
[6.437539] (-) TimerEvent: {}
[6.538002] (-) TimerEvent: {}
[6.638504] (-) TimerEvent: {}
[6.738873] (-) TimerEvent: {}
[6.839288] (-) TimerEvent: {}
[6.939663] (-) TimerEvent: {}
[7.039982] (-) TimerEvent: {}
[7.140466] (-) TimerEvent: {}
[7.240880] (-) TimerEvent: {}
[7.341248] (-) TimerEvent: {}
[7.441647] (-) TimerEvent: {}
[7.542032] (-) TimerEvent: {}
[7.642595] (-) TimerEvent: {}
[7.742999] (-) TimerEvent: {}
[7.843417] (-) TimerEvent: {}
[7.943836] (-) TimerEvent: {}
[8.008769] (orion_mtc) StderrLine: {'line': b'/home/huzy/My_orion/src/orion_mtc/src/mtc_node.cpp: In member function \xe2\x80\x98void OrionMTCTaskNode::doTask()\xe2\x80\x99:\n'}
[8.009105] (orion_mtc) StderrLine: {'line': b'/home/huzy/My_orion/src/orion_mtc/src/mtc_node.cpp:137:28: error: cannot convert \xe2\x80\x98moveit::core::MoveItErrorCode\xe2\x80\x99 to \xe2\x80\x98bool\xe2\x80\x99 in initialization\n'}
[8.009183] (orion_mtc) StderrLine: {'line': b'  137 |   bool plan_ok = task_.plan(10);\n'}
[8.009244] (orion_mtc) StderrLine: {'line': b'      |                  ~~~~~~~~~~^~~~\n'}
[8.009304] (orion_mtc) StderrLine: {'line': b'      |                            |\n'}
[8.009380] (orion_mtc) StderrLine: {'line': b'      |                            moveit::core::MoveItErrorCode\n'}
[8.044420] (-) TimerEvent: {}
[8.144833] (-) TimerEvent: {}
[8.245157] (-) TimerEvent: {}
[8.345713] (-) TimerEvent: {}
[8.446128] (-) TimerEvent: {}
[8.546544] (-) TimerEvent: {}
[8.647075] (-) TimerEvent: {}
[8.747478] (-) TimerEvent: {}
[8.848447] (-) TimerEvent: {}
[8.948742] (-) TimerEvent: {}
[9.049050] (-) TimerEvent: {}
[9.149456] (-) TimerEvent: {}
[9.249749] (-) TimerEvent: {}
[9.350101] (-) TimerEvent: {}
[9.450518] (-) TimerEvent: {}
[9.551084] (-) TimerEvent: {}
[9.651555] (-) TimerEvent: {}
[9.752180] (-) TimerEvent: {}
[9.852658] (-) TimerEvent: {}
[9.953670] (-) TimerEvent: {}
[10.054078] (-) TimerEvent: {}
[10.154535] (-) TimerEvent: {}
[10.255284] (-) TimerEvent: {}
[10.355746] (-) TimerEvent: {}
[10.456415] (-) TimerEvent: {}
[10.556813] (-) TimerEvent: {}
[10.657237] (-) TimerEvent: {}
[10.758550] (-) TimerEvent: {}
[10.859484] (-) TimerEvent: {}
[10.960053] (-) TimerEvent: {}
[11.060467] (-) TimerEvent: {}
[11.160810] (-) TimerEvent: {}
[11.261261] (-) TimerEvent: {}
[11.361682] (-) TimerEvent: {}
[11.462066] (-) TimerEvent: {}
[11.562520] (-) TimerEvent: {}
[11.663031] (-) TimerEvent: {}
[11.763533] (-) TimerEvent: {}
[11.863938] (-) TimerEvent: {}
[11.964499] (-) TimerEvent: {}
[12.066316] (-) TimerEvent: {}
[12.166656] (-) TimerEvent: {}
[12.267007] (-) TimerEvent: {}
[12.367706] (-) TimerEvent: {}
[12.468185] (-) TimerEvent: {}
[12.568800] (-) TimerEvent: {}
[12.671567] (-) TimerEvent: {}
[12.772038] (-) TimerEvent: {}
[12.872546] (-) TimerEvent: {}
[12.972997] (-) TimerEvent: {}
[13.073440] (-) TimerEvent: {}
[13.173814] (-) TimerEvent: {}
[13.274164] (-) TimerEvent: {}
[13.374958] (-) TimerEvent: {}
[13.475468] (-) TimerEvent: {}
[13.575908] (-) TimerEvent: {}
[13.676916] (-) TimerEvent: {}
[13.777442] (-) TimerEvent: {}
[13.877854] (-) TimerEvent: {}
[13.893165] (orion_mtc) StderrLine: {'line': b'gmake[2]: *** [CMakeFiles/mtc_node.dir/build.make:76\xef\xbc\x9aCMakeFiles/mtc_node.dir/src/mtc_node.cpp.o] \xe9\x94\x99\xe8\xaf\xaf 1\n'}
[13.894028] (orion_mtc) StderrLine: {'line': b'gmake[1]: *** [CMakeFiles/Makefile2:137\xef\xbc\x9aCMakeFiles/mtc_node.dir/all] \xe9\x94\x99\xe8\xaf\xaf 2\n'}
[13.894224] (orion_mtc) StderrLine: {'line': b'gmake: *** [Makefile:146\xef\xbc\x9aall] \xe9\x94\x99\xe8\xaf\xaf 2\n'}
[13.897083] (orion_mtc) CommandEnded: {'returncode': 2}
[13.913046] (orion_mtc) JobEnded: {'identifier': 'orion_mtc', 'rc': 2}
[13.914725] (-) EventReactorShutdown: {}
