[1.126s] Invoking command in '/home/joey/My_orion/build/orion_pybullet_sim': CMAKE_PREFIX_PATH=/home/joey/My_orion/install/orion_moveit_config:/home/joey/My_orion/install/orion_description:/home/joey/My_orion/install/orion_mtc PYTHONPATH=/home/joey/My_orion/build/orion_pybullet_sim/prefix_override:/usr/lib/python3/dist-packages/colcon_core/task/python/colcon_distutils_commands:/home/joey/My_orion/install/orion_pybullet_sim/lib/python3.10/site-packages:${PYTHONPATH} /usr/bin/python3 -W ignore:setup.py install is deprecated -W ignore:easy_install command is deprecated setup.py develop --editable --build-directory /home/joey/My_orion/build/orion_pybullet_sim/build --no-deps symlink_data
[1.263s] running develop
[1.338s] running egg_info
[1.338s] creating orion_pybullet_sim.egg-info
[1.338s] writing orion_pybullet_sim.egg-info/PKG-INFO
[1.338s] writing dependency_links to orion_pybullet_sim.egg-info/dependency_links.txt
[1.338s] writing entry points to orion_pybullet_sim.egg-info/entry_points.txt
[1.338s] writing requirements to orion_pybullet_sim.egg-info/requires.txt
[1.338s] writing top-level names to orion_pybullet_sim.egg-info/top_level.txt
[1.338s] writing manifest file 'orion_pybullet_sim.egg-info/SOURCES.txt'
[1.339s] reading manifest file 'orion_pybullet_sim.egg-info/SOURCES.txt'
[1.339s] writing manifest file 'orion_pybullet_sim.egg-info/SOURCES.txt'
[1.340s] running build_ext
[1.340s] Creating /home/joey/My_orion/install/orion_pybullet_sim/lib/python3.10/site-packages/orion-pybullet-sim.egg-link (link to .)
[1.340s] Installing pybullet_controller script to /home/joey/My_orion/install/orion_pybullet_sim/lib/orion_pybullet_sim
[1.341s] 
[1.341s] Installed /home/joey/My_orion/build/orion_pybullet_sim
[1.341s] running symlink_data
[1.341s] creating /home/joey/My_orion/install/orion_pybullet_sim/share/ament_index
[1.341s] creating /home/joey/My_orion/install/orion_pybullet_sim/share/ament_index/resource_index
[1.341s] creating /home/joey/My_orion/install/orion_pybullet_sim/share/ament_index/resource_index/packages
[1.341s] symbolically linking /home/joey/My_orion/build/orion_pybullet_sim/resource/orion_pybullet_sim -> /home/joey/My_orion/install/orion_pybullet_sim/share/ament_index/resource_index/packages
[1.341s] symbolically linking /home/joey/My_orion/build/orion_pybullet_sim/package.xml -> /home/joey/My_orion/install/orion_pybullet_sim/share/orion_pybullet_sim
[1.341s] creating /home/joey/My_orion/install/orion_pybullet_sim/share/orion_pybullet_sim/launch
[1.341s] symbolically linking /home/joey/My_orion/build/orion_pybullet_sim/launch/pybullet_sim.launch.py -> /home/joey/My_orion/install/orion_pybullet_sim/share/orion_pybullet_sim/launch
[1.358s] Invoked command in '/home/joey/My_orion/build/orion_pybullet_sim' returned '0': CMAKE_PREFIX_PATH=/home/joey/My_orion/install/orion_moveit_config:/home/joey/My_orion/install/orion_description:/home/joey/My_orion/install/orion_mtc PYTHONPATH=/home/joey/My_orion/build/orion_pybullet_sim/prefix_override:/usr/lib/python3/dist-packages/colcon_core/task/python/colcon_distutils_commands:/home/joey/My_orion/install/orion_pybullet_sim/lib/python3.10/site-packages:${PYTHONPATH} /usr/bin/python3 -W ignore:setup.py install is deprecated -W ignore:easy_install command is deprecated setup.py develop --editable --build-directory /home/joey/My_orion/build/orion_pybullet_sim/build --no-deps symlink_data
