[0.000000] (-) TimerEvent: {}
[0.000324] (-) JobUnselected: {'identifier': 'orion_description'}
[0.000497] (-) JobUnselected: {'identifier': 'orion_moveit_config'}
[0.000635] (-) JobUnselected: {'identifier': 'orion_pybullet_sim'}
[0.000798] (orion_mtc) JobQueued: {'identifier': 'orion_mtc', 'dependencies': OrderedDict([('orion_description', '/home/huzy/My_orion/install/orion_description'), ('orion_moveit_config', '/home/huzy/My_orion/install/orion_moveit_config'), ('orion_pybullet_sim', '/home/huzy/My_orion/install/orion_pybullet_sim')])}
[0.000865] (orion_mtc) JobStarted: {'identifier': 'orion_mtc'}
[0.035811] (orion_mtc) JobProgress: {'identifier': 'orion_mtc', 'progress': 'cmake'}
[0.037260] (orion_mtc) JobProgress: {'identifier': 'orion_mtc', 'progress': 'build'}
[0.037828] (orion_mtc) Command: {'cmd': ['/usr/bin/cmake', '--build', '/home/huzy/My_orion/build/orion_mtc', '--', '-j8', '-l8'], 'cwd': '/home/huzy/My_orion/build/orion_mtc', 'env': OrderedDict([('GJS_DEBUG_TOPICS', 'JS ERROR;JS LOG'), ('LESSOPEN', '| /usr/bin/lesspipe %s'), ('VSCODE_CWD', '/home/huzy'), ('CURSOR_EXTENSION_HOST_ROLE', 'agent-exec'), ('VSCODE_ESM_ENTRYPOINT', 'vs/workbench/api/node/extensionHostProcess'), ('LANGUAGE', 'zh_CN:en_AU:en_US:en'), ('USER', 'huzy'), ('LC_TIME', 'zh_CN.UTF-8'), ('VSCODE_NLS_CONFIG', '{"userLocale":"zh-cn","osLocale":"zh-cn","resolvedLanguage":"zh-cn","defaultMessagesFile":"/tmp/.mount_CursorUXtYWI/usr/share/cursor/resources/app/out/nls.messages.json","languagePack":{"translationsConfigFile":"/home/huzy/.config/Cursor/clp/3bfb7f1471a52e527cfc1587dd57c7c1.zh-cn/tcf.json","messagesFile":"/home/huzy/.config/Cursor/clp/3bfb7f1471a52e527cfc1587dd57c7c1.zh-cn/8c95649f251a168cc4bb34c89531fae7db4bd990/nls.messages.json","corruptMarkerFile":"/home/huzy/.config/Cursor/clp/3bfb7f1471a52e527cfc1587dd57c7c1.zh-cn/corrupted.info"},"locale":"zh-cn","availableLanguages":{"*":"zh-cn"},"_languagePackId":"3bfb7f1471a52e527cfc1587dd57c7c1.zh-cn","_languagePackSupport":true,"_translationsConfigFile":"/home/huzy/.config/Cursor/clp/3bfb7f1471a52e527cfc1587dd57c7c1.zh-cn/tcf.json","_cacheRoot":"/home/huzy/.config/Cursor/clp/3bfb7f1471a52e527cfc1587dd57c7c1.zh-cn","_resolvedLanguagePackCoreLocation":"/home/huzy/.config/Cursor/clp/3bfb7f1471a52e527cfc1587dd57c7c1.zh-cn/8c95649f251a168cc4bb34c89531fae7db4bd990","_corruptedFile":"/home/huzy/.config/Cursor/clp/3bfb7f1471a52e527cfc1587dd57c7c1.zh-cn/corrupted.info"}'), ('CI', '1'), ('VSCODE_HANDLES_UNCAUGHT_ERRORS', 'true'), ('XDG_SESSION_TYPE', 'wayland'), ('SHLVL', '1'), ('LD_LIBRARY_PATH', '/usr/lib/x86_64-linux-gnu/gazebo-11/plugins:/opt/ros/humble/opt/rviz_ogre_vendor/lib:/opt/ros/humble/lib/x86_64-linux-gnu:/opt/ros/humble/lib:/tmp/.mount_CursorUXtYWI/usr/lib/:/tmp/.mount_CursorUXtYWI/usr/lib32/:/tmp/.mount_CursorUXtYWI/usr/lib64/:/tmp/.mount_CursorUXtYWI/lib/:/tmp/.mount_CursorUXtYWI/lib/i386-linux-gnu/:/tmp/.mount_CursorUXtYWI/lib/x86_64-linux-gnu/:/tmp/.mount_CursorUXtYWI/lib/aarch64-linux-gnu/:/tmp/.mount_CursorUXtYWI/lib32/:/tmp/.mount_CursorUXtYWI/lib64/:'), ('HOME', '/home/huzy'), ('CHROME_DESKTOP', 'cursor.desktop'), ('APPDIR', '/tmp/.mount_CursorUXtYWI'), ('OLDPWD', '/home/huzy/My_orion'), ('DESKTOP_SESSION', 'ubuntu'), ('PERLLIB', '/tmp/.mount_CursorUXtYWI/usr/share/perl5/:/tmp/.mount_CursorUXtYWI/usr/lib/perl5/:'), ('VSCODE_IPC_HOOK', '/run/user/1000/vscode-294d73a8-2.6.-main.sock'), ('GIO_LAUNCHED_DESKTOP_FILE', '/home/huzy/.local/share/applications/cursor-ime.desktop'), ('ROS_PYTHON_VERSION', '3'), ('GNOME_SHELL_SESSION_MODE', 'ubuntu'), ('GTK_MODULES', 'gail:atk-bridge'), ('SDL_IM_MODULE', 'fcitx'), ('LC_MONETARY', 'zh_CN.UTF-8'), ('CURSOR_WORKSPACE_LABEL', 'My_orion'), ('MANAGERPID', '1530'), ('SYSTEMD_EXEC_PID', '1714'), ('IM_CONFIG_CHECK_ENV', '1'), ('NO_COLOR', '1'), ('DBUS_SESSION_BUS_ADDRESS', 'unix:path=/run/user/1000/bus'), ('GIO_LAUNCHED_DESKTOP_FILE_PID', '2990'), ('VSCODE_CRASH_REPORTER_PROCESS_TYPE', 'extensionHost'), ('IM_CONFIG_PHASE', '1'), ('WAYLAND_DISPLAY', 'wayland-0'), ('COLCON_PREFIX_PATH', '/home/huzy/My_orion/install'), ('ROS_DISTRO', 'humble'), ('GTK_IM_MODULE', 'fcitx'), ('LOGNAME', 'huzy'), ('FORCE_COLOR', '0'), ('OWD', '/home/huzy'), ('JOURNAL_STREAM', '8:25737'), ('_', '/usr/bin/colcon'), ('ROS_VERSION', '2'), ('XDG_SESSION_CLASS', 'user'), ('USERNAME', 'huzy'), ('TERM', 'dumb'), ('GNOME_DESKTOP_SESSION_ID', 'this-is-deprecated'), ('FC_FONTATIONS', '1'), ('ROS_LOCALHOST_ONLY', '0'), ('PATH', '/home/huzy/.local/bin:/home/huzy/bin:/home/huzy/bin:/home/huzy/.local/bin:/home/huzy/bin:/home/huzy/bin:/opt/ros/humble/bin:/tmp/.mount_CursorUXtYWI/usr/bin/:/tmp/.mount_CursorUXtYWI/usr/sbin/:/tmp/.mount_CursorUXtYWI/usr/games/:/tmp/.mount_CursorUXtYWI/bin/:/tmp/.mount_CursorUXtYWI/sbin/:/home/huzy/.local/bin:/home/huzy/bin:/usr/local/sbin:/usr/local/bin:/usr/sbin:/usr/bin:/sbin:/bin:/usr/games:/usr/local/games:/snap/bin:/snap/bin'), ('SESSION_MANAGER', 'local/huzy-virtual-machine:@/tmp/.ICE-unix/1679,unix/huzy-virtual-machine:/tmp/.ICE-unix/1679'), ('INVOCATION_ID', '826d726d6f664b3f89826df4c6724b2b'), ('PAPERSIZE', 'a4'), ('APPIMAGE', '/home/huzy/Downloads/Cursor-1.4.5-x86_64.AppImage'), ('XDG_MENU_PREFIX', 'gnome-'), ('LC_ADDRESS', 'zh_CN.UTF-8'), ('VSCODE_PROCESS_TITLE', 'extension-host (agent-exec) My_orion [1-3]'), ('GNOME_SETUP_DISPLAY', ':1'), ('XDG_RUNTIME_DIR', '/run/user/1000'), ('GDK_BACKEND', 'x11'), ('CURSOR_AGENT', '1'), ('DISPLAY', ':0'), ('LANG', 'zh_CN.UTF-8'), ('XDG_CURRENT_DESKTOP', 'ubuntu:GNOME'), ('LC_TELEPHONE', 'zh_CN.UTF-8'), ('XMODIFIERS', '@im=fcitx'), ('XDG_SESSION_DESKTOP', 'ubuntu'), ('XAUTHORITY', '/run/user/1000/.mutter-Xwaylandauth.LF0LL3'), ('LS_COLORS', ''), ('CURSOR_TRACE_ID', 'd42350f5f41c41808637c56825ce7e0d'), ('SSH_AGENT_LAUNCHER', 'gnome-keyring'), ('SSH_AUTH_SOCK', '/run/user/1000/keyring/ssh'), ('GSETTINGS_SCHEMA_DIR', '/tmp/.mount_CursorUXtYWI/usr/share/glib-2.0/schemas/:'), ('AMENT_PREFIX_PATH', '/home/huzy/My_orion/install/orion_pybullet_sim:/home/huzy/My_orion/install/orion_mtc:/home/huzy/My_orion/install/orion_moveit_config:/home/huzy/My_orion/install/orion_description:/opt/ros/humble'), ('SHELL', '/bin/bash'), ('LC_NAME', 'zh_CN.UTF-8'), ('ARGV0', '/home/huzy/Downloads/Cursor-1.4.5-x86_64.AppImage'), ('QT_ACCESSIBILITY', '1'), ('GDMSESSION', 'ubuntu'), ('LESSCLOSE', '/usr/bin/lesspipe %s %s'), ('LC_MEASUREMENT', 'zh_CN.UTF-8'), ('GJS_DEBUG_OUTPUT', 'stderr'), ('LC_IDENTIFICATION', 'zh_CN.UTF-8'), ('QT_IM_MODULE', 'fcitx'), ('PWD', '/home/huzy/My_orion/build/orion_mtc'), ('XDG_CONFIG_DIRS', '/etc/xdg/xdg-ubuntu:/etc/xdg'), ('VSCODE_CODE_CACHE_PATH', '/home/huzy/.config/Cursor/CachedData/8c95649f251a168cc4bb34c89531fae7db4bd990'), ('CLUTTER_IM_MODULE', 'fcitx'), ('XDG_DATA_DIRS', '/tmp/.mount_CursorUXtYWI/usr/share/:/usr/local/share:/usr/share:/usr/share/ubuntu:/usr/local/share/:/usr/share/:/var/lib/snapd/desktop'), ('PYTHONPATH', '/home/huzy/My_orion/install/orion_pybullet_sim/lib/python3.10/site-packages:/opt/ros/humble/lib/python3.10/site-packages:/opt/ros/humble/local/lib/python3.10/dist-packages'), ('LC_NUMERIC', 'zh_CN.UTF-8'), ('LC_PAPER', 'zh_CN.UTF-8'), ('QT_PLUGIN_PATH', '/tmp/.mount_CursorUXtYWI/usr/lib/qt4/plugins/:/tmp/.mount_CursorUXtYWI/usr/lib/i386-linux-gnu/qt4/plugins/:/tmp/.mount_CursorUXtYWI/usr/lib/x86_64-linux-gnu/qt4/plugins/:/tmp/.mount_CursorUXtYWI/usr/lib/aarch64-linux-gnu/qt4/plugins/:/tmp/.mount_CursorUXtYWI/usr/lib32/qt4/plugins/:/tmp/.mount_CursorUXtYWI/usr/lib64/qt4/plugins/:/tmp/.mount_CursorUXtYWI/usr/lib/qt5/plugins/:/tmp/.mount_CursorUXtYWI/usr/lib/i386-linux-gnu/qt5/plugins/:/tmp/.mount_CursorUXtYWI/usr/lib/x86_64-linux-gnu/qt5/plugins/:/tmp/.mount_CursorUXtYWI/usr/lib/aarch64-linux-gnu/qt5/plugins/:/tmp/.mount_CursorUXtYWI/usr/lib32/qt5/plugins/:/tmp/.mount_CursorUXtYWI/usr/lib64/qt5/plugins/:'), ('COLCON', '1'), ('_ZO_DOCTOR', '0'), ('CMAKE_PREFIX_PATH', '/home/huzy/My_orion/install/orion_moveit_config:/home/huzy/My_orion/install/orion_description:/home/huzy/My_orion/install/orion_mtc:/home/huzy/My_orion/install/orion_pybullet_sim:/opt/ros/humble'), ('VSCODE_PID', '2990')]), 'shell': False}
[0.099195] (-) TimerEvent: {}
[0.199611] (-) TimerEvent: {}
[0.224602] (orion_mtc) StdoutLine: {'line': b'Consolidate compiler generated dependencies of target mtc_node\n'}
[0.291525] (orion_mtc) StdoutLine: {'line': b'[ 50%] Building CXX object CMakeFiles/mtc_node.dir/src/mtc_node.cpp.o\n'}
[0.299753] (-) TimerEvent: {}
[0.399999] (-) TimerEvent: {}
[0.500251] (-) TimerEvent: {}
[0.600514] (-) TimerEvent: {}
[0.700781] (-) TimerEvent: {}
[0.801056] (-) TimerEvent: {}
[0.901309] (-) TimerEvent: {}
[1.001555] (-) TimerEvent: {}
[1.101912] (-) TimerEvent: {}
[1.202156] (-) TimerEvent: {}
[1.302422] (-) TimerEvent: {}
[1.402693] (-) TimerEvent: {}
[1.502983] (-) TimerEvent: {}
[1.603277] (-) TimerEvent: {}
[1.703556] (-) TimerEvent: {}
[1.804180] (-) TimerEvent: {}
[1.904443] (-) TimerEvent: {}
[2.004700] (-) TimerEvent: {}
[2.105071] (-) TimerEvent: {}
[2.205393] (-) TimerEvent: {}
[2.305665] (-) TimerEvent: {}
[2.405947] (-) TimerEvent: {}
[2.506197] (-) TimerEvent: {}
[2.606437] (-) TimerEvent: {}
[2.706667] (-) TimerEvent: {}
[2.806939] (-) TimerEvent: {}
[2.907180] (-) TimerEvent: {}
[3.008008] (-) TimerEvent: {}
[3.108250] (-) TimerEvent: {}
[3.208504] (-) TimerEvent: {}
[3.308761] (-) TimerEvent: {}
[3.409027] (-) TimerEvent: {}
[3.509288] (-) TimerEvent: {}
[3.609682] (-) TimerEvent: {}
[3.709943] (-) TimerEvent: {}
[3.810217] (-) TimerEvent: {}
[3.910465] (-) TimerEvent: {}
[4.010814] (-) TimerEvent: {}
[4.111083] (-) TimerEvent: {}
[4.211473] (-) TimerEvent: {}
[4.311727] (-) TimerEvent: {}
[4.412029] (-) TimerEvent: {}
[4.512276] (-) TimerEvent: {}
[4.612536] (-) TimerEvent: {}
[4.712857] (-) TimerEvent: {}
[4.813186] (-) TimerEvent: {}
[4.913450] (-) TimerEvent: {}
[5.013893] (-) TimerEvent: {}
[5.115189] (-) TimerEvent: {}
[5.215426] (-) TimerEvent: {}
[5.315692] (-) TimerEvent: {}
[5.416033] (-) TimerEvent: {}
[5.516381] (-) TimerEvent: {}
[5.616929] (-) TimerEvent: {}
[5.717332] (-) TimerEvent: {}
[5.817722] (-) TimerEvent: {}
[5.918019] (-) TimerEvent: {}
[6.018323] (-) TimerEvent: {}
[6.119813] (-) TimerEvent: {}
[6.220067] (-) TimerEvent: {}
[6.320319] (-) TimerEvent: {}
[6.420578] (-) TimerEvent: {}
[6.520855] (-) TimerEvent: {}
[6.621153] (-) TimerEvent: {}
[6.721515] (-) TimerEvent: {}
[6.821866] (-) TimerEvent: {}
[6.922131] (-) TimerEvent: {}
[7.022368] (-) TimerEvent: {}
[7.122640] (-) TimerEvent: {}
[7.222951] (-) TimerEvent: {}
[7.323236] (-) TimerEvent: {}
[7.423494] (-) TimerEvent: {}
[7.523798] (-) TimerEvent: {}
[7.624071] (-) TimerEvent: {}
[7.724376] (-) TimerEvent: {}
[7.824704] (-) TimerEvent: {}
[7.925105] (-) TimerEvent: {}
[8.025641] (-) TimerEvent: {}
[8.125923] (-) TimerEvent: {}
[8.226179] (-) TimerEvent: {}
[8.326451] (-) TimerEvent: {}
[8.426883] (-) TimerEvent: {}
[8.527188] (-) TimerEvent: {}
[8.627472] (-) TimerEvent: {}
[8.727757] (-) TimerEvent: {}
[8.828079] (-) TimerEvent: {}
[8.928325] (-) TimerEvent: {}
[9.028568] (-) TimerEvent: {}
[9.129395] (-) TimerEvent: {}
[9.229679] (-) TimerEvent: {}
[9.330058] (-) TimerEvent: {}
[9.430422] (-) TimerEvent: {}
[9.530853] (-) TimerEvent: {}
[9.631227] (-) TimerEvent: {}
[9.731534] (-) TimerEvent: {}
[9.831790] (-) TimerEvent: {}
[9.932084] (-) TimerEvent: {}
[10.032398] (-) TimerEvent: {}
[10.132923] (-) TimerEvent: {}
[10.233188] (-) TimerEvent: {}
[10.333469] (-) TimerEvent: {}
[10.434016] (-) TimerEvent: {}
[10.534265] (-) TimerEvent: {}
[10.634520] (-) TimerEvent: {}
[10.734769] (-) TimerEvent: {}
[10.835057] (-) TimerEvent: {}
[10.935657] (-) TimerEvent: {}
[11.036202] (-) TimerEvent: {}
[11.137479] (-) TimerEvent: {}
[11.237722] (-) TimerEvent: {}
[11.338017] (-) TimerEvent: {}
[11.438268] (-) TimerEvent: {}
[11.538543] (-) TimerEvent: {}
[11.638787] (-) TimerEvent: {}
[11.739095] (-) TimerEvent: {}
[11.840042] (-) TimerEvent: {}
[11.940309] (-) TimerEvent: {}
[12.040859] (-) TimerEvent: {}
[12.141273] (-) TimerEvent: {}
[12.241920] (-) TimerEvent: {}
[12.342290] (-) TimerEvent: {}
[12.442587] (-) TimerEvent: {}
[12.542979] (-) TimerEvent: {}
[12.643509] (-) TimerEvent: {}
[12.744864] (-) TimerEvent: {}
[12.845127] (-) TimerEvent: {}
[12.945359] (-) TimerEvent: {}
[13.045856] (-) TimerEvent: {}
[13.146125] (-) TimerEvent: {}
[13.246359] (-) TimerEvent: {}
[13.347071] (-) TimerEvent: {}
[13.447398] (-) TimerEvent: {}
[13.547928] (-) TimerEvent: {}
[13.648765] (-) TimerEvent: {}
[13.749965] (-) TimerEvent: {}
[13.853171] (-) TimerEvent: {}
[13.953886] (-) TimerEvent: {}
[14.054278] (-) TimerEvent: {}
[14.154633] (-) TimerEvent: {}
[14.255142] (-) TimerEvent: {}
[14.355384] (-) TimerEvent: {}
[14.455634] (-) TimerEvent: {}
[14.555931] (-) TimerEvent: {}
[14.656751] (-) TimerEvent: {}
[14.757020] (-) TimerEvent: {}
[14.857269] (-) TimerEvent: {}
[14.957508] (-) TimerEvent: {}
[15.057758] (-) TimerEvent: {}
[15.158011] (-) TimerEvent: {}
[15.258273] (-) TimerEvent: {}
[15.358539] (-) TimerEvent: {}
[15.458921] (-) TimerEvent: {}
[15.559168] (-) TimerEvent: {}
[15.659559] (-) TimerEvent: {}
[15.759866] (-) TimerEvent: {}
[15.860152] (-) TimerEvent: {}
[15.960384] (-) TimerEvent: {}
[16.060624] (-) TimerEvent: {}
[16.160837] (-) TimerEvent: {}
[16.261081] (-) TimerEvent: {}
[16.361336] (-) TimerEvent: {}
[16.462387] (-) TimerEvent: {}
[16.562638] (-) TimerEvent: {}
[16.662925] (-) TimerEvent: {}
[16.763703] (-) TimerEvent: {}
[16.863967] (-) TimerEvent: {}
[16.964234] (-) TimerEvent: {}
[17.064540] (-) TimerEvent: {}
[17.164868] (-) TimerEvent: {}
[17.265165] (-) TimerEvent: {}
[17.365501] (-) TimerEvent: {}
[17.465757] (-) TimerEvent: {}
[17.566052] (-) TimerEvent: {}
[17.666340] (-) TimerEvent: {}
[17.766706] (-) TimerEvent: {}
[17.867058] (-) TimerEvent: {}
[17.967329] (-) TimerEvent: {}
[18.067593] (-) TimerEvent: {}
[18.167841] (-) TimerEvent: {}
[18.268087] (-) TimerEvent: {}
[18.368380] (-) TimerEvent: {}
[18.468633] (-) TimerEvent: {}
[18.568948] (-) TimerEvent: {}
[18.669210] (-) TimerEvent: {}
[18.769648] (-) TimerEvent: {}
[18.870029] (-) TimerEvent: {}
[18.970283] (-) TimerEvent: {}
[19.070521] (-) TimerEvent: {}
[19.170707] (-) TimerEvent: {}
[19.271012] (-) TimerEvent: {}
[19.371272] (-) TimerEvent: {}
[19.471573] (-) TimerEvent: {}
[19.572110] (-) TimerEvent: {}
[19.672518] (-) TimerEvent: {}
[19.772814] (-) TimerEvent: {}
[19.873058] (-) TimerEvent: {}
[19.973316] (-) TimerEvent: {}
[20.073568] (-) TimerEvent: {}
[20.173845] (-) TimerEvent: {}
[20.274099] (-) TimerEvent: {}
[20.374495] (-) TimerEvent: {}
[20.474797] (-) TimerEvent: {}
[20.575402] (-) TimerEvent: {}
[20.675693] (-) TimerEvent: {}
[20.776545] (-) TimerEvent: {}
[20.877091] (-) TimerEvent: {}
[20.977406] (-) TimerEvent: {}
[21.077675] (-) TimerEvent: {}
[21.178813] (-) TimerEvent: {}
[21.279058] (-) TimerEvent: {}
[21.379319] (-) TimerEvent: {}
[21.479745] (-) TimerEvent: {}
[21.580022] (-) TimerEvent: {}
[21.680282] (-) TimerEvent: {}
[21.780595] (-) TimerEvent: {}
[21.880970] (-) TimerEvent: {}
[21.981247] (-) TimerEvent: {}
[22.081564] (-) TimerEvent: {}
[22.182123] (-) TimerEvent: {}
[22.282393] (-) TimerEvent: {}
[22.382648] (-) TimerEvent: {}
[22.482935] (-) TimerEvent: {}
[22.583179] (-) TimerEvent: {}
[22.683432] (-) TimerEvent: {}
[22.783681] (-) TimerEvent: {}
[22.883957] (-) TimerEvent: {}
[22.984561] (-) TimerEvent: {}
[23.086446] (-) TimerEvent: {}
[23.186921] (-) TimerEvent: {}
[23.287165] (-) TimerEvent: {}
[23.387409] (-) TimerEvent: {}
[23.487657] (-) TimerEvent: {}
[23.587910] (-) TimerEvent: {}
[23.688146] (-) TimerEvent: {}
[23.788394] (-) TimerEvent: {}
[23.888633] (-) TimerEvent: {}
[23.988941] (-) TimerEvent: {}
[24.089185] (-) TimerEvent: {}
[24.189690] (-) TimerEvent: {}
[24.289983] (-) TimerEvent: {}
[24.390242] (-) TimerEvent: {}
[24.490500] (-) TimerEvent: {}
[24.590764] (-) TimerEvent: {}
[24.691039] (-) TimerEvent: {}
[24.791306] (-) TimerEvent: {}
[24.891611] (-) TimerEvent: {}
[24.991964] (-) TimerEvent: {}
[25.092216] (-) TimerEvent: {}
[25.127846] (orion_mtc) StdoutLine: {'line': b'[100%] Linking CXX executable mtc_node\n'}
[25.192346] (-) TimerEvent: {}
[25.292600] (-) TimerEvent: {}
[25.392852] (-) TimerEvent: {}
[25.493120] (-) TimerEvent: {}
[25.593394] (-) TimerEvent: {}
[25.694812] (-) TimerEvent: {}
[25.795146] (-) TimerEvent: {}
[25.895415] (-) TimerEvent: {}
[25.995680] (-) TimerEvent: {}
[26.095977] (-) TimerEvent: {}
[26.196246] (-) TimerEvent: {}
[26.296714] (-) TimerEvent: {}
[26.396989] (-) TimerEvent: {}
[26.416442] (orion_mtc) StdoutLine: {'line': b'[100%] Built target mtc_node\n'}
[26.437858] (orion_mtc) CommandEnded: {'returncode': 0}
[26.439122] (orion_mtc) JobProgress: {'identifier': 'orion_mtc', 'progress': 'install'}
[26.458187] (orion_mtc) Command: {'cmd': ['/usr/bin/cmake', '--install', '/home/huzy/My_orion/build/orion_mtc'], 'cwd': '/home/huzy/My_orion/build/orion_mtc', 'env': OrderedDict([('GJS_DEBUG_TOPICS', 'JS ERROR;JS LOG'), ('LESSOPEN', '| /usr/bin/lesspipe %s'), ('VSCODE_CWD', '/home/huzy'), ('CURSOR_EXTENSION_HOST_ROLE', 'agent-exec'), ('VSCODE_ESM_ENTRYPOINT', 'vs/workbench/api/node/extensionHostProcess'), ('LANGUAGE', 'zh_CN:en_AU:en_US:en'), ('USER', 'huzy'), ('LC_TIME', 'zh_CN.UTF-8'), ('VSCODE_NLS_CONFIG', '{"userLocale":"zh-cn","osLocale":"zh-cn","resolvedLanguage":"zh-cn","defaultMessagesFile":"/tmp/.mount_CursorUXtYWI/usr/share/cursor/resources/app/out/nls.messages.json","languagePack":{"translationsConfigFile":"/home/huzy/.config/Cursor/clp/3bfb7f1471a52e527cfc1587dd57c7c1.zh-cn/tcf.json","messagesFile":"/home/huzy/.config/Cursor/clp/3bfb7f1471a52e527cfc1587dd57c7c1.zh-cn/8c95649f251a168cc4bb34c89531fae7db4bd990/nls.messages.json","corruptMarkerFile":"/home/huzy/.config/Cursor/clp/3bfb7f1471a52e527cfc1587dd57c7c1.zh-cn/corrupted.info"},"locale":"zh-cn","availableLanguages":{"*":"zh-cn"},"_languagePackId":"3bfb7f1471a52e527cfc1587dd57c7c1.zh-cn","_languagePackSupport":true,"_translationsConfigFile":"/home/huzy/.config/Cursor/clp/3bfb7f1471a52e527cfc1587dd57c7c1.zh-cn/tcf.json","_cacheRoot":"/home/huzy/.config/Cursor/clp/3bfb7f1471a52e527cfc1587dd57c7c1.zh-cn","_resolvedLanguagePackCoreLocation":"/home/huzy/.config/Cursor/clp/3bfb7f1471a52e527cfc1587dd57c7c1.zh-cn/8c95649f251a168cc4bb34c89531fae7db4bd990","_corruptedFile":"/home/huzy/.config/Cursor/clp/3bfb7f1471a52e527cfc1587dd57c7c1.zh-cn/corrupted.info"}'), ('CI', '1'), ('VSCODE_HANDLES_UNCAUGHT_ERRORS', 'true'), ('XDG_SESSION_TYPE', 'wayland'), ('SHLVL', '1'), ('LD_LIBRARY_PATH', '/usr/lib/x86_64-linux-gnu/gazebo-11/plugins:/opt/ros/humble/opt/rviz_ogre_vendor/lib:/opt/ros/humble/lib/x86_64-linux-gnu:/opt/ros/humble/lib:/tmp/.mount_CursorUXtYWI/usr/lib/:/tmp/.mount_CursorUXtYWI/usr/lib32/:/tmp/.mount_CursorUXtYWI/usr/lib64/:/tmp/.mount_CursorUXtYWI/lib/:/tmp/.mount_CursorUXtYWI/lib/i386-linux-gnu/:/tmp/.mount_CursorUXtYWI/lib/x86_64-linux-gnu/:/tmp/.mount_CursorUXtYWI/lib/aarch64-linux-gnu/:/tmp/.mount_CursorUXtYWI/lib32/:/tmp/.mount_CursorUXtYWI/lib64/:'), ('HOME', '/home/huzy'), ('CHROME_DESKTOP', 'cursor.desktop'), ('APPDIR', '/tmp/.mount_CursorUXtYWI'), ('OLDPWD', '/home/huzy/My_orion'), ('DESKTOP_SESSION', 'ubuntu'), ('PERLLIB', '/tmp/.mount_CursorUXtYWI/usr/share/perl5/:/tmp/.mount_CursorUXtYWI/usr/lib/perl5/:'), ('VSCODE_IPC_HOOK', '/run/user/1000/vscode-294d73a8-2.6.-main.sock'), ('GIO_LAUNCHED_DESKTOP_FILE', '/home/huzy/.local/share/applications/cursor-ime.desktop'), ('ROS_PYTHON_VERSION', '3'), ('GNOME_SHELL_SESSION_MODE', 'ubuntu'), ('GTK_MODULES', 'gail:atk-bridge'), ('SDL_IM_MODULE', 'fcitx'), ('LC_MONETARY', 'zh_CN.UTF-8'), ('CURSOR_WORKSPACE_LABEL', 'My_orion'), ('MANAGERPID', '1530'), ('SYSTEMD_EXEC_PID', '1714'), ('IM_CONFIG_CHECK_ENV', '1'), ('NO_COLOR', '1'), ('DBUS_SESSION_BUS_ADDRESS', 'unix:path=/run/user/1000/bus'), ('GIO_LAUNCHED_DESKTOP_FILE_PID', '2990'), ('VSCODE_CRASH_REPORTER_PROCESS_TYPE', 'extensionHost'), ('IM_CONFIG_PHASE', '1'), ('WAYLAND_DISPLAY', 'wayland-0'), ('COLCON_PREFIX_PATH', '/home/huzy/My_orion/install'), ('ROS_DISTRO', 'humble'), ('GTK_IM_MODULE', 'fcitx'), ('LOGNAME', 'huzy'), ('FORCE_COLOR', '0'), ('OWD', '/home/huzy'), ('JOURNAL_STREAM', '8:25737'), ('_', '/usr/bin/colcon'), ('ROS_VERSION', '2'), ('XDG_SESSION_CLASS', 'user'), ('USERNAME', 'huzy'), ('TERM', 'dumb'), ('GNOME_DESKTOP_SESSION_ID', 'this-is-deprecated'), ('FC_FONTATIONS', '1'), ('ROS_LOCALHOST_ONLY', '0'), ('PATH', '/home/huzy/.local/bin:/home/huzy/bin:/home/huzy/bin:/home/huzy/.local/bin:/home/huzy/bin:/home/huzy/bin:/opt/ros/humble/bin:/tmp/.mount_CursorUXtYWI/usr/bin/:/tmp/.mount_CursorUXtYWI/usr/sbin/:/tmp/.mount_CursorUXtYWI/usr/games/:/tmp/.mount_CursorUXtYWI/bin/:/tmp/.mount_CursorUXtYWI/sbin/:/home/huzy/.local/bin:/home/huzy/bin:/usr/local/sbin:/usr/local/bin:/usr/sbin:/usr/bin:/sbin:/bin:/usr/games:/usr/local/games:/snap/bin:/snap/bin'), ('SESSION_MANAGER', 'local/huzy-virtual-machine:@/tmp/.ICE-unix/1679,unix/huzy-virtual-machine:/tmp/.ICE-unix/1679'), ('INVOCATION_ID', '826d726d6f664b3f89826df4c6724b2b'), ('PAPERSIZE', 'a4'), ('APPIMAGE', '/home/huzy/Downloads/Cursor-1.4.5-x86_64.AppImage'), ('XDG_MENU_PREFIX', 'gnome-'), ('LC_ADDRESS', 'zh_CN.UTF-8'), ('VSCODE_PROCESS_TITLE', 'extension-host (agent-exec) My_orion [1-3]'), ('GNOME_SETUP_DISPLAY', ':1'), ('XDG_RUNTIME_DIR', '/run/user/1000'), ('GDK_BACKEND', 'x11'), ('CURSOR_AGENT', '1'), ('DISPLAY', ':0'), ('LANG', 'zh_CN.UTF-8'), ('XDG_CURRENT_DESKTOP', 'ubuntu:GNOME'), ('LC_TELEPHONE', 'zh_CN.UTF-8'), ('XMODIFIERS', '@im=fcitx'), ('XDG_SESSION_DESKTOP', 'ubuntu'), ('XAUTHORITY', '/run/user/1000/.mutter-Xwaylandauth.LF0LL3'), ('LS_COLORS', ''), ('CURSOR_TRACE_ID', 'd42350f5f41c41808637c56825ce7e0d'), ('SSH_AGENT_LAUNCHER', 'gnome-keyring'), ('SSH_AUTH_SOCK', '/run/user/1000/keyring/ssh'), ('GSETTINGS_SCHEMA_DIR', '/tmp/.mount_CursorUXtYWI/usr/share/glib-2.0/schemas/:'), ('AMENT_PREFIX_PATH', '/home/huzy/My_orion/install/orion_pybullet_sim:/home/huzy/My_orion/install/orion_mtc:/home/huzy/My_orion/install/orion_moveit_config:/home/huzy/My_orion/install/orion_description:/opt/ros/humble'), ('SHELL', '/bin/bash'), ('LC_NAME', 'zh_CN.UTF-8'), ('ARGV0', '/home/huzy/Downloads/Cursor-1.4.5-x86_64.AppImage'), ('QT_ACCESSIBILITY', '1'), ('GDMSESSION', 'ubuntu'), ('LESSCLOSE', '/usr/bin/lesspipe %s %s'), ('LC_MEASUREMENT', 'zh_CN.UTF-8'), ('GJS_DEBUG_OUTPUT', 'stderr'), ('LC_IDENTIFICATION', 'zh_CN.UTF-8'), ('QT_IM_MODULE', 'fcitx'), ('PWD', '/home/huzy/My_orion/build/orion_mtc'), ('XDG_CONFIG_DIRS', '/etc/xdg/xdg-ubuntu:/etc/xdg'), ('VSCODE_CODE_CACHE_PATH', '/home/huzy/.config/Cursor/CachedData/8c95649f251a168cc4bb34c89531fae7db4bd990'), ('CLUTTER_IM_MODULE', 'fcitx'), ('XDG_DATA_DIRS', '/tmp/.mount_CursorUXtYWI/usr/share/:/usr/local/share:/usr/share:/usr/share/ubuntu:/usr/local/share/:/usr/share/:/var/lib/snapd/desktop'), ('PYTHONPATH', '/home/huzy/My_orion/install/orion_pybullet_sim/lib/python3.10/site-packages:/opt/ros/humble/lib/python3.10/site-packages:/opt/ros/humble/local/lib/python3.10/dist-packages'), ('LC_NUMERIC', 'zh_CN.UTF-8'), ('LC_PAPER', 'zh_CN.UTF-8'), ('QT_PLUGIN_PATH', '/tmp/.mount_CursorUXtYWI/usr/lib/qt4/plugins/:/tmp/.mount_CursorUXtYWI/usr/lib/i386-linux-gnu/qt4/plugins/:/tmp/.mount_CursorUXtYWI/usr/lib/x86_64-linux-gnu/qt4/plugins/:/tmp/.mount_CursorUXtYWI/usr/lib/aarch64-linux-gnu/qt4/plugins/:/tmp/.mount_CursorUXtYWI/usr/lib32/qt4/plugins/:/tmp/.mount_CursorUXtYWI/usr/lib64/qt4/plugins/:/tmp/.mount_CursorUXtYWI/usr/lib/qt5/plugins/:/tmp/.mount_CursorUXtYWI/usr/lib/i386-linux-gnu/qt5/plugins/:/tmp/.mount_CursorUXtYWI/usr/lib/x86_64-linux-gnu/qt5/plugins/:/tmp/.mount_CursorUXtYWI/usr/lib/aarch64-linux-gnu/qt5/plugins/:/tmp/.mount_CursorUXtYWI/usr/lib32/qt5/plugins/:/tmp/.mount_CursorUXtYWI/usr/lib64/qt5/plugins/:'), ('COLCON', '1'), ('_ZO_DOCTOR', '0'), ('CMAKE_PREFIX_PATH', '/home/huzy/My_orion/install/orion_moveit_config:/home/huzy/My_orion/install/orion_description:/home/huzy/My_orion/install/orion_mtc:/home/huzy/My_orion/install/orion_pybullet_sim:/opt/ros/humble'), ('VSCODE_PID', '2990')]), 'shell': False}
[26.482170] (orion_mtc) StdoutLine: {'line': b'-- Install configuration: ""\n'}
[26.482363] (orion_mtc) StdoutLine: {'line': b'-- Installing: /home/huzy/My_orion/install/orion_mtc/lib/orion_mtc/mtc_node\n'}
[26.488438] (orion_mtc) StdoutLine: {'line': b'-- Set runtime path of "/home/huzy/My_orion/install/orion_mtc/lib/orion_mtc/mtc_node" to ""\n'}
[26.488721] (orion_mtc) StdoutLine: {'line': b'-- Up-to-date: /home/huzy/My_orion/install/orion_mtc/share/orion_mtc/launch\n'}
[26.488867] (orion_mtc) StdoutLine: {'line': b'-- Up-to-date: /home/huzy/My_orion/install/orion_mtc/share/orion_mtc/launch/pick_place_pybullet.launch.py\n'}
[26.489043] (orion_mtc) StdoutLine: {'line': b'-- Up-to-date: /home/huzy/My_orion/install/orion_mtc/share/orion_mtc/config\n'}
[26.489116] (orion_mtc) StdoutLine: {'line': b'-- Up-to-date: /home/huzy/My_orion/install/orion_mtc/share/orion_mtc/config/pick_place_params.yaml\n'}
[26.489158] (orion_mtc) StdoutLine: {'line': b'-- Up-to-date: /home/huzy/My_orion/install/orion_mtc/share/ament_index/resource_index/package_run_dependencies/orion_mtc\n'}
[26.489196] (orion_mtc) StdoutLine: {'line': b'-- Up-to-date: /home/huzy/My_orion/install/orion_mtc/share/ament_index/resource_index/parent_prefix_path/orion_mtc\n'}
[26.489344] (orion_mtc) StdoutLine: {'line': b'-- Up-to-date: /home/huzy/My_orion/install/orion_mtc/share/orion_mtc/environment/ament_prefix_path.sh\n'}
[26.489387] (orion_mtc) StdoutLine: {'line': b'-- Up-to-date: /home/huzy/My_orion/install/orion_mtc/share/orion_mtc/environment/ament_prefix_path.dsv\n'}
[26.489424] (orion_mtc) StdoutLine: {'line': b'-- Up-to-date: /home/huzy/My_orion/install/orion_mtc/share/orion_mtc/environment/path.sh\n'}
[26.489461] (orion_mtc) StdoutLine: {'line': b'-- Up-to-date: /home/huzy/My_orion/install/orion_mtc/share/orion_mtc/environment/path.dsv\n'}
[26.489499] (orion_mtc) StdoutLine: {'line': b'-- Up-to-date: /home/huzy/My_orion/install/orion_mtc/share/orion_mtc/local_setup.bash\n'}
[26.489535] (orion_mtc) StdoutLine: {'line': b'-- Up-to-date: /home/huzy/My_orion/install/orion_mtc/share/orion_mtc/local_setup.sh\n'}
[26.489570] (orion_mtc) StdoutLine: {'line': b'-- Up-to-date: /home/huzy/My_orion/install/orion_mtc/share/orion_mtc/local_setup.zsh\n'}
[26.489605] (orion_mtc) StdoutLine: {'line': b'-- Up-to-date: /home/huzy/My_orion/install/orion_mtc/share/orion_mtc/local_setup.dsv\n'}
[26.489640] (orion_mtc) StdoutLine: {'line': b'-- Installing: /home/huzy/My_orion/install/orion_mtc/share/orion_mtc/package.dsv\n'}
[26.489676] (orion_mtc) StdoutLine: {'line': b'-- Up-to-date: /home/huzy/My_orion/install/orion_mtc/share/ament_index/resource_index/packages/orion_mtc\n'}
[26.489712] (orion_mtc) StdoutLine: {'line': b'-- Up-to-date: /home/huzy/My_orion/install/orion_mtc/share/orion_mtc/cmake/orion_mtcConfig.cmake\n'}
[26.489756] (orion_mtc) StdoutLine: {'line': b'-- Up-to-date: /home/huzy/My_orion/install/orion_mtc/share/orion_mtc/cmake/orion_mtcConfig-version.cmake\n'}
[26.489792] (orion_mtc) StdoutLine: {'line': b'-- Up-to-date: /home/huzy/My_orion/install/orion_mtc/share/orion_mtc/package.xml\n'}
[26.490628] (orion_mtc) CommandEnded: {'returncode': 0}
[26.497396] (-) TimerEvent: {}
[26.506246] (orion_mtc) JobEnded: {'identifier': 'orion_mtc', 'rc': 0}
[26.507067] (-) EventReactorShutdown: {}
