[0.082s] DEBUG:colcon:Command line arguments: ['/usr/bin/colcon', 'build']
[0.082s] DEBUG:colcon:Parsed command line arguments: Namespace(log_base=None, log_level=None, verb_name='build', build_base='build', install_base='install', merge_install=False, symlink_install=False, test_result_base=None, continue_on_error=False, executor='parallel', parallel_workers=8, event_handlers=None, ignore_user_meta=False, metas=['./colcon.meta'], base_paths=['.'], packages_ignore=None, packages_ignore_regex=None, paths=None, packages_up_to=None, packages_up_to_regex=None, packages_above=None, packages_above_and_dependencies=None, packages_above_depth=None, packages_select_by_dep=None, packages_skip_by_dep=None, packages_skip_up_to=None, packages_select_build_failed=False, packages_skip_build_finished=False, packages_select_test_failures=False, packages_skip_test_passed=False, packages_select=None, packages_skip=None, packages_select_regex=None, packages_skip_regex=None, packages_start=None, packages_end=None, allow_overriding=[], cmake_args=None, cmake_target=None, cmake_target_skip_unavailable=False, cmake_clean_cache=False, cmake_clean_first=False, cmake_force_configure=False, ament_cmake_args=None, catkin_cmake_args=None, catkin_skip_building_tests=False, mixin_files=None, mixin=None, verb_parser=<colcon_mixin.mixin.mixin_argument.MixinArgumentDecorator object at 0x71f928663a60>, verb_extension=<colcon_core.verb.build.BuildVerb object at 0x71f9287ac940>, main=<bound method BuildVerb.main of <colcon_core.verb.build.BuildVerb object at 0x71f9287ac940>>, mixin_verb=('build',))
[0.199s] Level 1:colcon.colcon_core.package_discovery:discover_packages(colcon_meta) check parameters
[0.200s] Level 1:colcon.colcon_core.package_discovery:discover_packages(recursive) check parameters
[0.200s] Level 1:colcon.colcon_core.package_discovery:discover_packages(ignore) check parameters
[0.200s] Level 1:colcon.colcon_core.package_discovery:discover_packages(path) check parameters
[0.200s] Level 1:colcon.colcon_core.package_discovery:discover_packages(colcon_meta) discover
[0.200s] Level 1:colcon.colcon_core.package_discovery:discover_packages(recursive) discover
[0.200s] INFO:colcon.colcon_core.package_discovery:Crawling recursively for packages in '/home/huzy/My_orion'
[0.200s] Level 1:colcon.colcon_core.package_identification:_identify(.) by extensions ['ignore', 'ignore_ament_install']
[0.200s] Level 1:colcon.colcon_core.package_identification:_identify(.) by extension 'ignore'
[0.200s] Level 1:colcon.colcon_core.package_identification:_identify(.) by extension 'ignore_ament_install'
[0.200s] Level 1:colcon.colcon_core.package_identification:_identify(.) by extensions ['colcon_pkg']
[0.200s] Level 1:colcon.colcon_core.package_identification:_identify(.) by extension 'colcon_pkg'
[0.200s] Level 1:colcon.colcon_core.package_identification:_identify(.) by extensions ['colcon_meta']
[0.200s] Level 1:colcon.colcon_core.package_identification:_identify(.) by extension 'colcon_meta'
[0.200s] Level 1:colcon.colcon_core.package_identification:_identify(.) by extensions ['ros']
[0.200s] Level 1:colcon.colcon_core.package_identification:_identify(.) by extension 'ros'
[0.208s] Level 1:colcon.colcon_core.package_identification:_identify(.) by extensions ['cmake', 'python']
[0.208s] Level 1:colcon.colcon_core.package_identification:_identify(.) by extension 'cmake'
[0.208s] Level 1:colcon.colcon_core.package_identification:_identify(.) by extension 'python'
[0.208s] Level 1:colcon.colcon_core.package_identification:_identify(.) by extensions ['python_setup_py']
[0.208s] Level 1:colcon.colcon_core.package_identification:_identify(.) by extension 'python_setup_py'
[0.208s] Level 1:colcon.colcon_core.package_identification:_identify(build) by extensions ['ignore', 'ignore_ament_install']
[0.208s] Level 1:colcon.colcon_core.package_identification:_identify(build) by extension 'ignore'
[0.208s] Level 1:colcon.colcon_core.package_identification:_identify(build) ignored
[0.208s] Level 1:colcon.colcon_core.package_identification:_identify(install) by extensions ['ignore', 'ignore_ament_install']
[0.208s] Level 1:colcon.colcon_core.package_identification:_identify(install) by extension 'ignore'
[0.208s] Level 1:colcon.colcon_core.package_identification:_identify(install) ignored
[0.209s] Level 1:colcon.colcon_core.package_identification:_identify(log) by extensions ['ignore', 'ignore_ament_install']
[0.209s] Level 1:colcon.colcon_core.package_identification:_identify(log) by extension 'ignore'
[0.209s] Level 1:colcon.colcon_core.package_identification:_identify(log) ignored
[0.209s] Level 1:colcon.colcon_core.package_identification:_identify(src) by extensions ['ignore', 'ignore_ament_install']
[0.209s] Level 1:colcon.colcon_core.package_identification:_identify(src) by extension 'ignore'
[0.209s] Level 1:colcon.colcon_core.package_identification:_identify(src) by extension 'ignore_ament_install'
[0.209s] Level 1:colcon.colcon_core.package_identification:_identify(src) by extensions ['colcon_pkg']
[0.209s] Level 1:colcon.colcon_core.package_identification:_identify(src) by extension 'colcon_pkg'
[0.209s] Level 1:colcon.colcon_core.package_identification:_identify(src) by extensions ['colcon_meta']
[0.209s] Level 1:colcon.colcon_core.package_identification:_identify(src) by extension 'colcon_meta'
[0.209s] Level 1:colcon.colcon_core.package_identification:_identify(src) by extensions ['ros']
[0.209s] Level 1:colcon.colcon_core.package_identification:_identify(src) by extension 'ros'
[0.209s] Level 1:colcon.colcon_core.package_identification:_identify(src) by extensions ['cmake', 'python']
[0.209s] Level 1:colcon.colcon_core.package_identification:_identify(src) by extension 'cmake'
[0.209s] Level 1:colcon.colcon_core.package_identification:_identify(src) by extension 'python'
[0.209s] Level 1:colcon.colcon_core.package_identification:_identify(src) by extensions ['python_setup_py']
[0.209s] Level 1:colcon.colcon_core.package_identification:_identify(src) by extension 'python_setup_py'
[0.209s] Level 1:colcon.colcon_core.package_identification:_identify(src/orion_description) by extensions ['ignore', 'ignore_ament_install']
[0.209s] Level 1:colcon.colcon_core.package_identification:_identify(src/orion_description) by extension 'ignore'
[0.209s] Level 1:colcon.colcon_core.package_identification:_identify(src/orion_description) by extension 'ignore_ament_install'
[0.209s] Level 1:colcon.colcon_core.package_identification:_identify(src/orion_description) by extensions ['colcon_pkg']
[0.209s] Level 1:colcon.colcon_core.package_identification:_identify(src/orion_description) by extension 'colcon_pkg'
[0.209s] Level 1:colcon.colcon_core.package_identification:_identify(src/orion_description) by extensions ['colcon_meta']
[0.209s] Level 1:colcon.colcon_core.package_identification:_identify(src/orion_description) by extension 'colcon_meta'
[0.209s] Level 1:colcon.colcon_core.package_identification:_identify(src/orion_description) by extensions ['ros']
[0.209s] Level 1:colcon.colcon_core.package_identification:_identify(src/orion_description) by extension 'ros'
[0.219s] DEBUG:colcon.colcon_core.package_identification:Package 'src/orion_description' with type 'ros.ament_cmake' and name 'orion_description'
[0.219s] Level 1:colcon.colcon_core.package_identification:_identify(src/orion_holoocean_bridge) by extensions ['ignore', 'ignore_ament_install']
[0.219s] Level 1:colcon.colcon_core.package_identification:_identify(src/orion_holoocean_bridge) by extension 'ignore'
[0.219s] Level 1:colcon.colcon_core.package_identification:_identify(src/orion_holoocean_bridge) by extension 'ignore_ament_install'
[0.219s] Level 1:colcon.colcon_core.package_identification:_identify(src/orion_holoocean_bridge) by extensions ['colcon_pkg']
[0.219s] Level 1:colcon.colcon_core.package_identification:_identify(src/orion_holoocean_bridge) by extension 'colcon_pkg'
[0.219s] Level 1:colcon.colcon_core.package_identification:_identify(src/orion_holoocean_bridge) by extensions ['colcon_meta']
[0.219s] Level 1:colcon.colcon_core.package_identification:_identify(src/orion_holoocean_bridge) by extension 'colcon_meta'
[0.219s] Level 1:colcon.colcon_core.package_identification:_identify(src/orion_holoocean_bridge) by extensions ['ros']
[0.219s] Level 1:colcon.colcon_core.package_identification:_identify(src/orion_holoocean_bridge) by extension 'ros'
[0.220s] DEBUG:colcon.colcon_core.package_identification:Package 'src/orion_holoocean_bridge' with type 'ros.ament_python' and name 'orion_holoocean_bridge'
[0.220s] Level 1:colcon.colcon_core.package_identification:_identify(src/orion_moveit_config) by extensions ['ignore', 'ignore_ament_install']
[0.220s] Level 1:colcon.colcon_core.package_identification:_identify(src/orion_moveit_config) by extension 'ignore'
[0.220s] Level 1:colcon.colcon_core.package_identification:_identify(src/orion_moveit_config) by extension 'ignore_ament_install'
[0.220s] Level 1:colcon.colcon_core.package_identification:_identify(src/orion_moveit_config) by extensions ['colcon_pkg']
[0.220s] Level 1:colcon.colcon_core.package_identification:_identify(src/orion_moveit_config) by extension 'colcon_pkg'
[0.220s] Level 1:colcon.colcon_core.package_identification:_identify(src/orion_moveit_config) by extensions ['colcon_meta']
[0.220s] Level 1:colcon.colcon_core.package_identification:_identify(src/orion_moveit_config) by extension 'colcon_meta'
[0.220s] Level 1:colcon.colcon_core.package_identification:_identify(src/orion_moveit_config) by extensions ['ros']
[0.220s] Level 1:colcon.colcon_core.package_identification:_identify(src/orion_moveit_config) by extension 'ros'
[0.221s] DEBUG:colcon.colcon_core.package_identification:Package 'src/orion_moveit_config' with type 'ros.ament_cmake' and name 'orion_moveit_config'
[0.221s] Level 1:colcon.colcon_core.package_identification:_identify(src/orion_mtc) by extensions ['ignore', 'ignore_ament_install']
[0.221s] Level 1:colcon.colcon_core.package_identification:_identify(src/orion_mtc) by extension 'ignore'
[0.221s] Level 1:colcon.colcon_core.package_identification:_identify(src/orion_mtc) by extension 'ignore_ament_install'
[0.221s] Level 1:colcon.colcon_core.package_identification:_identify(src/orion_mtc) by extensions ['colcon_pkg']
[0.221s] Level 1:colcon.colcon_core.package_identification:_identify(src/orion_mtc) by extension 'colcon_pkg'
[0.221s] Level 1:colcon.colcon_core.package_identification:_identify(src/orion_mtc) by extensions ['colcon_meta']
[0.221s] Level 1:colcon.colcon_core.package_identification:_identify(src/orion_mtc) by extension 'colcon_meta'
[0.221s] Level 1:colcon.colcon_core.package_identification:_identify(src/orion_mtc) by extensions ['ros']
[0.221s] Level 1:colcon.colcon_core.package_identification:_identify(src/orion_mtc) by extension 'ros'
[0.222s] DEBUG:colcon.colcon_core.package_identification:Package 'src/orion_mtc' with type 'ros.ament_cmake' and name 'orion_mtc'
[0.222s] Level 1:colcon.colcon_core.package_identification:_identify(src/orion_pybullet_sim) by extensions ['ignore', 'ignore_ament_install']
[0.222s] Level 1:colcon.colcon_core.package_identification:_identify(src/orion_pybullet_sim) by extension 'ignore'
[0.222s] Level 1:colcon.colcon_core.package_identification:_identify(src/orion_pybullet_sim) by extension 'ignore_ament_install'
[0.222s] Level 1:colcon.colcon_core.package_identification:_identify(src/orion_pybullet_sim) by extensions ['colcon_pkg']
[0.222s] Level 1:colcon.colcon_core.package_identification:_identify(src/orion_pybullet_sim) by extension 'colcon_pkg'
[0.222s] Level 1:colcon.colcon_core.package_identification:_identify(src/orion_pybullet_sim) by extensions ['colcon_meta']
[0.222s] Level 1:colcon.colcon_core.package_identification:_identify(src/orion_pybullet_sim) by extension 'colcon_meta'
[0.222s] Level 1:colcon.colcon_core.package_identification:_identify(src/orion_pybullet_sim) by extensions ['ros']
[0.222s] Level 1:colcon.colcon_core.package_identification:_identify(src/orion_pybullet_sim) by extension 'ros'
[0.223s] DEBUG:colcon.colcon_core.package_identification:Package 'src/orion_pybullet_sim' with type 'ros.ament_python' and name 'orion_pybullet_sim'
[0.223s] Level 1:colcon.colcon_core.package_discovery:discover_packages(recursive) using defaults
[0.223s] Level 1:colcon.colcon_core.package_discovery:discover_packages(ignore) discover
[0.223s] Level 1:colcon.colcon_core.package_discovery:discover_packages(ignore) using defaults
[0.223s] Level 1:colcon.colcon_core.package_discovery:discover_packages(path) discover
[0.223s] Level 1:colcon.colcon_core.package_discovery:discover_packages(path) using defaults
[0.237s] Level 1:colcon.colcon_core.package_discovery:discover_packages(prefix_path) check parameters
[0.237s] Level 1:colcon.colcon_core.package_discovery:discover_packages(prefix_path) discover
[0.238s] DEBUG:colcon.colcon_installed_package_information.package_discovery:Found 5 installed packages in /home/huzy/My_orion/install
[0.238s] DEBUG:colcon.colcon_installed_package_information.package_discovery:Found 3 installed packages in /home/huzy/holoocean-ros/install
[0.240s] DEBUG:colcon.colcon_installed_package_information.package_discovery:Found 429 installed packages in /opt/ros/humble
[0.241s] Level 1:colcon.colcon_core.package_discovery:discover_packages(prefix_path) using defaults
[0.273s] Level 5:colcon.colcon_core.verb:set package 'orion_description' build argument 'cmake_args' from command line to 'None'
[0.274s] Level 5:colcon.colcon_core.verb:set package 'orion_description' build argument 'cmake_target' from command line to 'None'
[0.274s] Level 5:colcon.colcon_core.verb:set package 'orion_description' build argument 'cmake_target_skip_unavailable' from command line to 'False'
[0.274s] Level 5:colcon.colcon_core.verb:set package 'orion_description' build argument 'cmake_clean_cache' from command line to 'False'
[0.274s] Level 5:colcon.colcon_core.verb:set package 'orion_description' build argument 'cmake_clean_first' from command line to 'False'
[0.274s] Level 5:colcon.colcon_core.verb:set package 'orion_description' build argument 'cmake_force_configure' from command line to 'False'
[0.274s] Level 5:colcon.colcon_core.verb:set package 'orion_description' build argument 'ament_cmake_args' from command line to 'None'
[0.274s] Level 5:colcon.colcon_core.verb:set package 'orion_description' build argument 'catkin_cmake_args' from command line to 'None'
[0.274s] Level 5:colcon.colcon_core.verb:set package 'orion_description' build argument 'catkin_skip_building_tests' from command line to 'False'
[0.274s] DEBUG:colcon.colcon_core.verb:Building package 'orion_description' with the following arguments: {'ament_cmake_args': None, 'build_base': '/home/huzy/My_orion/build/orion_description', 'catkin_cmake_args': None, 'catkin_skip_building_tests': False, 'cmake_args': None, 'cmake_clean_cache': False, 'cmake_clean_first': False, 'cmake_force_configure': False, 'cmake_target': None, 'cmake_target_skip_unavailable': False, 'install_base': '/home/huzy/My_orion/install/orion_description', 'merge_install': False, 'path': '/home/huzy/My_orion/src/orion_description', 'symlink_install': False, 'test_result_base': None}
[0.274s] Level 5:colcon.colcon_core.verb:set package 'orion_holoocean_bridge' build argument 'cmake_args' from command line to 'None'
[0.274s] Level 5:colcon.colcon_core.verb:set package 'orion_holoocean_bridge' build argument 'cmake_target' from command line to 'None'
[0.274s] Level 5:colcon.colcon_core.verb:set package 'orion_holoocean_bridge' build argument 'cmake_target_skip_unavailable' from command line to 'False'
[0.274s] Level 5:colcon.colcon_core.verb:set package 'orion_holoocean_bridge' build argument 'cmake_clean_cache' from command line to 'False'
[0.274s] Level 5:colcon.colcon_core.verb:set package 'orion_holoocean_bridge' build argument 'cmake_clean_first' from command line to 'False'
[0.274s] Level 5:colcon.colcon_core.verb:set package 'orion_holoocean_bridge' build argument 'cmake_force_configure' from command line to 'False'
[0.274s] Level 5:colcon.colcon_core.verb:set package 'orion_holoocean_bridge' build argument 'ament_cmake_args' from command line to 'None'
[0.274s] Level 5:colcon.colcon_core.verb:set package 'orion_holoocean_bridge' build argument 'catkin_cmake_args' from command line to 'None'
[0.274s] Level 5:colcon.colcon_core.verb:set package 'orion_holoocean_bridge' build argument 'catkin_skip_building_tests' from command line to 'False'
[0.274s] DEBUG:colcon.colcon_core.verb:Building package 'orion_holoocean_bridge' with the following arguments: {'ament_cmake_args': None, 'build_base': '/home/huzy/My_orion/build/orion_holoocean_bridge', 'catkin_cmake_args': None, 'catkin_skip_building_tests': False, 'cmake_args': None, 'cmake_clean_cache': False, 'cmake_clean_first': False, 'cmake_force_configure': False, 'cmake_target': None, 'cmake_target_skip_unavailable': False, 'install_base': '/home/huzy/My_orion/install/orion_holoocean_bridge', 'merge_install': False, 'path': '/home/huzy/My_orion/src/orion_holoocean_bridge', 'symlink_install': False, 'test_result_base': None}
[0.274s] Level 5:colcon.colcon_core.verb:set package 'orion_moveit_config' build argument 'cmake_args' from command line to 'None'
[0.274s] Level 5:colcon.colcon_core.verb:set package 'orion_moveit_config' build argument 'cmake_target' from command line to 'None'
[0.274s] Level 5:colcon.colcon_core.verb:set package 'orion_moveit_config' build argument 'cmake_target_skip_unavailable' from command line to 'False'
[0.274s] Level 5:colcon.colcon_core.verb:set package 'orion_moveit_config' build argument 'cmake_clean_cache' from command line to 'False'
[0.274s] Level 5:colcon.colcon_core.verb:set package 'orion_moveit_config' build argument 'cmake_clean_first' from command line to 'False'
[0.274s] Level 5:colcon.colcon_core.verb:set package 'orion_moveit_config' build argument 'cmake_force_configure' from command line to 'False'
[0.274s] Level 5:colcon.colcon_core.verb:set package 'orion_moveit_config' build argument 'ament_cmake_args' from command line to 'None'
[0.274s] Level 5:colcon.colcon_core.verb:set package 'orion_moveit_config' build argument 'catkin_cmake_args' from command line to 'None'
[0.274s] Level 5:colcon.colcon_core.verb:set package 'orion_moveit_config' build argument 'catkin_skip_building_tests' from command line to 'False'
[0.275s] DEBUG:colcon.colcon_core.verb:Building package 'orion_moveit_config' with the following arguments: {'ament_cmake_args': None, 'build_base': '/home/huzy/My_orion/build/orion_moveit_config', 'catkin_cmake_args': None, 'catkin_skip_building_tests': False, 'cmake_args': None, 'cmake_clean_cache': False, 'cmake_clean_first': False, 'cmake_force_configure': False, 'cmake_target': None, 'cmake_target_skip_unavailable': False, 'install_base': '/home/huzy/My_orion/install/orion_moveit_config', 'merge_install': False, 'path': '/home/huzy/My_orion/src/orion_moveit_config', 'symlink_install': False, 'test_result_base': None}
[0.275s] Level 5:colcon.colcon_core.verb:set package 'orion_pybullet_sim' build argument 'cmake_args' from command line to 'None'
[0.275s] Level 5:colcon.colcon_core.verb:set package 'orion_pybullet_sim' build argument 'cmake_target' from command line to 'None'
[0.275s] Level 5:colcon.colcon_core.verb:set package 'orion_pybullet_sim' build argument 'cmake_target_skip_unavailable' from command line to 'False'
[0.275s] Level 5:colcon.colcon_core.verb:set package 'orion_pybullet_sim' build argument 'cmake_clean_cache' from command line to 'False'
[0.275s] Level 5:colcon.colcon_core.verb:set package 'orion_pybullet_sim' build argument 'cmake_clean_first' from command line to 'False'
[0.275s] Level 5:colcon.colcon_core.verb:set package 'orion_pybullet_sim' build argument 'cmake_force_configure' from command line to 'False'
[0.275s] Level 5:colcon.colcon_core.verb:set package 'orion_pybullet_sim' build argument 'ament_cmake_args' from command line to 'None'
[0.275s] Level 5:colcon.colcon_core.verb:set package 'orion_pybullet_sim' build argument 'catkin_cmake_args' from command line to 'None'
[0.275s] Level 5:colcon.colcon_core.verb:set package 'orion_pybullet_sim' build argument 'catkin_skip_building_tests' from command line to 'False'
[0.275s] DEBUG:colcon.colcon_core.verb:Building package 'orion_pybullet_sim' with the following arguments: {'ament_cmake_args': None, 'build_base': '/home/huzy/My_orion/build/orion_pybullet_sim', 'catkin_cmake_args': None, 'catkin_skip_building_tests': False, 'cmake_args': None, 'cmake_clean_cache': False, 'cmake_clean_first': False, 'cmake_force_configure': False, 'cmake_target': None, 'cmake_target_skip_unavailable': False, 'install_base': '/home/huzy/My_orion/install/orion_pybullet_sim', 'merge_install': False, 'path': '/home/huzy/My_orion/src/orion_pybullet_sim', 'symlink_install': False, 'test_result_base': None}
[0.275s] Level 5:colcon.colcon_core.verb:set package 'orion_mtc' build argument 'cmake_args' from command line to 'None'
[0.275s] Level 5:colcon.colcon_core.verb:set package 'orion_mtc' build argument 'cmake_target' from command line to 'None'
[0.275s] Level 5:colcon.colcon_core.verb:set package 'orion_mtc' build argument 'cmake_target_skip_unavailable' from command line to 'False'
[0.275s] Level 5:colcon.colcon_core.verb:set package 'orion_mtc' build argument 'cmake_clean_cache' from command line to 'False'
[0.275s] Level 5:colcon.colcon_core.verb:set package 'orion_mtc' build argument 'cmake_clean_first' from command line to 'False'
[0.275s] Level 5:colcon.colcon_core.verb:set package 'orion_mtc' build argument 'cmake_force_configure' from command line to 'False'
[0.275s] Level 5:colcon.colcon_core.verb:set package 'orion_mtc' build argument 'ament_cmake_args' from command line to 'None'
[0.275s] Level 5:colcon.colcon_core.verb:set package 'orion_mtc' build argument 'catkin_cmake_args' from command line to 'None'
[0.275s] Level 5:colcon.colcon_core.verb:set package 'orion_mtc' build argument 'catkin_skip_building_tests' from command line to 'False'
[0.275s] DEBUG:colcon.colcon_core.verb:Building package 'orion_mtc' with the following arguments: {'ament_cmake_args': None, 'build_base': '/home/huzy/My_orion/build/orion_mtc', 'catkin_cmake_args': None, 'catkin_skip_building_tests': False, 'cmake_args': None, 'cmake_clean_cache': False, 'cmake_clean_first': False, 'cmake_force_configure': False, 'cmake_target': None, 'cmake_target_skip_unavailable': False, 'install_base': '/home/huzy/My_orion/install/orion_mtc', 'merge_install': False, 'path': '/home/huzy/My_orion/src/orion_mtc', 'symlink_install': False, 'test_result_base': None}
[0.275s] INFO:colcon.colcon_core.executor:Executing jobs using 'parallel' executor
[0.276s] DEBUG:colcon.colcon_parallel_executor.executor.parallel:run_until_complete
[0.277s] INFO:colcon.colcon_ros.task.ament_cmake.build:Building ROS package in '/home/huzy/My_orion/src/orion_description' with build type 'ament_cmake'
[0.277s] INFO:colcon.colcon_cmake.task.cmake.build:Building CMake package in '/home/huzy/My_orion/src/orion_description'
[0.279s] INFO:colcon.colcon_core.plugin_system:Skipping extension 'colcon_core.shell.bat': Not used on non-Windows systems
[0.279s] INFO:colcon.colcon_core.shell:Skip shell extension 'powershell' for command environment: Not usable outside of PowerShell
[0.279s] DEBUG:colcon.colcon_core.shell:Skip shell extension 'dsv' for command environment
[0.283s] INFO:colcon.colcon_ros.task.ament_python.build:Building ROS package in '/home/huzy/My_orion/src/orion_holoocean_bridge' with build type 'ament_python'
[0.283s] Level 1:colcon.colcon_core.shell:create_environment_hook('orion_holoocean_bridge', 'ament_prefix_path')
[0.283s] INFO:colcon.colcon_core.shell:Creating environment hook '/home/huzy/My_orion/install/orion_holoocean_bridge/share/orion_holoocean_bridge/hook/ament_prefix_path.ps1'
[0.284s] INFO:colcon.colcon_core.shell:Creating environment descriptor '/home/huzy/My_orion/install/orion_holoocean_bridge/share/orion_holoocean_bridge/hook/ament_prefix_path.dsv'
[0.284s] INFO:colcon.colcon_core.shell:Creating environment hook '/home/huzy/My_orion/install/orion_holoocean_bridge/share/orion_holoocean_bridge/hook/ament_prefix_path.sh'
[0.285s] INFO:colcon.colcon_core.shell:Skip shell extension 'powershell' for command environment: Not usable outside of PowerShell
[0.285s] DEBUG:colcon.colcon_core.shell:Skip shell extension 'dsv' for command environment
[0.294s] DEBUG:colcon.colcon_core.event_handler.log_command:Invoking command in '/home/huzy/My_orion/build/orion_description': CMAKE_PREFIX_PATH=${CMAKE_PREFIX_PATH}:/home/huzy/My_orion/install/orion_pybullet_sim:/home/huzy/My_orion/install/orion_holoocean_bridge:/home/huzy/holoocean-ros/install/holoocean_main:/home/huzy/holoocean-ros/install/holoocean_examples:/opt/ros/humble /usr/bin/cmake --build /home/huzy/My_orion/build/orion_description -- -j8 -l8
[0.481s] INFO:colcon.colcon_core.task.python.build:Building Python package in '/home/huzy/My_orion/src/orion_holoocean_bridge'
[0.482s] INFO:colcon.colcon_core.shell:Skip shell extension 'powershell' for command environment: Not usable outside of PowerShell
[0.482s] DEBUG:colcon.colcon_core.shell:Skip shell extension 'dsv' for command environment
[0.488s] DEBUG:colcon.colcon_core.event_handler.log_command:Invoked command in '/home/huzy/My_orion/build/orion_description' returned '0': CMAKE_PREFIX_PATH=${CMAKE_PREFIX_PATH}:/home/huzy/My_orion/install/orion_pybullet_sim:/home/huzy/My_orion/install/orion_holoocean_bridge:/home/huzy/holoocean-ros/install/holoocean_main:/home/huzy/holoocean-ros/install/holoocean_examples:/opt/ros/humble /usr/bin/cmake --build /home/huzy/My_orion/build/orion_description -- -j8 -l8
[0.498s] DEBUG:colcon.colcon_core.event_handler.log_command:Invoking command in '/home/huzy/My_orion/build/orion_description': CMAKE_PREFIX_PATH=${CMAKE_PREFIX_PATH}:/home/huzy/My_orion/install/orion_pybullet_sim:/home/huzy/My_orion/install/orion_holoocean_bridge:/home/huzy/holoocean-ros/install/holoocean_main:/home/huzy/holoocean-ros/install/holoocean_examples:/opt/ros/humble /usr/bin/cmake --install /home/huzy/My_orion/build/orion_description
[0.507s] Level 1:colcon.colcon_core.environment:create_environment_scripts_only(orion_description)
[0.507s] DEBUG:colcon.colcon_core.event_handler.log_command:Invoked command in '/home/huzy/My_orion/build/orion_description' returned '0': CMAKE_PREFIX_PATH=${CMAKE_PREFIX_PATH}:/home/huzy/My_orion/install/orion_pybullet_sim:/home/huzy/My_orion/install/orion_holoocean_bridge:/home/huzy/holoocean-ros/install/holoocean_main:/home/huzy/holoocean-ros/install/holoocean_examples:/opt/ros/humble /usr/bin/cmake --install /home/huzy/My_orion/build/orion_description
[0.509s] Level 1:colcon.colcon_core.environment:checking '/home/huzy/My_orion/install/orion_description' for CMake module files
[0.509s] Level 1:colcon.colcon_core.environment:checking '/home/huzy/My_orion/install/orion_description' for CMake config files
[0.510s] Level 1:colcon.colcon_core.shell:create_environment_hook('orion_description', 'cmake_prefix_path')
[0.510s] INFO:colcon.colcon_core.shell:Creating environment hook '/home/huzy/My_orion/install/orion_description/share/orion_description/hook/cmake_prefix_path.ps1'
[0.510s] INFO:colcon.colcon_core.shell:Creating environment descriptor '/home/huzy/My_orion/install/orion_description/share/orion_description/hook/cmake_prefix_path.dsv'
[0.511s] INFO:colcon.colcon_core.shell:Creating environment hook '/home/huzy/My_orion/install/orion_description/share/orion_description/hook/cmake_prefix_path.sh'
[0.511s] Level 1:colcon.colcon_core.environment:checking '/home/huzy/My_orion/install/orion_description/bin'
[0.512s] Level 1:colcon.colcon_core.environment:checking '/home/huzy/My_orion/install/orion_description/lib/pkgconfig/orion_description.pc'
[0.512s] Level 1:colcon.colcon_core.environment:checking '/home/huzy/My_orion/install/orion_description/lib/python3.10/site-packages'
[0.512s] Level 1:colcon.colcon_core.environment:checking '/home/huzy/My_orion/install/orion_description/bin'
[0.512s] INFO:colcon.colcon_core.shell:Creating package script '/home/huzy/My_orion/install/orion_description/share/orion_description/package.ps1'
[0.513s] INFO:colcon.colcon_core.shell:Creating package descriptor '/home/huzy/My_orion/install/orion_description/share/orion_description/package.dsv'
[0.513s] INFO:colcon.colcon_core.shell:Creating package script '/home/huzy/My_orion/install/orion_description/share/orion_description/package.sh'
[0.514s] INFO:colcon.colcon_core.shell:Creating package script '/home/huzy/My_orion/install/orion_description/share/orion_description/package.bash'
[0.514s] INFO:colcon.colcon_core.shell:Creating package script '/home/huzy/My_orion/install/orion_description/share/orion_description/package.zsh'
[0.515s] Level 1:colcon.colcon_core.environment:create_file_with_runtime_dependencies(/home/huzy/My_orion/install/orion_description/share/colcon-core/packages/orion_description)
[0.515s] Level 1:colcon.colcon_core.environment:create_environment_scripts_only(orion_description)
[0.515s] Level 1:colcon.colcon_core.environment:checking '/home/huzy/My_orion/install/orion_description' for CMake module files
[0.516s] Level 1:colcon.colcon_core.environment:checking '/home/huzy/My_orion/install/orion_description' for CMake config files
[0.516s] Level 1:colcon.colcon_core.shell:create_environment_hook('orion_description', 'cmake_prefix_path')
[0.516s] INFO:colcon.colcon_core.shell:Creating environment hook '/home/huzy/My_orion/install/orion_description/share/orion_description/hook/cmake_prefix_path.ps1'
[0.516s] INFO:colcon.colcon_core.shell:Creating environment descriptor '/home/huzy/My_orion/install/orion_description/share/orion_description/hook/cmake_prefix_path.dsv'
[0.517s] INFO:colcon.colcon_core.shell:Creating environment hook '/home/huzy/My_orion/install/orion_description/share/orion_description/hook/cmake_prefix_path.sh'
[0.517s] Level 1:colcon.colcon_core.environment:checking '/home/huzy/My_orion/install/orion_description/bin'
[0.517s] Level 1:colcon.colcon_core.environment:checking '/home/huzy/My_orion/install/orion_description/lib/pkgconfig/orion_description.pc'
[0.517s] Level 1:colcon.colcon_core.environment:checking '/home/huzy/My_orion/install/orion_description/lib/python3.10/site-packages'
[0.518s] Level 1:colcon.colcon_core.environment:checking '/home/huzy/My_orion/install/orion_description/bin'
[0.518s] INFO:colcon.colcon_core.shell:Creating package script '/home/huzy/My_orion/install/orion_description/share/orion_description/package.ps1'
[0.518s] INFO:colcon.colcon_core.shell:Creating package descriptor '/home/huzy/My_orion/install/orion_description/share/orion_description/package.dsv'
[0.519s] INFO:colcon.colcon_core.shell:Creating package script '/home/huzy/My_orion/install/orion_description/share/orion_description/package.sh'
[0.519s] INFO:colcon.colcon_core.shell:Creating package script '/home/huzy/My_orion/install/orion_description/share/orion_description/package.bash'
[0.519s] INFO:colcon.colcon_core.shell:Creating package script '/home/huzy/My_orion/install/orion_description/share/orion_description/package.zsh'
[0.520s] Level 1:colcon.colcon_core.environment:create_file_with_runtime_dependencies(/home/huzy/My_orion/install/orion_description/share/colcon-core/packages/orion_description)
[0.520s] INFO:colcon.colcon_ros.task.ament_cmake.build:Building ROS package in '/home/huzy/My_orion/src/orion_moveit_config' with build type 'ament_cmake'
[0.520s] INFO:colcon.colcon_cmake.task.cmake.build:Building CMake package in '/home/huzy/My_orion/src/orion_moveit_config'
[0.521s] INFO:colcon.colcon_core.shell:Skip shell extension 'powershell' for command environment: Not usable outside of PowerShell
[0.521s] DEBUG:colcon.colcon_core.shell:Skip shell extension 'dsv' for command environment
[0.530s] DEBUG:colcon.colcon_core.event_handler.log_command:Invoking command in '/home/huzy/My_orion/build/orion_moveit_config': CMAKE_PREFIX_PATH=/home/huzy/My_orion/install/orion_description:/home/huzy/My_orion/install/orion_mtc:/home/huzy/My_orion/install/orion_moveit_config:/home/huzy/holoocean-ros/install/holoocean_interfaces:/home/huzy/My_orion/install/orion_pybullet_sim:/home/huzy/My_orion/install/orion_holoocean_bridge:/home/huzy/holoocean-ros/install/holoocean_main:/home/huzy/holoocean-ros/install/holoocean_examples:/opt/ros/humble /usr/bin/cmake --build /home/huzy/My_orion/build/orion_moveit_config -- -j8 -l8
[0.564s] DEBUG:colcon.colcon_core.event_handler.log_command:Invoked command in '/home/huzy/My_orion/build/orion_moveit_config' returned '0': CMAKE_PREFIX_PATH=/home/huzy/My_orion/install/orion_description:/home/huzy/My_orion/install/orion_mtc:/home/huzy/My_orion/install/orion_moveit_config:/home/huzy/holoocean-ros/install/holoocean_interfaces:/home/huzy/My_orion/install/orion_pybullet_sim:/home/huzy/My_orion/install/orion_holoocean_bridge:/home/huzy/holoocean-ros/install/holoocean_main:/home/huzy/holoocean-ros/install/holoocean_examples:/opt/ros/humble /usr/bin/cmake --build /home/huzy/My_orion/build/orion_moveit_config -- -j8 -l8
[0.565s] DEBUG:colcon.colcon_core.event_handler.log_command:Invoking command in '/home/huzy/My_orion/build/orion_moveit_config': CMAKE_PREFIX_PATH=/home/huzy/My_orion/install/orion_description:/home/huzy/My_orion/install/orion_mtc:/home/huzy/My_orion/install/orion_moveit_config:/home/huzy/holoocean-ros/install/holoocean_interfaces:/home/huzy/My_orion/install/orion_pybullet_sim:/home/huzy/My_orion/install/orion_holoocean_bridge:/home/huzy/holoocean-ros/install/holoocean_main:/home/huzy/holoocean-ros/install/holoocean_examples:/opt/ros/humble /usr/bin/cmake --install /home/huzy/My_orion/build/orion_moveit_config
[0.575s] Level 1:colcon.colcon_core.environment:create_environment_scripts_only(orion_moveit_config)
[0.576s] DEBUG:colcon.colcon_core.event_handler.log_command:Invoked command in '/home/huzy/My_orion/build/orion_moveit_config' returned '0': CMAKE_PREFIX_PATH=/home/huzy/My_orion/install/orion_description:/home/huzy/My_orion/install/orion_mtc:/home/huzy/My_orion/install/orion_moveit_config:/home/huzy/holoocean-ros/install/holoocean_interfaces:/home/huzy/My_orion/install/orion_pybullet_sim:/home/huzy/My_orion/install/orion_holoocean_bridge:/home/huzy/holoocean-ros/install/holoocean_main:/home/huzy/holoocean-ros/install/holoocean_examples:/opt/ros/humble /usr/bin/cmake --install /home/huzy/My_orion/build/orion_moveit_config
[0.576s] Level 1:colcon.colcon_core.environment:checking '/home/huzy/My_orion/install/orion_moveit_config' for CMake module files
[0.576s] Level 1:colcon.colcon_core.environment:checking '/home/huzy/My_orion/install/orion_moveit_config' for CMake config files
[0.577s] Level 1:colcon.colcon_core.shell:create_environment_hook('orion_moveit_config', 'cmake_prefix_path')
[0.577s] INFO:colcon.colcon_core.shell:Creating environment hook '/home/huzy/My_orion/install/orion_moveit_config/share/orion_moveit_config/hook/cmake_prefix_path.ps1'
[0.578s] INFO:colcon.colcon_core.shell:Creating environment descriptor '/home/huzy/My_orion/install/orion_moveit_config/share/orion_moveit_config/hook/cmake_prefix_path.dsv'
[0.578s] INFO:colcon.colcon_core.shell:Creating environment hook '/home/huzy/My_orion/install/orion_moveit_config/share/orion_moveit_config/hook/cmake_prefix_path.sh'
[0.579s] Level 1:colcon.colcon_core.environment:checking '/home/huzy/My_orion/install/orion_moveit_config/bin'
[0.579s] Level 1:colcon.colcon_core.environment:checking '/home/huzy/My_orion/install/orion_moveit_config/lib/pkgconfig/orion_moveit_config.pc'
[0.579s] Level 1:colcon.colcon_core.environment:checking '/home/huzy/My_orion/install/orion_moveit_config/lib/python3.10/site-packages'
[0.579s] Level 1:colcon.colcon_core.environment:checking '/home/huzy/My_orion/install/orion_moveit_config/bin'
[0.579s] INFO:colcon.colcon_core.shell:Creating package script '/home/huzy/My_orion/install/orion_moveit_config/share/orion_moveit_config/package.ps1'
[0.580s] INFO:colcon.colcon_core.shell:Creating package descriptor '/home/huzy/My_orion/install/orion_moveit_config/share/orion_moveit_config/package.dsv'
[0.580s] INFO:colcon.colcon_core.shell:Creating package script '/home/huzy/My_orion/install/orion_moveit_config/share/orion_moveit_config/package.sh'
[0.581s] INFO:colcon.colcon_core.shell:Creating package script '/home/huzy/My_orion/install/orion_moveit_config/share/orion_moveit_config/package.bash'
[0.581s] INFO:colcon.colcon_core.shell:Creating package script '/home/huzy/My_orion/install/orion_moveit_config/share/orion_moveit_config/package.zsh'
[0.581s] Level 1:colcon.colcon_core.environment:create_file_with_runtime_dependencies(/home/huzy/My_orion/install/orion_moveit_config/share/colcon-core/packages/orion_moveit_config)
[0.582s] Level 1:colcon.colcon_core.environment:create_environment_scripts_only(orion_moveit_config)
[0.582s] Level 1:colcon.colcon_core.environment:checking '/home/huzy/My_orion/install/orion_moveit_config' for CMake module files
[0.582s] Level 1:colcon.colcon_core.environment:checking '/home/huzy/My_orion/install/orion_moveit_config' for CMake config files
[0.583s] Level 1:colcon.colcon_core.shell:create_environment_hook('orion_moveit_config', 'cmake_prefix_path')
[0.583s] INFO:colcon.colcon_core.shell:Creating environment hook '/home/huzy/My_orion/install/orion_moveit_config/share/orion_moveit_config/hook/cmake_prefix_path.ps1'
[0.583s] INFO:colcon.colcon_core.shell:Creating environment descriptor '/home/huzy/My_orion/install/orion_moveit_config/share/orion_moveit_config/hook/cmake_prefix_path.dsv'
[0.583s] INFO:colcon.colcon_core.shell:Creating environment hook '/home/huzy/My_orion/install/orion_moveit_config/share/orion_moveit_config/hook/cmake_prefix_path.sh'
[0.584s] Level 1:colcon.colcon_core.environment:checking '/home/huzy/My_orion/install/orion_moveit_config/bin'
[0.584s] Level 1:colcon.colcon_core.environment:checking '/home/huzy/My_orion/install/orion_moveit_config/lib/pkgconfig/orion_moveit_config.pc'
[0.584s] Level 1:colcon.colcon_core.environment:checking '/home/huzy/My_orion/install/orion_moveit_config/lib/python3.10/site-packages'
[0.584s] Level 1:colcon.colcon_core.environment:checking '/home/huzy/My_orion/install/orion_moveit_config/bin'
[0.584s] INFO:colcon.colcon_core.shell:Creating package script '/home/huzy/My_orion/install/orion_moveit_config/share/orion_moveit_config/package.ps1'
[0.585s] INFO:colcon.colcon_core.shell:Creating package descriptor '/home/huzy/My_orion/install/orion_moveit_config/share/orion_moveit_config/package.dsv'
[0.585s] INFO:colcon.colcon_core.shell:Creating package script '/home/huzy/My_orion/install/orion_moveit_config/share/orion_moveit_config/package.sh'
[0.586s] INFO:colcon.colcon_core.shell:Creating package script '/home/huzy/My_orion/install/orion_moveit_config/share/orion_moveit_config/package.bash'
[0.586s] INFO:colcon.colcon_core.shell:Creating package script '/home/huzy/My_orion/install/orion_moveit_config/share/orion_moveit_config/package.zsh'
[0.587s] Level 1:colcon.colcon_core.environment:create_file_with_runtime_dependencies(/home/huzy/My_orion/install/orion_moveit_config/share/colcon-core/packages/orion_moveit_config)
[0.587s] INFO:colcon.colcon_ros.task.ament_python.build:Building ROS package in '/home/huzy/My_orion/src/orion_pybullet_sim' with build type 'ament_python'
[0.587s] Level 1:colcon.colcon_core.shell:create_environment_hook('orion_pybullet_sim', 'ament_prefix_path')
[0.588s] INFO:colcon.colcon_core.shell:Creating environment hook '/home/huzy/My_orion/install/orion_pybullet_sim/share/orion_pybullet_sim/hook/ament_prefix_path.ps1'
[0.588s] INFO:colcon.colcon_core.shell:Creating environment descriptor '/home/huzy/My_orion/install/orion_pybullet_sim/share/orion_pybullet_sim/hook/ament_prefix_path.dsv'
[0.589s] INFO:colcon.colcon_core.shell:Creating environment hook '/home/huzy/My_orion/install/orion_pybullet_sim/share/orion_pybullet_sim/hook/ament_prefix_path.sh'
[0.590s] INFO:colcon.colcon_core.shell:Skip shell extension 'powershell' for command environment: Not usable outside of PowerShell
[0.590s] DEBUG:colcon.colcon_core.shell:Skip shell extension 'dsv' for command environment
[0.787s] INFO:colcon.colcon_core.task.python.build:Building Python package in '/home/huzy/My_orion/src/orion_pybullet_sim'
[0.787s] INFO:colcon.colcon_core.shell:Skip shell extension 'powershell' for command environment: Not usable outside of PowerShell
[0.787s] DEBUG:colcon.colcon_core.shell:Skip shell extension 'dsv' for command environment
[0.794s] DEBUG:colcon.colcon_core.event_handler.log_command:Invoking command in '/home/huzy/My_orion/src/orion_holoocean_bridge': PYTHONPATH=/home/huzy/My_orion/build/orion_holoocean_bridge/prefix_override:/usr/lib/python3/dist-packages/colcon_core/task/python/colcon_distutils_commands:/home/huzy/My_orion/install/orion_holoocean_bridge/lib/python3.10/site-packages:${PYTHONPATH} /usr/bin/python3 -W ignore:setup.py install is deprecated -W ignore:easy_install command is deprecated setup.py egg_info --egg-base ../../build/orion_holoocean_bridge build --build-base /home/huzy/My_orion/build/orion_holoocean_bridge/build install --record /home/huzy/My_orion/build/orion_holoocean_bridge/install.log --single-version-externally-managed install_data
[1.018s] Level 1:colcon.colcon_core.environment:checking '/home/huzy/My_orion/install/orion_holoocean_bridge' for CMake module files
[1.018s] DEBUG:colcon.colcon_core.event_handler.log_command:Invoked command in '/home/huzy/My_orion/src/orion_holoocean_bridge' returned '0': PYTHONPATH=/home/huzy/My_orion/build/orion_holoocean_bridge/prefix_override:/usr/lib/python3/dist-packages/colcon_core/task/python/colcon_distutils_commands:/home/huzy/My_orion/install/orion_holoocean_bridge/lib/python3.10/site-packages:${PYTHONPATH} /usr/bin/python3 -W ignore:setup.py install is deprecated -W ignore:easy_install command is deprecated setup.py egg_info --egg-base ../../build/orion_holoocean_bridge build --build-base /home/huzy/My_orion/build/orion_holoocean_bridge/build install --record /home/huzy/My_orion/build/orion_holoocean_bridge/install.log --single-version-externally-managed install_data
[1.019s] Level 1:colcon.colcon_core.environment:checking '/home/huzy/My_orion/install/orion_holoocean_bridge' for CMake config files
[1.019s] Level 1:colcon.colcon_core.environment:checking '/home/huzy/My_orion/install/orion_holoocean_bridge/lib'
[1.019s] Level 1:colcon.colcon_core.environment:checking '/home/huzy/My_orion/install/orion_holoocean_bridge/bin'
[1.019s] Level 1:colcon.colcon_core.environment:checking '/home/huzy/My_orion/install/orion_holoocean_bridge/lib/pkgconfig/orion_holoocean_bridge.pc'
[1.020s] Level 1:colcon.colcon_core.environment:checking '/home/huzy/My_orion/install/orion_holoocean_bridge/lib/python3.10/site-packages'
[1.020s] Level 1:colcon.colcon_core.shell:create_environment_hook('orion_holoocean_bridge', 'pythonpath')
[1.020s] INFO:colcon.colcon_core.shell:Creating environment hook '/home/huzy/My_orion/install/orion_holoocean_bridge/share/orion_holoocean_bridge/hook/pythonpath.ps1'
[1.021s] INFO:colcon.colcon_core.shell:Creating environment descriptor '/home/huzy/My_orion/install/orion_holoocean_bridge/share/orion_holoocean_bridge/hook/pythonpath.dsv'
[1.021s] INFO:colcon.colcon_core.shell:Creating environment hook '/home/huzy/My_orion/install/orion_holoocean_bridge/share/orion_holoocean_bridge/hook/pythonpath.sh'
[1.022s] Level 1:colcon.colcon_core.environment:checking '/home/huzy/My_orion/install/orion_holoocean_bridge/bin'
[1.022s] Level 1:colcon.colcon_core.environment:create_environment_scripts_only(orion_holoocean_bridge)
[1.022s] INFO:colcon.colcon_core.shell:Creating package script '/home/huzy/My_orion/install/orion_holoocean_bridge/share/orion_holoocean_bridge/package.ps1'
[1.023s] INFO:colcon.colcon_core.shell:Creating package descriptor '/home/huzy/My_orion/install/orion_holoocean_bridge/share/orion_holoocean_bridge/package.dsv'
[1.023s] INFO:colcon.colcon_core.shell:Creating package script '/home/huzy/My_orion/install/orion_holoocean_bridge/share/orion_holoocean_bridge/package.sh'
[1.024s] INFO:colcon.colcon_core.shell:Creating package script '/home/huzy/My_orion/install/orion_holoocean_bridge/share/orion_holoocean_bridge/package.bash'
[1.024s] INFO:colcon.colcon_core.shell:Creating package script '/home/huzy/My_orion/install/orion_holoocean_bridge/share/orion_holoocean_bridge/package.zsh'
[1.024s] Level 1:colcon.colcon_core.environment:create_file_with_runtime_dependencies(/home/huzy/My_orion/install/orion_holoocean_bridge/share/colcon-core/packages/orion_holoocean_bridge)
[1.066s] DEBUG:colcon.colcon_core.event_handler.log_command:Invoking command in '/home/huzy/My_orion/src/orion_pybullet_sim': CMAKE_PREFIX_PATH=/home/huzy/My_orion/install/orion_moveit_config:/home/huzy/My_orion/install/orion_description:/home/huzy/My_orion/install/orion_mtc:/home/huzy/holoocean-ros/install/holoocean_interfaces PYTHONPATH=/home/huzy/My_orion/build/orion_pybullet_sim/prefix_override:/usr/lib/python3/dist-packages/colcon_core/task/python/colcon_distutils_commands:/home/huzy/My_orion/install/orion_pybullet_sim/lib/python3.10/site-packages:${PYTHONPATH} /usr/bin/python3 -W ignore:setup.py install is deprecated -W ignore:easy_install command is deprecated setup.py egg_info --egg-base ../../build/orion_pybullet_sim build --build-base /home/huzy/My_orion/build/orion_pybullet_sim/build install --record /home/huzy/My_orion/build/orion_pybullet_sim/install.log --single-version-externally-managed install_data
[1.296s] Level 1:colcon.colcon_core.environment:checking '/home/huzy/My_orion/install/orion_pybullet_sim' for CMake module files
[1.297s] DEBUG:colcon.colcon_core.event_handler.log_command:Invoked command in '/home/huzy/My_orion/src/orion_pybullet_sim' returned '0': CMAKE_PREFIX_PATH=/home/huzy/My_orion/install/orion_moveit_config:/home/huzy/My_orion/install/orion_description:/home/huzy/My_orion/install/orion_mtc:/home/huzy/holoocean-ros/install/holoocean_interfaces PYTHONPATH=/home/huzy/My_orion/build/orion_pybullet_sim/prefix_override:/usr/lib/python3/dist-packages/colcon_core/task/python/colcon_distutils_commands:/home/huzy/My_orion/install/orion_pybullet_sim/lib/python3.10/site-packages:${PYTHONPATH} /usr/bin/python3 -W ignore:setup.py install is deprecated -W ignore:easy_install command is deprecated setup.py egg_info --egg-base ../../build/orion_pybullet_sim build --build-base /home/huzy/My_orion/build/orion_pybullet_sim/build install --record /home/huzy/My_orion/build/orion_pybullet_sim/install.log --single-version-externally-managed install_data
[1.298s] Level 1:colcon.colcon_core.environment:checking '/home/huzy/My_orion/install/orion_pybullet_sim' for CMake config files
[1.298s] Level 1:colcon.colcon_core.environment:checking '/home/huzy/My_orion/install/orion_pybullet_sim/lib'
[1.298s] Level 1:colcon.colcon_core.environment:checking '/home/huzy/My_orion/install/orion_pybullet_sim/bin'
[1.299s] Level 1:colcon.colcon_core.environment:checking '/home/huzy/My_orion/install/orion_pybullet_sim/lib/pkgconfig/orion_pybullet_sim.pc'
[1.299s] Level 1:colcon.colcon_core.environment:checking '/home/huzy/My_orion/install/orion_pybullet_sim/lib/python3.10/site-packages'
[1.299s] Level 1:colcon.colcon_core.shell:create_environment_hook('orion_pybullet_sim', 'pythonpath')
[1.299s] INFO:colcon.colcon_core.shell:Creating environment hook '/home/huzy/My_orion/install/orion_pybullet_sim/share/orion_pybullet_sim/hook/pythonpath.ps1'
[1.300s] INFO:colcon.colcon_core.shell:Creating environment descriptor '/home/huzy/My_orion/install/orion_pybullet_sim/share/orion_pybullet_sim/hook/pythonpath.dsv'
[1.301s] INFO:colcon.colcon_core.shell:Creating environment hook '/home/huzy/My_orion/install/orion_pybullet_sim/share/orion_pybullet_sim/hook/pythonpath.sh'
[1.302s] Level 1:colcon.colcon_core.environment:checking '/home/huzy/My_orion/install/orion_pybullet_sim/bin'
[1.302s] Level 1:colcon.colcon_core.environment:create_environment_scripts_only(orion_pybullet_sim)
[1.302s] INFO:colcon.colcon_core.shell:Creating package script '/home/huzy/My_orion/install/orion_pybullet_sim/share/orion_pybullet_sim/package.ps1'
[1.303s] INFO:colcon.colcon_core.shell:Creating package descriptor '/home/huzy/My_orion/install/orion_pybullet_sim/share/orion_pybullet_sim/package.dsv'
[1.304s] INFO:colcon.colcon_core.shell:Creating package script '/home/huzy/My_orion/install/orion_pybullet_sim/share/orion_pybullet_sim/package.sh'
[1.304s] INFO:colcon.colcon_core.shell:Creating package script '/home/huzy/My_orion/install/orion_pybullet_sim/share/orion_pybullet_sim/package.bash'
[1.304s] INFO:colcon.colcon_core.shell:Creating package script '/home/huzy/My_orion/install/orion_pybullet_sim/share/orion_pybullet_sim/package.zsh'
[1.305s] Level 1:colcon.colcon_core.environment:create_file_with_runtime_dependencies(/home/huzy/My_orion/install/orion_pybullet_sim/share/colcon-core/packages/orion_pybullet_sim)
[1.305s] INFO:colcon.colcon_ros.task.ament_cmake.build:Building ROS package in '/home/huzy/My_orion/src/orion_mtc' with build type 'ament_cmake'
[1.306s] INFO:colcon.colcon_cmake.task.cmake.build:Building CMake package in '/home/huzy/My_orion/src/orion_mtc'
[1.306s] INFO:colcon.colcon_core.shell:Skip shell extension 'powershell' for command environment: Not usable outside of PowerShell
[1.306s] DEBUG:colcon.colcon_core.shell:Skip shell extension 'dsv' for command environment
[1.323s] DEBUG:colcon.colcon_core.event_handler.log_command:Invoking command in '/home/huzy/My_orion/build/orion_mtc': AMENT_PREFIX_PATH=/home/huzy/My_orion/install/orion_pybullet_sim:/home/huzy/My_orion/install/orion_holoocean_bridge:/home/huzy/My_orion/install/orion_mtc:/home/huzy/My_orion/install/orion_moveit_config:/home/huzy/My_orion/install/orion_description:/home/huzy/holoocean-ros/install/holoocean_main:/home/huzy/holoocean-ros/install/holoocean_interfaces:/home/huzy/holoocean-ros/install/holoocean_examples:/opt/ros/humble CMAKE_PREFIX_PATH=/home/huzy/My_orion/install/orion_moveit_config:/home/huzy/My_orion/install/orion_description:/home/huzy/My_orion/install/orion_mtc:/home/huzy/holoocean-ros/install/holoocean_interfaces:/home/huzy/My_orion/install/orion_pybullet_sim:/home/huzy/My_orion/install/orion_holoocean_bridge:/home/huzy/holoocean-ros/install/holoocean_main:/home/huzy/holoocean-ros/install/holoocean_examples:/opt/ros/humble /usr/bin/cmake --build /home/huzy/My_orion/build/orion_mtc -- -j8 -l8
[1.404s] DEBUG:colcon.colcon_core.event_handler.log_command:Invoked command in '/home/huzy/My_orion/build/orion_mtc' returned '0': AMENT_PREFIX_PATH=/home/huzy/My_orion/install/orion_pybullet_sim:/home/huzy/My_orion/install/orion_holoocean_bridge:/home/huzy/My_orion/install/orion_mtc:/home/huzy/My_orion/install/orion_moveit_config:/home/huzy/My_orion/install/orion_description:/home/huzy/holoocean-ros/install/holoocean_main:/home/huzy/holoocean-ros/install/holoocean_interfaces:/home/huzy/holoocean-ros/install/holoocean_examples:/opt/ros/humble CMAKE_PREFIX_PATH=/home/huzy/My_orion/install/orion_moveit_config:/home/huzy/My_orion/install/orion_description:/home/huzy/My_orion/install/orion_mtc:/home/huzy/holoocean-ros/install/holoocean_interfaces:/home/huzy/My_orion/install/orion_pybullet_sim:/home/huzy/My_orion/install/orion_holoocean_bridge:/home/huzy/holoocean-ros/install/holoocean_main:/home/huzy/holoocean-ros/install/holoocean_examples:/opt/ros/humble /usr/bin/cmake --build /home/huzy/My_orion/build/orion_mtc -- -j8 -l8
[1.406s] DEBUG:colcon.colcon_core.event_handler.log_command:Invoking command in '/home/huzy/My_orion/build/orion_mtc': AMENT_PREFIX_PATH=/home/huzy/My_orion/install/orion_pybullet_sim:/home/huzy/My_orion/install/orion_holoocean_bridge:/home/huzy/My_orion/install/orion_mtc:/home/huzy/My_orion/install/orion_moveit_config:/home/huzy/My_orion/install/orion_description:/home/huzy/holoocean-ros/install/holoocean_main:/home/huzy/holoocean-ros/install/holoocean_interfaces:/home/huzy/holoocean-ros/install/holoocean_examples:/opt/ros/humble CMAKE_PREFIX_PATH=/home/huzy/My_orion/install/orion_moveit_config:/home/huzy/My_orion/install/orion_description:/home/huzy/My_orion/install/orion_mtc:/home/huzy/holoocean-ros/install/holoocean_interfaces:/home/huzy/My_orion/install/orion_pybullet_sim:/home/huzy/My_orion/install/orion_holoocean_bridge:/home/huzy/holoocean-ros/install/holoocean_main:/home/huzy/holoocean-ros/install/holoocean_examples:/opt/ros/humble /usr/bin/cmake --install /home/huzy/My_orion/build/orion_mtc
[1.420s] Level 1:colcon.colcon_core.environment:create_environment_scripts_only(orion_mtc)
[1.421s] Level 1:colcon.colcon_core.environment:checking '/home/huzy/My_orion/install/orion_mtc' for CMake module files
[1.421s] Level 1:colcon.colcon_core.environment:checking '/home/huzy/My_orion/install/orion_mtc' for CMake config files
[1.422s] Level 1:colcon.colcon_core.shell:create_environment_hook('orion_mtc', 'cmake_prefix_path')
[1.422s] INFO:colcon.colcon_core.shell:Creating environment hook '/home/huzy/My_orion/install/orion_mtc/share/orion_mtc/hook/cmake_prefix_path.ps1'
[1.423s] DEBUG:colcon.colcon_core.event_handler.log_command:Invoked command in '/home/huzy/My_orion/build/orion_mtc' returned '0': AMENT_PREFIX_PATH=/home/huzy/My_orion/install/orion_pybullet_sim:/home/huzy/My_orion/install/orion_holoocean_bridge:/home/huzy/My_orion/install/orion_mtc:/home/huzy/My_orion/install/orion_moveit_config:/home/huzy/My_orion/install/orion_description:/home/huzy/holoocean-ros/install/holoocean_main:/home/huzy/holoocean-ros/install/holoocean_interfaces:/home/huzy/holoocean-ros/install/holoocean_examples:/opt/ros/humble CMAKE_PREFIX_PATH=/home/huzy/My_orion/install/orion_moveit_config:/home/huzy/My_orion/install/orion_description:/home/huzy/My_orion/install/orion_mtc:/home/huzy/holoocean-ros/install/holoocean_interfaces:/home/huzy/My_orion/install/orion_pybullet_sim:/home/huzy/My_orion/install/orion_holoocean_bridge:/home/huzy/holoocean-ros/install/holoocean_main:/home/huzy/holoocean-ros/install/holoocean_examples:/opt/ros/humble /usr/bin/cmake --install /home/huzy/My_orion/build/orion_mtc
[1.423s] INFO:colcon.colcon_core.shell:Creating environment descriptor '/home/huzy/My_orion/install/orion_mtc/share/orion_mtc/hook/cmake_prefix_path.dsv'
[1.424s] INFO:colcon.colcon_core.shell:Creating environment hook '/home/huzy/My_orion/install/orion_mtc/share/orion_mtc/hook/cmake_prefix_path.sh'
[1.425s] Level 1:colcon.colcon_core.environment:checking '/home/huzy/My_orion/install/orion_mtc/lib'
[1.425s] Level 1:colcon.colcon_core.environment:checking '/home/huzy/My_orion/install/orion_mtc/bin'
[1.425s] Level 1:colcon.colcon_core.environment:checking '/home/huzy/My_orion/install/orion_mtc/lib/pkgconfig/orion_mtc.pc'
[1.425s] Level 1:colcon.colcon_core.environment:checking '/home/huzy/My_orion/install/orion_mtc/lib/python3.10/site-packages'
[1.426s] Level 1:colcon.colcon_core.environment:checking '/home/huzy/My_orion/install/orion_mtc/bin'
[1.426s] INFO:colcon.colcon_core.shell:Creating package script '/home/huzy/My_orion/install/orion_mtc/share/orion_mtc/package.ps1'
[1.427s] INFO:colcon.colcon_core.shell:Creating package descriptor '/home/huzy/My_orion/install/orion_mtc/share/orion_mtc/package.dsv'
[1.428s] INFO:colcon.colcon_core.shell:Creating package script '/home/huzy/My_orion/install/orion_mtc/share/orion_mtc/package.sh'
[1.428s] INFO:colcon.colcon_core.shell:Creating package script '/home/huzy/My_orion/install/orion_mtc/share/orion_mtc/package.bash'
[1.429s] INFO:colcon.colcon_core.shell:Creating package script '/home/huzy/My_orion/install/orion_mtc/share/orion_mtc/package.zsh'
[1.430s] Level 1:colcon.colcon_core.environment:create_file_with_runtime_dependencies(/home/huzy/My_orion/install/orion_mtc/share/colcon-core/packages/orion_mtc)
[1.430s] Level 1:colcon.colcon_core.environment:create_environment_scripts_only(orion_mtc)
[1.431s] Level 1:colcon.colcon_core.environment:checking '/home/huzy/My_orion/install/orion_mtc' for CMake module files
[1.431s] Level 1:colcon.colcon_core.environment:checking '/home/huzy/My_orion/install/orion_mtc' for CMake config files
[1.432s] Level 1:colcon.colcon_core.shell:create_environment_hook('orion_mtc', 'cmake_prefix_path')
[1.432s] INFO:colcon.colcon_core.shell:Creating environment hook '/home/huzy/My_orion/install/orion_mtc/share/orion_mtc/hook/cmake_prefix_path.ps1'
[1.433s] INFO:colcon.colcon_core.shell:Creating environment descriptor '/home/huzy/My_orion/install/orion_mtc/share/orion_mtc/hook/cmake_prefix_path.dsv'
[1.433s] INFO:colcon.colcon_core.shell:Creating environment hook '/home/huzy/My_orion/install/orion_mtc/share/orion_mtc/hook/cmake_prefix_path.sh'
[1.434s] Level 1:colcon.colcon_core.environment:checking '/home/huzy/My_orion/install/orion_mtc/lib'
[1.434s] Level 1:colcon.colcon_core.environment:checking '/home/huzy/My_orion/install/orion_mtc/bin'
[1.434s] Level 1:colcon.colcon_core.environment:checking '/home/huzy/My_orion/install/orion_mtc/lib/pkgconfig/orion_mtc.pc'
[1.434s] Level 1:colcon.colcon_core.environment:checking '/home/huzy/My_orion/install/orion_mtc/lib/python3.10/site-packages'
[1.435s] Level 1:colcon.colcon_core.environment:checking '/home/huzy/My_orion/install/orion_mtc/bin'
[1.435s] INFO:colcon.colcon_core.shell:Creating package script '/home/huzy/My_orion/install/orion_mtc/share/orion_mtc/package.ps1'
[1.435s] INFO:colcon.colcon_core.shell:Creating package descriptor '/home/huzy/My_orion/install/orion_mtc/share/orion_mtc/package.dsv'
[1.436s] INFO:colcon.colcon_core.shell:Creating package script '/home/huzy/My_orion/install/orion_mtc/share/orion_mtc/package.sh'
[1.436s] INFO:colcon.colcon_core.shell:Creating package script '/home/huzy/My_orion/install/orion_mtc/share/orion_mtc/package.bash'
[1.437s] INFO:colcon.colcon_core.shell:Creating package script '/home/huzy/My_orion/install/orion_mtc/share/orion_mtc/package.zsh'
[1.437s] Level 1:colcon.colcon_core.environment:create_file_with_runtime_dependencies(/home/huzy/My_orion/install/orion_mtc/share/colcon-core/packages/orion_mtc)
[1.438s] DEBUG:colcon.colcon_parallel_executor.executor.parallel:closing loop
[1.438s] DEBUG:colcon.colcon_parallel_executor.executor.parallel:loop closed
[1.439s] DEBUG:colcon.colcon_parallel_executor.executor.parallel:run_until_complete finished with '0'
[1.439s] DEBUG:colcon.colcon_core.event_reactor:joining thread
[1.444s] INFO:colcon.colcon_core.plugin_system:Skipping extension 'colcon_notification.desktop_notification.terminal_notifier': Not used on non-Darwin systems
[1.445s] INFO:colcon.colcon_core.plugin_system:Skipping extension 'colcon_notification.desktop_notification.win32': Not used on non-Windows systems
[1.445s] INFO:colcon.colcon_notification.desktop_notification:Sending desktop notification using 'notify2'
[1.458s] DEBUG:colcon.colcon_core.event_reactor:joined thread
[1.458s] INFO:colcon.colcon_core.shell:Creating prefix script '/home/huzy/My_orion/install/local_setup.ps1'
[1.459s] INFO:colcon.colcon_core.shell:Creating prefix util module '/home/huzy/My_orion/install/_local_setup_util_ps1.py'
[1.460s] INFO:colcon.colcon_core.shell:Creating prefix chain script '/home/huzy/My_orion/install/setup.ps1'
[1.461s] INFO:colcon.colcon_core.shell:Creating prefix script '/home/huzy/My_orion/install/local_setup.sh'
[1.462s] INFO:colcon.colcon_core.shell:Creating prefix util module '/home/huzy/My_orion/install/_local_setup_util_sh.py'
[1.462s] INFO:colcon.colcon_core.shell:Creating prefix chain script '/home/huzy/My_orion/install/setup.sh'
[1.463s] INFO:colcon.colcon_core.shell:Creating prefix script '/home/huzy/My_orion/install/local_setup.bash'
[1.464s] INFO:colcon.colcon_core.shell:Creating prefix chain script '/home/huzy/My_orion/install/setup.bash'
[1.465s] INFO:colcon.colcon_core.shell:Creating prefix script '/home/huzy/My_orion/install/local_setup.zsh'
[1.466s] INFO:colcon.colcon_core.shell:Creating prefix chain script '/home/huzy/My_orion/install/setup.zsh'
