[0.083s] DEBUG:colcon:Command line arguments: ['/usr/bin/colcon', 'build']
[0.083s] DEBUG:colcon:Parsed command line arguments: Namespace(log_base=None, log_level=None, verb_name='build', build_base='build', install_base='install', merge_install=False, symlink_install=False, test_result_base=None, continue_on_error=False, executor='parallel', parallel_workers=8, event_handlers=None, ignore_user_meta=False, metas=['./colcon.meta'], base_paths=['.'], packages_ignore=None, packages_ignore_regex=None, paths=None, packages_up_to=None, packages_up_to_regex=None, packages_above=None, packages_above_and_dependencies=None, packages_above_depth=None, packages_select_by_dep=None, packages_skip_by_dep=None, packages_skip_up_to=None, packages_select_build_failed=False, packages_skip_build_finished=False, packages_select_test_failures=False, packages_skip_test_passed=False, packages_select=None, packages_skip=None, packages_select_regex=None, packages_skip_regex=None, packages_start=None, packages_end=None, allow_overriding=[], cmake_args=None, cmake_target=None, cmake_target_skip_unavailable=False, cmake_clean_cache=False, cmake_clean_first=False, cmake_force_configure=False, ament_cmake_args=None, catkin_cmake_args=None, catkin_skip_building_tests=False, mixin_files=None, mixin=None, verb_parser=<colcon_mixin.mixin.mixin_argument.MixinArgumentDecorator object at 0x77e0d9f57a30>, verb_extension=<colcon_core.verb.build.BuildVerb object at 0x77e0da0a0910>, main=<bound method BuildVerb.main of <colcon_core.verb.build.BuildVerb object at 0x77e0da0a0910>>, mixin_verb=('build',))
[0.201s] Level 1:colcon.colcon_core.package_discovery:discover_packages(colcon_meta) check parameters
[0.201s] Level 1:colcon.colcon_core.package_discovery:discover_packages(recursive) check parameters
[0.201s] Level 1:colcon.colcon_core.package_discovery:discover_packages(ignore) check parameters
[0.201s] Level 1:colcon.colcon_core.package_discovery:discover_packages(path) check parameters
[0.201s] Level 1:colcon.colcon_core.package_discovery:discover_packages(colcon_meta) discover
[0.201s] Level 1:colcon.colcon_core.package_discovery:discover_packages(recursive) discover
[0.201s] INFO:colcon.colcon_core.package_discovery:Crawling recursively for packages in '/home/huzy/My_orion'
[0.201s] Level 1:colcon.colcon_core.package_identification:_identify(.) by extensions ['ignore', 'ignore_ament_install']
[0.201s] Level 1:colcon.colcon_core.package_identification:_identify(.) by extension 'ignore'
[0.201s] Level 1:colcon.colcon_core.package_identification:_identify(.) by extension 'ignore_ament_install'
[0.201s] Level 1:colcon.colcon_core.package_identification:_identify(.) by extensions ['colcon_pkg']
[0.201s] Level 1:colcon.colcon_core.package_identification:_identify(.) by extension 'colcon_pkg'
[0.201s] Level 1:colcon.colcon_core.package_identification:_identify(.) by extensions ['colcon_meta']
[0.201s] Level 1:colcon.colcon_core.package_identification:_identify(.) by extension 'colcon_meta'
[0.201s] Level 1:colcon.colcon_core.package_identification:_identify(.) by extensions ['ros']
[0.201s] Level 1:colcon.colcon_core.package_identification:_identify(.) by extension 'ros'
[0.210s] Level 1:colcon.colcon_core.package_identification:_identify(.) by extensions ['cmake', 'python']
[0.210s] Level 1:colcon.colcon_core.package_identification:_identify(.) by extension 'cmake'
[0.210s] Level 1:colcon.colcon_core.package_identification:_identify(.) by extension 'python'
[0.210s] Level 1:colcon.colcon_core.package_identification:_identify(.) by extensions ['python_setup_py']
[0.210s] Level 1:colcon.colcon_core.package_identification:_identify(.) by extension 'python_setup_py'
[0.210s] Level 1:colcon.colcon_core.package_identification:_identify(build) by extensions ['ignore', 'ignore_ament_install']
[0.210s] Level 1:colcon.colcon_core.package_identification:_identify(build) by extension 'ignore'
[0.210s] Level 1:colcon.colcon_core.package_identification:_identify(build) ignored
[0.210s] Level 1:colcon.colcon_core.package_identification:_identify(install) by extensions ['ignore', 'ignore_ament_install']
[0.210s] Level 1:colcon.colcon_core.package_identification:_identify(install) by extension 'ignore'
[0.210s] Level 1:colcon.colcon_core.package_identification:_identify(install) ignored
[0.210s] Level 1:colcon.colcon_core.package_identification:_identify(log) by extensions ['ignore', 'ignore_ament_install']
[0.210s] Level 1:colcon.colcon_core.package_identification:_identify(log) by extension 'ignore'
[0.210s] Level 1:colcon.colcon_core.package_identification:_identify(log) ignored
[0.210s] Level 1:colcon.colcon_core.package_identification:_identify(src) by extensions ['ignore', 'ignore_ament_install']
[0.210s] Level 1:colcon.colcon_core.package_identification:_identify(src) by extension 'ignore'
[0.210s] Level 1:colcon.colcon_core.package_identification:_identify(src) by extension 'ignore_ament_install'
[0.211s] Level 1:colcon.colcon_core.package_identification:_identify(src) by extensions ['colcon_pkg']
[0.211s] Level 1:colcon.colcon_core.package_identification:_identify(src) by extension 'colcon_pkg'
[0.211s] Level 1:colcon.colcon_core.package_identification:_identify(src) by extensions ['colcon_meta']
[0.211s] Level 1:colcon.colcon_core.package_identification:_identify(src) by extension 'colcon_meta'
[0.211s] Level 1:colcon.colcon_core.package_identification:_identify(src) by extensions ['ros']
[0.211s] Level 1:colcon.colcon_core.package_identification:_identify(src) by extension 'ros'
[0.211s] Level 1:colcon.colcon_core.package_identification:_identify(src) by extensions ['cmake', 'python']
[0.211s] Level 1:colcon.colcon_core.package_identification:_identify(src) by extension 'cmake'
[0.211s] Level 1:colcon.colcon_core.package_identification:_identify(src) by extension 'python'
[0.211s] Level 1:colcon.colcon_core.package_identification:_identify(src) by extensions ['python_setup_py']
[0.211s] Level 1:colcon.colcon_core.package_identification:_identify(src) by extension 'python_setup_py'
[0.211s] Level 1:colcon.colcon_core.package_identification:_identify(src/orion_description) by extensions ['ignore', 'ignore_ament_install']
[0.211s] Level 1:colcon.colcon_core.package_identification:_identify(src/orion_description) by extension 'ignore'
[0.211s] Level 1:colcon.colcon_core.package_identification:_identify(src/orion_description) by extension 'ignore_ament_install'
[0.211s] Level 1:colcon.colcon_core.package_identification:_identify(src/orion_description) by extensions ['colcon_pkg']
[0.211s] Level 1:colcon.colcon_core.package_identification:_identify(src/orion_description) by extension 'colcon_pkg'
[0.211s] Level 1:colcon.colcon_core.package_identification:_identify(src/orion_description) by extensions ['colcon_meta']
[0.211s] Level 1:colcon.colcon_core.package_identification:_identify(src/orion_description) by extension 'colcon_meta'
[0.211s] Level 1:colcon.colcon_core.package_identification:_identify(src/orion_description) by extensions ['ros']
[0.211s] Level 1:colcon.colcon_core.package_identification:_identify(src/orion_description) by extension 'ros'
[0.221s] DEBUG:colcon.colcon_core.package_identification:Package 'src/orion_description' with type 'ros.ament_cmake' and name 'orion_description'
[0.221s] Level 1:colcon.colcon_core.package_identification:_identify(src/orion_holoocean_bridge) by extensions ['ignore', 'ignore_ament_install']
[0.221s] Level 1:colcon.colcon_core.package_identification:_identify(src/orion_holoocean_bridge) by extension 'ignore'
[0.221s] Level 1:colcon.colcon_core.package_identification:_identify(src/orion_holoocean_bridge) by extension 'ignore_ament_install'
[0.221s] Level 1:colcon.colcon_core.package_identification:_identify(src/orion_holoocean_bridge) by extensions ['colcon_pkg']
[0.221s] Level 1:colcon.colcon_core.package_identification:_identify(src/orion_holoocean_bridge) by extension 'colcon_pkg'
[0.221s] Level 1:colcon.colcon_core.package_identification:_identify(src/orion_holoocean_bridge) by extensions ['colcon_meta']
[0.221s] Level 1:colcon.colcon_core.package_identification:_identify(src/orion_holoocean_bridge) by extension 'colcon_meta'
[0.221s] Level 1:colcon.colcon_core.package_identification:_identify(src/orion_holoocean_bridge) by extensions ['ros']
[0.221s] Level 1:colcon.colcon_core.package_identification:_identify(src/orion_holoocean_bridge) by extension 'ros'
[0.222s] DEBUG:colcon.colcon_core.package_identification:Package 'src/orion_holoocean_bridge' with type 'ros.ament_python' and name 'orion_holoocean_bridge'
[0.222s] Level 1:colcon.colcon_core.package_identification:_identify(src/orion_moveit_config) by extensions ['ignore', 'ignore_ament_install']
[0.222s] Level 1:colcon.colcon_core.package_identification:_identify(src/orion_moveit_config) by extension 'ignore'
[0.222s] Level 1:colcon.colcon_core.package_identification:_identify(src/orion_moveit_config) by extension 'ignore_ament_install'
[0.222s] Level 1:colcon.colcon_core.package_identification:_identify(src/orion_moveit_config) by extensions ['colcon_pkg']
[0.222s] Level 1:colcon.colcon_core.package_identification:_identify(src/orion_moveit_config) by extension 'colcon_pkg'
[0.222s] Level 1:colcon.colcon_core.package_identification:_identify(src/orion_moveit_config) by extensions ['colcon_meta']
[0.222s] Level 1:colcon.colcon_core.package_identification:_identify(src/orion_moveit_config) by extension 'colcon_meta'
[0.222s] Level 1:colcon.colcon_core.package_identification:_identify(src/orion_moveit_config) by extensions ['ros']
[0.222s] Level 1:colcon.colcon_core.package_identification:_identify(src/orion_moveit_config) by extension 'ros'
[0.223s] DEBUG:colcon.colcon_core.package_identification:Package 'src/orion_moveit_config' with type 'ros.ament_cmake' and name 'orion_moveit_config'
[0.223s] Level 1:colcon.colcon_core.package_identification:_identify(src/orion_mtc) by extensions ['ignore', 'ignore_ament_install']
[0.223s] Level 1:colcon.colcon_core.package_identification:_identify(src/orion_mtc) by extension 'ignore'
[0.223s] Level 1:colcon.colcon_core.package_identification:_identify(src/orion_mtc) by extension 'ignore_ament_install'
[0.223s] Level 1:colcon.colcon_core.package_identification:_identify(src/orion_mtc) by extensions ['colcon_pkg']
[0.223s] Level 1:colcon.colcon_core.package_identification:_identify(src/orion_mtc) by extension 'colcon_pkg'
[0.223s] Level 1:colcon.colcon_core.package_identification:_identify(src/orion_mtc) by extensions ['colcon_meta']
[0.223s] Level 1:colcon.colcon_core.package_identification:_identify(src/orion_mtc) by extension 'colcon_meta'
[0.223s] Level 1:colcon.colcon_core.package_identification:_identify(src/orion_mtc) by extensions ['ros']
[0.223s] Level 1:colcon.colcon_core.package_identification:_identify(src/orion_mtc) by extension 'ros'
[0.224s] DEBUG:colcon.colcon_core.package_identification:Package 'src/orion_mtc' with type 'ros.ament_cmake' and name 'orion_mtc'
[0.224s] Level 1:colcon.colcon_core.package_identification:_identify(src/orion_pybullet_sim) by extensions ['ignore', 'ignore_ament_install']
[0.224s] Level 1:colcon.colcon_core.package_identification:_identify(src/orion_pybullet_sim) by extension 'ignore'
[0.224s] Level 1:colcon.colcon_core.package_identification:_identify(src/orion_pybullet_sim) by extension 'ignore_ament_install'
[0.224s] Level 1:colcon.colcon_core.package_identification:_identify(src/orion_pybullet_sim) by extensions ['colcon_pkg']
[0.224s] Level 1:colcon.colcon_core.package_identification:_identify(src/orion_pybullet_sim) by extension 'colcon_pkg'
[0.224s] Level 1:colcon.colcon_core.package_identification:_identify(src/orion_pybullet_sim) by extensions ['colcon_meta']
[0.224s] Level 1:colcon.colcon_core.package_identification:_identify(src/orion_pybullet_sim) by extension 'colcon_meta'
[0.224s] Level 1:colcon.colcon_core.package_identification:_identify(src/orion_pybullet_sim) by extensions ['ros']
[0.224s] Level 1:colcon.colcon_core.package_identification:_identify(src/orion_pybullet_sim) by extension 'ros'
[0.225s] DEBUG:colcon.colcon_core.package_identification:Package 'src/orion_pybullet_sim' with type 'ros.ament_python' and name 'orion_pybullet_sim'
[0.225s] Level 1:colcon.colcon_core.package_discovery:discover_packages(recursive) using defaults
[0.225s] Level 1:colcon.colcon_core.package_discovery:discover_packages(ignore) discover
[0.225s] Level 1:colcon.colcon_core.package_discovery:discover_packages(ignore) using defaults
[0.225s] Level 1:colcon.colcon_core.package_discovery:discover_packages(path) discover
[0.225s] Level 1:colcon.colcon_core.package_discovery:discover_packages(path) using defaults
[0.239s] Level 1:colcon.colcon_core.package_discovery:discover_packages(prefix_path) check parameters
[0.240s] Level 1:colcon.colcon_core.package_discovery:discover_packages(prefix_path) discover
[0.241s] DEBUG:colcon.colcon_installed_package_information.package_discovery:Found 5 installed packages in /home/huzy/My_orion/install
[0.241s] DEBUG:colcon.colcon_installed_package_information.package_discovery:Found 3 installed packages in /home/huzy/holoocean-ros/install
[0.243s] DEBUG:colcon.colcon_installed_package_information.package_discovery:Found 429 installed packages in /opt/ros/humble
[0.244s] Level 1:colcon.colcon_core.package_discovery:discover_packages(prefix_path) using defaults
[0.276s] Level 5:colcon.colcon_core.verb:set package 'orion_description' build argument 'cmake_args' from command line to 'None'
[0.276s] Level 5:colcon.colcon_core.verb:set package 'orion_description' build argument 'cmake_target' from command line to 'None'
[0.276s] Level 5:colcon.colcon_core.verb:set package 'orion_description' build argument 'cmake_target_skip_unavailable' from command line to 'False'
[0.276s] Level 5:colcon.colcon_core.verb:set package 'orion_description' build argument 'cmake_clean_cache' from command line to 'False'
[0.276s] Level 5:colcon.colcon_core.verb:set package 'orion_description' build argument 'cmake_clean_first' from command line to 'False'
[0.276s] Level 5:colcon.colcon_core.verb:set package 'orion_description' build argument 'cmake_force_configure' from command line to 'False'
[0.276s] Level 5:colcon.colcon_core.verb:set package 'orion_description' build argument 'ament_cmake_args' from command line to 'None'
[0.276s] Level 5:colcon.colcon_core.verb:set package 'orion_description' build argument 'catkin_cmake_args' from command line to 'None'
[0.276s] Level 5:colcon.colcon_core.verb:set package 'orion_description' build argument 'catkin_skip_building_tests' from command line to 'False'
[0.276s] DEBUG:colcon.colcon_core.verb:Building package 'orion_description' with the following arguments: {'ament_cmake_args': None, 'build_base': '/home/huzy/My_orion/build/orion_description', 'catkin_cmake_args': None, 'catkin_skip_building_tests': False, 'cmake_args': None, 'cmake_clean_cache': False, 'cmake_clean_first': False, 'cmake_force_configure': False, 'cmake_target': None, 'cmake_target_skip_unavailable': False, 'install_base': '/home/huzy/My_orion/install/orion_description', 'merge_install': False, 'path': '/home/huzy/My_orion/src/orion_description', 'symlink_install': False, 'test_result_base': None}
[0.276s] Level 5:colcon.colcon_core.verb:set package 'orion_holoocean_bridge' build argument 'cmake_args' from command line to 'None'
[0.276s] Level 5:colcon.colcon_core.verb:set package 'orion_holoocean_bridge' build argument 'cmake_target' from command line to 'None'
[0.276s] Level 5:colcon.colcon_core.verb:set package 'orion_holoocean_bridge' build argument 'cmake_target_skip_unavailable' from command line to 'False'
[0.276s] Level 5:colcon.colcon_core.verb:set package 'orion_holoocean_bridge' build argument 'cmake_clean_cache' from command line to 'False'
[0.276s] Level 5:colcon.colcon_core.verb:set package 'orion_holoocean_bridge' build argument 'cmake_clean_first' from command line to 'False'
[0.276s] Level 5:colcon.colcon_core.verb:set package 'orion_holoocean_bridge' build argument 'cmake_force_configure' from command line to 'False'
[0.276s] Level 5:colcon.colcon_core.verb:set package 'orion_holoocean_bridge' build argument 'ament_cmake_args' from command line to 'None'
[0.276s] Level 5:colcon.colcon_core.verb:set package 'orion_holoocean_bridge' build argument 'catkin_cmake_args' from command line to 'None'
[0.276s] Level 5:colcon.colcon_core.verb:set package 'orion_holoocean_bridge' build argument 'catkin_skip_building_tests' from command line to 'False'
[0.277s] DEBUG:colcon.colcon_core.verb:Building package 'orion_holoocean_bridge' with the following arguments: {'ament_cmake_args': None, 'build_base': '/home/huzy/My_orion/build/orion_holoocean_bridge', 'catkin_cmake_args': None, 'catkin_skip_building_tests': False, 'cmake_args': None, 'cmake_clean_cache': False, 'cmake_clean_first': False, 'cmake_force_configure': False, 'cmake_target': None, 'cmake_target_skip_unavailable': False, 'install_base': '/home/huzy/My_orion/install/orion_holoocean_bridge', 'merge_install': False, 'path': '/home/huzy/My_orion/src/orion_holoocean_bridge', 'symlink_install': False, 'test_result_base': None}
[0.277s] Level 5:colcon.colcon_core.verb:set package 'orion_moveit_config' build argument 'cmake_args' from command line to 'None'
[0.277s] Level 5:colcon.colcon_core.verb:set package 'orion_moveit_config' build argument 'cmake_target' from command line to 'None'
[0.277s] Level 5:colcon.colcon_core.verb:set package 'orion_moveit_config' build argument 'cmake_target_skip_unavailable' from command line to 'False'
[0.277s] Level 5:colcon.colcon_core.verb:set package 'orion_moveit_config' build argument 'cmake_clean_cache' from command line to 'False'
[0.277s] Level 5:colcon.colcon_core.verb:set package 'orion_moveit_config' build argument 'cmake_clean_first' from command line to 'False'
[0.277s] Level 5:colcon.colcon_core.verb:set package 'orion_moveit_config' build argument 'cmake_force_configure' from command line to 'False'
[0.277s] Level 5:colcon.colcon_core.verb:set package 'orion_moveit_config' build argument 'ament_cmake_args' from command line to 'None'
[0.277s] Level 5:colcon.colcon_core.verb:set package 'orion_moveit_config' build argument 'catkin_cmake_args' from command line to 'None'
[0.277s] Level 5:colcon.colcon_core.verb:set package 'orion_moveit_config' build argument 'catkin_skip_building_tests' from command line to 'False'
[0.277s] DEBUG:colcon.colcon_core.verb:Building package 'orion_moveit_config' with the following arguments: {'ament_cmake_args': None, 'build_base': '/home/huzy/My_orion/build/orion_moveit_config', 'catkin_cmake_args': None, 'catkin_skip_building_tests': False, 'cmake_args': None, 'cmake_clean_cache': False, 'cmake_clean_first': False, 'cmake_force_configure': False, 'cmake_target': None, 'cmake_target_skip_unavailable': False, 'install_base': '/home/huzy/My_orion/install/orion_moveit_config', 'merge_install': False, 'path': '/home/huzy/My_orion/src/orion_moveit_config', 'symlink_install': False, 'test_result_base': None}
[0.277s] Level 5:colcon.colcon_core.verb:set package 'orion_pybullet_sim' build argument 'cmake_args' from command line to 'None'
[0.277s] Level 5:colcon.colcon_core.verb:set package 'orion_pybullet_sim' build argument 'cmake_target' from command line to 'None'
[0.277s] Level 5:colcon.colcon_core.verb:set package 'orion_pybullet_sim' build argument 'cmake_target_skip_unavailable' from command line to 'False'
[0.277s] Level 5:colcon.colcon_core.verb:set package 'orion_pybullet_sim' build argument 'cmake_clean_cache' from command line to 'False'
[0.277s] Level 5:colcon.colcon_core.verb:set package 'orion_pybullet_sim' build argument 'cmake_clean_first' from command line to 'False'
[0.277s] Level 5:colcon.colcon_core.verb:set package 'orion_pybullet_sim' build argument 'cmake_force_configure' from command line to 'False'
[0.277s] Level 5:colcon.colcon_core.verb:set package 'orion_pybullet_sim' build argument 'ament_cmake_args' from command line to 'None'
[0.277s] Level 5:colcon.colcon_core.verb:set package 'orion_pybullet_sim' build argument 'catkin_cmake_args' from command line to 'None'
[0.277s] Level 5:colcon.colcon_core.verb:set package 'orion_pybullet_sim' build argument 'catkin_skip_building_tests' from command line to 'False'
[0.277s] DEBUG:colcon.colcon_core.verb:Building package 'orion_pybullet_sim' with the following arguments: {'ament_cmake_args': None, 'build_base': '/home/huzy/My_orion/build/orion_pybullet_sim', 'catkin_cmake_args': None, 'catkin_skip_building_tests': False, 'cmake_args': None, 'cmake_clean_cache': False, 'cmake_clean_first': False, 'cmake_force_configure': False, 'cmake_target': None, 'cmake_target_skip_unavailable': False, 'install_base': '/home/huzy/My_orion/install/orion_pybullet_sim', 'merge_install': False, 'path': '/home/huzy/My_orion/src/orion_pybullet_sim', 'symlink_install': False, 'test_result_base': None}
[0.277s] Level 5:colcon.colcon_core.verb:set package 'orion_mtc' build argument 'cmake_args' from command line to 'None'
[0.277s] Level 5:colcon.colcon_core.verb:set package 'orion_mtc' build argument 'cmake_target' from command line to 'None'
[0.277s] Level 5:colcon.colcon_core.verb:set package 'orion_mtc' build argument 'cmake_target_skip_unavailable' from command line to 'False'
[0.277s] Level 5:colcon.colcon_core.verb:set package 'orion_mtc' build argument 'cmake_clean_cache' from command line to 'False'
[0.277s] Level 5:colcon.colcon_core.verb:set package 'orion_mtc' build argument 'cmake_clean_first' from command line to 'False'
[0.277s] Level 5:colcon.colcon_core.verb:set package 'orion_mtc' build argument 'cmake_force_configure' from command line to 'False'
[0.278s] Level 5:colcon.colcon_core.verb:set package 'orion_mtc' build argument 'ament_cmake_args' from command line to 'None'
[0.278s] Level 5:colcon.colcon_core.verb:set package 'orion_mtc' build argument 'catkin_cmake_args' from command line to 'None'
[0.278s] Level 5:colcon.colcon_core.verb:set package 'orion_mtc' build argument 'catkin_skip_building_tests' from command line to 'False'
[0.278s] DEBUG:colcon.colcon_core.verb:Building package 'orion_mtc' with the following arguments: {'ament_cmake_args': None, 'build_base': '/home/huzy/My_orion/build/orion_mtc', 'catkin_cmake_args': None, 'catkin_skip_building_tests': False, 'cmake_args': None, 'cmake_clean_cache': False, 'cmake_clean_first': False, 'cmake_force_configure': False, 'cmake_target': None, 'cmake_target_skip_unavailable': False, 'install_base': '/home/huzy/My_orion/install/orion_mtc', 'merge_install': False, 'path': '/home/huzy/My_orion/src/orion_mtc', 'symlink_install': False, 'test_result_base': None}
[0.278s] INFO:colcon.colcon_core.executor:Executing jobs using 'parallel' executor
[0.279s] DEBUG:colcon.colcon_parallel_executor.executor.parallel:run_until_complete
[0.279s] INFO:colcon.colcon_ros.task.ament_cmake.build:Building ROS package in '/home/huzy/My_orion/src/orion_description' with build type 'ament_cmake'
[0.279s] INFO:colcon.colcon_cmake.task.cmake.build:Building CMake package in '/home/huzy/My_orion/src/orion_description'
[0.281s] INFO:colcon.colcon_core.plugin_system:Skipping extension 'colcon_core.shell.bat': Not used on non-Windows systems
[0.281s] INFO:colcon.colcon_core.shell:Skip shell extension 'powershell' for command environment: Not usable outside of PowerShell
[0.281s] DEBUG:colcon.colcon_core.shell:Skip shell extension 'dsv' for command environment
[0.285s] INFO:colcon.colcon_ros.task.ament_python.build:Building ROS package in '/home/huzy/My_orion/src/orion_holoocean_bridge' with build type 'ament_python'
[0.285s] Level 1:colcon.colcon_core.shell:create_environment_hook('orion_holoocean_bridge', 'ament_prefix_path')
[0.285s] INFO:colcon.colcon_core.shell:Creating environment hook '/home/huzy/My_orion/install/orion_holoocean_bridge/share/orion_holoocean_bridge/hook/ament_prefix_path.ps1'
[0.286s] INFO:colcon.colcon_core.shell:Creating environment descriptor '/home/huzy/My_orion/install/orion_holoocean_bridge/share/orion_holoocean_bridge/hook/ament_prefix_path.dsv'
[0.286s] INFO:colcon.colcon_core.shell:Creating environment hook '/home/huzy/My_orion/install/orion_holoocean_bridge/share/orion_holoocean_bridge/hook/ament_prefix_path.sh'
[0.287s] INFO:colcon.colcon_core.shell:Skip shell extension 'powershell' for command environment: Not usable outside of PowerShell
[0.287s] DEBUG:colcon.colcon_core.shell:Skip shell extension 'dsv' for command environment
[0.296s] DEBUG:colcon.colcon_core.event_handler.log_command:Invoking command in '/home/huzy/My_orion/build/orion_description': CMAKE_PREFIX_PATH=${CMAKE_PREFIX_PATH}:/home/huzy/My_orion/install/orion_pybullet_sim:/home/huzy/My_orion/install/orion_holoocean_bridge:/home/huzy/holoocean-ros/install/holoocean_main:/home/huzy/holoocean-ros/install/holoocean_examples:/opt/ros/humble /usr/bin/cmake --build /home/huzy/My_orion/build/orion_description -- -j8 -l8
[0.479s] INFO:colcon.colcon_core.task.python.build:Building Python package in '/home/huzy/My_orion/src/orion_holoocean_bridge'
[0.479s] INFO:colcon.colcon_core.shell:Skip shell extension 'powershell' for command environment: Not usable outside of PowerShell
[0.480s] DEBUG:colcon.colcon_core.shell:Skip shell extension 'dsv' for command environment
[0.485s] DEBUG:colcon.colcon_core.event_handler.log_command:Invoked command in '/home/huzy/My_orion/build/orion_description' returned '0': CMAKE_PREFIX_PATH=${CMAKE_PREFIX_PATH}:/home/huzy/My_orion/install/orion_pybullet_sim:/home/huzy/My_orion/install/orion_holoocean_bridge:/home/huzy/holoocean-ros/install/holoocean_main:/home/huzy/holoocean-ros/install/holoocean_examples:/opt/ros/humble /usr/bin/cmake --build /home/huzy/My_orion/build/orion_description -- -j8 -l8
[0.495s] DEBUG:colcon.colcon_core.event_handler.log_command:Invoking command in '/home/huzy/My_orion/build/orion_description': CMAKE_PREFIX_PATH=${CMAKE_PREFIX_PATH}:/home/huzy/My_orion/install/orion_pybullet_sim:/home/huzy/My_orion/install/orion_holoocean_bridge:/home/huzy/holoocean-ros/install/holoocean_main:/home/huzy/holoocean-ros/install/holoocean_examples:/opt/ros/humble /usr/bin/cmake --install /home/huzy/My_orion/build/orion_description
[0.505s] Level 1:colcon.colcon_core.environment:create_environment_scripts_only(orion_description)
[0.505s] DEBUG:colcon.colcon_core.event_handler.log_command:Invoked command in '/home/huzy/My_orion/build/orion_description' returned '0': CMAKE_PREFIX_PATH=${CMAKE_PREFIX_PATH}:/home/huzy/My_orion/install/orion_pybullet_sim:/home/huzy/My_orion/install/orion_holoocean_bridge:/home/huzy/holoocean-ros/install/holoocean_main:/home/huzy/holoocean-ros/install/holoocean_examples:/opt/ros/humble /usr/bin/cmake --install /home/huzy/My_orion/build/orion_description
[0.507s] Level 1:colcon.colcon_core.environment:checking '/home/huzy/My_orion/install/orion_description' for CMake module files
[0.508s] Level 1:colcon.colcon_core.environment:checking '/home/huzy/My_orion/install/orion_description' for CMake config files
[0.508s] Level 1:colcon.colcon_core.shell:create_environment_hook('orion_description', 'cmake_prefix_path')
[0.508s] INFO:colcon.colcon_core.shell:Creating environment hook '/home/huzy/My_orion/install/orion_description/share/orion_description/hook/cmake_prefix_path.ps1'
[0.509s] INFO:colcon.colcon_core.shell:Creating environment descriptor '/home/huzy/My_orion/install/orion_description/share/orion_description/hook/cmake_prefix_path.dsv'
[0.509s] INFO:colcon.colcon_core.shell:Creating environment hook '/home/huzy/My_orion/install/orion_description/share/orion_description/hook/cmake_prefix_path.sh'
[0.510s] Level 1:colcon.colcon_core.environment:checking '/home/huzy/My_orion/install/orion_description/bin'
[0.510s] Level 1:colcon.colcon_core.environment:checking '/home/huzy/My_orion/install/orion_description/lib/pkgconfig/orion_description.pc'
[0.510s] Level 1:colcon.colcon_core.environment:checking '/home/huzy/My_orion/install/orion_description/lib/python3.10/site-packages'
[0.510s] Level 1:colcon.colcon_core.environment:checking '/home/huzy/My_orion/install/orion_description/bin'
[0.510s] INFO:colcon.colcon_core.shell:Creating package script '/home/huzy/My_orion/install/orion_description/share/orion_description/package.ps1'
[0.511s] INFO:colcon.colcon_core.shell:Creating package descriptor '/home/huzy/My_orion/install/orion_description/share/orion_description/package.dsv'
[0.511s] INFO:colcon.colcon_core.shell:Creating package script '/home/huzy/My_orion/install/orion_description/share/orion_description/package.sh'
[0.512s] INFO:colcon.colcon_core.shell:Creating package script '/home/huzy/My_orion/install/orion_description/share/orion_description/package.bash'
[0.513s] INFO:colcon.colcon_core.shell:Creating package script '/home/huzy/My_orion/install/orion_description/share/orion_description/package.zsh'
[0.513s] Level 1:colcon.colcon_core.environment:create_file_with_runtime_dependencies(/home/huzy/My_orion/install/orion_description/share/colcon-core/packages/orion_description)
[0.514s] Level 1:colcon.colcon_core.environment:create_environment_scripts_only(orion_description)
[0.514s] Level 1:colcon.colcon_core.environment:checking '/home/huzy/My_orion/install/orion_description' for CMake module files
[0.514s] Level 1:colcon.colcon_core.environment:checking '/home/huzy/My_orion/install/orion_description' for CMake config files
[0.514s] Level 1:colcon.colcon_core.shell:create_environment_hook('orion_description', 'cmake_prefix_path')
[0.514s] INFO:colcon.colcon_core.shell:Creating environment hook '/home/huzy/My_orion/install/orion_description/share/orion_description/hook/cmake_prefix_path.ps1'
[0.515s] INFO:colcon.colcon_core.shell:Creating environment descriptor '/home/huzy/My_orion/install/orion_description/share/orion_description/hook/cmake_prefix_path.dsv'
[0.515s] INFO:colcon.colcon_core.shell:Creating environment hook '/home/huzy/My_orion/install/orion_description/share/orion_description/hook/cmake_prefix_path.sh'
[0.516s] Level 1:colcon.colcon_core.environment:checking '/home/huzy/My_orion/install/orion_description/bin'
[0.516s] Level 1:colcon.colcon_core.environment:checking '/home/huzy/My_orion/install/orion_description/lib/pkgconfig/orion_description.pc'
[0.516s] Level 1:colcon.colcon_core.environment:checking '/home/huzy/My_orion/install/orion_description/lib/python3.10/site-packages'
[0.516s] Level 1:colcon.colcon_core.environment:checking '/home/huzy/My_orion/install/orion_description/bin'
[0.516s] INFO:colcon.colcon_core.shell:Creating package script '/home/huzy/My_orion/install/orion_description/share/orion_description/package.ps1'
[0.516s] INFO:colcon.colcon_core.shell:Creating package descriptor '/home/huzy/My_orion/install/orion_description/share/orion_description/package.dsv'
[0.517s] INFO:colcon.colcon_core.shell:Creating package script '/home/huzy/My_orion/install/orion_description/share/orion_description/package.sh'
[0.517s] INFO:colcon.colcon_core.shell:Creating package script '/home/huzy/My_orion/install/orion_description/share/orion_description/package.bash'
[0.518s] INFO:colcon.colcon_core.shell:Creating package script '/home/huzy/My_orion/install/orion_description/share/orion_description/package.zsh'
[0.518s] Level 1:colcon.colcon_core.environment:create_file_with_runtime_dependencies(/home/huzy/My_orion/install/orion_description/share/colcon-core/packages/orion_description)
[0.518s] INFO:colcon.colcon_ros.task.ament_cmake.build:Building ROS package in '/home/huzy/My_orion/src/orion_moveit_config' with build type 'ament_cmake'
[0.519s] INFO:colcon.colcon_cmake.task.cmake.build:Building CMake package in '/home/huzy/My_orion/src/orion_moveit_config'
[0.519s] INFO:colcon.colcon_core.shell:Skip shell extension 'powershell' for command environment: Not usable outside of PowerShell
[0.519s] DEBUG:colcon.colcon_core.shell:Skip shell extension 'dsv' for command environment
[0.529s] DEBUG:colcon.colcon_core.event_handler.log_command:Invoking command in '/home/huzy/My_orion/build/orion_moveit_config': CMAKE_PREFIX_PATH=/home/huzy/My_orion/install/orion_description:/home/huzy/My_orion/install/orion_mtc:/home/huzy/My_orion/install/orion_moveit_config:/home/huzy/holoocean-ros/install/holoocean_interfaces:/home/huzy/My_orion/install/orion_pybullet_sim:/home/huzy/My_orion/install/orion_holoocean_bridge:/home/huzy/holoocean-ros/install/holoocean_main:/home/huzy/holoocean-ros/install/holoocean_examples:/opt/ros/humble /usr/bin/cmake --build /home/huzy/My_orion/build/orion_moveit_config -- -j8 -l8
[0.563s] DEBUG:colcon.colcon_core.event_handler.log_command:Invoked command in '/home/huzy/My_orion/build/orion_moveit_config' returned '0': CMAKE_PREFIX_PATH=/home/huzy/My_orion/install/orion_description:/home/huzy/My_orion/install/orion_mtc:/home/huzy/My_orion/install/orion_moveit_config:/home/huzy/holoocean-ros/install/holoocean_interfaces:/home/huzy/My_orion/install/orion_pybullet_sim:/home/huzy/My_orion/install/orion_holoocean_bridge:/home/huzy/holoocean-ros/install/holoocean_main:/home/huzy/holoocean-ros/install/holoocean_examples:/opt/ros/humble /usr/bin/cmake --build /home/huzy/My_orion/build/orion_moveit_config -- -j8 -l8
[0.564s] DEBUG:colcon.colcon_core.event_handler.log_command:Invoking command in '/home/huzy/My_orion/build/orion_moveit_config': CMAKE_PREFIX_PATH=/home/huzy/My_orion/install/orion_description:/home/huzy/My_orion/install/orion_mtc:/home/huzy/My_orion/install/orion_moveit_config:/home/huzy/holoocean-ros/install/holoocean_interfaces:/home/huzy/My_orion/install/orion_pybullet_sim:/home/huzy/My_orion/install/orion_holoocean_bridge:/home/huzy/holoocean-ros/install/holoocean_main:/home/huzy/holoocean-ros/install/holoocean_examples:/opt/ros/humble /usr/bin/cmake --install /home/huzy/My_orion/build/orion_moveit_config
[0.572s] Level 1:colcon.colcon_core.environment:create_environment_scripts_only(orion_moveit_config)
[0.573s] DEBUG:colcon.colcon_core.event_handler.log_command:Invoked command in '/home/huzy/My_orion/build/orion_moveit_config' returned '0': CMAKE_PREFIX_PATH=/home/huzy/My_orion/install/orion_description:/home/huzy/My_orion/install/orion_mtc:/home/huzy/My_orion/install/orion_moveit_config:/home/huzy/holoocean-ros/install/holoocean_interfaces:/home/huzy/My_orion/install/orion_pybullet_sim:/home/huzy/My_orion/install/orion_holoocean_bridge:/home/huzy/holoocean-ros/install/holoocean_main:/home/huzy/holoocean-ros/install/holoocean_examples:/opt/ros/humble /usr/bin/cmake --install /home/huzy/My_orion/build/orion_moveit_config
[0.573s] Level 1:colcon.colcon_core.environment:checking '/home/huzy/My_orion/install/orion_moveit_config' for CMake module files
[0.573s] Level 1:colcon.colcon_core.environment:checking '/home/huzy/My_orion/install/orion_moveit_config' for CMake config files
[0.574s] Level 1:colcon.colcon_core.shell:create_environment_hook('orion_moveit_config', 'cmake_prefix_path')
[0.574s] INFO:colcon.colcon_core.shell:Creating environment hook '/home/huzy/My_orion/install/orion_moveit_config/share/orion_moveit_config/hook/cmake_prefix_path.ps1'
[0.574s] INFO:colcon.colcon_core.shell:Creating environment descriptor '/home/huzy/My_orion/install/orion_moveit_config/share/orion_moveit_config/hook/cmake_prefix_path.dsv'
[0.575s] INFO:colcon.colcon_core.shell:Creating environment hook '/home/huzy/My_orion/install/orion_moveit_config/share/orion_moveit_config/hook/cmake_prefix_path.sh'
[0.575s] Level 1:colcon.colcon_core.environment:checking '/home/huzy/My_orion/install/orion_moveit_config/bin'
[0.576s] Level 1:colcon.colcon_core.environment:checking '/home/huzy/My_orion/install/orion_moveit_config/lib/pkgconfig/orion_moveit_config.pc'
[0.576s] Level 1:colcon.colcon_core.environment:checking '/home/huzy/My_orion/install/orion_moveit_config/lib/python3.10/site-packages'
[0.576s] Level 1:colcon.colcon_core.environment:checking '/home/huzy/My_orion/install/orion_moveit_config/bin'
[0.576s] INFO:colcon.colcon_core.shell:Creating package script '/home/huzy/My_orion/install/orion_moveit_config/share/orion_moveit_config/package.ps1'
[0.577s] INFO:colcon.colcon_core.shell:Creating package descriptor '/home/huzy/My_orion/install/orion_moveit_config/share/orion_moveit_config/package.dsv'
[0.577s] INFO:colcon.colcon_core.shell:Creating package script '/home/huzy/My_orion/install/orion_moveit_config/share/orion_moveit_config/package.sh'
[0.577s] INFO:colcon.colcon_core.shell:Creating package script '/home/huzy/My_orion/install/orion_moveit_config/share/orion_moveit_config/package.bash'
[0.578s] INFO:colcon.colcon_core.shell:Creating package script '/home/huzy/My_orion/install/orion_moveit_config/share/orion_moveit_config/package.zsh'
[0.578s] Level 1:colcon.colcon_core.environment:create_file_with_runtime_dependencies(/home/huzy/My_orion/install/orion_moveit_config/share/colcon-core/packages/orion_moveit_config)
[0.579s] Level 1:colcon.colcon_core.environment:create_environment_scripts_only(orion_moveit_config)
[0.579s] Level 1:colcon.colcon_core.environment:checking '/home/huzy/My_orion/install/orion_moveit_config' for CMake module files
[0.579s] Level 1:colcon.colcon_core.environment:checking '/home/huzy/My_orion/install/orion_moveit_config' for CMake config files
[0.579s] Level 1:colcon.colcon_core.shell:create_environment_hook('orion_moveit_config', 'cmake_prefix_path')
[0.579s] INFO:colcon.colcon_core.shell:Creating environment hook '/home/huzy/My_orion/install/orion_moveit_config/share/orion_moveit_config/hook/cmake_prefix_path.ps1'
[0.580s] INFO:colcon.colcon_core.shell:Creating environment descriptor '/home/huzy/My_orion/install/orion_moveit_config/share/orion_moveit_config/hook/cmake_prefix_path.dsv'
[0.580s] INFO:colcon.colcon_core.shell:Creating environment hook '/home/huzy/My_orion/install/orion_moveit_config/share/orion_moveit_config/hook/cmake_prefix_path.sh'
[0.581s] Level 1:colcon.colcon_core.environment:checking '/home/huzy/My_orion/install/orion_moveit_config/bin'
[0.581s] Level 1:colcon.colcon_core.environment:checking '/home/huzy/My_orion/install/orion_moveit_config/lib/pkgconfig/orion_moveit_config.pc'
[0.581s] Level 1:colcon.colcon_core.environment:checking '/home/huzy/My_orion/install/orion_moveit_config/lib/python3.10/site-packages'
[0.581s] Level 1:colcon.colcon_core.environment:checking '/home/huzy/My_orion/install/orion_moveit_config/bin'
[0.582s] INFO:colcon.colcon_core.shell:Creating package script '/home/huzy/My_orion/install/orion_moveit_config/share/orion_moveit_config/package.ps1'
[0.582s] INFO:colcon.colcon_core.shell:Creating package descriptor '/home/huzy/My_orion/install/orion_moveit_config/share/orion_moveit_config/package.dsv'
[0.583s] INFO:colcon.colcon_core.shell:Creating package script '/home/huzy/My_orion/install/orion_moveit_config/share/orion_moveit_config/package.sh'
[0.583s] INFO:colcon.colcon_core.shell:Creating package script '/home/huzy/My_orion/install/orion_moveit_config/share/orion_moveit_config/package.bash'
[0.583s] INFO:colcon.colcon_core.shell:Creating package script '/home/huzy/My_orion/install/orion_moveit_config/share/orion_moveit_config/package.zsh'
[0.584s] Level 1:colcon.colcon_core.environment:create_file_with_runtime_dependencies(/home/huzy/My_orion/install/orion_moveit_config/share/colcon-core/packages/orion_moveit_config)
[0.584s] INFO:colcon.colcon_ros.task.ament_python.build:Building ROS package in '/home/huzy/My_orion/src/orion_pybullet_sim' with build type 'ament_python'
[0.585s] Level 1:colcon.colcon_core.shell:create_environment_hook('orion_pybullet_sim', 'ament_prefix_path')
[0.585s] INFO:colcon.colcon_core.shell:Creating environment hook '/home/huzy/My_orion/install/orion_pybullet_sim/share/orion_pybullet_sim/hook/ament_prefix_path.ps1'
[0.586s] INFO:colcon.colcon_core.shell:Creating environment descriptor '/home/huzy/My_orion/install/orion_pybullet_sim/share/orion_pybullet_sim/hook/ament_prefix_path.dsv'
[0.586s] INFO:colcon.colcon_core.shell:Creating environment hook '/home/huzy/My_orion/install/orion_pybullet_sim/share/orion_pybullet_sim/hook/ament_prefix_path.sh'
[0.587s] INFO:colcon.colcon_core.shell:Skip shell extension 'powershell' for command environment: Not usable outside of PowerShell
[0.587s] DEBUG:colcon.colcon_core.shell:Skip shell extension 'dsv' for command environment
[0.791s] INFO:colcon.colcon_core.task.python.build:Building Python package in '/home/huzy/My_orion/src/orion_pybullet_sim'
[0.791s] INFO:colcon.colcon_core.shell:Skip shell extension 'powershell' for command environment: Not usable outside of PowerShell
[0.791s] DEBUG:colcon.colcon_core.shell:Skip shell extension 'dsv' for command environment
[0.798s] DEBUG:colcon.colcon_core.event_handler.log_command:Invoking command in '/home/huzy/My_orion/src/orion_holoocean_bridge': PYTHONPATH=/home/huzy/My_orion/build/orion_holoocean_bridge/prefix_override:/usr/lib/python3/dist-packages/colcon_core/task/python/colcon_distutils_commands:/home/huzy/My_orion/install/orion_holoocean_bridge/lib/python3.10/site-packages:${PYTHONPATH} /usr/bin/python3 -W ignore:setup.py install is deprecated -W ignore:easy_install command is deprecated setup.py egg_info --egg-base ../../build/orion_holoocean_bridge build --build-base /home/huzy/My_orion/build/orion_holoocean_bridge/build install --record /home/huzy/My_orion/build/orion_holoocean_bridge/install.log --single-version-externally-managed install_data
[1.009s] Level 1:colcon.colcon_core.environment:checking '/home/huzy/My_orion/install/orion_holoocean_bridge' for CMake module files
[1.009s] DEBUG:colcon.colcon_core.event_handler.log_command:Invoked command in '/home/huzy/My_orion/src/orion_holoocean_bridge' returned '0': PYTHONPATH=/home/huzy/My_orion/build/orion_holoocean_bridge/prefix_override:/usr/lib/python3/dist-packages/colcon_core/task/python/colcon_distutils_commands:/home/huzy/My_orion/install/orion_holoocean_bridge/lib/python3.10/site-packages:${PYTHONPATH} /usr/bin/python3 -W ignore:setup.py install is deprecated -W ignore:easy_install command is deprecated setup.py egg_info --egg-base ../../build/orion_holoocean_bridge build --build-base /home/huzy/My_orion/build/orion_holoocean_bridge/build install --record /home/huzy/My_orion/build/orion_holoocean_bridge/install.log --single-version-externally-managed install_data
[1.010s] Level 1:colcon.colcon_core.environment:checking '/home/huzy/My_orion/install/orion_holoocean_bridge' for CMake config files
[1.010s] Level 1:colcon.colcon_core.environment:checking '/home/huzy/My_orion/install/orion_holoocean_bridge/lib'
[1.010s] Level 1:colcon.colcon_core.environment:checking '/home/huzy/My_orion/install/orion_holoocean_bridge/bin'
[1.011s] Level 1:colcon.colcon_core.environment:checking '/home/huzy/My_orion/install/orion_holoocean_bridge/lib/pkgconfig/orion_holoocean_bridge.pc'
[1.011s] Level 1:colcon.colcon_core.environment:checking '/home/huzy/My_orion/install/orion_holoocean_bridge/lib/python3.10/site-packages'
[1.011s] Level 1:colcon.colcon_core.shell:create_environment_hook('orion_holoocean_bridge', 'pythonpath')
[1.011s] INFO:colcon.colcon_core.shell:Creating environment hook '/home/huzy/My_orion/install/orion_holoocean_bridge/share/orion_holoocean_bridge/hook/pythonpath.ps1'
[1.012s] INFO:colcon.colcon_core.shell:Creating environment descriptor '/home/huzy/My_orion/install/orion_holoocean_bridge/share/orion_holoocean_bridge/hook/pythonpath.dsv'
[1.012s] INFO:colcon.colcon_core.shell:Creating environment hook '/home/huzy/My_orion/install/orion_holoocean_bridge/share/orion_holoocean_bridge/hook/pythonpath.sh'
[1.013s] Level 1:colcon.colcon_core.environment:checking '/home/huzy/My_orion/install/orion_holoocean_bridge/bin'
[1.013s] Level 1:colcon.colcon_core.environment:create_environment_scripts_only(orion_holoocean_bridge)
[1.013s] INFO:colcon.colcon_core.shell:Creating package script '/home/huzy/My_orion/install/orion_holoocean_bridge/share/orion_holoocean_bridge/package.ps1'
[1.013s] INFO:colcon.colcon_core.shell:Creating package descriptor '/home/huzy/My_orion/install/orion_holoocean_bridge/share/orion_holoocean_bridge/package.dsv'
[1.014s] INFO:colcon.colcon_core.shell:Creating package script '/home/huzy/My_orion/install/orion_holoocean_bridge/share/orion_holoocean_bridge/package.sh'
[1.014s] INFO:colcon.colcon_core.shell:Creating package script '/home/huzy/My_orion/install/orion_holoocean_bridge/share/orion_holoocean_bridge/package.bash'
[1.015s] INFO:colcon.colcon_core.shell:Creating package script '/home/huzy/My_orion/install/orion_holoocean_bridge/share/orion_holoocean_bridge/package.zsh'
[1.015s] Level 1:colcon.colcon_core.environment:create_file_with_runtime_dependencies(/home/huzy/My_orion/install/orion_holoocean_bridge/share/colcon-core/packages/orion_holoocean_bridge)
[1.042s] DEBUG:colcon.colcon_core.event_handler.log_command:Invoking command in '/home/huzy/My_orion/src/orion_pybullet_sim': CMAKE_PREFIX_PATH=/home/huzy/My_orion/install/orion_moveit_config:/home/huzy/My_orion/install/orion_description:/home/huzy/My_orion/install/orion_mtc:/home/huzy/holoocean-ros/install/holoocean_interfaces PYTHONPATH=/home/huzy/My_orion/build/orion_pybullet_sim/prefix_override:/usr/lib/python3/dist-packages/colcon_core/task/python/colcon_distutils_commands:/home/huzy/My_orion/install/orion_pybullet_sim/lib/python3.10/site-packages:${PYTHONPATH} /usr/bin/python3 -W ignore:setup.py install is deprecated -W ignore:easy_install command is deprecated setup.py egg_info --egg-base ../../build/orion_pybullet_sim build --build-base /home/huzy/My_orion/build/orion_pybullet_sim/build install --record /home/huzy/My_orion/build/orion_pybullet_sim/install.log --single-version-externally-managed install_data
[1.262s] Level 1:colcon.colcon_core.environment:checking '/home/huzy/My_orion/install/orion_pybullet_sim' for CMake module files
[1.263s] DEBUG:colcon.colcon_core.event_handler.log_command:Invoked command in '/home/huzy/My_orion/src/orion_pybullet_sim' returned '0': CMAKE_PREFIX_PATH=/home/huzy/My_orion/install/orion_moveit_config:/home/huzy/My_orion/install/orion_description:/home/huzy/My_orion/install/orion_mtc:/home/huzy/holoocean-ros/install/holoocean_interfaces PYTHONPATH=/home/huzy/My_orion/build/orion_pybullet_sim/prefix_override:/usr/lib/python3/dist-packages/colcon_core/task/python/colcon_distutils_commands:/home/huzy/My_orion/install/orion_pybullet_sim/lib/python3.10/site-packages:${PYTHONPATH} /usr/bin/python3 -W ignore:setup.py install is deprecated -W ignore:easy_install command is deprecated setup.py egg_info --egg-base ../../build/orion_pybullet_sim build --build-base /home/huzy/My_orion/build/orion_pybullet_sim/build install --record /home/huzy/My_orion/build/orion_pybullet_sim/install.log --single-version-externally-managed install_data
[1.264s] Level 1:colcon.colcon_core.environment:checking '/home/huzy/My_orion/install/orion_pybullet_sim' for CMake config files
[1.264s] Level 1:colcon.colcon_core.environment:checking '/home/huzy/My_orion/install/orion_pybullet_sim/lib'
[1.264s] Level 1:colcon.colcon_core.environment:checking '/home/huzy/My_orion/install/orion_pybullet_sim/bin'
[1.265s] Level 1:colcon.colcon_core.environment:checking '/home/huzy/My_orion/install/orion_pybullet_sim/lib/pkgconfig/orion_pybullet_sim.pc'
[1.265s] Level 1:colcon.colcon_core.environment:checking '/home/huzy/My_orion/install/orion_pybullet_sim/lib/python3.10/site-packages'
[1.265s] Level 1:colcon.colcon_core.shell:create_environment_hook('orion_pybullet_sim', 'pythonpath')
[1.265s] INFO:colcon.colcon_core.shell:Creating environment hook '/home/huzy/My_orion/install/orion_pybullet_sim/share/orion_pybullet_sim/hook/pythonpath.ps1'
[1.266s] INFO:colcon.colcon_core.shell:Creating environment descriptor '/home/huzy/My_orion/install/orion_pybullet_sim/share/orion_pybullet_sim/hook/pythonpath.dsv'
[1.267s] INFO:colcon.colcon_core.shell:Creating environment hook '/home/huzy/My_orion/install/orion_pybullet_sim/share/orion_pybullet_sim/hook/pythonpath.sh'
[1.268s] Level 1:colcon.colcon_core.environment:checking '/home/huzy/My_orion/install/orion_pybullet_sim/bin'
[1.268s] Level 1:colcon.colcon_core.environment:create_environment_scripts_only(orion_pybullet_sim)
[1.269s] INFO:colcon.colcon_core.shell:Creating package script '/home/huzy/My_orion/install/orion_pybullet_sim/share/orion_pybullet_sim/package.ps1'
[1.269s] INFO:colcon.colcon_core.shell:Creating package descriptor '/home/huzy/My_orion/install/orion_pybullet_sim/share/orion_pybullet_sim/package.dsv'
[1.270s] INFO:colcon.colcon_core.shell:Creating package script '/home/huzy/My_orion/install/orion_pybullet_sim/share/orion_pybullet_sim/package.sh'
[1.270s] INFO:colcon.colcon_core.shell:Creating package script '/home/huzy/My_orion/install/orion_pybullet_sim/share/orion_pybullet_sim/package.bash'
[1.271s] INFO:colcon.colcon_core.shell:Creating package script '/home/huzy/My_orion/install/orion_pybullet_sim/share/orion_pybullet_sim/package.zsh'
[1.271s] Level 1:colcon.colcon_core.environment:create_file_with_runtime_dependencies(/home/huzy/My_orion/install/orion_pybullet_sim/share/colcon-core/packages/orion_pybullet_sim)
[1.272s] INFO:colcon.colcon_ros.task.ament_cmake.build:Building ROS package in '/home/huzy/My_orion/src/orion_mtc' with build type 'ament_cmake'
[1.272s] INFO:colcon.colcon_cmake.task.cmake.build:Building CMake package in '/home/huzy/My_orion/src/orion_mtc'
[1.273s] INFO:colcon.colcon_core.shell:Skip shell extension 'powershell' for command environment: Not usable outside of PowerShell
[1.273s] DEBUG:colcon.colcon_core.shell:Skip shell extension 'dsv' for command environment
[1.287s] DEBUG:colcon.colcon_core.event_handler.log_command:Invoking command in '/home/huzy/My_orion/build/orion_mtc': AMENT_PREFIX_PATH=/home/huzy/My_orion/install/orion_pybullet_sim:/home/huzy/My_orion/install/orion_holoocean_bridge:/home/huzy/My_orion/install/orion_mtc:/home/huzy/My_orion/install/orion_moveit_config:/home/huzy/My_orion/install/orion_description:/home/huzy/holoocean-ros/install/holoocean_main:/home/huzy/holoocean-ros/install/holoocean_interfaces:/home/huzy/holoocean-ros/install/holoocean_examples:/opt/ros/humble CMAKE_PREFIX_PATH=/home/huzy/My_orion/install/orion_moveit_config:/home/huzy/My_orion/install/orion_description:/home/huzy/My_orion/install/orion_mtc:/home/huzy/holoocean-ros/install/holoocean_interfaces:/home/huzy/My_orion/install/orion_pybullet_sim:/home/huzy/My_orion/install/orion_holoocean_bridge:/home/huzy/holoocean-ros/install/holoocean_main:/home/huzy/holoocean-ros/install/holoocean_examples:/opt/ros/humble /usr/bin/cmake --build /home/huzy/My_orion/build/orion_mtc -- -j8 -l8
[1.365s] DEBUG:colcon.colcon_core.event_handler.log_command:Invoked command in '/home/huzy/My_orion/build/orion_mtc' returned '0': AMENT_PREFIX_PATH=/home/huzy/My_orion/install/orion_pybullet_sim:/home/huzy/My_orion/install/orion_holoocean_bridge:/home/huzy/My_orion/install/orion_mtc:/home/huzy/My_orion/install/orion_moveit_config:/home/huzy/My_orion/install/orion_description:/home/huzy/holoocean-ros/install/holoocean_main:/home/huzy/holoocean-ros/install/holoocean_interfaces:/home/huzy/holoocean-ros/install/holoocean_examples:/opt/ros/humble CMAKE_PREFIX_PATH=/home/huzy/My_orion/install/orion_moveit_config:/home/huzy/My_orion/install/orion_description:/home/huzy/My_orion/install/orion_mtc:/home/huzy/holoocean-ros/install/holoocean_interfaces:/home/huzy/My_orion/install/orion_pybullet_sim:/home/huzy/My_orion/install/orion_holoocean_bridge:/home/huzy/holoocean-ros/install/holoocean_main:/home/huzy/holoocean-ros/install/holoocean_examples:/opt/ros/humble /usr/bin/cmake --build /home/huzy/My_orion/build/orion_mtc -- -j8 -l8
[1.367s] DEBUG:colcon.colcon_core.event_handler.log_command:Invoking command in '/home/huzy/My_orion/build/orion_mtc': AMENT_PREFIX_PATH=/home/huzy/My_orion/install/orion_pybullet_sim:/home/huzy/My_orion/install/orion_holoocean_bridge:/home/huzy/My_orion/install/orion_mtc:/home/huzy/My_orion/install/orion_moveit_config:/home/huzy/My_orion/install/orion_description:/home/huzy/holoocean-ros/install/holoocean_main:/home/huzy/holoocean-ros/install/holoocean_interfaces:/home/huzy/holoocean-ros/install/holoocean_examples:/opt/ros/humble CMAKE_PREFIX_PATH=/home/huzy/My_orion/install/orion_moveit_config:/home/huzy/My_orion/install/orion_description:/home/huzy/My_orion/install/orion_mtc:/home/huzy/holoocean-ros/install/holoocean_interfaces:/home/huzy/My_orion/install/orion_pybullet_sim:/home/huzy/My_orion/install/orion_holoocean_bridge:/home/huzy/holoocean-ros/install/holoocean_main:/home/huzy/holoocean-ros/install/holoocean_examples:/opt/ros/humble /usr/bin/cmake --install /home/huzy/My_orion/build/orion_mtc
[1.379s] Level 1:colcon.colcon_core.environment:create_environment_scripts_only(orion_mtc)
[1.379s] Level 1:colcon.colcon_core.environment:checking '/home/huzy/My_orion/install/orion_mtc' for CMake module files
[1.379s] DEBUG:colcon.colcon_core.event_handler.log_command:Invoked command in '/home/huzy/My_orion/build/orion_mtc' returned '0': AMENT_PREFIX_PATH=/home/huzy/My_orion/install/orion_pybullet_sim:/home/huzy/My_orion/install/orion_holoocean_bridge:/home/huzy/My_orion/install/orion_mtc:/home/huzy/My_orion/install/orion_moveit_config:/home/huzy/My_orion/install/orion_description:/home/huzy/holoocean-ros/install/holoocean_main:/home/huzy/holoocean-ros/install/holoocean_interfaces:/home/huzy/holoocean-ros/install/holoocean_examples:/opt/ros/humble CMAKE_PREFIX_PATH=/home/huzy/My_orion/install/orion_moveit_config:/home/huzy/My_orion/install/orion_description:/home/huzy/My_orion/install/orion_mtc:/home/huzy/holoocean-ros/install/holoocean_interfaces:/home/huzy/My_orion/install/orion_pybullet_sim:/home/huzy/My_orion/install/orion_holoocean_bridge:/home/huzy/holoocean-ros/install/holoocean_main:/home/huzy/holoocean-ros/install/holoocean_examples:/opt/ros/humble /usr/bin/cmake --install /home/huzy/My_orion/build/orion_mtc
[1.380s] Level 1:colcon.colcon_core.environment:checking '/home/huzy/My_orion/install/orion_mtc' for CMake config files
[1.380s] Level 1:colcon.colcon_core.shell:create_environment_hook('orion_mtc', 'cmake_prefix_path')
[1.380s] INFO:colcon.colcon_core.shell:Creating environment hook '/home/huzy/My_orion/install/orion_mtc/share/orion_mtc/hook/cmake_prefix_path.ps1'
[1.381s] INFO:colcon.colcon_core.shell:Creating environment descriptor '/home/huzy/My_orion/install/orion_mtc/share/orion_mtc/hook/cmake_prefix_path.dsv'
[1.381s] INFO:colcon.colcon_core.shell:Creating environment hook '/home/huzy/My_orion/install/orion_mtc/share/orion_mtc/hook/cmake_prefix_path.sh'
[1.382s] Level 1:colcon.colcon_core.environment:checking '/home/huzy/My_orion/install/orion_mtc/lib'
[1.382s] Level 1:colcon.colcon_core.environment:checking '/home/huzy/My_orion/install/orion_mtc/bin'
[1.382s] Level 1:colcon.colcon_core.environment:checking '/home/huzy/My_orion/install/orion_mtc/lib/pkgconfig/orion_mtc.pc'
[1.383s] Level 1:colcon.colcon_core.environment:checking '/home/huzy/My_orion/install/orion_mtc/lib/python3.10/site-packages'
[1.383s] Level 1:colcon.colcon_core.environment:checking '/home/huzy/My_orion/install/orion_mtc/bin'
[1.383s] INFO:colcon.colcon_core.shell:Creating package script '/home/huzy/My_orion/install/orion_mtc/share/orion_mtc/package.ps1'
[1.383s] INFO:colcon.colcon_core.shell:Creating package descriptor '/home/huzy/My_orion/install/orion_mtc/share/orion_mtc/package.dsv'
[1.384s] INFO:colcon.colcon_core.shell:Creating package script '/home/huzy/My_orion/install/orion_mtc/share/orion_mtc/package.sh'
[1.384s] INFO:colcon.colcon_core.shell:Creating package script '/home/huzy/My_orion/install/orion_mtc/share/orion_mtc/package.bash'
[1.385s] INFO:colcon.colcon_core.shell:Creating package script '/home/huzy/My_orion/install/orion_mtc/share/orion_mtc/package.zsh'
[1.385s] Level 1:colcon.colcon_core.environment:create_file_with_runtime_dependencies(/home/huzy/My_orion/install/orion_mtc/share/colcon-core/packages/orion_mtc)
[1.385s] Level 1:colcon.colcon_core.environment:create_environment_scripts_only(orion_mtc)
[1.386s] Level 1:colcon.colcon_core.environment:checking '/home/huzy/My_orion/install/orion_mtc' for CMake module files
[1.386s] Level 1:colcon.colcon_core.environment:checking '/home/huzy/My_orion/install/orion_mtc' for CMake config files
[1.386s] Level 1:colcon.colcon_core.shell:create_environment_hook('orion_mtc', 'cmake_prefix_path')
[1.386s] INFO:colcon.colcon_core.shell:Creating environment hook '/home/huzy/My_orion/install/orion_mtc/share/orion_mtc/hook/cmake_prefix_path.ps1'
[1.387s] INFO:colcon.colcon_core.shell:Creating environment descriptor '/home/huzy/My_orion/install/orion_mtc/share/orion_mtc/hook/cmake_prefix_path.dsv'
[1.387s] INFO:colcon.colcon_core.shell:Creating environment hook '/home/huzy/My_orion/install/orion_mtc/share/orion_mtc/hook/cmake_prefix_path.sh'
[1.388s] Level 1:colcon.colcon_core.environment:checking '/home/huzy/My_orion/install/orion_mtc/lib'
[1.388s] Level 1:colcon.colcon_core.environment:checking '/home/huzy/My_orion/install/orion_mtc/bin'
[1.388s] Level 1:colcon.colcon_core.environment:checking '/home/huzy/My_orion/install/orion_mtc/lib/pkgconfig/orion_mtc.pc'
[1.388s] Level 1:colcon.colcon_core.environment:checking '/home/huzy/My_orion/install/orion_mtc/lib/python3.10/site-packages'
[1.388s] Level 1:colcon.colcon_core.environment:checking '/home/huzy/My_orion/install/orion_mtc/bin'
[1.388s] INFO:colcon.colcon_core.shell:Creating package script '/home/huzy/My_orion/install/orion_mtc/share/orion_mtc/package.ps1'
[1.389s] INFO:colcon.colcon_core.shell:Creating package descriptor '/home/huzy/My_orion/install/orion_mtc/share/orion_mtc/package.dsv'
[1.389s] INFO:colcon.colcon_core.shell:Creating package script '/home/huzy/My_orion/install/orion_mtc/share/orion_mtc/package.sh'
[1.390s] INFO:colcon.colcon_core.shell:Creating package script '/home/huzy/My_orion/install/orion_mtc/share/orion_mtc/package.bash'
[1.390s] INFO:colcon.colcon_core.shell:Creating package script '/home/huzy/My_orion/install/orion_mtc/share/orion_mtc/package.zsh'
[1.391s] Level 1:colcon.colcon_core.environment:create_file_with_runtime_dependencies(/home/huzy/My_orion/install/orion_mtc/share/colcon-core/packages/orion_mtc)
[1.391s] DEBUG:colcon.colcon_parallel_executor.executor.parallel:closing loop
[1.392s] DEBUG:colcon.colcon_parallel_executor.executor.parallel:loop closed
[1.393s] DEBUG:colcon.colcon_parallel_executor.executor.parallel:run_until_complete finished with '0'
[1.393s] DEBUG:colcon.colcon_core.event_reactor:joining thread
[1.397s] INFO:colcon.colcon_core.plugin_system:Skipping extension 'colcon_notification.desktop_notification.terminal_notifier': Not used on non-Darwin systems
[1.397s] INFO:colcon.colcon_core.plugin_system:Skipping extension 'colcon_notification.desktop_notification.win32': Not used on non-Windows systems
[1.397s] INFO:colcon.colcon_notification.desktop_notification:Sending desktop notification using 'notify2'
[1.410s] DEBUG:colcon.colcon_core.event_reactor:joined thread
[1.411s] INFO:colcon.colcon_core.shell:Creating prefix script '/home/huzy/My_orion/install/local_setup.ps1'
[1.412s] INFO:colcon.colcon_core.shell:Creating prefix util module '/home/huzy/My_orion/install/_local_setup_util_ps1.py'
[1.413s] INFO:colcon.colcon_core.shell:Creating prefix chain script '/home/huzy/My_orion/install/setup.ps1'
[1.414s] INFO:colcon.colcon_core.shell:Creating prefix script '/home/huzy/My_orion/install/local_setup.sh'
[1.415s] INFO:colcon.colcon_core.shell:Creating prefix util module '/home/huzy/My_orion/install/_local_setup_util_sh.py'
[1.416s] INFO:colcon.colcon_core.shell:Creating prefix chain script '/home/huzy/My_orion/install/setup.sh'
[1.417s] INFO:colcon.colcon_core.shell:Creating prefix script '/home/huzy/My_orion/install/local_setup.bash'
[1.418s] INFO:colcon.colcon_core.shell:Creating prefix chain script '/home/huzy/My_orion/install/setup.bash'
[1.419s] INFO:colcon.colcon_core.shell:Creating prefix script '/home/huzy/My_orion/install/local_setup.zsh'
[1.419s] INFO:colcon.colcon_core.shell:Creating prefix chain script '/home/huzy/My_orion/install/setup.zsh'
