[0.006s] Invoking command in '/home/joey/My_orion/build/orion_mtc': CMAKE_PREFIX_PATH=/home/joey/My_orion/install/orion_moveit_config:/home/joey/My_orion/install/orion_description:/home/joey/My_orion/install/orion_mtc:/opt/ros/humble /usr/bin/cmake --build /home/joey/My_orion/build/orion_mtc -- -j4 -l4
[0.043s] [100%] Built target mtc_node
[0.051s] Invoked command in '/home/joey/My_orion/build/orion_mtc' returned '0': CMAKE_PREFIX_PATH=/home/joey/My_orion/install/orion_moveit_config:/home/joey/My_orion/install/orion_description:/home/joey/My_orion/install/orion_mtc:/opt/ros/humble /usr/bin/cmake --build /home/joey/My_orion/build/orion_mtc -- -j4 -l4
[0.051s] Invoking command in '/home/joey/My_orion/build/orion_mtc': CMAKE_PREFIX_PATH=/home/joey/My_orion/install/orion_moveit_config:/home/joey/My_orion/install/orion_description:/home/joey/My_orion/install/orion_mtc:/opt/ros/humble /usr/bin/cmake --install /home/joey/My_orion/build/orion_mtc
[0.056s] -- Install configuration: ""
[0.056s] -- Up-to-date: /home/joey/My_orion/install/orion_mtc/lib/orion_mtc/mtc_node
[0.056s] -- Up-to-date: /home/joey/My_orion/install/orion_mtc/share/orion_mtc/launch
[0.057s] -- Installing: /home/joey/My_orion/install/orion_mtc/share/orion_mtc/launch/pick_place_demo.launch.py
[0.057s] -- Up-to-date: /home/joey/My_orion/install/orion_mtc/share/ament_index/resource_index/package_run_dependencies/orion_mtc
[0.057s] -- Up-to-date: /home/joey/My_orion/install/orion_mtc/share/ament_index/resource_index/parent_prefix_path/orion_mtc
[0.057s] -- Up-to-date: /home/joey/My_orion/install/orion_mtc/share/orion_mtc/environment/ament_prefix_path.sh
[0.057s] -- Up-to-date: /home/joey/My_orion/install/orion_mtc/share/orion_mtc/environment/ament_prefix_path.dsv
[0.057s] -- Up-to-date: /home/joey/My_orion/install/orion_mtc/share/orion_mtc/environment/path.sh
[0.057s] -- Up-to-date: /home/joey/My_orion/install/orion_mtc/share/orion_mtc/environment/path.dsv
[0.057s] -- Up-to-date: /home/joey/My_orion/install/orion_mtc/share/orion_mtc/local_setup.bash
[0.057s] -- Up-to-date: /home/joey/My_orion/install/orion_mtc/share/orion_mtc/local_setup.sh
[0.057s] -- Up-to-date: /home/joey/My_orion/install/orion_mtc/share/orion_mtc/local_setup.zsh
[0.057s] -- Up-to-date: /home/joey/My_orion/install/orion_mtc/share/orion_mtc/local_setup.dsv
[0.057s] -- Up-to-date: /home/joey/My_orion/install/orion_mtc/share/orion_mtc/package.dsv
[0.057s] -- Up-to-date: /home/joey/My_orion/install/orion_mtc/share/ament_index/resource_index/packages/orion_mtc
[0.057s] -- Up-to-date: /home/joey/My_orion/install/orion_mtc/share/orion_mtc/cmake/orion_mtcConfig.cmake
[0.058s] -- Up-to-date: /home/joey/My_orion/install/orion_mtc/share/orion_mtc/cmake/orion_mtcConfig-version.cmake
[0.058s] -- Up-to-date: /home/joey/My_orion/install/orion_mtc/share/orion_mtc/package.xml
[0.059s] Invoked command in '/home/joey/My_orion/build/orion_mtc' returned '0': CMAKE_PREFIX_PATH=/home/joey/My_orion/install/orion_moveit_config:/home/joey/My_orion/install/orion_description:/home/joey/My_orion/install/orion_mtc:/opt/ros/humble /usr/bin/cmake --install /home/joey/My_orion/build/orion_mtc
