[0.007s] Invoking command in '/home/joey/My_orion/build/orion_moveit_config': AMENT_PREFIX_PATH=/home/joey/My_orion/install/orion_description:${AMENT_PREFIX_PATH} CMAKE_PREFIX_PATH=/home/joey/My_orion/install/orion_description:/opt/ros/humble /usr/bin/cmake /home/joey/My_orion/src/orion_moveit_config -DCMAKE_INSTALL_PREFIX=/home/joey/My_orion/install/orion_moveit_config
[0.039s] -- The C compiler identification is GNU 11.4.0
[0.080s] -- The CXX compiler identification is GNU 11.4.0
[0.085s] -- Detecting C compiler ABI info
[0.129s] -- Detecting C compiler ABI info - done
[0.134s] -- Check for working C compiler: /usr/bin/cc - skipped
[0.134s] -- Detecting C compile features
[0.136s] -- Detecting C compile features - done
[0.136s] -- Detecting CXX compiler ABI info
[0.224s] -- Detecting CXX compiler ABI info - done
[0.233s] -- Check for working CXX compiler: /usr/bin/c++ - skipped
[0.233s] -- Detecting CXX compile features
[0.233s] -- Detecting CXX compile features - done
[0.234s] -- Found ament_cmake: 1.3.13 (/opt/ros/humble/share/ament_cmake/cmake)
[0.325s] -- Found Python3: /usr/bin/python3 (found version "3.10.12") found components: Interpreter 
[0.416s] -- Configuring done
[0.418s] -- Generating done
[0.419s] -- Build files have been written to: /home/joey/My_orion/build/orion_moveit_config
[0.421s] Invoked command in '/home/joey/My_orion/build/orion_moveit_config' returned '0': AMENT_PREFIX_PATH=/home/joey/My_orion/install/orion_description:${AMENT_PREFIX_PATH} CMAKE_PREFIX_PATH=/home/joey/My_orion/install/orion_description:/opt/ros/humble /usr/bin/cmake /home/joey/My_orion/src/orion_moveit_config -DCMAKE_INSTALL_PREFIX=/home/joey/My_orion/install/orion_moveit_config
[0.422s] Invoking command in '/home/joey/My_orion/build/orion_moveit_config': AMENT_PREFIX_PATH=/home/joey/My_orion/install/orion_description:${AMENT_PREFIX_PATH} CMAKE_PREFIX_PATH=/home/joey/My_orion/install/orion_description:/opt/ros/humble /usr/bin/cmake --build /home/joey/My_orion/build/orion_moveit_config -- -j4 -l4
[0.447s] Invoked command in '/home/joey/My_orion/build/orion_moveit_config' returned '0': AMENT_PREFIX_PATH=/home/joey/My_orion/install/orion_description:${AMENT_PREFIX_PATH} CMAKE_PREFIX_PATH=/home/joey/My_orion/install/orion_description:/opt/ros/humble /usr/bin/cmake --build /home/joey/My_orion/build/orion_moveit_config -- -j4 -l4
[0.447s] Invoking command in '/home/joey/My_orion/build/orion_moveit_config': AMENT_PREFIX_PATH=/home/joey/My_orion/install/orion_description:${AMENT_PREFIX_PATH} CMAKE_PREFIX_PATH=/home/joey/My_orion/install/orion_description:/opt/ros/humble /usr/bin/cmake --install /home/joey/My_orion/build/orion_moveit_config
[0.451s] -- Install configuration: ""
[0.451s] -- Installing: /home/joey/My_orion/install/orion_moveit_config/share/orion_moveit_config/config
[0.451s] -- Installing: /home/joey/My_orion/install/orion_moveit_config/share/orion_moveit_config/config/joint_limits.yaml
[0.451s] -- Installing: /home/joey/My_orion/install/orion_moveit_config/share/orion_moveit_config/config/kinematics.yaml
[0.451s] -- Installing: /home/joey/My_orion/install/orion_moveit_config/share/orion_moveit_config/config/orion.srdf
[0.452s] -- Installing: /home/joey/My_orion/install/orion_moveit_config/share/orion_moveit_config/config/ompl_planning.yaml
[0.452s] -- Installing: /home/joey/My_orion/install/orion_moveit_config/share/orion_moveit_config/launch
[0.452s] -- Installing: /home/joey/My_orion/install/orion_moveit_config/share/orion_moveit_config/launch/demo.launch.py
[0.452s] -- Installing: /home/joey/My_orion/install/orion_moveit_config/share/ament_index/resource_index/package_run_dependencies/orion_moveit_config
[0.452s] -- Installing: /home/joey/My_orion/install/orion_moveit_config/share/ament_index/resource_index/parent_prefix_path/orion_moveit_config
[0.452s] -- Installing: /home/joey/My_orion/install/orion_moveit_config/share/orion_moveit_config/environment/ament_prefix_path.sh
[0.452s] -- Installing: /home/joey/My_orion/install/orion_moveit_config/share/orion_moveit_config/environment/ament_prefix_path.dsv
[0.452s] -- Installing: /home/joey/My_orion/install/orion_moveit_config/share/orion_moveit_config/environment/path.sh
[0.452s] -- Installing: /home/joey/My_orion/install/orion_moveit_config/share/orion_moveit_config/environment/path.dsv
[0.452s] -- Installing: /home/joey/My_orion/install/orion_moveit_config/share/orion_moveit_config/local_setup.bash
[0.452s] -- Installing: /home/joey/My_orion/install/orion_moveit_config/share/orion_moveit_config/local_setup.sh
[0.452s] -- Installing: /home/joey/My_orion/install/orion_moveit_config/share/orion_moveit_config/local_setup.zsh
[0.452s] -- Installing: /home/joey/My_orion/install/orion_moveit_config/share/orion_moveit_config/local_setup.dsv
[0.452s] -- Installing: /home/joey/My_orion/install/orion_moveit_config/share/orion_moveit_config/package.dsv
[0.452s] -- Installing: /home/joey/My_orion/install/orion_moveit_config/share/ament_index/resource_index/packages/orion_moveit_config
[0.452s] -- Installing: /home/joey/My_orion/install/orion_moveit_config/share/orion_moveit_config/cmake/orion_moveit_configConfig.cmake
[0.452s] -- Installing: /home/joey/My_orion/install/orion_moveit_config/share/orion_moveit_config/cmake/orion_moveit_configConfig-version.cmake
[0.452s] -- Installing: /home/joey/My_orion/install/orion_moveit_config/share/orion_moveit_config/package.xml
[0.454s] Invoked command in '/home/joey/My_orion/build/orion_moveit_config' returned '0': AMENT_PREFIX_PATH=/home/joey/My_orion/install/orion_description:${AMENT_PREFIX_PATH} CMAKE_PREFIX_PATH=/home/joey/My_orion/install/orion_description:/opt/ros/humble /usr/bin/cmake --install /home/joey/My_orion/build/orion_moveit_config
