[0.023s] Invoking command in '/home/huzy/My_orion/build/orion_moveit_config': AMENT_PREFIX_PATH=/home/huzy/My_orion/install/orion_description:${AMENT_PREFIX_PATH} CMAKE_PREFIX_PATH=/home/huzy/My_orion/install/orion_description:/opt/ros/humble /usr/bin/cmake /home/huzy/My_orion/src/orion_moveit_config -DAMENT_CMAKE_SYMLINK_INSTALL=1 -DCMAKE_INSTALL_PREFIX=/home/huzy/My_orion/install/orion_moveit_config
[0.155s] -- The C compiler identification is GNU 11.4.0
[0.260s] -- The CXX compiler identification is GNU 11.4.0
[0.275s] -- Detecting C compiler ABI info
[0.456s] -- Detecting C compiler ABI info - done
[0.463s] -- Check for working C compiler: /usr/bin/cc - skipped
[0.463s] -- Detecting C compile features
[0.464s] -- Detecting C compile features - done
[0.466s] -- Detecting CXX compiler ABI info
[0.651s] -- Detecting CXX compiler ABI info - done
[0.656s] -- Check for working CXX compiler: /usr/bin/c++ - skipped
[0.656s] -- Detecting CXX compile features
[0.656s] -- Detecting CXX compile features - done
[0.659s] -- Found ament_cmake: 1.3.12 (/opt/ros/humble/share/ament_cmake/cmake)
[0.842s] -- Found Python3: /usr/bin/python3 (found version "3.10.12") found components: Interpreter 
[0.904s] -- Override CMake install command with custom implementation using symlinks instead of copying resources
[1.007s] -- Configuring done
[1.010s] -- Generating done
[1.012s] -- Build files have been written to: /home/huzy/My_orion/build/orion_moveit_config
[1.018s] Invoked command in '/home/huzy/My_orion/build/orion_moveit_config' returned '0': AMENT_PREFIX_PATH=/home/huzy/My_orion/install/orion_description:${AMENT_PREFIX_PATH} CMAKE_PREFIX_PATH=/home/huzy/My_orion/install/orion_description:/opt/ros/humble /usr/bin/cmake /home/huzy/My_orion/src/orion_moveit_config -DAMENT_CMAKE_SYMLINK_INSTALL=1 -DCMAKE_INSTALL_PREFIX=/home/huzy/My_orion/install/orion_moveit_config
[1.019s] Invoking command in '/home/huzy/My_orion/build/orion_moveit_config': AMENT_PREFIX_PATH=/home/huzy/My_orion/install/orion_description:${AMENT_PREFIX_PATH} CMAKE_PREFIX_PATH=/home/huzy/My_orion/install/orion_description:/opt/ros/humble /usr/bin/cmake --build /home/huzy/My_orion/build/orion_moveit_config -- -j8 -l8
[1.119s] Invoked command in '/home/huzy/My_orion/build/orion_moveit_config' returned '0': AMENT_PREFIX_PATH=/home/huzy/My_orion/install/orion_description:${AMENT_PREFIX_PATH} CMAKE_PREFIX_PATH=/home/huzy/My_orion/install/orion_description:/opt/ros/humble /usr/bin/cmake --build /home/huzy/My_orion/build/orion_moveit_config -- -j8 -l8
[1.120s] Invoking command in '/home/huzy/My_orion/build/orion_moveit_config': AMENT_PREFIX_PATH=/home/huzy/My_orion/install/orion_description:${AMENT_PREFIX_PATH} CMAKE_PREFIX_PATH=/home/huzy/My_orion/install/orion_description:/opt/ros/humble /usr/bin/cmake --install /home/huzy/My_orion/build/orion_moveit_config
[1.139s] -- Install configuration: ""
[1.139s] -- Execute custom install script
[1.140s] -- Symlinking: /home/huzy/My_orion/install/orion_moveit_config/share/orion_moveit_config/config/joint_limits.yaml
[1.160s] -- Symlinking: /home/huzy/My_orion/install/orion_moveit_config/share/orion_moveit_config/config/kinematics.yaml
[1.179s] -- Symlinking: /home/huzy/My_orion/install/orion_moveit_config/share/orion_moveit_config/config/moveit.rviz
[1.199s] -- Symlinking: /home/huzy/My_orion/install/orion_moveit_config/share/orion_moveit_config/config/moveit_controllers.yaml
[1.219s] -- Symlinking: /home/huzy/My_orion/install/orion_moveit_config/share/orion_moveit_config/config/ompl_planning.yaml
[1.241s] -- Symlinking: /home/huzy/My_orion/install/orion_moveit_config/share/orion_moveit_config/config/orion.srdf
[1.261s] -- Symlinking: /home/huzy/My_orion/install/orion_moveit_config/share/orion_moveit_config/launch/demo.launch.py
[1.280s] -- Symlinking: /home/huzy/My_orion/install/orion_moveit_config/share/ament_index/resource_index/package_run_dependencies/orion_moveit_config
[1.301s] -- Symlinking: /home/huzy/My_orion/install/orion_moveit_config/share/ament_index/resource_index/parent_prefix_path/orion_moveit_config
[1.321s] -- Symlinking: /home/huzy/My_orion/install/orion_moveit_config/share/orion_moveit_config/environment/ament_prefix_path.sh
[1.341s] -- Symlinking: /home/huzy/My_orion/install/orion_moveit_config/share/orion_moveit_config/environment/ament_prefix_path.dsv
[1.365s] -- Symlinking: /home/huzy/My_orion/install/orion_moveit_config/share/orion_moveit_config/environment/path.sh
[1.388s] -- Symlinking: /home/huzy/My_orion/install/orion_moveit_config/share/orion_moveit_config/environment/path.dsv
[1.407s] -- Symlinking: /home/huzy/My_orion/install/orion_moveit_config/share/orion_moveit_config/local_setup.bash
[1.426s] -- Symlinking: /home/huzy/My_orion/install/orion_moveit_config/share/orion_moveit_config/local_setup.sh
[1.449s] -- Symlinking: /home/huzy/My_orion/install/orion_moveit_config/share/orion_moveit_config/local_setup.zsh
[1.468s] -- Symlinking: /home/huzy/My_orion/install/orion_moveit_config/share/orion_moveit_config/local_setup.dsv
[1.488s] -- Symlinking: /home/huzy/My_orion/install/orion_moveit_config/share/orion_moveit_config/package.dsv
[1.508s] -- Symlinking: /home/huzy/My_orion/install/orion_moveit_config/share/ament_index/resource_index/packages/orion_moveit_config
[1.528s] -- Symlinking: /home/huzy/My_orion/install/orion_moveit_config/share/orion_moveit_config/cmake/orion_moveit_configConfig.cmake
[1.549s] -- Symlinking: /home/huzy/My_orion/install/orion_moveit_config/share/orion_moveit_config/cmake/orion_moveit_configConfig-version.cmake
[1.567s] -- Symlinking: /home/huzy/My_orion/install/orion_moveit_config/share/orion_moveit_config/package.xml
[1.592s] Invoked command in '/home/huzy/My_orion/build/orion_moveit_config' returned '0': AMENT_PREFIX_PATH=/home/huzy/My_orion/install/orion_description:${AMENT_PREFIX_PATH} CMAKE_PREFIX_PATH=/home/huzy/My_orion/install/orion_description:/opt/ros/humble /usr/bin/cmake --install /home/huzy/My_orion/build/orion_moveit_config
