[0.000000] (-) TimerEvent: {}
[0.000390] (-) JobUnselected: {'identifier': 'orion_description'}
[0.000655] (-) JobUnselected: {'identifier': 'orion_moveit_config'}
[0.000684] (-) JobUnselected: {'identifier': 'orion_pybullet_sim'}
[0.000712] (orion_mtc) JobQueued: {'identifier': 'orion_mtc', 'dependencies': OrderedDict([('orion_description', '/home/huzy/My_orion/install/orion_description'), ('orion_moveit_config', '/home/huzy/My_orion/install/orion_moveit_config'), ('orion_pybullet_sim', '/home/huzy/My_orion/install/orion_pybullet_sim')])}
[0.001021] (orion_mtc) JobStarted: {'identifier': 'orion_mtc'}
[0.035227] (orion_mtc) JobProgress: {'identifier': 'orion_mtc', 'progress': 'cmake'}
[0.036114] (orion_mtc) JobProgress: {'identifier': 'orion_mtc', 'progress': 'build'}
[0.036936] (orion_mtc) Command: {'cmd': ['/usr/bin/cmake', '--build', '/home/huzy/My_orion/build/orion_mtc', '--', '-j8', '-l8'], 'cwd': '/home/huzy/My_orion/build/orion_mtc', 'env': OrderedDict([('GJS_DEBUG_TOPICS', 'JS ERROR;JS LOG'), ('LESSOPEN', '| /usr/bin/lesspipe %s'), ('VSCODE_CWD', '/home/huzy'), ('CURSOR_EXTENSION_HOST_ROLE', 'agent-exec'), ('VSCODE_ESM_ENTRYPOINT', 'vs/workbench/api/node/extensionHostProcess'), ('LANGUAGE', 'zh_CN:en_AU:en_US:en'), ('USER', 'huzy'), ('LC_TIME', 'zh_CN.UTF-8'), ('VSCODE_NLS_CONFIG', '{"userLocale":"zh-cn","osLocale":"zh-cn","resolvedLanguage":"zh-cn","defaultMessagesFile":"/tmp/.mount_CursorUXtYWI/usr/share/cursor/resources/app/out/nls.messages.json","languagePack":{"translationsConfigFile":"/home/huzy/.config/Cursor/clp/3bfb7f1471a52e527cfc1587dd57c7c1.zh-cn/tcf.json","messagesFile":"/home/huzy/.config/Cursor/clp/3bfb7f1471a52e527cfc1587dd57c7c1.zh-cn/8c95649f251a168cc4bb34c89531fae7db4bd990/nls.messages.json","corruptMarkerFile":"/home/huzy/.config/Cursor/clp/3bfb7f1471a52e527cfc1587dd57c7c1.zh-cn/corrupted.info"},"locale":"zh-cn","availableLanguages":{"*":"zh-cn"},"_languagePackId":"3bfb7f1471a52e527cfc1587dd57c7c1.zh-cn","_languagePackSupport":true,"_translationsConfigFile":"/home/huzy/.config/Cursor/clp/3bfb7f1471a52e527cfc1587dd57c7c1.zh-cn/tcf.json","_cacheRoot":"/home/huzy/.config/Cursor/clp/3bfb7f1471a52e527cfc1587dd57c7c1.zh-cn","_resolvedLanguagePackCoreLocation":"/home/huzy/.config/Cursor/clp/3bfb7f1471a52e527cfc1587dd57c7c1.zh-cn/8c95649f251a168cc4bb34c89531fae7db4bd990","_corruptedFile":"/home/huzy/.config/Cursor/clp/3bfb7f1471a52e527cfc1587dd57c7c1.zh-cn/corrupted.info"}'), ('CI', '1'), ('VSCODE_HANDLES_UNCAUGHT_ERRORS', 'true'), ('XDG_SESSION_TYPE', 'wayland'), ('SHLVL', '1'), ('LD_LIBRARY_PATH', '/usr/lib/x86_64-linux-gnu/gazebo-11/plugins:/opt/ros/humble/opt/rviz_ogre_vendor/lib:/opt/ros/humble/lib/x86_64-linux-gnu:/opt/ros/humble/lib:/tmp/.mount_CursorUXtYWI/usr/lib/:/tmp/.mount_CursorUXtYWI/usr/lib32/:/tmp/.mount_CursorUXtYWI/usr/lib64/:/tmp/.mount_CursorUXtYWI/lib/:/tmp/.mount_CursorUXtYWI/lib/i386-linux-gnu/:/tmp/.mount_CursorUXtYWI/lib/x86_64-linux-gnu/:/tmp/.mount_CursorUXtYWI/lib/aarch64-linux-gnu/:/tmp/.mount_CursorUXtYWI/lib32/:/tmp/.mount_CursorUXtYWI/lib64/:'), ('HOME', '/home/huzy'), ('CHROME_DESKTOP', 'cursor.desktop'), ('APPDIR', '/tmp/.mount_CursorUXtYWI'), ('OLDPWD', '/home/huzy/My_orion'), ('DESKTOP_SESSION', 'ubuntu'), ('PERLLIB', '/tmp/.mount_CursorUXtYWI/usr/share/perl5/:/tmp/.mount_CursorUXtYWI/usr/lib/perl5/:'), ('VSCODE_IPC_HOOK', '/run/user/1000/vscode-294d73a8-2.6.-main.sock'), ('GIO_LAUNCHED_DESKTOP_FILE', '/home/huzy/.local/share/applications/cursor-ime.desktop'), ('ROS_PYTHON_VERSION', '3'), ('GNOME_SHELL_SESSION_MODE', 'ubuntu'), ('GTK_MODULES', 'gail:atk-bridge'), ('SDL_IM_MODULE', 'fcitx'), ('LC_MONETARY', 'zh_CN.UTF-8'), ('CURSOR_WORKSPACE_LABEL', 'My_orion'), ('MANAGERPID', '1530'), ('SYSTEMD_EXEC_PID', '1714'), ('IM_CONFIG_CHECK_ENV', '1'), ('NO_COLOR', '1'), ('DBUS_SESSION_BUS_ADDRESS', 'unix:path=/run/user/1000/bus'), ('GIO_LAUNCHED_DESKTOP_FILE_PID', '2990'), ('VSCODE_CRASH_REPORTER_PROCESS_TYPE', 'extensionHost'), ('IM_CONFIG_PHASE', '1'), ('WAYLAND_DISPLAY', 'wayland-0'), ('COLCON_PREFIX_PATH', '/home/huzy/My_orion/install'), ('ROS_DISTRO', 'humble'), ('GTK_IM_MODULE', 'fcitx'), ('LOGNAME', 'huzy'), ('FORCE_COLOR', '0'), ('OWD', '/home/huzy'), ('JOURNAL_STREAM', '8:25737'), ('_', '/usr/bin/colcon'), ('ROS_VERSION', '2'), ('XDG_SESSION_CLASS', 'user'), ('USERNAME', 'huzy'), ('TERM', 'dumb'), ('GNOME_DESKTOP_SESSION_ID', 'this-is-deprecated'), ('FC_FONTATIONS', '1'), ('ROS_LOCALHOST_ONLY', '0'), ('PATH', '/home/huzy/.local/bin:/home/huzy/bin:/home/huzy/bin:/home/huzy/.local/bin:/home/huzy/bin:/home/huzy/bin:/opt/ros/humble/bin:/tmp/.mount_CursorUXtYWI/usr/bin/:/tmp/.mount_CursorUXtYWI/usr/sbin/:/tmp/.mount_CursorUXtYWI/usr/games/:/tmp/.mount_CursorUXtYWI/bin/:/tmp/.mount_CursorUXtYWI/sbin/:/home/huzy/.local/bin:/home/huzy/bin:/usr/local/sbin:/usr/local/bin:/usr/sbin:/usr/bin:/sbin:/bin:/usr/games:/usr/local/games:/snap/bin:/snap/bin'), ('SESSION_MANAGER', 'local/huzy-virtual-machine:@/tmp/.ICE-unix/1679,unix/huzy-virtual-machine:/tmp/.ICE-unix/1679'), ('INVOCATION_ID', '826d726d6f664b3f89826df4c6724b2b'), ('PAPERSIZE', 'a4'), ('APPIMAGE', '/home/huzy/Downloads/Cursor-1.4.5-x86_64.AppImage'), ('XDG_MENU_PREFIX', 'gnome-'), ('LC_ADDRESS', 'zh_CN.UTF-8'), ('VSCODE_PROCESS_TITLE', 'extension-host (agent-exec) My_orion [1-3]'), ('GNOME_SETUP_DISPLAY', ':1'), ('XDG_RUNTIME_DIR', '/run/user/1000'), ('GDK_BACKEND', 'x11'), ('CURSOR_AGENT', '1'), ('DISPLAY', ':0'), ('LANG', 'zh_CN.UTF-8'), ('XDG_CURRENT_DESKTOP', 'ubuntu:GNOME'), ('LC_TELEPHONE', 'zh_CN.UTF-8'), ('XMODIFIERS', '@im=fcitx'), ('XDG_SESSION_DESKTOP', 'ubuntu'), ('XAUTHORITY', '/run/user/1000/.mutter-Xwaylandauth.LF0LL3'), ('LS_COLORS', ''), ('CURSOR_TRACE_ID', 'd42350f5f41c41808637c56825ce7e0d'), ('SSH_AGENT_LAUNCHER', 'gnome-keyring'), ('SSH_AUTH_SOCK', '/run/user/1000/keyring/ssh'), ('GSETTINGS_SCHEMA_DIR', '/tmp/.mount_CursorUXtYWI/usr/share/glib-2.0/schemas/:'), ('AMENT_PREFIX_PATH', '/home/huzy/My_orion/install/orion_pybullet_sim:/home/huzy/My_orion/install/orion_mtc:/home/huzy/My_orion/install/orion_moveit_config:/home/huzy/My_orion/install/orion_description:/opt/ros/humble'), ('SHELL', '/bin/bash'), ('LC_NAME', 'zh_CN.UTF-8'), ('ARGV0', '/home/huzy/Downloads/Cursor-1.4.5-x86_64.AppImage'), ('QT_ACCESSIBILITY', '1'), ('GDMSESSION', 'ubuntu'), ('LESSCLOSE', '/usr/bin/lesspipe %s %s'), ('LC_MEASUREMENT', 'zh_CN.UTF-8'), ('GJS_DEBUG_OUTPUT', 'stderr'), ('LC_IDENTIFICATION', 'zh_CN.UTF-8'), ('QT_IM_MODULE', 'fcitx'), ('PWD', '/home/huzy/My_orion/build/orion_mtc'), ('XDG_CONFIG_DIRS', '/etc/xdg/xdg-ubuntu:/etc/xdg'), ('VSCODE_CODE_CACHE_PATH', '/home/huzy/.config/Cursor/CachedData/8c95649f251a168cc4bb34c89531fae7db4bd990'), ('CLUTTER_IM_MODULE', 'fcitx'), ('XDG_DATA_DIRS', '/tmp/.mount_CursorUXtYWI/usr/share/:/usr/local/share:/usr/share:/usr/share/ubuntu:/usr/local/share/:/usr/share/:/var/lib/snapd/desktop'), ('PYTHONPATH', '/home/huzy/My_orion/install/orion_pybullet_sim/lib/python3.10/site-packages:/opt/ros/humble/lib/python3.10/site-packages:/opt/ros/humble/local/lib/python3.10/dist-packages'), ('LC_NUMERIC', 'zh_CN.UTF-8'), ('LC_PAPER', 'zh_CN.UTF-8'), ('QT_PLUGIN_PATH', '/tmp/.mount_CursorUXtYWI/usr/lib/qt4/plugins/:/tmp/.mount_CursorUXtYWI/usr/lib/i386-linux-gnu/qt4/plugins/:/tmp/.mount_CursorUXtYWI/usr/lib/x86_64-linux-gnu/qt4/plugins/:/tmp/.mount_CursorUXtYWI/usr/lib/aarch64-linux-gnu/qt4/plugins/:/tmp/.mount_CursorUXtYWI/usr/lib32/qt4/plugins/:/tmp/.mount_CursorUXtYWI/usr/lib64/qt4/plugins/:/tmp/.mount_CursorUXtYWI/usr/lib/qt5/plugins/:/tmp/.mount_CursorUXtYWI/usr/lib/i386-linux-gnu/qt5/plugins/:/tmp/.mount_CursorUXtYWI/usr/lib/x86_64-linux-gnu/qt5/plugins/:/tmp/.mount_CursorUXtYWI/usr/lib/aarch64-linux-gnu/qt5/plugins/:/tmp/.mount_CursorUXtYWI/usr/lib32/qt5/plugins/:/tmp/.mount_CursorUXtYWI/usr/lib64/qt5/plugins/:'), ('COLCON', '1'), ('_ZO_DOCTOR', '0'), ('CMAKE_PREFIX_PATH', '/home/huzy/My_orion/install/orion_moveit_config:/home/huzy/My_orion/install/orion_description:/home/huzy/My_orion/install/orion_mtc:/home/huzy/My_orion/install/orion_pybullet_sim:/opt/ros/humble'), ('VSCODE_PID', '2990')]), 'shell': False}
[0.099966] (-) TimerEvent: {}
[0.183711] (orion_mtc) StdoutLine: {'line': b'Consolidate compiler generated dependencies of target mtc_node\n'}
[0.200096] (-) TimerEvent: {}
[0.235337] (orion_mtc) StdoutLine: {'line': b'[ 50%] Building CXX object CMakeFiles/mtc_node.dir/src/mtc_node.cpp.o\n'}
[0.300223] (-) TimerEvent: {}
[0.400458] (-) TimerEvent: {}
[0.500712] (-) TimerEvent: {}
[0.600986] (-) TimerEvent: {}
[0.701255] (-) TimerEvent: {}
[0.801516] (-) TimerEvent: {}
[0.901945] (-) TimerEvent: {}
[1.002238] (-) TimerEvent: {}
[1.102484] (-) TimerEvent: {}
[1.202741] (-) TimerEvent: {}
[1.303031] (-) TimerEvent: {}
[1.403275] (-) TimerEvent: {}
[1.503528] (-) TimerEvent: {}
[1.603784] (-) TimerEvent: {}
[1.704092] (-) TimerEvent: {}
[1.804346] (-) TimerEvent: {}
[1.904579] (-) TimerEvent: {}
[2.004832] (-) TimerEvent: {}
[2.105087] (-) TimerEvent: {}
[2.205347] (-) TimerEvent: {}
[2.305616] (-) TimerEvent: {}
[2.405878] (-) TimerEvent: {}
[2.506136] (-) TimerEvent: {}
[2.606384] (-) TimerEvent: {}
[2.706640] (-) TimerEvent: {}
[2.806890] (-) TimerEvent: {}
[2.907156] (-) TimerEvent: {}
[3.007413] (-) TimerEvent: {}
[3.107781] (-) TimerEvent: {}
[3.208075] (-) TimerEvent: {}
[3.308392] (-) TimerEvent: {}
[3.408955] (-) TimerEvent: {}
[3.509193] (-) TimerEvent: {}
[3.609437] (-) TimerEvent: {}
[3.709730] (-) TimerEvent: {}
[3.810353] (-) TimerEvent: {}
[3.910606] (-) TimerEvent: {}
[4.010952] (-) TimerEvent: {}
[4.111222] (-) TimerEvent: {}
[4.211555] (-) TimerEvent: {}
[4.312380] (-) TimerEvent: {}
[4.412658] (-) TimerEvent: {}
[4.513893] (-) TimerEvent: {}
[4.614136] (-) TimerEvent: {}
[4.714393] (-) TimerEvent: {}
[4.815016] (-) TimerEvent: {}
[4.915266] (-) TimerEvent: {}
[5.015500] (-) TimerEvent: {}
[5.115749] (-) TimerEvent: {}
[5.216106] (-) TimerEvent: {}
[5.316350] (-) TimerEvent: {}
[5.416631] (-) TimerEvent: {}
[5.516895] (-) TimerEvent: {}
[5.617151] (-) TimerEvent: {}
[5.717400] (-) TimerEvent: {}
[5.817640] (-) TimerEvent: {}
[5.917887] (-) TimerEvent: {}
[6.018131] (-) TimerEvent: {}
[6.118435] (-) TimerEvent: {}
[6.218722] (-) TimerEvent: {}
[6.319400] (-) TimerEvent: {}
[6.419651] (-) TimerEvent: {}
[6.519851] (-) TimerEvent: {}
[6.620113] (-) TimerEvent: {}
[6.720367] (-) TimerEvent: {}
[6.820617] (-) TimerEvent: {}
[6.920844] (-) TimerEvent: {}
[7.021106] (-) TimerEvent: {}
[7.121340] (-) TimerEvent: {}
[7.221701] (-) TimerEvent: {}
[7.322022] (-) TimerEvent: {}
[7.422420] (-) TimerEvent: {}
[7.522700] (-) TimerEvent: {}
[7.623029] (-) TimerEvent: {}
[7.723325] (-) TimerEvent: {}
[7.823575] (-) TimerEvent: {}
[7.923823] (-) TimerEvent: {}
[8.024139] (-) TimerEvent: {}
[8.124380] (-) TimerEvent: {}
[8.224736] (-) TimerEvent: {}
[8.325008] (-) TimerEvent: {}
[8.425264] (-) TimerEvent: {}
[8.525519] (-) TimerEvent: {}
[8.625824] (-) TimerEvent: {}
[8.726101] (-) TimerEvent: {}
[8.826350] (-) TimerEvent: {}
[8.926587] (-) TimerEvent: {}
[9.026859] (-) TimerEvent: {}
[9.127337] (-) TimerEvent: {}
[9.227607] (-) TimerEvent: {}
[9.327860] (-) TimerEvent: {}
[9.428107] (-) TimerEvent: {}
[9.528366] (-) TimerEvent: {}
[9.628615] (-) TimerEvent: {}
[9.728910] (-) TimerEvent: {}
[9.829164] (-) TimerEvent: {}
[9.929412] (-) TimerEvent: {}
[10.029668] (-) TimerEvent: {}
[10.129946] (-) TimerEvent: {}
[10.230186] (-) TimerEvent: {}
[10.330440] (-) TimerEvent: {}
[10.430694] (-) TimerEvent: {}
[10.530969] (-) TimerEvent: {}
[10.631211] (-) TimerEvent: {}
[10.731448] (-) TimerEvent: {}
[10.831706] (-) TimerEvent: {}
[10.931988] (-) TimerEvent: {}
[11.032225] (-) TimerEvent: {}
[11.132463] (-) TimerEvent: {}
[11.232745] (-) TimerEvent: {}
[11.333033] (-) TimerEvent: {}
[11.433320] (-) TimerEvent: {}
[11.533590] (-) TimerEvent: {}
[11.633846] (-) TimerEvent: {}
[11.734101] (-) TimerEvent: {}
[11.834348] (-) TimerEvent: {}
[11.934777] (-) TimerEvent: {}
[12.035150] (-) TimerEvent: {}
[12.135401] (-) TimerEvent: {}
[12.235642] (-) TimerEvent: {}
[12.335895] (-) TimerEvent: {}
[12.436136] (-) TimerEvent: {}
[12.536387] (-) TimerEvent: {}
[12.636648] (-) TimerEvent: {}
[12.736962] (-) TimerEvent: {}
[12.837234] (-) TimerEvent: {}
[12.937500] (-) TimerEvent: {}
[13.037764] (-) TimerEvent: {}
[13.138065] (-) TimerEvent: {}
[13.238321] (-) TimerEvent: {}
[13.338609] (-) TimerEvent: {}
[13.438874] (-) TimerEvent: {}
[13.539119] (-) TimerEvent: {}
[13.639373] (-) TimerEvent: {}
[13.739623] (-) TimerEvent: {}
[13.839895] (-) TimerEvent: {}
[13.940193] (-) TimerEvent: {}
[14.040447] (-) TimerEvent: {}
[14.140702] (-) TimerEvent: {}
[14.240973] (-) TimerEvent: {}
[14.341243] (-) TimerEvent: {}
[14.441523] (-) TimerEvent: {}
[14.541905] (-) TimerEvent: {}
[14.642125] (-) TimerEvent: {}
[14.742380] (-) TimerEvent: {}
[14.842751] (-) TimerEvent: {}
[14.943116] (-) TimerEvent: {}
[15.043396] (-) TimerEvent: {}
[15.143643] (-) TimerEvent: {}
[15.243859] (-) TimerEvent: {}
[15.344136] (-) TimerEvent: {}
[15.444385] (-) TimerEvent: {}
[15.544619] (-) TimerEvent: {}
[15.644881] (-) TimerEvent: {}
[15.745098] (-) TimerEvent: {}
[15.845325] (-) TimerEvent: {}
[15.945557] (-) TimerEvent: {}
[16.045791] (-) TimerEvent: {}
[16.146042] (-) TimerEvent: {}
[16.246276] (-) TimerEvent: {}
[16.346625] (-) TimerEvent: {}
[16.446850] (-) TimerEvent: {}
[16.547075] (-) TimerEvent: {}
[16.647314] (-) TimerEvent: {}
[16.747548] (-) TimerEvent: {}
[16.847779] (-) TimerEvent: {}
[16.948041] (-) TimerEvent: {}
[17.048272] (-) TimerEvent: {}
[17.148568] (-) TimerEvent: {}
[17.248824] (-) TimerEvent: {}
[17.349179] (-) TimerEvent: {}
[17.449555] (-) TimerEvent: {}
[17.549816] (-) TimerEvent: {}
[17.650197] (-) TimerEvent: {}
[17.750422] (-) TimerEvent: {}
[17.850709] (-) TimerEvent: {}
[17.951103] (-) TimerEvent: {}
[18.051342] (-) TimerEvent: {}
[18.151609] (-) TimerEvent: {}
[18.251916] (-) TimerEvent: {}
[18.352129] (-) TimerEvent: {}
[18.452360] (-) TimerEvent: {}
[18.552755] (-) TimerEvent: {}
[18.653185] (-) TimerEvent: {}
[18.754107] (-) TimerEvent: {}
[18.854392] (-) TimerEvent: {}
[18.954871] (-) TimerEvent: {}
[19.055215] (-) TimerEvent: {}
[19.155460] (-) TimerEvent: {}
[19.255718] (-) TimerEvent: {}
[19.355985] (-) TimerEvent: {}
[19.456236] (-) TimerEvent: {}
[19.556613] (-) TimerEvent: {}
[19.656900] (-) TimerEvent: {}
[19.757221] (-) TimerEvent: {}
[19.857508] (-) TimerEvent: {}
[19.957777] (-) TimerEvent: {}
[20.058078] (-) TimerEvent: {}
[20.158321] (-) TimerEvent: {}
[20.258705] (-) TimerEvent: {}
[20.359076] (-) TimerEvent: {}
[20.459322] (-) TimerEvent: {}
[20.559561] (-) TimerEvent: {}
[20.659803] (-) TimerEvent: {}
[20.760331] (-) TimerEvent: {}
[20.860579] (-) TimerEvent: {}
[20.960833] (-) TimerEvent: {}
[21.061135] (-) TimerEvent: {}
[21.161385] (-) TimerEvent: {}
[21.262261] (-) TimerEvent: {}
[21.362562] (-) TimerEvent: {}
[21.462836] (-) TimerEvent: {}
[21.563069] (-) TimerEvent: {}
[21.663326] (-) TimerEvent: {}
[21.763740] (-) TimerEvent: {}
[21.864036] (-) TimerEvent: {}
[21.964306] (-) TimerEvent: {}
[22.064551] (-) TimerEvent: {}
[22.164991] (-) TimerEvent: {}
[22.265248] (-) TimerEvent: {}
[22.365590] (-) TimerEvent: {}
[22.465886] (-) TimerEvent: {}
[22.492356] (orion_mtc) StdoutLine: {'line': b'[100%] Linking CXX executable mtc_node\n'}
[22.566025] (-) TimerEvent: {}
[22.666282] (-) TimerEvent: {}
[22.766646] (-) TimerEvent: {}
[22.866961] (-) TimerEvent: {}
[22.967261] (-) TimerEvent: {}
[23.067540] (-) TimerEvent: {}
[23.167799] (-) TimerEvent: {}
[23.268082] (-) TimerEvent: {}
[23.368482] (-) TimerEvent: {}
[23.469272] (-) TimerEvent: {}
[23.569562] (-) TimerEvent: {}
[23.669823] (-) TimerEvent: {}
[23.770229] (-) TimerEvent: {}
[23.872438] (-) TimerEvent: {}
[23.972736] (-) TimerEvent: {}
[24.073090] (-) TimerEvent: {}
[24.088227] (orion_mtc) StdoutLine: {'line': b'[100%] Built target mtc_node\n'}
[24.115189] (orion_mtc) CommandEnded: {'returncode': 0}
[24.116783] (orion_mtc) JobProgress: {'identifier': 'orion_mtc', 'progress': 'install'}
[24.147464] (orion_mtc) Command: {'cmd': ['/usr/bin/cmake', '--install', '/home/huzy/My_orion/build/orion_mtc'], 'cwd': '/home/huzy/My_orion/build/orion_mtc', 'env': OrderedDict([('GJS_DEBUG_TOPICS', 'JS ERROR;JS LOG'), ('LESSOPEN', '| /usr/bin/lesspipe %s'), ('VSCODE_CWD', '/home/huzy'), ('CURSOR_EXTENSION_HOST_ROLE', 'agent-exec'), ('VSCODE_ESM_ENTRYPOINT', 'vs/workbench/api/node/extensionHostProcess'), ('LANGUAGE', 'zh_CN:en_AU:en_US:en'), ('USER', 'huzy'), ('LC_TIME', 'zh_CN.UTF-8'), ('VSCODE_NLS_CONFIG', '{"userLocale":"zh-cn","osLocale":"zh-cn","resolvedLanguage":"zh-cn","defaultMessagesFile":"/tmp/.mount_CursorUXtYWI/usr/share/cursor/resources/app/out/nls.messages.json","languagePack":{"translationsConfigFile":"/home/huzy/.config/Cursor/clp/3bfb7f1471a52e527cfc1587dd57c7c1.zh-cn/tcf.json","messagesFile":"/home/huzy/.config/Cursor/clp/3bfb7f1471a52e527cfc1587dd57c7c1.zh-cn/8c95649f251a168cc4bb34c89531fae7db4bd990/nls.messages.json","corruptMarkerFile":"/home/huzy/.config/Cursor/clp/3bfb7f1471a52e527cfc1587dd57c7c1.zh-cn/corrupted.info"},"locale":"zh-cn","availableLanguages":{"*":"zh-cn"},"_languagePackId":"3bfb7f1471a52e527cfc1587dd57c7c1.zh-cn","_languagePackSupport":true,"_translationsConfigFile":"/home/huzy/.config/Cursor/clp/3bfb7f1471a52e527cfc1587dd57c7c1.zh-cn/tcf.json","_cacheRoot":"/home/huzy/.config/Cursor/clp/3bfb7f1471a52e527cfc1587dd57c7c1.zh-cn","_resolvedLanguagePackCoreLocation":"/home/huzy/.config/Cursor/clp/3bfb7f1471a52e527cfc1587dd57c7c1.zh-cn/8c95649f251a168cc4bb34c89531fae7db4bd990","_corruptedFile":"/home/huzy/.config/Cursor/clp/3bfb7f1471a52e527cfc1587dd57c7c1.zh-cn/corrupted.info"}'), ('CI', '1'), ('VSCODE_HANDLES_UNCAUGHT_ERRORS', 'true'), ('XDG_SESSION_TYPE', 'wayland'), ('SHLVL', '1'), ('LD_LIBRARY_PATH', '/usr/lib/x86_64-linux-gnu/gazebo-11/plugins:/opt/ros/humble/opt/rviz_ogre_vendor/lib:/opt/ros/humble/lib/x86_64-linux-gnu:/opt/ros/humble/lib:/tmp/.mount_CursorUXtYWI/usr/lib/:/tmp/.mount_CursorUXtYWI/usr/lib32/:/tmp/.mount_CursorUXtYWI/usr/lib64/:/tmp/.mount_CursorUXtYWI/lib/:/tmp/.mount_CursorUXtYWI/lib/i386-linux-gnu/:/tmp/.mount_CursorUXtYWI/lib/x86_64-linux-gnu/:/tmp/.mount_CursorUXtYWI/lib/aarch64-linux-gnu/:/tmp/.mount_CursorUXtYWI/lib32/:/tmp/.mount_CursorUXtYWI/lib64/:'), ('HOME', '/home/huzy'), ('CHROME_DESKTOP', 'cursor.desktop'), ('APPDIR', '/tmp/.mount_CursorUXtYWI'), ('OLDPWD', '/home/huzy/My_orion'), ('DESKTOP_SESSION', 'ubuntu'), ('PERLLIB', '/tmp/.mount_CursorUXtYWI/usr/share/perl5/:/tmp/.mount_CursorUXtYWI/usr/lib/perl5/:'), ('VSCODE_IPC_HOOK', '/run/user/1000/vscode-294d73a8-2.6.-main.sock'), ('GIO_LAUNCHED_DESKTOP_FILE', '/home/huzy/.local/share/applications/cursor-ime.desktop'), ('ROS_PYTHON_VERSION', '3'), ('GNOME_SHELL_SESSION_MODE', 'ubuntu'), ('GTK_MODULES', 'gail:atk-bridge'), ('SDL_IM_MODULE', 'fcitx'), ('LC_MONETARY', 'zh_CN.UTF-8'), ('CURSOR_WORKSPACE_LABEL', 'My_orion'), ('MANAGERPID', '1530'), ('SYSTEMD_EXEC_PID', '1714'), ('IM_CONFIG_CHECK_ENV', '1'), ('NO_COLOR', '1'), ('DBUS_SESSION_BUS_ADDRESS', 'unix:path=/run/user/1000/bus'), ('GIO_LAUNCHED_DESKTOP_FILE_PID', '2990'), ('VSCODE_CRASH_REPORTER_PROCESS_TYPE', 'extensionHost'), ('IM_CONFIG_PHASE', '1'), ('WAYLAND_DISPLAY', 'wayland-0'), ('COLCON_PREFIX_PATH', '/home/huzy/My_orion/install'), ('ROS_DISTRO', 'humble'), ('GTK_IM_MODULE', 'fcitx'), ('LOGNAME', 'huzy'), ('FORCE_COLOR', '0'), ('OWD', '/home/huzy'), ('JOURNAL_STREAM', '8:25737'), ('_', '/usr/bin/colcon'), ('ROS_VERSION', '2'), ('XDG_SESSION_CLASS', 'user'), ('USERNAME', 'huzy'), ('TERM', 'dumb'), ('GNOME_DESKTOP_SESSION_ID', 'this-is-deprecated'), ('FC_FONTATIONS', '1'), ('ROS_LOCALHOST_ONLY', '0'), ('PATH', '/home/huzy/.local/bin:/home/huzy/bin:/home/huzy/bin:/home/huzy/.local/bin:/home/huzy/bin:/home/huzy/bin:/opt/ros/humble/bin:/tmp/.mount_CursorUXtYWI/usr/bin/:/tmp/.mount_CursorUXtYWI/usr/sbin/:/tmp/.mount_CursorUXtYWI/usr/games/:/tmp/.mount_CursorUXtYWI/bin/:/tmp/.mount_CursorUXtYWI/sbin/:/home/huzy/.local/bin:/home/huzy/bin:/usr/local/sbin:/usr/local/bin:/usr/sbin:/usr/bin:/sbin:/bin:/usr/games:/usr/local/games:/snap/bin:/snap/bin'), ('SESSION_MANAGER', 'local/huzy-virtual-machine:@/tmp/.ICE-unix/1679,unix/huzy-virtual-machine:/tmp/.ICE-unix/1679'), ('INVOCATION_ID', '826d726d6f664b3f89826df4c6724b2b'), ('PAPERSIZE', 'a4'), ('APPIMAGE', '/home/huzy/Downloads/Cursor-1.4.5-x86_64.AppImage'), ('XDG_MENU_PREFIX', 'gnome-'), ('LC_ADDRESS', 'zh_CN.UTF-8'), ('VSCODE_PROCESS_TITLE', 'extension-host (agent-exec) My_orion [1-3]'), ('GNOME_SETUP_DISPLAY', ':1'), ('XDG_RUNTIME_DIR', '/run/user/1000'), ('GDK_BACKEND', 'x11'), ('CURSOR_AGENT', '1'), ('DISPLAY', ':0'), ('LANG', 'zh_CN.UTF-8'), ('XDG_CURRENT_DESKTOP', 'ubuntu:GNOME'), ('LC_TELEPHONE', 'zh_CN.UTF-8'), ('XMODIFIERS', '@im=fcitx'), ('XDG_SESSION_DESKTOP', 'ubuntu'), ('XAUTHORITY', '/run/user/1000/.mutter-Xwaylandauth.LF0LL3'), ('LS_COLORS', ''), ('CURSOR_TRACE_ID', 'd42350f5f41c41808637c56825ce7e0d'), ('SSH_AGENT_LAUNCHER', 'gnome-keyring'), ('SSH_AUTH_SOCK', '/run/user/1000/keyring/ssh'), ('GSETTINGS_SCHEMA_DIR', '/tmp/.mount_CursorUXtYWI/usr/share/glib-2.0/schemas/:'), ('AMENT_PREFIX_PATH', '/home/huzy/My_orion/install/orion_pybullet_sim:/home/huzy/My_orion/install/orion_mtc:/home/huzy/My_orion/install/orion_moveit_config:/home/huzy/My_orion/install/orion_description:/opt/ros/humble'), ('SHELL', '/bin/bash'), ('LC_NAME', 'zh_CN.UTF-8'), ('ARGV0', '/home/huzy/Downloads/Cursor-1.4.5-x86_64.AppImage'), ('QT_ACCESSIBILITY', '1'), ('GDMSESSION', 'ubuntu'), ('LESSCLOSE', '/usr/bin/lesspipe %s %s'), ('LC_MEASUREMENT', 'zh_CN.UTF-8'), ('GJS_DEBUG_OUTPUT', 'stderr'), ('LC_IDENTIFICATION', 'zh_CN.UTF-8'), ('QT_IM_MODULE', 'fcitx'), ('PWD', '/home/huzy/My_orion/build/orion_mtc'), ('XDG_CONFIG_DIRS', '/etc/xdg/xdg-ubuntu:/etc/xdg'), ('VSCODE_CODE_CACHE_PATH', '/home/huzy/.config/Cursor/CachedData/8c95649f251a168cc4bb34c89531fae7db4bd990'), ('CLUTTER_IM_MODULE', 'fcitx'), ('XDG_DATA_DIRS', '/tmp/.mount_CursorUXtYWI/usr/share/:/usr/local/share:/usr/share:/usr/share/ubuntu:/usr/local/share/:/usr/share/:/var/lib/snapd/desktop'), ('PYTHONPATH', '/home/huzy/My_orion/install/orion_pybullet_sim/lib/python3.10/site-packages:/opt/ros/humble/lib/python3.10/site-packages:/opt/ros/humble/local/lib/python3.10/dist-packages'), ('LC_NUMERIC', 'zh_CN.UTF-8'), ('LC_PAPER', 'zh_CN.UTF-8'), ('QT_PLUGIN_PATH', '/tmp/.mount_CursorUXtYWI/usr/lib/qt4/plugins/:/tmp/.mount_CursorUXtYWI/usr/lib/i386-linux-gnu/qt4/plugins/:/tmp/.mount_CursorUXtYWI/usr/lib/x86_64-linux-gnu/qt4/plugins/:/tmp/.mount_CursorUXtYWI/usr/lib/aarch64-linux-gnu/qt4/plugins/:/tmp/.mount_CursorUXtYWI/usr/lib32/qt4/plugins/:/tmp/.mount_CursorUXtYWI/usr/lib64/qt4/plugins/:/tmp/.mount_CursorUXtYWI/usr/lib/qt5/plugins/:/tmp/.mount_CursorUXtYWI/usr/lib/i386-linux-gnu/qt5/plugins/:/tmp/.mount_CursorUXtYWI/usr/lib/x86_64-linux-gnu/qt5/plugins/:/tmp/.mount_CursorUXtYWI/usr/lib/aarch64-linux-gnu/qt5/plugins/:/tmp/.mount_CursorUXtYWI/usr/lib32/qt5/plugins/:/tmp/.mount_CursorUXtYWI/usr/lib64/qt5/plugins/:'), ('COLCON', '1'), ('_ZO_DOCTOR', '0'), ('CMAKE_PREFIX_PATH', '/home/huzy/My_orion/install/orion_moveit_config:/home/huzy/My_orion/install/orion_description:/home/huzy/My_orion/install/orion_mtc:/home/huzy/My_orion/install/orion_pybullet_sim:/opt/ros/humble'), ('VSCODE_PID', '2990')]), 'shell': False}
[24.173211] (-) TimerEvent: {}
[24.174085] (orion_mtc) StdoutLine: {'line': b'-- Install configuration: ""\n'}
[24.175596] (orion_mtc) StdoutLine: {'line': b'-- Installing: /home/huzy/My_orion/install/orion_mtc/lib/orion_mtc/mtc_node\n'}
[24.183219] (orion_mtc) StdoutLine: {'line': b'-- Set runtime path of "/home/huzy/My_orion/install/orion_mtc/lib/orion_mtc/mtc_node" to ""\n'}
[24.184164] (orion_mtc) StdoutLine: {'line': b'-- Up-to-date: /home/huzy/My_orion/install/orion_mtc/share/orion_mtc/launch\n'}
[24.184269] (orion_mtc) StdoutLine: {'line': b'-- Up-to-date: /home/huzy/My_orion/install/orion_mtc/share/orion_mtc/launch/pick_place_pybullet.launch.py\n'}
[24.184312] (orion_mtc) StdoutLine: {'line': b'-- Up-to-date: /home/huzy/My_orion/install/orion_mtc/share/orion_mtc/config\n'}
[24.184349] (orion_mtc) StdoutLine: {'line': b'-- Installing: /home/huzy/My_orion/install/orion_mtc/share/orion_mtc/config/pick_place_params.yaml\n'}
[24.184386] (orion_mtc) StdoutLine: {'line': b'-- Up-to-date: /home/huzy/My_orion/install/orion_mtc/share/ament_index/resource_index/package_run_dependencies/orion_mtc\n'}
[24.184424] (orion_mtc) StdoutLine: {'line': b'-- Up-to-date: /home/huzy/My_orion/install/orion_mtc/share/ament_index/resource_index/parent_prefix_path/orion_mtc\n'}
[24.184459] (orion_mtc) StdoutLine: {'line': b'-- Up-to-date: /home/huzy/My_orion/install/orion_mtc/share/orion_mtc/environment/ament_prefix_path.sh\n'}
[24.184682] (orion_mtc) StdoutLine: {'line': b'-- Up-to-date: /home/huzy/My_orion/install/orion_mtc/share/orion_mtc/environment/ament_prefix_path.dsv\n'}
[24.184724] (orion_mtc) StdoutLine: {'line': b'-- Up-to-date: /home/huzy/My_orion/install/orion_mtc/share/orion_mtc/environment/path.sh\n'}
[24.184771] (orion_mtc) StdoutLine: {'line': b'-- Up-to-date: /home/huzy/My_orion/install/orion_mtc/share/orion_mtc/environment/path.dsv\n'}
[24.184811] (orion_mtc) StdoutLine: {'line': b'-- Up-to-date: /home/huzy/My_orion/install/orion_mtc/share/orion_mtc/local_setup.bash\n'}
[24.184847] (orion_mtc) StdoutLine: {'line': b'-- Up-to-date: /home/huzy/My_orion/install/orion_mtc/share/orion_mtc/local_setup.sh\n'}
[24.184882] (orion_mtc) StdoutLine: {'line': b'-- Up-to-date: /home/huzy/My_orion/install/orion_mtc/share/orion_mtc/local_setup.zsh\n'}
[24.184917] (orion_mtc) StdoutLine: {'line': b'-- Up-to-date: /home/huzy/My_orion/install/orion_mtc/share/orion_mtc/local_setup.dsv\n'}
[24.184955] (orion_mtc) StdoutLine: {'line': b'-- Installing: /home/huzy/My_orion/install/orion_mtc/share/orion_mtc/package.dsv\n'}
[24.184992] (orion_mtc) StdoutLine: {'line': b'-- Up-to-date: /home/huzy/My_orion/install/orion_mtc/share/ament_index/resource_index/packages/orion_mtc\n'}
[24.185027] (orion_mtc) StdoutLine: {'line': b'-- Up-to-date: /home/huzy/My_orion/install/orion_mtc/share/orion_mtc/cmake/orion_mtcConfig.cmake\n'}
[24.185098] (orion_mtc) StdoutLine: {'line': b'-- Up-to-date: /home/huzy/My_orion/install/orion_mtc/share/orion_mtc/cmake/orion_mtcConfig-version.cmake\n'}
[24.186675] (orion_mtc) StdoutLine: {'line': b'-- Up-to-date: /home/huzy/My_orion/install/orion_mtc/share/orion_mtc/package.xml\n'}
[24.186865] (orion_mtc) CommandEnded: {'returncode': 0}
[24.208331] (orion_mtc) JobEnded: {'identifier': 'orion_mtc', 'rc': 0}
[24.209537] (-) EventReactorShutdown: {}
