[0.000000] (-) TimerEvent: {}
[0.000638] (-) JobUnselected: {'identifier': 'orion_description'}
[0.000696] (-) JobUnselected: {'identifier': 'orion_moveit_config'}
[0.000723] (-) JobUnselected: {'identifier': 'orion_mtc'}
[0.000748] (-) JobUnselected: {'identifier': 'orion_pybullet_sim'}
[0.000793] (orion_holoocean_bridge) JobQueued: {'identifier': 'orion_holoocean_bridge', 'dependencies': OrderedDict()}
[0.000822] (orion_holoocean_bridge) JobStarted: {'identifier': 'orion_holoocean_bridge'}
[0.099477] (-) TimerEvent: {}
[0.199756] (-) TimerEvent: {}
[0.300081] (-) TimerEvent: {}
[0.400485] (-) TimerEvent: {}
[0.500792] (-) TimerEvent: {}
[0.601051] (-) TimerEvent: {}
[0.701325] (-) TimerEvent: {}
[0.784984] (orion_holoocean_bridge) Command: {'cmd': ['/usr/bin/python3', '-W', 'ignore:setup.py install is deprecated', '-W', 'ignore:easy_install command is deprecated', 'setup.py', 'develop', '--editable', '--build-directory', '/home/huzy/My_orion/build/orion_holoocean_bridge/build', '--no-deps', 'symlink_data'], 'cwd': '/home/huzy/My_orion/build/orion_holoocean_bridge', 'env': {'GJS_DEBUG_TOPICS': 'JS ERROR;JS LOG', 'LESSOPEN': '| /usr/bin/lesspipe %s', 'VSCODE_CWD': '/home/huzy', 'CURSOR_EXTENSION_HOST_ROLE': 'agent-exec', 'VSCODE_ESM_ENTRYPOINT': 'vs/workbench/api/node/extensionHostProcess', 'LANGUAGE': 'zh_CN:en_AU:en_US:en', 'USER': 'huzy', 'LC_TIME': 'zh_CN.UTF-8', 'VSCODE_NLS_CONFIG': '{"userLocale":"zh-cn","osLocale":"zh-cn","resolvedLanguage":"zh-cn","defaultMessagesFile":"/tmp/.mount_CursorvMAqo5/usr/share/cursor/resources/app/out/nls.messages.json","languagePack":{"translationsConfigFile":"/home/huzy/.config/Cursor/clp/3bfb7f1471a52e527cfc1587dd57c7c1.zh-cn/tcf.json","messagesFile":"/home/huzy/.config/Cursor/clp/3bfb7f1471a52e527cfc1587dd57c7c1.zh-cn/8c95649f251a168cc4bb34c89531fae7db4bd990/nls.messages.json","corruptMarkerFile":"/home/huzy/.config/Cursor/clp/3bfb7f1471a52e527cfc1587dd57c7c1.zh-cn/corrupted.info"},"locale":"zh-cn","availableLanguages":{"*":"zh-cn"},"_languagePackId":"3bfb7f1471a52e527cfc1587dd57c7c1.zh-cn","_languagePackSupport":true,"_translationsConfigFile":"/home/huzy/.config/Cursor/clp/3bfb7f1471a52e527cfc1587dd57c7c1.zh-cn/tcf.json","_cacheRoot":"/home/huzy/.config/Cursor/clp/3bfb7f1471a52e527cfc1587dd57c7c1.zh-cn","_resolvedLanguagePackCoreLocation":"/home/huzy/.config/Cursor/clp/3bfb7f1471a52e527cfc1587dd57c7c1.zh-cn/8c95649f251a168cc4bb34c89531fae7db4bd990","_corruptedFile":"/home/huzy/.config/Cursor/clp/3bfb7f1471a52e527cfc1587dd57c7c1.zh-cn/corrupted.info"}', 'CI': '1', 'VSCODE_HANDLES_UNCAUGHT_ERRORS': 'true', 'XDG_SESSION_TYPE': 'wayland', 'SHLVL': '1', 'LD_LIBRARY_PATH': '/home/huzy/holoocean-ros/install/holoocean_interfaces/lib:/usr/lib/x86_64-linux-gnu/gazebo-11/plugins:/opt/ros/humble/opt/rviz_ogre_vendor/lib:/opt/ros/humble/lib/x86_64-linux-gnu:/opt/ros/humble/lib:/tmp/.mount_CursorvMAqo5/usr/lib/:/tmp/.mount_CursorvMAqo5/usr/lib32/:/tmp/.mount_CursorvMAqo5/usr/lib64/:/tmp/.mount_CursorvMAqo5/lib/:/tmp/.mount_CursorvMAqo5/lib/i386-linux-gnu/:/tmp/.mount_CursorvMAqo5/lib/x86_64-linux-gnu/:/tmp/.mount_CursorvMAqo5/lib/aarch64-linux-gnu/:/tmp/.mount_CursorvMAqo5/lib32/:/tmp/.mount_CursorvMAqo5/lib64/:', 'HOME': '/home/huzy', 'CHROME_DESKTOP': 'cursor.desktop', 'APPDIR': '/tmp/.mount_CursorvMAqo5', 'OLDPWD': '/home/huzy/My_orion', 'DESKTOP_SESSION': 'ubuntu', 'PERLLIB': '/tmp/.mount_CursorvMAqo5/usr/share/perl5/:/tmp/.mount_CursorvMAqo5/usr/lib/perl5/:', 'VSCODE_IPC_HOOK': '/run/user/1000/vscode-294d73a8-2.6.-main.sock', 'GIO_LAUNCHED_DESKTOP_FILE': '/home/huzy/.local/share/applications/cursor-ime.desktop', 'ROS_PYTHON_VERSION': '3', 'GNOME_SHELL_SESSION_MODE': 'ubuntu', 'GTK_MODULES': 'gail:atk-bridge', 'SDL_IM_MODULE': 'fcitx', 'LC_MONETARY': 'zh_CN.UTF-8', 'CURSOR_WORKSPACE_LABEL': 'My_orion', 'MANAGERPID': '1667', 'SYSTEMD_EXEC_PID': '1833', 'IM_CONFIG_CHECK_ENV': '1', 'NO_COLOR': '1', 'DBUS_SESSION_BUS_ADDRESS': 'unix:path=/run/user/1000/bus', 'GIO_LAUNCHED_DESKTOP_FILE_PID': '3975', 'VSCODE_CRASH_REPORTER_PROCESS_TYPE': 'extensionHost', 'IM_CONFIG_PHASE': '1', 'WAYLAND_DISPLAY': 'wayland-0', 'COLCON_PREFIX_PATH': '/home/huzy/holoocean-ros/install', 'ROS_DISTRO': 'humble', 'GTK_IM_MODULE': 'fcitx', 'LOGNAME': 'huzy', 'FORCE_COLOR': '0', 'OWD': '/home/huzy', 'JOURNAL_STREAM': '8:23233', '_': '/usr/bin/colcon', 'ROS_VERSION': '2', 'XDG_SESSION_CLASS': 'user', 'USERNAME': 'huzy', 'TERM': 'dumb', 'GNOME_DESKTOP_SESSION_ID': 'this-is-deprecated', 'FC_FONTATIONS': '1', 'ROS_LOCALHOST_ONLY': '0', 'PATH': '/home/huzy/.local/bin:/home/huzy/bin:/home/huzy/bin:/home/huzy/.local/bin:/home/huzy/bin:/home/huzy/bin:/opt/ros/humble/bin:/tmp/.mount_CursorvMAqo5/usr/bin/:/tmp/.mount_CursorvMAqo5/usr/sbin/:/tmp/.mount_CursorvMAqo5/usr/games/:/tmp/.mount_CursorvMAqo5/bin/:/tmp/.mount_CursorvMAqo5/sbin/:/home/huzy/.local/bin:/home/huzy/bin:/usr/local/sbin:/usr/local/bin:/usr/sbin:/usr/bin:/sbin:/bin:/usr/games:/usr/local/games:/snap/bin:/snap/bin', 'SESSION_MANAGER': 'local/huzy-virtual-machine:@/tmp/.ICE-unix/1801,unix/huzy-virtual-machine:/tmp/.ICE-unix/1801', 'INVOCATION_ID': 'dea4013c5cd045b3b0d8547edf8b60dc', 'PAPERSIZE': 'a4', 'APPIMAGE': '/home/huzy/Downloads/Cursor-1.4.5-x86_64.AppImage', 'XDG_MENU_PREFIX': 'gnome-', 'LC_ADDRESS': 'zh_CN.UTF-8', 'VSCODE_PROCESS_TITLE': 'extension-host (agent-exec) My_orion [1-3]', 'GNOME_SETUP_DISPLAY': ':1', 'XDG_RUNTIME_DIR': '/run/user/1000', 'GDK_BACKEND': 'x11', 'CURSOR_AGENT': '1', 'DISPLAY': ':0', 'LANG': 'zh_CN.UTF-8', 'XDG_CURRENT_DESKTOP': 'ubuntu:GNOME', 'LC_TELEPHONE': 'zh_CN.UTF-8', 'XMODIFIERS': '@im=fcitx', 'XDG_SESSION_DESKTOP': 'ubuntu', 'XAUTHORITY': '/run/user/1000/.mutter-Xwaylandauth.FDKEL3', 'LS_COLORS': '', 'CURSOR_TRACE_ID': '58acf3db7ea64afa80a034b9d885daae', 'SSH_AGENT_LAUNCHER': 'gnome-keyring', 'SSH_AUTH_SOCK': '/run/user/1000/keyring/ssh', 'GSETTINGS_SCHEMA_DIR': '/tmp/.mount_CursorvMAqo5/usr/share/glib-2.0/schemas/:', 'AMENT_PREFIX_PATH': '/home/huzy/holoocean-ros/install/holoocean_main:/home/huzy/holoocean-ros/install/holoocean_interfaces:/home/huzy/holoocean-ros/install/holoocean_examples:/opt/ros/humble', 'SHELL': '/bin/bash', 'LC_NAME': 'zh_CN.UTF-8', 'ARGV0': '/home/huzy/Downloads/Cursor-1.4.5-x86_64.AppImage', 'QT_ACCESSIBILITY': '1', 'GDMSESSION': 'ubuntu', 'LESSCLOSE': '/usr/bin/lesspipe %s %s', 'LC_MEASUREMENT': 'zh_CN.UTF-8', 'GJS_DEBUG_OUTPUT': 'stderr', 'LC_IDENTIFICATION': 'zh_CN.UTF-8', 'QT_IM_MODULE': 'fcitx', 'PWD': '/home/huzy/My_orion/build/orion_holoocean_bridge', 'XDG_CONFIG_DIRS': '/etc/xdg/xdg-ubuntu:/etc/xdg', 'VSCODE_CODE_CACHE_PATH': '/home/huzy/.config/Cursor/CachedData/8c95649f251a168cc4bb34c89531fae7db4bd990', 'CLUTTER_IM_MODULE': 'fcitx', 'XDG_DATA_DIRS': '/tmp/.mount_CursorvMAqo5/usr/share/:/usr/local/share:/usr/share:/usr/share/ubuntu:/usr/local/share/:/usr/share/:/var/lib/snapd/desktop', 'PYTHONPATH': '/home/huzy/My_orion/build/orion_holoocean_bridge/prefix_override:/usr/lib/python3/dist-packages/colcon_core/task/python/colcon_distutils_commands:/home/huzy/My_orion/install/orion_holoocean_bridge/lib/python3.10/site-packages:/home/huzy/holoocean-ros/install/holoocean_main/lib/python3.10/site-packages:/home/huzy/holoocean-ros/install/holoocean_interfaces/local/lib/python3.10/dist-packages:/home/huzy/holoocean-ros/install/holoocean_examples/lib/python3.10/site-packages:/opt/ros/humble/lib/python3.10/site-packages:/opt/ros/humble/local/lib/python3.10/dist-packages', 'LC_NUMERIC': 'zh_CN.UTF-8', 'LC_PAPER': 'zh_CN.UTF-8', 'QT_PLUGIN_PATH': '/tmp/.mount_CursorvMAqo5/usr/lib/qt4/plugins/:/tmp/.mount_CursorvMAqo5/usr/lib/i386-linux-gnu/qt4/plugins/:/tmp/.mount_CursorvMAqo5/usr/lib/x86_64-linux-gnu/qt4/plugins/:/tmp/.mount_CursorvMAqo5/usr/lib/aarch64-linux-gnu/qt4/plugins/:/tmp/.mount_CursorvMAqo5/usr/lib32/qt4/plugins/:/tmp/.mount_CursorvMAqo5/usr/lib64/qt4/plugins/:/tmp/.mount_CursorvMAqo5/usr/lib/qt5/plugins/:/tmp/.mount_CursorvMAqo5/usr/lib/i386-linux-gnu/qt5/plugins/:/tmp/.mount_CursorvMAqo5/usr/lib/x86_64-linux-gnu/qt5/plugins/:/tmp/.mount_CursorvMAqo5/usr/lib/aarch64-linux-gnu/qt5/plugins/:/tmp/.mount_CursorvMAqo5/usr/lib32/qt5/plugins/:/tmp/.mount_CursorvMAqo5/usr/lib64/qt5/plugins/:', 'COLCON': '1', '_ZO_DOCTOR': '0', 'CMAKE_PREFIX_PATH': '/home/huzy/holoocean-ros/install/holoocean_interfaces', 'VSCODE_PID': '3975'}, 'shell': False}
[0.801491] (-) TimerEvent: {}
[0.901935] (-) TimerEvent: {}
[1.002476] (-) TimerEvent: {}
[1.019498] (orion_holoocean_bridge) StdoutLine: {'line': b'running develop\n'}
[1.102780] (-) TimerEvent: {}
[1.163555] (orion_holoocean_bridge) StdoutLine: {'line': b'running egg_info\n'}
[1.163775] (orion_holoocean_bridge) StdoutLine: {'line': b'creating orion_holoocean_bridge.egg-info\n'}
[1.163835] (orion_holoocean_bridge) StdoutLine: {'line': b'writing orion_holoocean_bridge.egg-info/PKG-INFO\n'}
[1.163883] (orion_holoocean_bridge) StdoutLine: {'line': b'writing dependency_links to orion_holoocean_bridge.egg-info/dependency_links.txt\n'}
[1.163933] (orion_holoocean_bridge) StdoutLine: {'line': b'writing entry points to orion_holoocean_bridge.egg-info/entry_points.txt\n'}
[1.163976] (orion_holoocean_bridge) StdoutLine: {'line': b'writing requirements to orion_holoocean_bridge.egg-info/requires.txt\n'}
[1.164018] (orion_holoocean_bridge) StdoutLine: {'line': b'writing top-level names to orion_holoocean_bridge.egg-info/top_level.txt\n'}
[1.164058] (orion_holoocean_bridge) StdoutLine: {'line': b"writing manifest file 'orion_holoocean_bridge.egg-info/SOURCES.txt'\n"}
[1.167322] (orion_holoocean_bridge) StdoutLine: {'line': b"reading manifest file 'orion_holoocean_bridge.egg-info/SOURCES.txt'\n"}
[1.167569] (orion_holoocean_bridge) StdoutLine: {'line': b"writing manifest file 'orion_holoocean_bridge.egg-info/SOURCES.txt'\n"}
[1.168212] (orion_holoocean_bridge) StdoutLine: {'line': b'running build_ext\n'}
[1.168292] (orion_holoocean_bridge) StdoutLine: {'line': b'Creating /home/huzy/My_orion/install/orion_holoocean_bridge/lib/python3.10/site-packages/orion-holoocean-bridge.egg-link (link to .)\n'}
[1.169120] (orion_holoocean_bridge) StdoutLine: {'line': b'Installing arm_sensor_to_joint_state script to /home/huzy/My_orion/install/orion_holoocean_bridge/lib/orion_holoocean_bridge\n'}
[1.169600] (orion_holoocean_bridge) StdoutLine: {'line': b'\n'}
[1.169680] (orion_holoocean_bridge) StdoutLine: {'line': b'Installed /home/huzy/My_orion/build/orion_holoocean_bridge\n'}
[1.169729] (orion_holoocean_bridge) StdoutLine: {'line': b'running symlink_data\n'}
[1.169774] (orion_holoocean_bridge) StdoutLine: {'line': b'creating /home/huzy/My_orion/install/orion_holoocean_bridge/share/ament_index\n'}
[1.169818] (orion_holoocean_bridge) StdoutLine: {'line': b'creating /home/huzy/My_orion/install/orion_holoocean_bridge/share/ament_index/resource_index\n'}
[1.169864] (orion_holoocean_bridge) StdoutLine: {'line': b'creating /home/huzy/My_orion/install/orion_holoocean_bridge/share/ament_index/resource_index/packages\n'}
[1.169908] (orion_holoocean_bridge) StdoutLine: {'line': b'symbolically linking /home/huzy/My_orion/build/orion_holoocean_bridge/resource/orion_holoocean_bridge -> /home/huzy/My_orion/install/orion_holoocean_bridge/share/ament_index/resource_index/packages\n'}
[1.169955] (orion_holoocean_bridge) StdoutLine: {'line': b'symbolically linking /home/huzy/My_orion/build/orion_holoocean_bridge/package.xml -> /home/huzy/My_orion/install/orion_holoocean_bridge/share/orion_holoocean_bridge\n'}
[1.169998] (orion_holoocean_bridge) StdoutLine: {'line': b'creating /home/huzy/My_orion/install/orion_holoocean_bridge/share/orion_holoocean_bridge/launch\n'}
[1.171264] (orion_holoocean_bridge) StdoutLine: {'line': b'symbolically linking /home/huzy/My_orion/build/orion_holoocean_bridge/launch/holoocean_bridge.launch.py -> /home/huzy/My_orion/install/orion_holoocean_bridge/share/orion_holoocean_bridge/launch\n'}
[1.171447] (orion_holoocean_bridge) StdoutLine: {'line': b'creating /home/huzy/My_orion/install/orion_holoocean_bridge/share/orion_holoocean_bridge/config\n'}
[1.171526] (orion_holoocean_bridge) StdoutLine: {'line': b'symbolically linking /home/huzy/My_orion/build/orion_holoocean_bridge/config/holoocean_bridge_params.yaml -> /home/huzy/My_orion/install/orion_holoocean_bridge/share/orion_holoocean_bridge/config\n'}
[1.203625] (-) TimerEvent: {}
[1.211945] (orion_holoocean_bridge) CommandEnded: {'returncode': 0}
[1.228960] (orion_holoocean_bridge) JobEnded: {'identifier': 'orion_holoocean_bridge', 'rc': 0}
[1.229722] (-) EventReactorShutdown: {}
