[0.005s] Invoking command in '/home/joey/My_orion/build/orion_mtc': AMENT_PREFIX_PATH=/home/joey/My_orion/install/orion_pybullet_sim:/home/joey/My_orion/install/orion_moveit_config:/home/joey/My_orion/install/orion_description:${AMENT_PREFIX_PATH} CMAKE_PREFIX_PATH=/home/joey/My_orion/install/orion_moveit_config:/home/joey/My_orion/install/orion_description:/opt/ros/humble PYTHONPATH=/home/joey/My_orion/install/orion_pybullet_sim/lib/python3.10/site-packages:${PYTHONPATH} /usr/bin/cmake --build /home/joey/My_orion/build/orion_mtc -- -j4 -l4
[0.030s] -- Found ament_cmake: 1.3.13 (/opt/ros/humble/share/ament_cmake/cmake)
[0.103s] -- Found rclcpp: 16.0.18 (/opt/ros/humble/share/rclcpp/cmake)
[0.121s] -- Found rosidl_generator_c: 3.1.8 (/opt/ros/humble/share/rosidl_generator_c/cmake)
[0.122s] -- Found rosidl_adapter: 3.1.8 (/opt/ros/humble/share/rosidl_adapter/cmake)
[0.127s] -- Found rosidl_generator_cpp: 3.1.8 (/opt/ros/humble/share/rosidl_generator_cpp/cmake)
[0.134s] -- Using all available rosidl_typesupport_c: rosidl_typesupport_fastrtps_c;rosidl_typesupport_introspection_c
[0.141s] -- Using all available rosidl_typesupport_cpp: rosidl_typesupport_fastrtps_cpp;rosidl_typesupport_introspection_cpp
[0.162s] -- Found rmw_implementation_cmake: 6.1.2 (/opt/ros/humble/share/rmw_implementation_cmake/cmake)
[0.163s] -- Found rmw_fastrtps_cpp: 6.2.10 (/opt/ros/humble/share/rmw_fastrtps_cpp/cmake)
[0.218s] -- Using RMW implementation 'rmw_fastrtps_cpp' as default
[0.249s] -- Found moveit_task_constructor_core: 0.1.3 (/opt/ros/humble/share/moveit_task_constructor_core/cmake)
[0.272s] -- Found Boost: /usr/lib/x86_64-linux-gnu/cmake/Boost-1.74.0/BoostConfig.cmake (found version "1.74.0") found components: chrono date_time filesystem iostreams program_options regex serialization system thread 
[0.285s] -- Found parameter_traits: 0.6.0 (/opt/ros/humble/share/parameter_traits/cmake)
[0.290s] -- Found rclcpp_lifecycle: 16.0.18 (/opt/ros/humble/share/rclcpp_lifecycle/cmake)
[0.304s] -- Found Boost: /usr/lib/x86_64-linux-gnu/cmake/Boost-1.74.0/BoostConfig.cmake (found version "1.74.0") found components: filesystem 
[0.322s] -- library: /usr/lib/x86_64-linux-gnu/libcurl.so
[0.356s] -- Ensuring Eigen3 include directory is part of orocos-kdl CMake target
[0.486s] -- Found Boost: /usr/lib/x86_64-linux-gnu/cmake/Boost-1.74.0/BoostConfig.cmake (found version "1.74.0") found components: system filesystem date_time program_options thread chrono 
[0.503s] -- Found Boost: /usr/lib/x86_64-linux-gnu/cmake/Boost-1.74.0/BoostConfig.cmake (found version "1.74.0") found components: date_time filesystem program_options system thread 
[0.510s] -- Found Boost: /usr/lib/x86_64-linux-gnu/cmake/Boost-1.74.0/BoostConfig.cmake (found version "1.74.0") found components: thread system filesystem regex date_time program_options 
[0.522s] -- Found Boost: /usr/lib/x86_64-linux-gnu/cmake/Boost-1.74.0/BoostConfig.cmake (found version "1.74.0") found components: system filesystem date_time program_options thread 
[0.560s] -- Found control_msgs: 4.8.0 (/opt/ros/humble/share/control_msgs/cmake)
[0.610s] -- Configuring done
[0.630s] -- Generating done
[0.635s] -- Build files have been written to: /home/joey/My_orion/build/orion_mtc
[0.651s] [35m[1mConsolidate compiler generated dependencies of target mtc_node[0m
[0.688s] [ 50%] [32mBuilding CXX object CMakeFiles/mtc_node.dir/src/mtc_node.cpp.o[0m
[8.367s] [100%] [32m[1mLinking CXX executable mtc_node[0m
[8.840s] [100%] Built target mtc_node
[8.847s] Invoked command in '/home/joey/My_orion/build/orion_mtc' returned '0': AMENT_PREFIX_PATH=/home/joey/My_orion/install/orion_pybullet_sim:/home/joey/My_orion/install/orion_moveit_config:/home/joey/My_orion/install/orion_description:${AMENT_PREFIX_PATH} CMAKE_PREFIX_PATH=/home/joey/My_orion/install/orion_moveit_config:/home/joey/My_orion/install/orion_description:/opt/ros/humble PYTHONPATH=/home/joey/My_orion/install/orion_pybullet_sim/lib/python3.10/site-packages:${PYTHONPATH} /usr/bin/cmake --build /home/joey/My_orion/build/orion_mtc -- -j4 -l4
[8.851s] Invoking command in '/home/joey/My_orion/build/orion_mtc': AMENT_PREFIX_PATH=/home/joey/My_orion/install/orion_pybullet_sim:/home/joey/My_orion/install/orion_moveit_config:/home/joey/My_orion/install/orion_description:${AMENT_PREFIX_PATH} CMAKE_PREFIX_PATH=/home/joey/My_orion/install/orion_moveit_config:/home/joey/My_orion/install/orion_description:/opt/ros/humble PYTHONPATH=/home/joey/My_orion/install/orion_pybullet_sim/lib/python3.10/site-packages:${PYTHONPATH} /usr/bin/cmake --install /home/joey/My_orion/build/orion_mtc
[8.853s] -- Install configuration: ""
[8.853s] -- Installing: /home/joey/My_orion/install/orion_mtc/lib/orion_mtc/mtc_node
[8.855s] -- Set runtime path of "/home/joey/My_orion/install/orion_mtc/lib/orion_mtc/mtc_node" to ""
[8.855s] -- Up-to-date: /home/joey/My_orion/install/orion_mtc/share/orion_mtc/launch
[8.855s] -- Installing: /home/joey/My_orion/install/orion_mtc/share/orion_mtc/launch/pick_place_pybullet.launch.py
[8.855s] -- Installing: /home/joey/My_orion/install/orion_mtc/share/orion_mtc/config
[8.855s] -- Installing: /home/joey/My_orion/install/orion_mtc/share/orion_mtc/config/pick_place_params.yaml
[8.855s] -- Up-to-date: /home/joey/My_orion/install/orion_mtc/share/ament_index/resource_index/package_run_dependencies/orion_mtc
[8.855s] -- Up-to-date: /home/joey/My_orion/install/orion_mtc/share/ament_index/resource_index/parent_prefix_path/orion_mtc
[8.856s] -- Installing: /home/joey/My_orion/install/orion_mtc/share/orion_mtc/environment/ament_prefix_path.dsv
[8.856s] -- Installing: /home/joey/My_orion/install/orion_mtc/share/orion_mtc/environment/path.dsv
[8.856s] -- Up-to-date: /home/joey/My_orion/install/orion_mtc/share/orion_mtc/local_setup.bash
[8.856s] -- Up-to-date: /home/joey/My_orion/install/orion_mtc/share/orion_mtc/local_setup.sh
[8.856s] -- Up-to-date: /home/joey/My_orion/install/orion_mtc/share/orion_mtc/local_setup.zsh
[8.856s] -- Installing: /home/joey/My_orion/install/orion_mtc/share/orion_mtc/local_setup.dsv
[8.856s] -- Installing: /home/joey/My_orion/install/orion_mtc/share/orion_mtc/package.dsv
[8.856s] -- Up-to-date: /home/joey/My_orion/install/orion_mtc/share/ament_index/resource_index/packages/orion_mtc
[8.856s] -- Up-to-date: /home/joey/My_orion/install/orion_mtc/share/orion_mtc/cmake/orion_mtcConfig.cmake
[8.856s] -- Up-to-date: /home/joey/My_orion/install/orion_mtc/share/orion_mtc/cmake/orion_mtcConfig-version.cmake
[8.856s] -- Up-to-date: /home/joey/My_orion/install/orion_mtc/share/orion_mtc/package.xml
[8.858s] Invoked command in '/home/joey/My_orion/build/orion_mtc' returned '0': AMENT_PREFIX_PATH=/home/joey/My_orion/install/orion_pybullet_sim:/home/joey/My_orion/install/orion_moveit_config:/home/joey/My_orion/install/orion_description:${AMENT_PREFIX_PATH} CMAKE_PREFIX_PATH=/home/joey/My_orion/install/orion_moveit_config:/home/joey/My_orion/install/orion_description:/opt/ros/humble PYTHONPATH=/home/joey/My_orion/install/orion_pybullet_sim/lib/python3.10/site-packages:${PYTHONPATH} /usr/bin/cmake --install /home/joey/My_orion/build/orion_mtc
