running egg_info
writing ../../build/orion_holoocean_bridge/orion_holoocean_bridge.egg-info/PKG-INFO
writing dependency_links to ../../build/orion_holoocean_bridge/orion_holoocean_bridge.egg-info/dependency_links.txt
writing entry points to ../../build/orion_holoocean_bridge/orion_holoocean_bridge.egg-info/entry_points.txt
writing requirements to ../../build/orion_holoocean_bridge/orion_holoocean_bridge.egg-info/requires.txt
writing top-level names to ../../build/orion_holoocean_bridge/orion_holoocean_bridge.egg-info/top_level.txt
reading manifest file '../../build/orion_holoocean_bridge/orion_holoocean_bridge.egg-info/SOURCES.txt'
writing manifest file '../../build/orion_holoocean_bridge/orion_holoocean_bridge.egg-info/SOURCES.txt'
running build
running build_py
copying orion_holoocean_bridge/arm_sensor_mapping_test_node.py -> /home/huzy/My_orion/build/orion_holoocean_bridge/build/lib/orion_holoocean_bridge
copying orion_holoocean_bridge/trajectory_to_agent_bridge_node.py -> /home/huzy/My_orion/build/orion_holoocean_bridge/build/lib/orion_holoocean_bridge
copying orion_holoocean_bridge/arm_sensor_to_joint_state_node.py -> /home/huzy/My_orion/build/orion_holoocean_bridge/build/lib/orion_holoocean_bridge
running install
running install_lib
copying /home/huzy/My_orion/build/orion_holoocean_bridge/build/lib/orion_holoocean_bridge/arm_sensor_mapping_test_node.py -> /home/huzy/My_orion/install/orion_holoocean_bridge/lib/python3.10/site-packages/orion_holoocean_bridge
copying /home/huzy/My_orion/build/orion_holoocean_bridge/build/lib/orion_holoocean_bridge/trajectory_to_agent_bridge_node.py -> /home/huzy/My_orion/install/orion_holoocean_bridge/lib/python3.10/site-packages/orion_holoocean_bridge
copying /home/huzy/My_orion/build/orion_holoocean_bridge/build/lib/orion_holoocean_bridge/arm_sensor_to_joint_state_node.py -> /home/huzy/My_orion/install/orion_holoocean_bridge/lib/python3.10/site-packages/orion_holoocean_bridge
byte-compiling /home/huzy/My_orion/install/orion_holoocean_bridge/lib/python3.10/site-packages/orion_holoocean_bridge/arm_sensor_mapping_test_node.py to arm_sensor_mapping_test_node.cpython-310.pyc
byte-compiling /home/huzy/My_orion/install/orion_holoocean_bridge/lib/python3.10/site-packages/orion_holoocean_bridge/trajectory_to_agent_bridge_node.py to trajectory_to_agent_bridge_node.cpython-310.pyc
byte-compiling /home/huzy/My_orion/install/orion_holoocean_bridge/lib/python3.10/site-packages/orion_holoocean_bridge/arm_sensor_to_joint_state_node.py to arm_sensor_to_joint_state_node.cpython-310.pyc
running install_data
running install_egg_info
removing '/home/huzy/My_orion/install/orion_holoocean_bridge/lib/python3.10/site-packages/orion_holoocean_bridge-0.0.1-py3.10.egg-info' (and everything under it)
Copying ../../build/orion_holoocean_bridge/orion_holoocean_bridge.egg-info to /home/huzy/My_orion/install/orion_holoocean_bridge/lib/python3.10/site-packages/orion_holoocean_bridge-0.0.1-py3.10.egg-info
running install_scripts
Installing arm_sensor_mapping_test script to /home/huzy/My_orion/install/orion_holoocean_bridge/lib/orion_holoocean_bridge
Installing arm_sensor_to_joint_state script to /home/huzy/My_orion/install/orion_holoocean_bridge/lib/orion_holoocean_bridge
Installing calibrate_arm_mapping script to /home/huzy/My_orion/install/orion_holoocean_bridge/lib/orion_holoocean_bridge
Installing trajectory_to_agent_bridge script to /home/huzy/My_orion/install/orion_holoocean_bridge/lib/orion_holoocean_bridge
writing list of installed files to '/home/huzy/My_orion/build/orion_holoocean_bridge/install.log'
