[0.697s] Invoking command in '/home/huzy/My_orion/build/orion_pybullet_sim': AMENT_PREFIX_PATH=/home/huzy/My_orion/install/orion_moveit_config:/home/huzy/My_orion/install/orion_description:${AMENT_PREFIX_PATH} CMAKE_PREFIX_PATH=/home/huzy/My_orion/install/orion_moveit_config:/home/huzy/My_orion/install/orion_description PYTHONPATH=/home/huzy/My_orion/build/orion_pybullet_sim/prefix_override:/usr/lib/python3/dist-packages/colcon_core/task/python/colcon_distutils_commands:/home/huzy/My_orion/install/orion_pybullet_sim/lib/python3.10/site-packages:${PYTHONPATH} /usr/bin/python3 -W ignore:setup.py install is deprecated -W ignore:easy_install command is deprecated setup.py develop --editable --build-directory /home/huzy/My_orion/build/orion_pybullet_sim/build --no-deps symlink_data
[0.930s] running develop
[1.082s] running egg_info
[1.082s] creating orion_pybullet_sim.egg-info
[1.082s] writing orion_pybullet_sim.egg-info/PKG-INFO
[1.083s] writing dependency_links to orion_pybullet_sim.egg-info/dependency_links.txt
[1.083s] writing entry points to orion_pybullet_sim.egg-info/entry_points.txt
[1.083s] writing requirements to orion_pybullet_sim.egg-info/requires.txt
[1.083s] writing top-level names to orion_pybullet_sim.egg-info/top_level.txt
[1.083s] writing manifest file 'orion_pybullet_sim.egg-info/SOURCES.txt'
[1.085s] reading manifest file 'orion_pybullet_sim.egg-info/SOURCES.txt'
[1.085s] writing manifest file 'orion_pybullet_sim.egg-info/SOURCES.txt'
[1.087s] running build_ext
[1.087s] Creating /home/huzy/My_orion/install/orion_pybullet_sim/lib/python3.10/site-packages/orion-pybullet-sim.egg-link (link to .)
[1.088s] Installing pybullet_controller script to /home/huzy/My_orion/install/orion_pybullet_sim/lib/orion_pybullet_sim
[1.088s] 
[1.088s] Installed /home/huzy/My_orion/build/orion_pybullet_sim
[1.089s] running symlink_data
[1.089s] creating /home/huzy/My_orion/install/orion_pybullet_sim/share/ament_index
[1.089s] creating /home/huzy/My_orion/install/orion_pybullet_sim/share/ament_index/resource_index
[1.089s] creating /home/huzy/My_orion/install/orion_pybullet_sim/share/ament_index/resource_index/packages
[1.089s] symbolically linking /home/huzy/My_orion/build/orion_pybullet_sim/resource/orion_pybullet_sim -> /home/huzy/My_orion/install/orion_pybullet_sim/share/ament_index/resource_index/packages
[1.089s] symbolically linking /home/huzy/My_orion/build/orion_pybullet_sim/package.xml -> /home/huzy/My_orion/install/orion_pybullet_sim/share/orion_pybullet_sim
[1.089s] creating /home/huzy/My_orion/install/orion_pybullet_sim/share/orion_pybullet_sim/launch
[1.089s] symbolically linking /home/huzy/My_orion/build/orion_pybullet_sim/launch/pybullet_sim.launch.py -> /home/huzy/My_orion/install/orion_pybullet_sim/share/orion_pybullet_sim/launch
[1.124s] Invoked command in '/home/huzy/My_orion/build/orion_pybullet_sim' returned '0': AMENT_PREFIX_PATH=/home/huzy/My_orion/install/orion_moveit_config:/home/huzy/My_orion/install/orion_description:${AMENT_PREFIX_PATH} CMAKE_PREFIX_PATH=/home/huzy/My_orion/install/orion_moveit_config:/home/huzy/My_orion/install/orion_description PYTHONPATH=/home/huzy/My_orion/build/orion_pybullet_sim/prefix_override:/usr/lib/python3/dist-packages/colcon_core/task/python/colcon_distutils_commands:/home/huzy/My_orion/install/orion_pybullet_sim/lib/python3.10/site-packages:${PYTHONPATH} /usr/bin/python3 -W ignore:setup.py install is deprecated -W ignore:easy_install command is deprecated setup.py develop --editable --build-directory /home/huzy/My_orion/build/orion_pybullet_sim/build --no-deps symlink_data
