[0.000000] (-) TimerEvent: {}
[0.000544] (-) JobUnselected: {'identifier': 'orion_description'}
[0.000596] (-) JobUnselected: {'identifier': 'orion_moveit_config'}
[0.000623] (-) JobUnselected: {'identifier': 'orion_pybullet_sim'}
[0.000663] (orion_mtc) JobQueued: {'identifier': 'orion_mtc', 'dependencies': OrderedDict([('orion_description', '/home/huzy/My_orion/install/orion_description'), ('orion_moveit_config', '/home/huzy/My_orion/install/orion_moveit_config'), ('orion_pybullet_sim', '/home/huzy/My_orion/install/orion_pybullet_sim')])}
[0.000702] (orion_mtc) JobStarted: {'identifier': 'orion_mtc'}
[0.098934] (-) TimerEvent: {}
[0.199185] (-) TimerEvent: {}
[0.289682] (orion_mtc) JobProgress: {'identifier': 'orion_mtc', 'progress': 'cmake'}
[0.289752] (orion_mtc) JobProgress: {'identifier': 'orion_mtc', 'progress': 'build'}
[0.289771] (orion_mtc) Command: {'cmd': ['/usr/bin/cmake', '--build', '/home/huzy/My_orion/build/orion_mtc', '--', '-j8', '-l8'], 'cwd': '/home/huzy/My_orion/build/orion_mtc', 'env': OrderedDict([('GJS_DEBUG_TOPICS', 'JS ERROR;JS LOG'), ('LESSOPEN', '| /usr/bin/lesspipe %s'), ('VSCODE_CWD', '/home/huzy'), ('CURSOR_EXTENSION_HOST_ROLE', 'agent-exec'), ('VSCODE_ESM_ENTRYPOINT', 'vs/workbench/api/node/extensionHostProcess'), ('LANGUAGE', 'zh_CN:en_AU:en_US:en'), ('USER', 'huzy'), ('LC_TIME', 'zh_CN.UTF-8'), ('VSCODE_NLS_CONFIG', '{"userLocale":"zh-cn","osLocale":"zh-cn","resolvedLanguage":"zh-cn","defaultMessagesFile":"/tmp/.mount_CursoriSs0re/usr/share/cursor/resources/app/out/nls.messages.json","languagePack":{"translationsConfigFile":"/home/huzy/.config/Cursor/clp/3bfb7f1471a52e527cfc1587dd57c7c1.zh-cn/tcf.json","messagesFile":"/home/huzy/.config/Cursor/clp/3bfb7f1471a52e527cfc1587dd57c7c1.zh-cn/7d96c2a03bb088ad367615e9da1a3fe20fbbc6a0/nls.messages.json","corruptMarkerFile":"/home/huzy/.config/Cursor/clp/3bfb7f1471a52e527cfc1587dd57c7c1.zh-cn/corrupted.info"},"locale":"zh-cn","availableLanguages":{"*":"zh-cn"},"_languagePackId":"3bfb7f1471a52e527cfc1587dd57c7c1.zh-cn","_languagePackSupport":true,"_translationsConfigFile":"/home/huzy/.config/Cursor/clp/3bfb7f1471a52e527cfc1587dd57c7c1.zh-cn/tcf.json","_cacheRoot":"/home/huzy/.config/Cursor/clp/3bfb7f1471a52e527cfc1587dd57c7c1.zh-cn","_resolvedLanguagePackCoreLocation":"/home/huzy/.config/Cursor/clp/3bfb7f1471a52e527cfc1587dd57c7c1.zh-cn/7d96c2a03bb088ad367615e9da1a3fe20fbbc6a0","_corruptedFile":"/home/huzy/.config/Cursor/clp/3bfb7f1471a52e527cfc1587dd57c7c1.zh-cn/corrupted.info"}'), ('CI', '1'), ('VSCODE_HANDLES_UNCAUGHT_ERRORS', 'true'), ('XDG_SESSION_TYPE', 'wayland'), ('SHLVL', '1'), ('LD_LIBRARY_PATH', '/usr/lib/x86_64-linux-gnu/gazebo-11/plugins:/opt/ros/humble/opt/rviz_ogre_vendor/lib:/opt/ros/humble/lib/x86_64-linux-gnu:/opt/ros/humble/lib:/tmp/.mount_CursoriSs0re/usr/lib/:/tmp/.mount_CursoriSs0re/usr/lib32/:/tmp/.mount_CursoriSs0re/usr/lib64/:/tmp/.mount_CursoriSs0re/lib/:/tmp/.mount_CursoriSs0re/lib/i386-linux-gnu/:/tmp/.mount_CursoriSs0re/lib/x86_64-linux-gnu/:/tmp/.mount_CursoriSs0re/lib/aarch64-linux-gnu/:/tmp/.mount_CursoriSs0re/lib32/:/tmp/.mount_CursoriSs0re/lib64/:'), ('HOME', '/home/huzy'), ('CHROME_DESKTOP', 'cursor.desktop'), ('APPDIR', '/tmp/.mount_CursoriSs0re'), ('OLDPWD', '/home/huzy/My_orion'), ('DESKTOP_SESSION', 'ubuntu'), ('PERLLIB', '/tmp/.mount_CursoriSs0re/usr/share/perl5/:/tmp/.mount_CursoriSs0re/usr/lib/perl5/:'), ('VSCODE_IPC_HOOK', '/run/user/1000/vscode-294d73a8-2.5.-main.sock'), ('GIO_LAUNCHED_DESKTOP_FILE', '/home/huzy/.local/share/applications/cursor-ime.desktop'), ('ROS_PYTHON_VERSION', '3'), ('GNOME_SHELL_SESSION_MODE', 'ubuntu'), ('GTK_MODULES', 'gail:atk-bridge'), ('SDL_IM_MODULE', 'fcitx'), ('LC_MONETARY', 'zh_CN.UTF-8'), ('MANAGERPID', '1541'), ('SYSTEMD_EXEC_PID', '1709'), ('IM_CONFIG_CHECK_ENV', '1'), ('NO_COLOR', '1'), ('DBUS_SESSION_BUS_ADDRESS', 'unix:path=/run/user/1000/bus'), ('GIO_LAUNCHED_DESKTOP_FILE_PID', '3264'), ('VSCODE_CRASH_REPORTER_PROCESS_TYPE', 'extensionHost'), ('IM_CONFIG_PHASE', '1'), ('WAYLAND_DISPLAY', 'wayland-0'), ('COLCON_PREFIX_PATH', '/home/huzy/My_orion/install'), ('ROS_DISTRO', 'humble'), ('GTK_IM_MODULE', 'fcitx'), ('LOGNAME', 'huzy'), ('FORCE_COLOR', '0'), ('OWD', '/home/huzy'), ('JOURNAL_STREAM', '8:22044'), ('_', '/usr/bin/colcon'), ('ROS_VERSION', '2'), ('XDG_SESSION_CLASS', 'user'), ('USERNAME', 'huzy'), ('TERM', 'dumb'), ('GNOME_DESKTOP_SESSION_ID', 'this-is-deprecated'), ('FC_FONTATIONS', '1'), ('ROS_LOCALHOST_ONLY', '0'), ('PATH', '/home/huzy/.local/bin:/home/huzy/bin:/home/huzy/bin:/home/huzy/.local/bin:/home/huzy/bin:/home/huzy/bin:/opt/ros/humble/bin:/tmp/.mount_CursoriSs0re/usr/bin/:/tmp/.mount_CursoriSs0re/usr/sbin/:/tmp/.mount_CursoriSs0re/usr/games/:/tmp/.mount_CursoriSs0re/bin/:/tmp/.mount_CursoriSs0re/sbin/:/home/huzy/.local/bin:/home/huzy/bin:/usr/local/sbin:/usr/local/bin:/usr/sbin:/usr/bin:/sbin:/bin:/usr/games:/usr/local/games:/snap/bin:/snap/bin'), ('SESSION_MANAGER', 'local/huzy-virtual-machine:@/tmp/.ICE-unix/1675,unix/huzy-virtual-machine:/tmp/.ICE-unix/1675'), ('INVOCATION_ID', 'a2601410a8d14920833ed6807e68bc15'), ('PAPERSIZE', 'a4'), ('APPIMAGE', '/home/huzy/Downloads/Cursor-1.4.5-x86_64.AppImage'), ('XDG_MENU_PREFIX', 'gnome-'), ('LC_ADDRESS', 'zh_CN.UTF-8'), ('VSCODE_PROCESS_TITLE', 'extension-host (agent-exec) [1-6]'), ('GNOME_SETUP_DISPLAY', ':1'), ('XDG_RUNTIME_DIR', '/run/user/1000'), ('GDK_BACKEND', 'x11'), ('CURSOR_AGENT', '1'), ('DISPLAY', ':0'), ('LANG', 'zh_CN.UTF-8'), ('XDG_CURRENT_DESKTOP', 'ubuntu:GNOME'), ('LC_TELEPHONE', 'zh_CN.UTF-8'), ('XMODIFIERS', '@im=fcitx'), ('XDG_SESSION_DESKTOP', 'ubuntu'), ('XAUTHORITY', '/run/user/1000/.mutter-Xwaylandauth.4ZVTL3'), ('LS_COLORS', ''), ('CURSOR_TRACE_ID', '2ac507847837424d9bf65893652cc69d'), ('SSH_AGENT_LAUNCHER', 'gnome-keyring'), ('SSH_AUTH_SOCK', '/run/user/1000/keyring/ssh'), ('GSETTINGS_SCHEMA_DIR', '/tmp/.mount_CursoriSs0re/usr/share/glib-2.0/schemas/:'), ('AMENT_PREFIX_PATH', '/home/huzy/My_orion/install/orion_pybullet_sim:/home/huzy/My_orion/install/orion_mtc:/home/huzy/My_orion/install/orion_moveit_config:/home/huzy/My_orion/install/orion_description:/opt/ros/humble'), ('SHELL', '/bin/bash'), ('LC_NAME', 'zh_CN.UTF-8'), ('ARGV0', '/home/huzy/Downloads/Cursor-1.4.5-x86_64.AppImage'), ('QT_ACCESSIBILITY', '1'), ('GDMSESSION', 'ubuntu'), ('LESSCLOSE', '/usr/bin/lesspipe %s %s'), ('LC_MEASUREMENT', 'zh_CN.UTF-8'), ('GJS_DEBUG_OUTPUT', 'stderr'), ('LC_IDENTIFICATION', 'zh_CN.UTF-8'), ('QT_IM_MODULE', 'fcitx'), ('PWD', '/home/huzy/My_orion/build/orion_mtc'), ('XDG_CONFIG_DIRS', '/etc/xdg/xdg-ubuntu:/etc/xdg'), ('VSCODE_CODE_CACHE_PATH', '/home/huzy/.config/Cursor/CachedData/7d96c2a03bb088ad367615e9da1a3fe20fbbc6a0'), ('CLUTTER_IM_MODULE', 'fcitx'), ('XDG_DATA_DIRS', '/tmp/.mount_CursoriSs0re/usr/share/:/usr/local/share:/usr/share:/usr/share/ubuntu:/usr/local/share/:/usr/share/:/var/lib/snapd/desktop'), ('PYTHONPATH', '/home/huzy/My_orion/install/orion_pybullet_sim/lib/python3.10/site-packages:/opt/ros/humble/lib/python3.10/site-packages:/opt/ros/humble/local/lib/python3.10/dist-packages'), ('LC_NUMERIC', 'zh_CN.UTF-8'), ('LC_PAPER', 'zh_CN.UTF-8'), ('QT_PLUGIN_PATH', '/tmp/.mount_CursoriSs0re/usr/lib/qt4/plugins/:/tmp/.mount_CursoriSs0re/usr/lib/i386-linux-gnu/qt4/plugins/:/tmp/.mount_CursoriSs0re/usr/lib/x86_64-linux-gnu/qt4/plugins/:/tmp/.mount_CursoriSs0re/usr/lib/aarch64-linux-gnu/qt4/plugins/:/tmp/.mount_CursoriSs0re/usr/lib32/qt4/plugins/:/tmp/.mount_CursoriSs0re/usr/lib64/qt4/plugins/:/tmp/.mount_CursoriSs0re/usr/lib/qt5/plugins/:/tmp/.mount_CursoriSs0re/usr/lib/i386-linux-gnu/qt5/plugins/:/tmp/.mount_CursoriSs0re/usr/lib/x86_64-linux-gnu/qt5/plugins/:/tmp/.mount_CursoriSs0re/usr/lib/aarch64-linux-gnu/qt5/plugins/:/tmp/.mount_CursoriSs0re/usr/lib32/qt5/plugins/:/tmp/.mount_CursoriSs0re/usr/lib64/qt5/plugins/:'), ('COLCON', '1'), ('_ZO_DOCTOR', '0'), ('CMAKE_PREFIX_PATH', '/home/huzy/My_orion/install/orion_moveit_config:/home/huzy/My_orion/install/orion_description:/home/huzy/My_orion/install/orion_mtc:/home/huzy/My_orion/install/orion_pybullet_sim:/opt/ros/humble'), ('VSCODE_PID', '3264')]), 'shell': False}
[0.299330] (-) TimerEvent: {}
[0.399726] (-) TimerEvent: {}
[0.500035] (-) TimerEvent: {}
[0.600328] (-) TimerEvent: {}
[0.700629] (-) TimerEvent: {}
[0.800996] (-) TimerEvent: {}
[0.901349] (-) TimerEvent: {}
[1.001697] (-) TimerEvent: {}
[1.102028] (-) TimerEvent: {}
[1.202284] (-) TimerEvent: {}
[1.302652] (-) TimerEvent: {}
[1.402897] (-) TimerEvent: {}
[1.503369] (-) TimerEvent: {}
[1.603629] (-) TimerEvent: {}
[1.698326] (orion_mtc) StdoutLine: {'line': b'Consolidate compiler generated dependencies of target mtc_node\n'}
[1.703806] (-) TimerEvent: {}
[1.804138] (-) TimerEvent: {}
[1.904404] (-) TimerEvent: {}
[2.004785] (-) TimerEvent: {}
[2.105030] (-) TimerEvent: {}
[2.205316] (orion_mtc) StdoutLine: {'line': b'[ 50%] Building CXX object CMakeFiles/mtc_node.dir/src/mtc_node.cpp.o\n'}
[2.205506] (-) TimerEvent: {}
[2.305737] (-) TimerEvent: {}
[2.406154] (-) TimerEvent: {}
[2.506449] (-) TimerEvent: {}
[2.606753] (-) TimerEvent: {}
[2.707217] (-) TimerEvent: {}
[2.807603] (-) TimerEvent: {}
[2.908062] (-) TimerEvent: {}
[3.008429] (-) TimerEvent: {}
[3.108773] (-) TimerEvent: {}
[3.209721] (-) TimerEvent: {}
[3.309974] (-) TimerEvent: {}
[3.410408] (-) TimerEvent: {}
[3.510760] (-) TimerEvent: {}
[3.611172] (-) TimerEvent: {}
[3.711590] (-) TimerEvent: {}
[3.811891] (-) TimerEvent: {}
[3.912739] (-) TimerEvent: {}
[4.013005] (-) TimerEvent: {}
[4.113273] (-) TimerEvent: {}
[4.213575] (-) TimerEvent: {}
[4.313955] (-) TimerEvent: {}
[4.414288] (-) TimerEvent: {}
[4.514718] (-) TimerEvent: {}
[4.615053] (-) TimerEvent: {}
[4.715409] (-) TimerEvent: {}
[4.815849] (-) TimerEvent: {}
[4.916136] (-) TimerEvent: {}
[5.016513] (-) TimerEvent: {}
[5.116826] (-) TimerEvent: {}
[5.217149] (-) TimerEvent: {}
[5.317579] (-) TimerEvent: {}
[5.418003] (-) TimerEvent: {}
[5.518370] (-) TimerEvent: {}
[5.618975] (-) TimerEvent: {}
[5.719368] (-) TimerEvent: {}
[5.819735] (-) TimerEvent: {}
[5.920117] (-) TimerEvent: {}
[6.020454] (-) TimerEvent: {}
[6.120971] (-) TimerEvent: {}
[6.221407] (-) TimerEvent: {}
[6.321818] (-) TimerEvent: {}
[6.422742] (-) TimerEvent: {}
[6.523241] (-) TimerEvent: {}
[6.623589] (-) TimerEvent: {}
[6.723956] (-) TimerEvent: {}
[6.824320] (-) TimerEvent: {}
[6.924805] (-) TimerEvent: {}
[7.025130] (-) TimerEvent: {}
[7.125402] (-) TimerEvent: {}
[7.225714] (-) TimerEvent: {}
[7.326051] (-) TimerEvent: {}
[7.426777] (-) TimerEvent: {}
[7.527059] (-) TimerEvent: {}
[7.627439] (-) TimerEvent: {}
[7.727778] (-) TimerEvent: {}
[7.828156] (-) TimerEvent: {}
[7.928751] (-) TimerEvent: {}
[8.029784] (-) TimerEvent: {}
[8.130038] (-) TimerEvent: {}
[8.230327] (-) TimerEvent: {}
[8.330670] (-) TimerEvent: {}
[8.431182] (-) TimerEvent: {}
[8.531512] (-) TimerEvent: {}
[8.631803] (-) TimerEvent: {}
[8.732221] (-) TimerEvent: {}
[8.832587] (-) TimerEvent: {}
[8.934955] (-) TimerEvent: {}
[9.035250] (-) TimerEvent: {}
[9.135621] (-) TimerEvent: {}
[9.238267] (-) TimerEvent: {}
[9.338580] (-) TimerEvent: {}
[9.438904] (-) TimerEvent: {}
[9.539508] (-) TimerEvent: {}
[9.640009] (-) TimerEvent: {}
[9.740394] (-) TimerEvent: {}
[9.840781] (-) TimerEvent: {}
[9.941103] (-) TimerEvent: {}
[10.041716] (-) TimerEvent: {}
[10.142165] (-) TimerEvent: {}
[10.242592] (-) TimerEvent: {}
[10.343086] (-) TimerEvent: {}
[10.443434] (-) TimerEvent: {}
[10.543818] (-) TimerEvent: {}
[10.644283] (-) TimerEvent: {}
[10.744733] (-) TimerEvent: {}
[10.845219] (-) TimerEvent: {}
[10.945881] (-) TimerEvent: {}
[11.046169] (-) TimerEvent: {}
[11.146546] (-) TimerEvent: {}
[11.246938] (-) TimerEvent: {}
[11.347370] (-) TimerEvent: {}
[11.447750] (-) TimerEvent: {}
[11.548180] (-) TimerEvent: {}
[11.648727] (-) TimerEvent: {}
[11.749198] (-) TimerEvent: {}
[11.849695] (-) TimerEvent: {}
[11.949958] (-) TimerEvent: {}
[12.050328] (-) TimerEvent: {}
[12.150651] (-) TimerEvent: {}
[12.251082] (-) TimerEvent: {}
[12.351785] (-) TimerEvent: {}
[12.452234] (-) TimerEvent: {}
[12.552626] (-) TimerEvent: {}
[12.652971] (-) TimerEvent: {}
[12.753475] (-) TimerEvent: {}
[12.854070] (-) TimerEvent: {}
[12.954401] (-) TimerEvent: {}
[13.055019] (-) TimerEvent: {}
[13.155493] (-) TimerEvent: {}
[13.255743] (-) TimerEvent: {}
[13.356395] (-) TimerEvent: {}
[13.456754] (-) TimerEvent: {}
[13.557002] (-) TimerEvent: {}
[13.657279] (-) TimerEvent: {}
[13.757742] (-) TimerEvent: {}
[13.858262] (-) TimerEvent: {}
[13.958538] (-) TimerEvent: {}
[14.058985] (-) TimerEvent: {}
[14.159740] (-) TimerEvent: {}
[14.260028] (-) TimerEvent: {}
[14.361404] (-) TimerEvent: {}
[14.461744] (-) TimerEvent: {}
[14.561989] (-) TimerEvent: {}
[14.662495] (-) TimerEvent: {}
[14.762923] (-) TimerEvent: {}
[14.863382] (-) TimerEvent: {}
[14.963753] (-) TimerEvent: {}
[15.064092] (-) TimerEvent: {}
[15.164428] (-) TimerEvent: {}
[15.265009] (-) TimerEvent: {}
[15.365433] (-) TimerEvent: {}
[15.466020] (-) TimerEvent: {}
[15.566346] (-) TimerEvent: {}
[15.666770] (-) TimerEvent: {}
[15.767091] (-) TimerEvent: {}
[15.867495] (-) TimerEvent: {}
[15.967760] (-) TimerEvent: {}
[16.068076] (-) TimerEvent: {}
[16.088333] (orion_mtc) StdoutLine: {'line': b'[100%] Linking CXX executable mtc_node\n'}
[16.168211] (-) TimerEvent: {}
[16.268493] (-) TimerEvent: {}
[16.368752] (-) TimerEvent: {}
[16.469078] (-) TimerEvent: {}
[16.569413] (-) TimerEvent: {}
[16.669757] (-) TimerEvent: {}
[16.770122] (-) TimerEvent: {}
[16.870408] (-) TimerEvent: {}
[16.881169] (orion_mtc) StdoutLine: {'line': b'[100%] Built target mtc_node\n'}
[16.901683] (orion_mtc) CommandEnded: {'returncode': 0}
[16.903759] (orion_mtc) JobProgress: {'identifier': 'orion_mtc', 'progress': 'install'}
[16.930520] (orion_mtc) Command: {'cmd': ['/usr/bin/cmake', '--install', '/home/huzy/My_orion/build/orion_mtc'], 'cwd': '/home/huzy/My_orion/build/orion_mtc', 'env': OrderedDict([('GJS_DEBUG_TOPICS', 'JS ERROR;JS LOG'), ('LESSOPEN', '| /usr/bin/lesspipe %s'), ('VSCODE_CWD', '/home/huzy'), ('CURSOR_EXTENSION_HOST_ROLE', 'agent-exec'), ('VSCODE_ESM_ENTRYPOINT', 'vs/workbench/api/node/extensionHostProcess'), ('LANGUAGE', 'zh_CN:en_AU:en_US:en'), ('USER', 'huzy'), ('LC_TIME', 'zh_CN.UTF-8'), ('VSCODE_NLS_CONFIG', '{"userLocale":"zh-cn","osLocale":"zh-cn","resolvedLanguage":"zh-cn","defaultMessagesFile":"/tmp/.mount_CursoriSs0re/usr/share/cursor/resources/app/out/nls.messages.json","languagePack":{"translationsConfigFile":"/home/huzy/.config/Cursor/clp/3bfb7f1471a52e527cfc1587dd57c7c1.zh-cn/tcf.json","messagesFile":"/home/huzy/.config/Cursor/clp/3bfb7f1471a52e527cfc1587dd57c7c1.zh-cn/7d96c2a03bb088ad367615e9da1a3fe20fbbc6a0/nls.messages.json","corruptMarkerFile":"/home/huzy/.config/Cursor/clp/3bfb7f1471a52e527cfc1587dd57c7c1.zh-cn/corrupted.info"},"locale":"zh-cn","availableLanguages":{"*":"zh-cn"},"_languagePackId":"3bfb7f1471a52e527cfc1587dd57c7c1.zh-cn","_languagePackSupport":true,"_translationsConfigFile":"/home/huzy/.config/Cursor/clp/3bfb7f1471a52e527cfc1587dd57c7c1.zh-cn/tcf.json","_cacheRoot":"/home/huzy/.config/Cursor/clp/3bfb7f1471a52e527cfc1587dd57c7c1.zh-cn","_resolvedLanguagePackCoreLocation":"/home/huzy/.config/Cursor/clp/3bfb7f1471a52e527cfc1587dd57c7c1.zh-cn/7d96c2a03bb088ad367615e9da1a3fe20fbbc6a0","_corruptedFile":"/home/huzy/.config/Cursor/clp/3bfb7f1471a52e527cfc1587dd57c7c1.zh-cn/corrupted.info"}'), ('CI', '1'), ('VSCODE_HANDLES_UNCAUGHT_ERRORS', 'true'), ('XDG_SESSION_TYPE', 'wayland'), ('SHLVL', '1'), ('LD_LIBRARY_PATH', '/usr/lib/x86_64-linux-gnu/gazebo-11/plugins:/opt/ros/humble/opt/rviz_ogre_vendor/lib:/opt/ros/humble/lib/x86_64-linux-gnu:/opt/ros/humble/lib:/tmp/.mount_CursoriSs0re/usr/lib/:/tmp/.mount_CursoriSs0re/usr/lib32/:/tmp/.mount_CursoriSs0re/usr/lib64/:/tmp/.mount_CursoriSs0re/lib/:/tmp/.mount_CursoriSs0re/lib/i386-linux-gnu/:/tmp/.mount_CursoriSs0re/lib/x86_64-linux-gnu/:/tmp/.mount_CursoriSs0re/lib/aarch64-linux-gnu/:/tmp/.mount_CursoriSs0re/lib32/:/tmp/.mount_CursoriSs0re/lib64/:'), ('HOME', '/home/huzy'), ('CHROME_DESKTOP', 'cursor.desktop'), ('APPDIR', '/tmp/.mount_CursoriSs0re'), ('OLDPWD', '/home/huzy/My_orion'), ('DESKTOP_SESSION', 'ubuntu'), ('PERLLIB', '/tmp/.mount_CursoriSs0re/usr/share/perl5/:/tmp/.mount_CursoriSs0re/usr/lib/perl5/:'), ('VSCODE_IPC_HOOK', '/run/user/1000/vscode-294d73a8-2.5.-main.sock'), ('GIO_LAUNCHED_DESKTOP_FILE', '/home/huzy/.local/share/applications/cursor-ime.desktop'), ('ROS_PYTHON_VERSION', '3'), ('GNOME_SHELL_SESSION_MODE', 'ubuntu'), ('GTK_MODULES', 'gail:atk-bridge'), ('SDL_IM_MODULE', 'fcitx'), ('LC_MONETARY', 'zh_CN.UTF-8'), ('MANAGERPID', '1541'), ('SYSTEMD_EXEC_PID', '1709'), ('IM_CONFIG_CHECK_ENV', '1'), ('NO_COLOR', '1'), ('DBUS_SESSION_BUS_ADDRESS', 'unix:path=/run/user/1000/bus'), ('GIO_LAUNCHED_DESKTOP_FILE_PID', '3264'), ('VSCODE_CRASH_REPORTER_PROCESS_TYPE', 'extensionHost'), ('IM_CONFIG_PHASE', '1'), ('WAYLAND_DISPLAY', 'wayland-0'), ('COLCON_PREFIX_PATH', '/home/huzy/My_orion/install'), ('ROS_DISTRO', 'humble'), ('GTK_IM_MODULE', 'fcitx'), ('LOGNAME', 'huzy'), ('FORCE_COLOR', '0'), ('OWD', '/home/huzy'), ('JOURNAL_STREAM', '8:22044'), ('_', '/usr/bin/colcon'), ('ROS_VERSION', '2'), ('XDG_SESSION_CLASS', 'user'), ('USERNAME', 'huzy'), ('TERM', 'dumb'), ('GNOME_DESKTOP_SESSION_ID', 'this-is-deprecated'), ('FC_FONTATIONS', '1'), ('ROS_LOCALHOST_ONLY', '0'), ('PATH', '/home/huzy/.local/bin:/home/huzy/bin:/home/huzy/bin:/home/huzy/.local/bin:/home/huzy/bin:/home/huzy/bin:/opt/ros/humble/bin:/tmp/.mount_CursoriSs0re/usr/bin/:/tmp/.mount_CursoriSs0re/usr/sbin/:/tmp/.mount_CursoriSs0re/usr/games/:/tmp/.mount_CursoriSs0re/bin/:/tmp/.mount_CursoriSs0re/sbin/:/home/huzy/.local/bin:/home/huzy/bin:/usr/local/sbin:/usr/local/bin:/usr/sbin:/usr/bin:/sbin:/bin:/usr/games:/usr/local/games:/snap/bin:/snap/bin'), ('SESSION_MANAGER', 'local/huzy-virtual-machine:@/tmp/.ICE-unix/1675,unix/huzy-virtual-machine:/tmp/.ICE-unix/1675'), ('INVOCATION_ID', 'a2601410a8d14920833ed6807e68bc15'), ('PAPERSIZE', 'a4'), ('APPIMAGE', '/home/huzy/Downloads/Cursor-1.4.5-x86_64.AppImage'), ('XDG_MENU_PREFIX', 'gnome-'), ('LC_ADDRESS', 'zh_CN.UTF-8'), ('VSCODE_PROCESS_TITLE', 'extension-host (agent-exec) [1-6]'), ('GNOME_SETUP_DISPLAY', ':1'), ('XDG_RUNTIME_DIR', '/run/user/1000'), ('GDK_BACKEND', 'x11'), ('CURSOR_AGENT', '1'), ('DISPLAY', ':0'), ('LANG', 'zh_CN.UTF-8'), ('XDG_CURRENT_DESKTOP', 'ubuntu:GNOME'), ('LC_TELEPHONE', 'zh_CN.UTF-8'), ('XMODIFIERS', '@im=fcitx'), ('XDG_SESSION_DESKTOP', 'ubuntu'), ('XAUTHORITY', '/run/user/1000/.mutter-Xwaylandauth.4ZVTL3'), ('LS_COLORS', ''), ('CURSOR_TRACE_ID', '2ac507847837424d9bf65893652cc69d'), ('SSH_AGENT_LAUNCHER', 'gnome-keyring'), ('SSH_AUTH_SOCK', '/run/user/1000/keyring/ssh'), ('GSETTINGS_SCHEMA_DIR', '/tmp/.mount_CursoriSs0re/usr/share/glib-2.0/schemas/:'), ('AMENT_PREFIX_PATH', '/home/huzy/My_orion/install/orion_pybullet_sim:/home/huzy/My_orion/install/orion_mtc:/home/huzy/My_orion/install/orion_moveit_config:/home/huzy/My_orion/install/orion_description:/opt/ros/humble'), ('SHELL', '/bin/bash'), ('LC_NAME', 'zh_CN.UTF-8'), ('ARGV0', '/home/huzy/Downloads/Cursor-1.4.5-x86_64.AppImage'), ('QT_ACCESSIBILITY', '1'), ('GDMSESSION', 'ubuntu'), ('LESSCLOSE', '/usr/bin/lesspipe %s %s'), ('LC_MEASUREMENT', 'zh_CN.UTF-8'), ('GJS_DEBUG_OUTPUT', 'stderr'), ('LC_IDENTIFICATION', 'zh_CN.UTF-8'), ('QT_IM_MODULE', 'fcitx'), ('PWD', '/home/huzy/My_orion/build/orion_mtc'), ('XDG_CONFIG_DIRS', '/etc/xdg/xdg-ubuntu:/etc/xdg'), ('VSCODE_CODE_CACHE_PATH', '/home/huzy/.config/Cursor/CachedData/7d96c2a03bb088ad367615e9da1a3fe20fbbc6a0'), ('CLUTTER_IM_MODULE', 'fcitx'), ('XDG_DATA_DIRS', '/tmp/.mount_CursoriSs0re/usr/share/:/usr/local/share:/usr/share:/usr/share/ubuntu:/usr/local/share/:/usr/share/:/var/lib/snapd/desktop'), ('PYTHONPATH', '/home/huzy/My_orion/install/orion_pybullet_sim/lib/python3.10/site-packages:/opt/ros/humble/lib/python3.10/site-packages:/opt/ros/humble/local/lib/python3.10/dist-packages'), ('LC_NUMERIC', 'zh_CN.UTF-8'), ('LC_PAPER', 'zh_CN.UTF-8'), ('QT_PLUGIN_PATH', '/tmp/.mount_CursoriSs0re/usr/lib/qt4/plugins/:/tmp/.mount_CursoriSs0re/usr/lib/i386-linux-gnu/qt4/plugins/:/tmp/.mount_CursoriSs0re/usr/lib/x86_64-linux-gnu/qt4/plugins/:/tmp/.mount_CursoriSs0re/usr/lib/aarch64-linux-gnu/qt4/plugins/:/tmp/.mount_CursoriSs0re/usr/lib32/qt4/plugins/:/tmp/.mount_CursoriSs0re/usr/lib64/qt4/plugins/:/tmp/.mount_CursoriSs0re/usr/lib/qt5/plugins/:/tmp/.mount_CursoriSs0re/usr/lib/i386-linux-gnu/qt5/plugins/:/tmp/.mount_CursoriSs0re/usr/lib/x86_64-linux-gnu/qt5/plugins/:/tmp/.mount_CursoriSs0re/usr/lib/aarch64-linux-gnu/qt5/plugins/:/tmp/.mount_CursoriSs0re/usr/lib32/qt5/plugins/:/tmp/.mount_CursoriSs0re/usr/lib64/qt5/plugins/:'), ('COLCON', '1'), ('_ZO_DOCTOR', '0'), ('CMAKE_PREFIX_PATH', '/home/huzy/My_orion/install/orion_moveit_config:/home/huzy/My_orion/install/orion_description:/home/huzy/My_orion/install/orion_mtc:/home/huzy/My_orion/install/orion_pybullet_sim:/opt/ros/humble'), ('VSCODE_PID', '3264')]), 'shell': False}
[16.947351] (orion_mtc) StdoutLine: {'line': b'-- Install configuration: ""\n'}
[16.947588] (orion_mtc) StdoutLine: {'line': b'-- Execute custom install script\n'}
[16.947724] (orion_mtc) StdoutLine: {'line': b'-- Up-to-date symlink: /home/huzy/My_orion/install/orion_mtc/lib/orion_mtc/mtc_node\n'}
[16.947824] (orion_mtc) StdoutLine: {'line': b'-- Up-to-date symlink: /home/huzy/My_orion/install/orion_mtc/share/orion_mtc/launch/pick_place_demo.launch.py\n'}
[16.947868] (orion_mtc) StdoutLine: {'line': b'-- Up-to-date symlink: /home/huzy/My_orion/install/orion_mtc/share/orion_mtc/launch/pick_place_pybullet.launch.py\n'}
[16.948622] (orion_mtc) StdoutLine: {'line': b'-- Up-to-date symlink: /home/huzy/My_orion/install/orion_mtc/share/ament_index/resource_index/package_run_dependencies/orion_mtc\n'}
[16.948969] (orion_mtc) StdoutLine: {'line': b'-- Up-to-date symlink: /home/huzy/My_orion/install/orion_mtc/share/ament_index/resource_index/parent_prefix_path/orion_mtc\n'}
[16.949124] (orion_mtc) StdoutLine: {'line': b'-- Up-to-date symlink: /home/huzy/My_orion/install/orion_mtc/share/orion_mtc/environment/ament_prefix_path.sh\n'}
[16.949239] (orion_mtc) StdoutLine: {'line': b'-- Up-to-date symlink: /home/huzy/My_orion/install/orion_mtc/share/orion_mtc/environment/ament_prefix_path.dsv\n'}
[16.949329] (orion_mtc) StdoutLine: {'line': b'-- Up-to-date symlink: /home/huzy/My_orion/install/orion_mtc/share/orion_mtc/environment/path.sh\n'}
[16.949417] (orion_mtc) StdoutLine: {'line': b'-- Up-to-date symlink: /home/huzy/My_orion/install/orion_mtc/share/orion_mtc/environment/path.dsv\n'}
[16.949813] (orion_mtc) StdoutLine: {'line': b'-- Up-to-date symlink: /home/huzy/My_orion/install/orion_mtc/share/orion_mtc/local_setup.bash\n'}
[16.949944] (orion_mtc) StdoutLine: {'line': b'-- Up-to-date symlink: /home/huzy/My_orion/install/orion_mtc/share/orion_mtc/local_setup.sh\n'}
[16.949983] (orion_mtc) StdoutLine: {'line': b'-- Up-to-date symlink: /home/huzy/My_orion/install/orion_mtc/share/orion_mtc/local_setup.zsh\n'}
[16.950016] (orion_mtc) StdoutLine: {'line': b'-- Up-to-date symlink: /home/huzy/My_orion/install/orion_mtc/share/orion_mtc/local_setup.dsv\n'}
[16.950048] (orion_mtc) StdoutLine: {'line': b'-- Symlinking: /home/huzy/My_orion/install/orion_mtc/share/orion_mtc/package.dsv\n'}
[16.970546] (-) TimerEvent: {}
[16.983090] (orion_mtc) StdoutLine: {'line': b'-- Up-to-date symlink: /home/huzy/My_orion/install/orion_mtc/share/ament_index/resource_index/packages/orion_mtc\n'}
[16.983475] (orion_mtc) StdoutLine: {'line': b'-- Up-to-date symlink: /home/huzy/My_orion/install/orion_mtc/share/orion_mtc/cmake/orion_mtcConfig.cmake\n'}
[16.983521] (orion_mtc) StdoutLine: {'line': b'-- Up-to-date symlink: /home/huzy/My_orion/install/orion_mtc/share/orion_mtc/cmake/orion_mtcConfig-version.cmake\n'}
[16.983557] (orion_mtc) StdoutLine: {'line': b'-- Up-to-date symlink: /home/huzy/My_orion/install/orion_mtc/share/orion_mtc/package.xml\n'}
[16.984946] (orion_mtc) CommandEnded: {'returncode': 0}
[16.999992] (orion_mtc) JobEnded: {'identifier': 'orion_mtc', 'rc': 0}
[17.000820] (-) EventReactorShutdown: {}
