[0.007s] Invoking command in '/home/joey/My_orion/build/orion_moveit_config': CMAKE_PREFIX_PATH=/home/joey/My_orion/install/orion_description:/home/joey/My_orion/install/orion_mtc:/home/joey/My_orion/install/orion_moveit_config:/opt/ros/humble /usr/bin/cmake --build /home/joey/My_orion/build/orion_moveit_config -- -j4 -l4
[0.021s] -- Found ament_cmake: 1.3.13 (/opt/ros/humble/share/ament_cmake/cmake)
[0.134s] -- Configuring done
[0.134s] -- Generating done
[0.135s] -- Build files have been written to: /home/joey/My_orion/build/orion_moveit_config
[0.150s] Invoked command in '/home/joey/My_orion/build/orion_moveit_config' returned '0': CMAKE_PREFIX_PATH=/home/joey/My_orion/install/orion_description:/home/joey/My_orion/install/orion_mtc:/home/joey/My_orion/install/orion_moveit_config:/opt/ros/humble /usr/bin/cmake --build /home/joey/My_orion/build/orion_moveit_config -- -j4 -l4
[0.157s] Invoking command in '/home/joey/My_orion/build/orion_moveit_config': CMAKE_PREFIX_PATH=/home/joey/My_orion/install/orion_description:/home/joey/My_orion/install/orion_mtc:/home/joey/My_orion/install/orion_moveit_config:/opt/ros/humble /usr/bin/cmake --install /home/joey/My_orion/build/orion_moveit_config
[0.166s] -- Install configuration: ""
[0.167s] -- Up-to-date: /home/joey/My_orion/install/orion_moveit_config/share/orion_moveit_config/config
[0.167s] -- Up-to-date: /home/joey/My_orion/install/orion_moveit_config/share/orion_moveit_config/config/joint_limits.yaml
[0.168s] -- Up-to-date: /home/joey/My_orion/install/orion_moveit_config/share/orion_moveit_config/config/kinematics.yaml
[0.168s] -- Installing: /home/joey/My_orion/install/orion_moveit_config/share/orion_moveit_config/config/moveit.rviz
[0.170s] -- Up-to-date: /home/joey/My_orion/install/orion_moveit_config/share/orion_moveit_config/config/orion.srdf
[0.170s] -- Up-to-date: /home/joey/My_orion/install/orion_moveit_config/share/orion_moveit_config/config/moveit_controllers.yaml
[0.170s] -- Up-to-date: /home/joey/My_orion/install/orion_moveit_config/share/orion_moveit_config/config/ompl_planning.yaml
[0.170s] -- Up-to-date: /home/joey/My_orion/install/orion_moveit_config/share/orion_moveit_config/launch
[0.170s] -- Installing: /home/joey/My_orion/install/orion_moveit_config/share/orion_moveit_config/launch/demo.launch.py
[0.170s] -- Installing: /home/joey/My_orion/install/orion_moveit_config/share/ament_index/resource_index/package_run_dependencies/orion_moveit_config
[0.171s] -- Up-to-date: /home/joey/My_orion/install/orion_moveit_config/share/ament_index/resource_index/parent_prefix_path/orion_moveit_config
[0.171s] -- Up-to-date: /home/joey/My_orion/install/orion_moveit_config/share/orion_moveit_config/environment/ament_prefix_path.sh
[0.171s] -- Installing: /home/joey/My_orion/install/orion_moveit_config/share/orion_moveit_config/environment/ament_prefix_path.dsv
[0.171s] -- Up-to-date: /home/joey/My_orion/install/orion_moveit_config/share/orion_moveit_config/environment/path.sh
[0.171s] -- Installing: /home/joey/My_orion/install/orion_moveit_config/share/orion_moveit_config/environment/path.dsv
[0.171s] -- Up-to-date: /home/joey/My_orion/install/orion_moveit_config/share/orion_moveit_config/local_setup.bash
[0.171s] -- Up-to-date: /home/joey/My_orion/install/orion_moveit_config/share/orion_moveit_config/local_setup.sh
[0.171s] -- Up-to-date: /home/joey/My_orion/install/orion_moveit_config/share/orion_moveit_config/local_setup.zsh
[0.171s] -- Installing: /home/joey/My_orion/install/orion_moveit_config/share/orion_moveit_config/local_setup.dsv
[0.171s] -- Installing: /home/joey/My_orion/install/orion_moveit_config/share/orion_moveit_config/package.dsv
[0.171s] -- Up-to-date: /home/joey/My_orion/install/orion_moveit_config/share/ament_index/resource_index/packages/orion_moveit_config
[0.171s] -- Up-to-date: /home/joey/My_orion/install/orion_moveit_config/share/orion_moveit_config/cmake/orion_moveit_configConfig.cmake
[0.171s] -- Up-to-date: /home/joey/My_orion/install/orion_moveit_config/share/orion_moveit_config/cmake/orion_moveit_configConfig-version.cmake
[0.171s] -- Installing: /home/joey/My_orion/install/orion_moveit_config/share/orion_moveit_config/package.xml
[0.174s] Invoked command in '/home/joey/My_orion/build/orion_moveit_config' returned '0': CMAKE_PREFIX_PATH=/home/joey/My_orion/install/orion_description:/home/joey/My_orion/install/orion_mtc:/home/joey/My_orion/install/orion_moveit_config:/opt/ros/humble /usr/bin/cmake --install /home/joey/My_orion/build/orion_moveit_config
