[0.008s] Invoking command in '/home/joey/My_orion/build/orion_mtc': AMENT_PREFIX_PATH=/home/joey/My_orion/install/orion_pybullet_sim:/home/joey/My_orion/install/orion_mtc:/home/joey/My_orion/install/orion_moveit_config:/home/joey/My_orion/install/orion_description:/opt/ros/humble CMAKE_PREFIX_PATH=/home/joey/My_orion/install/orion_moveit_config:/home/joey/My_orion/install/orion_description:/home/joey/My_orion/install/orion_mtc:/home/joey/My_orion/install/orion_pybullet_sim:/opt/ros/humble /usr/bin/cmake --build /home/joey/My_orion/build/orion_mtc -- -j4 -l4
[0.040s] Consolidate compiler generated dependencies of target mtc_node
[0.050s] [ 50%] Building CXX object CMakeFiles/mtc_node.dir/src/mtc_node.cpp.o
[3.060s] /home/joey/My_orion/src/orion_mtc/src/mtc_node.cpp: In constructor ‘OrionMTCTaskNode::OrionMTCTaskNode(const rclcpp::NodeOptions&)’:
[3.060s] /home/joey/My_orion/src/orion_mtc/src/mtc_node.cpp:88:10: error: ‘using element_type = class rclcpp::Node’ {aka ‘class rclcpp::Node’} has no member named ‘declare_parameter_if_not_declared’
[3.061s]    88 |   node_->declare_parameter_if_not_declared("approach_object_min_dist", rclcpp::ParameterValue(0.10));
[3.061s]       |          ^~~~~~~~~~~~~~~~~~~~~~~~~~~~~~~~~
[3.061s] /home/joey/My_orion/src/orion_mtc/src/mtc_node.cpp:89:10: error: ‘using element_type = class rclcpp::Node’ {aka ‘class rclcpp::Node’} has no member named ‘declare_parameter_if_not_declared’
[3.061s]    89 |   node_->declare_parameter_if_not_declared("approach_object_max_dist", rclcpp::ParameterValue(0.15));
[3.061s]       |          ^~~~~~~~~~~~~~~~~~~~~~~~~~~~~~~~~
[3.061s] /home/joey/My_orion/src/orion_mtc/src/mtc_node.cpp:90:10: error: ‘using element_type = class rclcpp::Node’ {aka ‘class rclcpp::Node’} has no member named ‘declare_parameter_if_not_declared’
[3.061s]    90 |   node_->declare_parameter_if_not_declared("lift_object_min_dist", rclcpp::ParameterValue(0.05));
[3.061s]       |          ^~~~~~~~~~~~~~~~~~~~~~~~~~~~~~~~~
[3.061s] /home/joey/My_orion/src/orion_mtc/src/mtc_node.cpp:91:10: error: ‘using element_type = class rclcpp::Node’ {aka ‘class rclcpp::Node’} has no member named ‘declare_parameter_if_not_declared’
[3.061s]    91 |   node_->declare_parameter_if_not_declared("lift_object_max_dist", rclcpp::ParameterValue(0.25));
[3.061s]       |          ^~~~~~~~~~~~~~~~~~~~~~~~~~~~~~~~~
[3.061s] /home/joey/My_orion/src/orion_mtc/src/mtc_node.cpp:92:10: error: ‘using element_type = class rclcpp::Node’ {aka ‘class rclcpp::Node’} has no member named ‘declare_parameter_if_not_declared’
[3.061s]    92 |   node_->declare_parameter_if_not_declared("support_surface_link", rclcpp::ParameterValue(""));
[3.061s]       |          ^~~~~~~~~~~~~~~~~~~~~~~~~~~~~~~~~
[3.061s] /home/joey/My_orion/src/orion_mtc/src/mtc_node.cpp:93:10: error: ‘using element_type = class rclcpp::Node’ {aka ‘class rclcpp::Node’} has no member named ‘declare_parameter_if_not_declared’
[3.061s]    93 |   node_->declare_parameter_if_not_declared("place_pose_x", rclcpp::ParameterValue(0.35));
[3.061s]       |          ^~~~~~~~~~~~~~~~~~~~~~~~~~~~~~~~~
[3.061s] /home/joey/My_orion/src/orion_mtc/src/mtc_node.cpp:94:10: error: ‘using element_type = class rclcpp::Node’ {aka ‘class rclcpp::Node’} has no member named ‘declare_parameter_if_not_declared’
[3.061s]    94 |   node_->declare_parameter_if_not_declared("place_pose_y", rclcpp::ParameterValue(0.15));
[3.061s]       |          ^~~~~~~~~~~~~~~~~~~~~~~~~~~~~~~~~
[3.062s] /home/joey/My_orion/src/orion_mtc/src/mtc_node.cpp:95:10: error: ‘using element_type = class rclcpp::Node’ {aka ‘class rclcpp::Node’} has no member named ‘declare_parameter_if_not_declared’
[3.062s]    95 |   node_->declare_parameter_if_not_declared("place_pose_z", rclcpp::ParameterValue(0.4));
[3.062s]       |          ^~~~~~~~~~~~~~~~~~~~~~~~~~~~~~~~~
[3.062s] /home/joey/My_orion/src/orion_mtc/src/mtc_node.cpp:96:10: error: ‘using element_type = class rclcpp::Node’ {aka ‘class rclcpp::Node’} has no member named ‘declare_parameter_if_not_declared’
[3.062s]    96 |   node_->declare_parameter_if_not_declared("place_pose_qx", rclcpp::ParameterValue(0.0));
[3.062s]       |          ^~~~~~~~~~~~~~~~~~~~~~~~~~~~~~~~~
[3.062s] /home/joey/My_orion/src/orion_mtc/src/mtc_node.cpp:97:10: error: ‘using element_type = class rclcpp::Node’ {aka ‘class rclcpp::Node’} has no member named ‘declare_parameter_if_not_declared’
[3.062s]    97 |   node_->declare_parameter_if_not_declared("place_pose_qy", rclcpp::ParameterValue(0.0));
[3.062s]       |          ^~~~~~~~~~~~~~~~~~~~~~~~~~~~~~~~~
[3.062s] /home/joey/My_orion/src/orion_mtc/src/mtc_node.cpp:98:10: error: ‘using element_type = class rclcpp::Node’ {aka ‘class rclcpp::Node’} has no member named ‘declare_parameter_if_not_declared’
[3.062s]    98 |   node_->declare_parameter_if_not_declared("place_pose_qz", rclcpp::ParameterValue(0.0));
[3.062s]       |          ^~~~~~~~~~~~~~~~~~~~~~~~~~~~~~~~~
[3.062s] /home/joey/My_orion/src/orion_mtc/src/mtc_node.cpp:99:10: error: ‘using element_type = class rclcpp::Node’ {aka ‘class rclcpp::Node’} has no member named ‘declare_parameter_if_not_declared’
[3.062s]    99 |   node_->declare_parameter_if_not_declared("place_pose_qw", rclcpp::ParameterValue(1.0));
[3.062s]       |          ^~~~~~~~~~~~~~~~~~~~~~~~~~~~~~~~~
[3.062s] /home/joey/My_orion/src/orion_mtc/src/mtc_node.cpp:100:10: error: ‘using element_type = class rclcpp::Node’ {aka ‘class rclcpp::Node’} has no member named ‘declare_parameter_if_not_declared’
[3.062s]   100 |   node_->declare_parameter_if_not_declared("retreat_min_dist", rclcpp::ParameterValue(0.12));
[3.062s]       |          ^~~~~~~~~~~~~~~~~~~~~~~~~~~~~~~~~
[3.062s] /home/joey/My_orion/src/orion_mtc/src/mtc_node.cpp:101:10: error: ‘using element_type = class rclcpp::Node’ {aka ‘class rclcpp::Node’} has no member named ‘declare_parameter_if_not_declared’
[3.062s]   101 |   node_->declare_parameter_if_not_declared("retreat_max_dist", rclcpp::ParameterValue(0.25));
[3.062s]       |          ^~~~~~~~~~~~~~~~~~~~~~~~~~~~~~~~~
[3.062s] /home/joey/My_orion/src/orion_mtc/src/mtc_node.cpp:102:10: error: ‘using element_type = class rclcpp::Node’ {aka ‘class rclcpp::Node’} has no member named ‘declare_parameter_if_not_declared’
[3.062s]   102 |   node_->declare_parameter_if_not_declared("lower_to_place_min_dist", rclcpp::ParameterValue(0.05));
[3.062s]       |          ^~~~~~~~~~~~~~~~~~~~~~~~~~~~~~~~~
[3.062s] /home/joey/My_orion/src/orion_mtc/src/mtc_node.cpp:103:10: error: ‘using element_type = class rclcpp::Node’ {aka ‘class rclcpp::Node’} has no member named ‘declare_parameter_if_not_declared’
[3.062s]   103 |   node_->declare_parameter_if_not_declared("lower_to_place_max_dist", rclcpp::ParameterValue(0.12));
[3.062s]       |          ^~~~~~~~~~~~~~~~~~~~~~~~~~~~~~~~~
[3.062s] /home/joey/My_orion/src/orion_mtc/src/mtc_node.cpp:104:10: error: ‘using element_type = class rclcpp::Node’ {aka ‘class rclcpp::Node’} has no member named ‘declare_parameter_if_not_declared’
[3.062s]   104 |   node_->declare_parameter_if_not_declared("object_position_x", rclcpp::ParameterValue(0.35));
[3.062s]       |          ^~~~~~~~~~~~~~~~~~~~~~~~~~~~~~~~~
[3.062s] /home/joey/My_orion/src/orion_mtc/src/mtc_node.cpp:105:10: error: ‘using element_type = class rclcpp::Node’ {aka ‘class rclcpp::Node’} has no member named ‘declare_parameter_if_not_declared’
[3.062s]   105 |   node_->declare_parameter_if_not_declared("object_position_y", rclcpp::ParameterValue(-0.15));
[3.062s]       |          ^~~~~~~~~~~~~~~~~~~~~~~~~~~~~~~~~
[3.062s] /home/joey/My_orion/src/orion_mtc/src/mtc_node.cpp:106:10: error: ‘using element_type = class rclcpp::Node’ {aka ‘class rclcpp::Node’} has no member named ‘declare_parameter_if_not_declared’
[3.062s]   106 |   node_->declare_parameter_if_not_declared("object_position_z", rclcpp::ParameterValue(0.4));
[3.062s]       |          ^~~~~~~~~~~~~~~~~~~~~~~~~~~~~~~~~
[3.062s] /home/joey/My_orion/src/orion_mtc/src/mtc_node.cpp:107:10: error: ‘using element_type = class rclcpp::Node’ {aka ‘class rclcpp::Node’} has no member named ‘declare_parameter_if_not_declared’
[3.062s]   107 |   node_->declare_parameter_if_not_declared("pregrasp_x", rclcpp::ParameterValue(0.40));
[3.062s]       |          ^~~~~~~~~~~~~~~~~~~~~~~~~~~~~~~~~
[3.062s] /home/joey/My_orion/src/orion_mtc/src/mtc_node.cpp:108:10: error: ‘using element_type = class rclcpp::Node’ {aka ‘class rclcpp::Node’} has no member named ‘declare_parameter_if_not_declared’
[3.062s]   108 |   node_->declare_parameter_if_not_declared("pregrasp_y", rclcpp::ParameterValue(-0.15));
[3.062s]       |          ^~~~~~~~~~~~~~~~~~~~~~~~~~~~~~~~~
[3.062s] /home/joey/My_orion/src/orion_mtc/src/mtc_node.cpp:109:10: error: ‘using element_type = class rclcpp::Node’ {aka ‘class rclcpp::Node’} has no member named ‘declare_parameter_if_not_declared’
[3.062s]   109 |   node_->declare_parameter_if_not_declared("pregrasp_z", rclcpp::ParameterValue(0.62));
[3.063s]       |          ^~~~~~~~~~~~~~~~~~~~~~~~~~~~~~~~~
[5.850s] gmake[2]: *** [CMakeFiles/mtc_node.dir/build.make:76：CMakeFiles/mtc_node.dir/src/mtc_node.cpp.o] 错误 1
[5.850s] gmake[1]: *** [CMakeFiles/Makefile2:137：CMakeFiles/mtc_node.dir/all] 错误 2
[5.850s] gmake: *** [Makefile:146：all] 错误 2
[5.853s] Invoked command in '/home/joey/My_orion/build/orion_mtc' returned '2': AMENT_PREFIX_PATH=/home/joey/My_orion/install/orion_pybullet_sim:/home/joey/My_orion/install/orion_mtc:/home/joey/My_orion/install/orion_moveit_config:/home/joey/My_orion/install/orion_description:/opt/ros/humble CMAKE_PREFIX_PATH=/home/joey/My_orion/install/orion_moveit_config:/home/joey/My_orion/install/orion_description:/home/joey/My_orion/install/orion_mtc:/home/joey/My_orion/install/orion_pybullet_sim:/opt/ros/humble /usr/bin/cmake --build /home/joey/My_orion/build/orion_mtc -- -j4 -l4
