[0.010s] Invoking command in '/home/joey/My_orion/build/orion_mtc': CMAKE_PREFIX_PATH=/home/joey/My_orion/install/orion_moveit_config:/home/joey/My_orion/install/orion_description:/home/joey/My_orion/install/orion_mtc:/home/joey/My_orion/install/orion_pybullet_sim:/opt/ros/humble /usr/bin/cmake --build /home/joey/My_orion/build/orion_mtc -- -j4 -l4
[0.048s] [ 50%] Building CXX object CMakeFiles/mtc_node.dir/src/mtc_node.cpp.o
[6.166s] [100%] Linking CXX executable mtc_node
[6.395s] [100%] Built target mtc_node
[6.403s] Invoked command in '/home/joey/My_orion/build/orion_mtc' returned '0': CMAKE_PREFIX_PATH=/home/joey/My_orion/install/orion_moveit_config:/home/joey/My_orion/install/orion_description:/home/joey/My_orion/install/orion_mtc:/home/joey/My_orion/install/orion_pybullet_sim:/opt/ros/humble /usr/bin/cmake --build /home/joey/My_orion/build/orion_mtc -- -j4 -l4
[6.410s] Invoking command in '/home/joey/My_orion/build/orion_mtc': CMAKE_PREFIX_PATH=/home/joey/My_orion/install/orion_moveit_config:/home/joey/My_orion/install/orion_description:/home/joey/My_orion/install/orion_mtc:/home/joey/My_orion/install/orion_pybullet_sim:/opt/ros/humble /usr/bin/cmake --install /home/joey/My_orion/build/orion_mtc
[6.413s] -- Install configuration: ""
[6.414s] -- Execute custom install script
[6.414s] -- Up-to-date symlink: /home/joey/My_orion/install/orion_mtc/lib/orion_mtc/mtc_node
[6.414s] -- Up-to-date symlink: /home/joey/My_orion/install/orion_mtc/share/orion_mtc/launch/pick_place_demo.launch.py
[6.414s] -- Up-to-date symlink: /home/joey/My_orion/install/orion_mtc/share/orion_mtc/launch/pick_place_pybullet.launch.py
[6.414s] -- Up-to-date symlink: /home/joey/My_orion/install/orion_mtc/share/ament_index/resource_index/package_run_dependencies/orion_mtc
[6.414s] -- Up-to-date symlink: /home/joey/My_orion/install/orion_mtc/share/ament_index/resource_index/parent_prefix_path/orion_mtc
[6.414s] -- Up-to-date symlink: /home/joey/My_orion/install/orion_mtc/share/orion_mtc/environment/ament_prefix_path.sh
[6.415s] -- Up-to-date symlink: /home/joey/My_orion/install/orion_mtc/share/orion_mtc/environment/ament_prefix_path.dsv
[6.415s] -- Up-to-date symlink: /home/joey/My_orion/install/orion_mtc/share/orion_mtc/environment/path.sh
[6.415s] -- Up-to-date symlink: /home/joey/My_orion/install/orion_mtc/share/orion_mtc/environment/path.dsv
[6.416s] -- Up-to-date symlink: /home/joey/My_orion/install/orion_mtc/share/orion_mtc/local_setup.bash
[6.416s] -- Up-to-date symlink: /home/joey/My_orion/install/orion_mtc/share/orion_mtc/local_setup.sh
[6.416s] -- Up-to-date symlink: /home/joey/My_orion/install/orion_mtc/share/orion_mtc/local_setup.zsh
[6.416s] -- Up-to-date symlink: /home/joey/My_orion/install/orion_mtc/share/orion_mtc/local_setup.dsv
[6.416s] -- Symlinking: /home/joey/My_orion/install/orion_mtc/share/orion_mtc/package.dsv
[6.420s] -- Up-to-date symlink: /home/joey/My_orion/install/orion_mtc/share/ament_index/resource_index/packages/orion_mtc
[6.420s] -- Up-to-date symlink: /home/joey/My_orion/install/orion_mtc/share/orion_mtc/cmake/orion_mtcConfig.cmake
[6.420s] -- Up-to-date symlink: /home/joey/My_orion/install/orion_mtc/share/orion_mtc/cmake/orion_mtcConfig-version.cmake
[6.421s] -- Up-to-date symlink: /home/joey/My_orion/install/orion_mtc/share/orion_mtc/package.xml
[6.422s] Invoked command in '/home/joey/My_orion/build/orion_mtc' returned '0': CMAKE_PREFIX_PATH=/home/joey/My_orion/install/orion_moveit_config:/home/joey/My_orion/install/orion_description:/home/joey/My_orion/install/orion_mtc:/home/joey/My_orion/install/orion_pybullet_sim:/opt/ros/humble /usr/bin/cmake --install /home/joey/My_orion/build/orion_mtc
