running egg_info
creating ../../build/orion_pybullet_sim/orion_pybullet_sim.egg-info
writing ../../build/orion_pybullet_sim/orion_pybullet_sim.egg-info/PKG-INFO
writing dependency_links to ../../build/orion_pybullet_sim/orion_pybullet_sim.egg-info/dependency_links.txt
writing entry points to ../../build/orion_pybullet_sim/orion_pybullet_sim.egg-info/entry_points.txt
writing requirements to ../../build/orion_pybullet_sim/orion_pybullet_sim.egg-info/requires.txt
writing top-level names to ../../build/orion_pybullet_sim/orion_pybullet_sim.egg-info/top_level.txt
writing manifest file '../../build/orion_pybullet_sim/orion_pybullet_sim.egg-info/SOURCES.txt'
reading manifest file '../../build/orion_pybullet_sim/orion_pybullet_sim.egg-info/SOURCES.txt'
writing manifest file '../../build/orion_pybullet_sim/orion_pybullet_sim.egg-info/SOURCES.txt'
running build
running build_py
creating /home/joey/My_orion/build/orion_pybullet_sim/build
creating /home/joey/My_orion/build/orion_pybullet_sim/build/lib
creating /home/joey/My_orion/build/orion_pybullet_sim/build/lib/orion_pybullet_sim
copying orion_pybullet_sim/pybullet_controller_node.py -> /home/joey/My_orion/build/orion_pybullet_sim/build/lib/orion_pybullet_sim
copying orion_pybullet_sim/__init__.py -> /home/joey/My_orion/build/orion_pybullet_sim/build/lib/orion_pybullet_sim
running install
running install_lib
running install_data
running install_egg_info
removing '/home/joey/My_orion/install/orion_pybullet_sim/lib/python3.10/site-packages/orion_pybullet_sim-0.0.1-py3.10.egg-info' (and everything under it)
Copying ../../build/orion_pybullet_sim/orion_pybullet_sim.egg-info to /home/joey/My_orion/install/orion_pybullet_sim/lib/python3.10/site-packages/orion_pybullet_sim-0.0.1-py3.10.egg-info
running install_scripts
Installing pybullet_controller script to /home/joey/My_orion/install/orion_pybullet_sim/lib/orion_pybullet_sim
writing list of installed files to '/home/joey/My_orion/build/orion_pybullet_sim/install.log'
