[1.017s] Invoking command in '/home/joey/My_orion/src/orion_pybullet_sim': AMENT_PREFIX_PATH=/home/joey/My_orion/install/orion_moveit_config:/home/joey/My_orion/install/orion_description:${AMENT_PREFIX_PATH} CMAKE_PREFIX_PATH=/home/joey/My_orion/install/orion_moveit_config:/home/joey/My_orion/install/orion_description PYTHONPATH=/home/joey/My_orion/build/orion_pybullet_sim/prefix_override:/usr/lib/python3/dist-packages/colcon_core/task/python/colcon_distutils_commands:/home/joey/My_orion/install/orion_pybullet_sim/lib/python3.10/site-packages:${PYTHONPATH} /usr/bin/python3 -W ignore:setup.py install is deprecated -W ignore:easy_install command is deprecated setup.py egg_info --egg-base ../../build/orion_pybullet_sim build --build-base /home/joey/My_orion/build/orion_pybullet_sim/build install --record /home/joey/My_orion/build/orion_pybullet_sim/install.log --single-version-externally-managed install_data
[1.128s] running egg_info
[1.128s] creating ../../build/orion_pybullet_sim/orion_pybullet_sim.egg-info
[1.129s] writing ../../build/orion_pybullet_sim/orion_pybullet_sim.egg-info/PKG-INFO
[1.129s] writing dependency_links to ../../build/orion_pybullet_sim/orion_pybullet_sim.egg-info/dependency_links.txt
[1.129s] writing entry points to ../../build/orion_pybullet_sim/orion_pybullet_sim.egg-info/entry_points.txt
[1.129s] writing requirements to ../../build/orion_pybullet_sim/orion_pybullet_sim.egg-info/requires.txt
[1.129s] writing top-level names to ../../build/orion_pybullet_sim/orion_pybullet_sim.egg-info/top_level.txt
[1.129s] writing manifest file '../../build/orion_pybullet_sim/orion_pybullet_sim.egg-info/SOURCES.txt'
[1.129s] reading manifest file '../../build/orion_pybullet_sim/orion_pybullet_sim.egg-info/SOURCES.txt'
[1.130s] writing manifest file '../../build/orion_pybullet_sim/orion_pybullet_sim.egg-info/SOURCES.txt'
[1.130s] running build
[1.130s] running build_py
[1.130s] creating /home/joey/My_orion/build/orion_pybullet_sim/build
[1.130s] creating /home/joey/My_orion/build/orion_pybullet_sim/build/lib
[1.130s] creating /home/joey/My_orion/build/orion_pybullet_sim/build/lib/orion_pybullet_sim
[1.130s] copying orion_pybullet_sim/pybullet_controller_node.py -> /home/joey/My_orion/build/orion_pybullet_sim/build/lib/orion_pybullet_sim
[1.130s] copying orion_pybullet_sim/__init__.py -> /home/joey/My_orion/build/orion_pybullet_sim/build/lib/orion_pybullet_sim
[1.130s] running install
[1.130s] running install_lib
[1.131s] running install_data
[1.131s] running install_egg_info
[1.132s] removing '/home/joey/My_orion/install/orion_pybullet_sim/lib/python3.10/site-packages/orion_pybullet_sim-0.0.1-py3.10.egg-info' (and everything under it)
[1.133s] Copying ../../build/orion_pybullet_sim/orion_pybullet_sim.egg-info to /home/joey/My_orion/install/orion_pybullet_sim/lib/python3.10/site-packages/orion_pybullet_sim-0.0.1-py3.10.egg-info
[1.134s] running install_scripts
[1.145s] Installing pybullet_controller script to /home/joey/My_orion/install/orion_pybullet_sim/lib/orion_pybullet_sim
[1.145s] writing list of installed files to '/home/joey/My_orion/build/orion_pybullet_sim/install.log'
[1.159s] Invoked command in '/home/joey/My_orion/src/orion_pybullet_sim' returned '0': AMENT_PREFIX_PATH=/home/joey/My_orion/install/orion_moveit_config:/home/joey/My_orion/install/orion_description:${AMENT_PREFIX_PATH} CMAKE_PREFIX_PATH=/home/joey/My_orion/install/orion_moveit_config:/home/joey/My_orion/install/orion_description PYTHONPATH=/home/joey/My_orion/build/orion_pybullet_sim/prefix_override:/usr/lib/python3/dist-packages/colcon_core/task/python/colcon_distutils_commands:/home/joey/My_orion/install/orion_pybullet_sim/lib/python3.10/site-packages:${PYTHONPATH} /usr/bin/python3 -W ignore:setup.py install is deprecated -W ignore:easy_install command is deprecated setup.py egg_info --egg-base ../../build/orion_pybullet_sim build --build-base /home/joey/My_orion/build/orion_pybullet_sim/build install --record /home/joey/My_orion/build/orion_pybullet_sim/install.log --single-version-externally-managed install_data
