[0.007s] Invoking command in '/home/joey/My_orion/build/orion_description': CMAKE_PREFIX_PATH=${CMAKE_PREFIX_PATH}:/home/joey/My_orion/install/orion_pybullet_sim:/opt/ros/humble /usr/bin/cmake --build /home/joey/My_orion/build/orion_description -- -j4 -l4
[0.028s] Invoked command in '/home/joey/My_orion/build/orion_description' returned '0': CMAKE_PREFIX_PATH=${CMAKE_PREFIX_PATH}:/home/joey/My_orion/install/orion_pybullet_sim:/opt/ros/humble /usr/bin/cmake --build /home/joey/My_orion/build/orion_description -- -j4 -l4
[0.034s] Invoking command in '/home/joey/My_orion/build/orion_description': CMAKE_PREFIX_PATH=${CMAKE_PREFIX_PATH}:/home/joey/My_orion/install/orion_pybullet_sim:/opt/ros/humble /usr/bin/cmake --install /home/joey/My_orion/build/orion_description
[0.040s] -- Install configuration: ""
[0.040s] -- Up-to-date: /home/joey/My_orion/install/orion_description/share/orion_description/urdf
[0.041s] -- Up-to-date: /home/joey/My_orion/install/orion_description/share/orion_description/urdf/orion.urdf
[0.041s] -- Up-to-date: /home/joey/My_orion/install/orion_description/share/orion_description/meshes
[0.041s] -- Up-to-date: /home/joey/My_orion/install/orion_description/share/orion_description/meshes/stl
[0.042s] -- Up-to-date: /home/joey/My_orion/install/orion_description/share/orion_description/meshes/stl/Link4.stl
[0.043s] -- Up-to-date: /home/joey/My_orion/install/orion_description/share/orion_description/meshes/stl/Link5.stl
[0.043s] -- Up-to-date: /home/joey/My_orion/install/orion_description/share/orion_description/meshes/stl/Link3.stl
[0.043s] -- Up-to-date: /home/joey/My_orion/install/orion_description/share/orion_description/meshes/stl/Link6.stl
[0.043s] -- Up-to-date: /home/joey/My_orion/install/orion_description/share/orion_description/meshes/stl/Link8.stl
[0.043s] -- Up-to-date: /home/joey/My_orion/install/orion_description/share/orion_description/meshes/stl/base_link.stl
[0.043s] -- Up-to-date: /home/joey/My_orion/install/orion_description/share/orion_description/meshes/stl/Link7.stl
[0.043s] -- Up-to-date: /home/joey/My_orion/install/orion_description/share/orion_description/meshes/stl/Link2.stl
[0.043s] -- Up-to-date: /home/joey/My_orion/install/orion_description/share/orion_description/meshes/stl/Link1.stl
[0.043s] -- Up-to-date: /home/joey/My_orion/install/orion_description/share/orion_description/launch
[0.043s] -- Up-to-date: /home/joey/My_orion/install/orion_description/share/orion_description/launch/display.launch.py
[0.043s] -- Up-to-date: /home/joey/My_orion/install/orion_description/share/ament_index/resource_index/package_run_dependencies/orion_description
[0.043s] -- Up-to-date: /home/joey/My_orion/install/orion_description/share/ament_index/resource_index/parent_prefix_path/orion_description
[0.043s] -- Up-to-date: /home/joey/My_orion/install/orion_description/share/orion_description/environment/ament_prefix_path.dsv
[0.043s] -- Up-to-date: /home/joey/My_orion/install/orion_description/share/orion_description/environment/path.dsv
[0.044s] -- Up-to-date: /home/joey/My_orion/install/orion_description/share/orion_description/local_setup.bash
[0.044s] -- Up-to-date: /home/joey/My_orion/install/orion_description/share/orion_description/local_setup.sh
[0.044s] -- Up-to-date: /home/joey/My_orion/install/orion_description/share/orion_description/local_setup.zsh
[0.044s] -- Up-to-date: /home/joey/My_orion/install/orion_description/share/orion_description/local_setup.dsv
[0.044s] -- Up-to-date: /home/joey/My_orion/install/orion_description/share/orion_description/package.dsv
[0.044s] -- Up-to-date: /home/joey/My_orion/install/orion_description/share/ament_index/resource_index/packages/orion_description
[0.044s] -- Up-to-date: /home/joey/My_orion/install/orion_description/share/orion_description/cmake/orion_descriptionConfig.cmake
[0.044s] -- Up-to-date: /home/joey/My_orion/install/orion_description/share/orion_description/cmake/orion_descriptionConfig-version.cmake
[0.044s] -- Up-to-date: /home/joey/My_orion/install/orion_description/share/orion_description/package.xml
[0.044s] Invoked command in '/home/joey/My_orion/build/orion_description' returned '0': CMAKE_PREFIX_PATH=${CMAKE_PREFIX_PATH}:/home/joey/My_orion/install/orion_pybullet_sim:/opt/ros/humble /usr/bin/cmake --install /home/joey/My_orion/build/orion_description
