[0.000000] (-) TimerEvent: {}
[0.000347] (-) JobUnselected: {'identifier': 'orion_description'}
[0.000719] (-) JobUnselected: {'identifier': 'orion_moveit_config'}
[0.000784] (-) JobUnselected: {'identifier': 'orion_pybullet_sim'}
[0.000814] (orion_mtc) JobQueued: {'identifier': 'orion_mtc', 'dependencies': OrderedDict([('orion_description', '/home/huzy/My_orion/install/orion_description'), ('orion_moveit_config', '/home/huzy/My_orion/install/orion_moveit_config'), ('orion_pybullet_sim', '/home/huzy/My_orion/install/orion_pybullet_sim')])}
[0.000848] (orion_mtc) JobStarted: {'identifier': 'orion_mtc'}
[0.047581] (orion_mtc) JobProgress: {'identifier': 'orion_mtc', 'progress': 'cmake'}
[0.048498] (orion_mtc) JobProgress: {'identifier': 'orion_mtc', 'progress': 'build'}
[0.049202] (orion_mtc) Command: {'cmd': ['/usr/bin/cmake', '--build', '/home/huzy/My_orion/build/orion_mtc', '--', '-j8', '-l8'], 'cwd': '/home/huzy/My_orion/build/orion_mtc', 'env': OrderedDict([('GJS_DEBUG_TOPICS', 'JS ERROR;JS LOG'), ('LESSOPEN', '| /usr/bin/lesspipe %s'), ('VSCODE_CWD', '/home/huzy'), ('CURSOR_EXTENSION_HOST_ROLE', 'agent-exec'), ('VSCODE_ESM_ENTRYPOINT', 'vs/workbench/api/node/extensionHostProcess'), ('LANGUAGE', 'zh_CN:en_AU:en_US:en'), ('USER', 'huzy'), ('LC_TIME', 'zh_CN.UTF-8'), ('VSCODE_NLS_CONFIG', '{"userLocale":"zh-cn","osLocale":"zh-cn","resolvedLanguage":"zh-cn","defaultMessagesFile":"/tmp/.mount_Cursor7VMPSp/usr/share/cursor/resources/app/out/nls.messages.json","languagePack":{"translationsConfigFile":"/home/huzy/.config/Cursor/clp/3bfb7f1471a52e527cfc1587dd57c7c1.zh-cn/tcf.json","messagesFile":"/home/huzy/.config/Cursor/clp/3bfb7f1471a52e527cfc1587dd57c7c1.zh-cn/7d96c2a03bb088ad367615e9da1a3fe20fbbc6a0/nls.messages.json","corruptMarkerFile":"/home/huzy/.config/Cursor/clp/3bfb7f1471a52e527cfc1587dd57c7c1.zh-cn/corrupted.info"},"locale":"zh-cn","availableLanguages":{"*":"zh-cn"},"_languagePackId":"3bfb7f1471a52e527cfc1587dd57c7c1.zh-cn","_languagePackSupport":true,"_translationsConfigFile":"/home/huzy/.config/Cursor/clp/3bfb7f1471a52e527cfc1587dd57c7c1.zh-cn/tcf.json","_cacheRoot":"/home/huzy/.config/Cursor/clp/3bfb7f1471a52e527cfc1587dd57c7c1.zh-cn","_resolvedLanguagePackCoreLocation":"/home/huzy/.config/Cursor/clp/3bfb7f1471a52e527cfc1587dd57c7c1.zh-cn/7d96c2a03bb088ad367615e9da1a3fe20fbbc6a0","_corruptedFile":"/home/huzy/.config/Cursor/clp/3bfb7f1471a52e527cfc1587dd57c7c1.zh-cn/corrupted.info"}'), ('CI', '1'), ('VSCODE_HANDLES_UNCAUGHT_ERRORS', 'true'), ('XDG_SESSION_TYPE', 'wayland'), ('SHLVL', '1'), ('LD_LIBRARY_PATH', '/usr/lib/x86_64-linux-gnu/gazebo-11/plugins:/opt/ros/humble/opt/rviz_ogre_vendor/lib:/opt/ros/humble/lib/x86_64-linux-gnu:/opt/ros/humble/lib:/tmp/.mount_Cursor7VMPSp/usr/lib/:/tmp/.mount_Cursor7VMPSp/usr/lib32/:/tmp/.mount_Cursor7VMPSp/usr/lib64/:/tmp/.mount_Cursor7VMPSp/lib/:/tmp/.mount_Cursor7VMPSp/lib/i386-linux-gnu/:/tmp/.mount_Cursor7VMPSp/lib/x86_64-linux-gnu/:/tmp/.mount_Cursor7VMPSp/lib/aarch64-linux-gnu/:/tmp/.mount_Cursor7VMPSp/lib32/:/tmp/.mount_Cursor7VMPSp/lib64/:'), ('HOME', '/home/huzy'), ('CHROME_DESKTOP', 'cursor.desktop'), ('APPDIR', '/tmp/.mount_Cursor7VMPSp'), ('OLDPWD', '/home/huzy/My_orion'), ('DESKTOP_SESSION', 'ubuntu'), ('PERLLIB', '/tmp/.mount_Cursor7VMPSp/usr/share/perl5/:/tmp/.mount_Cursor7VMPSp/usr/lib/perl5/:'), ('VSCODE_IPC_HOOK', '/run/user/1000/vscode-294d73a8-2.5.-main.sock'), ('GIO_LAUNCHED_DESKTOP_FILE', '/home/huzy/.local/share/applications/cursor-ime.desktop'), ('ROS_PYTHON_VERSION', '3'), ('GNOME_SHELL_SESSION_MODE', 'ubuntu'), ('GTK_MODULES', 'gail:atk-bridge'), ('SDL_IM_MODULE', 'fcitx'), ('LC_MONETARY', 'zh_CN.UTF-8'), ('MANAGERPID', '1614'), ('SYSTEMD_EXEC_PID', '1780'), ('IM_CONFIG_CHECK_ENV', '1'), ('NO_COLOR', '1'), ('DBUS_SESSION_BUS_ADDRESS', 'unix:path=/run/user/1000/bus'), ('GIO_LAUNCHED_DESKTOP_FILE_PID', '5887'), ('VSCODE_CRASH_REPORTER_PROCESS_TYPE', 'extensionHost'), ('IM_CONFIG_PHASE', '1'), ('WAYLAND_DISPLAY', 'wayland-0'), ('ROS_DISTRO', 'humble'), ('GTK_IM_MODULE', 'fcitx'), ('LOGNAME', 'huzy'), ('FORCE_COLOR', '0'), ('OWD', '/home/huzy'), ('JOURNAL_STREAM', '8:22266'), ('_', '/usr/bin/colcon'), ('ROS_VERSION', '2'), ('XDG_SESSION_CLASS', 'user'), ('USERNAME', 'huzy'), ('TERM', 'dumb'), ('GNOME_DESKTOP_SESSION_ID', 'this-is-deprecated'), ('FC_FONTATIONS', '1'), ('ROS_LOCALHOST_ONLY', '0'), ('PATH', '/home/huzy/.local/bin:/home/huzy/bin:/home/huzy/bin:/home/huzy/.local/bin:/home/huzy/bin:/home/huzy/bin:/opt/ros/humble/bin:/tmp/.mount_Cursor7VMPSp/usr/bin/:/tmp/.mount_Cursor7VMPSp/usr/sbin/:/tmp/.mount_Cursor7VMPSp/usr/games/:/tmp/.mount_Cursor7VMPSp/bin/:/tmp/.mount_Cursor7VMPSp/sbin/:/home/huzy/.local/bin:/home/huzy/bin:/usr/local/sbin:/usr/local/bin:/usr/sbin:/usr/bin:/sbin:/bin:/usr/games:/usr/local/games:/snap/bin:/snap/bin'), ('SESSION_MANAGER', 'local/huzy-virtual-machine:@/tmp/.ICE-unix/1748,unix/huzy-virtual-machine:/tmp/.ICE-unix/1748'), ('INVOCATION_ID', 'c72ed9cb9b4a4bc19640315e18a5cfe3'), ('PAPERSIZE', 'a4'), ('APPIMAGE', '/home/huzy/Downloads/Cursor-1.4.5-x86_64.AppImage'), ('XDG_MENU_PREFIX', 'gnome-'), ('LC_ADDRESS', 'zh_CN.UTF-8'), ('VSCODE_PROCESS_TITLE', 'extension-host (agent-exec) [1-3]'), ('GNOME_SETUP_DISPLAY', ':1'), ('XDG_RUNTIME_DIR', '/run/user/1000'), ('GDK_BACKEND', 'x11'), ('CURSOR_AGENT', '1'), ('DISPLAY', ':0'), ('LANG', 'zh_CN.UTF-8'), ('XDG_CURRENT_DESKTOP', 'ubuntu:GNOME'), ('LC_TELEPHONE', 'zh_CN.UTF-8'), ('XMODIFIERS', '@im=fcitx'), ('XDG_SESSION_DESKTOP', 'ubuntu'), ('XAUTHORITY', '/run/user/1000/.mutter-Xwaylandauth.DIMRL3'), ('LS_COLORS', ''), ('CURSOR_TRACE_ID', 'f04798bbf5f344c4b7f5125f781d5555'), ('SSH_AGENT_LAUNCHER', 'gnome-keyring'), ('SSH_AUTH_SOCK', '/run/user/1000/keyring/ssh'), ('GSETTINGS_SCHEMA_DIR', '/tmp/.mount_Cursor7VMPSp/usr/share/glib-2.0/schemas/:'), ('AMENT_PREFIX_PATH', '/home/huzy/My_orion/install/orion_pybullet_sim:/home/huzy/My_orion/install/orion_moveit_config:/home/huzy/My_orion/install/orion_description:/opt/ros/humble'), ('SHELL', '/bin/bash'), ('LC_NAME', 'zh_CN.UTF-8'), ('ARGV0', '/home/huzy/Downloads/Cursor-1.4.5-x86_64.AppImage'), ('QT_ACCESSIBILITY', '1'), ('GDMSESSION', 'ubuntu'), ('LESSCLOSE', '/usr/bin/lesspipe %s %s'), ('LC_MEASUREMENT', 'zh_CN.UTF-8'), ('GJS_DEBUG_OUTPUT', 'stderr'), ('LC_IDENTIFICATION', 'zh_CN.UTF-8'), ('QT_IM_MODULE', 'fcitx'), ('PWD', '/home/huzy/My_orion/build/orion_mtc'), ('XDG_CONFIG_DIRS', '/etc/xdg/xdg-ubuntu:/etc/xdg'), ('VSCODE_CODE_CACHE_PATH', '/home/huzy/.config/Cursor/CachedData/7d96c2a03bb088ad367615e9da1a3fe20fbbc6a0'), ('CLUTTER_IM_MODULE', 'fcitx'), ('XDG_DATA_DIRS', '/tmp/.mount_Cursor7VMPSp/usr/share/:/usr/local/share:/usr/share:/usr/share/ubuntu:/usr/local/share/:/usr/share/:/var/lib/snapd/desktop'), ('PYTHONPATH', '/home/huzy/My_orion/install/orion_pybullet_sim/lib/python3.10/site-packages:/opt/ros/humble/lib/python3.10/site-packages:/opt/ros/humble/local/lib/python3.10/dist-packages'), ('LC_NUMERIC', 'zh_CN.UTF-8'), ('LC_PAPER', 'zh_CN.UTF-8'), ('QT_PLUGIN_PATH', '/tmp/.mount_Cursor7VMPSp/usr/lib/qt4/plugins/:/tmp/.mount_Cursor7VMPSp/usr/lib/i386-linux-gnu/qt4/plugins/:/tmp/.mount_Cursor7VMPSp/usr/lib/x86_64-linux-gnu/qt4/plugins/:/tmp/.mount_Cursor7VMPSp/usr/lib/aarch64-linux-gnu/qt4/plugins/:/tmp/.mount_Cursor7VMPSp/usr/lib32/qt4/plugins/:/tmp/.mount_Cursor7VMPSp/usr/lib64/qt4/plugins/:/tmp/.mount_Cursor7VMPSp/usr/lib/qt5/plugins/:/tmp/.mount_Cursor7VMPSp/usr/lib/i386-linux-gnu/qt5/plugins/:/tmp/.mount_Cursor7VMPSp/usr/lib/x86_64-linux-gnu/qt5/plugins/:/tmp/.mount_Cursor7VMPSp/usr/lib/aarch64-linux-gnu/qt5/plugins/:/tmp/.mount_Cursor7VMPSp/usr/lib32/qt5/plugins/:/tmp/.mount_Cursor7VMPSp/usr/lib64/qt5/plugins/:'), ('COLCON', '1'), ('_ZO_DOCTOR', '0'), ('VSCODE_PID', '5887'), ('CMAKE_PREFIX_PATH', '/home/huzy/My_orion/install/orion_moveit_config:/home/huzy/My_orion/install/orion_description:/opt/ros/humble')]), 'shell': False}
[0.099547] (-) TimerEvent: {}
[0.180290] (orion_mtc) StdoutLine: {'line': b'Consolidate compiler generated dependencies of target mtc_node\n'}
[0.199737] (-) TimerEvent: {}
[0.233553] (orion_mtc) StdoutLine: {'line': b'[ 50%] Building CXX object CMakeFiles/mtc_node.dir/src/mtc_node.cpp.o\n'}
[0.299963] (-) TimerEvent: {}
[0.400248] (-) TimerEvent: {}
[0.500547] (-) TimerEvent: {}
[0.600843] (-) TimerEvent: {}
[0.701149] (-) TimerEvent: {}
[0.801455] (-) TimerEvent: {}
[0.901743] (-) TimerEvent: {}
[1.004017] (-) TimerEvent: {}
[1.104316] (-) TimerEvent: {}
[1.204612] (-) TimerEvent: {}
[1.304951] (-) TimerEvent: {}
[1.405266] (-) TimerEvent: {}
[1.505622] (-) TimerEvent: {}
[1.606141] (-) TimerEvent: {}
[1.706550] (-) TimerEvent: {}
[1.807103] (-) TimerEvent: {}
[1.907433] (-) TimerEvent: {}
[2.007764] (-) TimerEvent: {}
[2.108127] (-) TimerEvent: {}
[2.208442] (-) TimerEvent: {}
[2.308890] (-) TimerEvent: {}
[2.409353] (-) TimerEvent: {}
[2.509668] (-) TimerEvent: {}
[2.610016] (-) TimerEvent: {}
[2.710314] (-) TimerEvent: {}
[2.810592] (-) TimerEvent: {}
[2.910878] (-) TimerEvent: {}
[3.011191] (-) TimerEvent: {}
[3.111495] (-) TimerEvent: {}
[3.211784] (-) TimerEvent: {}
[3.312143] (-) TimerEvent: {}
[3.412467] (-) TimerEvent: {}
[3.512786] (-) TimerEvent: {}
[3.613164] (-) TimerEvent: {}
[3.713498] (-) TimerEvent: {}
[3.813822] (-) TimerEvent: {}
[3.914154] (-) TimerEvent: {}
[4.014469] (-) TimerEvent: {}
[4.114776] (-) TimerEvent: {}
[4.215171] (-) TimerEvent: {}
[4.315555] (-) TimerEvent: {}
[4.415969] (-) TimerEvent: {}
[4.516295] (-) TimerEvent: {}
[4.616608] (-) TimerEvent: {}
[4.716924] (-) TimerEvent: {}
[4.817269] (-) TimerEvent: {}
[4.917584] (-) TimerEvent: {}
[5.017889] (-) TimerEvent: {}
[5.118248] (-) TimerEvent: {}
[5.218574] (-) TimerEvent: {}
[5.318949] (-) TimerEvent: {}
[5.419251] (-) TimerEvent: {}
[5.519558] (-) TimerEvent: {}
[5.619870] (-) TimerEvent: {}
[5.720185] (-) TimerEvent: {}
[5.820481] (-) TimerEvent: {}
[5.920787] (-) TimerEvent: {}
[6.021178] (-) TimerEvent: {}
[6.121548] (-) TimerEvent: {}
[6.221884] (-) TimerEvent: {}
[6.322214] (-) TimerEvent: {}
[6.422516] (-) TimerEvent: {}
[6.522968] (-) TimerEvent: {}
[6.623350] (-) TimerEvent: {}
[6.723666] (-) TimerEvent: {}
[6.823988] (-) TimerEvent: {}
[6.924298] (-) TimerEvent: {}
[7.024595] (-) TimerEvent: {}
[7.124887] (-) TimerEvent: {}
[7.225238] (-) TimerEvent: {}
[7.325550] (-) TimerEvent: {}
[7.425851] (-) TimerEvent: {}
[7.526163] (-) TimerEvent: {}
[7.626474] (-) TimerEvent: {}
[7.726820] (-) TimerEvent: {}
[7.827197] (-) TimerEvent: {}
[7.927537] (-) TimerEvent: {}
[8.027878] (-) TimerEvent: {}
[8.128244] (-) TimerEvent: {}
[8.228579] (-) TimerEvent: {}
[8.328889] (-) TimerEvent: {}
[8.429221] (-) TimerEvent: {}
[8.529600] (-) TimerEvent: {}
[8.629989] (-) TimerEvent: {}
[8.730332] (-) TimerEvent: {}
[8.830640] (-) TimerEvent: {}
[8.930998] (-) TimerEvent: {}
[9.031315] (-) TimerEvent: {}
[9.131657] (-) TimerEvent: {}
[9.233194] (-) TimerEvent: {}
[9.333500] (-) TimerEvent: {}
[9.433817] (-) TimerEvent: {}
[9.534155] (-) TimerEvent: {}
[9.634466] (-) TimerEvent: {}
[9.734935] (-) TimerEvent: {}
[9.839199] (-) TimerEvent: {}
[9.939553] (-) TimerEvent: {}
[10.039962] (-) TimerEvent: {}
[10.140300] (-) TimerEvent: {}
[10.240644] (-) TimerEvent: {}
[10.340988] (-) TimerEvent: {}
[10.441306] (-) TimerEvent: {}
[10.541621] (-) TimerEvent: {}
[10.642063] (-) TimerEvent: {}
[10.742378] (-) TimerEvent: {}
[10.842725] (-) TimerEvent: {}
[10.943068] (-) TimerEvent: {}
[11.043546] (-) TimerEvent: {}
[11.144062] (-) TimerEvent: {}
[11.244365] (-) TimerEvent: {}
[11.344674] (-) TimerEvent: {}
[11.445043] (-) TimerEvent: {}
[11.545364] (-) TimerEvent: {}
[11.645645] (-) TimerEvent: {}
[11.746082] (-) TimerEvent: {}
[11.846511] (-) TimerEvent: {}
[11.946806] (-) TimerEvent: {}
[12.047252] (-) TimerEvent: {}
[12.147570] (-) TimerEvent: {}
[12.248018] (-) TimerEvent: {}
[12.348342] (-) TimerEvent: {}
[12.448649] (-) TimerEvent: {}
[12.548997] (-) TimerEvent: {}
[12.649297] (-) TimerEvent: {}
[12.749696] (-) TimerEvent: {}
[12.850049] (-) TimerEvent: {}
[12.950352] (-) TimerEvent: {}
[13.050646] (-) TimerEvent: {}
[13.150924] (-) TimerEvent: {}
[13.251235] (-) TimerEvent: {}
[13.351513] (-) TimerEvent: {}
[13.451818] (-) TimerEvent: {}
[13.552181] (-) TimerEvent: {}
[13.652512] (-) TimerEvent: {}
[13.752846] (-) TimerEvent: {}
[13.853495] (-) TimerEvent: {}
[13.953875] (-) TimerEvent: {}
[14.054274] (-) TimerEvent: {}
[14.106487] (orion_mtc) StdoutLine: {'line': b'[100%] Linking CXX executable mtc_node\n'}
[14.154457] (-) TimerEvent: {}
[14.254781] (-) TimerEvent: {}
[14.355194] (-) TimerEvent: {}
[14.455518] (-) TimerEvent: {}
[14.555827] (-) TimerEvent: {}
[14.656191] (-) TimerEvent: {}
[14.756494] (-) TimerEvent: {}
[14.813183] (orion_mtc) StdoutLine: {'line': b'[100%] Built target mtc_node\n'}
[14.835895] (orion_mtc) CommandEnded: {'returncode': 0}
[14.836930] (orion_mtc) JobProgress: {'identifier': 'orion_mtc', 'progress': 'install'}
[14.856662] (-) TimerEvent: {}
[14.860621] (orion_mtc) Command: {'cmd': ['/usr/bin/cmake', '--install', '/home/huzy/My_orion/build/orion_mtc'], 'cwd': '/home/huzy/My_orion/build/orion_mtc', 'env': OrderedDict([('GJS_DEBUG_TOPICS', 'JS ERROR;JS LOG'), ('LESSOPEN', '| /usr/bin/lesspipe %s'), ('VSCODE_CWD', '/home/huzy'), ('CURSOR_EXTENSION_HOST_ROLE', 'agent-exec'), ('VSCODE_ESM_ENTRYPOINT', 'vs/workbench/api/node/extensionHostProcess'), ('LANGUAGE', 'zh_CN:en_AU:en_US:en'), ('USER', 'huzy'), ('LC_TIME', 'zh_CN.UTF-8'), ('VSCODE_NLS_CONFIG', '{"userLocale":"zh-cn","osLocale":"zh-cn","resolvedLanguage":"zh-cn","defaultMessagesFile":"/tmp/.mount_Cursor7VMPSp/usr/share/cursor/resources/app/out/nls.messages.json","languagePack":{"translationsConfigFile":"/home/huzy/.config/Cursor/clp/3bfb7f1471a52e527cfc1587dd57c7c1.zh-cn/tcf.json","messagesFile":"/home/huzy/.config/Cursor/clp/3bfb7f1471a52e527cfc1587dd57c7c1.zh-cn/7d96c2a03bb088ad367615e9da1a3fe20fbbc6a0/nls.messages.json","corruptMarkerFile":"/home/huzy/.config/Cursor/clp/3bfb7f1471a52e527cfc1587dd57c7c1.zh-cn/corrupted.info"},"locale":"zh-cn","availableLanguages":{"*":"zh-cn"},"_languagePackId":"3bfb7f1471a52e527cfc1587dd57c7c1.zh-cn","_languagePackSupport":true,"_translationsConfigFile":"/home/huzy/.config/Cursor/clp/3bfb7f1471a52e527cfc1587dd57c7c1.zh-cn/tcf.json","_cacheRoot":"/home/huzy/.config/Cursor/clp/3bfb7f1471a52e527cfc1587dd57c7c1.zh-cn","_resolvedLanguagePackCoreLocation":"/home/huzy/.config/Cursor/clp/3bfb7f1471a52e527cfc1587dd57c7c1.zh-cn/7d96c2a03bb088ad367615e9da1a3fe20fbbc6a0","_corruptedFile":"/home/huzy/.config/Cursor/clp/3bfb7f1471a52e527cfc1587dd57c7c1.zh-cn/corrupted.info"}'), ('CI', '1'), ('VSCODE_HANDLES_UNCAUGHT_ERRORS', 'true'), ('XDG_SESSION_TYPE', 'wayland'), ('SHLVL', '1'), ('LD_LIBRARY_PATH', '/usr/lib/x86_64-linux-gnu/gazebo-11/plugins:/opt/ros/humble/opt/rviz_ogre_vendor/lib:/opt/ros/humble/lib/x86_64-linux-gnu:/opt/ros/humble/lib:/tmp/.mount_Cursor7VMPSp/usr/lib/:/tmp/.mount_Cursor7VMPSp/usr/lib32/:/tmp/.mount_Cursor7VMPSp/usr/lib64/:/tmp/.mount_Cursor7VMPSp/lib/:/tmp/.mount_Cursor7VMPSp/lib/i386-linux-gnu/:/tmp/.mount_Cursor7VMPSp/lib/x86_64-linux-gnu/:/tmp/.mount_Cursor7VMPSp/lib/aarch64-linux-gnu/:/tmp/.mount_Cursor7VMPSp/lib32/:/tmp/.mount_Cursor7VMPSp/lib64/:'), ('HOME', '/home/huzy'), ('CHROME_DESKTOP', 'cursor.desktop'), ('APPDIR', '/tmp/.mount_Cursor7VMPSp'), ('OLDPWD', '/home/huzy/My_orion'), ('DESKTOP_SESSION', 'ubuntu'), ('PERLLIB', '/tmp/.mount_Cursor7VMPSp/usr/share/perl5/:/tmp/.mount_Cursor7VMPSp/usr/lib/perl5/:'), ('VSCODE_IPC_HOOK', '/run/user/1000/vscode-294d73a8-2.5.-main.sock'), ('GIO_LAUNCHED_DESKTOP_FILE', '/home/huzy/.local/share/applications/cursor-ime.desktop'), ('ROS_PYTHON_VERSION', '3'), ('GNOME_SHELL_SESSION_MODE', 'ubuntu'), ('GTK_MODULES', 'gail:atk-bridge'), ('SDL_IM_MODULE', 'fcitx'), ('LC_MONETARY', 'zh_CN.UTF-8'), ('MANAGERPID', '1614'), ('SYSTEMD_EXEC_PID', '1780'), ('IM_CONFIG_CHECK_ENV', '1'), ('NO_COLOR', '1'), ('DBUS_SESSION_BUS_ADDRESS', 'unix:path=/run/user/1000/bus'), ('GIO_LAUNCHED_DESKTOP_FILE_PID', '5887'), ('VSCODE_CRASH_REPORTER_PROCESS_TYPE', 'extensionHost'), ('IM_CONFIG_PHASE', '1'), ('WAYLAND_DISPLAY', 'wayland-0'), ('ROS_DISTRO', 'humble'), ('GTK_IM_MODULE', 'fcitx'), ('LOGNAME', 'huzy'), ('FORCE_COLOR', '0'), ('OWD', '/home/huzy'), ('JOURNAL_STREAM', '8:22266'), ('_', '/usr/bin/colcon'), ('ROS_VERSION', '2'), ('XDG_SESSION_CLASS', 'user'), ('USERNAME', 'huzy'), ('TERM', 'dumb'), ('GNOME_DESKTOP_SESSION_ID', 'this-is-deprecated'), ('FC_FONTATIONS', '1'), ('ROS_LOCALHOST_ONLY', '0'), ('PATH', '/home/huzy/.local/bin:/home/huzy/bin:/home/huzy/bin:/home/huzy/.local/bin:/home/huzy/bin:/home/huzy/bin:/opt/ros/humble/bin:/tmp/.mount_Cursor7VMPSp/usr/bin/:/tmp/.mount_Cursor7VMPSp/usr/sbin/:/tmp/.mount_Cursor7VMPSp/usr/games/:/tmp/.mount_Cursor7VMPSp/bin/:/tmp/.mount_Cursor7VMPSp/sbin/:/home/huzy/.local/bin:/home/huzy/bin:/usr/local/sbin:/usr/local/bin:/usr/sbin:/usr/bin:/sbin:/bin:/usr/games:/usr/local/games:/snap/bin:/snap/bin'), ('SESSION_MANAGER', 'local/huzy-virtual-machine:@/tmp/.ICE-unix/1748,unix/huzy-virtual-machine:/tmp/.ICE-unix/1748'), ('INVOCATION_ID', 'c72ed9cb9b4a4bc19640315e18a5cfe3'), ('PAPERSIZE', 'a4'), ('APPIMAGE', '/home/huzy/Downloads/Cursor-1.4.5-x86_64.AppImage'), ('XDG_MENU_PREFIX', 'gnome-'), ('LC_ADDRESS', 'zh_CN.UTF-8'), ('VSCODE_PROCESS_TITLE', 'extension-host (agent-exec) [1-3]'), ('GNOME_SETUP_DISPLAY', ':1'), ('XDG_RUNTIME_DIR', '/run/user/1000'), ('GDK_BACKEND', 'x11'), ('CURSOR_AGENT', '1'), ('DISPLAY', ':0'), ('LANG', 'zh_CN.UTF-8'), ('XDG_CURRENT_DESKTOP', 'ubuntu:GNOME'), ('LC_TELEPHONE', 'zh_CN.UTF-8'), ('XMODIFIERS', '@im=fcitx'), ('XDG_SESSION_DESKTOP', 'ubuntu'), ('XAUTHORITY', '/run/user/1000/.mutter-Xwaylandauth.DIMRL3'), ('LS_COLORS', ''), ('CURSOR_TRACE_ID', 'f04798bbf5f344c4b7f5125f781d5555'), ('SSH_AGENT_LAUNCHER', 'gnome-keyring'), ('SSH_AUTH_SOCK', '/run/user/1000/keyring/ssh'), ('GSETTINGS_SCHEMA_DIR', '/tmp/.mount_Cursor7VMPSp/usr/share/glib-2.0/schemas/:'), ('AMENT_PREFIX_PATH', '/home/huzy/My_orion/install/orion_pybullet_sim:/home/huzy/My_orion/install/orion_moveit_config:/home/huzy/My_orion/install/orion_description:/opt/ros/humble'), ('SHELL', '/bin/bash'), ('LC_NAME', 'zh_CN.UTF-8'), ('ARGV0', '/home/huzy/Downloads/Cursor-1.4.5-x86_64.AppImage'), ('QT_ACCESSIBILITY', '1'), ('GDMSESSION', 'ubuntu'), ('LESSCLOSE', '/usr/bin/lesspipe %s %s'), ('LC_MEASUREMENT', 'zh_CN.UTF-8'), ('GJS_DEBUG_OUTPUT', 'stderr'), ('LC_IDENTIFICATION', 'zh_CN.UTF-8'), ('QT_IM_MODULE', 'fcitx'), ('PWD', '/home/huzy/My_orion/build/orion_mtc'), ('XDG_CONFIG_DIRS', '/etc/xdg/xdg-ubuntu:/etc/xdg'), ('VSCODE_CODE_CACHE_PATH', '/home/huzy/.config/Cursor/CachedData/7d96c2a03bb088ad367615e9da1a3fe20fbbc6a0'), ('CLUTTER_IM_MODULE', 'fcitx'), ('XDG_DATA_DIRS', '/tmp/.mount_Cursor7VMPSp/usr/share/:/usr/local/share:/usr/share:/usr/share/ubuntu:/usr/local/share/:/usr/share/:/var/lib/snapd/desktop'), ('PYTHONPATH', '/home/huzy/My_orion/install/orion_pybullet_sim/lib/python3.10/site-packages:/opt/ros/humble/lib/python3.10/site-packages:/opt/ros/humble/local/lib/python3.10/dist-packages'), ('LC_NUMERIC', 'zh_CN.UTF-8'), ('LC_PAPER', 'zh_CN.UTF-8'), ('QT_PLUGIN_PATH', '/tmp/.mount_Cursor7VMPSp/usr/lib/qt4/plugins/:/tmp/.mount_Cursor7VMPSp/usr/lib/i386-linux-gnu/qt4/plugins/:/tmp/.mount_Cursor7VMPSp/usr/lib/x86_64-linux-gnu/qt4/plugins/:/tmp/.mount_Cursor7VMPSp/usr/lib/aarch64-linux-gnu/qt4/plugins/:/tmp/.mount_Cursor7VMPSp/usr/lib32/qt4/plugins/:/tmp/.mount_Cursor7VMPSp/usr/lib64/qt4/plugins/:/tmp/.mount_Cursor7VMPSp/usr/lib/qt5/plugins/:/tmp/.mount_Cursor7VMPSp/usr/lib/i386-linux-gnu/qt5/plugins/:/tmp/.mount_Cursor7VMPSp/usr/lib/x86_64-linux-gnu/qt5/plugins/:/tmp/.mount_Cursor7VMPSp/usr/lib/aarch64-linux-gnu/qt5/plugins/:/tmp/.mount_Cursor7VMPSp/usr/lib32/qt5/plugins/:/tmp/.mount_Cursor7VMPSp/usr/lib64/qt5/plugins/:'), ('COLCON', '1'), ('_ZO_DOCTOR', '0'), ('VSCODE_PID', '5887'), ('CMAKE_PREFIX_PATH', '/home/huzy/My_orion/install/orion_moveit_config:/home/huzy/My_orion/install/orion_description:/opt/ros/humble')]), 'shell': False}
[14.882182] (orion_mtc) StdoutLine: {'line': b'-- Install configuration: ""\n'}
[14.882407] (orion_mtc) StdoutLine: {'line': b'-- Installing: /home/huzy/My_orion/install/orion_mtc/lib/orion_mtc/mtc_node\n'}
[14.884909] (orion_mtc) StdoutLine: {'line': b'-- Set runtime path of "/home/huzy/My_orion/install/orion_mtc/lib/orion_mtc/mtc_node" to ""\n'}
[14.885315] (orion_mtc) StdoutLine: {'line': b'-- Up-to-date: /home/huzy/My_orion/install/orion_mtc/share/orion_mtc/launch\n'}
[14.885890] (orion_mtc) StdoutLine: {'line': b'-- Up-to-date: /home/huzy/My_orion/install/orion_mtc/share/orion_mtc/launch/pick_place_pybullet.launch.py\n'}
[14.885980] (orion_mtc) StdoutLine: {'line': b'-- Up-to-date: /home/huzy/My_orion/install/orion_mtc/share/orion_mtc/config\n'}
[14.886018] (orion_mtc) StdoutLine: {'line': b'-- Installing: /home/huzy/My_orion/install/orion_mtc/share/orion_mtc/config/pick_place_params.yaml\n'}
[14.886053] (orion_mtc) StdoutLine: {'line': b'-- Up-to-date: /home/huzy/My_orion/install/orion_mtc/share/ament_index/resource_index/package_run_dependencies/orion_mtc\n'}
[14.886094] (orion_mtc) StdoutLine: {'line': b'-- Up-to-date: /home/huzy/My_orion/install/orion_mtc/share/ament_index/resource_index/parent_prefix_path/orion_mtc\n'}
[14.886135] (orion_mtc) StdoutLine: {'line': b'-- Up-to-date: /home/huzy/My_orion/install/orion_mtc/share/orion_mtc/environment/ament_prefix_path.sh\n'}
[14.886168] (orion_mtc) StdoutLine: {'line': b'-- Up-to-date: /home/huzy/My_orion/install/orion_mtc/share/orion_mtc/environment/ament_prefix_path.dsv\n'}
[14.886200] (orion_mtc) StdoutLine: {'line': b'-- Up-to-date: /home/huzy/My_orion/install/orion_mtc/share/orion_mtc/environment/path.sh\n'}
[14.886232] (orion_mtc) StdoutLine: {'line': b'-- Up-to-date: /home/huzy/My_orion/install/orion_mtc/share/orion_mtc/environment/path.dsv\n'}
[14.886264] (orion_mtc) StdoutLine: {'line': b'-- Up-to-date: /home/huzy/My_orion/install/orion_mtc/share/orion_mtc/local_setup.bash\n'}
[14.886295] (orion_mtc) StdoutLine: {'line': b'-- Up-to-date: /home/huzy/My_orion/install/orion_mtc/share/orion_mtc/local_setup.sh\n'}
[14.886328] (orion_mtc) StdoutLine: {'line': b'-- Up-to-date: /home/huzy/My_orion/install/orion_mtc/share/orion_mtc/local_setup.zsh\n'}
[14.886359] (orion_mtc) StdoutLine: {'line': b'-- Up-to-date: /home/huzy/My_orion/install/orion_mtc/share/orion_mtc/local_setup.dsv\n'}
[14.886390] (orion_mtc) StdoutLine: {'line': b'-- Installing: /home/huzy/My_orion/install/orion_mtc/share/orion_mtc/package.dsv\n'}
[14.886421] (orion_mtc) StdoutLine: {'line': b'-- Up-to-date: /home/huzy/My_orion/install/orion_mtc/share/ament_index/resource_index/packages/orion_mtc\n'}
[14.886452] (orion_mtc) StdoutLine: {'line': b'-- Up-to-date: /home/huzy/My_orion/install/orion_mtc/share/orion_mtc/cmake/orion_mtcConfig.cmake\n'}
[14.886484] (orion_mtc) StdoutLine: {'line': b'-- Up-to-date: /home/huzy/My_orion/install/orion_mtc/share/orion_mtc/cmake/orion_mtcConfig-version.cmake\n'}
[14.886515] (orion_mtc) StdoutLine: {'line': b'-- Up-to-date: /home/huzy/My_orion/install/orion_mtc/share/orion_mtc/package.xml\n'}
[14.887508] (orion_mtc) CommandEnded: {'returncode': 0}
[14.904843] (orion_mtc) JobEnded: {'identifier': 'orion_mtc', 'rc': 0}
[14.906037] (-) EventReactorShutdown: {}
