[0.010s] Invoking command in '/home/huzy/My_orion/build/orion_moveit_config': CMAKE_PREFIX_PATH=/home/huzy/My_orion/install/orion_description:/home/huzy/My_orion/install/orion_mtc:/home/huzy/My_orion/install/orion_moveit_config:/home/huzy/My_orion/install/orion_pybullet_sim:/opt/ros/humble /usr/bin/cmake --build /home/huzy/My_orion/build/orion_moveit_config -- -j8 -l8
[0.047s] Invoked command in '/home/huzy/My_orion/build/orion_moveit_config' returned '0': CMAKE_PREFIX_PATH=/home/huzy/My_orion/install/orion_description:/home/huzy/My_orion/install/orion_mtc:/home/huzy/My_orion/install/orion_moveit_config:/home/huzy/My_orion/install/orion_pybullet_sim:/opt/ros/humble /usr/bin/cmake --build /home/huzy/My_orion/build/orion_moveit_config -- -j8 -l8
[0.049s] Invoking command in '/home/huzy/My_orion/build/orion_moveit_config': CMAKE_PREFIX_PATH=/home/huzy/My_orion/install/orion_description:/home/huzy/My_orion/install/orion_mtc:/home/huzy/My_orion/install/orion_moveit_config:/home/huzy/My_orion/install/orion_pybullet_sim:/opt/ros/humble /usr/bin/cmake --install /home/huzy/My_orion/build/orion_moveit_config
[0.056s] -- Install configuration: ""
[0.057s] -- Execute custom install script
[0.057s] -- Up-to-date symlink: /home/huzy/My_orion/install/orion_moveit_config/share/orion_moveit_config/config/joint_limits.yaml
[0.057s] -- Up-to-date symlink: /home/huzy/My_orion/install/orion_moveit_config/share/orion_moveit_config/config/kinematics.yaml
[0.057s] -- Up-to-date symlink: /home/huzy/My_orion/install/orion_moveit_config/share/orion_moveit_config/config/moveit.rviz
[0.057s] -- Up-to-date symlink: /home/huzy/My_orion/install/orion_moveit_config/share/orion_moveit_config/config/moveit_controllers.yaml
[0.058s] -- Up-to-date symlink: /home/huzy/My_orion/install/orion_moveit_config/share/orion_moveit_config/config/ompl_planning.yaml
[0.058s] -- Up-to-date symlink: /home/huzy/My_orion/install/orion_moveit_config/share/orion_moveit_config/config/orion.srdf
[0.058s] -- Up-to-date symlink: /home/huzy/My_orion/install/orion_moveit_config/share/orion_moveit_config/launch/demo.launch.py
[0.058s] -- Up-to-date symlink: /home/huzy/My_orion/install/orion_moveit_config/share/ament_index/resource_index/package_run_dependencies/orion_moveit_config
[0.058s] -- Up-to-date symlink: /home/huzy/My_orion/install/orion_moveit_config/share/ament_index/resource_index/parent_prefix_path/orion_moveit_config
[0.058s] -- Up-to-date symlink: /home/huzy/My_orion/install/orion_moveit_config/share/orion_moveit_config/environment/ament_prefix_path.sh
[0.058s] -- Up-to-date symlink: /home/huzy/My_orion/install/orion_moveit_config/share/orion_moveit_config/environment/ament_prefix_path.dsv
[0.059s] -- Up-to-date symlink: /home/huzy/My_orion/install/orion_moveit_config/share/orion_moveit_config/environment/path.sh
[0.059s] -- Up-to-date symlink: /home/huzy/My_orion/install/orion_moveit_config/share/orion_moveit_config/environment/path.dsv
[0.059s] -- Up-to-date symlink: /home/huzy/My_orion/install/orion_moveit_config/share/orion_moveit_config/local_setup.bash
[0.059s] -- Up-to-date symlink: /home/huzy/My_orion/install/orion_moveit_config/share/orion_moveit_config/local_setup.sh
[0.059s] -- Up-to-date symlink: /home/huzy/My_orion/install/orion_moveit_config/share/orion_moveit_config/local_setup.zsh
[0.059s] -- Up-to-date symlink: /home/huzy/My_orion/install/orion_moveit_config/share/orion_moveit_config/local_setup.dsv
[0.059s] -- Symlinking: /home/huzy/My_orion/install/orion_moveit_config/share/orion_moveit_config/package.dsv
[0.067s] -- Up-to-date symlink: /home/huzy/My_orion/install/orion_moveit_config/share/ament_index/resource_index/packages/orion_moveit_config
[0.069s] -- Up-to-date symlink: /home/huzy/My_orion/install/orion_moveit_config/share/orion_moveit_config/cmake/orion_moveit_configConfig.cmake
[0.070s] -- Up-to-date symlink: /home/huzy/My_orion/install/orion_moveit_config/share/orion_moveit_config/cmake/orion_moveit_configConfig-version.cmake
[0.070s] -- Up-to-date symlink: /home/huzy/My_orion/install/orion_moveit_config/share/orion_moveit_config/package.xml
[0.071s] Invoked command in '/home/huzy/My_orion/build/orion_moveit_config' returned '0': CMAKE_PREFIX_PATH=/home/huzy/My_orion/install/orion_description:/home/huzy/My_orion/install/orion_mtc:/home/huzy/My_orion/install/orion_moveit_config:/home/huzy/My_orion/install/orion_pybullet_sim:/opt/ros/humble /usr/bin/cmake --install /home/huzy/My_orion/build/orion_moveit_config
