[0.058s] DEBUG:colcon:Command line arguments: ['/usr/bin/colcon', 'build']
[0.058s] DEBUG:colcon:Parsed command line arguments: Namespace(log_base=None, log_level=None, verb_name='build', build_base='build', install_base='install', merge_install=False, symlink_install=False, test_result_base=None, continue_on_error=False, executor='parallel', parallel_workers=4, event_handlers=None, ignore_user_meta=False, metas=['./colcon.meta'], base_paths=['.'], packages_ignore=None, packages_ignore_regex=None, paths=None, packages_up_to=None, packages_up_to_regex=None, packages_above=None, packages_above_and_dependencies=None, packages_above_depth=None, packages_select_by_dep=None, packages_skip_by_dep=None, packages_skip_up_to=None, packages_select_build_failed=False, packages_skip_build_finished=False, packages_select_test_failures=False, packages_skip_test_passed=False, packages_select=None, packages_skip=None, packages_select_regex=None, packages_skip_regex=None, packages_start=None, packages_end=None, allow_overriding=[], cmake_args=None, cmake_target=None, cmake_target_skip_unavailable=False, cmake_clean_cache=False, cmake_clean_first=False, cmake_force_configure=False, ament_cmake_args=None, catkin_cmake_args=None, catkin_skip_building_tests=False, mixin_files=None, mixin=None, verb_parser=<colcon_mixin.mixin.mixin_argument.MixinArgumentDecorator object at 0x70e76c861600>, verb_extension=<colcon_core.verb.build.BuildVerb object at 0x70e76c860ee0>, main=<bound method BuildVerb.main of <colcon_core.verb.build.BuildVerb object at 0x70e76c860ee0>>, mixin_verb=('build',))
[0.140s] Level 1:colcon.colcon_core.package_discovery:discover_packages(colcon_meta) check parameters
[0.140s] Level 1:colcon.colcon_core.package_discovery:discover_packages(recursive) check parameters
[0.140s] Level 1:colcon.colcon_core.package_discovery:discover_packages(ignore) check parameters
[0.140s] Level 1:colcon.colcon_core.package_discovery:discover_packages(path) check parameters
[0.140s] Level 1:colcon.colcon_core.package_discovery:discover_packages(colcon_meta) discover
[0.140s] Level 1:colcon.colcon_core.package_discovery:discover_packages(recursive) discover
[0.140s] INFO:colcon.colcon_core.package_discovery:Crawling recursively for packages in '/home/joey/My_orion'
[0.140s] Level 1:colcon.colcon_core.package_identification:_identify(.) by extensions ['ignore', 'ignore_ament_install']
[0.140s] Level 1:colcon.colcon_core.package_identification:_identify(.) by extension 'ignore'
[0.140s] Level 1:colcon.colcon_core.package_identification:_identify(.) by extension 'ignore_ament_install'
[0.140s] Level 1:colcon.colcon_core.package_identification:_identify(.) by extensions ['colcon_pkg']
[0.140s] Level 1:colcon.colcon_core.package_identification:_identify(.) by extension 'colcon_pkg'
[0.141s] Level 1:colcon.colcon_core.package_identification:_identify(.) by extensions ['colcon_meta']
[0.141s] Level 1:colcon.colcon_core.package_identification:_identify(.) by extension 'colcon_meta'
[0.141s] Level 1:colcon.colcon_core.package_identification:_identify(.) by extensions ['ros']
[0.141s] Level 1:colcon.colcon_core.package_identification:_identify(.) by extension 'ros'
[0.146s] Level 1:colcon.colcon_core.package_identification:_identify(.) by extensions ['cmake', 'python']
[0.146s] Level 1:colcon.colcon_core.package_identification:_identify(.) by extension 'cmake'
[0.147s] Level 1:colcon.colcon_core.package_identification:_identify(.) by extension 'python'
[0.147s] Level 1:colcon.colcon_core.package_identification:_identify(.) by extensions ['python_setup_py']
[0.147s] Level 1:colcon.colcon_core.package_identification:_identify(.) by extension 'python_setup_py'
[0.147s] Level 1:colcon.colcon_core.package_identification:_identify(build) by extensions ['ignore', 'ignore_ament_install']
[0.147s] Level 1:colcon.colcon_core.package_identification:_identify(build) by extension 'ignore'
[0.147s] Level 1:colcon.colcon_core.package_identification:_identify(build) ignored
[0.147s] Level 1:colcon.colcon_core.package_identification:_identify(install) by extensions ['ignore', 'ignore_ament_install']
[0.147s] Level 1:colcon.colcon_core.package_identification:_identify(install) by extension 'ignore'
[0.147s] Level 1:colcon.colcon_core.package_identification:_identify(install) ignored
[0.147s] Level 1:colcon.colcon_core.package_identification:_identify(log) by extensions ['ignore', 'ignore_ament_install']
[0.147s] Level 1:colcon.colcon_core.package_identification:_identify(log) by extension 'ignore'
[0.147s] Level 1:colcon.colcon_core.package_identification:_identify(log) ignored
[0.147s] Level 1:colcon.colcon_core.package_identification:_identify(src) by extensions ['ignore', 'ignore_ament_install']
[0.147s] Level 1:colcon.colcon_core.package_identification:_identify(src) by extension 'ignore'
[0.147s] Level 1:colcon.colcon_core.package_identification:_identify(src) by extension 'ignore_ament_install'
[0.147s] Level 1:colcon.colcon_core.package_identification:_identify(src) by extensions ['colcon_pkg']
[0.147s] Level 1:colcon.colcon_core.package_identification:_identify(src) by extension 'colcon_pkg'
[0.147s] Level 1:colcon.colcon_core.package_identification:_identify(src) by extensions ['colcon_meta']
[0.147s] Level 1:colcon.colcon_core.package_identification:_identify(src) by extension 'colcon_meta'
[0.147s] Level 1:colcon.colcon_core.package_identification:_identify(src) by extensions ['ros']
[0.147s] Level 1:colcon.colcon_core.package_identification:_identify(src) by extension 'ros'
[0.147s] Level 1:colcon.colcon_core.package_identification:_identify(src) by extensions ['cmake', 'python']
[0.147s] Level 1:colcon.colcon_core.package_identification:_identify(src) by extension 'cmake'
[0.147s] Level 1:colcon.colcon_core.package_identification:_identify(src) by extension 'python'
[0.147s] Level 1:colcon.colcon_core.package_identification:_identify(src) by extensions ['python_setup_py']
[0.147s] Level 1:colcon.colcon_core.package_identification:_identify(src) by extension 'python_setup_py'
[0.147s] Level 1:colcon.colcon_core.package_identification:_identify(src/orion_description) by extensions ['ignore', 'ignore_ament_install']
[0.147s] Level 1:colcon.colcon_core.package_identification:_identify(src/orion_description) by extension 'ignore'
[0.147s] Level 1:colcon.colcon_core.package_identification:_identify(src/orion_description) by extension 'ignore_ament_install'
[0.147s] Level 1:colcon.colcon_core.package_identification:_identify(src/orion_description) by extensions ['colcon_pkg']
[0.147s] Level 1:colcon.colcon_core.package_identification:_identify(src/orion_description) by extension 'colcon_pkg'
[0.147s] Level 1:colcon.colcon_core.package_identification:_identify(src/orion_description) by extensions ['colcon_meta']
[0.147s] Level 1:colcon.colcon_core.package_identification:_identify(src/orion_description) by extension 'colcon_meta'
[0.148s] Level 1:colcon.colcon_core.package_identification:_identify(src/orion_description) by extensions ['ros']
[0.148s] Level 1:colcon.colcon_core.package_identification:_identify(src/orion_description) by extension 'ros'
[0.149s] DEBUG:colcon.colcon_core.package_identification:Package 'src/orion_description' with type 'ros.ament_cmake' and name 'orion_description'
[0.149s] Level 1:colcon.colcon_core.package_identification:_identify(src/orion_moveit_config) by extensions ['ignore', 'ignore_ament_install']
[0.149s] Level 1:colcon.colcon_core.package_identification:_identify(src/orion_moveit_config) by extension 'ignore'
[0.149s] Level 1:colcon.colcon_core.package_identification:_identify(src/orion_moveit_config) by extension 'ignore_ament_install'
[0.149s] Level 1:colcon.colcon_core.package_identification:_identify(src/orion_moveit_config) by extensions ['colcon_pkg']
[0.149s] Level 1:colcon.colcon_core.package_identification:_identify(src/orion_moveit_config) by extension 'colcon_pkg'
[0.149s] Level 1:colcon.colcon_core.package_identification:_identify(src/orion_moveit_config) by extensions ['colcon_meta']
[0.149s] Level 1:colcon.colcon_core.package_identification:_identify(src/orion_moveit_config) by extension 'colcon_meta'
[0.149s] Level 1:colcon.colcon_core.package_identification:_identify(src/orion_moveit_config) by extensions ['ros']
[0.149s] Level 1:colcon.colcon_core.package_identification:_identify(src/orion_moveit_config) by extension 'ros'
[0.150s] DEBUG:colcon.colcon_core.package_identification:Package 'src/orion_moveit_config' with type 'ros.ament_cmake' and name 'orion_moveit_config'
[0.150s] Level 1:colcon.colcon_core.package_identification:_identify(src/orion_mtc) by extensions ['ignore', 'ignore_ament_install']
[0.150s] Level 1:colcon.colcon_core.package_identification:_identify(src/orion_mtc) by extension 'ignore'
[0.150s] Level 1:colcon.colcon_core.package_identification:_identify(src/orion_mtc) by extension 'ignore_ament_install'
[0.150s] Level 1:colcon.colcon_core.package_identification:_identify(src/orion_mtc) by extensions ['colcon_pkg']
[0.150s] Level 1:colcon.colcon_core.package_identification:_identify(src/orion_mtc) by extension 'colcon_pkg'
[0.150s] Level 1:colcon.colcon_core.package_identification:_identify(src/orion_mtc) by extensions ['colcon_meta']
[0.150s] Level 1:colcon.colcon_core.package_identification:_identify(src/orion_mtc) by extension 'colcon_meta'
[0.150s] Level 1:colcon.colcon_core.package_identification:_identify(src/orion_mtc) by extensions ['ros']
[0.150s] Level 1:colcon.colcon_core.package_identification:_identify(src/orion_mtc) by extension 'ros'
[0.151s] DEBUG:colcon.colcon_core.package_identification:Package 'src/orion_mtc' with type 'ros.ament_cmake' and name 'orion_mtc'
[0.151s] Level 1:colcon.colcon_core.package_identification:_identify(src/orion_pybullet_sim) by extensions ['ignore', 'ignore_ament_install']
[0.151s] Level 1:colcon.colcon_core.package_identification:_identify(src/orion_pybullet_sim) by extension 'ignore'
[0.151s] Level 1:colcon.colcon_core.package_identification:_identify(src/orion_pybullet_sim) by extension 'ignore_ament_install'
[0.151s] Level 1:colcon.colcon_core.package_identification:_identify(src/orion_pybullet_sim) by extensions ['colcon_pkg']
[0.151s] Level 1:colcon.colcon_core.package_identification:_identify(src/orion_pybullet_sim) by extension 'colcon_pkg'
[0.151s] Level 1:colcon.colcon_core.package_identification:_identify(src/orion_pybullet_sim) by extensions ['colcon_meta']
[0.151s] Level 1:colcon.colcon_core.package_identification:_identify(src/orion_pybullet_sim) by extension 'colcon_meta'
[0.151s] Level 1:colcon.colcon_core.package_identification:_identify(src/orion_pybullet_sim) by extensions ['ros']
[0.151s] Level 1:colcon.colcon_core.package_identification:_identify(src/orion_pybullet_sim) by extension 'ros'
[0.152s] DEBUG:colcon.colcon_core.package_identification:Package 'src/orion_pybullet_sim' with type 'ros.ament_python' and name 'orion_pybullet_sim'
[0.152s] Level 1:colcon.colcon_core.package_discovery:discover_packages(recursive) using defaults
[0.152s] Level 1:colcon.colcon_core.package_discovery:discover_packages(ignore) discover
[0.152s] Level 1:colcon.colcon_core.package_discovery:discover_packages(ignore) using defaults
[0.152s] Level 1:colcon.colcon_core.package_discovery:discover_packages(path) discover
[0.152s] Level 1:colcon.colcon_core.package_discovery:discover_packages(path) using defaults
[0.170s] Level 1:colcon.colcon_core.package_discovery:discover_packages(prefix_path) check parameters
[0.170s] Level 1:colcon.colcon_core.package_discovery:discover_packages(prefix_path) discover
[0.171s] DEBUG:colcon.colcon_installed_package_information.package_discovery:Found 4 installed packages in /home/joey/My_orion/install
[0.172s] DEBUG:colcon.colcon_installed_package_information.package_discovery:Found 358 installed packages in /opt/ros/humble
[0.172s] Level 1:colcon.colcon_core.package_discovery:discover_packages(prefix_path) using defaults
[0.193s] Level 5:colcon.colcon_core.verb:set package 'orion_description' build argument 'cmake_args' from command line to 'None'
[0.194s] Level 5:colcon.colcon_core.verb:set package 'orion_description' build argument 'cmake_target' from command line to 'None'
[0.194s] Level 5:colcon.colcon_core.verb:set package 'orion_description' build argument 'cmake_target_skip_unavailable' from command line to 'False'
[0.194s] Level 5:colcon.colcon_core.verb:set package 'orion_description' build argument 'cmake_clean_cache' from command line to 'False'
[0.194s] Level 5:colcon.colcon_core.verb:set package 'orion_description' build argument 'cmake_clean_first' from command line to 'False'
[0.194s] Level 5:colcon.colcon_core.verb:set package 'orion_description' build argument 'cmake_force_configure' from command line to 'False'
[0.194s] Level 5:colcon.colcon_core.verb:set package 'orion_description' build argument 'ament_cmake_args' from command line to 'None'
[0.194s] Level 5:colcon.colcon_core.verb:set package 'orion_description' build argument 'catkin_cmake_args' from command line to 'None'
[0.194s] Level 5:colcon.colcon_core.verb:set package 'orion_description' build argument 'catkin_skip_building_tests' from command line to 'False'
[0.194s] DEBUG:colcon.colcon_core.verb:Building package 'orion_description' with the following arguments: {'ament_cmake_args': None, 'build_base': '/home/joey/My_orion/build/orion_description', 'catkin_cmake_args': None, 'catkin_skip_building_tests': False, 'cmake_args': None, 'cmake_clean_cache': False, 'cmake_clean_first': False, 'cmake_force_configure': False, 'cmake_target': None, 'cmake_target_skip_unavailable': False, 'install_base': '/home/joey/My_orion/install/orion_description', 'merge_install': False, 'path': '/home/joey/My_orion/src/orion_description', 'symlink_install': False, 'test_result_base': None}
[0.194s] Level 5:colcon.colcon_core.verb:set package 'orion_moveit_config' build argument 'cmake_args' from command line to 'None'
[0.194s] Level 5:colcon.colcon_core.verb:set package 'orion_moveit_config' build argument 'cmake_target' from command line to 'None'
[0.194s] Level 5:colcon.colcon_core.verb:set package 'orion_moveit_config' build argument 'cmake_target_skip_unavailable' from command line to 'False'
[0.194s] Level 5:colcon.colcon_core.verb:set package 'orion_moveit_config' build argument 'cmake_clean_cache' from command line to 'False'
[0.194s] Level 5:colcon.colcon_core.verb:set package 'orion_moveit_config' build argument 'cmake_clean_first' from command line to 'False'
[0.194s] Level 5:colcon.colcon_core.verb:set package 'orion_moveit_config' build argument 'cmake_force_configure' from command line to 'False'
[0.194s] Level 5:colcon.colcon_core.verb:set package 'orion_moveit_config' build argument 'ament_cmake_args' from command line to 'None'
[0.194s] Level 5:colcon.colcon_core.verb:set package 'orion_moveit_config' build argument 'catkin_cmake_args' from command line to 'None'
[0.194s] Level 5:colcon.colcon_core.verb:set package 'orion_moveit_config' build argument 'catkin_skip_building_tests' from command line to 'False'
[0.194s] DEBUG:colcon.colcon_core.verb:Building package 'orion_moveit_config' with the following arguments: {'ament_cmake_args': None, 'build_base': '/home/joey/My_orion/build/orion_moveit_config', 'catkin_cmake_args': None, 'catkin_skip_building_tests': False, 'cmake_args': None, 'cmake_clean_cache': False, 'cmake_clean_first': False, 'cmake_force_configure': False, 'cmake_target': None, 'cmake_target_skip_unavailable': False, 'install_base': '/home/joey/My_orion/install/orion_moveit_config', 'merge_install': False, 'path': '/home/joey/My_orion/src/orion_moveit_config', 'symlink_install': False, 'test_result_base': None}
[0.194s] Level 5:colcon.colcon_core.verb:set package 'orion_pybullet_sim' build argument 'cmake_args' from command line to 'None'
[0.194s] Level 5:colcon.colcon_core.verb:set package 'orion_pybullet_sim' build argument 'cmake_target' from command line to 'None'
[0.194s] Level 5:colcon.colcon_core.verb:set package 'orion_pybullet_sim' build argument 'cmake_target_skip_unavailable' from command line to 'False'
[0.194s] Level 5:colcon.colcon_core.verb:set package 'orion_pybullet_sim' build argument 'cmake_clean_cache' from command line to 'False'
[0.194s] Level 5:colcon.colcon_core.verb:set package 'orion_pybullet_sim' build argument 'cmake_clean_first' from command line to 'False'
[0.194s] Level 5:colcon.colcon_core.verb:set package 'orion_pybullet_sim' build argument 'cmake_force_configure' from command line to 'False'
[0.194s] Level 5:colcon.colcon_core.verb:set package 'orion_pybullet_sim' build argument 'ament_cmake_args' from command line to 'None'
[0.194s] Level 5:colcon.colcon_core.verb:set package 'orion_pybullet_sim' build argument 'catkin_cmake_args' from command line to 'None'
[0.194s] Level 5:colcon.colcon_core.verb:set package 'orion_pybullet_sim' build argument 'catkin_skip_building_tests' from command line to 'False'
[0.194s] DEBUG:colcon.colcon_core.verb:Building package 'orion_pybullet_sim' with the following arguments: {'ament_cmake_args': None, 'build_base': '/home/joey/My_orion/build/orion_pybullet_sim', 'catkin_cmake_args': None, 'catkin_skip_building_tests': False, 'cmake_args': None, 'cmake_clean_cache': False, 'cmake_clean_first': False, 'cmake_force_configure': False, 'cmake_target': None, 'cmake_target_skip_unavailable': False, 'install_base': '/home/joey/My_orion/install/orion_pybullet_sim', 'merge_install': False, 'path': '/home/joey/My_orion/src/orion_pybullet_sim', 'symlink_install': False, 'test_result_base': None}
[0.194s] Level 5:colcon.colcon_core.verb:set package 'orion_mtc' build argument 'cmake_args' from command line to 'None'
[0.194s] Level 5:colcon.colcon_core.verb:set package 'orion_mtc' build argument 'cmake_target' from command line to 'None'
[0.194s] Level 5:colcon.colcon_core.verb:set package 'orion_mtc' build argument 'cmake_target_skip_unavailable' from command line to 'False'
[0.194s] Level 5:colcon.colcon_core.verb:set package 'orion_mtc' build argument 'cmake_clean_cache' from command line to 'False'
[0.194s] Level 5:colcon.colcon_core.verb:set package 'orion_mtc' build argument 'cmake_clean_first' from command line to 'False'
[0.195s] Level 5:colcon.colcon_core.verb:set package 'orion_mtc' build argument 'cmake_force_configure' from command line to 'False'
[0.195s] Level 5:colcon.colcon_core.verb:set package 'orion_mtc' build argument 'ament_cmake_args' from command line to 'None'
[0.195s] Level 5:colcon.colcon_core.verb:set package 'orion_mtc' build argument 'catkin_cmake_args' from command line to 'None'
[0.195s] Level 5:colcon.colcon_core.verb:set package 'orion_mtc' build argument 'catkin_skip_building_tests' from command line to 'False'
[0.195s] DEBUG:colcon.colcon_core.verb:Building package 'orion_mtc' with the following arguments: {'ament_cmake_args': None, 'build_base': '/home/joey/My_orion/build/orion_mtc', 'catkin_cmake_args': None, 'catkin_skip_building_tests': False, 'cmake_args': None, 'cmake_clean_cache': False, 'cmake_clean_first': False, 'cmake_force_configure': False, 'cmake_target': None, 'cmake_target_skip_unavailable': False, 'install_base': '/home/joey/My_orion/install/orion_mtc', 'merge_install': False, 'path': '/home/joey/My_orion/src/orion_mtc', 'symlink_install': False, 'test_result_base': None}
[0.195s] INFO:colcon.colcon_core.executor:Executing jobs using 'parallel' executor
[0.195s] DEBUG:colcon.colcon_parallel_executor.executor.parallel:run_until_complete
[0.196s] INFO:colcon.colcon_ros.task.ament_cmake.build:Building ROS package in '/home/joey/My_orion/src/orion_description' with build type 'ament_cmake'
[0.196s] INFO:colcon.colcon_cmake.task.cmake.build:Building CMake package in '/home/joey/My_orion/src/orion_description'
[0.197s] INFO:colcon.colcon_core.plugin_system:Skipping extension 'colcon_core.shell.bat': Not used on non-Windows systems
[0.197s] INFO:colcon.colcon_core.shell:Skip shell extension 'powershell' for command environment: Not usable outside of PowerShell
[0.197s] DEBUG:colcon.colcon_core.shell:Skip shell extension 'dsv' for command environment
[0.203s] DEBUG:colcon.colcon_core.event_handler.log_command:Invoking command in '/home/joey/My_orion/build/orion_description': CMAKE_PREFIX_PATH=${CMAKE_PREFIX_PATH}:/home/joey/My_orion/install/orion_pybullet_sim:/opt/ros/humble /usr/bin/cmake --build /home/joey/My_orion/build/orion_description -- -j4 -l4
[0.224s] DEBUG:colcon.colcon_core.event_handler.log_command:Invoked command in '/home/joey/My_orion/build/orion_description' returned '0': CMAKE_PREFIX_PATH=${CMAKE_PREFIX_PATH}:/home/joey/My_orion/install/orion_pybullet_sim:/opt/ros/humble /usr/bin/cmake --build /home/joey/My_orion/build/orion_description -- -j4 -l4
[0.230s] DEBUG:colcon.colcon_core.event_handler.log_command:Invoking command in '/home/joey/My_orion/build/orion_description': CMAKE_PREFIX_PATH=${CMAKE_PREFIX_PATH}:/home/joey/My_orion/install/orion_pybullet_sim:/opt/ros/humble /usr/bin/cmake --install /home/joey/My_orion/build/orion_description
[0.235s] Level 1:colcon.colcon_core.environment:create_environment_scripts_only(orion_description)
[0.237s] Level 1:colcon.colcon_core.environment:checking '/home/joey/My_orion/install/orion_description' for CMake module files
[0.238s] Level 1:colcon.colcon_core.environment:checking '/home/joey/My_orion/install/orion_description' for CMake config files
[0.238s] Level 1:colcon.colcon_core.shell:create_environment_hook('orion_description', 'cmake_prefix_path')
[0.238s] INFO:colcon.colcon_core.shell:Creating environment hook '/home/joey/My_orion/install/orion_description/share/orion_description/hook/cmake_prefix_path.ps1'
[0.239s] INFO:colcon.colcon_core.shell:Creating environment descriptor '/home/joey/My_orion/install/orion_description/share/orion_description/hook/cmake_prefix_path.dsv'
[0.240s] DEBUG:colcon.colcon_core.event_handler.log_command:Invoked command in '/home/joey/My_orion/build/orion_description' returned '0': CMAKE_PREFIX_PATH=${CMAKE_PREFIX_PATH}:/home/joey/My_orion/install/orion_pybullet_sim:/opt/ros/humble /usr/bin/cmake --install /home/joey/My_orion/build/orion_description
[0.240s] INFO:colcon.colcon_core.shell:Creating environment hook '/home/joey/My_orion/install/orion_description/share/orion_description/hook/cmake_prefix_path.sh'
[0.241s] Level 1:colcon.colcon_core.environment:checking '/home/joey/My_orion/install/orion_description/bin'
[0.241s] Level 1:colcon.colcon_core.environment:checking '/home/joey/My_orion/install/orion_description/lib/pkgconfig/orion_description.pc'
[0.241s] Level 1:colcon.colcon_core.environment:checking '/home/joey/My_orion/install/orion_description/lib/python3.10/site-packages'
[0.241s] Level 1:colcon.colcon_core.environment:checking '/home/joey/My_orion/install/orion_description/bin'
[0.241s] INFO:colcon.colcon_core.shell:Creating package script '/home/joey/My_orion/install/orion_description/share/orion_description/package.ps1'
[0.242s] INFO:colcon.colcon_core.shell:Creating package descriptor '/home/joey/My_orion/install/orion_description/share/orion_description/package.dsv'
[0.242s] INFO:colcon.colcon_core.shell:Creating package script '/home/joey/My_orion/install/orion_description/share/orion_description/package.sh'
[0.242s] INFO:colcon.colcon_core.shell:Creating package script '/home/joey/My_orion/install/orion_description/share/orion_description/package.bash'
[0.243s] INFO:colcon.colcon_core.shell:Creating package script '/home/joey/My_orion/install/orion_description/share/orion_description/package.zsh'
[0.243s] Level 1:colcon.colcon_core.environment:create_file_with_runtime_dependencies(/home/joey/My_orion/install/orion_description/share/colcon-core/packages/orion_description)
[0.244s] Level 1:colcon.colcon_core.environment:create_environment_scripts_only(orion_description)
[0.244s] Level 1:colcon.colcon_core.environment:checking '/home/joey/My_orion/install/orion_description' for CMake module files
[0.244s] Level 1:colcon.colcon_core.environment:checking '/home/joey/My_orion/install/orion_description' for CMake config files
[0.244s] Level 1:colcon.colcon_core.shell:create_environment_hook('orion_description', 'cmake_prefix_path')
[0.244s] INFO:colcon.colcon_core.shell:Creating environment hook '/home/joey/My_orion/install/orion_description/share/orion_description/hook/cmake_prefix_path.ps1'
[0.245s] INFO:colcon.colcon_core.shell:Creating environment descriptor '/home/joey/My_orion/install/orion_description/share/orion_description/hook/cmake_prefix_path.dsv'
[0.245s] INFO:colcon.colcon_core.shell:Creating environment hook '/home/joey/My_orion/install/orion_description/share/orion_description/hook/cmake_prefix_path.sh'
[0.245s] Level 1:colcon.colcon_core.environment:checking '/home/joey/My_orion/install/orion_description/bin'
[0.245s] Level 1:colcon.colcon_core.environment:checking '/home/joey/My_orion/install/orion_description/lib/pkgconfig/orion_description.pc'
[0.245s] Level 1:colcon.colcon_core.environment:checking '/home/joey/My_orion/install/orion_description/lib/python3.10/site-packages'
[0.246s] Level 1:colcon.colcon_core.environment:checking '/home/joey/My_orion/install/orion_description/bin'
[0.246s] INFO:colcon.colcon_core.shell:Creating package script '/home/joey/My_orion/install/orion_description/share/orion_description/package.ps1'
[0.246s] INFO:colcon.colcon_core.shell:Creating package descriptor '/home/joey/My_orion/install/orion_description/share/orion_description/package.dsv'
[0.246s] INFO:colcon.colcon_core.shell:Creating package script '/home/joey/My_orion/install/orion_description/share/orion_description/package.sh'
[0.247s] INFO:colcon.colcon_core.shell:Creating package script '/home/joey/My_orion/install/orion_description/share/orion_description/package.bash'
[0.247s] INFO:colcon.colcon_core.shell:Creating package script '/home/joey/My_orion/install/orion_description/share/orion_description/package.zsh'
[0.247s] Level 1:colcon.colcon_core.environment:create_file_with_runtime_dependencies(/home/joey/My_orion/install/orion_description/share/colcon-core/packages/orion_description)
[0.247s] INFO:colcon.colcon_ros.task.ament_cmake.build:Building ROS package in '/home/joey/My_orion/src/orion_moveit_config' with build type 'ament_cmake'
[0.248s] INFO:colcon.colcon_cmake.task.cmake.build:Building CMake package in '/home/joey/My_orion/src/orion_moveit_config'
[0.248s] INFO:colcon.colcon_core.shell:Skip shell extension 'powershell' for command environment: Not usable outside of PowerShell
[0.248s] DEBUG:colcon.colcon_core.shell:Skip shell extension 'dsv' for command environment
[0.256s] DEBUG:colcon.colcon_core.event_handler.log_command:Invoking command in '/home/joey/My_orion/build/orion_moveit_config': CMAKE_PREFIX_PATH=/home/joey/My_orion/install/orion_description:/home/joey/My_orion/install/orion_mtc:/home/joey/My_orion/install/orion_moveit_config:/home/joey/My_orion/install/orion_pybullet_sim:/opt/ros/humble /usr/bin/cmake --build /home/joey/My_orion/build/orion_moveit_config -- -j4 -l4
[0.275s] DEBUG:colcon.colcon_core.event_handler.log_command:Invoked command in '/home/joey/My_orion/build/orion_moveit_config' returned '0': CMAKE_PREFIX_PATH=/home/joey/My_orion/install/orion_description:/home/joey/My_orion/install/orion_mtc:/home/joey/My_orion/install/orion_moveit_config:/home/joey/My_orion/install/orion_pybullet_sim:/opt/ros/humble /usr/bin/cmake --build /home/joey/My_orion/build/orion_moveit_config -- -j4 -l4
[0.276s] DEBUG:colcon.colcon_core.event_handler.log_command:Invoking command in '/home/joey/My_orion/build/orion_moveit_config': CMAKE_PREFIX_PATH=/home/joey/My_orion/install/orion_description:/home/joey/My_orion/install/orion_mtc:/home/joey/My_orion/install/orion_moveit_config:/home/joey/My_orion/install/orion_pybullet_sim:/opt/ros/humble /usr/bin/cmake --install /home/joey/My_orion/build/orion_moveit_config
[0.282s] Level 1:colcon.colcon_core.environment:create_environment_scripts_only(orion_moveit_config)
[0.282s] Level 1:colcon.colcon_core.environment:checking '/home/joey/My_orion/install/orion_moveit_config' for CMake module files
[0.283s] DEBUG:colcon.colcon_core.event_handler.log_command:Invoked command in '/home/joey/My_orion/build/orion_moveit_config' returned '0': CMAKE_PREFIX_PATH=/home/joey/My_orion/install/orion_description:/home/joey/My_orion/install/orion_mtc:/home/joey/My_orion/install/orion_moveit_config:/home/joey/My_orion/install/orion_pybullet_sim:/opt/ros/humble /usr/bin/cmake --install /home/joey/My_orion/build/orion_moveit_config
[0.283s] Level 1:colcon.colcon_core.environment:checking '/home/joey/My_orion/install/orion_moveit_config' for CMake config files
[0.283s] Level 1:colcon.colcon_core.shell:create_environment_hook('orion_moveit_config', 'cmake_prefix_path')
[0.283s] INFO:colcon.colcon_core.shell:Creating environment hook '/home/joey/My_orion/install/orion_moveit_config/share/orion_moveit_config/hook/cmake_prefix_path.ps1'
[0.284s] INFO:colcon.colcon_core.shell:Creating environment descriptor '/home/joey/My_orion/install/orion_moveit_config/share/orion_moveit_config/hook/cmake_prefix_path.dsv'
[0.284s] INFO:colcon.colcon_core.shell:Creating environment hook '/home/joey/My_orion/install/orion_moveit_config/share/orion_moveit_config/hook/cmake_prefix_path.sh'
[0.284s] Level 1:colcon.colcon_core.environment:checking '/home/joey/My_orion/install/orion_moveit_config/bin'
[0.284s] Level 1:colcon.colcon_core.environment:checking '/home/joey/My_orion/install/orion_moveit_config/lib/pkgconfig/orion_moveit_config.pc'
[0.285s] Level 1:colcon.colcon_core.environment:checking '/home/joey/My_orion/install/orion_moveit_config/lib/python3.10/site-packages'
[0.285s] Level 1:colcon.colcon_core.environment:checking '/home/joey/My_orion/install/orion_moveit_config/bin'
[0.285s] INFO:colcon.colcon_core.shell:Creating package script '/home/joey/My_orion/install/orion_moveit_config/share/orion_moveit_config/package.ps1'
[0.285s] INFO:colcon.colcon_core.shell:Creating package descriptor '/home/joey/My_orion/install/orion_moveit_config/share/orion_moveit_config/package.dsv'
[0.285s] INFO:colcon.colcon_core.shell:Creating package script '/home/joey/My_orion/install/orion_moveit_config/share/orion_moveit_config/package.sh'
[0.286s] INFO:colcon.colcon_core.shell:Creating package script '/home/joey/My_orion/install/orion_moveit_config/share/orion_moveit_config/package.bash'
[0.286s] INFO:colcon.colcon_core.shell:Creating package script '/home/joey/My_orion/install/orion_moveit_config/share/orion_moveit_config/package.zsh'
[0.286s] Level 1:colcon.colcon_core.environment:create_file_with_runtime_dependencies(/home/joey/My_orion/install/orion_moveit_config/share/colcon-core/packages/orion_moveit_config)
[0.286s] Level 1:colcon.colcon_core.environment:create_environment_scripts_only(orion_moveit_config)
[0.287s] Level 1:colcon.colcon_core.environment:checking '/home/joey/My_orion/install/orion_moveit_config' for CMake module files
[0.287s] Level 1:colcon.colcon_core.environment:checking '/home/joey/My_orion/install/orion_moveit_config' for CMake config files
[0.287s] Level 1:colcon.colcon_core.shell:create_environment_hook('orion_moveit_config', 'cmake_prefix_path')
[0.287s] INFO:colcon.colcon_core.shell:Creating environment hook '/home/joey/My_orion/install/orion_moveit_config/share/orion_moveit_config/hook/cmake_prefix_path.ps1'
[0.287s] INFO:colcon.colcon_core.shell:Creating environment descriptor '/home/joey/My_orion/install/orion_moveit_config/share/orion_moveit_config/hook/cmake_prefix_path.dsv'
[0.287s] INFO:colcon.colcon_core.shell:Creating environment hook '/home/joey/My_orion/install/orion_moveit_config/share/orion_moveit_config/hook/cmake_prefix_path.sh'
[0.288s] Level 1:colcon.colcon_core.environment:checking '/home/joey/My_orion/install/orion_moveit_config/bin'
[0.288s] Level 1:colcon.colcon_core.environment:checking '/home/joey/My_orion/install/orion_moveit_config/lib/pkgconfig/orion_moveit_config.pc'
[0.288s] Level 1:colcon.colcon_core.environment:checking '/home/joey/My_orion/install/orion_moveit_config/lib/python3.10/site-packages'
[0.288s] Level 1:colcon.colcon_core.environment:checking '/home/joey/My_orion/install/orion_moveit_config/bin'
[0.289s] INFO:colcon.colcon_core.shell:Creating package script '/home/joey/My_orion/install/orion_moveit_config/share/orion_moveit_config/package.ps1'
[0.289s] INFO:colcon.colcon_core.shell:Creating package descriptor '/home/joey/My_orion/install/orion_moveit_config/share/orion_moveit_config/package.dsv'
[0.289s] INFO:colcon.colcon_core.shell:Creating package script '/home/joey/My_orion/install/orion_moveit_config/share/orion_moveit_config/package.sh'
[0.289s] INFO:colcon.colcon_core.shell:Creating package script '/home/joey/My_orion/install/orion_moveit_config/share/orion_moveit_config/package.bash'
[0.290s] INFO:colcon.colcon_core.shell:Creating package script '/home/joey/My_orion/install/orion_moveit_config/share/orion_moveit_config/package.zsh'
[0.290s] Level 1:colcon.colcon_core.environment:create_file_with_runtime_dependencies(/home/joey/My_orion/install/orion_moveit_config/share/colcon-core/packages/orion_moveit_config)
[0.290s] INFO:colcon.colcon_ros.task.ament_python.build:Building ROS package in '/home/joey/My_orion/src/orion_pybullet_sim' with build type 'ament_python'
[0.291s] Level 1:colcon.colcon_core.shell:create_environment_hook('orion_pybullet_sim', 'ament_prefix_path')
[0.291s] INFO:colcon.colcon_core.shell:Creating environment hook '/home/joey/My_orion/install/orion_pybullet_sim/share/orion_pybullet_sim/hook/ament_prefix_path.ps1'
[0.291s] INFO:colcon.colcon_core.shell:Creating environment descriptor '/home/joey/My_orion/install/orion_pybullet_sim/share/orion_pybullet_sim/hook/ament_prefix_path.dsv'
[0.292s] INFO:colcon.colcon_core.shell:Creating environment hook '/home/joey/My_orion/install/orion_pybullet_sim/share/orion_pybullet_sim/hook/ament_prefix_path.sh'
[0.292s] INFO:colcon.colcon_core.shell:Skip shell extension 'powershell' for command environment: Not usable outside of PowerShell
[0.292s] DEBUG:colcon.colcon_core.shell:Skip shell extension 'dsv' for command environment
[0.422s] INFO:colcon.colcon_core.task.python.build:Building Python package in '/home/joey/My_orion/src/orion_pybullet_sim'
[0.423s] INFO:colcon.colcon_core.shell:Skip shell extension 'powershell' for command environment: Not usable outside of PowerShell
[0.423s] DEBUG:colcon.colcon_core.shell:Skip shell extension 'dsv' for command environment
[0.608s] DEBUG:colcon.colcon_core.event_handler.log_command:Invoking command in '/home/joey/My_orion/src/orion_pybullet_sim': CMAKE_PREFIX_PATH=/home/joey/My_orion/install/orion_moveit_config:/home/joey/My_orion/install/orion_description:/home/joey/My_orion/install/orion_mtc PYTHONPATH=/home/joey/My_orion/build/orion_pybullet_sim/prefix_override:/usr/lib/python3/dist-packages/colcon_core/task/python/colcon_distutils_commands:/home/joey/My_orion/install/orion_pybullet_sim/lib/python3.10/site-packages:${PYTHONPATH} /usr/bin/python3 -W ignore:setup.py install is deprecated -W ignore:easy_install command is deprecated setup.py egg_info --egg-base ../../build/orion_pybullet_sim build --build-base /home/joey/My_orion/build/orion_pybullet_sim/build install --record /home/joey/My_orion/build/orion_pybullet_sim/install.log --single-version-externally-managed install_data
[0.753s] Level 1:colcon.colcon_core.environment:checking '/home/joey/My_orion/install/orion_pybullet_sim' for CMake module files
[0.753s] DEBUG:colcon.colcon_core.event_handler.log_command:Invoked command in '/home/joey/My_orion/src/orion_pybullet_sim' returned '0': CMAKE_PREFIX_PATH=/home/joey/My_orion/install/orion_moveit_config:/home/joey/My_orion/install/orion_description:/home/joey/My_orion/install/orion_mtc PYTHONPATH=/home/joey/My_orion/build/orion_pybullet_sim/prefix_override:/usr/lib/python3/dist-packages/colcon_core/task/python/colcon_distutils_commands:/home/joey/My_orion/install/orion_pybullet_sim/lib/python3.10/site-packages:${PYTHONPATH} /usr/bin/python3 -W ignore:setup.py install is deprecated -W ignore:easy_install command is deprecated setup.py egg_info --egg-base ../../build/orion_pybullet_sim build --build-base /home/joey/My_orion/build/orion_pybullet_sim/build install --record /home/joey/My_orion/build/orion_pybullet_sim/install.log --single-version-externally-managed install_data
[0.753s] Level 1:colcon.colcon_core.environment:checking '/home/joey/My_orion/install/orion_pybullet_sim' for CMake config files
[0.754s] Level 1:colcon.colcon_core.environment:checking '/home/joey/My_orion/install/orion_pybullet_sim/lib'
[0.754s] Level 1:colcon.colcon_core.environment:checking '/home/joey/My_orion/install/orion_pybullet_sim/bin'
[0.754s] Level 1:colcon.colcon_core.environment:checking '/home/joey/My_orion/install/orion_pybullet_sim/lib/pkgconfig/orion_pybullet_sim.pc'
[0.754s] Level 1:colcon.colcon_core.environment:checking '/home/joey/My_orion/install/orion_pybullet_sim/lib/python3.10/site-packages'
[0.754s] Level 1:colcon.colcon_core.shell:create_environment_hook('orion_pybullet_sim', 'pythonpath')
[0.754s] INFO:colcon.colcon_core.shell:Creating environment hook '/home/joey/My_orion/install/orion_pybullet_sim/share/orion_pybullet_sim/hook/pythonpath.ps1'
[0.755s] INFO:colcon.colcon_core.shell:Creating environment descriptor '/home/joey/My_orion/install/orion_pybullet_sim/share/orion_pybullet_sim/hook/pythonpath.dsv'
[0.755s] INFO:colcon.colcon_core.shell:Creating environment hook '/home/joey/My_orion/install/orion_pybullet_sim/share/orion_pybullet_sim/hook/pythonpath.sh'
[0.755s] Level 1:colcon.colcon_core.environment:checking '/home/joey/My_orion/install/orion_pybullet_sim/bin'
[0.756s] Level 1:colcon.colcon_core.environment:create_environment_scripts_only(orion_pybullet_sim)
[0.756s] INFO:colcon.colcon_core.shell:Creating package script '/home/joey/My_orion/install/orion_pybullet_sim/share/orion_pybullet_sim/package.ps1'
[0.756s] INFO:colcon.colcon_core.shell:Creating package descriptor '/home/joey/My_orion/install/orion_pybullet_sim/share/orion_pybullet_sim/package.dsv'
[0.756s] INFO:colcon.colcon_core.shell:Creating package script '/home/joey/My_orion/install/orion_pybullet_sim/share/orion_pybullet_sim/package.sh'
[0.757s] INFO:colcon.colcon_core.shell:Creating package script '/home/joey/My_orion/install/orion_pybullet_sim/share/orion_pybullet_sim/package.bash'
[0.757s] INFO:colcon.colcon_core.shell:Creating package script '/home/joey/My_orion/install/orion_pybullet_sim/share/orion_pybullet_sim/package.zsh'
[0.757s] Level 1:colcon.colcon_core.environment:create_file_with_runtime_dependencies(/home/joey/My_orion/install/orion_pybullet_sim/share/colcon-core/packages/orion_pybullet_sim)
[0.757s] INFO:colcon.colcon_ros.task.ament_cmake.build:Building ROS package in '/home/joey/My_orion/src/orion_mtc' with build type 'ament_cmake'
[0.758s] INFO:colcon.colcon_cmake.task.cmake.build:Building CMake package in '/home/joey/My_orion/src/orion_mtc'
[0.758s] INFO:colcon.colcon_core.shell:Skip shell extension 'powershell' for command environment: Not usable outside of PowerShell
[0.758s] DEBUG:colcon.colcon_core.shell:Skip shell extension 'dsv' for command environment
[0.765s] DEBUG:colcon.colcon_core.event_handler.log_command:Invoking command in '/home/joey/My_orion/build/orion_mtc': AMENT_PREFIX_PATH=/home/joey/My_orion/install/orion_pybullet_sim:/home/joey/My_orion/install/orion_mtc:/home/joey/My_orion/install/orion_moveit_config:/home/joey/My_orion/install/orion_description:/opt/ros/humble CMAKE_PREFIX_PATH=/home/joey/My_orion/install/orion_moveit_config:/home/joey/My_orion/install/orion_description:/home/joey/My_orion/install/orion_mtc:/home/joey/My_orion/install/orion_pybullet_sim:/opt/ros/humble /usr/bin/cmake --build /home/joey/My_orion/build/orion_mtc -- -j4 -l4
[9.688s] DEBUG:colcon.colcon_core.event_handler.log_command:Invoked command in '/home/joey/My_orion/build/orion_mtc' returned '0': AMENT_PREFIX_PATH=/home/joey/My_orion/install/orion_pybullet_sim:/home/joey/My_orion/install/orion_mtc:/home/joey/My_orion/install/orion_moveit_config:/home/joey/My_orion/install/orion_description:/opt/ros/humble CMAKE_PREFIX_PATH=/home/joey/My_orion/install/orion_moveit_config:/home/joey/My_orion/install/orion_description:/home/joey/My_orion/install/orion_mtc:/home/joey/My_orion/install/orion_pybullet_sim:/opt/ros/humble /usr/bin/cmake --build /home/joey/My_orion/build/orion_mtc -- -j4 -l4
[9.689s] DEBUG:colcon.colcon_core.event_handler.log_command:Invoking command in '/home/joey/My_orion/build/orion_mtc': AMENT_PREFIX_PATH=/home/joey/My_orion/install/orion_pybullet_sim:/home/joey/My_orion/install/orion_mtc:/home/joey/My_orion/install/orion_moveit_config:/home/joey/My_orion/install/orion_description:/opt/ros/humble CMAKE_PREFIX_PATH=/home/joey/My_orion/install/orion_moveit_config:/home/joey/My_orion/install/orion_description:/home/joey/My_orion/install/orion_mtc:/home/joey/My_orion/install/orion_pybullet_sim:/opt/ros/humble /usr/bin/cmake --install /home/joey/My_orion/build/orion_mtc
[9.695s] Level 1:colcon.colcon_core.environment:create_environment_scripts_only(orion_mtc)
[9.695s] DEBUG:colcon.colcon_core.event_handler.log_command:Invoked command in '/home/joey/My_orion/build/orion_mtc' returned '0': AMENT_PREFIX_PATH=/home/joey/My_orion/install/orion_pybullet_sim:/home/joey/My_orion/install/orion_mtc:/home/joey/My_orion/install/orion_moveit_config:/home/joey/My_orion/install/orion_description:/opt/ros/humble CMAKE_PREFIX_PATH=/home/joey/My_orion/install/orion_moveit_config:/home/joey/My_orion/install/orion_description:/home/joey/My_orion/install/orion_mtc:/home/joey/My_orion/install/orion_pybullet_sim:/opt/ros/humble /usr/bin/cmake --install /home/joey/My_orion/build/orion_mtc
[9.695s] Level 1:colcon.colcon_core.environment:checking '/home/joey/My_orion/install/orion_mtc' for CMake module files
[9.695s] Level 1:colcon.colcon_core.environment:checking '/home/joey/My_orion/install/orion_mtc' for CMake config files
[9.695s] Level 1:colcon.colcon_core.shell:create_environment_hook('orion_mtc', 'cmake_prefix_path')
[9.695s] INFO:colcon.colcon_core.shell:Creating environment hook '/home/joey/My_orion/install/orion_mtc/share/orion_mtc/hook/cmake_prefix_path.ps1'
[9.696s] INFO:colcon.colcon_core.shell:Creating environment descriptor '/home/joey/My_orion/install/orion_mtc/share/orion_mtc/hook/cmake_prefix_path.dsv'
[9.696s] INFO:colcon.colcon_core.shell:Creating environment hook '/home/joey/My_orion/install/orion_mtc/share/orion_mtc/hook/cmake_prefix_path.sh'
[9.696s] Level 1:colcon.colcon_core.environment:checking '/home/joey/My_orion/install/orion_mtc/lib'
[9.697s] Level 1:colcon.colcon_core.environment:checking '/home/joey/My_orion/install/orion_mtc/bin'
[9.697s] Level 1:colcon.colcon_core.environment:checking '/home/joey/My_orion/install/orion_mtc/lib/pkgconfig/orion_mtc.pc'
[9.697s] Level 1:colcon.colcon_core.environment:checking '/home/joey/My_orion/install/orion_mtc/lib/python3.10/site-packages'
[9.697s] Level 1:colcon.colcon_core.environment:checking '/home/joey/My_orion/install/orion_mtc/bin'
[9.697s] INFO:colcon.colcon_core.shell:Creating package script '/home/joey/My_orion/install/orion_mtc/share/orion_mtc/package.ps1'
[9.697s] INFO:colcon.colcon_core.shell:Creating package descriptor '/home/joey/My_orion/install/orion_mtc/share/orion_mtc/package.dsv'
[9.698s] INFO:colcon.colcon_core.shell:Creating package script '/home/joey/My_orion/install/orion_mtc/share/orion_mtc/package.sh'
[9.698s] INFO:colcon.colcon_core.shell:Creating package script '/home/joey/My_orion/install/orion_mtc/share/orion_mtc/package.bash'
[9.698s] INFO:colcon.colcon_core.shell:Creating package script '/home/joey/My_orion/install/orion_mtc/share/orion_mtc/package.zsh'
[9.699s] Level 1:colcon.colcon_core.environment:create_file_with_runtime_dependencies(/home/joey/My_orion/install/orion_mtc/share/colcon-core/packages/orion_mtc)
[9.699s] Level 1:colcon.colcon_core.environment:create_environment_scripts_only(orion_mtc)
[9.699s] Level 1:colcon.colcon_core.environment:checking '/home/joey/My_orion/install/orion_mtc' for CMake module files
[9.699s] Level 1:colcon.colcon_core.environment:checking '/home/joey/My_orion/install/orion_mtc' for CMake config files
[9.699s] Level 1:colcon.colcon_core.shell:create_environment_hook('orion_mtc', 'cmake_prefix_path')
[9.699s] INFO:colcon.colcon_core.shell:Creating environment hook '/home/joey/My_orion/install/orion_mtc/share/orion_mtc/hook/cmake_prefix_path.ps1'
[9.700s] INFO:colcon.colcon_core.shell:Creating environment descriptor '/home/joey/My_orion/install/orion_mtc/share/orion_mtc/hook/cmake_prefix_path.dsv'
[9.700s] INFO:colcon.colcon_core.shell:Creating environment hook '/home/joey/My_orion/install/orion_mtc/share/orion_mtc/hook/cmake_prefix_path.sh'
[9.700s] Level 1:colcon.colcon_core.environment:checking '/home/joey/My_orion/install/orion_mtc/lib'
[9.701s] Level 1:colcon.colcon_core.environment:checking '/home/joey/My_orion/install/orion_mtc/bin'
[9.701s] Level 1:colcon.colcon_core.environment:checking '/home/joey/My_orion/install/orion_mtc/lib/pkgconfig/orion_mtc.pc'
[9.701s] Level 1:colcon.colcon_core.environment:checking '/home/joey/My_orion/install/orion_mtc/lib/python3.10/site-packages'
[9.701s] Level 1:colcon.colcon_core.environment:checking '/home/joey/My_orion/install/orion_mtc/bin'
[9.701s] INFO:colcon.colcon_core.shell:Creating package script '/home/joey/My_orion/install/orion_mtc/share/orion_mtc/package.ps1'
[9.701s] INFO:colcon.colcon_core.shell:Creating package descriptor '/home/joey/My_orion/install/orion_mtc/share/orion_mtc/package.dsv'
[9.702s] INFO:colcon.colcon_core.shell:Creating package script '/home/joey/My_orion/install/orion_mtc/share/orion_mtc/package.sh'
[9.702s] INFO:colcon.colcon_core.shell:Creating package script '/home/joey/My_orion/install/orion_mtc/share/orion_mtc/package.bash'
[9.702s] INFO:colcon.colcon_core.shell:Creating package script '/home/joey/My_orion/install/orion_mtc/share/orion_mtc/package.zsh'
[9.702s] Level 1:colcon.colcon_core.environment:create_file_with_runtime_dependencies(/home/joey/My_orion/install/orion_mtc/share/colcon-core/packages/orion_mtc)
[9.703s] DEBUG:colcon.colcon_parallel_executor.executor.parallel:closing loop
[9.703s] DEBUG:colcon.colcon_parallel_executor.executor.parallel:loop closed
[9.703s] DEBUG:colcon.colcon_parallel_executor.executor.parallel:run_until_complete finished with '0'
[9.703s] DEBUG:colcon.colcon_core.event_reactor:joining thread
[9.706s] INFO:colcon.colcon_core.plugin_system:Skipping extension 'colcon_notification.desktop_notification.terminal_notifier': Not used on non-Darwin systems
[9.706s] INFO:colcon.colcon_core.plugin_system:Skipping extension 'colcon_notification.desktop_notification.win32': Not used on non-Windows systems
[9.706s] INFO:colcon.colcon_notification.desktop_notification:Sending desktop notification using 'notify2'
[9.712s] DEBUG:colcon.colcon_core.event_reactor:joined thread
[9.712s] INFO:colcon.colcon_core.shell:Creating prefix script '/home/joey/My_orion/install/local_setup.ps1'
[9.713s] INFO:colcon.colcon_core.shell:Creating prefix util module '/home/joey/My_orion/install/_local_setup_util_ps1.py'
[9.713s] INFO:colcon.colcon_core.shell:Creating prefix chain script '/home/joey/My_orion/install/setup.ps1'
[9.714s] INFO:colcon.colcon_core.shell:Creating prefix script '/home/joey/My_orion/install/local_setup.sh'
[9.714s] INFO:colcon.colcon_core.shell:Creating prefix util module '/home/joey/My_orion/install/_local_setup_util_sh.py'
[9.715s] INFO:colcon.colcon_core.shell:Creating prefix chain script '/home/joey/My_orion/install/setup.sh'
[9.715s] INFO:colcon.colcon_core.shell:Creating prefix script '/home/joey/My_orion/install/local_setup.bash'
[9.716s] INFO:colcon.colcon_core.shell:Creating prefix chain script '/home/joey/My_orion/install/setup.bash'
[9.716s] INFO:colcon.colcon_core.shell:Creating prefix script '/home/joey/My_orion/install/local_setup.zsh'
[9.717s] INFO:colcon.colcon_core.shell:Creating prefix chain script '/home/joey/My_orion/install/setup.zsh'
