[0.008s] Invoking command in '/home/joey/My_orion/build/orion_moveit_config': AMENT_PREFIX_PATH=/home/joey/My_orion/install/orion_description:${AMENT_PREFIX_PATH} CMAKE_PREFIX_PATH=/home/joey/My_orion/install/orion_description:/opt/ros/humble /usr/bin/cmake --build /home/joey/My_orion/build/orion_moveit_config -- -j4 -l4
[0.019s] -- Found ament_cmake: 1.3.13 (/opt/ros/humble/share/ament_cmake/cmake)
[0.125s] -- Configuring done
[0.127s] -- Generating done
[0.129s] -- Build files have been written to: /home/joey/My_orion/build/orion_moveit_config
[0.142s] Invoked command in '/home/joey/My_orion/build/orion_moveit_config' returned '0': AMENT_PREFIX_PATH=/home/joey/My_orion/install/orion_description:${AMENT_PREFIX_PATH} CMAKE_PREFIX_PATH=/home/joey/My_orion/install/orion_description:/opt/ros/humble /usr/bin/cmake --build /home/joey/My_orion/build/orion_moveit_config -- -j4 -l4
[0.148s] Invoking command in '/home/joey/My_orion/build/orion_moveit_config': AMENT_PREFIX_PATH=/home/joey/My_orion/install/orion_description:${AMENT_PREFIX_PATH} CMAKE_PREFIX_PATH=/home/joey/My_orion/install/orion_description:/opt/ros/humble /usr/bin/cmake --install /home/joey/My_orion/build/orion_moveit_config
[0.152s] -- Install configuration: ""
[0.152s] -- Up-to-date: /home/joey/My_orion/install/orion_moveit_config/share/orion_moveit_config/config
[0.152s] -- Up-to-date: /home/joey/My_orion/install/orion_moveit_config/share/orion_moveit_config/config/joint_limits.yaml
[0.152s] -- Up-to-date: /home/joey/My_orion/install/orion_moveit_config/share/orion_moveit_config/config/kinematics.yaml
[0.152s] -- Up-to-date: /home/joey/My_orion/install/orion_moveit_config/share/orion_moveit_config/config/orion.srdf
[0.152s] -- Up-to-date: /home/joey/My_orion/install/orion_moveit_config/share/orion_moveit_config/config/ompl_planning.yaml
[0.152s] -- Up-to-date: /home/joey/My_orion/install/orion_moveit_config/share/orion_moveit_config/launch
[0.152s] -- Up-to-date: /home/joey/My_orion/install/orion_moveit_config/share/orion_moveit_config/launch/demo.launch.py
[0.152s] -- Installing: /home/joey/My_orion/install/orion_moveit_config/share/ament_index/resource_index/package_run_dependencies/orion_moveit_config
[0.152s] -- Up-to-date: /home/joey/My_orion/install/orion_moveit_config/share/ament_index/resource_index/parent_prefix_path/orion_moveit_config
[0.152s] -- Up-to-date: /home/joey/My_orion/install/orion_moveit_config/share/orion_moveit_config/environment/ament_prefix_path.sh
[0.152s] -- Installing: /home/joey/My_orion/install/orion_moveit_config/share/orion_moveit_config/environment/ament_prefix_path.dsv
[0.152s] -- Up-to-date: /home/joey/My_orion/install/orion_moveit_config/share/orion_moveit_config/environment/path.sh
[0.152s] -- Installing: /home/joey/My_orion/install/orion_moveit_config/share/orion_moveit_config/environment/path.dsv
[0.152s] -- Up-to-date: /home/joey/My_orion/install/orion_moveit_config/share/orion_moveit_config/local_setup.bash
[0.152s] -- Up-to-date: /home/joey/My_orion/install/orion_moveit_config/share/orion_moveit_config/local_setup.sh
[0.152s] -- Up-to-date: /home/joey/My_orion/install/orion_moveit_config/share/orion_moveit_config/local_setup.zsh
[0.152s] -- Installing: /home/joey/My_orion/install/orion_moveit_config/share/orion_moveit_config/local_setup.dsv
[0.152s] -- Installing: /home/joey/My_orion/install/orion_moveit_config/share/orion_moveit_config/package.dsv
[0.152s] -- Up-to-date: /home/joey/My_orion/install/orion_moveit_config/share/ament_index/resource_index/packages/orion_moveit_config
[0.152s] -- Up-to-date: /home/joey/My_orion/install/orion_moveit_config/share/orion_moveit_config/cmake/orion_moveit_configConfig.cmake
[0.153s] -- Up-to-date: /home/joey/My_orion/install/orion_moveit_config/share/orion_moveit_config/cmake/orion_moveit_configConfig-version.cmake
[0.153s] -- Installing: /home/joey/My_orion/install/orion_moveit_config/share/orion_moveit_config/package.xml
[0.155s] Invoked command in '/home/joey/My_orion/build/orion_moveit_config' returned '0': AMENT_PREFIX_PATH=/home/joey/My_orion/install/orion_description:${AMENT_PREFIX_PATH} CMAKE_PREFIX_PATH=/home/joey/My_orion/install/orion_description:/opt/ros/humble /usr/bin/cmake --install /home/joey/My_orion/build/orion_moveit_config
